[2024-03-15T08:04:49.497+0000] {processor.py:161} INFO - Started process (PID=78) to work on /home/airflow/.local/lib/python3.8/site-packages/airflow/example_dags/example_setup_teardown.py
[2024-03-15T08:04:49.501+0000] {processor.py:830} INFO - Processing file /home/airflow/.local/lib/python3.8/site-packages/airflow/example_dags/example_setup_teardown.py for tasks to queue
[2024-03-15T08:04:49.502+0000] {logging_mixin.py:188} INFO - [2024-03-15T08:04:49.502+0000] {dagbag.py:540} INFO - Filling up the DagBag from /home/airflow/.local/lib/python3.8/site-packages/airflow/example_dags/example_setup_teardown.py
[2024-03-15T08:04:49.508+0000] {processor.py:840} INFO - DAG(s) 'example_setup_teardown' retrieved from /home/airflow/.local/lib/python3.8/site-packages/airflow/example_dags/example_setup_teardown.py
[2024-03-15T08:04:49.515+0000] {logging_mixin.py:188} INFO - [2024-03-15T08:04:49.515+0000] {dag.py:3047} INFO - Sync 1 DAGs
[2024-03-15T08:04:49.528+0000] {logging_mixin.py:188} INFO - [2024-03-15T08:04:49.528+0000] {dag.py:3834} INFO - Setting next_dagrun for example_setup_teardown to 2024-03-14 00:00:00+00:00, run_after=2024-03-15 00:00:00+00:00
[2024-03-15T08:04:49.538+0000] {processor.py:183} INFO - Processing /home/airflow/.local/lib/python3.8/site-packages/airflow/example_dags/example_setup_teardown.py took 0.043 seconds
[2024-03-15T08:05:20.962+0000] {processor.py:161} INFO - Started process (PID=133) to work on /home/airflow/.local/lib/python3.8/site-packages/airflow/example_dags/example_setup_teardown.py
[2024-03-15T08:05:20.963+0000] {processor.py:830} INFO - Processing file /home/airflow/.local/lib/python3.8/site-packages/airflow/example_dags/example_setup_teardown.py for tasks to queue
[2024-03-15T08:05:20.964+0000] {logging_mixin.py:188} INFO - [2024-03-15T08:05:20.964+0000] {dagbag.py:540} INFO - Filling up the DagBag from /home/airflow/.local/lib/python3.8/site-packages/airflow/example_dags/example_setup_teardown.py
[2024-03-15T08:05:20.967+0000] {processor.py:840} INFO - DAG(s) 'example_setup_teardown' retrieved from /home/airflow/.local/lib/python3.8/site-packages/airflow/example_dags/example_setup_teardown.py
[2024-03-15T08:05:21.004+0000] {logging_mixin.py:188} INFO - [2024-03-15T08:05:21.004+0000] {dag.py:3047} INFO - Sync 1 DAGs
[2024-03-15T08:05:21.010+0000] {logging_mixin.py:188} INFO - [2024-03-15T08:05:21.010+0000] {dag.py:3834} INFO - Setting next_dagrun for example_setup_teardown to 2024-03-14 00:00:00+00:00, run_after=2024-03-15 00:00:00+00:00
[2024-03-15T08:05:21.018+0000] {processor.py:183} INFO - Processing /home/airflow/.local/lib/python3.8/site-packages/airflow/example_dags/example_setup_teardown.py took 0.057 seconds
[2024-03-15T08:05:51.509+0000] {processor.py:161} INFO - Started process (PID=188) to work on /home/airflow/.local/lib/python3.8/site-packages/airflow/example_dags/example_setup_teardown.py
[2024-03-15T08:05:51.509+0000] {processor.py:830} INFO - Processing file /home/airflow/.local/lib/python3.8/site-packages/airflow/example_dags/example_setup_teardown.py for tasks to queue
[2024-03-15T08:05:51.510+0000] {logging_mixin.py:188} INFO - [2024-03-15T08:05:51.510+0000] {dagbag.py:540} INFO - Filling up the DagBag from /home/airflow/.local/lib/python3.8/site-packages/airflow/example_dags/example_setup_teardown.py
[2024-03-15T08:05:51.513+0000] {processor.py:840} INFO - DAG(s) 'example_setup_teardown' retrieved from /home/airflow/.local/lib/python3.8/site-packages/airflow/example_dags/example_setup_teardown.py
[2024-03-15T08:05:51.522+0000] {logging_mixin.py:188} INFO - [2024-03-15T08:05:51.522+0000] {dag.py:3047} INFO - Sync 1 DAGs
[2024-03-15T08:05:51.530+0000] {logging_mixin.py:188} INFO - [2024-03-15T08:05:51.530+0000] {dag.py:3834} INFO - Setting next_dagrun for example_setup_teardown to 2024-03-14 00:00:00+00:00, run_after=2024-03-15 00:00:00+00:00
[2024-03-15T08:05:51.537+0000] {processor.py:183} INFO - Processing /home/airflow/.local/lib/python3.8/site-packages/airflow/example_dags/example_setup_teardown.py took 0.029 seconds
[2024-03-15T08:06:21.789+0000] {processor.py:161} INFO - Started process (PID=243) to work on /home/airflow/.local/lib/python3.8/site-packages/airflow/example_dags/example_setup_teardown.py
[2024-03-15T08:06:21.790+0000] {processor.py:830} INFO - Processing file /home/airflow/.local/lib/python3.8/site-packages/airflow/example_dags/example_setup_teardown.py for tasks to queue
[2024-03-15T08:06:21.791+0000] {logging_mixin.py:188} INFO - [2024-03-15T08:06:21.791+0000] {dagbag.py:540} INFO - Filling up the DagBag from /home/airflow/.local/lib/python3.8/site-packages/airflow/example_dags/example_setup_teardown.py
[2024-03-15T08:06:21.794+0000] {processor.py:840} INFO - DAG(s) 'example_setup_teardown' retrieved from /home/airflow/.local/lib/python3.8/site-packages/airflow/example_dags/example_setup_teardown.py
[2024-03-15T08:06:21.802+0000] {logging_mixin.py:188} INFO - [2024-03-15T08:06:21.802+0000] {dag.py:3047} INFO - Sync 1 DAGs
[2024-03-15T08:06:21.811+0000] {logging_mixin.py:188} INFO - [2024-03-15T08:06:21.811+0000] {dag.py:3834} INFO - Setting next_dagrun for example_setup_teardown to 2024-03-14 00:00:00+00:00, run_after=2024-03-15 00:00:00+00:00
[2024-03-15T08:06:21.818+0000] {processor.py:183} INFO - Processing /home/airflow/.local/lib/python3.8/site-packages/airflow/example_dags/example_setup_teardown.py took 0.030 seconds
[2024-03-15T08:06:52.095+0000] {processor.py:161} INFO - Started process (PID=298) to work on /home/airflow/.local/lib/python3.8/site-packages/airflow/example_dags/example_setup_teardown.py
[2024-03-15T08:06:52.095+0000] {processor.py:830} INFO - Processing file /home/airflow/.local/lib/python3.8/site-packages/airflow/example_dags/example_setup_teardown.py for tasks to queue
[2024-03-15T08:06:52.096+0000] {logging_mixin.py:188} INFO - [2024-03-15T08:06:52.096+0000] {dagbag.py:540} INFO - Filling up the DagBag from /home/airflow/.local/lib/python3.8/site-packages/airflow/example_dags/example_setup_teardown.py
[2024-03-15T08:06:52.099+0000] {processor.py:840} INFO - DAG(s) 'example_setup_teardown' retrieved from /home/airflow/.local/lib/python3.8/site-packages/airflow/example_dags/example_setup_teardown.py
[2024-03-15T08:06:52.108+0000] {logging_mixin.py:188} INFO - [2024-03-15T08:06:52.108+0000] {dag.py:3047} INFO - Sync 1 DAGs
[2024-03-15T08:06:52.116+0000] {logging_mixin.py:188} INFO - [2024-03-15T08:06:52.116+0000] {dag.py:3834} INFO - Setting next_dagrun for example_setup_teardown to 2024-03-14 00:00:00+00:00, run_after=2024-03-15 00:00:00+00:00
[2024-03-15T08:06:52.123+0000] {processor.py:183} INFO - Processing /home/airflow/.local/lib/python3.8/site-packages/airflow/example_dags/example_setup_teardown.py took 0.030 seconds
[2024-03-15T08:07:22.402+0000] {processor.py:161} INFO - Started process (PID=353) to work on /home/airflow/.local/lib/python3.8/site-packages/airflow/example_dags/example_setup_teardown.py
[2024-03-15T08:07:22.403+0000] {processor.py:830} INFO - Processing file /home/airflow/.local/lib/python3.8/site-packages/airflow/example_dags/example_setup_teardown.py for tasks to queue
[2024-03-15T08:07:22.403+0000] {logging_mixin.py:188} INFO - [2024-03-15T08:07:22.403+0000] {dagbag.py:540} INFO - Filling up the DagBag from /home/airflow/.local/lib/python3.8/site-packages/airflow/example_dags/example_setup_teardown.py
[2024-03-15T08:07:22.406+0000] {processor.py:840} INFO - DAG(s) 'example_setup_teardown' retrieved from /home/airflow/.local/lib/python3.8/site-packages/airflow/example_dags/example_setup_teardown.py
[2024-03-15T08:07:22.414+0000] {logging_mixin.py:188} INFO - [2024-03-15T08:07:22.414+0000] {dag.py:3047} INFO - Sync 1 DAGs
[2024-03-15T08:07:22.421+0000] {logging_mixin.py:188} INFO - [2024-03-15T08:07:22.421+0000] {dag.py:3834} INFO - Setting next_dagrun for example_setup_teardown to 2024-03-14 00:00:00+00:00, run_after=2024-03-15 00:00:00+00:00
[2024-03-15T08:07:22.427+0000] {processor.py:183} INFO - Processing /home/airflow/.local/lib/python3.8/site-packages/airflow/example_dags/example_setup_teardown.py took 0.026 seconds
[2024-03-15T08:07:52.704+0000] {processor.py:161} INFO - Started process (PID=408) to work on /home/airflow/.local/lib/python3.8/site-packages/airflow/example_dags/example_setup_teardown.py
[2024-03-15T08:07:52.706+0000] {processor.py:830} INFO - Processing file /home/airflow/.local/lib/python3.8/site-packages/airflow/example_dags/example_setup_teardown.py for tasks to queue
[2024-03-15T08:07:52.709+0000] {logging_mixin.py:188} INFO - [2024-03-15T08:07:52.708+0000] {dagbag.py:540} INFO - Filling up the DagBag from /home/airflow/.local/lib/python3.8/site-packages/airflow/example_dags/example_setup_teardown.py
[2024-03-15T08:07:52.713+0000] {processor.py:840} INFO - DAG(s) 'example_setup_teardown' retrieved from /home/airflow/.local/lib/python3.8/site-packages/airflow/example_dags/example_setup_teardown.py
[2024-03-15T08:07:52.730+0000] {logging_mixin.py:188} INFO - [2024-03-15T08:07:52.729+0000] {dag.py:3047} INFO - Sync 1 DAGs
[2024-03-15T08:07:52.744+0000] {logging_mixin.py:188} INFO - [2024-03-15T08:07:52.744+0000] {dag.py:3834} INFO - Setting next_dagrun for example_setup_teardown to 2024-03-14 00:00:00+00:00, run_after=2024-03-15 00:00:00+00:00
[2024-03-15T08:07:52.753+0000] {processor.py:183} INFO - Processing /home/airflow/.local/lib/python3.8/site-packages/airflow/example_dags/example_setup_teardown.py took 0.050 seconds
[2024-03-15T08:08:23.108+0000] {processor.py:161} INFO - Started process (PID=462) to work on /home/airflow/.local/lib/python3.8/site-packages/airflow/example_dags/example_setup_teardown.py
[2024-03-15T08:08:23.108+0000] {processor.py:830} INFO - Processing file /home/airflow/.local/lib/python3.8/site-packages/airflow/example_dags/example_setup_teardown.py for tasks to queue
[2024-03-15T08:08:23.109+0000] {logging_mixin.py:188} INFO - [2024-03-15T08:08:23.109+0000] {dagbag.py:540} INFO - Filling up the DagBag from /home/airflow/.local/lib/python3.8/site-packages/airflow/example_dags/example_setup_teardown.py
[2024-03-15T08:08:23.112+0000] {processor.py:840} INFO - DAG(s) 'example_setup_teardown' retrieved from /home/airflow/.local/lib/python3.8/site-packages/airflow/example_dags/example_setup_teardown.py
[2024-03-15T08:08:23.121+0000] {logging_mixin.py:188} INFO - [2024-03-15T08:08:23.121+0000] {dag.py:3047} INFO - Sync 1 DAGs
[2024-03-15T08:08:23.129+0000] {logging_mixin.py:188} INFO - [2024-03-15T08:08:23.129+0000] {dag.py:3834} INFO - Setting next_dagrun for example_setup_teardown to 2024-03-14 00:00:00+00:00, run_after=2024-03-15 00:00:00+00:00
[2024-03-15T08:08:23.136+0000] {processor.py:183} INFO - Processing /home/airflow/.local/lib/python3.8/site-packages/airflow/example_dags/example_setup_teardown.py took 0.030 seconds
[2024-03-15T08:08:53.423+0000] {processor.py:161} INFO - Started process (PID=517) to work on /home/airflow/.local/lib/python3.8/site-packages/airflow/example_dags/example_setup_teardown.py
[2024-03-15T08:08:53.423+0000] {processor.py:830} INFO - Processing file /home/airflow/.local/lib/python3.8/site-packages/airflow/example_dags/example_setup_teardown.py for tasks to queue
[2024-03-15T08:08:53.424+0000] {logging_mixin.py:188} INFO - [2024-03-15T08:08:53.424+0000] {dagbag.py:540} INFO - Filling up the DagBag from /home/airflow/.local/lib/python3.8/site-packages/airflow/example_dags/example_setup_teardown.py
[2024-03-15T08:08:53.427+0000] {processor.py:840} INFO - DAG(s) 'example_setup_teardown' retrieved from /home/airflow/.local/lib/python3.8/site-packages/airflow/example_dags/example_setup_teardown.py
[2024-03-15T08:08:53.435+0000] {logging_mixin.py:188} INFO - [2024-03-15T08:08:53.435+0000] {dag.py:3047} INFO - Sync 1 DAGs
[2024-03-15T08:08:53.444+0000] {logging_mixin.py:188} INFO - [2024-03-15T08:08:53.444+0000] {dag.py:3834} INFO - Setting next_dagrun for example_setup_teardown to 2024-03-14 00:00:00+00:00, run_after=2024-03-15 00:00:00+00:00
[2024-03-15T08:08:53.451+0000] {processor.py:183} INFO - Processing /home/airflow/.local/lib/python3.8/site-packages/airflow/example_dags/example_setup_teardown.py took 0.030 seconds
[2024-03-15T08:09:23.757+0000] {processor.py:161} INFO - Started process (PID=572) to work on /home/airflow/.local/lib/python3.8/site-packages/airflow/example_dags/example_setup_teardown.py
[2024-03-15T08:09:23.758+0000] {processor.py:830} INFO - Processing file /home/airflow/.local/lib/python3.8/site-packages/airflow/example_dags/example_setup_teardown.py for tasks to queue
[2024-03-15T08:09:23.759+0000] {logging_mixin.py:188} INFO - [2024-03-15T08:09:23.759+0000] {dagbag.py:540} INFO - Filling up the DagBag from /home/airflow/.local/lib/python3.8/site-packages/airflow/example_dags/example_setup_teardown.py
[2024-03-15T08:09:23.762+0000] {processor.py:840} INFO - DAG(s) 'example_setup_teardown' retrieved from /home/airflow/.local/lib/python3.8/site-packages/airflow/example_dags/example_setup_teardown.py
[2024-03-15T08:09:23.770+0000] {logging_mixin.py:188} INFO - [2024-03-15T08:09:23.770+0000] {dag.py:3047} INFO - Sync 1 DAGs
[2024-03-15T08:09:23.779+0000] {logging_mixin.py:188} INFO - [2024-03-15T08:09:23.779+0000] {dag.py:3834} INFO - Setting next_dagrun for example_setup_teardown to 2024-03-14 00:00:00+00:00, run_after=2024-03-15 00:00:00+00:00
[2024-03-15T08:09:23.786+0000] {processor.py:183} INFO - Processing /home/airflow/.local/lib/python3.8/site-packages/airflow/example_dags/example_setup_teardown.py took 0.030 seconds
[2024-03-15T08:09:54.289+0000] {processor.py:161} INFO - Started process (PID=627) to work on /home/airflow/.local/lib/python3.8/site-packages/airflow/example_dags/example_setup_teardown.py
[2024-03-15T08:09:54.290+0000] {processor.py:830} INFO - Processing file /home/airflow/.local/lib/python3.8/site-packages/airflow/example_dags/example_setup_teardown.py for tasks to queue
[2024-03-15T08:09:54.290+0000] {logging_mixin.py:188} INFO - [2024-03-15T08:09:54.290+0000] {dagbag.py:540} INFO - Filling up the DagBag from /home/airflow/.local/lib/python3.8/site-packages/airflow/example_dags/example_setup_teardown.py
[2024-03-15T08:09:54.294+0000] {processor.py:840} INFO - DAG(s) 'example_setup_teardown' retrieved from /home/airflow/.local/lib/python3.8/site-packages/airflow/example_dags/example_setup_teardown.py
[2024-03-15T08:09:54.303+0000] {logging_mixin.py:188} INFO - [2024-03-15T08:09:54.303+0000] {dag.py:3047} INFO - Sync 1 DAGs
[2024-03-15T08:09:54.313+0000] {logging_mixin.py:188} INFO - [2024-03-15T08:09:54.313+0000] {dag.py:3834} INFO - Setting next_dagrun for example_setup_teardown to 2024-03-14 00:00:00+00:00, run_after=2024-03-15 00:00:00+00:00
[2024-03-15T08:09:54.321+0000] {processor.py:183} INFO - Processing /home/airflow/.local/lib/python3.8/site-packages/airflow/example_dags/example_setup_teardown.py took 0.033 seconds
[2024-03-15T08:10:24.716+0000] {processor.py:161} INFO - Started process (PID=682) to work on /home/airflow/.local/lib/python3.8/site-packages/airflow/example_dags/example_setup_teardown.py
[2024-03-15T08:10:24.717+0000] {processor.py:830} INFO - Processing file /home/airflow/.local/lib/python3.8/site-packages/airflow/example_dags/example_setup_teardown.py for tasks to queue
[2024-03-15T08:10:24.718+0000] {logging_mixin.py:188} INFO - [2024-03-15T08:10:24.717+0000] {dagbag.py:540} INFO - Filling up the DagBag from /home/airflow/.local/lib/python3.8/site-packages/airflow/example_dags/example_setup_teardown.py
[2024-03-15T08:10:24.721+0000] {processor.py:840} INFO - DAG(s) 'example_setup_teardown' retrieved from /home/airflow/.local/lib/python3.8/site-packages/airflow/example_dags/example_setup_teardown.py
[2024-03-15T08:10:24.733+0000] {logging_mixin.py:188} INFO - [2024-03-15T08:10:24.733+0000] {dag.py:3047} INFO - Sync 1 DAGs
[2024-03-15T08:10:24.744+0000] {logging_mixin.py:188} INFO - [2024-03-15T08:10:24.744+0000] {dag.py:3834} INFO - Setting next_dagrun for example_setup_teardown to 2024-03-14 00:00:00+00:00, run_after=2024-03-15 00:00:00+00:00
[2024-03-15T08:10:24.753+0000] {processor.py:183} INFO - Processing /home/airflow/.local/lib/python3.8/site-packages/airflow/example_dags/example_setup_teardown.py took 0.038 seconds
[2024-03-15T08:10:54.971+0000] {processor.py:161} INFO - Started process (PID=737) to work on /home/airflow/.local/lib/python3.8/site-packages/airflow/example_dags/example_setup_teardown.py
[2024-03-15T08:10:54.971+0000] {processor.py:830} INFO - Processing file /home/airflow/.local/lib/python3.8/site-packages/airflow/example_dags/example_setup_teardown.py for tasks to queue
[2024-03-15T08:10:54.972+0000] {logging_mixin.py:188} INFO - [2024-03-15T08:10:54.972+0000] {dagbag.py:540} INFO - Filling up the DagBag from /home/airflow/.local/lib/python3.8/site-packages/airflow/example_dags/example_setup_teardown.py
[2024-03-15T08:10:54.975+0000] {processor.py:840} INFO - DAG(s) 'example_setup_teardown' retrieved from /home/airflow/.local/lib/python3.8/site-packages/airflow/example_dags/example_setup_teardown.py
[2024-03-15T08:10:54.983+0000] {logging_mixin.py:188} INFO - [2024-03-15T08:10:54.983+0000] {dag.py:3047} INFO - Sync 1 DAGs
[2024-03-15T08:10:54.991+0000] {logging_mixin.py:188} INFO - [2024-03-15T08:10:54.991+0000] {dag.py:3834} INFO - Setting next_dagrun for example_setup_teardown to 2024-03-14 00:00:00+00:00, run_after=2024-03-15 00:00:00+00:00
[2024-03-15T08:10:54.998+0000] {processor.py:183} INFO - Processing /home/airflow/.local/lib/python3.8/site-packages/airflow/example_dags/example_setup_teardown.py took 0.029 seconds
[2024-03-15T08:11:25.489+0000] {processor.py:161} INFO - Started process (PID=792) to work on /home/airflow/.local/lib/python3.8/site-packages/airflow/example_dags/example_setup_teardown.py
[2024-03-15T08:11:25.489+0000] {processor.py:830} INFO - Processing file /home/airflow/.local/lib/python3.8/site-packages/airflow/example_dags/example_setup_teardown.py for tasks to queue
[2024-03-15T08:11:25.490+0000] {logging_mixin.py:188} INFO - [2024-03-15T08:11:25.490+0000] {dagbag.py:540} INFO - Filling up the DagBag from /home/airflow/.local/lib/python3.8/site-packages/airflow/example_dags/example_setup_teardown.py
[2024-03-15T08:11:25.493+0000] {processor.py:840} INFO - DAG(s) 'example_setup_teardown' retrieved from /home/airflow/.local/lib/python3.8/site-packages/airflow/example_dags/example_setup_teardown.py
[2024-03-15T08:11:25.501+0000] {logging_mixin.py:188} INFO - [2024-03-15T08:11:25.501+0000] {dag.py:3047} INFO - Sync 1 DAGs
[2024-03-15T08:11:25.509+0000] {logging_mixin.py:188} INFO - [2024-03-15T08:11:25.509+0000] {dag.py:3834} INFO - Setting next_dagrun for example_setup_teardown to 2024-03-14 00:00:00+00:00, run_after=2024-03-15 00:00:00+00:00
[2024-03-15T08:11:25.516+0000] {processor.py:183} INFO - Processing /home/airflow/.local/lib/python3.8/site-packages/airflow/example_dags/example_setup_teardown.py took 0.029 seconds
[2024-03-15T08:11:55.992+0000] {processor.py:161} INFO - Started process (PID=847) to work on /home/airflow/.local/lib/python3.8/site-packages/airflow/example_dags/example_setup_teardown.py
[2024-03-15T08:11:55.993+0000] {processor.py:830} INFO - Processing file /home/airflow/.local/lib/python3.8/site-packages/airflow/example_dags/example_setup_teardown.py for tasks to queue
[2024-03-15T08:11:55.994+0000] {logging_mixin.py:188} INFO - [2024-03-15T08:11:55.993+0000] {dagbag.py:540} INFO - Filling up the DagBag from /home/airflow/.local/lib/python3.8/site-packages/airflow/example_dags/example_setup_teardown.py
[2024-03-15T08:11:55.997+0000] {processor.py:840} INFO - DAG(s) 'example_setup_teardown' retrieved from /home/airflow/.local/lib/python3.8/site-packages/airflow/example_dags/example_setup_teardown.py
[2024-03-15T08:11:56.006+0000] {logging_mixin.py:188} INFO - [2024-03-15T08:11:56.006+0000] {dag.py:3047} INFO - Sync 1 DAGs
[2024-03-15T08:11:56.017+0000] {logging_mixin.py:188} INFO - [2024-03-15T08:11:56.016+0000] {dag.py:3834} INFO - Setting next_dagrun for example_setup_teardown to 2024-03-14 00:00:00+00:00, run_after=2024-03-15 00:00:00+00:00
[2024-03-15T08:11:56.023+0000] {processor.py:183} INFO - Processing /home/airflow/.local/lib/python3.8/site-packages/airflow/example_dags/example_setup_teardown.py took 0.033 seconds
[2024-03-15T08:12:26.551+0000] {processor.py:161} INFO - Started process (PID=902) to work on /home/airflow/.local/lib/python3.8/site-packages/airflow/example_dags/example_setup_teardown.py
[2024-03-15T08:12:26.551+0000] {processor.py:830} INFO - Processing file /home/airflow/.local/lib/python3.8/site-packages/airflow/example_dags/example_setup_teardown.py for tasks to queue
[2024-03-15T08:12:26.552+0000] {logging_mixin.py:188} INFO - [2024-03-15T08:12:26.552+0000] {dagbag.py:540} INFO - Filling up the DagBag from /home/airflow/.local/lib/python3.8/site-packages/airflow/example_dags/example_setup_teardown.py
[2024-03-15T08:12:26.556+0000] {processor.py:840} INFO - DAG(s) 'example_setup_teardown' retrieved from /home/airflow/.local/lib/python3.8/site-packages/airflow/example_dags/example_setup_teardown.py
[2024-03-15T08:12:26.567+0000] {logging_mixin.py:188} INFO - [2024-03-15T08:12:26.566+0000] {dag.py:3047} INFO - Sync 1 DAGs
[2024-03-15T08:12:26.576+0000] {logging_mixin.py:188} INFO - [2024-03-15T08:12:26.576+0000] {dag.py:3834} INFO - Setting next_dagrun for example_setup_teardown to 2024-03-14 00:00:00+00:00, run_after=2024-03-15 00:00:00+00:00
[2024-03-15T08:12:26.584+0000] {processor.py:183} INFO - Processing /home/airflow/.local/lib/python3.8/site-packages/airflow/example_dags/example_setup_teardown.py took 0.035 seconds
[2024-03-15T08:12:56.871+0000] {processor.py:161} INFO - Started process (PID=957) to work on /home/airflow/.local/lib/python3.8/site-packages/airflow/example_dags/example_setup_teardown.py
[2024-03-15T08:12:56.871+0000] {processor.py:830} INFO - Processing file /home/airflow/.local/lib/python3.8/site-packages/airflow/example_dags/example_setup_teardown.py for tasks to queue
[2024-03-15T08:12:56.872+0000] {logging_mixin.py:188} INFO - [2024-03-15T08:12:56.872+0000] {dagbag.py:540} INFO - Filling up the DagBag from /home/airflow/.local/lib/python3.8/site-packages/airflow/example_dags/example_setup_teardown.py
[2024-03-15T08:12:56.875+0000] {processor.py:840} INFO - DAG(s) 'example_setup_teardown' retrieved from /home/airflow/.local/lib/python3.8/site-packages/airflow/example_dags/example_setup_teardown.py
[2024-03-15T08:12:56.884+0000] {logging_mixin.py:188} INFO - [2024-03-15T08:12:56.884+0000] {dag.py:3047} INFO - Sync 1 DAGs
[2024-03-15T08:12:56.893+0000] {logging_mixin.py:188} INFO - [2024-03-15T08:12:56.893+0000] {dag.py:3834} INFO - Setting next_dagrun for example_setup_teardown to 2024-03-14 00:00:00+00:00, run_after=2024-03-15 00:00:00+00:00
[2024-03-15T08:12:56.901+0000] {processor.py:183} INFO - Processing /home/airflow/.local/lib/python3.8/site-packages/airflow/example_dags/example_setup_teardown.py took 0.031 seconds
[2024-03-15T08:13:27.139+0000] {processor.py:161} INFO - Started process (PID=1012) to work on /home/airflow/.local/lib/python3.8/site-packages/airflow/example_dags/example_setup_teardown.py
[2024-03-15T08:13:27.139+0000] {processor.py:830} INFO - Processing file /home/airflow/.local/lib/python3.8/site-packages/airflow/example_dags/example_setup_teardown.py for tasks to queue
[2024-03-15T08:13:27.140+0000] {logging_mixin.py:188} INFO - [2024-03-15T08:13:27.140+0000] {dagbag.py:540} INFO - Filling up the DagBag from /home/airflow/.local/lib/python3.8/site-packages/airflow/example_dags/example_setup_teardown.py
[2024-03-15T08:13:27.143+0000] {processor.py:840} INFO - DAG(s) 'example_setup_teardown' retrieved from /home/airflow/.local/lib/python3.8/site-packages/airflow/example_dags/example_setup_teardown.py
[2024-03-15T08:13:27.151+0000] {logging_mixin.py:188} INFO - [2024-03-15T08:13:27.151+0000] {dag.py:3047} INFO - Sync 1 DAGs
[2024-03-15T08:13:27.160+0000] {logging_mixin.py:188} INFO - [2024-03-15T08:13:27.160+0000] {dag.py:3834} INFO - Setting next_dagrun for example_setup_teardown to 2024-03-14 00:00:00+00:00, run_after=2024-03-15 00:00:00+00:00
[2024-03-15T08:13:27.166+0000] {processor.py:183} INFO - Processing /home/airflow/.local/lib/python3.8/site-packages/airflow/example_dags/example_setup_teardown.py took 0.029 seconds
[2024-03-15T08:13:57.464+0000] {processor.py:161} INFO - Started process (PID=1067) to work on /home/airflow/.local/lib/python3.8/site-packages/airflow/example_dags/example_setup_teardown.py
[2024-03-15T08:13:57.464+0000] {processor.py:830} INFO - Processing file /home/airflow/.local/lib/python3.8/site-packages/airflow/example_dags/example_setup_teardown.py for tasks to queue
[2024-03-15T08:13:57.465+0000] {logging_mixin.py:188} INFO - [2024-03-15T08:13:57.465+0000] {dagbag.py:540} INFO - Filling up the DagBag from /home/airflow/.local/lib/python3.8/site-packages/airflow/example_dags/example_setup_teardown.py
[2024-03-15T08:13:57.468+0000] {processor.py:840} INFO - DAG(s) 'example_setup_teardown' retrieved from /home/airflow/.local/lib/python3.8/site-packages/airflow/example_dags/example_setup_teardown.py
[2024-03-15T08:13:57.477+0000] {logging_mixin.py:188} INFO - [2024-03-15T08:13:57.477+0000] {dag.py:3047} INFO - Sync 1 DAGs
[2024-03-15T08:13:57.486+0000] {logging_mixin.py:188} INFO - [2024-03-15T08:13:57.485+0000] {dag.py:3834} INFO - Setting next_dagrun for example_setup_teardown to 2024-03-14 00:00:00+00:00, run_after=2024-03-15 00:00:00+00:00
[2024-03-15T08:13:57.492+0000] {processor.py:183} INFO - Processing /home/airflow/.local/lib/python3.8/site-packages/airflow/example_dags/example_setup_teardown.py took 0.030 seconds
[2024-03-15T08:14:27.833+0000] {processor.py:161} INFO - Started process (PID=1122) to work on /home/airflow/.local/lib/python3.8/site-packages/airflow/example_dags/example_setup_teardown.py
[2024-03-15T08:14:27.834+0000] {processor.py:830} INFO - Processing file /home/airflow/.local/lib/python3.8/site-packages/airflow/example_dags/example_setup_teardown.py for tasks to queue
[2024-03-15T08:14:27.834+0000] {logging_mixin.py:188} INFO - [2024-03-15T08:14:27.834+0000] {dagbag.py:540} INFO - Filling up the DagBag from /home/airflow/.local/lib/python3.8/site-packages/airflow/example_dags/example_setup_teardown.py
[2024-03-15T08:14:27.837+0000] {processor.py:840} INFO - DAG(s) 'example_setup_teardown' retrieved from /home/airflow/.local/lib/python3.8/site-packages/airflow/example_dags/example_setup_teardown.py
[2024-03-15T08:14:27.846+0000] {logging_mixin.py:188} INFO - [2024-03-15T08:14:27.846+0000] {dag.py:3047} INFO - Sync 1 DAGs
[2024-03-15T08:14:27.855+0000] {logging_mixin.py:188} INFO - [2024-03-15T08:14:27.855+0000] {dag.py:3834} INFO - Setting next_dagrun for example_setup_teardown to 2024-03-14 00:00:00+00:00, run_after=2024-03-15 00:00:00+00:00
[2024-03-15T08:14:27.861+0000] {processor.py:183} INFO - Processing /home/airflow/.local/lib/python3.8/site-packages/airflow/example_dags/example_setup_teardown.py took 0.030 seconds
[2024-03-15T08:14:58.189+0000] {processor.py:161} INFO - Started process (PID=1177) to work on /home/airflow/.local/lib/python3.8/site-packages/airflow/example_dags/example_setup_teardown.py
[2024-03-15T08:14:58.189+0000] {processor.py:830} INFO - Processing file /home/airflow/.local/lib/python3.8/site-packages/airflow/example_dags/example_setup_teardown.py for tasks to queue
[2024-03-15T08:14:58.190+0000] {logging_mixin.py:188} INFO - [2024-03-15T08:14:58.190+0000] {dagbag.py:540} INFO - Filling up the DagBag from /home/airflow/.local/lib/python3.8/site-packages/airflow/example_dags/example_setup_teardown.py
[2024-03-15T08:14:58.193+0000] {processor.py:840} INFO - DAG(s) 'example_setup_teardown' retrieved from /home/airflow/.local/lib/python3.8/site-packages/airflow/example_dags/example_setup_teardown.py
[2024-03-15T08:14:58.201+0000] {logging_mixin.py:188} INFO - [2024-03-15T08:14:58.201+0000] {dag.py:3047} INFO - Sync 1 DAGs
[2024-03-15T08:14:58.210+0000] {logging_mixin.py:188} INFO - [2024-03-15T08:14:58.210+0000] {dag.py:3834} INFO - Setting next_dagrun for example_setup_teardown to 2024-03-14 00:00:00+00:00, run_after=2024-03-15 00:00:00+00:00
[2024-03-15T08:14:58.217+0000] {processor.py:183} INFO - Processing /home/airflow/.local/lib/python3.8/site-packages/airflow/example_dags/example_setup_teardown.py took 0.030 seconds
[2024-03-15T08:15:28.536+0000] {processor.py:161} INFO - Started process (PID=1232) to work on /home/airflow/.local/lib/python3.8/site-packages/airflow/example_dags/example_setup_teardown.py
[2024-03-15T08:15:28.537+0000] {processor.py:830} INFO - Processing file /home/airflow/.local/lib/python3.8/site-packages/airflow/example_dags/example_setup_teardown.py for tasks to queue
[2024-03-15T08:15:28.538+0000] {logging_mixin.py:188} INFO - [2024-03-15T08:15:28.537+0000] {dagbag.py:540} INFO - Filling up the DagBag from /home/airflow/.local/lib/python3.8/site-packages/airflow/example_dags/example_setup_teardown.py
[2024-03-15T08:15:28.541+0000] {processor.py:840} INFO - DAG(s) 'example_setup_teardown' retrieved from /home/airflow/.local/lib/python3.8/site-packages/airflow/example_dags/example_setup_teardown.py
[2024-03-15T08:15:28.550+0000] {logging_mixin.py:188} INFO - [2024-03-15T08:15:28.549+0000] {dag.py:3047} INFO - Sync 1 DAGs
[2024-03-15T08:15:28.559+0000] {logging_mixin.py:188} INFO - [2024-03-15T08:15:28.559+0000] {dag.py:3834} INFO - Setting next_dagrun for example_setup_teardown to 2024-03-14 00:00:00+00:00, run_after=2024-03-15 00:00:00+00:00
[2024-03-15T08:15:28.566+0000] {processor.py:183} INFO - Processing /home/airflow/.local/lib/python3.8/site-packages/airflow/example_dags/example_setup_teardown.py took 0.031 seconds
[2024-03-15T08:15:58.943+0000] {processor.py:161} INFO - Started process (PID=1287) to work on /home/airflow/.local/lib/python3.8/site-packages/airflow/example_dags/example_setup_teardown.py
[2024-03-15T08:15:58.944+0000] {processor.py:830} INFO - Processing file /home/airflow/.local/lib/python3.8/site-packages/airflow/example_dags/example_setup_teardown.py for tasks to queue
[2024-03-15T08:15:58.945+0000] {logging_mixin.py:188} INFO - [2024-03-15T08:15:58.944+0000] {dagbag.py:540} INFO - Filling up the DagBag from /home/airflow/.local/lib/python3.8/site-packages/airflow/example_dags/example_setup_teardown.py
[2024-03-15T08:15:58.948+0000] {processor.py:840} INFO - DAG(s) 'example_setup_teardown' retrieved from /home/airflow/.local/lib/python3.8/site-packages/airflow/example_dags/example_setup_teardown.py
[2024-03-15T08:15:58.956+0000] {logging_mixin.py:188} INFO - [2024-03-15T08:15:58.956+0000] {dag.py:3047} INFO - Sync 1 DAGs
[2024-03-15T08:15:58.965+0000] {logging_mixin.py:188} INFO - [2024-03-15T08:15:58.965+0000] {dag.py:3834} INFO - Setting next_dagrun for example_setup_teardown to 2024-03-14 00:00:00+00:00, run_after=2024-03-15 00:00:00+00:00
[2024-03-15T08:15:58.972+0000] {processor.py:183} INFO - Processing /home/airflow/.local/lib/python3.8/site-packages/airflow/example_dags/example_setup_teardown.py took 0.030 seconds
[2024-03-15T08:16:29.275+0000] {processor.py:161} INFO - Started process (PID=1342) to work on /home/airflow/.local/lib/python3.8/site-packages/airflow/example_dags/example_setup_teardown.py
[2024-03-15T08:16:29.276+0000] {processor.py:830} INFO - Processing file /home/airflow/.local/lib/python3.8/site-packages/airflow/example_dags/example_setup_teardown.py for tasks to queue
[2024-03-15T08:16:29.276+0000] {logging_mixin.py:188} INFO - [2024-03-15T08:16:29.276+0000] {dagbag.py:540} INFO - Filling up the DagBag from /home/airflow/.local/lib/python3.8/site-packages/airflow/example_dags/example_setup_teardown.py
[2024-03-15T08:16:29.279+0000] {processor.py:840} INFO - DAG(s) 'example_setup_teardown' retrieved from /home/airflow/.local/lib/python3.8/site-packages/airflow/example_dags/example_setup_teardown.py
[2024-03-15T08:16:29.288+0000] {logging_mixin.py:188} INFO - [2024-03-15T08:16:29.288+0000] {dag.py:3047} INFO - Sync 1 DAGs
[2024-03-15T08:16:29.297+0000] {logging_mixin.py:188} INFO - [2024-03-15T08:16:29.297+0000] {dag.py:3834} INFO - Setting next_dagrun for example_setup_teardown to 2024-03-14 00:00:00+00:00, run_after=2024-03-15 00:00:00+00:00
[2024-03-15T08:16:29.304+0000] {processor.py:183} INFO - Processing /home/airflow/.local/lib/python3.8/site-packages/airflow/example_dags/example_setup_teardown.py took 0.031 seconds
[2024-03-15T08:16:59.623+0000] {processor.py:161} INFO - Started process (PID=1397) to work on /home/airflow/.local/lib/python3.8/site-packages/airflow/example_dags/example_setup_teardown.py
[2024-03-15T08:16:59.623+0000] {processor.py:830} INFO - Processing file /home/airflow/.local/lib/python3.8/site-packages/airflow/example_dags/example_setup_teardown.py for tasks to queue
[2024-03-15T08:16:59.624+0000] {logging_mixin.py:188} INFO - [2024-03-15T08:16:59.624+0000] {dagbag.py:540} INFO - Filling up the DagBag from /home/airflow/.local/lib/python3.8/site-packages/airflow/example_dags/example_setup_teardown.py
[2024-03-15T08:16:59.628+0000] {processor.py:840} INFO - DAG(s) 'example_setup_teardown' retrieved from /home/airflow/.local/lib/python3.8/site-packages/airflow/example_dags/example_setup_teardown.py
[2024-03-15T08:16:59.638+0000] {logging_mixin.py:188} INFO - [2024-03-15T08:16:59.638+0000] {dag.py:3047} INFO - Sync 1 DAGs
[2024-03-15T08:16:59.648+0000] {logging_mixin.py:188} INFO - [2024-03-15T08:16:59.648+0000] {dag.py:3834} INFO - Setting next_dagrun for example_setup_teardown to 2024-03-14 00:00:00+00:00, run_after=2024-03-15 00:00:00+00:00
[2024-03-15T08:16:59.656+0000] {processor.py:183} INFO - Processing /home/airflow/.local/lib/python3.8/site-packages/airflow/example_dags/example_setup_teardown.py took 0.035 seconds
[2024-03-15T08:17:29.975+0000] {processor.py:161} INFO - Started process (PID=1452) to work on /home/airflow/.local/lib/python3.8/site-packages/airflow/example_dags/example_setup_teardown.py
[2024-03-15T08:17:29.975+0000] {processor.py:830} INFO - Processing file /home/airflow/.local/lib/python3.8/site-packages/airflow/example_dags/example_setup_teardown.py for tasks to queue
[2024-03-15T08:17:29.976+0000] {logging_mixin.py:188} INFO - [2024-03-15T08:17:29.976+0000] {dagbag.py:540} INFO - Filling up the DagBag from /home/airflow/.local/lib/python3.8/site-packages/airflow/example_dags/example_setup_teardown.py
[2024-03-15T08:17:29.979+0000] {processor.py:840} INFO - DAG(s) 'example_setup_teardown' retrieved from /home/airflow/.local/lib/python3.8/site-packages/airflow/example_dags/example_setup_teardown.py
[2024-03-15T08:17:29.987+0000] {logging_mixin.py:188} INFO - [2024-03-15T08:17:29.987+0000] {dag.py:3047} INFO - Sync 1 DAGs
[2024-03-15T08:17:29.995+0000] {logging_mixin.py:188} INFO - [2024-03-15T08:17:29.995+0000] {dag.py:3834} INFO - Setting next_dagrun for example_setup_teardown to 2024-03-14 00:00:00+00:00, run_after=2024-03-15 00:00:00+00:00
[2024-03-15T08:17:30.002+0000] {processor.py:183} INFO - Processing /home/airflow/.local/lib/python3.8/site-packages/airflow/example_dags/example_setup_teardown.py took 0.029 seconds
[2024-03-15T08:18:00.319+0000] {processor.py:161} INFO - Started process (PID=1507) to work on /home/airflow/.local/lib/python3.8/site-packages/airflow/example_dags/example_setup_teardown.py
[2024-03-15T08:18:00.320+0000] {processor.py:830} INFO - Processing file /home/airflow/.local/lib/python3.8/site-packages/airflow/example_dags/example_setup_teardown.py for tasks to queue
[2024-03-15T08:18:00.320+0000] {logging_mixin.py:188} INFO - [2024-03-15T08:18:00.320+0000] {dagbag.py:540} INFO - Filling up the DagBag from /home/airflow/.local/lib/python3.8/site-packages/airflow/example_dags/example_setup_teardown.py
[2024-03-15T08:18:00.323+0000] {processor.py:840} INFO - DAG(s) 'example_setup_teardown' retrieved from /home/airflow/.local/lib/python3.8/site-packages/airflow/example_dags/example_setup_teardown.py
[2024-03-15T08:18:00.332+0000] {logging_mixin.py:188} INFO - [2024-03-15T08:18:00.332+0000] {dag.py:3047} INFO - Sync 1 DAGs
[2024-03-15T08:18:00.340+0000] {logging_mixin.py:188} INFO - [2024-03-15T08:18:00.340+0000] {dag.py:3834} INFO - Setting next_dagrun for example_setup_teardown to 2024-03-14 00:00:00+00:00, run_after=2024-03-15 00:00:00+00:00
[2024-03-15T08:18:00.347+0000] {processor.py:183} INFO - Processing /home/airflow/.local/lib/python3.8/site-packages/airflow/example_dags/example_setup_teardown.py took 0.029 seconds
[2024-03-15T08:18:30.775+0000] {processor.py:161} INFO - Started process (PID=1562) to work on /home/airflow/.local/lib/python3.8/site-packages/airflow/example_dags/example_setup_teardown.py
[2024-03-15T08:18:30.776+0000] {processor.py:830} INFO - Processing file /home/airflow/.local/lib/python3.8/site-packages/airflow/example_dags/example_setup_teardown.py for tasks to queue
[2024-03-15T08:18:30.776+0000] {logging_mixin.py:188} INFO - [2024-03-15T08:18:30.776+0000] {dagbag.py:540} INFO - Filling up the DagBag from /home/airflow/.local/lib/python3.8/site-packages/airflow/example_dags/example_setup_teardown.py
[2024-03-15T08:18:30.779+0000] {processor.py:840} INFO - DAG(s) 'example_setup_teardown' retrieved from /home/airflow/.local/lib/python3.8/site-packages/airflow/example_dags/example_setup_teardown.py
[2024-03-15T08:18:30.788+0000] {logging_mixin.py:188} INFO - [2024-03-15T08:18:30.788+0000] {dag.py:3047} INFO - Sync 1 DAGs
[2024-03-15T08:18:30.797+0000] {logging_mixin.py:188} INFO - [2024-03-15T08:18:30.797+0000] {dag.py:3834} INFO - Setting next_dagrun for example_setup_teardown to 2024-03-14 00:00:00+00:00, run_after=2024-03-15 00:00:00+00:00
[2024-03-15T08:18:30.804+0000] {processor.py:183} INFO - Processing /home/airflow/.local/lib/python3.8/site-packages/airflow/example_dags/example_setup_teardown.py took 0.030 seconds
[2024-03-15T08:19:01.099+0000] {processor.py:161} INFO - Started process (PID=1617) to work on /home/airflow/.local/lib/python3.8/site-packages/airflow/example_dags/example_setup_teardown.py
[2024-03-15T08:19:01.100+0000] {processor.py:830} INFO - Processing file /home/airflow/.local/lib/python3.8/site-packages/airflow/example_dags/example_setup_teardown.py for tasks to queue
[2024-03-15T08:19:01.100+0000] {logging_mixin.py:188} INFO - [2024-03-15T08:19:01.100+0000] {dagbag.py:540} INFO - Filling up the DagBag from /home/airflow/.local/lib/python3.8/site-packages/airflow/example_dags/example_setup_teardown.py
[2024-03-15T08:19:01.103+0000] {processor.py:840} INFO - DAG(s) 'example_setup_teardown' retrieved from /home/airflow/.local/lib/python3.8/site-packages/airflow/example_dags/example_setup_teardown.py
[2024-03-15T08:19:01.112+0000] {logging_mixin.py:188} INFO - [2024-03-15T08:19:01.112+0000] {dag.py:3047} INFO - Sync 1 DAGs
[2024-03-15T08:19:01.121+0000] {logging_mixin.py:188} INFO - [2024-03-15T08:19:01.121+0000] {dag.py:3834} INFO - Setting next_dagrun for example_setup_teardown to 2024-03-14 00:00:00+00:00, run_after=2024-03-15 00:00:00+00:00
[2024-03-15T08:19:01.127+0000] {processor.py:183} INFO - Processing /home/airflow/.local/lib/python3.8/site-packages/airflow/example_dags/example_setup_teardown.py took 0.030 seconds
[2024-03-15T08:19:31.375+0000] {processor.py:161} INFO - Started process (PID=1672) to work on /home/airflow/.local/lib/python3.8/site-packages/airflow/example_dags/example_setup_teardown.py
[2024-03-15T08:19:31.375+0000] {processor.py:830} INFO - Processing file /home/airflow/.local/lib/python3.8/site-packages/airflow/example_dags/example_setup_teardown.py for tasks to queue
[2024-03-15T08:19:31.376+0000] {logging_mixin.py:188} INFO - [2024-03-15T08:19:31.376+0000] {dagbag.py:540} INFO - Filling up the DagBag from /home/airflow/.local/lib/python3.8/site-packages/airflow/example_dags/example_setup_teardown.py
[2024-03-15T08:19:31.379+0000] {processor.py:840} INFO - DAG(s) 'example_setup_teardown' retrieved from /home/airflow/.local/lib/python3.8/site-packages/airflow/example_dags/example_setup_teardown.py
[2024-03-15T08:19:31.388+0000] {logging_mixin.py:188} INFO - [2024-03-15T08:19:31.388+0000] {dag.py:3047} INFO - Sync 1 DAGs
[2024-03-15T08:19:31.397+0000] {logging_mixin.py:188} INFO - [2024-03-15T08:19:31.397+0000] {dag.py:3834} INFO - Setting next_dagrun for example_setup_teardown to 2024-03-14 00:00:00+00:00, run_after=2024-03-15 00:00:00+00:00
[2024-03-15T08:19:31.404+0000] {processor.py:183} INFO - Processing /home/airflow/.local/lib/python3.8/site-packages/airflow/example_dags/example_setup_teardown.py took 0.031 seconds
[2024-03-15T08:20:01.744+0000] {processor.py:161} INFO - Started process (PID=1727) to work on /home/airflow/.local/lib/python3.8/site-packages/airflow/example_dags/example_setup_teardown.py
[2024-03-15T08:20:01.744+0000] {processor.py:830} INFO - Processing file /home/airflow/.local/lib/python3.8/site-packages/airflow/example_dags/example_setup_teardown.py for tasks to queue
[2024-03-15T08:20:01.745+0000] {logging_mixin.py:188} INFO - [2024-03-15T08:20:01.745+0000] {dagbag.py:540} INFO - Filling up the DagBag from /home/airflow/.local/lib/python3.8/site-packages/airflow/example_dags/example_setup_teardown.py
[2024-03-15T08:20:01.748+0000] {processor.py:840} INFO - DAG(s) 'example_setup_teardown' retrieved from /home/airflow/.local/lib/python3.8/site-packages/airflow/example_dags/example_setup_teardown.py
[2024-03-15T08:20:01.757+0000] {logging_mixin.py:188} INFO - [2024-03-15T08:20:01.757+0000] {dag.py:3047} INFO - Sync 1 DAGs
[2024-03-15T08:20:01.766+0000] {logging_mixin.py:188} INFO - [2024-03-15T08:20:01.766+0000] {dag.py:3834} INFO - Setting next_dagrun for example_setup_teardown to 2024-03-14 00:00:00+00:00, run_after=2024-03-15 00:00:00+00:00
[2024-03-15T08:20:01.773+0000] {processor.py:183} INFO - Processing /home/airflow/.local/lib/python3.8/site-packages/airflow/example_dags/example_setup_teardown.py took 0.031 seconds
[2024-03-15T08:20:32.065+0000] {processor.py:161} INFO - Started process (PID=1781) to work on /home/airflow/.local/lib/python3.8/site-packages/airflow/example_dags/example_setup_teardown.py
[2024-03-15T08:20:32.066+0000] {processor.py:830} INFO - Processing file /home/airflow/.local/lib/python3.8/site-packages/airflow/example_dags/example_setup_teardown.py for tasks to queue
[2024-03-15T08:20:32.066+0000] {logging_mixin.py:188} INFO - [2024-03-15T08:20:32.066+0000] {dagbag.py:540} INFO - Filling up the DagBag from /home/airflow/.local/lib/python3.8/site-packages/airflow/example_dags/example_setup_teardown.py
[2024-03-15T08:20:32.069+0000] {processor.py:840} INFO - DAG(s) 'example_setup_teardown' retrieved from /home/airflow/.local/lib/python3.8/site-packages/airflow/example_dags/example_setup_teardown.py
[2024-03-15T08:20:32.077+0000] {logging_mixin.py:188} INFO - [2024-03-15T08:20:32.077+0000] {dag.py:3047} INFO - Sync 1 DAGs
[2024-03-15T08:20:32.085+0000] {logging_mixin.py:188} INFO - [2024-03-15T08:20:32.085+0000] {dag.py:3834} INFO - Setting next_dagrun for example_setup_teardown to 2024-03-14 00:00:00+00:00, run_after=2024-03-15 00:00:00+00:00
[2024-03-15T08:20:32.091+0000] {processor.py:183} INFO - Processing /home/airflow/.local/lib/python3.8/site-packages/airflow/example_dags/example_setup_teardown.py took 0.027 seconds
[2024-03-15T08:21:02.404+0000] {processor.py:161} INFO - Started process (PID=1836) to work on /home/airflow/.local/lib/python3.8/site-packages/airflow/example_dags/example_setup_teardown.py
[2024-03-15T08:21:02.404+0000] {processor.py:830} INFO - Processing file /home/airflow/.local/lib/python3.8/site-packages/airflow/example_dags/example_setup_teardown.py for tasks to queue
[2024-03-15T08:21:02.405+0000] {logging_mixin.py:188} INFO - [2024-03-15T08:21:02.405+0000] {dagbag.py:540} INFO - Filling up the DagBag from /home/airflow/.local/lib/python3.8/site-packages/airflow/example_dags/example_setup_teardown.py
[2024-03-15T08:21:02.408+0000] {processor.py:840} INFO - DAG(s) 'example_setup_teardown' retrieved from /home/airflow/.local/lib/python3.8/site-packages/airflow/example_dags/example_setup_teardown.py
[2024-03-15T08:21:02.416+0000] {logging_mixin.py:188} INFO - [2024-03-15T08:21:02.416+0000] {dag.py:3047} INFO - Sync 1 DAGs
[2024-03-15T08:21:02.425+0000] {logging_mixin.py:188} INFO - [2024-03-15T08:21:02.425+0000] {dag.py:3834} INFO - Setting next_dagrun for example_setup_teardown to 2024-03-14 00:00:00+00:00, run_after=2024-03-15 00:00:00+00:00
[2024-03-15T08:21:02.432+0000] {processor.py:183} INFO - Processing /home/airflow/.local/lib/python3.8/site-packages/airflow/example_dags/example_setup_teardown.py took 0.030 seconds
[2024-03-15T08:21:32.683+0000] {processor.py:161} INFO - Started process (PID=1891) to work on /home/airflow/.local/lib/python3.8/site-packages/airflow/example_dags/example_setup_teardown.py
[2024-03-15T08:21:32.684+0000] {processor.py:830} INFO - Processing file /home/airflow/.local/lib/python3.8/site-packages/airflow/example_dags/example_setup_teardown.py for tasks to queue
[2024-03-15T08:21:32.684+0000] {logging_mixin.py:188} INFO - [2024-03-15T08:21:32.684+0000] {dagbag.py:540} INFO - Filling up the DagBag from /home/airflow/.local/lib/python3.8/site-packages/airflow/example_dags/example_setup_teardown.py
[2024-03-15T08:21:32.687+0000] {processor.py:840} INFO - DAG(s) 'example_setup_teardown' retrieved from /home/airflow/.local/lib/python3.8/site-packages/airflow/example_dags/example_setup_teardown.py
[2024-03-15T08:21:32.696+0000] {logging_mixin.py:188} INFO - [2024-03-15T08:21:32.696+0000] {dag.py:3047} INFO - Sync 1 DAGs
[2024-03-15T08:21:32.704+0000] {logging_mixin.py:188} INFO - [2024-03-15T08:21:32.704+0000] {dag.py:3834} INFO - Setting next_dagrun for example_setup_teardown to 2024-03-14 00:00:00+00:00, run_after=2024-03-15 00:00:00+00:00
[2024-03-15T08:21:32.712+0000] {processor.py:183} INFO - Processing /home/airflow/.local/lib/python3.8/site-packages/airflow/example_dags/example_setup_teardown.py took 0.030 seconds
[2024-03-15T08:22:03.016+0000] {processor.py:161} INFO - Started process (PID=1945) to work on /home/airflow/.local/lib/python3.8/site-packages/airflow/example_dags/example_setup_teardown.py
[2024-03-15T08:22:03.016+0000] {processor.py:830} INFO - Processing file /home/airflow/.local/lib/python3.8/site-packages/airflow/example_dags/example_setup_teardown.py for tasks to queue
[2024-03-15T08:22:03.017+0000] {logging_mixin.py:188} INFO - [2024-03-15T08:22:03.017+0000] {dagbag.py:540} INFO - Filling up the DagBag from /home/airflow/.local/lib/python3.8/site-packages/airflow/example_dags/example_setup_teardown.py
[2024-03-15T08:22:03.020+0000] {processor.py:840} INFO - DAG(s) 'example_setup_teardown' retrieved from /home/airflow/.local/lib/python3.8/site-packages/airflow/example_dags/example_setup_teardown.py
[2024-03-15T08:22:03.028+0000] {logging_mixin.py:188} INFO - [2024-03-15T08:22:03.028+0000] {dag.py:3047} INFO - Sync 1 DAGs
[2024-03-15T08:22:03.036+0000] {logging_mixin.py:188} INFO - [2024-03-15T08:22:03.036+0000] {dag.py:3834} INFO - Setting next_dagrun for example_setup_teardown to 2024-03-14 00:00:00+00:00, run_after=2024-03-15 00:00:00+00:00
[2024-03-15T08:22:03.043+0000] {processor.py:183} INFO - Processing /home/airflow/.local/lib/python3.8/site-packages/airflow/example_dags/example_setup_teardown.py took 0.029 seconds
[2024-03-15T08:22:33.351+0000] {processor.py:161} INFO - Started process (PID=2000) to work on /home/airflow/.local/lib/python3.8/site-packages/airflow/example_dags/example_setup_teardown.py
[2024-03-15T08:22:33.351+0000] {processor.py:830} INFO - Processing file /home/airflow/.local/lib/python3.8/site-packages/airflow/example_dags/example_setup_teardown.py for tasks to queue
[2024-03-15T08:22:33.352+0000] {logging_mixin.py:188} INFO - [2024-03-15T08:22:33.352+0000] {dagbag.py:540} INFO - Filling up the DagBag from /home/airflow/.local/lib/python3.8/site-packages/airflow/example_dags/example_setup_teardown.py
[2024-03-15T08:22:33.355+0000] {processor.py:840} INFO - DAG(s) 'example_setup_teardown' retrieved from /home/airflow/.local/lib/python3.8/site-packages/airflow/example_dags/example_setup_teardown.py
[2024-03-15T08:22:33.364+0000] {logging_mixin.py:188} INFO - [2024-03-15T08:22:33.364+0000] {dag.py:3047} INFO - Sync 1 DAGs
[2024-03-15T08:22:33.372+0000] {logging_mixin.py:188} INFO - [2024-03-15T08:22:33.372+0000] {dag.py:3834} INFO - Setting next_dagrun for example_setup_teardown to 2024-03-14 00:00:00+00:00, run_after=2024-03-15 00:00:00+00:00
[2024-03-15T08:22:33.379+0000] {processor.py:183} INFO - Processing /home/airflow/.local/lib/python3.8/site-packages/airflow/example_dags/example_setup_teardown.py took 0.030 seconds
[2024-03-15T08:23:03.845+0000] {processor.py:161} INFO - Started process (PID=2055) to work on /home/airflow/.local/lib/python3.8/site-packages/airflow/example_dags/example_setup_teardown.py
[2024-03-15T08:23:03.845+0000] {processor.py:830} INFO - Processing file /home/airflow/.local/lib/python3.8/site-packages/airflow/example_dags/example_setup_teardown.py for tasks to queue
[2024-03-15T08:23:03.846+0000] {logging_mixin.py:188} INFO - [2024-03-15T08:23:03.846+0000] {dagbag.py:540} INFO - Filling up the DagBag from /home/airflow/.local/lib/python3.8/site-packages/airflow/example_dags/example_setup_teardown.py
[2024-03-15T08:23:03.850+0000] {processor.py:840} INFO - DAG(s) 'example_setup_teardown' retrieved from /home/airflow/.local/lib/python3.8/site-packages/airflow/example_dags/example_setup_teardown.py
[2024-03-15T08:23:03.858+0000] {logging_mixin.py:188} INFO - [2024-03-15T08:23:03.858+0000] {dag.py:3047} INFO - Sync 1 DAGs
[2024-03-15T08:23:03.867+0000] {logging_mixin.py:188} INFO - [2024-03-15T08:23:03.867+0000] {dag.py:3834} INFO - Setting next_dagrun for example_setup_teardown to 2024-03-14 00:00:00+00:00, run_after=2024-03-15 00:00:00+00:00
[2024-03-15T08:23:03.874+0000] {processor.py:183} INFO - Processing /home/airflow/.local/lib/python3.8/site-packages/airflow/example_dags/example_setup_teardown.py took 0.031 seconds
[2024-03-15T08:23:34.402+0000] {processor.py:161} INFO - Started process (PID=2109) to work on /home/airflow/.local/lib/python3.8/site-packages/airflow/example_dags/example_setup_teardown.py
[2024-03-15T08:23:34.402+0000] {processor.py:830} INFO - Processing file /home/airflow/.local/lib/python3.8/site-packages/airflow/example_dags/example_setup_teardown.py for tasks to queue
[2024-03-15T08:23:34.403+0000] {logging_mixin.py:188} INFO - [2024-03-15T08:23:34.403+0000] {dagbag.py:540} INFO - Filling up the DagBag from /home/airflow/.local/lib/python3.8/site-packages/airflow/example_dags/example_setup_teardown.py
[2024-03-15T08:23:34.406+0000] {processor.py:840} INFO - DAG(s) 'example_setup_teardown' retrieved from /home/airflow/.local/lib/python3.8/site-packages/airflow/example_dags/example_setup_teardown.py
[2024-03-15T08:23:34.415+0000] {logging_mixin.py:188} INFO - [2024-03-15T08:23:34.415+0000] {dag.py:3047} INFO - Sync 1 DAGs
[2024-03-15T08:23:34.423+0000] {logging_mixin.py:188} INFO - [2024-03-15T08:23:34.423+0000] {dag.py:3834} INFO - Setting next_dagrun for example_setup_teardown to 2024-03-14 00:00:00+00:00, run_after=2024-03-15 00:00:00+00:00
[2024-03-15T08:23:34.430+0000] {processor.py:183} INFO - Processing /home/airflow/.local/lib/python3.8/site-packages/airflow/example_dags/example_setup_teardown.py took 0.030 seconds
