[2024-03-15T08:04:48.879+0000] {processor.py:161} INFO - Started process (PID=55) to work on /home/airflow/.local/lib/python3.8/site-packages/airflow/example_dags/example_branch_python_dop_operator_3.py
[2024-03-15T08:04:48.880+0000] {processor.py:830} INFO - Processing file /home/airflow/.local/lib/python3.8/site-packages/airflow/example_dags/example_branch_python_dop_operator_3.py for tasks to queue
[2024-03-15T08:04:48.881+0000] {logging_mixin.py:188} INFO - [2024-03-15T08:04:48.881+0000] {dagbag.py:540} INFO - Filling up the DagBag from /home/airflow/.local/lib/python3.8/site-packages/airflow/example_dags/example_branch_python_dop_operator_3.py
[2024-03-15T08:04:48.888+0000] {processor.py:840} INFO - DAG(s) 'example_branch_dop_operator_v3' retrieved from /home/airflow/.local/lib/python3.8/site-packages/airflow/example_dags/example_branch_python_dop_operator_3.py
[2024-03-15T08:04:48.896+0000] {logging_mixin.py:188} INFO - [2024-03-15T08:04:48.896+0000] {dag.py:3047} INFO - Sync 1 DAGs
[2024-03-15T08:04:48.909+0000] {logging_mixin.py:188} INFO - [2024-03-15T08:04:48.909+0000] {dag.py:3834} INFO - Setting next_dagrun for example_branch_dop_operator_v3 to 2024-03-15 08:03:00+00:00, run_after=2024-03-15 08:04:00+00:00
[2024-03-15T08:04:48.919+0000] {processor.py:183} INFO - Processing /home/airflow/.local/lib/python3.8/site-packages/airflow/example_dags/example_branch_python_dop_operator_3.py took 0.043 seconds
[2024-03-15T08:05:20.154+0000] {processor.py:161} INFO - Started process (PID=110) to work on /home/airflow/.local/lib/python3.8/site-packages/airflow/example_dags/example_branch_python_dop_operator_3.py
[2024-03-15T08:05:20.154+0000] {processor.py:830} INFO - Processing file /home/airflow/.local/lib/python3.8/site-packages/airflow/example_dags/example_branch_python_dop_operator_3.py for tasks to queue
[2024-03-15T08:05:20.155+0000] {logging_mixin.py:188} INFO - [2024-03-15T08:05:20.155+0000] {dagbag.py:540} INFO - Filling up the DagBag from /home/airflow/.local/lib/python3.8/site-packages/airflow/example_dags/example_branch_python_dop_operator_3.py
[2024-03-15T08:05:20.159+0000] {processor.py:840} INFO - DAG(s) 'example_branch_dop_operator_v3' retrieved from /home/airflow/.local/lib/python3.8/site-packages/airflow/example_dags/example_branch_python_dop_operator_3.py
[2024-03-15T08:05:20.199+0000] {logging_mixin.py:188} INFO - [2024-03-15T08:05:20.199+0000] {dag.py:3047} INFO - Sync 1 DAGs
[2024-03-15T08:05:20.208+0000] {logging_mixin.py:188} INFO - [2024-03-15T08:05:20.208+0000] {dag.py:3834} INFO - Setting next_dagrun for example_branch_dop_operator_v3 to 2024-03-15 08:04:00+00:00, run_after=2024-03-15 08:05:00+00:00
[2024-03-15T08:05:20.214+0000] {processor.py:183} INFO - Processing /home/airflow/.local/lib/python3.8/site-packages/airflow/example_dags/example_branch_python_dop_operator_3.py took 0.062 seconds
[2024-03-15T08:05:51.014+0000] {processor.py:161} INFO - Started process (PID=165) to work on /home/airflow/.local/lib/python3.8/site-packages/airflow/example_dags/example_branch_python_dop_operator_3.py
[2024-03-15T08:05:51.014+0000] {processor.py:830} INFO - Processing file /home/airflow/.local/lib/python3.8/site-packages/airflow/example_dags/example_branch_python_dop_operator_3.py for tasks to queue
[2024-03-15T08:05:51.015+0000] {logging_mixin.py:188} INFO - [2024-03-15T08:05:51.015+0000] {dagbag.py:540} INFO - Filling up the DagBag from /home/airflow/.local/lib/python3.8/site-packages/airflow/example_dags/example_branch_python_dop_operator_3.py
[2024-03-15T08:05:51.019+0000] {processor.py:840} INFO - DAG(s) 'example_branch_dop_operator_v3' retrieved from /home/airflow/.local/lib/python3.8/site-packages/airflow/example_dags/example_branch_python_dop_operator_3.py
[2024-03-15T08:05:51.028+0000] {logging_mixin.py:188} INFO - [2024-03-15T08:05:51.028+0000] {dag.py:3047} INFO - Sync 1 DAGs
[2024-03-15T08:05:51.039+0000] {logging_mixin.py:188} INFO - [2024-03-15T08:05:51.039+0000] {dag.py:3834} INFO - Setting next_dagrun for example_branch_dop_operator_v3 to 2024-03-15 08:04:00+00:00, run_after=2024-03-15 08:05:00+00:00
[2024-03-15T08:05:51.054+0000] {processor.py:183} INFO - Processing /home/airflow/.local/lib/python3.8/site-packages/airflow/example_dags/example_branch_python_dop_operator_3.py took 0.042 seconds
[2024-03-15T08:06:21.331+0000] {processor.py:161} INFO - Started process (PID=220) to work on /home/airflow/.local/lib/python3.8/site-packages/airflow/example_dags/example_branch_python_dop_operator_3.py
[2024-03-15T08:06:21.331+0000] {processor.py:830} INFO - Processing file /home/airflow/.local/lib/python3.8/site-packages/airflow/example_dags/example_branch_python_dop_operator_3.py for tasks to queue
[2024-03-15T08:06:21.332+0000] {logging_mixin.py:188} INFO - [2024-03-15T08:06:21.332+0000] {dagbag.py:540} INFO - Filling up the DagBag from /home/airflow/.local/lib/python3.8/site-packages/airflow/example_dags/example_branch_python_dop_operator_3.py
[2024-03-15T08:06:21.336+0000] {processor.py:840} INFO - DAG(s) 'example_branch_dop_operator_v3' retrieved from /home/airflow/.local/lib/python3.8/site-packages/airflow/example_dags/example_branch_python_dop_operator_3.py
[2024-03-15T08:06:21.344+0000] {logging_mixin.py:188} INFO - [2024-03-15T08:06:21.344+0000] {dag.py:3047} INFO - Sync 1 DAGs
[2024-03-15T08:06:21.354+0000] {logging_mixin.py:188} INFO - [2024-03-15T08:06:21.354+0000] {dag.py:3834} INFO - Setting next_dagrun for example_branch_dop_operator_v3 to 2024-03-15 08:05:00+00:00, run_after=2024-03-15 08:06:00+00:00
[2024-03-15T08:06:21.361+0000] {processor.py:183} INFO - Processing /home/airflow/.local/lib/python3.8/site-packages/airflow/example_dags/example_branch_python_dop_operator_3.py took 0.031 seconds
[2024-03-15T08:06:51.630+0000] {processor.py:161} INFO - Started process (PID=275) to work on /home/airflow/.local/lib/python3.8/site-packages/airflow/example_dags/example_branch_python_dop_operator_3.py
[2024-03-15T08:06:51.630+0000] {processor.py:830} INFO - Processing file /home/airflow/.local/lib/python3.8/site-packages/airflow/example_dags/example_branch_python_dop_operator_3.py for tasks to queue
[2024-03-15T08:06:51.631+0000] {logging_mixin.py:188} INFO - [2024-03-15T08:06:51.631+0000] {dagbag.py:540} INFO - Filling up the DagBag from /home/airflow/.local/lib/python3.8/site-packages/airflow/example_dags/example_branch_python_dop_operator_3.py
[2024-03-15T08:06:51.635+0000] {processor.py:840} INFO - DAG(s) 'example_branch_dop_operator_v3' retrieved from /home/airflow/.local/lib/python3.8/site-packages/airflow/example_dags/example_branch_python_dop_operator_3.py
[2024-03-15T08:06:51.644+0000] {logging_mixin.py:188} INFO - [2024-03-15T08:06:51.644+0000] {dag.py:3047} INFO - Sync 1 DAGs
[2024-03-15T08:06:51.654+0000] {logging_mixin.py:188} INFO - [2024-03-15T08:06:51.654+0000] {dag.py:3834} INFO - Setting next_dagrun for example_branch_dop_operator_v3 to 2024-03-15 08:05:00+00:00, run_after=2024-03-15 08:06:00+00:00
[2024-03-15T08:06:51.660+0000] {processor.py:183} INFO - Processing /home/airflow/.local/lib/python3.8/site-packages/airflow/example_dags/example_branch_python_dop_operator_3.py took 0.032 seconds
[2024-03-15T08:07:21.931+0000] {processor.py:161} INFO - Started process (PID=330) to work on /home/airflow/.local/lib/python3.8/site-packages/airflow/example_dags/example_branch_python_dop_operator_3.py
[2024-03-15T08:07:21.932+0000] {processor.py:830} INFO - Processing file /home/airflow/.local/lib/python3.8/site-packages/airflow/example_dags/example_branch_python_dop_operator_3.py for tasks to queue
[2024-03-15T08:07:21.932+0000] {logging_mixin.py:188} INFO - [2024-03-15T08:07:21.932+0000] {dagbag.py:540} INFO - Filling up the DagBag from /home/airflow/.local/lib/python3.8/site-packages/airflow/example_dags/example_branch_python_dop_operator_3.py
[2024-03-15T08:07:21.936+0000] {processor.py:840} INFO - DAG(s) 'example_branch_dop_operator_v3' retrieved from /home/airflow/.local/lib/python3.8/site-packages/airflow/example_dags/example_branch_python_dop_operator_3.py
[2024-03-15T08:07:21.944+0000] {logging_mixin.py:188} INFO - [2024-03-15T08:07:21.944+0000] {dag.py:3047} INFO - Sync 1 DAGs
[2024-03-15T08:07:21.954+0000] {logging_mixin.py:188} INFO - [2024-03-15T08:07:21.954+0000] {dag.py:3834} INFO - Setting next_dagrun for example_branch_dop_operator_v3 to 2024-03-15 08:06:00+00:00, run_after=2024-03-15 08:07:00+00:00
[2024-03-15T08:07:21.961+0000] {processor.py:183} INFO - Processing /home/airflow/.local/lib/python3.8/site-packages/airflow/example_dags/example_branch_python_dop_operator_3.py took 0.031 seconds
[2024-03-15T08:07:52.194+0000] {processor.py:161} INFO - Started process (PID=385) to work on /home/airflow/.local/lib/python3.8/site-packages/airflow/example_dags/example_branch_python_dop_operator_3.py
[2024-03-15T08:07:52.195+0000] {processor.py:830} INFO - Processing file /home/airflow/.local/lib/python3.8/site-packages/airflow/example_dags/example_branch_python_dop_operator_3.py for tasks to queue
[2024-03-15T08:07:52.196+0000] {logging_mixin.py:188} INFO - [2024-03-15T08:07:52.195+0000] {dagbag.py:540} INFO - Filling up the DagBag from /home/airflow/.local/lib/python3.8/site-packages/airflow/example_dags/example_branch_python_dop_operator_3.py
[2024-03-15T08:07:52.199+0000] {processor.py:840} INFO - DAG(s) 'example_branch_dop_operator_v3' retrieved from /home/airflow/.local/lib/python3.8/site-packages/airflow/example_dags/example_branch_python_dop_operator_3.py
[2024-03-15T08:07:52.207+0000] {logging_mixin.py:188} INFO - [2024-03-15T08:07:52.207+0000] {dag.py:3047} INFO - Sync 1 DAGs
[2024-03-15T08:07:52.217+0000] {logging_mixin.py:188} INFO - [2024-03-15T08:07:52.217+0000] {dag.py:3834} INFO - Setting next_dagrun for example_branch_dop_operator_v3 to 2024-03-15 08:06:00+00:00, run_after=2024-03-15 08:07:00+00:00
[2024-03-15T08:07:52.224+0000] {processor.py:183} INFO - Processing /home/airflow/.local/lib/python3.8/site-packages/airflow/example_dags/example_branch_python_dop_operator_3.py took 0.031 seconds
[2024-03-15T08:08:22.636+0000] {processor.py:161} INFO - Started process (PID=439) to work on /home/airflow/.local/lib/python3.8/site-packages/airflow/example_dags/example_branch_python_dop_operator_3.py
[2024-03-15T08:08:22.636+0000] {processor.py:830} INFO - Processing file /home/airflow/.local/lib/python3.8/site-packages/airflow/example_dags/example_branch_python_dop_operator_3.py for tasks to queue
[2024-03-15T08:08:22.637+0000] {logging_mixin.py:188} INFO - [2024-03-15T08:08:22.637+0000] {dagbag.py:540} INFO - Filling up the DagBag from /home/airflow/.local/lib/python3.8/site-packages/airflow/example_dags/example_branch_python_dop_operator_3.py
[2024-03-15T08:08:22.641+0000] {processor.py:840} INFO - DAG(s) 'example_branch_dop_operator_v3' retrieved from /home/airflow/.local/lib/python3.8/site-packages/airflow/example_dags/example_branch_python_dop_operator_3.py
[2024-03-15T08:08:22.649+0000] {logging_mixin.py:188} INFO - [2024-03-15T08:08:22.649+0000] {dag.py:3047} INFO - Sync 1 DAGs
[2024-03-15T08:08:22.660+0000] {logging_mixin.py:188} INFO - [2024-03-15T08:08:22.659+0000] {dag.py:3834} INFO - Setting next_dagrun for example_branch_dop_operator_v3 to 2024-03-15 08:07:00+00:00, run_after=2024-03-15 08:08:00+00:00
[2024-03-15T08:08:22.667+0000] {processor.py:183} INFO - Processing /home/airflow/.local/lib/python3.8/site-packages/airflow/example_dags/example_branch_python_dop_operator_3.py took 0.032 seconds
[2024-03-15T08:08:52.933+0000] {processor.py:161} INFO - Started process (PID=494) to work on /home/airflow/.local/lib/python3.8/site-packages/airflow/example_dags/example_branch_python_dop_operator_3.py
[2024-03-15T08:08:52.933+0000] {processor.py:830} INFO - Processing file /home/airflow/.local/lib/python3.8/site-packages/airflow/example_dags/example_branch_python_dop_operator_3.py for tasks to queue
[2024-03-15T08:08:52.934+0000] {logging_mixin.py:188} INFO - [2024-03-15T08:08:52.934+0000] {dagbag.py:540} INFO - Filling up the DagBag from /home/airflow/.local/lib/python3.8/site-packages/airflow/example_dags/example_branch_python_dop_operator_3.py
[2024-03-15T08:08:52.937+0000] {processor.py:840} INFO - DAG(s) 'example_branch_dop_operator_v3' retrieved from /home/airflow/.local/lib/python3.8/site-packages/airflow/example_dags/example_branch_python_dop_operator_3.py
[2024-03-15T08:08:52.946+0000] {logging_mixin.py:188} INFO - [2024-03-15T08:08:52.946+0000] {dag.py:3047} INFO - Sync 1 DAGs
[2024-03-15T08:08:52.956+0000] {logging_mixin.py:188} INFO - [2024-03-15T08:08:52.956+0000] {dag.py:3834} INFO - Setting next_dagrun for example_branch_dop_operator_v3 to 2024-03-15 08:07:00+00:00, run_after=2024-03-15 08:08:00+00:00
[2024-03-15T08:08:52.963+0000] {processor.py:183} INFO - Processing /home/airflow/.local/lib/python3.8/site-packages/airflow/example_dags/example_branch_python_dop_operator_3.py took 0.031 seconds
[2024-03-15T08:09:23.262+0000] {processor.py:161} INFO - Started process (PID=549) to work on /home/airflow/.local/lib/python3.8/site-packages/airflow/example_dags/example_branch_python_dop_operator_3.py
[2024-03-15T08:09:23.262+0000] {processor.py:830} INFO - Processing file /home/airflow/.local/lib/python3.8/site-packages/airflow/example_dags/example_branch_python_dop_operator_3.py for tasks to queue
[2024-03-15T08:09:23.263+0000] {logging_mixin.py:188} INFO - [2024-03-15T08:09:23.263+0000] {dagbag.py:540} INFO - Filling up the DagBag from /home/airflow/.local/lib/python3.8/site-packages/airflow/example_dags/example_branch_python_dop_operator_3.py
[2024-03-15T08:09:23.266+0000] {processor.py:840} INFO - DAG(s) 'example_branch_dop_operator_v3' retrieved from /home/airflow/.local/lib/python3.8/site-packages/airflow/example_dags/example_branch_python_dop_operator_3.py
[2024-03-15T08:09:23.275+0000] {logging_mixin.py:188} INFO - [2024-03-15T08:09:23.275+0000] {dag.py:3047} INFO - Sync 1 DAGs
[2024-03-15T08:09:23.285+0000] {logging_mixin.py:188} INFO - [2024-03-15T08:09:23.285+0000] {dag.py:3834} INFO - Setting next_dagrun for example_branch_dop_operator_v3 to 2024-03-15 08:08:00+00:00, run_after=2024-03-15 08:09:00+00:00
[2024-03-15T08:09:23.292+0000] {processor.py:183} INFO - Processing /home/airflow/.local/lib/python3.8/site-packages/airflow/example_dags/example_branch_python_dop_operator_3.py took 0.032 seconds
[2024-03-15T08:09:53.798+0000] {processor.py:161} INFO - Started process (PID=604) to work on /home/airflow/.local/lib/python3.8/site-packages/airflow/example_dags/example_branch_python_dop_operator_3.py
[2024-03-15T08:09:53.798+0000] {processor.py:830} INFO - Processing file /home/airflow/.local/lib/python3.8/site-packages/airflow/example_dags/example_branch_python_dop_operator_3.py for tasks to queue
[2024-03-15T08:09:53.799+0000] {logging_mixin.py:188} INFO - [2024-03-15T08:09:53.799+0000] {dagbag.py:540} INFO - Filling up the DagBag from /home/airflow/.local/lib/python3.8/site-packages/airflow/example_dags/example_branch_python_dop_operator_3.py
[2024-03-15T08:09:53.803+0000] {processor.py:840} INFO - DAG(s) 'example_branch_dop_operator_v3' retrieved from /home/airflow/.local/lib/python3.8/site-packages/airflow/example_dags/example_branch_python_dop_operator_3.py
[2024-03-15T08:09:53.811+0000] {logging_mixin.py:188} INFO - [2024-03-15T08:09:53.811+0000] {dag.py:3047} INFO - Sync 1 DAGs
[2024-03-15T08:09:53.822+0000] {logging_mixin.py:188} INFO - [2024-03-15T08:09:53.822+0000] {dag.py:3834} INFO - Setting next_dagrun for example_branch_dop_operator_v3 to 2024-03-15 08:08:00+00:00, run_after=2024-03-15 08:09:00+00:00
[2024-03-15T08:09:53.829+0000] {processor.py:183} INFO - Processing /home/airflow/.local/lib/python3.8/site-packages/airflow/example_dags/example_branch_python_dop_operator_3.py took 0.032 seconds
[2024-03-15T08:10:24.181+0000] {processor.py:161} INFO - Started process (PID=659) to work on /home/airflow/.local/lib/python3.8/site-packages/airflow/example_dags/example_branch_python_dop_operator_3.py
[2024-03-15T08:10:24.182+0000] {processor.py:830} INFO - Processing file /home/airflow/.local/lib/python3.8/site-packages/airflow/example_dags/example_branch_python_dop_operator_3.py for tasks to queue
[2024-03-15T08:10:24.183+0000] {logging_mixin.py:188} INFO - [2024-03-15T08:10:24.182+0000] {dagbag.py:540} INFO - Filling up the DagBag from /home/airflow/.local/lib/python3.8/site-packages/airflow/example_dags/example_branch_python_dop_operator_3.py
[2024-03-15T08:10:24.186+0000] {processor.py:840} INFO - DAG(s) 'example_branch_dop_operator_v3' retrieved from /home/airflow/.local/lib/python3.8/site-packages/airflow/example_dags/example_branch_python_dop_operator_3.py
[2024-03-15T08:10:24.195+0000] {logging_mixin.py:188} INFO - [2024-03-15T08:10:24.194+0000] {dag.py:3047} INFO - Sync 1 DAGs
[2024-03-15T08:10:24.204+0000] {logging_mixin.py:188} INFO - [2024-03-15T08:10:24.204+0000] {dag.py:3834} INFO - Setting next_dagrun for example_branch_dop_operator_v3 to 2024-03-15 08:09:00+00:00, run_after=2024-03-15 08:10:00+00:00
[2024-03-15T08:10:24.211+0000] {processor.py:183} INFO - Processing /home/airflow/.local/lib/python3.8/site-packages/airflow/example_dags/example_branch_python_dop_operator_3.py took 0.032 seconds
[2024-03-15T08:10:54.503+0000] {processor.py:161} INFO - Started process (PID=714) to work on /home/airflow/.local/lib/python3.8/site-packages/airflow/example_dags/example_branch_python_dop_operator_3.py
[2024-03-15T08:10:54.504+0000] {processor.py:830} INFO - Processing file /home/airflow/.local/lib/python3.8/site-packages/airflow/example_dags/example_branch_python_dop_operator_3.py for tasks to queue
[2024-03-15T08:10:54.504+0000] {logging_mixin.py:188} INFO - [2024-03-15T08:10:54.504+0000] {dagbag.py:540} INFO - Filling up the DagBag from /home/airflow/.local/lib/python3.8/site-packages/airflow/example_dags/example_branch_python_dop_operator_3.py
[2024-03-15T08:10:54.508+0000] {processor.py:840} INFO - DAG(s) 'example_branch_dop_operator_v3' retrieved from /home/airflow/.local/lib/python3.8/site-packages/airflow/example_dags/example_branch_python_dop_operator_3.py
[2024-03-15T08:10:54.516+0000] {logging_mixin.py:188} INFO - [2024-03-15T08:10:54.516+0000] {dag.py:3047} INFO - Sync 1 DAGs
[2024-03-15T08:10:54.525+0000] {logging_mixin.py:188} INFO - [2024-03-15T08:10:54.525+0000] {dag.py:3834} INFO - Setting next_dagrun for example_branch_dop_operator_v3 to 2024-03-15 08:09:00+00:00, run_after=2024-03-15 08:10:00+00:00
[2024-03-15T08:10:54.532+0000] {processor.py:183} INFO - Processing /home/airflow/.local/lib/python3.8/site-packages/airflow/example_dags/example_branch_python_dop_operator_3.py took 0.030 seconds
[2024-03-15T08:11:24.960+0000] {processor.py:161} INFO - Started process (PID=769) to work on /home/airflow/.local/lib/python3.8/site-packages/airflow/example_dags/example_branch_python_dop_operator_3.py
[2024-03-15T08:11:24.960+0000] {processor.py:830} INFO - Processing file /home/airflow/.local/lib/python3.8/site-packages/airflow/example_dags/example_branch_python_dop_operator_3.py for tasks to queue
[2024-03-15T08:11:24.961+0000] {logging_mixin.py:188} INFO - [2024-03-15T08:11:24.961+0000] {dagbag.py:540} INFO - Filling up the DagBag from /home/airflow/.local/lib/python3.8/site-packages/airflow/example_dags/example_branch_python_dop_operator_3.py
[2024-03-15T08:11:24.966+0000] {processor.py:840} INFO - DAG(s) 'example_branch_dop_operator_v3' retrieved from /home/airflow/.local/lib/python3.8/site-packages/airflow/example_dags/example_branch_python_dop_operator_3.py
[2024-03-15T08:11:24.975+0000] {logging_mixin.py:188} INFO - [2024-03-15T08:11:24.975+0000] {dag.py:3047} INFO - Sync 1 DAGs
[2024-03-15T08:11:24.987+0000] {logging_mixin.py:188} INFO - [2024-03-15T08:11:24.987+0000] {dag.py:3834} INFO - Setting next_dagrun for example_branch_dop_operator_v3 to 2024-03-15 08:10:00+00:00, run_after=2024-03-15 08:11:00+00:00
[2024-03-15T08:11:24.994+0000] {processor.py:183} INFO - Processing /home/airflow/.local/lib/python3.8/site-packages/airflow/example_dags/example_branch_python_dop_operator_3.py took 0.036 seconds
[2024-03-15T08:11:55.456+0000] {processor.py:161} INFO - Started process (PID=824) to work on /home/airflow/.local/lib/python3.8/site-packages/airflow/example_dags/example_branch_python_dop_operator_3.py
[2024-03-15T08:11:55.457+0000] {processor.py:830} INFO - Processing file /home/airflow/.local/lib/python3.8/site-packages/airflow/example_dags/example_branch_python_dop_operator_3.py for tasks to queue
[2024-03-15T08:11:55.458+0000] {logging_mixin.py:188} INFO - [2024-03-15T08:11:55.457+0000] {dagbag.py:540} INFO - Filling up the DagBag from /home/airflow/.local/lib/python3.8/site-packages/airflow/example_dags/example_branch_python_dop_operator_3.py
[2024-03-15T08:11:55.462+0000] {processor.py:840} INFO - DAG(s) 'example_branch_dop_operator_v3' retrieved from /home/airflow/.local/lib/python3.8/site-packages/airflow/example_dags/example_branch_python_dop_operator_3.py
[2024-03-15T08:11:55.471+0000] {logging_mixin.py:188} INFO - [2024-03-15T08:11:55.471+0000] {dag.py:3047} INFO - Sync 1 DAGs
[2024-03-15T08:11:55.483+0000] {logging_mixin.py:188} INFO - [2024-03-15T08:11:55.483+0000] {dag.py:3834} INFO - Setting next_dagrun for example_branch_dop_operator_v3 to 2024-03-15 08:10:00+00:00, run_after=2024-03-15 08:11:00+00:00
[2024-03-15T08:11:55.493+0000] {processor.py:183} INFO - Processing /home/airflow/.local/lib/python3.8/site-packages/airflow/example_dags/example_branch_python_dop_operator_3.py took 0.039 seconds
[2024-03-15T08:12:26.041+0000] {processor.py:161} INFO - Started process (PID=879) to work on /home/airflow/.local/lib/python3.8/site-packages/airflow/example_dags/example_branch_python_dop_operator_3.py
[2024-03-15T08:12:26.042+0000] {processor.py:830} INFO - Processing file /home/airflow/.local/lib/python3.8/site-packages/airflow/example_dags/example_branch_python_dop_operator_3.py for tasks to queue
[2024-03-15T08:12:26.042+0000] {logging_mixin.py:188} INFO - [2024-03-15T08:12:26.042+0000] {dagbag.py:540} INFO - Filling up the DagBag from /home/airflow/.local/lib/python3.8/site-packages/airflow/example_dags/example_branch_python_dop_operator_3.py
[2024-03-15T08:12:26.047+0000] {processor.py:840} INFO - DAG(s) 'example_branch_dop_operator_v3' retrieved from /home/airflow/.local/lib/python3.8/site-packages/airflow/example_dags/example_branch_python_dop_operator_3.py
[2024-03-15T08:12:26.056+0000] {logging_mixin.py:188} INFO - [2024-03-15T08:12:26.056+0000] {dag.py:3047} INFO - Sync 1 DAGs
[2024-03-15T08:12:26.067+0000] {logging_mixin.py:188} INFO - [2024-03-15T08:12:26.067+0000] {dag.py:3834} INFO - Setting next_dagrun for example_branch_dop_operator_v3 to 2024-03-15 08:11:00+00:00, run_after=2024-03-15 08:12:00+00:00
[2024-03-15T08:12:26.075+0000] {processor.py:183} INFO - Processing /home/airflow/.local/lib/python3.8/site-packages/airflow/example_dags/example_branch_python_dop_operator_3.py took 0.035 seconds
[2024-03-15T08:12:56.410+0000] {processor.py:161} INFO - Started process (PID=934) to work on /home/airflow/.local/lib/python3.8/site-packages/airflow/example_dags/example_branch_python_dop_operator_3.py
[2024-03-15T08:12:56.411+0000] {processor.py:830} INFO - Processing file /home/airflow/.local/lib/python3.8/site-packages/airflow/example_dags/example_branch_python_dop_operator_3.py for tasks to queue
[2024-03-15T08:12:56.411+0000] {logging_mixin.py:188} INFO - [2024-03-15T08:12:56.411+0000] {dagbag.py:540} INFO - Filling up the DagBag from /home/airflow/.local/lib/python3.8/site-packages/airflow/example_dags/example_branch_python_dop_operator_3.py
[2024-03-15T08:12:56.415+0000] {processor.py:840} INFO - DAG(s) 'example_branch_dop_operator_v3' retrieved from /home/airflow/.local/lib/python3.8/site-packages/airflow/example_dags/example_branch_python_dop_operator_3.py
[2024-03-15T08:12:56.424+0000] {logging_mixin.py:188} INFO - [2024-03-15T08:12:56.423+0000] {dag.py:3047} INFO - Sync 1 DAGs
[2024-03-15T08:12:56.434+0000] {logging_mixin.py:188} INFO - [2024-03-15T08:12:56.434+0000] {dag.py:3834} INFO - Setting next_dagrun for example_branch_dop_operator_v3 to 2024-03-15 08:11:00+00:00, run_after=2024-03-15 08:12:00+00:00
[2024-03-15T08:12:56.440+0000] {processor.py:183} INFO - Processing /home/airflow/.local/lib/python3.8/site-packages/airflow/example_dags/example_branch_python_dop_operator_3.py took 0.031 seconds
[2024-03-15T08:13:26.662+0000] {processor.py:161} INFO - Started process (PID=989) to work on /home/airflow/.local/lib/python3.8/site-packages/airflow/example_dags/example_branch_python_dop_operator_3.py
[2024-03-15T08:13:26.662+0000] {processor.py:830} INFO - Processing file /home/airflow/.local/lib/python3.8/site-packages/airflow/example_dags/example_branch_python_dop_operator_3.py for tasks to queue
[2024-03-15T08:13:26.663+0000] {logging_mixin.py:188} INFO - [2024-03-15T08:13:26.663+0000] {dagbag.py:540} INFO - Filling up the DagBag from /home/airflow/.local/lib/python3.8/site-packages/airflow/example_dags/example_branch_python_dop_operator_3.py
[2024-03-15T08:13:26.667+0000] {processor.py:840} INFO - DAG(s) 'example_branch_dop_operator_v3' retrieved from /home/airflow/.local/lib/python3.8/site-packages/airflow/example_dags/example_branch_python_dop_operator_3.py
[2024-03-15T08:13:26.675+0000] {logging_mixin.py:188} INFO - [2024-03-15T08:13:26.675+0000] {dag.py:3047} INFO - Sync 1 DAGs
[2024-03-15T08:13:26.685+0000] {logging_mixin.py:188} INFO - [2024-03-15T08:13:26.685+0000] {dag.py:3834} INFO - Setting next_dagrun for example_branch_dop_operator_v3 to 2024-03-15 08:12:00+00:00, run_after=2024-03-15 08:13:00+00:00
[2024-03-15T08:13:26.691+0000] {processor.py:183} INFO - Processing /home/airflow/.local/lib/python3.8/site-packages/airflow/example_dags/example_branch_python_dop_operator_3.py took 0.031 seconds
[2024-03-15T08:13:57.001+0000] {processor.py:161} INFO - Started process (PID=1044) to work on /home/airflow/.local/lib/python3.8/site-packages/airflow/example_dags/example_branch_python_dop_operator_3.py
[2024-03-15T08:13:57.001+0000] {processor.py:830} INFO - Processing file /home/airflow/.local/lib/python3.8/site-packages/airflow/example_dags/example_branch_python_dop_operator_3.py for tasks to queue
[2024-03-15T08:13:57.002+0000] {logging_mixin.py:188} INFO - [2024-03-15T08:13:57.002+0000] {dagbag.py:540} INFO - Filling up the DagBag from /home/airflow/.local/lib/python3.8/site-packages/airflow/example_dags/example_branch_python_dop_operator_3.py
[2024-03-15T08:13:57.006+0000] {processor.py:840} INFO - DAG(s) 'example_branch_dop_operator_v3' retrieved from /home/airflow/.local/lib/python3.8/site-packages/airflow/example_dags/example_branch_python_dop_operator_3.py
[2024-03-15T08:13:57.014+0000] {logging_mixin.py:188} INFO - [2024-03-15T08:13:57.014+0000] {dag.py:3047} INFO - Sync 1 DAGs
[2024-03-15T08:13:57.025+0000] {logging_mixin.py:188} INFO - [2024-03-15T08:13:57.025+0000] {dag.py:3834} INFO - Setting next_dagrun for example_branch_dop_operator_v3 to 2024-03-15 08:12:00+00:00, run_after=2024-03-15 08:13:00+00:00
[2024-03-15T08:13:57.032+0000] {processor.py:183} INFO - Processing /home/airflow/.local/lib/python3.8/site-packages/airflow/example_dags/example_branch_python_dop_operator_3.py took 0.032 seconds
[2024-03-15T08:14:27.335+0000] {processor.py:161} INFO - Started process (PID=1099) to work on /home/airflow/.local/lib/python3.8/site-packages/airflow/example_dags/example_branch_python_dop_operator_3.py
[2024-03-15T08:14:27.335+0000] {processor.py:830} INFO - Processing file /home/airflow/.local/lib/python3.8/site-packages/airflow/example_dags/example_branch_python_dop_operator_3.py for tasks to queue
[2024-03-15T08:14:27.336+0000] {logging_mixin.py:188} INFO - [2024-03-15T08:14:27.336+0000] {dagbag.py:540} INFO - Filling up the DagBag from /home/airflow/.local/lib/python3.8/site-packages/airflow/example_dags/example_branch_python_dop_operator_3.py
[2024-03-15T08:14:27.340+0000] {processor.py:840} INFO - DAG(s) 'example_branch_dop_operator_v3' retrieved from /home/airflow/.local/lib/python3.8/site-packages/airflow/example_dags/example_branch_python_dop_operator_3.py
[2024-03-15T08:14:27.348+0000] {logging_mixin.py:188} INFO - [2024-03-15T08:14:27.348+0000] {dag.py:3047} INFO - Sync 1 DAGs
[2024-03-15T08:14:27.358+0000] {logging_mixin.py:188} INFO - [2024-03-15T08:14:27.358+0000] {dag.py:3834} INFO - Setting next_dagrun for example_branch_dop_operator_v3 to 2024-03-15 08:13:00+00:00, run_after=2024-03-15 08:14:00+00:00
[2024-03-15T08:14:27.366+0000] {processor.py:183} INFO - Processing /home/airflow/.local/lib/python3.8/site-packages/airflow/example_dags/example_branch_python_dop_operator_3.py took 0.033 seconds
[2024-03-15T08:14:57.681+0000] {processor.py:161} INFO - Started process (PID=1154) to work on /home/airflow/.local/lib/python3.8/site-packages/airflow/example_dags/example_branch_python_dop_operator_3.py
[2024-03-15T08:14:57.681+0000] {processor.py:830} INFO - Processing file /home/airflow/.local/lib/python3.8/site-packages/airflow/example_dags/example_branch_python_dop_operator_3.py for tasks to queue
[2024-03-15T08:14:57.682+0000] {logging_mixin.py:188} INFO - [2024-03-15T08:14:57.682+0000] {dagbag.py:540} INFO - Filling up the DagBag from /home/airflow/.local/lib/python3.8/site-packages/airflow/example_dags/example_branch_python_dop_operator_3.py
[2024-03-15T08:14:57.686+0000] {processor.py:840} INFO - DAG(s) 'example_branch_dop_operator_v3' retrieved from /home/airflow/.local/lib/python3.8/site-packages/airflow/example_dags/example_branch_python_dop_operator_3.py
[2024-03-15T08:14:57.694+0000] {logging_mixin.py:188} INFO - [2024-03-15T08:14:57.694+0000] {dag.py:3047} INFO - Sync 1 DAGs
[2024-03-15T08:14:57.704+0000] {logging_mixin.py:188} INFO - [2024-03-15T08:14:57.704+0000] {dag.py:3834} INFO - Setting next_dagrun for example_branch_dop_operator_v3 to 2024-03-15 08:13:00+00:00, run_after=2024-03-15 08:14:00+00:00
[2024-03-15T08:14:57.711+0000] {processor.py:183} INFO - Processing /home/airflow/.local/lib/python3.8/site-packages/airflow/example_dags/example_branch_python_dop_operator_3.py took 0.031 seconds
[2024-03-15T08:15:28.044+0000] {processor.py:161} INFO - Started process (PID=1209) to work on /home/airflow/.local/lib/python3.8/site-packages/airflow/example_dags/example_branch_python_dop_operator_3.py
[2024-03-15T08:15:28.045+0000] {processor.py:830} INFO - Processing file /home/airflow/.local/lib/python3.8/site-packages/airflow/example_dags/example_branch_python_dop_operator_3.py for tasks to queue
[2024-03-15T08:15:28.046+0000] {logging_mixin.py:188} INFO - [2024-03-15T08:15:28.045+0000] {dagbag.py:540} INFO - Filling up the DagBag from /home/airflow/.local/lib/python3.8/site-packages/airflow/example_dags/example_branch_python_dop_operator_3.py
[2024-03-15T08:15:28.049+0000] {processor.py:840} INFO - DAG(s) 'example_branch_dop_operator_v3' retrieved from /home/airflow/.local/lib/python3.8/site-packages/airflow/example_dags/example_branch_python_dop_operator_3.py
[2024-03-15T08:15:28.058+0000] {logging_mixin.py:188} INFO - [2024-03-15T08:15:28.058+0000] {dag.py:3047} INFO - Sync 1 DAGs
[2024-03-15T08:15:28.069+0000] {logging_mixin.py:188} INFO - [2024-03-15T08:15:28.069+0000] {dag.py:3834} INFO - Setting next_dagrun for example_branch_dop_operator_v3 to 2024-03-15 08:14:00+00:00, run_after=2024-03-15 08:15:00+00:00
[2024-03-15T08:15:28.076+0000] {processor.py:183} INFO - Processing /home/airflow/.local/lib/python3.8/site-packages/airflow/example_dags/example_branch_python_dop_operator_3.py took 0.033 seconds
[2024-03-15T08:15:58.457+0000] {processor.py:161} INFO - Started process (PID=1264) to work on /home/airflow/.local/lib/python3.8/site-packages/airflow/example_dags/example_branch_python_dop_operator_3.py
[2024-03-15T08:15:58.457+0000] {processor.py:830} INFO - Processing file /home/airflow/.local/lib/python3.8/site-packages/airflow/example_dags/example_branch_python_dop_operator_3.py for tasks to queue
[2024-03-15T08:15:58.458+0000] {logging_mixin.py:188} INFO - [2024-03-15T08:15:58.458+0000] {dagbag.py:540} INFO - Filling up the DagBag from /home/airflow/.local/lib/python3.8/site-packages/airflow/example_dags/example_branch_python_dop_operator_3.py
[2024-03-15T08:15:58.463+0000] {processor.py:840} INFO - DAG(s) 'example_branch_dop_operator_v3' retrieved from /home/airflow/.local/lib/python3.8/site-packages/airflow/example_dags/example_branch_python_dop_operator_3.py
[2024-03-15T08:15:58.472+0000] {logging_mixin.py:188} INFO - [2024-03-15T08:15:58.472+0000] {dag.py:3047} INFO - Sync 1 DAGs
[2024-03-15T08:15:58.482+0000] {logging_mixin.py:188} INFO - [2024-03-15T08:15:58.482+0000] {dag.py:3834} INFO - Setting next_dagrun for example_branch_dop_operator_v3 to 2024-03-15 08:14:00+00:00, run_after=2024-03-15 08:15:00+00:00
[2024-03-15T08:15:58.489+0000] {processor.py:183} INFO - Processing /home/airflow/.local/lib/python3.8/site-packages/airflow/example_dags/example_branch_python_dop_operator_3.py took 0.034 seconds
[2024-03-15T08:16:28.803+0000] {processor.py:161} INFO - Started process (PID=1319) to work on /home/airflow/.local/lib/python3.8/site-packages/airflow/example_dags/example_branch_python_dop_operator_3.py
[2024-03-15T08:16:28.803+0000] {processor.py:830} INFO - Processing file /home/airflow/.local/lib/python3.8/site-packages/airflow/example_dags/example_branch_python_dop_operator_3.py for tasks to queue
[2024-03-15T08:16:28.804+0000] {logging_mixin.py:188} INFO - [2024-03-15T08:16:28.804+0000] {dagbag.py:540} INFO - Filling up the DagBag from /home/airflow/.local/lib/python3.8/site-packages/airflow/example_dags/example_branch_python_dop_operator_3.py
[2024-03-15T08:16:28.808+0000] {processor.py:840} INFO - DAG(s) 'example_branch_dop_operator_v3' retrieved from /home/airflow/.local/lib/python3.8/site-packages/airflow/example_dags/example_branch_python_dop_operator_3.py
[2024-03-15T08:16:28.816+0000] {logging_mixin.py:188} INFO - [2024-03-15T08:16:28.816+0000] {dag.py:3047} INFO - Sync 1 DAGs
[2024-03-15T08:16:28.827+0000] {logging_mixin.py:188} INFO - [2024-03-15T08:16:28.827+0000] {dag.py:3834} INFO - Setting next_dagrun for example_branch_dop_operator_v3 to 2024-03-15 08:15:00+00:00, run_after=2024-03-15 08:16:00+00:00
[2024-03-15T08:16:28.834+0000] {processor.py:183} INFO - Processing /home/airflow/.local/lib/python3.8/site-packages/airflow/example_dags/example_branch_python_dop_operator_3.py took 0.032 seconds
[2024-03-15T08:16:59.098+0000] {processor.py:161} INFO - Started process (PID=1374) to work on /home/airflow/.local/lib/python3.8/site-packages/airflow/example_dags/example_branch_python_dop_operator_3.py
[2024-03-15T08:16:59.099+0000] {processor.py:830} INFO - Processing file /home/airflow/.local/lib/python3.8/site-packages/airflow/example_dags/example_branch_python_dop_operator_3.py for tasks to queue
[2024-03-15T08:16:59.099+0000] {logging_mixin.py:188} INFO - [2024-03-15T08:16:59.099+0000] {dagbag.py:540} INFO - Filling up the DagBag from /home/airflow/.local/lib/python3.8/site-packages/airflow/example_dags/example_branch_python_dop_operator_3.py
[2024-03-15T08:16:59.103+0000] {processor.py:840} INFO - DAG(s) 'example_branch_dop_operator_v3' retrieved from /home/airflow/.local/lib/python3.8/site-packages/airflow/example_dags/example_branch_python_dop_operator_3.py
[2024-03-15T08:16:59.112+0000] {logging_mixin.py:188} INFO - [2024-03-15T08:16:59.112+0000] {dag.py:3047} INFO - Sync 1 DAGs
[2024-03-15T08:16:59.122+0000] {logging_mixin.py:188} INFO - [2024-03-15T08:16:59.122+0000] {dag.py:3834} INFO - Setting next_dagrun for example_branch_dop_operator_v3 to 2024-03-15 08:15:00+00:00, run_after=2024-03-15 08:16:00+00:00
[2024-03-15T08:16:59.129+0000] {processor.py:183} INFO - Processing /home/airflow/.local/lib/python3.8/site-packages/airflow/example_dags/example_branch_python_dop_operator_3.py took 0.032 seconds
[2024-03-15T08:17:29.480+0000] {processor.py:161} INFO - Started process (PID=1429) to work on /home/airflow/.local/lib/python3.8/site-packages/airflow/example_dags/example_branch_python_dop_operator_3.py
[2024-03-15T08:17:29.481+0000] {processor.py:830} INFO - Processing file /home/airflow/.local/lib/python3.8/site-packages/airflow/example_dags/example_branch_python_dop_operator_3.py for tasks to queue
[2024-03-15T08:17:29.481+0000] {logging_mixin.py:188} INFO - [2024-03-15T08:17:29.481+0000] {dagbag.py:540} INFO - Filling up the DagBag from /home/airflow/.local/lib/python3.8/site-packages/airflow/example_dags/example_branch_python_dop_operator_3.py
[2024-03-15T08:17:29.485+0000] {processor.py:840} INFO - DAG(s) 'example_branch_dop_operator_v3' retrieved from /home/airflow/.local/lib/python3.8/site-packages/airflow/example_dags/example_branch_python_dop_operator_3.py
[2024-03-15T08:17:29.493+0000] {logging_mixin.py:188} INFO - [2024-03-15T08:17:29.493+0000] {dag.py:3047} INFO - Sync 1 DAGs
[2024-03-15T08:17:29.503+0000] {logging_mixin.py:188} INFO - [2024-03-15T08:17:29.503+0000] {dag.py:3834} INFO - Setting next_dagrun for example_branch_dop_operator_v3 to 2024-03-15 08:16:00+00:00, run_after=2024-03-15 08:17:00+00:00
[2024-03-15T08:17:29.509+0000] {processor.py:183} INFO - Processing /home/airflow/.local/lib/python3.8/site-packages/airflow/example_dags/example_branch_python_dop_operator_3.py took 0.030 seconds
[2024-03-15T08:17:59.833+0000] {processor.py:161} INFO - Started process (PID=1484) to work on /home/airflow/.local/lib/python3.8/site-packages/airflow/example_dags/example_branch_python_dop_operator_3.py
[2024-03-15T08:17:59.834+0000] {processor.py:830} INFO - Processing file /home/airflow/.local/lib/python3.8/site-packages/airflow/example_dags/example_branch_python_dop_operator_3.py for tasks to queue
[2024-03-15T08:17:59.835+0000] {logging_mixin.py:188} INFO - [2024-03-15T08:17:59.835+0000] {dagbag.py:540} INFO - Filling up the DagBag from /home/airflow/.local/lib/python3.8/site-packages/airflow/example_dags/example_branch_python_dop_operator_3.py
[2024-03-15T08:17:59.838+0000] {processor.py:840} INFO - DAG(s) 'example_branch_dop_operator_v3' retrieved from /home/airflow/.local/lib/python3.8/site-packages/airflow/example_dags/example_branch_python_dop_operator_3.py
[2024-03-15T08:17:59.847+0000] {logging_mixin.py:188} INFO - [2024-03-15T08:17:59.847+0000] {dag.py:3047} INFO - Sync 1 DAGs
[2024-03-15T08:17:59.856+0000] {logging_mixin.py:188} INFO - [2024-03-15T08:17:59.856+0000] {dag.py:3834} INFO - Setting next_dagrun for example_branch_dop_operator_v3 to 2024-03-15 08:16:00+00:00, run_after=2024-03-15 08:17:00+00:00
[2024-03-15T08:17:59.862+0000] {processor.py:183} INFO - Processing /home/airflow/.local/lib/python3.8/site-packages/airflow/example_dags/example_branch_python_dop_operator_3.py took 0.030 seconds
[2024-03-15T08:18:30.192+0000] {processor.py:161} INFO - Started process (PID=1539) to work on /home/airflow/.local/lib/python3.8/site-packages/airflow/example_dags/example_branch_python_dop_operator_3.py
[2024-03-15T08:18:30.193+0000] {processor.py:830} INFO - Processing file /home/airflow/.local/lib/python3.8/site-packages/airflow/example_dags/example_branch_python_dop_operator_3.py for tasks to queue
[2024-03-15T08:18:30.194+0000] {logging_mixin.py:188} INFO - [2024-03-15T08:18:30.193+0000] {dagbag.py:540} INFO - Filling up the DagBag from /home/airflow/.local/lib/python3.8/site-packages/airflow/example_dags/example_branch_python_dop_operator_3.py
[2024-03-15T08:18:30.198+0000] {processor.py:840} INFO - DAG(s) 'example_branch_dop_operator_v3' retrieved from /home/airflow/.local/lib/python3.8/site-packages/airflow/example_dags/example_branch_python_dop_operator_3.py
[2024-03-15T08:18:30.206+0000] {logging_mixin.py:188} INFO - [2024-03-15T08:18:30.206+0000] {dag.py:3047} INFO - Sync 1 DAGs
[2024-03-15T08:18:30.217+0000] {logging_mixin.py:188} INFO - [2024-03-15T08:18:30.217+0000] {dag.py:3834} INFO - Setting next_dagrun for example_branch_dop_operator_v3 to 2024-03-15 08:17:00+00:00, run_after=2024-03-15 08:18:00+00:00
[2024-03-15T08:18:30.225+0000] {processor.py:183} INFO - Processing /home/airflow/.local/lib/python3.8/site-packages/airflow/example_dags/example_branch_python_dop_operator_3.py took 0.034 seconds
[2024-03-15T08:19:00.592+0000] {processor.py:161} INFO - Started process (PID=1593) to work on /home/airflow/.local/lib/python3.8/site-packages/airflow/example_dags/example_branch_python_dop_operator_3.py
[2024-03-15T08:19:00.592+0000] {processor.py:830} INFO - Processing file /home/airflow/.local/lib/python3.8/site-packages/airflow/example_dags/example_branch_python_dop_operator_3.py for tasks to queue
[2024-03-15T08:19:00.593+0000] {logging_mixin.py:188} INFO - [2024-03-15T08:19:00.593+0000] {dagbag.py:540} INFO - Filling up the DagBag from /home/airflow/.local/lib/python3.8/site-packages/airflow/example_dags/example_branch_python_dop_operator_3.py
[2024-03-15T08:19:00.597+0000] {processor.py:840} INFO - DAG(s) 'example_branch_dop_operator_v3' retrieved from /home/airflow/.local/lib/python3.8/site-packages/airflow/example_dags/example_branch_python_dop_operator_3.py
[2024-03-15T08:19:00.605+0000] {logging_mixin.py:188} INFO - [2024-03-15T08:19:00.605+0000] {dag.py:3047} INFO - Sync 1 DAGs
[2024-03-15T08:19:00.615+0000] {logging_mixin.py:188} INFO - [2024-03-15T08:19:00.615+0000] {dag.py:3834} INFO - Setting next_dagrun for example_branch_dop_operator_v3 to 2024-03-15 08:18:00+00:00, run_after=2024-03-15 08:19:00+00:00
[2024-03-15T08:19:00.622+0000] {processor.py:183} INFO - Processing /home/airflow/.local/lib/python3.8/site-packages/airflow/example_dags/example_branch_python_dop_operator_3.py took 0.032 seconds
[2024-03-15T08:19:30.910+0000] {processor.py:161} INFO - Started process (PID=1649) to work on /home/airflow/.local/lib/python3.8/site-packages/airflow/example_dags/example_branch_python_dop_operator_3.py
[2024-03-15T08:19:30.910+0000] {processor.py:830} INFO - Processing file /home/airflow/.local/lib/python3.8/site-packages/airflow/example_dags/example_branch_python_dop_operator_3.py for tasks to queue
[2024-03-15T08:19:30.911+0000] {logging_mixin.py:188} INFO - [2024-03-15T08:19:30.911+0000] {dagbag.py:540} INFO - Filling up the DagBag from /home/airflow/.local/lib/python3.8/site-packages/airflow/example_dags/example_branch_python_dop_operator_3.py
[2024-03-15T08:19:30.915+0000] {processor.py:840} INFO - DAG(s) 'example_branch_dop_operator_v3' retrieved from /home/airflow/.local/lib/python3.8/site-packages/airflow/example_dags/example_branch_python_dop_operator_3.py
[2024-03-15T08:19:30.923+0000] {logging_mixin.py:188} INFO - [2024-03-15T08:19:30.923+0000] {dag.py:3047} INFO - Sync 1 DAGs
[2024-03-15T08:19:30.933+0000] {logging_mixin.py:188} INFO - [2024-03-15T08:19:30.933+0000] {dag.py:3834} INFO - Setting next_dagrun for example_branch_dop_operator_v3 to 2024-03-15 08:18:00+00:00, run_after=2024-03-15 08:19:00+00:00
[2024-03-15T08:19:30.940+0000] {processor.py:183} INFO - Processing /home/airflow/.local/lib/python3.8/site-packages/airflow/example_dags/example_branch_python_dop_operator_3.py took 0.032 seconds
[2024-03-15T08:20:01.268+0000] {processor.py:161} INFO - Started process (PID=1704) to work on /home/airflow/.local/lib/python3.8/site-packages/airflow/example_dags/example_branch_python_dop_operator_3.py
[2024-03-15T08:20:01.269+0000] {processor.py:830} INFO - Processing file /home/airflow/.local/lib/python3.8/site-packages/airflow/example_dags/example_branch_python_dop_operator_3.py for tasks to queue
[2024-03-15T08:20:01.269+0000] {logging_mixin.py:188} INFO - [2024-03-15T08:20:01.269+0000] {dagbag.py:540} INFO - Filling up the DagBag from /home/airflow/.local/lib/python3.8/site-packages/airflow/example_dags/example_branch_python_dop_operator_3.py
[2024-03-15T08:20:01.273+0000] {processor.py:840} INFO - DAG(s) 'example_branch_dop_operator_v3' retrieved from /home/airflow/.local/lib/python3.8/site-packages/airflow/example_dags/example_branch_python_dop_operator_3.py
[2024-03-15T08:20:01.281+0000] {logging_mixin.py:188} INFO - [2024-03-15T08:20:01.281+0000] {dag.py:3047} INFO - Sync 1 DAGs
[2024-03-15T08:20:01.292+0000] {logging_mixin.py:188} INFO - [2024-03-15T08:20:01.292+0000] {dag.py:3834} INFO - Setting next_dagrun for example_branch_dop_operator_v3 to 2024-03-15 08:19:00+00:00, run_after=2024-03-15 08:20:00+00:00
[2024-03-15T08:20:01.299+0000] {processor.py:183} INFO - Processing /home/airflow/.local/lib/python3.8/site-packages/airflow/example_dags/example_branch_python_dop_operator_3.py took 0.033 seconds
[2024-03-15T08:20:31.597+0000] {processor.py:161} INFO - Started process (PID=1758) to work on /home/airflow/.local/lib/python3.8/site-packages/airflow/example_dags/example_branch_python_dop_operator_3.py
[2024-03-15T08:20:31.597+0000] {processor.py:830} INFO - Processing file /home/airflow/.local/lib/python3.8/site-packages/airflow/example_dags/example_branch_python_dop_operator_3.py for tasks to queue
[2024-03-15T08:20:31.598+0000] {logging_mixin.py:188} INFO - [2024-03-15T08:20:31.598+0000] {dagbag.py:540} INFO - Filling up the DagBag from /home/airflow/.local/lib/python3.8/site-packages/airflow/example_dags/example_branch_python_dop_operator_3.py
[2024-03-15T08:20:31.602+0000] {processor.py:840} INFO - DAG(s) 'example_branch_dop_operator_v3' retrieved from /home/airflow/.local/lib/python3.8/site-packages/airflow/example_dags/example_branch_python_dop_operator_3.py
[2024-03-15T08:20:31.610+0000] {logging_mixin.py:188} INFO - [2024-03-15T08:20:31.610+0000] {dag.py:3047} INFO - Sync 1 DAGs
[2024-03-15T08:20:31.620+0000] {logging_mixin.py:188} INFO - [2024-03-15T08:20:31.620+0000] {dag.py:3834} INFO - Setting next_dagrun for example_branch_dop_operator_v3 to 2024-03-15 08:19:00+00:00, run_after=2024-03-15 08:20:00+00:00
[2024-03-15T08:20:31.627+0000] {processor.py:183} INFO - Processing /home/airflow/.local/lib/python3.8/site-packages/airflow/example_dags/example_branch_python_dop_operator_3.py took 0.032 seconds
[2024-03-15T08:21:01.933+0000] {processor.py:161} INFO - Started process (PID=1813) to work on /home/airflow/.local/lib/python3.8/site-packages/airflow/example_dags/example_branch_python_dop_operator_3.py
[2024-03-15T08:21:01.933+0000] {processor.py:830} INFO - Processing file /home/airflow/.local/lib/python3.8/site-packages/airflow/example_dags/example_branch_python_dop_operator_3.py for tasks to queue
[2024-03-15T08:21:01.934+0000] {logging_mixin.py:188} INFO - [2024-03-15T08:21:01.934+0000] {dagbag.py:540} INFO - Filling up the DagBag from /home/airflow/.local/lib/python3.8/site-packages/airflow/example_dags/example_branch_python_dop_operator_3.py
[2024-03-15T08:21:01.938+0000] {processor.py:840} INFO - DAG(s) 'example_branch_dop_operator_v3' retrieved from /home/airflow/.local/lib/python3.8/site-packages/airflow/example_dags/example_branch_python_dop_operator_3.py
[2024-03-15T08:21:01.946+0000] {logging_mixin.py:188} INFO - [2024-03-15T08:21:01.946+0000] {dag.py:3047} INFO - Sync 1 DAGs
[2024-03-15T08:21:01.958+0000] {logging_mixin.py:188} INFO - [2024-03-15T08:21:01.958+0000] {dag.py:3834} INFO - Setting next_dagrun for example_branch_dop_operator_v3 to 2024-03-15 08:20:00+00:00, run_after=2024-03-15 08:21:00+00:00
[2024-03-15T08:21:01.965+0000] {processor.py:183} INFO - Processing /home/airflow/.local/lib/python3.8/site-packages/airflow/example_dags/example_branch_python_dop_operator_3.py took 0.034 seconds
[2024-03-15T08:21:32.228+0000] {processor.py:161} INFO - Started process (PID=1868) to work on /home/airflow/.local/lib/python3.8/site-packages/airflow/example_dags/example_branch_python_dop_operator_3.py
[2024-03-15T08:21:32.228+0000] {processor.py:830} INFO - Processing file /home/airflow/.local/lib/python3.8/site-packages/airflow/example_dags/example_branch_python_dop_operator_3.py for tasks to queue
[2024-03-15T08:21:32.229+0000] {logging_mixin.py:188} INFO - [2024-03-15T08:21:32.229+0000] {dagbag.py:540} INFO - Filling up the DagBag from /home/airflow/.local/lib/python3.8/site-packages/airflow/example_dags/example_branch_python_dop_operator_3.py
[2024-03-15T08:21:32.232+0000] {processor.py:840} INFO - DAG(s) 'example_branch_dop_operator_v3' retrieved from /home/airflow/.local/lib/python3.8/site-packages/airflow/example_dags/example_branch_python_dop_operator_3.py
[2024-03-15T08:21:32.241+0000] {logging_mixin.py:188} INFO - [2024-03-15T08:21:32.241+0000] {dag.py:3047} INFO - Sync 1 DAGs
[2024-03-15T08:21:32.250+0000] {logging_mixin.py:188} INFO - [2024-03-15T08:21:32.250+0000] {dag.py:3834} INFO - Setting next_dagrun for example_branch_dop_operator_v3 to 2024-03-15 08:20:00+00:00, run_after=2024-03-15 08:21:00+00:00
[2024-03-15T08:21:32.257+0000] {processor.py:183} INFO - Processing /home/airflow/.local/lib/python3.8/site-packages/airflow/example_dags/example_branch_python_dop_operator_3.py took 0.030 seconds
[2024-03-15T08:22:02.481+0000] {processor.py:161} INFO - Started process (PID=1922) to work on /home/airflow/.local/lib/python3.8/site-packages/airflow/example_dags/example_branch_python_dop_operator_3.py
[2024-03-15T08:22:02.482+0000] {processor.py:830} INFO - Processing file /home/airflow/.local/lib/python3.8/site-packages/airflow/example_dags/example_branch_python_dop_operator_3.py for tasks to queue
[2024-03-15T08:22:02.482+0000] {logging_mixin.py:188} INFO - [2024-03-15T08:22:02.482+0000] {dagbag.py:540} INFO - Filling up the DagBag from /home/airflow/.local/lib/python3.8/site-packages/airflow/example_dags/example_branch_python_dop_operator_3.py
[2024-03-15T08:22:02.486+0000] {processor.py:840} INFO - DAG(s) 'example_branch_dop_operator_v3' retrieved from /home/airflow/.local/lib/python3.8/site-packages/airflow/example_dags/example_branch_python_dop_operator_3.py
[2024-03-15T08:22:02.495+0000] {logging_mixin.py:188} INFO - [2024-03-15T08:22:02.495+0000] {dag.py:3047} INFO - Sync 1 DAGs
[2024-03-15T08:22:02.505+0000] {logging_mixin.py:188} INFO - [2024-03-15T08:22:02.505+0000] {dag.py:3834} INFO - Setting next_dagrun for example_branch_dop_operator_v3 to 2024-03-15 08:21:00+00:00, run_after=2024-03-15 08:22:00+00:00
[2024-03-15T08:22:02.512+0000] {processor.py:183} INFO - Processing /home/airflow/.local/lib/python3.8/site-packages/airflow/example_dags/example_branch_python_dop_operator_3.py took 0.032 seconds
[2024-03-15T08:22:32.853+0000] {processor.py:161} INFO - Started process (PID=1977) to work on /home/airflow/.local/lib/python3.8/site-packages/airflow/example_dags/example_branch_python_dop_operator_3.py
[2024-03-15T08:22:32.854+0000] {processor.py:830} INFO - Processing file /home/airflow/.local/lib/python3.8/site-packages/airflow/example_dags/example_branch_python_dop_operator_3.py for tasks to queue
[2024-03-15T08:22:32.854+0000] {logging_mixin.py:188} INFO - [2024-03-15T08:22:32.854+0000] {dagbag.py:540} INFO - Filling up the DagBag from /home/airflow/.local/lib/python3.8/site-packages/airflow/example_dags/example_branch_python_dop_operator_3.py
[2024-03-15T08:22:32.858+0000] {processor.py:840} INFO - DAG(s) 'example_branch_dop_operator_v3' retrieved from /home/airflow/.local/lib/python3.8/site-packages/airflow/example_dags/example_branch_python_dop_operator_3.py
[2024-03-15T08:22:32.867+0000] {logging_mixin.py:188} INFO - [2024-03-15T08:22:32.867+0000] {dag.py:3047} INFO - Sync 1 DAGs
[2024-03-15T08:22:32.876+0000] {logging_mixin.py:188} INFO - [2024-03-15T08:22:32.876+0000] {dag.py:3834} INFO - Setting next_dagrun for example_branch_dop_operator_v3 to 2024-03-15 08:21:00+00:00, run_after=2024-03-15 08:22:00+00:00
[2024-03-15T08:22:32.883+0000] {processor.py:183} INFO - Processing /home/airflow/.local/lib/python3.8/site-packages/airflow/example_dags/example_branch_python_dop_operator_3.py took 0.031 seconds
[2024-03-15T08:23:03.343+0000] {processor.py:161} INFO - Started process (PID=2032) to work on /home/airflow/.local/lib/python3.8/site-packages/airflow/example_dags/example_branch_python_dop_operator_3.py
[2024-03-15T08:23:03.344+0000] {processor.py:830} INFO - Processing file /home/airflow/.local/lib/python3.8/site-packages/airflow/example_dags/example_branch_python_dop_operator_3.py for tasks to queue
[2024-03-15T08:23:03.344+0000] {logging_mixin.py:188} INFO - [2024-03-15T08:23:03.344+0000] {dagbag.py:540} INFO - Filling up the DagBag from /home/airflow/.local/lib/python3.8/site-packages/airflow/example_dags/example_branch_python_dop_operator_3.py
[2024-03-15T08:23:03.348+0000] {processor.py:840} INFO - DAG(s) 'example_branch_dop_operator_v3' retrieved from /home/airflow/.local/lib/python3.8/site-packages/airflow/example_dags/example_branch_python_dop_operator_3.py
[2024-03-15T08:23:03.357+0000] {logging_mixin.py:188} INFO - [2024-03-15T08:23:03.357+0000] {dag.py:3047} INFO - Sync 1 DAGs
[2024-03-15T08:23:03.367+0000] {logging_mixin.py:188} INFO - [2024-03-15T08:23:03.367+0000] {dag.py:3834} INFO - Setting next_dagrun for example_branch_dop_operator_v3 to 2024-03-15 08:22:00+00:00, run_after=2024-03-15 08:23:00+00:00
[2024-03-15T08:23:03.373+0000] {processor.py:183} INFO - Processing /home/airflow/.local/lib/python3.8/site-packages/airflow/example_dags/example_branch_python_dop_operator_3.py took 0.031 seconds
[2024-03-15T08:23:33.863+0000] {processor.py:161} INFO - Started process (PID=2086) to work on /home/airflow/.local/lib/python3.8/site-packages/airflow/example_dags/example_branch_python_dop_operator_3.py
[2024-03-15T08:23:33.863+0000] {processor.py:830} INFO - Processing file /home/airflow/.local/lib/python3.8/site-packages/airflow/example_dags/example_branch_python_dop_operator_3.py for tasks to queue
[2024-03-15T08:23:33.864+0000] {logging_mixin.py:188} INFO - [2024-03-15T08:23:33.864+0000] {dagbag.py:540} INFO - Filling up the DagBag from /home/airflow/.local/lib/python3.8/site-packages/airflow/example_dags/example_branch_python_dop_operator_3.py
[2024-03-15T08:23:33.868+0000] {processor.py:840} INFO - DAG(s) 'example_branch_dop_operator_v3' retrieved from /home/airflow/.local/lib/python3.8/site-packages/airflow/example_dags/example_branch_python_dop_operator_3.py
[2024-03-15T08:23:33.877+0000] {logging_mixin.py:188} INFO - [2024-03-15T08:23:33.876+0000] {dag.py:3047} INFO - Sync 1 DAGs
[2024-03-15T08:23:33.886+0000] {logging_mixin.py:188} INFO - [2024-03-15T08:23:33.886+0000] {dag.py:3834} INFO - Setting next_dagrun for example_branch_dop_operator_v3 to 2024-03-15 08:22:00+00:00, run_after=2024-03-15 08:23:00+00:00
[2024-03-15T08:23:33.893+0000] {processor.py:183} INFO - Processing /home/airflow/.local/lib/python3.8/site-packages/airflow/example_dags/example_branch_python_dop_operator_3.py took 0.032 seconds
