[2024-03-15T08:04:49.213+0000] {processor.py:161} INFO - Started process (PID=66) to work on /home/airflow/.local/lib/python3.8/site-packages/airflow/example_dags/example_datasets.py
[2024-03-15T08:04:49.213+0000] {processor.py:830} INFO - Processing file /home/airflow/.local/lib/python3.8/site-packages/airflow/example_dags/example_datasets.py for tasks to queue
[2024-03-15T08:04:49.214+0000] {logging_mixin.py:188} INFO - [2024-03-15T08:04:49.214+0000] {dagbag.py:540} INFO - Filling up the DagBag from /home/airflow/.local/lib/python3.8/site-packages/airflow/example_dags/example_datasets.py
[2024-03-15T08:04:49.220+0000] {processor.py:840} INFO - DAG(s) 'dataset_produces_2', 'dataset_consumes_1_and_2', 'dataset_consumes_unknown_never_scheduled', 'dataset_consumes_1_never_scheduled', 'dataset_consumes_1', 'dataset_produces_1' retrieved from /home/airflow/.local/lib/python3.8/site-packages/airflow/example_dags/example_datasets.py
[2024-03-15T08:04:49.226+0000] {logging_mixin.py:188} INFO - [2024-03-15T08:04:49.226+0000] {dag.py:3047} INFO - Sync 6 DAGs
[2024-03-15T08:04:49.237+0000] {logging_mixin.py:188} INFO - [2024-03-15T08:04:49.237+0000] {dag.py:3834} INFO - Setting next_dagrun for dataset_consumes_1 to None, run_after=None
[2024-03-15T08:04:49.239+0000] {logging_mixin.py:188} INFO - [2024-03-15T08:04:49.239+0000] {dag.py:3834} INFO - Setting next_dagrun for dataset_consumes_1_and_2 to None, run_after=None
[2024-03-15T08:04:49.240+0000] {logging_mixin.py:188} INFO - [2024-03-15T08:04:49.240+0000] {dag.py:3834} INFO - Setting next_dagrun for dataset_consumes_1_never_scheduled to None, run_after=None
[2024-03-15T08:04:49.241+0000] {logging_mixin.py:188} INFO - [2024-03-15T08:04:49.241+0000] {dag.py:3834} INFO - Setting next_dagrun for dataset_consumes_unknown_never_scheduled to None, run_after=None
[2024-03-15T08:04:49.242+0000] {logging_mixin.py:188} INFO - [2024-03-15T08:04:49.242+0000] {dag.py:3834} INFO - Setting next_dagrun for dataset_produces_1 to 2024-03-14 00:00:00+00:00, run_after=2024-03-15 00:00:00+00:00
[2024-03-15T08:04:49.243+0000] {logging_mixin.py:188} INFO - [2024-03-15T08:04:49.243+0000] {dag.py:3834} INFO - Setting next_dagrun for dataset_produces_2 to None, run_after=None
[2024-03-15T08:04:49.257+0000] {processor.py:183} INFO - Processing /home/airflow/.local/lib/python3.8/site-packages/airflow/example_dags/example_datasets.py took 0.046 seconds
[2024-03-15T08:05:20.521+0000] {processor.py:161} INFO - Started process (PID=121) to work on /home/airflow/.local/lib/python3.8/site-packages/airflow/example_dags/example_datasets.py
[2024-03-15T08:05:20.521+0000] {processor.py:830} INFO - Processing file /home/airflow/.local/lib/python3.8/site-packages/airflow/example_dags/example_datasets.py for tasks to queue
[2024-03-15T08:05:20.522+0000] {logging_mixin.py:188} INFO - [2024-03-15T08:05:20.522+0000] {dagbag.py:540} INFO - Filling up the DagBag from /home/airflow/.local/lib/python3.8/site-packages/airflow/example_dags/example_datasets.py
[2024-03-15T08:05:20.526+0000] {processor.py:840} INFO - DAG(s) 'dataset_produces_2', 'dataset_produces_1', 'dataset_consumes_1', 'dataset_consumes_1_and_2', 'dataset_consumes_1_never_scheduled', 'dataset_consumes_unknown_never_scheduled' retrieved from /home/airflow/.local/lib/python3.8/site-packages/airflow/example_dags/example_datasets.py
[2024-03-15T08:05:20.584+0000] {logging_mixin.py:188} INFO - [2024-03-15T08:05:20.584+0000] {dag.py:3047} INFO - Sync 6 DAGs
[2024-03-15T08:05:20.592+0000] {logging_mixin.py:188} INFO - [2024-03-15T08:05:20.592+0000] {dag.py:3834} INFO - Setting next_dagrun for dataset_consumes_1 to None, run_after=None
[2024-03-15T08:05:20.593+0000] {logging_mixin.py:188} INFO - [2024-03-15T08:05:20.593+0000] {dag.py:3834} INFO - Setting next_dagrun for dataset_consumes_1_and_2 to None, run_after=None
[2024-03-15T08:05:20.593+0000] {logging_mixin.py:188} INFO - [2024-03-15T08:05:20.593+0000] {dag.py:3834} INFO - Setting next_dagrun for dataset_consumes_1_never_scheduled to None, run_after=None
[2024-03-15T08:05:20.594+0000] {logging_mixin.py:188} INFO - [2024-03-15T08:05:20.594+0000] {dag.py:3834} INFO - Setting next_dagrun for dataset_consumes_unknown_never_scheduled to None, run_after=None
[2024-03-15T08:05:20.595+0000] {logging_mixin.py:188} INFO - [2024-03-15T08:05:20.595+0000] {dag.py:3834} INFO - Setting next_dagrun for dataset_produces_1 to 2024-03-14 00:00:00+00:00, run_after=2024-03-15 00:00:00+00:00
[2024-03-15T08:05:20.596+0000] {logging_mixin.py:188} INFO - [2024-03-15T08:05:20.596+0000] {dag.py:3834} INFO - Setting next_dagrun for dataset_produces_2 to None, run_after=None
[2024-03-15T08:05:20.607+0000] {processor.py:183} INFO - Processing /home/airflow/.local/lib/python3.8/site-packages/airflow/example_dags/example_datasets.py took 0.088 seconds
[2024-03-15T08:05:51.255+0000] {processor.py:161} INFO - Started process (PID=176) to work on /home/airflow/.local/lib/python3.8/site-packages/airflow/example_dags/example_datasets.py
[2024-03-15T08:05:51.256+0000] {processor.py:830} INFO - Processing file /home/airflow/.local/lib/python3.8/site-packages/airflow/example_dags/example_datasets.py for tasks to queue
[2024-03-15T08:05:51.257+0000] {logging_mixin.py:188} INFO - [2024-03-15T08:05:51.257+0000] {dagbag.py:540} INFO - Filling up the DagBag from /home/airflow/.local/lib/python3.8/site-packages/airflow/example_dags/example_datasets.py
[2024-03-15T08:05:51.261+0000] {processor.py:840} INFO - DAG(s) 'dataset_consumes_1', 'dataset_consumes_1_never_scheduled', 'dataset_produces_1', 'dataset_consumes_unknown_never_scheduled', 'dataset_produces_2', 'dataset_consumes_1_and_2' retrieved from /home/airflow/.local/lib/python3.8/site-packages/airflow/example_dags/example_datasets.py
[2024-03-15T08:05:51.275+0000] {logging_mixin.py:188} INFO - [2024-03-15T08:05:51.275+0000] {dag.py:3047} INFO - Sync 6 DAGs
[2024-03-15T08:05:51.283+0000] {logging_mixin.py:188} INFO - [2024-03-15T08:05:51.283+0000] {dag.py:3834} INFO - Setting next_dagrun for dataset_consumes_1 to None, run_after=None
[2024-03-15T08:05:51.284+0000] {logging_mixin.py:188} INFO - [2024-03-15T08:05:51.284+0000] {dag.py:3834} INFO - Setting next_dagrun for dataset_consumes_1_and_2 to None, run_after=None
[2024-03-15T08:05:51.285+0000] {logging_mixin.py:188} INFO - [2024-03-15T08:05:51.285+0000] {dag.py:3834} INFO - Setting next_dagrun for dataset_consumes_1_never_scheduled to None, run_after=None
[2024-03-15T08:05:51.286+0000] {logging_mixin.py:188} INFO - [2024-03-15T08:05:51.285+0000] {dag.py:3834} INFO - Setting next_dagrun for dataset_consumes_unknown_never_scheduled to None, run_after=None
[2024-03-15T08:05:51.287+0000] {logging_mixin.py:188} INFO - [2024-03-15T08:05:51.287+0000] {dag.py:3834} INFO - Setting next_dagrun for dataset_produces_1 to 2024-03-14 00:00:00+00:00, run_after=2024-03-15 00:00:00+00:00
[2024-03-15T08:05:51.287+0000] {logging_mixin.py:188} INFO - [2024-03-15T08:05:51.287+0000] {dag.py:3834} INFO - Setting next_dagrun for dataset_produces_2 to None, run_after=None
[2024-03-15T08:05:51.298+0000] {processor.py:183} INFO - Processing /home/airflow/.local/lib/python3.8/site-packages/airflow/example_dags/example_datasets.py took 0.045 seconds
[2024-03-15T08:06:21.544+0000] {processor.py:161} INFO - Started process (PID=231) to work on /home/airflow/.local/lib/python3.8/site-packages/airflow/example_dags/example_datasets.py
[2024-03-15T08:06:21.544+0000] {processor.py:830} INFO - Processing file /home/airflow/.local/lib/python3.8/site-packages/airflow/example_dags/example_datasets.py for tasks to queue
[2024-03-15T08:06:21.545+0000] {logging_mixin.py:188} INFO - [2024-03-15T08:06:21.545+0000] {dagbag.py:540} INFO - Filling up the DagBag from /home/airflow/.local/lib/python3.8/site-packages/airflow/example_dags/example_datasets.py
[2024-03-15T08:06:21.550+0000] {processor.py:840} INFO - DAG(s) 'dataset_consumes_1_and_2', 'dataset_produces_1', 'dataset_produces_2', 'dataset_consumes_1', 'dataset_consumes_1_never_scheduled', 'dataset_consumes_unknown_never_scheduled' retrieved from /home/airflow/.local/lib/python3.8/site-packages/airflow/example_dags/example_datasets.py
[2024-03-15T08:06:21.563+0000] {logging_mixin.py:188} INFO - [2024-03-15T08:06:21.563+0000] {dag.py:3047} INFO - Sync 6 DAGs
[2024-03-15T08:06:21.571+0000] {logging_mixin.py:188} INFO - [2024-03-15T08:06:21.571+0000] {dag.py:3834} INFO - Setting next_dagrun for dataset_consumes_1 to None, run_after=None
[2024-03-15T08:06:21.572+0000] {logging_mixin.py:188} INFO - [2024-03-15T08:06:21.572+0000] {dag.py:3834} INFO - Setting next_dagrun for dataset_consumes_1_and_2 to None, run_after=None
[2024-03-15T08:06:21.573+0000] {logging_mixin.py:188} INFO - [2024-03-15T08:06:21.573+0000] {dag.py:3834} INFO - Setting next_dagrun for dataset_consumes_1_never_scheduled to None, run_after=None
[2024-03-15T08:06:21.574+0000] {logging_mixin.py:188} INFO - [2024-03-15T08:06:21.573+0000] {dag.py:3834} INFO - Setting next_dagrun for dataset_consumes_unknown_never_scheduled to None, run_after=None
[2024-03-15T08:06:21.575+0000] {logging_mixin.py:188} INFO - [2024-03-15T08:06:21.575+0000] {dag.py:3834} INFO - Setting next_dagrun for dataset_produces_1 to 2024-03-14 00:00:00+00:00, run_after=2024-03-15 00:00:00+00:00
[2024-03-15T08:06:21.575+0000] {logging_mixin.py:188} INFO - [2024-03-15T08:06:21.575+0000] {dag.py:3834} INFO - Setting next_dagrun for dataset_produces_2 to None, run_after=None
[2024-03-15T08:06:21.586+0000] {processor.py:183} INFO - Processing /home/airflow/.local/lib/python3.8/site-packages/airflow/example_dags/example_datasets.py took 0.044 seconds
[2024-03-15T08:06:51.845+0000] {processor.py:161} INFO - Started process (PID=286) to work on /home/airflow/.local/lib/python3.8/site-packages/airflow/example_dags/example_datasets.py
[2024-03-15T08:06:51.846+0000] {processor.py:830} INFO - Processing file /home/airflow/.local/lib/python3.8/site-packages/airflow/example_dags/example_datasets.py for tasks to queue
[2024-03-15T08:06:51.846+0000] {logging_mixin.py:188} INFO - [2024-03-15T08:06:51.846+0000] {dagbag.py:540} INFO - Filling up the DagBag from /home/airflow/.local/lib/python3.8/site-packages/airflow/example_dags/example_datasets.py
[2024-03-15T08:06:51.851+0000] {processor.py:840} INFO - DAG(s) 'dataset_consumes_1', 'dataset_produces_2', 'dataset_consumes_1_and_2', 'dataset_consumes_unknown_never_scheduled', 'dataset_consumes_1_never_scheduled', 'dataset_produces_1' retrieved from /home/airflow/.local/lib/python3.8/site-packages/airflow/example_dags/example_datasets.py
[2024-03-15T08:06:51.864+0000] {logging_mixin.py:188} INFO - [2024-03-15T08:06:51.864+0000] {dag.py:3047} INFO - Sync 6 DAGs
[2024-03-15T08:06:51.873+0000] {logging_mixin.py:188} INFO - [2024-03-15T08:06:51.873+0000] {dag.py:3834} INFO - Setting next_dagrun for dataset_consumes_1 to None, run_after=None
[2024-03-15T08:06:51.874+0000] {logging_mixin.py:188} INFO - [2024-03-15T08:06:51.874+0000] {dag.py:3834} INFO - Setting next_dagrun for dataset_consumes_1_and_2 to None, run_after=None
[2024-03-15T08:06:51.874+0000] {logging_mixin.py:188} INFO - [2024-03-15T08:06:51.874+0000] {dag.py:3834} INFO - Setting next_dagrun for dataset_consumes_1_never_scheduled to None, run_after=None
[2024-03-15T08:06:51.875+0000] {logging_mixin.py:188} INFO - [2024-03-15T08:06:51.875+0000] {dag.py:3834} INFO - Setting next_dagrun for dataset_consumes_unknown_never_scheduled to None, run_after=None
[2024-03-15T08:06:51.876+0000] {logging_mixin.py:188} INFO - [2024-03-15T08:06:51.876+0000] {dag.py:3834} INFO - Setting next_dagrun for dataset_produces_1 to 2024-03-14 00:00:00+00:00, run_after=2024-03-15 00:00:00+00:00
[2024-03-15T08:06:51.877+0000] {logging_mixin.py:188} INFO - [2024-03-15T08:06:51.876+0000] {dag.py:3834} INFO - Setting next_dagrun for dataset_produces_2 to None, run_after=None
[2024-03-15T08:06:51.887+0000] {processor.py:183} INFO - Processing /home/airflow/.local/lib/python3.8/site-packages/airflow/example_dags/example_datasets.py took 0.044 seconds
[2024-03-15T08:07:22.159+0000] {processor.py:161} INFO - Started process (PID=341) to work on /home/airflow/.local/lib/python3.8/site-packages/airflow/example_dags/example_datasets.py
[2024-03-15T08:07:22.161+0000] {processor.py:830} INFO - Processing file /home/airflow/.local/lib/python3.8/site-packages/airflow/example_dags/example_datasets.py for tasks to queue
[2024-03-15T08:07:22.162+0000] {logging_mixin.py:188} INFO - [2024-03-15T08:07:22.161+0000] {dagbag.py:540} INFO - Filling up the DagBag from /home/airflow/.local/lib/python3.8/site-packages/airflow/example_dags/example_datasets.py
[2024-03-15T08:07:22.167+0000] {processor.py:840} INFO - DAG(s) 'dataset_consumes_1_never_scheduled', 'dataset_consumes_1', 'dataset_consumes_1_and_2', 'dataset_produces_1', 'dataset_consumes_unknown_never_scheduled', 'dataset_produces_2' retrieved from /home/airflow/.local/lib/python3.8/site-packages/airflow/example_dags/example_datasets.py
[2024-03-15T08:07:22.180+0000] {logging_mixin.py:188} INFO - [2024-03-15T08:07:22.180+0000] {dag.py:3047} INFO - Sync 6 DAGs
[2024-03-15T08:07:22.189+0000] {logging_mixin.py:188} INFO - [2024-03-15T08:07:22.189+0000] {dag.py:3834} INFO - Setting next_dagrun for dataset_consumes_1 to None, run_after=None
[2024-03-15T08:07:22.190+0000] {logging_mixin.py:188} INFO - [2024-03-15T08:07:22.190+0000] {dag.py:3834} INFO - Setting next_dagrun for dataset_consumes_1_and_2 to None, run_after=None
[2024-03-15T08:07:22.191+0000] {logging_mixin.py:188} INFO - [2024-03-15T08:07:22.191+0000] {dag.py:3834} INFO - Setting next_dagrun for dataset_consumes_1_never_scheduled to None, run_after=None
[2024-03-15T08:07:22.191+0000] {logging_mixin.py:188} INFO - [2024-03-15T08:07:22.191+0000] {dag.py:3834} INFO - Setting next_dagrun for dataset_consumes_unknown_never_scheduled to None, run_after=None
[2024-03-15T08:07:22.192+0000] {logging_mixin.py:188} INFO - [2024-03-15T08:07:22.192+0000] {dag.py:3834} INFO - Setting next_dagrun for dataset_produces_1 to 2024-03-14 00:00:00+00:00, run_after=2024-03-15 00:00:00+00:00
[2024-03-15T08:07:22.193+0000] {logging_mixin.py:188} INFO - [2024-03-15T08:07:22.193+0000] {dag.py:3834} INFO - Setting next_dagrun for dataset_produces_2 to None, run_after=None
[2024-03-15T08:07:22.203+0000] {processor.py:183} INFO - Processing /home/airflow/.local/lib/python3.8/site-packages/airflow/example_dags/example_datasets.py took 0.046 seconds
[2024-03-15T08:07:52.420+0000] {processor.py:161} INFO - Started process (PID=396) to work on /home/airflow/.local/lib/python3.8/site-packages/airflow/example_dags/example_datasets.py
[2024-03-15T08:07:52.420+0000] {processor.py:830} INFO - Processing file /home/airflow/.local/lib/python3.8/site-packages/airflow/example_dags/example_datasets.py for tasks to queue
[2024-03-15T08:07:52.421+0000] {logging_mixin.py:188} INFO - [2024-03-15T08:07:52.421+0000] {dagbag.py:540} INFO - Filling up the DagBag from /home/airflow/.local/lib/python3.8/site-packages/airflow/example_dags/example_datasets.py
[2024-03-15T08:07:52.426+0000] {processor.py:840} INFO - DAG(s) 'dataset_produces_1', 'dataset_consumes_1_and_2', 'dataset_consumes_unknown_never_scheduled', 'dataset_consumes_1', 'dataset_produces_2', 'dataset_consumes_1_never_scheduled' retrieved from /home/airflow/.local/lib/python3.8/site-packages/airflow/example_dags/example_datasets.py
[2024-03-15T08:07:52.441+0000] {logging_mixin.py:188} INFO - [2024-03-15T08:07:52.440+0000] {dag.py:3047} INFO - Sync 6 DAGs
[2024-03-15T08:07:52.450+0000] {logging_mixin.py:188} INFO - [2024-03-15T08:07:52.450+0000] {dag.py:3834} INFO - Setting next_dagrun for dataset_consumes_1 to None, run_after=None
[2024-03-15T08:07:52.451+0000] {logging_mixin.py:188} INFO - [2024-03-15T08:07:52.451+0000] {dag.py:3834} INFO - Setting next_dagrun for dataset_consumes_1_and_2 to None, run_after=None
[2024-03-15T08:07:52.452+0000] {logging_mixin.py:188} INFO - [2024-03-15T08:07:52.452+0000] {dag.py:3834} INFO - Setting next_dagrun for dataset_consumes_1_never_scheduled to None, run_after=None
[2024-03-15T08:07:52.452+0000] {logging_mixin.py:188} INFO - [2024-03-15T08:07:52.452+0000] {dag.py:3834} INFO - Setting next_dagrun for dataset_consumes_unknown_never_scheduled to None, run_after=None
[2024-03-15T08:07:52.453+0000] {logging_mixin.py:188} INFO - [2024-03-15T08:07:52.453+0000] {dag.py:3834} INFO - Setting next_dagrun for dataset_produces_1 to 2024-03-14 00:00:00+00:00, run_after=2024-03-15 00:00:00+00:00
[2024-03-15T08:07:52.454+0000] {logging_mixin.py:188} INFO - [2024-03-15T08:07:52.454+0000] {dag.py:3834} INFO - Setting next_dagrun for dataset_produces_2 to None, run_after=None
[2024-03-15T08:07:52.465+0000] {processor.py:183} INFO - Processing /home/airflow/.local/lib/python3.8/site-packages/airflow/example_dags/example_datasets.py took 0.047 seconds
[2024-03-15T08:08:22.853+0000] {processor.py:161} INFO - Started process (PID=450) to work on /home/airflow/.local/lib/python3.8/site-packages/airflow/example_dags/example_datasets.py
[2024-03-15T08:08:22.854+0000] {processor.py:830} INFO - Processing file /home/airflow/.local/lib/python3.8/site-packages/airflow/example_dags/example_datasets.py for tasks to queue
[2024-03-15T08:08:22.854+0000] {logging_mixin.py:188} INFO - [2024-03-15T08:08:22.854+0000] {dagbag.py:540} INFO - Filling up the DagBag from /home/airflow/.local/lib/python3.8/site-packages/airflow/example_dags/example_datasets.py
[2024-03-15T08:08:22.859+0000] {processor.py:840} INFO - DAG(s) 'dataset_consumes_1_never_scheduled', 'dataset_consumes_1', 'dataset_produces_1', 'dataset_consumes_unknown_never_scheduled', 'dataset_produces_2', 'dataset_consumes_1_and_2' retrieved from /home/airflow/.local/lib/python3.8/site-packages/airflow/example_dags/example_datasets.py
[2024-03-15T08:08:22.873+0000] {logging_mixin.py:188} INFO - [2024-03-15T08:08:22.873+0000] {dag.py:3047} INFO - Sync 6 DAGs
[2024-03-15T08:08:22.883+0000] {logging_mixin.py:188} INFO - [2024-03-15T08:08:22.883+0000] {dag.py:3834} INFO - Setting next_dagrun for dataset_consumes_1 to None, run_after=None
[2024-03-15T08:08:22.884+0000] {logging_mixin.py:188} INFO - [2024-03-15T08:08:22.884+0000] {dag.py:3834} INFO - Setting next_dagrun for dataset_consumes_1_and_2 to None, run_after=None
[2024-03-15T08:08:22.885+0000] {logging_mixin.py:188} INFO - [2024-03-15T08:08:22.885+0000] {dag.py:3834} INFO - Setting next_dagrun for dataset_consumes_1_never_scheduled to None, run_after=None
[2024-03-15T08:08:22.886+0000] {logging_mixin.py:188} INFO - [2024-03-15T08:08:22.886+0000] {dag.py:3834} INFO - Setting next_dagrun for dataset_consumes_unknown_never_scheduled to None, run_after=None
[2024-03-15T08:08:22.887+0000] {logging_mixin.py:188} INFO - [2024-03-15T08:08:22.887+0000] {dag.py:3834} INFO - Setting next_dagrun for dataset_produces_1 to 2024-03-14 00:00:00+00:00, run_after=2024-03-15 00:00:00+00:00
[2024-03-15T08:08:22.888+0000] {logging_mixin.py:188} INFO - [2024-03-15T08:08:22.888+0000] {dag.py:3834} INFO - Setting next_dagrun for dataset_produces_2 to None, run_after=None
[2024-03-15T08:08:22.899+0000] {processor.py:183} INFO - Processing /home/airflow/.local/lib/python3.8/site-packages/airflow/example_dags/example_datasets.py took 0.048 seconds
[2024-03-15T08:08:53.179+0000] {processor.py:161} INFO - Started process (PID=505) to work on /home/airflow/.local/lib/python3.8/site-packages/airflow/example_dags/example_datasets.py
[2024-03-15T08:08:53.179+0000] {processor.py:830} INFO - Processing file /home/airflow/.local/lib/python3.8/site-packages/airflow/example_dags/example_datasets.py for tasks to queue
[2024-03-15T08:08:53.180+0000] {logging_mixin.py:188} INFO - [2024-03-15T08:08:53.180+0000] {dagbag.py:540} INFO - Filling up the DagBag from /home/airflow/.local/lib/python3.8/site-packages/airflow/example_dags/example_datasets.py
[2024-03-15T08:08:53.184+0000] {processor.py:840} INFO - DAG(s) 'dataset_consumes_1_and_2', 'dataset_consumes_1', 'dataset_produces_2', 'dataset_consumes_1_never_scheduled', 'dataset_consumes_unknown_never_scheduled', 'dataset_produces_1' retrieved from /home/airflow/.local/lib/python3.8/site-packages/airflow/example_dags/example_datasets.py
[2024-03-15T08:08:53.198+0000] {logging_mixin.py:188} INFO - [2024-03-15T08:08:53.197+0000] {dag.py:3047} INFO - Sync 6 DAGs
[2024-03-15T08:08:53.206+0000] {logging_mixin.py:188} INFO - [2024-03-15T08:08:53.206+0000] {dag.py:3834} INFO - Setting next_dagrun for dataset_consumes_1 to None, run_after=None
[2024-03-15T08:08:53.207+0000] {logging_mixin.py:188} INFO - [2024-03-15T08:08:53.207+0000] {dag.py:3834} INFO - Setting next_dagrun for dataset_consumes_1_and_2 to None, run_after=None
[2024-03-15T08:08:53.208+0000] {logging_mixin.py:188} INFO - [2024-03-15T08:08:53.208+0000] {dag.py:3834} INFO - Setting next_dagrun for dataset_consumes_1_never_scheduled to None, run_after=None
[2024-03-15T08:08:53.208+0000] {logging_mixin.py:188} INFO - [2024-03-15T08:08:53.208+0000] {dag.py:3834} INFO - Setting next_dagrun for dataset_consumes_unknown_never_scheduled to None, run_after=None
[2024-03-15T08:08:53.210+0000] {logging_mixin.py:188} INFO - [2024-03-15T08:08:53.209+0000] {dag.py:3834} INFO - Setting next_dagrun for dataset_produces_1 to 2024-03-14 00:00:00+00:00, run_after=2024-03-15 00:00:00+00:00
[2024-03-15T08:08:53.210+0000] {logging_mixin.py:188} INFO - [2024-03-15T08:08:53.210+0000] {dag.py:3834} INFO - Setting next_dagrun for dataset_produces_2 to None, run_after=None
[2024-03-15T08:08:53.221+0000] {processor.py:183} INFO - Processing /home/airflow/.local/lib/python3.8/site-packages/airflow/example_dags/example_datasets.py took 0.043 seconds
[2024-03-15T08:09:23.514+0000] {processor.py:161} INFO - Started process (PID=560) to work on /home/airflow/.local/lib/python3.8/site-packages/airflow/example_dags/example_datasets.py
[2024-03-15T08:09:23.514+0000] {processor.py:830} INFO - Processing file /home/airflow/.local/lib/python3.8/site-packages/airflow/example_dags/example_datasets.py for tasks to queue
[2024-03-15T08:09:23.515+0000] {logging_mixin.py:188} INFO - [2024-03-15T08:09:23.515+0000] {dagbag.py:540} INFO - Filling up the DagBag from /home/airflow/.local/lib/python3.8/site-packages/airflow/example_dags/example_datasets.py
[2024-03-15T08:09:23.519+0000] {processor.py:840} INFO - DAG(s) 'dataset_consumes_1_and_2', 'dataset_consumes_1_never_scheduled', 'dataset_consumes_unknown_never_scheduled', 'dataset_consumes_1', 'dataset_produces_1', 'dataset_produces_2' retrieved from /home/airflow/.local/lib/python3.8/site-packages/airflow/example_dags/example_datasets.py
[2024-03-15T08:09:23.531+0000] {logging_mixin.py:188} INFO - [2024-03-15T08:09:23.531+0000] {dag.py:3047} INFO - Sync 6 DAGs
[2024-03-15T08:09:23.541+0000] {logging_mixin.py:188} INFO - [2024-03-15T08:09:23.541+0000] {dag.py:3834} INFO - Setting next_dagrun for dataset_consumes_1 to None, run_after=None
[2024-03-15T08:09:23.542+0000] {logging_mixin.py:188} INFO - [2024-03-15T08:09:23.542+0000] {dag.py:3834} INFO - Setting next_dagrun for dataset_consumes_1_and_2 to None, run_after=None
[2024-03-15T08:09:23.543+0000] {logging_mixin.py:188} INFO - [2024-03-15T08:09:23.543+0000] {dag.py:3834} INFO - Setting next_dagrun for dataset_consumes_1_never_scheduled to None, run_after=None
[2024-03-15T08:09:23.543+0000] {logging_mixin.py:188} INFO - [2024-03-15T08:09:23.543+0000] {dag.py:3834} INFO - Setting next_dagrun for dataset_consumes_unknown_never_scheduled to None, run_after=None
[2024-03-15T08:09:23.544+0000] {logging_mixin.py:188} INFO - [2024-03-15T08:09:23.544+0000] {dag.py:3834} INFO - Setting next_dagrun for dataset_produces_1 to 2024-03-14 00:00:00+00:00, run_after=2024-03-15 00:00:00+00:00
[2024-03-15T08:09:23.545+0000] {logging_mixin.py:188} INFO - [2024-03-15T08:09:23.545+0000] {dag.py:3834} INFO - Setting next_dagrun for dataset_produces_2 to None, run_after=None
[2024-03-15T08:09:23.556+0000] {processor.py:183} INFO - Processing /home/airflow/.local/lib/python3.8/site-packages/airflow/example_dags/example_datasets.py took 0.043 seconds
[2024-03-15T08:09:54.028+0000] {processor.py:161} INFO - Started process (PID=615) to work on /home/airflow/.local/lib/python3.8/site-packages/airflow/example_dags/example_datasets.py
[2024-03-15T08:09:54.028+0000] {processor.py:830} INFO - Processing file /home/airflow/.local/lib/python3.8/site-packages/airflow/example_dags/example_datasets.py for tasks to queue
[2024-03-15T08:09:54.029+0000] {logging_mixin.py:188} INFO - [2024-03-15T08:09:54.029+0000] {dagbag.py:540} INFO - Filling up the DagBag from /home/airflow/.local/lib/python3.8/site-packages/airflow/example_dags/example_datasets.py
[2024-03-15T08:09:54.033+0000] {processor.py:840} INFO - DAG(s) 'dataset_produces_1', 'dataset_consumes_1', 'dataset_consumes_1_and_2', 'dataset_consumes_unknown_never_scheduled', 'dataset_consumes_1_never_scheduled', 'dataset_produces_2' retrieved from /home/airflow/.local/lib/python3.8/site-packages/airflow/example_dags/example_datasets.py
[2024-03-15T08:09:54.047+0000] {logging_mixin.py:188} INFO - [2024-03-15T08:09:54.047+0000] {dag.py:3047} INFO - Sync 6 DAGs
[2024-03-15T08:09:54.057+0000] {logging_mixin.py:188} INFO - [2024-03-15T08:09:54.056+0000] {dag.py:3834} INFO - Setting next_dagrun for dataset_consumes_1 to None, run_after=None
[2024-03-15T08:09:54.058+0000] {logging_mixin.py:188} INFO - [2024-03-15T08:09:54.058+0000] {dag.py:3834} INFO - Setting next_dagrun for dataset_consumes_1_and_2 to None, run_after=None
[2024-03-15T08:09:54.059+0000] {logging_mixin.py:188} INFO - [2024-03-15T08:09:54.059+0000] {dag.py:3834} INFO - Setting next_dagrun for dataset_consumes_1_never_scheduled to None, run_after=None
[2024-03-15T08:09:54.060+0000] {logging_mixin.py:188} INFO - [2024-03-15T08:09:54.060+0000] {dag.py:3834} INFO - Setting next_dagrun for dataset_consumes_unknown_never_scheduled to None, run_after=None
[2024-03-15T08:09:54.061+0000] {logging_mixin.py:188} INFO - [2024-03-15T08:09:54.061+0000] {dag.py:3834} INFO - Setting next_dagrun for dataset_produces_1 to 2024-03-14 00:00:00+00:00, run_after=2024-03-15 00:00:00+00:00
[2024-03-15T08:09:54.061+0000] {logging_mixin.py:188} INFO - [2024-03-15T08:09:54.061+0000] {dag.py:3834} INFO - Setting next_dagrun for dataset_produces_2 to None, run_after=None
[2024-03-15T08:09:54.073+0000] {processor.py:183} INFO - Processing /home/airflow/.local/lib/python3.8/site-packages/airflow/example_dags/example_datasets.py took 0.047 seconds
[2024-03-15T08:10:24.414+0000] {processor.py:161} INFO - Started process (PID=670) to work on /home/airflow/.local/lib/python3.8/site-packages/airflow/example_dags/example_datasets.py
[2024-03-15T08:10:24.414+0000] {processor.py:830} INFO - Processing file /home/airflow/.local/lib/python3.8/site-packages/airflow/example_dags/example_datasets.py for tasks to queue
[2024-03-15T08:10:24.415+0000] {logging_mixin.py:188} INFO - [2024-03-15T08:10:24.415+0000] {dagbag.py:540} INFO - Filling up the DagBag from /home/airflow/.local/lib/python3.8/site-packages/airflow/example_dags/example_datasets.py
[2024-03-15T08:10:24.419+0000] {processor.py:840} INFO - DAG(s) 'dataset_consumes_1_and_2', 'dataset_produces_1', 'dataset_produces_2', 'dataset_consumes_unknown_never_scheduled', 'dataset_consumes_1_never_scheduled', 'dataset_consumes_1' retrieved from /home/airflow/.local/lib/python3.8/site-packages/airflow/example_dags/example_datasets.py
[2024-03-15T08:10:24.432+0000] {logging_mixin.py:188} INFO - [2024-03-15T08:10:24.432+0000] {dag.py:3047} INFO - Sync 6 DAGs
[2024-03-15T08:10:24.442+0000] {logging_mixin.py:188} INFO - [2024-03-15T08:10:24.442+0000] {dag.py:3834} INFO - Setting next_dagrun for dataset_consumes_1 to None, run_after=None
[2024-03-15T08:10:24.447+0000] {logging_mixin.py:188} INFO - [2024-03-15T08:10:24.447+0000] {dag.py:3834} INFO - Setting next_dagrun for dataset_consumes_1_and_2 to None, run_after=None
[2024-03-15T08:10:24.448+0000] {logging_mixin.py:188} INFO - [2024-03-15T08:10:24.448+0000] {dag.py:3834} INFO - Setting next_dagrun for dataset_consumes_1_never_scheduled to None, run_after=None
[2024-03-15T08:10:24.448+0000] {logging_mixin.py:188} INFO - [2024-03-15T08:10:24.448+0000] {dag.py:3834} INFO - Setting next_dagrun for dataset_consumes_unknown_never_scheduled to None, run_after=None
[2024-03-15T08:10:24.450+0000] {logging_mixin.py:188} INFO - [2024-03-15T08:10:24.450+0000] {dag.py:3834} INFO - Setting next_dagrun for dataset_produces_1 to 2024-03-14 00:00:00+00:00, run_after=2024-03-15 00:00:00+00:00
[2024-03-15T08:10:24.450+0000] {logging_mixin.py:188} INFO - [2024-03-15T08:10:24.450+0000] {dag.py:3834} INFO - Setting next_dagrun for dataset_produces_2 to None, run_after=None
[2024-03-15T08:10:24.463+0000] {processor.py:183} INFO - Processing /home/airflow/.local/lib/python3.8/site-packages/airflow/example_dags/example_datasets.py took 0.050 seconds
[2024-03-15T08:10:54.727+0000] {processor.py:161} INFO - Started process (PID=725) to work on /home/airflow/.local/lib/python3.8/site-packages/airflow/example_dags/example_datasets.py
[2024-03-15T08:10:54.727+0000] {processor.py:830} INFO - Processing file /home/airflow/.local/lib/python3.8/site-packages/airflow/example_dags/example_datasets.py for tasks to queue
[2024-03-15T08:10:54.728+0000] {logging_mixin.py:188} INFO - [2024-03-15T08:10:54.728+0000] {dagbag.py:540} INFO - Filling up the DagBag from /home/airflow/.local/lib/python3.8/site-packages/airflow/example_dags/example_datasets.py
[2024-03-15T08:10:54.732+0000] {processor.py:840} INFO - DAG(s) 'dataset_produces_1', 'dataset_consumes_unknown_never_scheduled', 'dataset_consumes_1_and_2', 'dataset_consumes_1_never_scheduled', 'dataset_produces_2', 'dataset_consumes_1' retrieved from /home/airflow/.local/lib/python3.8/site-packages/airflow/example_dags/example_datasets.py
[2024-03-15T08:10:54.745+0000] {logging_mixin.py:188} INFO - [2024-03-15T08:10:54.745+0000] {dag.py:3047} INFO - Sync 6 DAGs
[2024-03-15T08:10:54.753+0000] {logging_mixin.py:188} INFO - [2024-03-15T08:10:54.753+0000] {dag.py:3834} INFO - Setting next_dagrun for dataset_consumes_1 to None, run_after=None
[2024-03-15T08:10:54.755+0000] {logging_mixin.py:188} INFO - [2024-03-15T08:10:54.755+0000] {dag.py:3834} INFO - Setting next_dagrun for dataset_consumes_1_and_2 to None, run_after=None
[2024-03-15T08:10:54.755+0000] {logging_mixin.py:188} INFO - [2024-03-15T08:10:54.755+0000] {dag.py:3834} INFO - Setting next_dagrun for dataset_consumes_1_never_scheduled to None, run_after=None
[2024-03-15T08:10:54.756+0000] {logging_mixin.py:188} INFO - [2024-03-15T08:10:54.756+0000] {dag.py:3834} INFO - Setting next_dagrun for dataset_consumes_unknown_never_scheduled to None, run_after=None
[2024-03-15T08:10:54.757+0000] {logging_mixin.py:188} INFO - [2024-03-15T08:10:54.757+0000] {dag.py:3834} INFO - Setting next_dagrun for dataset_produces_1 to 2024-03-14 00:00:00+00:00, run_after=2024-03-15 00:00:00+00:00
[2024-03-15T08:10:54.757+0000] {logging_mixin.py:188} INFO - [2024-03-15T08:10:54.757+0000] {dag.py:3834} INFO - Setting next_dagrun for dataset_produces_2 to None, run_after=None
[2024-03-15T08:10:54.768+0000] {processor.py:183} INFO - Processing /home/airflow/.local/lib/python3.8/site-packages/airflow/example_dags/example_datasets.py took 0.043 seconds
[2024-03-15T08:11:25.196+0000] {processor.py:161} INFO - Started process (PID=780) to work on /home/airflow/.local/lib/python3.8/site-packages/airflow/example_dags/example_datasets.py
[2024-03-15T08:11:25.197+0000] {processor.py:830} INFO - Processing file /home/airflow/.local/lib/python3.8/site-packages/airflow/example_dags/example_datasets.py for tasks to queue
[2024-03-15T08:11:25.198+0000] {logging_mixin.py:188} INFO - [2024-03-15T08:11:25.198+0000] {dagbag.py:540} INFO - Filling up the DagBag from /home/airflow/.local/lib/python3.8/site-packages/airflow/example_dags/example_datasets.py
[2024-03-15T08:11:25.203+0000] {processor.py:840} INFO - DAG(s) 'dataset_consumes_1_never_scheduled', 'dataset_consumes_1_and_2', 'dataset_consumes_unknown_never_scheduled', 'dataset_produces_1', 'dataset_produces_2', 'dataset_consumes_1' retrieved from /home/airflow/.local/lib/python3.8/site-packages/airflow/example_dags/example_datasets.py
[2024-03-15T08:11:25.218+0000] {logging_mixin.py:188} INFO - [2024-03-15T08:11:25.218+0000] {dag.py:3047} INFO - Sync 6 DAGs
[2024-03-15T08:11:25.226+0000] {logging_mixin.py:188} INFO - [2024-03-15T08:11:25.226+0000] {dag.py:3834} INFO - Setting next_dagrun for dataset_consumes_1 to None, run_after=None
[2024-03-15T08:11:25.228+0000] {logging_mixin.py:188} INFO - [2024-03-15T08:11:25.228+0000] {dag.py:3834} INFO - Setting next_dagrun for dataset_consumes_1_and_2 to None, run_after=None
[2024-03-15T08:11:25.228+0000] {logging_mixin.py:188} INFO - [2024-03-15T08:11:25.228+0000] {dag.py:3834} INFO - Setting next_dagrun for dataset_consumes_1_never_scheduled to None, run_after=None
[2024-03-15T08:11:25.229+0000] {logging_mixin.py:188} INFO - [2024-03-15T08:11:25.229+0000] {dag.py:3834} INFO - Setting next_dagrun for dataset_consumes_unknown_never_scheduled to None, run_after=None
[2024-03-15T08:11:25.230+0000] {logging_mixin.py:188} INFO - [2024-03-15T08:11:25.230+0000] {dag.py:3834} INFO - Setting next_dagrun for dataset_produces_1 to 2024-03-14 00:00:00+00:00, run_after=2024-03-15 00:00:00+00:00
[2024-03-15T08:11:25.230+0000] {logging_mixin.py:188} INFO - [2024-03-15T08:11:25.230+0000] {dag.py:3834} INFO - Setting next_dagrun for dataset_produces_2 to None, run_after=None
[2024-03-15T08:11:25.241+0000] {processor.py:183} INFO - Processing /home/airflow/.local/lib/python3.8/site-packages/airflow/example_dags/example_datasets.py took 0.046 seconds
[2024-03-15T08:11:55.698+0000] {processor.py:161} INFO - Started process (PID=835) to work on /home/airflow/.local/lib/python3.8/site-packages/airflow/example_dags/example_datasets.py
[2024-03-15T08:11:55.699+0000] {processor.py:830} INFO - Processing file /home/airflow/.local/lib/python3.8/site-packages/airflow/example_dags/example_datasets.py for tasks to queue
[2024-03-15T08:11:55.700+0000] {logging_mixin.py:188} INFO - [2024-03-15T08:11:55.700+0000] {dagbag.py:540} INFO - Filling up the DagBag from /home/airflow/.local/lib/python3.8/site-packages/airflow/example_dags/example_datasets.py
[2024-03-15T08:11:55.704+0000] {processor.py:840} INFO - DAG(s) 'dataset_consumes_unknown_never_scheduled', 'dataset_consumes_1', 'dataset_produces_1', 'dataset_consumes_1_and_2', 'dataset_consumes_1_never_scheduled', 'dataset_produces_2' retrieved from /home/airflow/.local/lib/python3.8/site-packages/airflow/example_dags/example_datasets.py
[2024-03-15T08:11:55.719+0000] {logging_mixin.py:188} INFO - [2024-03-15T08:11:55.719+0000] {dag.py:3047} INFO - Sync 6 DAGs
[2024-03-15T08:11:55.729+0000] {logging_mixin.py:188} INFO - [2024-03-15T08:11:55.729+0000] {dag.py:3834} INFO - Setting next_dagrun for dataset_consumes_1 to None, run_after=None
[2024-03-15T08:11:55.730+0000] {logging_mixin.py:188} INFO - [2024-03-15T08:11:55.730+0000] {dag.py:3834} INFO - Setting next_dagrun for dataset_consumes_1_and_2 to None, run_after=None
[2024-03-15T08:11:55.731+0000] {logging_mixin.py:188} INFO - [2024-03-15T08:11:55.731+0000] {dag.py:3834} INFO - Setting next_dagrun for dataset_consumes_1_never_scheduled to None, run_after=None
[2024-03-15T08:11:55.732+0000] {logging_mixin.py:188} INFO - [2024-03-15T08:11:55.732+0000] {dag.py:3834} INFO - Setting next_dagrun for dataset_consumes_unknown_never_scheduled to None, run_after=None
[2024-03-15T08:11:55.733+0000] {logging_mixin.py:188} INFO - [2024-03-15T08:11:55.733+0000] {dag.py:3834} INFO - Setting next_dagrun for dataset_produces_1 to 2024-03-14 00:00:00+00:00, run_after=2024-03-15 00:00:00+00:00
[2024-03-15T08:11:55.733+0000] {logging_mixin.py:188} INFO - [2024-03-15T08:11:55.733+0000] {dag.py:3834} INFO - Setting next_dagrun for dataset_produces_2 to None, run_after=None
[2024-03-15T08:11:55.745+0000] {processor.py:183} INFO - Processing /home/airflow/.local/lib/python3.8/site-packages/airflow/example_dags/example_datasets.py took 0.048 seconds
[2024-03-15T08:12:26.268+0000] {processor.py:161} INFO - Started process (PID=890) to work on /home/airflow/.local/lib/python3.8/site-packages/airflow/example_dags/example_datasets.py
[2024-03-15T08:12:26.269+0000] {processor.py:830} INFO - Processing file /home/airflow/.local/lib/python3.8/site-packages/airflow/example_dags/example_datasets.py for tasks to queue
[2024-03-15T08:12:26.270+0000] {logging_mixin.py:188} INFO - [2024-03-15T08:12:26.270+0000] {dagbag.py:540} INFO - Filling up the DagBag from /home/airflow/.local/lib/python3.8/site-packages/airflow/example_dags/example_datasets.py
[2024-03-15T08:12:26.274+0000] {processor.py:840} INFO - DAG(s) 'dataset_consumes_unknown_never_scheduled', 'dataset_consumes_1', 'dataset_consumes_1_and_2', 'dataset_produces_1', 'dataset_produces_2', 'dataset_consumes_1_never_scheduled' retrieved from /home/airflow/.local/lib/python3.8/site-packages/airflow/example_dags/example_datasets.py
[2024-03-15T08:12:26.289+0000] {logging_mixin.py:188} INFO - [2024-03-15T08:12:26.289+0000] {dag.py:3047} INFO - Sync 6 DAGs
[2024-03-15T08:12:26.299+0000] {logging_mixin.py:188} INFO - [2024-03-15T08:12:26.299+0000] {dag.py:3834} INFO - Setting next_dagrun for dataset_consumes_1 to None, run_after=None
[2024-03-15T08:12:26.301+0000] {logging_mixin.py:188} INFO - [2024-03-15T08:12:26.301+0000] {dag.py:3834} INFO - Setting next_dagrun for dataset_consumes_1_and_2 to None, run_after=None
[2024-03-15T08:12:26.302+0000] {logging_mixin.py:188} INFO - [2024-03-15T08:12:26.301+0000] {dag.py:3834} INFO - Setting next_dagrun for dataset_consumes_1_never_scheduled to None, run_after=None
[2024-03-15T08:12:26.302+0000] {logging_mixin.py:188} INFO - [2024-03-15T08:12:26.302+0000] {dag.py:3834} INFO - Setting next_dagrun for dataset_consumes_unknown_never_scheduled to None, run_after=None
[2024-03-15T08:12:26.303+0000] {logging_mixin.py:188} INFO - [2024-03-15T08:12:26.303+0000] {dag.py:3834} INFO - Setting next_dagrun for dataset_produces_1 to 2024-03-14 00:00:00+00:00, run_after=2024-03-15 00:00:00+00:00
[2024-03-15T08:12:26.304+0000] {logging_mixin.py:188} INFO - [2024-03-15T08:12:26.304+0000] {dag.py:3834} INFO - Setting next_dagrun for dataset_produces_2 to None, run_after=None
[2024-03-15T08:12:26.315+0000] {processor.py:183} INFO - Processing /home/airflow/.local/lib/python3.8/site-packages/airflow/example_dags/example_datasets.py took 0.048 seconds
[2024-03-15T08:12:56.626+0000] {processor.py:161} INFO - Started process (PID=945) to work on /home/airflow/.local/lib/python3.8/site-packages/airflow/example_dags/example_datasets.py
[2024-03-15T08:12:56.626+0000] {processor.py:830} INFO - Processing file /home/airflow/.local/lib/python3.8/site-packages/airflow/example_dags/example_datasets.py for tasks to queue
[2024-03-15T08:12:56.627+0000] {logging_mixin.py:188} INFO - [2024-03-15T08:12:56.627+0000] {dagbag.py:540} INFO - Filling up the DagBag from /home/airflow/.local/lib/python3.8/site-packages/airflow/example_dags/example_datasets.py
[2024-03-15T08:12:56.631+0000] {processor.py:840} INFO - DAG(s) 'dataset_consumes_unknown_never_scheduled', 'dataset_consumes_1_and_2', 'dataset_consumes_1_never_scheduled', 'dataset_produces_1', 'dataset_consumes_1', 'dataset_produces_2' retrieved from /home/airflow/.local/lib/python3.8/site-packages/airflow/example_dags/example_datasets.py
[2024-03-15T08:12:56.644+0000] {logging_mixin.py:188} INFO - [2024-03-15T08:12:56.644+0000] {dag.py:3047} INFO - Sync 6 DAGs
[2024-03-15T08:12:56.652+0000] {logging_mixin.py:188} INFO - [2024-03-15T08:12:56.652+0000] {dag.py:3834} INFO - Setting next_dagrun for dataset_consumes_1 to None, run_after=None
[2024-03-15T08:12:56.654+0000] {logging_mixin.py:188} INFO - [2024-03-15T08:12:56.654+0000] {dag.py:3834} INFO - Setting next_dagrun for dataset_consumes_1_and_2 to None, run_after=None
[2024-03-15T08:12:56.654+0000] {logging_mixin.py:188} INFO - [2024-03-15T08:12:56.654+0000] {dag.py:3834} INFO - Setting next_dagrun for dataset_consumes_1_never_scheduled to None, run_after=None
[2024-03-15T08:12:56.655+0000] {logging_mixin.py:188} INFO - [2024-03-15T08:12:56.655+0000] {dag.py:3834} INFO - Setting next_dagrun for dataset_consumes_unknown_never_scheduled to None, run_after=None
[2024-03-15T08:12:56.656+0000] {logging_mixin.py:188} INFO - [2024-03-15T08:12:56.656+0000] {dag.py:3834} INFO - Setting next_dagrun for dataset_produces_1 to 2024-03-14 00:00:00+00:00, run_after=2024-03-15 00:00:00+00:00
[2024-03-15T08:12:56.656+0000] {logging_mixin.py:188} INFO - [2024-03-15T08:12:56.656+0000] {dag.py:3834} INFO - Setting next_dagrun for dataset_produces_2 to None, run_after=None
[2024-03-15T08:12:56.668+0000] {processor.py:183} INFO - Processing /home/airflow/.local/lib/python3.8/site-packages/airflow/example_dags/example_datasets.py took 0.043 seconds
[2024-03-15T08:13:26.876+0000] {processor.py:161} INFO - Started process (PID=1000) to work on /home/airflow/.local/lib/python3.8/site-packages/airflow/example_dags/example_datasets.py
[2024-03-15T08:13:26.876+0000] {processor.py:830} INFO - Processing file /home/airflow/.local/lib/python3.8/site-packages/airflow/example_dags/example_datasets.py for tasks to queue
[2024-03-15T08:13:26.877+0000] {logging_mixin.py:188} INFO - [2024-03-15T08:13:26.877+0000] {dagbag.py:540} INFO - Filling up the DagBag from /home/airflow/.local/lib/python3.8/site-packages/airflow/example_dags/example_datasets.py
[2024-03-15T08:13:26.880+0000] {processor.py:840} INFO - DAG(s) 'dataset_consumes_unknown_never_scheduled', 'dataset_produces_2', 'dataset_consumes_1_never_scheduled', 'dataset_produces_1', 'dataset_consumes_1', 'dataset_consumes_1_and_2' retrieved from /home/airflow/.local/lib/python3.8/site-packages/airflow/example_dags/example_datasets.py
[2024-03-15T08:13:26.892+0000] {logging_mixin.py:188} INFO - [2024-03-15T08:13:26.892+0000] {dag.py:3047} INFO - Sync 6 DAGs
[2024-03-15T08:13:26.900+0000] {logging_mixin.py:188} INFO - [2024-03-15T08:13:26.900+0000] {dag.py:3834} INFO - Setting next_dagrun for dataset_consumes_1 to None, run_after=None
[2024-03-15T08:13:26.901+0000] {logging_mixin.py:188} INFO - [2024-03-15T08:13:26.901+0000] {dag.py:3834} INFO - Setting next_dagrun for dataset_consumes_1_and_2 to None, run_after=None
[2024-03-15T08:13:26.902+0000] {logging_mixin.py:188} INFO - [2024-03-15T08:13:26.902+0000] {dag.py:3834} INFO - Setting next_dagrun for dataset_consumes_1_never_scheduled to None, run_after=None
[2024-03-15T08:13:26.902+0000] {logging_mixin.py:188} INFO - [2024-03-15T08:13:26.902+0000] {dag.py:3834} INFO - Setting next_dagrun for dataset_consumes_unknown_never_scheduled to None, run_after=None
[2024-03-15T08:13:26.903+0000] {logging_mixin.py:188} INFO - [2024-03-15T08:13:26.903+0000] {dag.py:3834} INFO - Setting next_dagrun for dataset_produces_1 to 2024-03-14 00:00:00+00:00, run_after=2024-03-15 00:00:00+00:00
[2024-03-15T08:13:26.904+0000] {logging_mixin.py:188} INFO - [2024-03-15T08:13:26.904+0000] {dag.py:3834} INFO - Setting next_dagrun for dataset_produces_2 to None, run_after=None
[2024-03-15T08:13:26.913+0000] {processor.py:183} INFO - Processing /home/airflow/.local/lib/python3.8/site-packages/airflow/example_dags/example_datasets.py took 0.039 seconds
[2024-03-15T08:13:57.218+0000] {processor.py:161} INFO - Started process (PID=1055) to work on /home/airflow/.local/lib/python3.8/site-packages/airflow/example_dags/example_datasets.py
[2024-03-15T08:13:57.218+0000] {processor.py:830} INFO - Processing file /home/airflow/.local/lib/python3.8/site-packages/airflow/example_dags/example_datasets.py for tasks to queue
[2024-03-15T08:13:57.219+0000] {logging_mixin.py:188} INFO - [2024-03-15T08:13:57.219+0000] {dagbag.py:540} INFO - Filling up the DagBag from /home/airflow/.local/lib/python3.8/site-packages/airflow/example_dags/example_datasets.py
[2024-03-15T08:13:57.223+0000] {processor.py:840} INFO - DAG(s) 'dataset_consumes_1_and_2', 'dataset_produces_1', 'dataset_produces_2', 'dataset_consumes_1_never_scheduled', 'dataset_consumes_1', 'dataset_consumes_unknown_never_scheduled' retrieved from /home/airflow/.local/lib/python3.8/site-packages/airflow/example_dags/example_datasets.py
[2024-03-15T08:13:57.236+0000] {logging_mixin.py:188} INFO - [2024-03-15T08:13:57.236+0000] {dag.py:3047} INFO - Sync 6 DAGs
[2024-03-15T08:13:57.245+0000] {logging_mixin.py:188} INFO - [2024-03-15T08:13:57.245+0000] {dag.py:3834} INFO - Setting next_dagrun for dataset_consumes_1 to None, run_after=None
[2024-03-15T08:13:57.246+0000] {logging_mixin.py:188} INFO - [2024-03-15T08:13:57.246+0000] {dag.py:3834} INFO - Setting next_dagrun for dataset_consumes_1_and_2 to None, run_after=None
[2024-03-15T08:13:57.247+0000] {logging_mixin.py:188} INFO - [2024-03-15T08:13:57.247+0000] {dag.py:3834} INFO - Setting next_dagrun for dataset_consumes_1_never_scheduled to None, run_after=None
[2024-03-15T08:13:57.248+0000] {logging_mixin.py:188} INFO - [2024-03-15T08:13:57.247+0000] {dag.py:3834} INFO - Setting next_dagrun for dataset_consumes_unknown_never_scheduled to None, run_after=None
[2024-03-15T08:13:57.249+0000] {logging_mixin.py:188} INFO - [2024-03-15T08:13:57.249+0000] {dag.py:3834} INFO - Setting next_dagrun for dataset_produces_1 to 2024-03-14 00:00:00+00:00, run_after=2024-03-15 00:00:00+00:00
[2024-03-15T08:13:57.249+0000] {logging_mixin.py:188} INFO - [2024-03-15T08:13:57.249+0000] {dag.py:3834} INFO - Setting next_dagrun for dataset_produces_2 to None, run_after=None
[2024-03-15T08:13:57.261+0000] {processor.py:183} INFO - Processing /home/airflow/.local/lib/python3.8/site-packages/airflow/example_dags/example_datasets.py took 0.044 seconds
[2024-03-15T08:14:27.588+0000] {processor.py:161} INFO - Started process (PID=1110) to work on /home/airflow/.local/lib/python3.8/site-packages/airflow/example_dags/example_datasets.py
[2024-03-15T08:14:27.588+0000] {processor.py:830} INFO - Processing file /home/airflow/.local/lib/python3.8/site-packages/airflow/example_dags/example_datasets.py for tasks to queue
[2024-03-15T08:14:27.589+0000] {logging_mixin.py:188} INFO - [2024-03-15T08:14:27.589+0000] {dagbag.py:540} INFO - Filling up the DagBag from /home/airflow/.local/lib/python3.8/site-packages/airflow/example_dags/example_datasets.py
[2024-03-15T08:14:27.593+0000] {processor.py:840} INFO - DAG(s) 'dataset_consumes_1', 'dataset_consumes_1_and_2', 'dataset_consumes_1_never_scheduled', 'dataset_consumes_unknown_never_scheduled', 'dataset_produces_1', 'dataset_produces_2' retrieved from /home/airflow/.local/lib/python3.8/site-packages/airflow/example_dags/example_datasets.py
[2024-03-15T08:14:27.606+0000] {logging_mixin.py:188} INFO - [2024-03-15T08:14:27.606+0000] {dag.py:3047} INFO - Sync 6 DAGs
[2024-03-15T08:14:27.615+0000] {logging_mixin.py:188} INFO - [2024-03-15T08:14:27.615+0000] {dag.py:3834} INFO - Setting next_dagrun for dataset_consumes_1 to None, run_after=None
[2024-03-15T08:14:27.617+0000] {logging_mixin.py:188} INFO - [2024-03-15T08:14:27.617+0000] {dag.py:3834} INFO - Setting next_dagrun for dataset_consumes_1_and_2 to None, run_after=None
[2024-03-15T08:14:27.617+0000] {logging_mixin.py:188} INFO - [2024-03-15T08:14:27.617+0000] {dag.py:3834} INFO - Setting next_dagrun for dataset_consumes_1_never_scheduled to None, run_after=None
[2024-03-15T08:14:27.618+0000] {logging_mixin.py:188} INFO - [2024-03-15T08:14:27.618+0000] {dag.py:3834} INFO - Setting next_dagrun for dataset_consumes_unknown_never_scheduled to None, run_after=None
[2024-03-15T08:14:27.619+0000] {logging_mixin.py:188} INFO - [2024-03-15T08:14:27.619+0000] {dag.py:3834} INFO - Setting next_dagrun for dataset_produces_1 to 2024-03-14 00:00:00+00:00, run_after=2024-03-15 00:00:00+00:00
[2024-03-15T08:14:27.619+0000] {logging_mixin.py:188} INFO - [2024-03-15T08:14:27.619+0000] {dag.py:3834} INFO - Setting next_dagrun for dataset_produces_2 to None, run_after=None
[2024-03-15T08:14:27.630+0000] {processor.py:183} INFO - Processing /home/airflow/.local/lib/python3.8/site-packages/airflow/example_dags/example_datasets.py took 0.044 seconds
[2024-03-15T08:14:57.902+0000] {processor.py:161} INFO - Started process (PID=1165) to work on /home/airflow/.local/lib/python3.8/site-packages/airflow/example_dags/example_datasets.py
[2024-03-15T08:14:57.903+0000] {processor.py:830} INFO - Processing file /home/airflow/.local/lib/python3.8/site-packages/airflow/example_dags/example_datasets.py for tasks to queue
[2024-03-15T08:14:57.904+0000] {logging_mixin.py:188} INFO - [2024-03-15T08:14:57.904+0000] {dagbag.py:540} INFO - Filling up the DagBag from /home/airflow/.local/lib/python3.8/site-packages/airflow/example_dags/example_datasets.py
[2024-03-15T08:14:57.909+0000] {processor.py:840} INFO - DAG(s) 'dataset_consumes_1_never_scheduled', 'dataset_consumes_1_and_2', 'dataset_produces_1', 'dataset_consumes_1', 'dataset_consumes_unknown_never_scheduled', 'dataset_produces_2' retrieved from /home/airflow/.local/lib/python3.8/site-packages/airflow/example_dags/example_datasets.py
[2024-03-15T08:14:57.924+0000] {logging_mixin.py:188} INFO - [2024-03-15T08:14:57.924+0000] {dag.py:3047} INFO - Sync 6 DAGs
[2024-03-15T08:14:57.934+0000] {logging_mixin.py:188} INFO - [2024-03-15T08:14:57.934+0000] {dag.py:3834} INFO - Setting next_dagrun for dataset_consumes_1 to None, run_after=None
[2024-03-15T08:14:57.935+0000] {logging_mixin.py:188} INFO - [2024-03-15T08:14:57.935+0000] {dag.py:3834} INFO - Setting next_dagrun for dataset_consumes_1_and_2 to None, run_after=None
[2024-03-15T08:14:57.936+0000] {logging_mixin.py:188} INFO - [2024-03-15T08:14:57.936+0000] {dag.py:3834} INFO - Setting next_dagrun for dataset_consumes_1_never_scheduled to None, run_after=None
[2024-03-15T08:14:57.936+0000] {logging_mixin.py:188} INFO - [2024-03-15T08:14:57.936+0000] {dag.py:3834} INFO - Setting next_dagrun for dataset_consumes_unknown_never_scheduled to None, run_after=None
[2024-03-15T08:14:57.938+0000] {logging_mixin.py:188} INFO - [2024-03-15T08:14:57.937+0000] {dag.py:3834} INFO - Setting next_dagrun for dataset_produces_1 to 2024-03-14 00:00:00+00:00, run_after=2024-03-15 00:00:00+00:00
[2024-03-15T08:14:57.938+0000] {logging_mixin.py:188} INFO - [2024-03-15T08:14:57.938+0000] {dag.py:3834} INFO - Setting next_dagrun for dataset_produces_2 to None, run_after=None
[2024-03-15T08:14:57.949+0000] {processor.py:183} INFO - Processing /home/airflow/.local/lib/python3.8/site-packages/airflow/example_dags/example_datasets.py took 0.048 seconds
[2024-03-15T08:15:28.287+0000] {processor.py:161} INFO - Started process (PID=1220) to work on /home/airflow/.local/lib/python3.8/site-packages/airflow/example_dags/example_datasets.py
[2024-03-15T08:15:28.287+0000] {processor.py:830} INFO - Processing file /home/airflow/.local/lib/python3.8/site-packages/airflow/example_dags/example_datasets.py for tasks to queue
[2024-03-15T08:15:28.288+0000] {logging_mixin.py:188} INFO - [2024-03-15T08:15:28.288+0000] {dagbag.py:540} INFO - Filling up the DagBag from /home/airflow/.local/lib/python3.8/site-packages/airflow/example_dags/example_datasets.py
[2024-03-15T08:15:28.292+0000] {processor.py:840} INFO - DAG(s) 'dataset_produces_1', 'dataset_consumes_unknown_never_scheduled', 'dataset_consumes_1_never_scheduled', 'dataset_consumes_1', 'dataset_consumes_1_and_2', 'dataset_produces_2' retrieved from /home/airflow/.local/lib/python3.8/site-packages/airflow/example_dags/example_datasets.py
[2024-03-15T08:15:28.306+0000] {logging_mixin.py:188} INFO - [2024-03-15T08:15:28.306+0000] {dag.py:3047} INFO - Sync 6 DAGs
[2024-03-15T08:15:28.314+0000] {logging_mixin.py:188} INFO - [2024-03-15T08:15:28.314+0000] {dag.py:3834} INFO - Setting next_dagrun for dataset_consumes_1 to None, run_after=None
[2024-03-15T08:15:28.315+0000] {logging_mixin.py:188} INFO - [2024-03-15T08:15:28.315+0000] {dag.py:3834} INFO - Setting next_dagrun for dataset_consumes_1_and_2 to None, run_after=None
[2024-03-15T08:15:28.316+0000] {logging_mixin.py:188} INFO - [2024-03-15T08:15:28.316+0000] {dag.py:3834} INFO - Setting next_dagrun for dataset_consumes_1_never_scheduled to None, run_after=None
[2024-03-15T08:15:28.317+0000] {logging_mixin.py:188} INFO - [2024-03-15T08:15:28.317+0000] {dag.py:3834} INFO - Setting next_dagrun for dataset_consumes_unknown_never_scheduled to None, run_after=None
[2024-03-15T08:15:28.318+0000] {logging_mixin.py:188} INFO - [2024-03-15T08:15:28.318+0000] {dag.py:3834} INFO - Setting next_dagrun for dataset_produces_1 to 2024-03-14 00:00:00+00:00, run_after=2024-03-15 00:00:00+00:00
[2024-03-15T08:15:28.319+0000] {logging_mixin.py:188} INFO - [2024-03-15T08:15:28.319+0000] {dag.py:3834} INFO - Setting next_dagrun for dataset_produces_2 to None, run_after=None
[2024-03-15T08:15:28.329+0000] {processor.py:183} INFO - Processing /home/airflow/.local/lib/python3.8/site-packages/airflow/example_dags/example_datasets.py took 0.044 seconds
[2024-03-15T08:15:58.693+0000] {processor.py:161} INFO - Started process (PID=1276) to work on /home/airflow/.local/lib/python3.8/site-packages/airflow/example_dags/example_datasets.py
[2024-03-15T08:15:58.693+0000] {processor.py:830} INFO - Processing file /home/airflow/.local/lib/python3.8/site-packages/airflow/example_dags/example_datasets.py for tasks to queue
[2024-03-15T08:15:58.694+0000] {logging_mixin.py:188} INFO - [2024-03-15T08:15:58.694+0000] {dagbag.py:540} INFO - Filling up the DagBag from /home/airflow/.local/lib/python3.8/site-packages/airflow/example_dags/example_datasets.py
[2024-03-15T08:15:58.699+0000] {processor.py:840} INFO - DAG(s) 'dataset_consumes_1_and_2', 'dataset_consumes_1_never_scheduled', 'dataset_consumes_unknown_never_scheduled', 'dataset_consumes_1', 'dataset_produces_1', 'dataset_produces_2' retrieved from /home/airflow/.local/lib/python3.8/site-packages/airflow/example_dags/example_datasets.py
[2024-03-15T08:15:58.712+0000] {logging_mixin.py:188} INFO - [2024-03-15T08:15:58.712+0000] {dag.py:3047} INFO - Sync 6 DAGs
[2024-03-15T08:15:58.721+0000] {logging_mixin.py:188} INFO - [2024-03-15T08:15:58.721+0000] {dag.py:3834} INFO - Setting next_dagrun for dataset_consumes_1 to None, run_after=None
[2024-03-15T08:15:58.722+0000] {logging_mixin.py:188} INFO - [2024-03-15T08:15:58.722+0000] {dag.py:3834} INFO - Setting next_dagrun for dataset_consumes_1_and_2 to None, run_after=None
[2024-03-15T08:15:58.723+0000] {logging_mixin.py:188} INFO - [2024-03-15T08:15:58.723+0000] {dag.py:3834} INFO - Setting next_dagrun for dataset_consumes_1_never_scheduled to None, run_after=None
[2024-03-15T08:15:58.724+0000] {logging_mixin.py:188} INFO - [2024-03-15T08:15:58.723+0000] {dag.py:3834} INFO - Setting next_dagrun for dataset_consumes_unknown_never_scheduled to None, run_after=None
[2024-03-15T08:15:58.725+0000] {logging_mixin.py:188} INFO - [2024-03-15T08:15:58.725+0000] {dag.py:3834} INFO - Setting next_dagrun for dataset_produces_1 to 2024-03-14 00:00:00+00:00, run_after=2024-03-15 00:00:00+00:00
[2024-03-15T08:15:58.725+0000] {logging_mixin.py:188} INFO - [2024-03-15T08:15:58.725+0000] {dag.py:3834} INFO - Setting next_dagrun for dataset_produces_2 to None, run_after=None
[2024-03-15T08:15:58.737+0000] {processor.py:183} INFO - Processing /home/airflow/.local/lib/python3.8/site-packages/airflow/example_dags/example_datasets.py took 0.045 seconds
[2024-03-15T08:16:29.021+0000] {processor.py:161} INFO - Started process (PID=1330) to work on /home/airflow/.local/lib/python3.8/site-packages/airflow/example_dags/example_datasets.py
[2024-03-15T08:16:29.021+0000] {processor.py:830} INFO - Processing file /home/airflow/.local/lib/python3.8/site-packages/airflow/example_dags/example_datasets.py for tasks to queue
[2024-03-15T08:16:29.022+0000] {logging_mixin.py:188} INFO - [2024-03-15T08:16:29.022+0000] {dagbag.py:540} INFO - Filling up the DagBag from /home/airflow/.local/lib/python3.8/site-packages/airflow/example_dags/example_datasets.py
[2024-03-15T08:16:29.026+0000] {processor.py:840} INFO - DAG(s) 'dataset_consumes_1_never_scheduled', 'dataset_produces_2', 'dataset_produces_1', 'dataset_consumes_1_and_2', 'dataset_consumes_1', 'dataset_consumes_unknown_never_scheduled' retrieved from /home/airflow/.local/lib/python3.8/site-packages/airflow/example_dags/example_datasets.py
[2024-03-15T08:16:29.042+0000] {logging_mixin.py:188} INFO - [2024-03-15T08:16:29.042+0000] {dag.py:3047} INFO - Sync 6 DAGs
[2024-03-15T08:16:29.050+0000] {logging_mixin.py:188} INFO - [2024-03-15T08:16:29.050+0000] {dag.py:3834} INFO - Setting next_dagrun for dataset_consumes_1 to None, run_after=None
[2024-03-15T08:16:29.051+0000] {logging_mixin.py:188} INFO - [2024-03-15T08:16:29.051+0000] {dag.py:3834} INFO - Setting next_dagrun for dataset_consumes_1_and_2 to None, run_after=None
[2024-03-15T08:16:29.052+0000] {logging_mixin.py:188} INFO - [2024-03-15T08:16:29.052+0000] {dag.py:3834} INFO - Setting next_dagrun for dataset_consumes_1_never_scheduled to None, run_after=None
[2024-03-15T08:16:29.053+0000] {logging_mixin.py:188} INFO - [2024-03-15T08:16:29.052+0000] {dag.py:3834} INFO - Setting next_dagrun for dataset_consumes_unknown_never_scheduled to None, run_after=None
[2024-03-15T08:16:29.054+0000] {logging_mixin.py:188} INFO - [2024-03-15T08:16:29.054+0000] {dag.py:3834} INFO - Setting next_dagrun for dataset_produces_1 to 2024-03-14 00:00:00+00:00, run_after=2024-03-15 00:00:00+00:00
[2024-03-15T08:16:29.054+0000] {logging_mixin.py:188} INFO - [2024-03-15T08:16:29.054+0000] {dag.py:3834} INFO - Setting next_dagrun for dataset_produces_2 to None, run_after=None
[2024-03-15T08:16:29.066+0000] {processor.py:183} INFO - Processing /home/airflow/.local/lib/python3.8/site-packages/airflow/example_dags/example_datasets.py took 0.046 seconds
[2024-03-15T08:16:59.334+0000] {processor.py:161} INFO - Started process (PID=1385) to work on /home/airflow/.local/lib/python3.8/site-packages/airflow/example_dags/example_datasets.py
[2024-03-15T08:16:59.335+0000] {processor.py:830} INFO - Processing file /home/airflow/.local/lib/python3.8/site-packages/airflow/example_dags/example_datasets.py for tasks to queue
[2024-03-15T08:16:59.336+0000] {logging_mixin.py:188} INFO - [2024-03-15T08:16:59.336+0000] {dagbag.py:540} INFO - Filling up the DagBag from /home/airflow/.local/lib/python3.8/site-packages/airflow/example_dags/example_datasets.py
[2024-03-15T08:16:59.340+0000] {processor.py:840} INFO - DAG(s) 'dataset_consumes_1_never_scheduled', 'dataset_produces_1', 'dataset_consumes_unknown_never_scheduled', 'dataset_consumes_1', 'dataset_consumes_1_and_2', 'dataset_produces_2' retrieved from /home/airflow/.local/lib/python3.8/site-packages/airflow/example_dags/example_datasets.py
[2024-03-15T08:16:59.353+0000] {logging_mixin.py:188} INFO - [2024-03-15T08:16:59.353+0000] {dag.py:3047} INFO - Sync 6 DAGs
[2024-03-15T08:16:59.362+0000] {logging_mixin.py:188} INFO - [2024-03-15T08:16:59.362+0000] {dag.py:3834} INFO - Setting next_dagrun for dataset_consumes_1 to None, run_after=None
[2024-03-15T08:16:59.364+0000] {logging_mixin.py:188} INFO - [2024-03-15T08:16:59.364+0000] {dag.py:3834} INFO - Setting next_dagrun for dataset_consumes_1_and_2 to None, run_after=None
[2024-03-15T08:16:59.365+0000] {logging_mixin.py:188} INFO - [2024-03-15T08:16:59.365+0000] {dag.py:3834} INFO - Setting next_dagrun for dataset_consumes_1_never_scheduled to None, run_after=None
[2024-03-15T08:16:59.365+0000] {logging_mixin.py:188} INFO - [2024-03-15T08:16:59.365+0000] {dag.py:3834} INFO - Setting next_dagrun for dataset_consumes_unknown_never_scheduled to None, run_after=None
[2024-03-15T08:16:59.367+0000] {logging_mixin.py:188} INFO - [2024-03-15T08:16:59.367+0000] {dag.py:3834} INFO - Setting next_dagrun for dataset_produces_1 to 2024-03-14 00:00:00+00:00, run_after=2024-03-15 00:00:00+00:00
[2024-03-15T08:16:59.367+0000] {logging_mixin.py:188} INFO - [2024-03-15T08:16:59.367+0000] {dag.py:3834} INFO - Setting next_dagrun for dataset_produces_2 to None, run_after=None
[2024-03-15T08:16:59.379+0000] {processor.py:183} INFO - Processing /home/airflow/.local/lib/python3.8/site-packages/airflow/example_dags/example_datasets.py took 0.046 seconds
[2024-03-15T08:17:29.716+0000] {processor.py:161} INFO - Started process (PID=1440) to work on /home/airflow/.local/lib/python3.8/site-packages/airflow/example_dags/example_datasets.py
[2024-03-15T08:17:29.717+0000] {processor.py:830} INFO - Processing file /home/airflow/.local/lib/python3.8/site-packages/airflow/example_dags/example_datasets.py for tasks to queue
[2024-03-15T08:17:29.717+0000] {logging_mixin.py:188} INFO - [2024-03-15T08:17:29.717+0000] {dagbag.py:540} INFO - Filling up the DagBag from /home/airflow/.local/lib/python3.8/site-packages/airflow/example_dags/example_datasets.py
[2024-03-15T08:17:29.721+0000] {processor.py:840} INFO - DAG(s) 'dataset_produces_1', 'dataset_consumes_unknown_never_scheduled', 'dataset_consumes_1_never_scheduled', 'dataset_consumes_1_and_2', 'dataset_consumes_1', 'dataset_produces_2' retrieved from /home/airflow/.local/lib/python3.8/site-packages/airflow/example_dags/example_datasets.py
[2024-03-15T08:17:29.734+0000] {logging_mixin.py:188} INFO - [2024-03-15T08:17:29.733+0000] {dag.py:3047} INFO - Sync 6 DAGs
[2024-03-15T08:17:29.742+0000] {logging_mixin.py:188} INFO - [2024-03-15T08:17:29.741+0000] {dag.py:3834} INFO - Setting next_dagrun for dataset_consumes_1 to None, run_after=None
[2024-03-15T08:17:29.743+0000] {logging_mixin.py:188} INFO - [2024-03-15T08:17:29.743+0000] {dag.py:3834} INFO - Setting next_dagrun for dataset_consumes_1_and_2 to None, run_after=None
[2024-03-15T08:17:29.743+0000] {logging_mixin.py:188} INFO - [2024-03-15T08:17:29.743+0000] {dag.py:3834} INFO - Setting next_dagrun for dataset_consumes_1_never_scheduled to None, run_after=None
[2024-03-15T08:17:29.744+0000] {logging_mixin.py:188} INFO - [2024-03-15T08:17:29.744+0000] {dag.py:3834} INFO - Setting next_dagrun for dataset_consumes_unknown_never_scheduled to None, run_after=None
[2024-03-15T08:17:29.745+0000] {logging_mixin.py:188} INFO - [2024-03-15T08:17:29.745+0000] {dag.py:3834} INFO - Setting next_dagrun for dataset_produces_1 to 2024-03-14 00:00:00+00:00, run_after=2024-03-15 00:00:00+00:00
[2024-03-15T08:17:29.745+0000] {logging_mixin.py:188} INFO - [2024-03-15T08:17:29.745+0000] {dag.py:3834} INFO - Setting next_dagrun for dataset_produces_2 to None, run_after=None
[2024-03-15T08:17:29.755+0000] {processor.py:183} INFO - Processing /home/airflow/.local/lib/python3.8/site-packages/airflow/example_dags/example_datasets.py took 0.040 seconds
[2024-03-15T08:18:00.068+0000] {processor.py:161} INFO - Started process (PID=1495) to work on /home/airflow/.local/lib/python3.8/site-packages/airflow/example_dags/example_datasets.py
[2024-03-15T08:18:00.069+0000] {processor.py:830} INFO - Processing file /home/airflow/.local/lib/python3.8/site-packages/airflow/example_dags/example_datasets.py for tasks to queue
[2024-03-15T08:18:00.069+0000] {logging_mixin.py:188} INFO - [2024-03-15T08:18:00.069+0000] {dagbag.py:540} INFO - Filling up the DagBag from /home/airflow/.local/lib/python3.8/site-packages/airflow/example_dags/example_datasets.py
[2024-03-15T08:18:00.073+0000] {processor.py:840} INFO - DAG(s) 'dataset_consumes_1_and_2', 'dataset_produces_1', 'dataset_consumes_1', 'dataset_consumes_unknown_never_scheduled', 'dataset_consumes_1_never_scheduled', 'dataset_produces_2' retrieved from /home/airflow/.local/lib/python3.8/site-packages/airflow/example_dags/example_datasets.py
[2024-03-15T08:18:00.087+0000] {logging_mixin.py:188} INFO - [2024-03-15T08:18:00.087+0000] {dag.py:3047} INFO - Sync 6 DAGs
[2024-03-15T08:18:00.095+0000] {logging_mixin.py:188} INFO - [2024-03-15T08:18:00.095+0000] {dag.py:3834} INFO - Setting next_dagrun for dataset_consumes_1 to None, run_after=None
[2024-03-15T08:18:00.096+0000] {logging_mixin.py:188} INFO - [2024-03-15T08:18:00.096+0000] {dag.py:3834} INFO - Setting next_dagrun for dataset_consumes_1_and_2 to None, run_after=None
[2024-03-15T08:18:00.097+0000] {logging_mixin.py:188} INFO - [2024-03-15T08:18:00.097+0000] {dag.py:3834} INFO - Setting next_dagrun for dataset_consumes_1_never_scheduled to None, run_after=None
[2024-03-15T08:18:00.097+0000] {logging_mixin.py:188} INFO - [2024-03-15T08:18:00.097+0000] {dag.py:3834} INFO - Setting next_dagrun for dataset_consumes_unknown_never_scheduled to None, run_after=None
[2024-03-15T08:18:00.098+0000] {logging_mixin.py:188} INFO - [2024-03-15T08:18:00.098+0000] {dag.py:3834} INFO - Setting next_dagrun for dataset_produces_1 to 2024-03-14 00:00:00+00:00, run_after=2024-03-15 00:00:00+00:00
[2024-03-15T08:18:00.099+0000] {logging_mixin.py:188} INFO - [2024-03-15T08:18:00.099+0000] {dag.py:3834} INFO - Setting next_dagrun for dataset_produces_2 to None, run_after=None
[2024-03-15T08:18:00.109+0000] {processor.py:183} INFO - Processing /home/airflow/.local/lib/python3.8/site-packages/airflow/example_dags/example_datasets.py took 0.043 seconds
[2024-03-15T08:18:30.524+0000] {processor.py:161} INFO - Started process (PID=1550) to work on /home/airflow/.local/lib/python3.8/site-packages/airflow/example_dags/example_datasets.py
[2024-03-15T08:18:30.525+0000] {processor.py:830} INFO - Processing file /home/airflow/.local/lib/python3.8/site-packages/airflow/example_dags/example_datasets.py for tasks to queue
[2024-03-15T08:18:30.526+0000] {logging_mixin.py:188} INFO - [2024-03-15T08:18:30.526+0000] {dagbag.py:540} INFO - Filling up the DagBag from /home/airflow/.local/lib/python3.8/site-packages/airflow/example_dags/example_datasets.py
[2024-03-15T08:18:30.530+0000] {processor.py:840} INFO - DAG(s) 'dataset_produces_2', 'dataset_consumes_1_and_2', 'dataset_consumes_1_never_scheduled', 'dataset_produces_1', 'dataset_consumes_unknown_never_scheduled', 'dataset_consumes_1' retrieved from /home/airflow/.local/lib/python3.8/site-packages/airflow/example_dags/example_datasets.py
[2024-03-15T08:18:30.545+0000] {logging_mixin.py:188} INFO - [2024-03-15T08:18:30.544+0000] {dag.py:3047} INFO - Sync 6 DAGs
[2024-03-15T08:18:30.553+0000] {logging_mixin.py:188} INFO - [2024-03-15T08:18:30.553+0000] {dag.py:3834} INFO - Setting next_dagrun for dataset_consumes_1 to None, run_after=None
[2024-03-15T08:18:30.554+0000] {logging_mixin.py:188} INFO - [2024-03-15T08:18:30.554+0000] {dag.py:3834} INFO - Setting next_dagrun for dataset_consumes_1_and_2 to None, run_after=None
[2024-03-15T08:18:30.555+0000] {logging_mixin.py:188} INFO - [2024-03-15T08:18:30.555+0000] {dag.py:3834} INFO - Setting next_dagrun for dataset_consumes_1_never_scheduled to None, run_after=None
[2024-03-15T08:18:30.556+0000] {logging_mixin.py:188} INFO - [2024-03-15T08:18:30.555+0000] {dag.py:3834} INFO - Setting next_dagrun for dataset_consumes_unknown_never_scheduled to None, run_after=None
[2024-03-15T08:18:30.557+0000] {logging_mixin.py:188} INFO - [2024-03-15T08:18:30.557+0000] {dag.py:3834} INFO - Setting next_dagrun for dataset_produces_1 to 2024-03-14 00:00:00+00:00, run_after=2024-03-15 00:00:00+00:00
[2024-03-15T08:18:30.557+0000] {logging_mixin.py:188} INFO - [2024-03-15T08:18:30.557+0000] {dag.py:3834} INFO - Setting next_dagrun for dataset_produces_2 to None, run_after=None
[2024-03-15T08:18:30.568+0000] {processor.py:183} INFO - Processing /home/airflow/.local/lib/python3.8/site-packages/airflow/example_dags/example_datasets.py took 0.045 seconds
[2024-03-15T08:19:00.852+0000] {processor.py:161} INFO - Started process (PID=1605) to work on /home/airflow/.local/lib/python3.8/site-packages/airflow/example_dags/example_datasets.py
[2024-03-15T08:19:00.852+0000] {processor.py:830} INFO - Processing file /home/airflow/.local/lib/python3.8/site-packages/airflow/example_dags/example_datasets.py for tasks to queue
[2024-03-15T08:19:00.853+0000] {logging_mixin.py:188} INFO - [2024-03-15T08:19:00.853+0000] {dagbag.py:540} INFO - Filling up the DagBag from /home/airflow/.local/lib/python3.8/site-packages/airflow/example_dags/example_datasets.py
[2024-03-15T08:19:00.857+0000] {processor.py:840} INFO - DAG(s) 'dataset_consumes_1', 'dataset_produces_2', 'dataset_consumes_1_and_2', 'dataset_consumes_unknown_never_scheduled', 'dataset_produces_1', 'dataset_consumes_1_never_scheduled' retrieved from /home/airflow/.local/lib/python3.8/site-packages/airflow/example_dags/example_datasets.py
[2024-03-15T08:19:00.871+0000] {logging_mixin.py:188} INFO - [2024-03-15T08:19:00.871+0000] {dag.py:3047} INFO - Sync 6 DAGs
[2024-03-15T08:19:00.880+0000] {logging_mixin.py:188} INFO - [2024-03-15T08:19:00.880+0000] {dag.py:3834} INFO - Setting next_dagrun for dataset_consumes_1 to None, run_after=None
[2024-03-15T08:19:00.881+0000] {logging_mixin.py:188} INFO - [2024-03-15T08:19:00.881+0000] {dag.py:3834} INFO - Setting next_dagrun for dataset_consumes_1_and_2 to None, run_after=None
[2024-03-15T08:19:00.882+0000] {logging_mixin.py:188} INFO - [2024-03-15T08:19:00.882+0000] {dag.py:3834} INFO - Setting next_dagrun for dataset_consumes_1_never_scheduled to None, run_after=None
[2024-03-15T08:19:00.882+0000] {logging_mixin.py:188} INFO - [2024-03-15T08:19:00.882+0000] {dag.py:3834} INFO - Setting next_dagrun for dataset_consumes_unknown_never_scheduled to None, run_after=None
[2024-03-15T08:19:00.883+0000] {logging_mixin.py:188} INFO - [2024-03-15T08:19:00.883+0000] {dag.py:3834} INFO - Setting next_dagrun for dataset_produces_1 to 2024-03-14 00:00:00+00:00, run_after=2024-03-15 00:00:00+00:00
[2024-03-15T08:19:00.884+0000] {logging_mixin.py:188} INFO - [2024-03-15T08:19:00.884+0000] {dag.py:3834} INFO - Setting next_dagrun for dataset_produces_2 to None, run_after=None
[2024-03-15T08:19:00.896+0000] {processor.py:183} INFO - Processing /home/airflow/.local/lib/python3.8/site-packages/airflow/example_dags/example_datasets.py took 0.046 seconds
[2024-03-15T08:19:31.125+0000] {processor.py:161} INFO - Started process (PID=1660) to work on /home/airflow/.local/lib/python3.8/site-packages/airflow/example_dags/example_datasets.py
[2024-03-15T08:19:31.125+0000] {processor.py:830} INFO - Processing file /home/airflow/.local/lib/python3.8/site-packages/airflow/example_dags/example_datasets.py for tasks to queue
[2024-03-15T08:19:31.126+0000] {logging_mixin.py:188} INFO - [2024-03-15T08:19:31.126+0000] {dagbag.py:540} INFO - Filling up the DagBag from /home/airflow/.local/lib/python3.8/site-packages/airflow/example_dags/example_datasets.py
[2024-03-15T08:19:31.130+0000] {processor.py:840} INFO - DAG(s) 'dataset_consumes_1_and_2', 'dataset_consumes_1', 'dataset_produces_1', 'dataset_produces_2', 'dataset_consumes_1_never_scheduled', 'dataset_consumes_unknown_never_scheduled' retrieved from /home/airflow/.local/lib/python3.8/site-packages/airflow/example_dags/example_datasets.py
[2024-03-15T08:19:31.144+0000] {logging_mixin.py:188} INFO - [2024-03-15T08:19:31.144+0000] {dag.py:3047} INFO - Sync 6 DAGs
[2024-03-15T08:19:31.153+0000] {logging_mixin.py:188} INFO - [2024-03-15T08:19:31.153+0000] {dag.py:3834} INFO - Setting next_dagrun for dataset_consumes_1 to None, run_after=None
[2024-03-15T08:19:31.154+0000] {logging_mixin.py:188} INFO - [2024-03-15T08:19:31.154+0000] {dag.py:3834} INFO - Setting next_dagrun for dataset_consumes_1_and_2 to None, run_after=None
[2024-03-15T08:19:31.155+0000] {logging_mixin.py:188} INFO - [2024-03-15T08:19:31.155+0000] {dag.py:3834} INFO - Setting next_dagrun for dataset_consumes_1_never_scheduled to None, run_after=None
[2024-03-15T08:19:31.156+0000] {logging_mixin.py:188} INFO - [2024-03-15T08:19:31.155+0000] {dag.py:3834} INFO - Setting next_dagrun for dataset_consumes_unknown_never_scheduled to None, run_after=None
[2024-03-15T08:19:31.157+0000] {logging_mixin.py:188} INFO - [2024-03-15T08:19:31.157+0000] {dag.py:3834} INFO - Setting next_dagrun for dataset_produces_1 to 2024-03-14 00:00:00+00:00, run_after=2024-03-15 00:00:00+00:00
[2024-03-15T08:19:31.157+0000] {logging_mixin.py:188} INFO - [2024-03-15T08:19:31.157+0000] {dag.py:3834} INFO - Setting next_dagrun for dataset_produces_2 to None, run_after=None
[2024-03-15T08:19:31.168+0000] {processor.py:183} INFO - Processing /home/airflow/.local/lib/python3.8/site-packages/airflow/example_dags/example_datasets.py took 0.045 seconds
[2024-03-15T08:20:01.490+0000] {processor.py:161} INFO - Started process (PID=1715) to work on /home/airflow/.local/lib/python3.8/site-packages/airflow/example_dags/example_datasets.py
[2024-03-15T08:20:01.491+0000] {processor.py:830} INFO - Processing file /home/airflow/.local/lib/python3.8/site-packages/airflow/example_dags/example_datasets.py for tasks to queue
[2024-03-15T08:20:01.492+0000] {logging_mixin.py:188} INFO - [2024-03-15T08:20:01.492+0000] {dagbag.py:540} INFO - Filling up the DagBag from /home/airflow/.local/lib/python3.8/site-packages/airflow/example_dags/example_datasets.py
[2024-03-15T08:20:01.496+0000] {processor.py:840} INFO - DAG(s) 'dataset_consumes_1_never_scheduled', 'dataset_consumes_unknown_never_scheduled', 'dataset_consumes_1_and_2', 'dataset_consumes_1', 'dataset_produces_1', 'dataset_produces_2' retrieved from /home/airflow/.local/lib/python3.8/site-packages/airflow/example_dags/example_datasets.py
[2024-03-15T08:20:01.509+0000] {logging_mixin.py:188} INFO - [2024-03-15T08:20:01.509+0000] {dag.py:3047} INFO - Sync 6 DAGs
[2024-03-15T08:20:01.518+0000] {logging_mixin.py:188} INFO - [2024-03-15T08:20:01.518+0000] {dag.py:3834} INFO - Setting next_dagrun for dataset_consumes_1 to None, run_after=None
[2024-03-15T08:20:01.519+0000] {logging_mixin.py:188} INFO - [2024-03-15T08:20:01.519+0000] {dag.py:3834} INFO - Setting next_dagrun for dataset_consumes_1_and_2 to None, run_after=None
[2024-03-15T08:20:01.520+0000] {logging_mixin.py:188} INFO - [2024-03-15T08:20:01.520+0000] {dag.py:3834} INFO - Setting next_dagrun for dataset_consumes_1_never_scheduled to None, run_after=None
[2024-03-15T08:20:01.520+0000] {logging_mixin.py:188} INFO - [2024-03-15T08:20:01.520+0000] {dag.py:3834} INFO - Setting next_dagrun for dataset_consumes_unknown_never_scheduled to None, run_after=None
[2024-03-15T08:20:01.521+0000] {logging_mixin.py:188} INFO - [2024-03-15T08:20:01.521+0000] {dag.py:3834} INFO - Setting next_dagrun for dataset_produces_1 to 2024-03-14 00:00:00+00:00, run_after=2024-03-15 00:00:00+00:00
[2024-03-15T08:20:01.522+0000] {logging_mixin.py:188} INFO - [2024-03-15T08:20:01.522+0000] {dag.py:3834} INFO - Setting next_dagrun for dataset_produces_2 to None, run_after=None
[2024-03-15T08:20:01.533+0000] {processor.py:183} INFO - Processing /home/airflow/.local/lib/python3.8/site-packages/airflow/example_dags/example_datasets.py took 0.044 seconds
[2024-03-15T08:20:31.813+0000] {processor.py:161} INFO - Started process (PID=1769) to work on /home/airflow/.local/lib/python3.8/site-packages/airflow/example_dags/example_datasets.py
[2024-03-15T08:20:31.813+0000] {processor.py:830} INFO - Processing file /home/airflow/.local/lib/python3.8/site-packages/airflow/example_dags/example_datasets.py for tasks to queue
[2024-03-15T08:20:31.814+0000] {logging_mixin.py:188} INFO - [2024-03-15T08:20:31.814+0000] {dagbag.py:540} INFO - Filling up the DagBag from /home/airflow/.local/lib/python3.8/site-packages/airflow/example_dags/example_datasets.py
[2024-03-15T08:20:31.818+0000] {processor.py:840} INFO - DAG(s) 'dataset_consumes_unknown_never_scheduled', 'dataset_produces_2', 'dataset_produces_1', 'dataset_consumes_1_never_scheduled', 'dataset_consumes_1', 'dataset_consumes_1_and_2' retrieved from /home/airflow/.local/lib/python3.8/site-packages/airflow/example_dags/example_datasets.py
[2024-03-15T08:20:31.833+0000] {logging_mixin.py:188} INFO - [2024-03-15T08:20:31.833+0000] {dag.py:3047} INFO - Sync 6 DAGs
[2024-03-15T08:20:31.842+0000] {logging_mixin.py:188} INFO - [2024-03-15T08:20:31.842+0000] {dag.py:3834} INFO - Setting next_dagrun for dataset_consumes_1 to None, run_after=None
[2024-03-15T08:20:31.843+0000] {logging_mixin.py:188} INFO - [2024-03-15T08:20:31.843+0000] {dag.py:3834} INFO - Setting next_dagrun for dataset_consumes_1_and_2 to None, run_after=None
[2024-03-15T08:20:31.844+0000] {logging_mixin.py:188} INFO - [2024-03-15T08:20:31.844+0000] {dag.py:3834} INFO - Setting next_dagrun for dataset_consumes_1_never_scheduled to None, run_after=None
[2024-03-15T08:20:31.844+0000] {logging_mixin.py:188} INFO - [2024-03-15T08:20:31.844+0000] {dag.py:3834} INFO - Setting next_dagrun for dataset_consumes_unknown_never_scheduled to None, run_after=None
[2024-03-15T08:20:31.845+0000] {logging_mixin.py:188} INFO - [2024-03-15T08:20:31.845+0000] {dag.py:3834} INFO - Setting next_dagrun for dataset_produces_1 to 2024-03-14 00:00:00+00:00, run_after=2024-03-15 00:00:00+00:00
[2024-03-15T08:20:31.846+0000] {logging_mixin.py:188} INFO - [2024-03-15T08:20:31.846+0000] {dag.py:3834} INFO - Setting next_dagrun for dataset_produces_2 to None, run_after=None
[2024-03-15T08:20:31.857+0000] {processor.py:183} INFO - Processing /home/airflow/.local/lib/python3.8/site-packages/airflow/example_dags/example_datasets.py took 0.045 seconds
[2024-03-15T08:21:02.157+0000] {processor.py:161} INFO - Started process (PID=1824) to work on /home/airflow/.local/lib/python3.8/site-packages/airflow/example_dags/example_datasets.py
[2024-03-15T08:21:02.157+0000] {processor.py:830} INFO - Processing file /home/airflow/.local/lib/python3.8/site-packages/airflow/example_dags/example_datasets.py for tasks to queue
[2024-03-15T08:21:02.158+0000] {logging_mixin.py:188} INFO - [2024-03-15T08:21:02.158+0000] {dagbag.py:540} INFO - Filling up the DagBag from /home/airflow/.local/lib/python3.8/site-packages/airflow/example_dags/example_datasets.py
[2024-03-15T08:21:02.162+0000] {processor.py:840} INFO - DAG(s) 'dataset_consumes_1', 'dataset_consumes_unknown_never_scheduled', 'dataset_consumes_1_never_scheduled', 'dataset_produces_2', 'dataset_consumes_1_and_2', 'dataset_produces_1' retrieved from /home/airflow/.local/lib/python3.8/site-packages/airflow/example_dags/example_datasets.py
[2024-03-15T08:21:02.175+0000] {logging_mixin.py:188} INFO - [2024-03-15T08:21:02.174+0000] {dag.py:3047} INFO - Sync 6 DAGs
[2024-03-15T08:21:02.183+0000] {logging_mixin.py:188} INFO - [2024-03-15T08:21:02.183+0000] {dag.py:3834} INFO - Setting next_dagrun for dataset_consumes_1 to None, run_after=None
[2024-03-15T08:21:02.185+0000] {logging_mixin.py:188} INFO - [2024-03-15T08:21:02.185+0000] {dag.py:3834} INFO - Setting next_dagrun for dataset_consumes_1_and_2 to None, run_after=None
[2024-03-15T08:21:02.186+0000] {logging_mixin.py:188} INFO - [2024-03-15T08:21:02.186+0000] {dag.py:3834} INFO - Setting next_dagrun for dataset_consumes_1_never_scheduled to None, run_after=None
[2024-03-15T08:21:02.186+0000] {logging_mixin.py:188} INFO - [2024-03-15T08:21:02.186+0000] {dag.py:3834} INFO - Setting next_dagrun for dataset_consumes_unknown_never_scheduled to None, run_after=None
[2024-03-15T08:21:02.187+0000] {logging_mixin.py:188} INFO - [2024-03-15T08:21:02.187+0000] {dag.py:3834} INFO - Setting next_dagrun for dataset_produces_1 to 2024-03-14 00:00:00+00:00, run_after=2024-03-15 00:00:00+00:00
[2024-03-15T08:21:02.188+0000] {logging_mixin.py:188} INFO - [2024-03-15T08:21:02.188+0000] {dag.py:3834} INFO - Setting next_dagrun for dataset_produces_2 to None, run_after=None
[2024-03-15T08:21:02.199+0000] {processor.py:183} INFO - Processing /home/airflow/.local/lib/python3.8/site-packages/airflow/example_dags/example_datasets.py took 0.044 seconds
[2024-03-15T08:21:32.436+0000] {processor.py:161} INFO - Started process (PID=1879) to work on /home/airflow/.local/lib/python3.8/site-packages/airflow/example_dags/example_datasets.py
[2024-03-15T08:21:32.437+0000] {processor.py:830} INFO - Processing file /home/airflow/.local/lib/python3.8/site-packages/airflow/example_dags/example_datasets.py for tasks to queue
[2024-03-15T08:21:32.438+0000] {logging_mixin.py:188} INFO - [2024-03-15T08:21:32.437+0000] {dagbag.py:540} INFO - Filling up the DagBag from /home/airflow/.local/lib/python3.8/site-packages/airflow/example_dags/example_datasets.py
[2024-03-15T08:21:32.442+0000] {processor.py:840} INFO - DAG(s) 'dataset_consumes_1', 'dataset_produces_2', 'dataset_consumes_1_and_2', 'dataset_produces_1', 'dataset_consumes_unknown_never_scheduled', 'dataset_consumes_1_never_scheduled' retrieved from /home/airflow/.local/lib/python3.8/site-packages/airflow/example_dags/example_datasets.py
[2024-03-15T08:21:32.455+0000] {logging_mixin.py:188} INFO - [2024-03-15T08:21:32.455+0000] {dag.py:3047} INFO - Sync 6 DAGs
[2024-03-15T08:21:32.463+0000] {logging_mixin.py:188} INFO - [2024-03-15T08:21:32.463+0000] {dag.py:3834} INFO - Setting next_dagrun for dataset_consumes_1 to None, run_after=None
[2024-03-15T08:21:32.465+0000] {logging_mixin.py:188} INFO - [2024-03-15T08:21:32.465+0000] {dag.py:3834} INFO - Setting next_dagrun for dataset_consumes_1_and_2 to None, run_after=None
[2024-03-15T08:21:32.465+0000] {logging_mixin.py:188} INFO - [2024-03-15T08:21:32.465+0000] {dag.py:3834} INFO - Setting next_dagrun for dataset_consumes_1_never_scheduled to None, run_after=None
[2024-03-15T08:21:32.466+0000] {logging_mixin.py:188} INFO - [2024-03-15T08:21:32.466+0000] {dag.py:3834} INFO - Setting next_dagrun for dataset_consumes_unknown_never_scheduled to None, run_after=None
[2024-03-15T08:21:32.467+0000] {logging_mixin.py:188} INFO - [2024-03-15T08:21:32.467+0000] {dag.py:3834} INFO - Setting next_dagrun for dataset_produces_1 to 2024-03-14 00:00:00+00:00, run_after=2024-03-15 00:00:00+00:00
[2024-03-15T08:21:32.467+0000] {logging_mixin.py:188} INFO - [2024-03-15T08:21:32.467+0000] {dag.py:3834} INFO - Setting next_dagrun for dataset_produces_2 to None, run_after=None
[2024-03-15T08:21:32.479+0000] {processor.py:183} INFO - Processing /home/airflow/.local/lib/python3.8/site-packages/airflow/example_dags/example_datasets.py took 0.044 seconds
[2024-03-15T08:22:02.774+0000] {processor.py:161} INFO - Started process (PID=1933) to work on /home/airflow/.local/lib/python3.8/site-packages/airflow/example_dags/example_datasets.py
[2024-03-15T08:22:02.774+0000] {processor.py:830} INFO - Processing file /home/airflow/.local/lib/python3.8/site-packages/airflow/example_dags/example_datasets.py for tasks to queue
[2024-03-15T08:22:02.775+0000] {logging_mixin.py:188} INFO - [2024-03-15T08:22:02.775+0000] {dagbag.py:540} INFO - Filling up the DagBag from /home/airflow/.local/lib/python3.8/site-packages/airflow/example_dags/example_datasets.py
[2024-03-15T08:22:02.779+0000] {processor.py:840} INFO - DAG(s) 'dataset_consumes_1_never_scheduled', 'dataset_produces_2', 'dataset_consumes_unknown_never_scheduled', 'dataset_produces_1', 'dataset_consumes_1_and_2', 'dataset_consumes_1' retrieved from /home/airflow/.local/lib/python3.8/site-packages/airflow/example_dags/example_datasets.py
[2024-03-15T08:22:02.794+0000] {logging_mixin.py:188} INFO - [2024-03-15T08:22:02.794+0000] {dag.py:3047} INFO - Sync 6 DAGs
[2024-03-15T08:22:02.802+0000] {logging_mixin.py:188} INFO - [2024-03-15T08:22:02.802+0000] {dag.py:3834} INFO - Setting next_dagrun for dataset_consumes_1 to None, run_after=None
[2024-03-15T08:22:02.803+0000] {logging_mixin.py:188} INFO - [2024-03-15T08:22:02.803+0000] {dag.py:3834} INFO - Setting next_dagrun for dataset_consumes_1_and_2 to None, run_after=None
[2024-03-15T08:22:02.804+0000] {logging_mixin.py:188} INFO - [2024-03-15T08:22:02.804+0000] {dag.py:3834} INFO - Setting next_dagrun for dataset_consumes_1_never_scheduled to None, run_after=None
[2024-03-15T08:22:02.805+0000] {logging_mixin.py:188} INFO - [2024-03-15T08:22:02.804+0000] {dag.py:3834} INFO - Setting next_dagrun for dataset_consumes_unknown_never_scheduled to None, run_after=None
[2024-03-15T08:22:02.806+0000] {logging_mixin.py:188} INFO - [2024-03-15T08:22:02.806+0000] {dag.py:3834} INFO - Setting next_dagrun for dataset_produces_1 to 2024-03-14 00:00:00+00:00, run_after=2024-03-15 00:00:00+00:00
[2024-03-15T08:22:02.806+0000] {logging_mixin.py:188} INFO - [2024-03-15T08:22:02.806+0000] {dag.py:3834} INFO - Setting next_dagrun for dataset_produces_2 to None, run_after=None
[2024-03-15T08:22:02.817+0000] {processor.py:183} INFO - Processing /home/airflow/.local/lib/python3.8/site-packages/airflow/example_dags/example_datasets.py took 0.045 seconds
[2024-03-15T08:22:33.084+0000] {processor.py:161} INFO - Started process (PID=1988) to work on /home/airflow/.local/lib/python3.8/site-packages/airflow/example_dags/example_datasets.py
[2024-03-15T08:22:33.085+0000] {processor.py:830} INFO - Processing file /home/airflow/.local/lib/python3.8/site-packages/airflow/example_dags/example_datasets.py for tasks to queue
[2024-03-15T08:22:33.086+0000] {logging_mixin.py:188} INFO - [2024-03-15T08:22:33.086+0000] {dagbag.py:540} INFO - Filling up the DagBag from /home/airflow/.local/lib/python3.8/site-packages/airflow/example_dags/example_datasets.py
[2024-03-15T08:22:33.090+0000] {processor.py:840} INFO - DAG(s) 'dataset_consumes_unknown_never_scheduled', 'dataset_consumes_1', 'dataset_consumes_1_never_scheduled', 'dataset_produces_1', 'dataset_produces_2', 'dataset_consumes_1_and_2' retrieved from /home/airflow/.local/lib/python3.8/site-packages/airflow/example_dags/example_datasets.py
[2024-03-15T08:22:33.103+0000] {logging_mixin.py:188} INFO - [2024-03-15T08:22:33.103+0000] {dag.py:3047} INFO - Sync 6 DAGs
[2024-03-15T08:22:33.112+0000] {logging_mixin.py:188} INFO - [2024-03-15T08:22:33.112+0000] {dag.py:3834} INFO - Setting next_dagrun for dataset_consumes_1 to None, run_after=None
[2024-03-15T08:22:33.114+0000] {logging_mixin.py:188} INFO - [2024-03-15T08:22:33.114+0000] {dag.py:3834} INFO - Setting next_dagrun for dataset_consumes_1_and_2 to None, run_after=None
[2024-03-15T08:22:33.114+0000] {logging_mixin.py:188} INFO - [2024-03-15T08:22:33.114+0000] {dag.py:3834} INFO - Setting next_dagrun for dataset_consumes_1_never_scheduled to None, run_after=None
[2024-03-15T08:22:33.115+0000] {logging_mixin.py:188} INFO - [2024-03-15T08:22:33.115+0000] {dag.py:3834} INFO - Setting next_dagrun for dataset_consumes_unknown_never_scheduled to None, run_after=None
[2024-03-15T08:22:33.116+0000] {logging_mixin.py:188} INFO - [2024-03-15T08:22:33.116+0000] {dag.py:3834} INFO - Setting next_dagrun for dataset_produces_1 to 2024-03-14 00:00:00+00:00, run_after=2024-03-15 00:00:00+00:00
[2024-03-15T08:22:33.117+0000] {logging_mixin.py:188} INFO - [2024-03-15T08:22:33.117+0000] {dag.py:3834} INFO - Setting next_dagrun for dataset_produces_2 to None, run_after=None
[2024-03-15T08:22:33.127+0000] {processor.py:183} INFO - Processing /home/airflow/.local/lib/python3.8/site-packages/airflow/example_dags/example_datasets.py took 0.044 seconds
[2024-03-15T08:23:03.580+0000] {processor.py:161} INFO - Started process (PID=2043) to work on /home/airflow/.local/lib/python3.8/site-packages/airflow/example_dags/example_datasets.py
[2024-03-15T08:23:03.580+0000] {processor.py:830} INFO - Processing file /home/airflow/.local/lib/python3.8/site-packages/airflow/example_dags/example_datasets.py for tasks to queue
[2024-03-15T08:23:03.581+0000] {logging_mixin.py:188} INFO - [2024-03-15T08:23:03.581+0000] {dagbag.py:540} INFO - Filling up the DagBag from /home/airflow/.local/lib/python3.8/site-packages/airflow/example_dags/example_datasets.py
[2024-03-15T08:23:03.586+0000] {processor.py:840} INFO - DAG(s) 'dataset_consumes_1_never_scheduled', 'dataset_consumes_1_and_2', 'dataset_produces_1', 'dataset_produces_2', 'dataset_consumes_unknown_never_scheduled', 'dataset_consumes_1' retrieved from /home/airflow/.local/lib/python3.8/site-packages/airflow/example_dags/example_datasets.py
[2024-03-15T08:23:03.600+0000] {logging_mixin.py:188} INFO - [2024-03-15T08:23:03.600+0000] {dag.py:3047} INFO - Sync 6 DAGs
[2024-03-15T08:23:03.609+0000] {logging_mixin.py:188} INFO - [2024-03-15T08:23:03.609+0000] {dag.py:3834} INFO - Setting next_dagrun for dataset_consumes_1 to None, run_after=None
[2024-03-15T08:23:03.611+0000] {logging_mixin.py:188} INFO - [2024-03-15T08:23:03.611+0000] {dag.py:3834} INFO - Setting next_dagrun for dataset_consumes_1_and_2 to None, run_after=None
[2024-03-15T08:23:03.611+0000] {logging_mixin.py:188} INFO - [2024-03-15T08:23:03.611+0000] {dag.py:3834} INFO - Setting next_dagrun for dataset_consumes_1_never_scheduled to None, run_after=None
[2024-03-15T08:23:03.612+0000] {logging_mixin.py:188} INFO - [2024-03-15T08:23:03.612+0000] {dag.py:3834} INFO - Setting next_dagrun for dataset_consumes_unknown_never_scheduled to None, run_after=None
[2024-03-15T08:23:03.613+0000] {logging_mixin.py:188} INFO - [2024-03-15T08:23:03.613+0000] {dag.py:3834} INFO - Setting next_dagrun for dataset_produces_1 to 2024-03-14 00:00:00+00:00, run_after=2024-03-15 00:00:00+00:00
[2024-03-15T08:23:03.614+0000] {logging_mixin.py:188} INFO - [2024-03-15T08:23:03.614+0000] {dag.py:3834} INFO - Setting next_dagrun for dataset_produces_2 to None, run_after=None
[2024-03-15T08:23:03.624+0000] {processor.py:183} INFO - Processing /home/airflow/.local/lib/python3.8/site-packages/airflow/example_dags/example_datasets.py took 0.046 seconds
[2024-03-15T08:23:34.127+0000] {processor.py:161} INFO - Started process (PID=2097) to work on /home/airflow/.local/lib/python3.8/site-packages/airflow/example_dags/example_datasets.py
[2024-03-15T08:23:34.128+0000] {processor.py:830} INFO - Processing file /home/airflow/.local/lib/python3.8/site-packages/airflow/example_dags/example_datasets.py for tasks to queue
[2024-03-15T08:23:34.129+0000] {logging_mixin.py:188} INFO - [2024-03-15T08:23:34.129+0000] {dagbag.py:540} INFO - Filling up the DagBag from /home/airflow/.local/lib/python3.8/site-packages/airflow/example_dags/example_datasets.py
[2024-03-15T08:23:34.133+0000] {processor.py:840} INFO - DAG(s) 'dataset_produces_1', 'dataset_produces_2', 'dataset_consumes_unknown_never_scheduled', 'dataset_consumes_1_and_2', 'dataset_consumes_1_never_scheduled', 'dataset_consumes_1' retrieved from /home/airflow/.local/lib/python3.8/site-packages/airflow/example_dags/example_datasets.py
[2024-03-15T08:23:34.146+0000] {logging_mixin.py:188} INFO - [2024-03-15T08:23:34.146+0000] {dag.py:3047} INFO - Sync 6 DAGs
[2024-03-15T08:23:34.155+0000] {logging_mixin.py:188} INFO - [2024-03-15T08:23:34.155+0000] {dag.py:3834} INFO - Setting next_dagrun for dataset_consumes_1 to None, run_after=None
[2024-03-15T08:23:34.156+0000] {logging_mixin.py:188} INFO - [2024-03-15T08:23:34.156+0000] {dag.py:3834} INFO - Setting next_dagrun for dataset_consumes_1_and_2 to None, run_after=None
[2024-03-15T08:23:34.157+0000] {logging_mixin.py:188} INFO - [2024-03-15T08:23:34.157+0000] {dag.py:3834} INFO - Setting next_dagrun for dataset_consumes_1_never_scheduled to None, run_after=None
[2024-03-15T08:23:34.157+0000] {logging_mixin.py:188} INFO - [2024-03-15T08:23:34.157+0000] {dag.py:3834} INFO - Setting next_dagrun for dataset_consumes_unknown_never_scheduled to None, run_after=None
[2024-03-15T08:23:34.158+0000] {logging_mixin.py:188} INFO - [2024-03-15T08:23:34.158+0000] {dag.py:3834} INFO - Setting next_dagrun for dataset_produces_1 to 2024-03-14 00:00:00+00:00, run_after=2024-03-15 00:00:00+00:00
[2024-03-15T08:23:34.159+0000] {logging_mixin.py:188} INFO - [2024-03-15T08:23:34.159+0000] {dag.py:3834} INFO - Setting next_dagrun for dataset_produces_2 to None, run_after=None
[2024-03-15T08:23:34.170+0000] {processor.py:183} INFO - Processing /home/airflow/.local/lib/python3.8/site-packages/airflow/example_dags/example_datasets.py took 0.044 seconds
