[2024-03-15T08:04:48.526+0000] {processor.py:161} INFO - Started process (PID=42) to work on /home/airflow/.local/lib/python3.8/site-packages/airflow/example_dags/example_branch_labels.py
[2024-03-15T08:04:48.527+0000] {processor.py:830} INFO - Processing file /home/airflow/.local/lib/python3.8/site-packages/airflow/example_dags/example_branch_labels.py for tasks to queue
[2024-03-15T08:04:48.528+0000] {logging_mixin.py:188} INFO - [2024-03-15T08:04:48.528+0000] {dagbag.py:540} INFO - Filling up the DagBag from /home/airflow/.local/lib/python3.8/site-packages/airflow/example_dags/example_branch_labels.py
[2024-03-15T08:04:48.532+0000] {processor.py:840} INFO - DAG(s) 'example_branch_labels' retrieved from /home/airflow/.local/lib/python3.8/site-packages/airflow/example_dags/example_branch_labels.py
[2024-03-15T08:04:48.538+0000] {logging_mixin.py:188} INFO - [2024-03-15T08:04:48.538+0000] {dag.py:3047} INFO - Sync 1 DAGs
[2024-03-15T08:04:48.548+0000] {logging_mixin.py:188} INFO - [2024-03-15T08:04:48.548+0000] {dag.py:3834} INFO - Setting next_dagrun for example_branch_labels to 2024-03-14 00:00:00+00:00, run_after=2024-03-15 00:00:00+00:00
[2024-03-15T08:04:48.556+0000] {processor.py:183} INFO - Processing /home/airflow/.local/lib/python3.8/site-packages/airflow/example_dags/example_branch_labels.py took 0.031 seconds
[2024-03-15T08:05:19.616+0000] {processor.py:161} INFO - Started process (PID=97) to work on /home/airflow/.local/lib/python3.8/site-packages/airflow/example_dags/example_branch_labels.py
[2024-03-15T08:05:19.616+0000] {processor.py:830} INFO - Processing file /home/airflow/.local/lib/python3.8/site-packages/airflow/example_dags/example_branch_labels.py for tasks to queue
[2024-03-15T08:05:19.617+0000] {logging_mixin.py:188} INFO - [2024-03-15T08:05:19.617+0000] {dagbag.py:540} INFO - Filling up the DagBag from /home/airflow/.local/lib/python3.8/site-packages/airflow/example_dags/example_branch_labels.py
[2024-03-15T08:05:19.620+0000] {processor.py:840} INFO - DAG(s) 'example_branch_labels' retrieved from /home/airflow/.local/lib/python3.8/site-packages/airflow/example_dags/example_branch_labels.py
[2024-03-15T08:05:19.663+0000] {logging_mixin.py:188} INFO - [2024-03-15T08:05:19.662+0000] {dag.py:3047} INFO - Sync 1 DAGs
[2024-03-15T08:05:19.673+0000] {logging_mixin.py:188} INFO - [2024-03-15T08:05:19.673+0000] {dag.py:3834} INFO - Setting next_dagrun for example_branch_labels to 2024-03-14 00:00:00+00:00, run_after=2024-03-15 00:00:00+00:00
[2024-03-15T08:05:19.681+0000] {processor.py:183} INFO - Processing /home/airflow/.local/lib/python3.8/site-packages/airflow/example_dags/example_branch_labels.py took 0.067 seconds
[2024-03-15T08:05:50.667+0000] {processor.py:161} INFO - Started process (PID=152) to work on /home/airflow/.local/lib/python3.8/site-packages/airflow/example_dags/example_branch_labels.py
[2024-03-15T08:05:50.668+0000] {processor.py:830} INFO - Processing file /home/airflow/.local/lib/python3.8/site-packages/airflow/example_dags/example_branch_labels.py for tasks to queue
[2024-03-15T08:05:50.669+0000] {logging_mixin.py:188} INFO - [2024-03-15T08:05:50.669+0000] {dagbag.py:540} INFO - Filling up the DagBag from /home/airflow/.local/lib/python3.8/site-packages/airflow/example_dags/example_branch_labels.py
[2024-03-15T08:05:50.675+0000] {processor.py:840} INFO - DAG(s) 'example_branch_labels' retrieved from /home/airflow/.local/lib/python3.8/site-packages/airflow/example_dags/example_branch_labels.py
[2024-03-15T08:05:50.687+0000] {logging_mixin.py:188} INFO - [2024-03-15T08:05:50.687+0000] {dag.py:3047} INFO - Sync 1 DAGs
[2024-03-15T08:05:50.698+0000] {logging_mixin.py:188} INFO - [2024-03-15T08:05:50.698+0000] {dag.py:3834} INFO - Setting next_dagrun for example_branch_labels to 2024-03-14 00:00:00+00:00, run_after=2024-03-15 00:00:00+00:00
[2024-03-15T08:05:50.706+0000] {processor.py:183} INFO - Processing /home/airflow/.local/lib/python3.8/site-packages/airflow/example_dags/example_branch_labels.py took 0.040 seconds
[2024-03-15T08:06:21.038+0000] {processor.py:161} INFO - Started process (PID=207) to work on /home/airflow/.local/lib/python3.8/site-packages/airflow/example_dags/example_branch_labels.py
[2024-03-15T08:06:21.038+0000] {processor.py:830} INFO - Processing file /home/airflow/.local/lib/python3.8/site-packages/airflow/example_dags/example_branch_labels.py for tasks to queue
[2024-03-15T08:06:21.039+0000] {logging_mixin.py:188} INFO - [2024-03-15T08:06:21.039+0000] {dagbag.py:540} INFO - Filling up the DagBag from /home/airflow/.local/lib/python3.8/site-packages/airflow/example_dags/example_branch_labels.py
[2024-03-15T08:06:21.042+0000] {processor.py:840} INFO - DAG(s) 'example_branch_labels' retrieved from /home/airflow/.local/lib/python3.8/site-packages/airflow/example_dags/example_branch_labels.py
[2024-03-15T08:06:21.051+0000] {logging_mixin.py:188} INFO - [2024-03-15T08:06:21.051+0000] {dag.py:3047} INFO - Sync 1 DAGs
[2024-03-15T08:06:21.060+0000] {logging_mixin.py:188} INFO - [2024-03-15T08:06:21.060+0000] {dag.py:3834} INFO - Setting next_dagrun for example_branch_labels to 2024-03-14 00:00:00+00:00, run_after=2024-03-15 00:00:00+00:00
[2024-03-15T08:06:21.066+0000] {processor.py:183} INFO - Processing /home/airflow/.local/lib/python3.8/site-packages/airflow/example_dags/example_branch_labels.py took 0.029 seconds
[2024-03-15T08:06:51.346+0000] {processor.py:161} INFO - Started process (PID=262) to work on /home/airflow/.local/lib/python3.8/site-packages/airflow/example_dags/example_branch_labels.py
[2024-03-15T08:06:51.346+0000] {processor.py:830} INFO - Processing file /home/airflow/.local/lib/python3.8/site-packages/airflow/example_dags/example_branch_labels.py for tasks to queue
[2024-03-15T08:06:51.347+0000] {logging_mixin.py:188} INFO - [2024-03-15T08:06:51.347+0000] {dagbag.py:540} INFO - Filling up the DagBag from /home/airflow/.local/lib/python3.8/site-packages/airflow/example_dags/example_branch_labels.py
[2024-03-15T08:06:51.351+0000] {processor.py:840} INFO - DAG(s) 'example_branch_labels' retrieved from /home/airflow/.local/lib/python3.8/site-packages/airflow/example_dags/example_branch_labels.py
[2024-03-15T08:06:51.360+0000] {logging_mixin.py:188} INFO - [2024-03-15T08:06:51.360+0000] {dag.py:3047} INFO - Sync 1 DAGs
[2024-03-15T08:06:51.368+0000] {logging_mixin.py:188} INFO - [2024-03-15T08:06:51.368+0000] {dag.py:3834} INFO - Setting next_dagrun for example_branch_labels to 2024-03-14 00:00:00+00:00, run_after=2024-03-15 00:00:00+00:00
[2024-03-15T08:06:51.375+0000] {processor.py:183} INFO - Processing /home/airflow/.local/lib/python3.8/site-packages/airflow/example_dags/example_branch_labels.py took 0.031 seconds
[2024-03-15T08:07:21.629+0000] {processor.py:161} INFO - Started process (PID=317) to work on /home/airflow/.local/lib/python3.8/site-packages/airflow/example_dags/example_branch_labels.py
[2024-03-15T08:07:21.630+0000] {processor.py:830} INFO - Processing file /home/airflow/.local/lib/python3.8/site-packages/airflow/example_dags/example_branch_labels.py for tasks to queue
[2024-03-15T08:07:21.631+0000] {logging_mixin.py:188} INFO - [2024-03-15T08:07:21.630+0000] {dagbag.py:540} INFO - Filling up the DagBag from /home/airflow/.local/lib/python3.8/site-packages/airflow/example_dags/example_branch_labels.py
[2024-03-15T08:07:21.633+0000] {processor.py:840} INFO - DAG(s) 'example_branch_labels' retrieved from /home/airflow/.local/lib/python3.8/site-packages/airflow/example_dags/example_branch_labels.py
[2024-03-15T08:07:21.641+0000] {logging_mixin.py:188} INFO - [2024-03-15T08:07:21.641+0000] {dag.py:3047} INFO - Sync 1 DAGs
[2024-03-15T08:07:21.650+0000] {logging_mixin.py:188} INFO - [2024-03-15T08:07:21.650+0000] {dag.py:3834} INFO - Setting next_dagrun for example_branch_labels to 2024-03-14 00:00:00+00:00, run_after=2024-03-15 00:00:00+00:00
[2024-03-15T08:07:21.656+0000] {processor.py:183} INFO - Processing /home/airflow/.local/lib/python3.8/site-packages/airflow/example_dags/example_branch_labels.py took 0.028 seconds
[2024-03-15T08:07:51.930+0000] {processor.py:161} INFO - Started process (PID=372) to work on /home/airflow/.local/lib/python3.8/site-packages/airflow/example_dags/example_branch_labels.py
[2024-03-15T08:07:51.931+0000] {processor.py:830} INFO - Processing file /home/airflow/.local/lib/python3.8/site-packages/airflow/example_dags/example_branch_labels.py for tasks to queue
[2024-03-15T08:07:51.931+0000] {logging_mixin.py:188} INFO - [2024-03-15T08:07:51.931+0000] {dagbag.py:540} INFO - Filling up the DagBag from /home/airflow/.local/lib/python3.8/site-packages/airflow/example_dags/example_branch_labels.py
[2024-03-15T08:07:51.935+0000] {processor.py:840} INFO - DAG(s) 'example_branch_labels' retrieved from /home/airflow/.local/lib/python3.8/site-packages/airflow/example_dags/example_branch_labels.py
[2024-03-15T08:07:51.943+0000] {logging_mixin.py:188} INFO - [2024-03-15T08:07:51.943+0000] {dag.py:3047} INFO - Sync 1 DAGs
[2024-03-15T08:07:51.951+0000] {logging_mixin.py:188} INFO - [2024-03-15T08:07:51.951+0000] {dag.py:3834} INFO - Setting next_dagrun for example_branch_labels to 2024-03-14 00:00:00+00:00, run_after=2024-03-15 00:00:00+00:00
[2024-03-15T08:07:51.958+0000] {processor.py:183} INFO - Processing /home/airflow/.local/lib/python3.8/site-packages/airflow/example_dags/example_branch_labels.py took 0.029 seconds
[2024-03-15T08:08:22.303+0000] {processor.py:161} INFO - Started process (PID=426) to work on /home/airflow/.local/lib/python3.8/site-packages/airflow/example_dags/example_branch_labels.py
[2024-03-15T08:08:22.304+0000] {processor.py:830} INFO - Processing file /home/airflow/.local/lib/python3.8/site-packages/airflow/example_dags/example_branch_labels.py for tasks to queue
[2024-03-15T08:08:22.305+0000] {logging_mixin.py:188} INFO - [2024-03-15T08:08:22.305+0000] {dagbag.py:540} INFO - Filling up the DagBag from /home/airflow/.local/lib/python3.8/site-packages/airflow/example_dags/example_branch_labels.py
[2024-03-15T08:08:22.310+0000] {processor.py:840} INFO - DAG(s) 'example_branch_labels' retrieved from /home/airflow/.local/lib/python3.8/site-packages/airflow/example_dags/example_branch_labels.py
[2024-03-15T08:08:22.322+0000] {logging_mixin.py:188} INFO - [2024-03-15T08:08:22.322+0000] {dag.py:3047} INFO - Sync 1 DAGs
[2024-03-15T08:08:22.333+0000] {logging_mixin.py:188} INFO - [2024-03-15T08:08:22.333+0000] {dag.py:3834} INFO - Setting next_dagrun for example_branch_labels to 2024-03-14 00:00:00+00:00, run_after=2024-03-15 00:00:00+00:00
[2024-03-15T08:08:22.341+0000] {processor.py:183} INFO - Processing /home/airflow/.local/lib/python3.8/site-packages/airflow/example_dags/example_branch_labels.py took 0.040 seconds
[2024-03-15T08:08:52.632+0000] {processor.py:161} INFO - Started process (PID=481) to work on /home/airflow/.local/lib/python3.8/site-packages/airflow/example_dags/example_branch_labels.py
[2024-03-15T08:08:52.632+0000] {processor.py:830} INFO - Processing file /home/airflow/.local/lib/python3.8/site-packages/airflow/example_dags/example_branch_labels.py for tasks to queue
[2024-03-15T08:08:52.633+0000] {logging_mixin.py:188} INFO - [2024-03-15T08:08:52.633+0000] {dagbag.py:540} INFO - Filling up the DagBag from /home/airflow/.local/lib/python3.8/site-packages/airflow/example_dags/example_branch_labels.py
[2024-03-15T08:08:52.637+0000] {processor.py:840} INFO - DAG(s) 'example_branch_labels' retrieved from /home/airflow/.local/lib/python3.8/site-packages/airflow/example_dags/example_branch_labels.py
[2024-03-15T08:08:52.645+0000] {logging_mixin.py:188} INFO - [2024-03-15T08:08:52.645+0000] {dag.py:3047} INFO - Sync 1 DAGs
[2024-03-15T08:08:52.654+0000] {logging_mixin.py:188} INFO - [2024-03-15T08:08:52.654+0000] {dag.py:3834} INFO - Setting next_dagrun for example_branch_labels to 2024-03-14 00:00:00+00:00, run_after=2024-03-15 00:00:00+00:00
[2024-03-15T08:08:52.661+0000] {processor.py:183} INFO - Processing /home/airflow/.local/lib/python3.8/site-packages/airflow/example_dags/example_branch_labels.py took 0.030 seconds
[2024-03-15T08:09:22.961+0000] {processor.py:161} INFO - Started process (PID=536) to work on /home/airflow/.local/lib/python3.8/site-packages/airflow/example_dags/example_branch_labels.py
[2024-03-15T08:09:22.961+0000] {processor.py:830} INFO - Processing file /home/airflow/.local/lib/python3.8/site-packages/airflow/example_dags/example_branch_labels.py for tasks to queue
[2024-03-15T08:09:22.963+0000] {logging_mixin.py:188} INFO - [2024-03-15T08:09:22.963+0000] {dagbag.py:540} INFO - Filling up the DagBag from /home/airflow/.local/lib/python3.8/site-packages/airflow/example_dags/example_branch_labels.py
[2024-03-15T08:09:22.969+0000] {processor.py:840} INFO - DAG(s) 'example_branch_labels' retrieved from /home/airflow/.local/lib/python3.8/site-packages/airflow/example_dags/example_branch_labels.py
[2024-03-15T08:09:22.977+0000] {logging_mixin.py:188} INFO - [2024-03-15T08:09:22.977+0000] {dag.py:3047} INFO - Sync 1 DAGs
[2024-03-15T08:09:22.986+0000] {logging_mixin.py:188} INFO - [2024-03-15T08:09:22.985+0000] {dag.py:3834} INFO - Setting next_dagrun for example_branch_labels to 2024-03-14 00:00:00+00:00, run_after=2024-03-15 00:00:00+00:00
[2024-03-15T08:09:22.992+0000] {processor.py:183} INFO - Processing /home/airflow/.local/lib/python3.8/site-packages/airflow/example_dags/example_branch_labels.py took 0.032 seconds
[2024-03-15T08:09:53.489+0000] {processor.py:161} INFO - Started process (PID=591) to work on /home/airflow/.local/lib/python3.8/site-packages/airflow/example_dags/example_branch_labels.py
[2024-03-15T08:09:53.490+0000] {processor.py:830} INFO - Processing file /home/airflow/.local/lib/python3.8/site-packages/airflow/example_dags/example_branch_labels.py for tasks to queue
[2024-03-15T08:09:53.493+0000] {logging_mixin.py:188} INFO - [2024-03-15T08:09:53.492+0000] {dagbag.py:540} INFO - Filling up the DagBag from /home/airflow/.local/lib/python3.8/site-packages/airflow/example_dags/example_branch_labels.py
[2024-03-15T08:09:53.500+0000] {processor.py:840} INFO - DAG(s) 'example_branch_labels' retrieved from /home/airflow/.local/lib/python3.8/site-packages/airflow/example_dags/example_branch_labels.py
[2024-03-15T08:09:53.512+0000] {logging_mixin.py:188} INFO - [2024-03-15T08:09:53.512+0000] {dag.py:3047} INFO - Sync 1 DAGs
[2024-03-15T08:09:53.522+0000] {logging_mixin.py:188} INFO - [2024-03-15T08:09:53.522+0000] {dag.py:3834} INFO - Setting next_dagrun for example_branch_labels to 2024-03-14 00:00:00+00:00, run_after=2024-03-15 00:00:00+00:00
[2024-03-15T08:09:53.530+0000] {processor.py:183} INFO - Processing /home/airflow/.local/lib/python3.8/site-packages/airflow/example_dags/example_branch_labels.py took 0.043 seconds
[2024-03-15T08:10:23.862+0000] {processor.py:161} INFO - Started process (PID=646) to work on /home/airflow/.local/lib/python3.8/site-packages/airflow/example_dags/example_branch_labels.py
[2024-03-15T08:10:23.862+0000] {processor.py:830} INFO - Processing file /home/airflow/.local/lib/python3.8/site-packages/airflow/example_dags/example_branch_labels.py for tasks to queue
[2024-03-15T08:10:23.863+0000] {logging_mixin.py:188} INFO - [2024-03-15T08:10:23.863+0000] {dagbag.py:540} INFO - Filling up the DagBag from /home/airflow/.local/lib/python3.8/site-packages/airflow/example_dags/example_branch_labels.py
[2024-03-15T08:10:23.867+0000] {processor.py:840} INFO - DAG(s) 'example_branch_labels' retrieved from /home/airflow/.local/lib/python3.8/site-packages/airflow/example_dags/example_branch_labels.py
[2024-03-15T08:10:23.878+0000] {logging_mixin.py:188} INFO - [2024-03-15T08:10:23.878+0000] {dag.py:3047} INFO - Sync 1 DAGs
[2024-03-15T08:10:23.897+0000] {logging_mixin.py:188} INFO - [2024-03-15T08:10:23.897+0000] {dag.py:3834} INFO - Setting next_dagrun for example_branch_labels to 2024-03-14 00:00:00+00:00, run_after=2024-03-15 00:00:00+00:00
[2024-03-15T08:10:23.908+0000] {processor.py:183} INFO - Processing /home/airflow/.local/lib/python3.8/site-packages/airflow/example_dags/example_branch_labels.py took 0.047 seconds
[2024-03-15T08:10:54.244+0000] {processor.py:161} INFO - Started process (PID=701) to work on /home/airflow/.local/lib/python3.8/site-packages/airflow/example_dags/example_branch_labels.py
[2024-03-15T08:10:54.244+0000] {processor.py:830} INFO - Processing file /home/airflow/.local/lib/python3.8/site-packages/airflow/example_dags/example_branch_labels.py for tasks to queue
[2024-03-15T08:10:54.245+0000] {logging_mixin.py:188} INFO - [2024-03-15T08:10:54.245+0000] {dagbag.py:540} INFO - Filling up the DagBag from /home/airflow/.local/lib/python3.8/site-packages/airflow/example_dags/example_branch_labels.py
[2024-03-15T08:10:54.249+0000] {processor.py:840} INFO - DAG(s) 'example_branch_labels' retrieved from /home/airflow/.local/lib/python3.8/site-packages/airflow/example_dags/example_branch_labels.py
[2024-03-15T08:10:54.257+0000] {logging_mixin.py:188} INFO - [2024-03-15T08:10:54.257+0000] {dag.py:3047} INFO - Sync 1 DAGs
[2024-03-15T08:10:54.266+0000] {logging_mixin.py:188} INFO - [2024-03-15T08:10:54.266+0000] {dag.py:3834} INFO - Setting next_dagrun for example_branch_labels to 2024-03-14 00:00:00+00:00, run_after=2024-03-15 00:00:00+00:00
[2024-03-15T08:10:54.273+0000] {processor.py:183} INFO - Processing /home/airflow/.local/lib/python3.8/site-packages/airflow/example_dags/example_branch_labels.py took 0.030 seconds
[2024-03-15T08:11:24.533+0000] {processor.py:161} INFO - Started process (PID=756) to work on /home/airflow/.local/lib/python3.8/site-packages/airflow/example_dags/example_branch_labels.py
[2024-03-15T08:11:24.534+0000] {processor.py:830} INFO - Processing file /home/airflow/.local/lib/python3.8/site-packages/airflow/example_dags/example_branch_labels.py for tasks to queue
[2024-03-15T08:11:24.535+0000] {logging_mixin.py:188} INFO - [2024-03-15T08:11:24.535+0000] {dagbag.py:540} INFO - Filling up the DagBag from /home/airflow/.local/lib/python3.8/site-packages/airflow/example_dags/example_branch_labels.py
[2024-03-15T08:11:24.540+0000] {processor.py:840} INFO - DAG(s) 'example_branch_labels' retrieved from /home/airflow/.local/lib/python3.8/site-packages/airflow/example_dags/example_branch_labels.py
[2024-03-15T08:11:24.550+0000] {logging_mixin.py:188} INFO - [2024-03-15T08:11:24.550+0000] {dag.py:3047} INFO - Sync 1 DAGs
[2024-03-15T08:11:24.563+0000] {logging_mixin.py:188} INFO - [2024-03-15T08:11:24.563+0000] {dag.py:3834} INFO - Setting next_dagrun for example_branch_labels to 2024-03-14 00:00:00+00:00, run_after=2024-03-15 00:00:00+00:00
[2024-03-15T08:11:24.572+0000] {processor.py:183} INFO - Processing /home/airflow/.local/lib/python3.8/site-packages/airflow/example_dags/example_branch_labels.py took 0.040 seconds
[2024-03-15T08:11:55.165+0000] {processor.py:161} INFO - Started process (PID=811) to work on /home/airflow/.local/lib/python3.8/site-packages/airflow/example_dags/example_branch_labels.py
[2024-03-15T08:11:55.165+0000] {processor.py:830} INFO - Processing file /home/airflow/.local/lib/python3.8/site-packages/airflow/example_dags/example_branch_labels.py for tasks to queue
[2024-03-15T08:11:55.166+0000] {logging_mixin.py:188} INFO - [2024-03-15T08:11:55.166+0000] {dagbag.py:540} INFO - Filling up the DagBag from /home/airflow/.local/lib/python3.8/site-packages/airflow/example_dags/example_branch_labels.py
[2024-03-15T08:11:55.170+0000] {processor.py:840} INFO - DAG(s) 'example_branch_labels' retrieved from /home/airflow/.local/lib/python3.8/site-packages/airflow/example_dags/example_branch_labels.py
[2024-03-15T08:11:55.179+0000] {logging_mixin.py:188} INFO - [2024-03-15T08:11:55.179+0000] {dag.py:3047} INFO - Sync 1 DAGs
[2024-03-15T08:11:55.189+0000] {logging_mixin.py:188} INFO - [2024-03-15T08:11:55.189+0000] {dag.py:3834} INFO - Setting next_dagrun for example_branch_labels to 2024-03-14 00:00:00+00:00, run_after=2024-03-15 00:00:00+00:00
[2024-03-15T08:11:55.196+0000] {processor.py:183} INFO - Processing /home/airflow/.local/lib/python3.8/site-packages/airflow/example_dags/example_branch_labels.py took 0.033 seconds
[2024-03-15T08:12:25.723+0000] {processor.py:161} INFO - Started process (PID=866) to work on /home/airflow/.local/lib/python3.8/site-packages/airflow/example_dags/example_branch_labels.py
[2024-03-15T08:12:25.724+0000] {processor.py:830} INFO - Processing file /home/airflow/.local/lib/python3.8/site-packages/airflow/example_dags/example_branch_labels.py for tasks to queue
[2024-03-15T08:12:25.725+0000] {logging_mixin.py:188} INFO - [2024-03-15T08:12:25.724+0000] {dagbag.py:540} INFO - Filling up the DagBag from /home/airflow/.local/lib/python3.8/site-packages/airflow/example_dags/example_branch_labels.py
[2024-03-15T08:12:25.729+0000] {processor.py:840} INFO - DAG(s) 'example_branch_labels' retrieved from /home/airflow/.local/lib/python3.8/site-packages/airflow/example_dags/example_branch_labels.py
[2024-03-15T08:12:25.741+0000] {logging_mixin.py:188} INFO - [2024-03-15T08:12:25.741+0000] {dag.py:3047} INFO - Sync 1 DAGs
[2024-03-15T08:12:25.751+0000] {logging_mixin.py:188} INFO - [2024-03-15T08:12:25.751+0000] {dag.py:3834} INFO - Setting next_dagrun for example_branch_labels to 2024-03-14 00:00:00+00:00, run_after=2024-03-15 00:00:00+00:00
[2024-03-15T08:12:25.758+0000] {processor.py:183} INFO - Processing /home/airflow/.local/lib/python3.8/site-packages/airflow/example_dags/example_branch_labels.py took 0.037 seconds
[2024-03-15T08:12:56.124+0000] {processor.py:161} INFO - Started process (PID=921) to work on /home/airflow/.local/lib/python3.8/site-packages/airflow/example_dags/example_branch_labels.py
[2024-03-15T08:12:56.125+0000] {processor.py:830} INFO - Processing file /home/airflow/.local/lib/python3.8/site-packages/airflow/example_dags/example_branch_labels.py for tasks to queue
[2024-03-15T08:12:56.125+0000] {logging_mixin.py:188} INFO - [2024-03-15T08:12:56.125+0000] {dagbag.py:540} INFO - Filling up the DagBag from /home/airflow/.local/lib/python3.8/site-packages/airflow/example_dags/example_branch_labels.py
[2024-03-15T08:12:56.128+0000] {processor.py:840} INFO - DAG(s) 'example_branch_labels' retrieved from /home/airflow/.local/lib/python3.8/site-packages/airflow/example_dags/example_branch_labels.py
[2024-03-15T08:12:56.137+0000] {logging_mixin.py:188} INFO - [2024-03-15T08:12:56.136+0000] {dag.py:3047} INFO - Sync 1 DAGs
[2024-03-15T08:12:56.145+0000] {logging_mixin.py:188} INFO - [2024-03-15T08:12:56.145+0000] {dag.py:3834} INFO - Setting next_dagrun for example_branch_labels to 2024-03-14 00:00:00+00:00, run_after=2024-03-15 00:00:00+00:00
[2024-03-15T08:12:56.152+0000] {processor.py:183} INFO - Processing /home/airflow/.local/lib/python3.8/site-packages/airflow/example_dags/example_branch_labels.py took 0.029 seconds
[2024-03-15T08:13:26.383+0000] {processor.py:161} INFO - Started process (PID=976) to work on /home/airflow/.local/lib/python3.8/site-packages/airflow/example_dags/example_branch_labels.py
[2024-03-15T08:13:26.383+0000] {processor.py:830} INFO - Processing file /home/airflow/.local/lib/python3.8/site-packages/airflow/example_dags/example_branch_labels.py for tasks to queue
[2024-03-15T08:13:26.385+0000] {logging_mixin.py:188} INFO - [2024-03-15T08:13:26.385+0000] {dagbag.py:540} INFO - Filling up the DagBag from /home/airflow/.local/lib/python3.8/site-packages/airflow/example_dags/example_branch_labels.py
[2024-03-15T08:13:26.388+0000] {processor.py:840} INFO - DAG(s) 'example_branch_labels' retrieved from /home/airflow/.local/lib/python3.8/site-packages/airflow/example_dags/example_branch_labels.py
[2024-03-15T08:13:26.397+0000] {logging_mixin.py:188} INFO - [2024-03-15T08:13:26.396+0000] {dag.py:3047} INFO - Sync 1 DAGs
[2024-03-15T08:13:26.405+0000] {logging_mixin.py:188} INFO - [2024-03-15T08:13:26.405+0000] {dag.py:3834} INFO - Setting next_dagrun for example_branch_labels to 2024-03-14 00:00:00+00:00, run_after=2024-03-15 00:00:00+00:00
[2024-03-15T08:13:26.411+0000] {processor.py:183} INFO - Processing /home/airflow/.local/lib/python3.8/site-packages/airflow/example_dags/example_branch_labels.py took 0.030 seconds
[2024-03-15T08:13:56.704+0000] {processor.py:161} INFO - Started process (PID=1031) to work on /home/airflow/.local/lib/python3.8/site-packages/airflow/example_dags/example_branch_labels.py
[2024-03-15T08:13:56.705+0000] {processor.py:830} INFO - Processing file /home/airflow/.local/lib/python3.8/site-packages/airflow/example_dags/example_branch_labels.py for tasks to queue
[2024-03-15T08:13:56.705+0000] {logging_mixin.py:188} INFO - [2024-03-15T08:13:56.705+0000] {dagbag.py:540} INFO - Filling up the DagBag from /home/airflow/.local/lib/python3.8/site-packages/airflow/example_dags/example_branch_labels.py
[2024-03-15T08:13:56.708+0000] {processor.py:840} INFO - DAG(s) 'example_branch_labels' retrieved from /home/airflow/.local/lib/python3.8/site-packages/airflow/example_dags/example_branch_labels.py
[2024-03-15T08:13:56.717+0000] {logging_mixin.py:188} INFO - [2024-03-15T08:13:56.717+0000] {dag.py:3047} INFO - Sync 1 DAGs
[2024-03-15T08:13:56.726+0000] {logging_mixin.py:188} INFO - [2024-03-15T08:13:56.726+0000] {dag.py:3834} INFO - Setting next_dagrun for example_branch_labels to 2024-03-14 00:00:00+00:00, run_after=2024-03-15 00:00:00+00:00
[2024-03-15T08:13:56.733+0000] {processor.py:183} INFO - Processing /home/airflow/.local/lib/python3.8/site-packages/airflow/example_dags/example_branch_labels.py took 0.030 seconds
[2024-03-15T08:14:26.998+0000] {processor.py:161} INFO - Started process (PID=1086) to work on /home/airflow/.local/lib/python3.8/site-packages/airflow/example_dags/example_branch_labels.py
[2024-03-15T08:14:26.998+0000] {processor.py:830} INFO - Processing file /home/airflow/.local/lib/python3.8/site-packages/airflow/example_dags/example_branch_labels.py for tasks to queue
[2024-03-15T08:14:26.999+0000] {logging_mixin.py:188} INFO - [2024-03-15T08:14:26.999+0000] {dagbag.py:540} INFO - Filling up the DagBag from /home/airflow/.local/lib/python3.8/site-packages/airflow/example_dags/example_branch_labels.py
[2024-03-15T08:14:27.002+0000] {processor.py:840} INFO - DAG(s) 'example_branch_labels' retrieved from /home/airflow/.local/lib/python3.8/site-packages/airflow/example_dags/example_branch_labels.py
[2024-03-15T08:14:27.011+0000] {logging_mixin.py:188} INFO - [2024-03-15T08:14:27.011+0000] {dag.py:3047} INFO - Sync 1 DAGs
[2024-03-15T08:14:27.019+0000] {logging_mixin.py:188} INFO - [2024-03-15T08:14:27.019+0000] {dag.py:3834} INFO - Setting next_dagrun for example_branch_labels to 2024-03-14 00:00:00+00:00, run_after=2024-03-15 00:00:00+00:00
[2024-03-15T08:14:27.026+0000] {processor.py:183} INFO - Processing /home/airflow/.local/lib/python3.8/site-packages/airflow/example_dags/example_branch_labels.py took 0.029 seconds
[2024-03-15T08:14:57.352+0000] {processor.py:161} INFO - Started process (PID=1141) to work on /home/airflow/.local/lib/python3.8/site-packages/airflow/example_dags/example_branch_labels.py
[2024-03-15T08:14:57.353+0000] {processor.py:830} INFO - Processing file /home/airflow/.local/lib/python3.8/site-packages/airflow/example_dags/example_branch_labels.py for tasks to queue
[2024-03-15T08:14:57.354+0000] {logging_mixin.py:188} INFO - [2024-03-15T08:14:57.354+0000] {dagbag.py:540} INFO - Filling up the DagBag from /home/airflow/.local/lib/python3.8/site-packages/airflow/example_dags/example_branch_labels.py
[2024-03-15T08:14:57.358+0000] {processor.py:840} INFO - DAG(s) 'example_branch_labels' retrieved from /home/airflow/.local/lib/python3.8/site-packages/airflow/example_dags/example_branch_labels.py
[2024-03-15T08:14:57.367+0000] {logging_mixin.py:188} INFO - [2024-03-15T08:14:57.366+0000] {dag.py:3047} INFO - Sync 1 DAGs
[2024-03-15T08:14:57.376+0000] {logging_mixin.py:188} INFO - [2024-03-15T08:14:57.376+0000] {dag.py:3834} INFO - Setting next_dagrun for example_branch_labels to 2024-03-14 00:00:00+00:00, run_after=2024-03-15 00:00:00+00:00
[2024-03-15T08:14:57.383+0000] {processor.py:183} INFO - Processing /home/airflow/.local/lib/python3.8/site-packages/airflow/example_dags/example_branch_labels.py took 0.032 seconds
[2024-03-15T08:15:27.728+0000] {processor.py:161} INFO - Started process (PID=1196) to work on /home/airflow/.local/lib/python3.8/site-packages/airflow/example_dags/example_branch_labels.py
[2024-03-15T08:15:27.729+0000] {processor.py:830} INFO - Processing file /home/airflow/.local/lib/python3.8/site-packages/airflow/example_dags/example_branch_labels.py for tasks to queue
[2024-03-15T08:15:27.730+0000] {logging_mixin.py:188} INFO - [2024-03-15T08:15:27.729+0000] {dagbag.py:540} INFO - Filling up the DagBag from /home/airflow/.local/lib/python3.8/site-packages/airflow/example_dags/example_branch_labels.py
[2024-03-15T08:15:27.735+0000] {processor.py:840} INFO - DAG(s) 'example_branch_labels' retrieved from /home/airflow/.local/lib/python3.8/site-packages/airflow/example_dags/example_branch_labels.py
[2024-03-15T08:15:27.746+0000] {logging_mixin.py:188} INFO - [2024-03-15T08:15:27.746+0000] {dag.py:3047} INFO - Sync 1 DAGs
[2024-03-15T08:15:27.760+0000] {logging_mixin.py:188} INFO - [2024-03-15T08:15:27.760+0000] {dag.py:3834} INFO - Setting next_dagrun for example_branch_labels to 2024-03-14 00:00:00+00:00, run_after=2024-03-15 00:00:00+00:00
[2024-03-15T08:15:27.769+0000] {processor.py:183} INFO - Processing /home/airflow/.local/lib/python3.8/site-packages/airflow/example_dags/example_branch_labels.py took 0.044 seconds
[2024-03-15T08:15:58.131+0000] {processor.py:161} INFO - Started process (PID=1251) to work on /home/airflow/.local/lib/python3.8/site-packages/airflow/example_dags/example_branch_labels.py
[2024-03-15T08:15:58.132+0000] {processor.py:830} INFO - Processing file /home/airflow/.local/lib/python3.8/site-packages/airflow/example_dags/example_branch_labels.py for tasks to queue
[2024-03-15T08:15:58.134+0000] {logging_mixin.py:188} INFO - [2024-03-15T08:15:58.134+0000] {dagbag.py:540} INFO - Filling up the DagBag from /home/airflow/.local/lib/python3.8/site-packages/airflow/example_dags/example_branch_labels.py
[2024-03-15T08:15:58.140+0000] {processor.py:840} INFO - DAG(s) 'example_branch_labels' retrieved from /home/airflow/.local/lib/python3.8/site-packages/airflow/example_dags/example_branch_labels.py
[2024-03-15T08:15:58.154+0000] {logging_mixin.py:188} INFO - [2024-03-15T08:15:58.154+0000] {dag.py:3047} INFO - Sync 1 DAGs
[2024-03-15T08:15:58.166+0000] {logging_mixin.py:188} INFO - [2024-03-15T08:15:58.166+0000] {dag.py:3834} INFO - Setting next_dagrun for example_branch_labels to 2024-03-14 00:00:00+00:00, run_after=2024-03-15 00:00:00+00:00
[2024-03-15T08:15:58.175+0000] {processor.py:183} INFO - Processing /home/airflow/.local/lib/python3.8/site-packages/airflow/example_dags/example_branch_labels.py took 0.046 seconds
[2024-03-15T08:16:28.516+0000] {processor.py:161} INFO - Started process (PID=1306) to work on /home/airflow/.local/lib/python3.8/site-packages/airflow/example_dags/example_branch_labels.py
[2024-03-15T08:16:28.516+0000] {processor.py:830} INFO - Processing file /home/airflow/.local/lib/python3.8/site-packages/airflow/example_dags/example_branch_labels.py for tasks to queue
[2024-03-15T08:16:28.517+0000] {logging_mixin.py:188} INFO - [2024-03-15T08:16:28.517+0000] {dagbag.py:540} INFO - Filling up the DagBag from /home/airflow/.local/lib/python3.8/site-packages/airflow/example_dags/example_branch_labels.py
[2024-03-15T08:16:28.521+0000] {processor.py:840} INFO - DAG(s) 'example_branch_labels' retrieved from /home/airflow/.local/lib/python3.8/site-packages/airflow/example_dags/example_branch_labels.py
[2024-03-15T08:16:28.530+0000] {logging_mixin.py:188} INFO - [2024-03-15T08:16:28.530+0000] {dag.py:3047} INFO - Sync 1 DAGs
[2024-03-15T08:16:28.538+0000] {logging_mixin.py:188} INFO - [2024-03-15T08:16:28.538+0000] {dag.py:3834} INFO - Setting next_dagrun for example_branch_labels to 2024-03-14 00:00:00+00:00, run_after=2024-03-15 00:00:00+00:00
[2024-03-15T08:16:28.545+0000] {processor.py:183} INFO - Processing /home/airflow/.local/lib/python3.8/site-packages/airflow/example_dags/example_branch_labels.py took 0.031 seconds
[2024-03-15T08:16:58.810+0000] {processor.py:161} INFO - Started process (PID=1361) to work on /home/airflow/.local/lib/python3.8/site-packages/airflow/example_dags/example_branch_labels.py
[2024-03-15T08:16:58.810+0000] {processor.py:830} INFO - Processing file /home/airflow/.local/lib/python3.8/site-packages/airflow/example_dags/example_branch_labels.py for tasks to queue
[2024-03-15T08:16:58.811+0000] {logging_mixin.py:188} INFO - [2024-03-15T08:16:58.811+0000] {dagbag.py:540} INFO - Filling up the DagBag from /home/airflow/.local/lib/python3.8/site-packages/airflow/example_dags/example_branch_labels.py
[2024-03-15T08:16:58.814+0000] {processor.py:840} INFO - DAG(s) 'example_branch_labels' retrieved from /home/airflow/.local/lib/python3.8/site-packages/airflow/example_dags/example_branch_labels.py
[2024-03-15T08:16:58.822+0000] {logging_mixin.py:188} INFO - [2024-03-15T08:16:58.822+0000] {dag.py:3047} INFO - Sync 1 DAGs
[2024-03-15T08:16:58.831+0000] {logging_mixin.py:188} INFO - [2024-03-15T08:16:58.831+0000] {dag.py:3834} INFO - Setting next_dagrun for example_branch_labels to 2024-03-14 00:00:00+00:00, run_after=2024-03-15 00:00:00+00:00
[2024-03-15T08:16:58.837+0000] {processor.py:183} INFO - Processing /home/airflow/.local/lib/python3.8/site-packages/airflow/example_dags/example_branch_labels.py took 0.029 seconds
[2024-03-15T08:17:29.228+0000] {processor.py:161} INFO - Started process (PID=1416) to work on /home/airflow/.local/lib/python3.8/site-packages/airflow/example_dags/example_branch_labels.py
[2024-03-15T08:17:29.228+0000] {processor.py:830} INFO - Processing file /home/airflow/.local/lib/python3.8/site-packages/airflow/example_dags/example_branch_labels.py for tasks to queue
[2024-03-15T08:17:29.229+0000] {logging_mixin.py:188} INFO - [2024-03-15T08:17:29.229+0000] {dagbag.py:540} INFO - Filling up the DagBag from /home/airflow/.local/lib/python3.8/site-packages/airflow/example_dags/example_branch_labels.py
[2024-03-15T08:17:29.232+0000] {processor.py:840} INFO - DAG(s) 'example_branch_labels' retrieved from /home/airflow/.local/lib/python3.8/site-packages/airflow/example_dags/example_branch_labels.py
[2024-03-15T08:17:29.241+0000] {logging_mixin.py:188} INFO - [2024-03-15T08:17:29.241+0000] {dag.py:3047} INFO - Sync 1 DAGs
[2024-03-15T08:17:29.249+0000] {logging_mixin.py:188} INFO - [2024-03-15T08:17:29.249+0000] {dag.py:3834} INFO - Setting next_dagrun for example_branch_labels to 2024-03-14 00:00:00+00:00, run_after=2024-03-15 00:00:00+00:00
[2024-03-15T08:17:29.256+0000] {processor.py:183} INFO - Processing /home/airflow/.local/lib/python3.8/site-packages/airflow/example_dags/example_branch_labels.py took 0.030 seconds
[2024-03-15T08:17:59.546+0000] {processor.py:161} INFO - Started process (PID=1471) to work on /home/airflow/.local/lib/python3.8/site-packages/airflow/example_dags/example_branch_labels.py
[2024-03-15T08:17:59.546+0000] {processor.py:830} INFO - Processing file /home/airflow/.local/lib/python3.8/site-packages/airflow/example_dags/example_branch_labels.py for tasks to queue
[2024-03-15T08:17:59.547+0000] {logging_mixin.py:188} INFO - [2024-03-15T08:17:59.547+0000] {dagbag.py:540} INFO - Filling up the DagBag from /home/airflow/.local/lib/python3.8/site-packages/airflow/example_dags/example_branch_labels.py
[2024-03-15T08:17:59.551+0000] {processor.py:840} INFO - DAG(s) 'example_branch_labels' retrieved from /home/airflow/.local/lib/python3.8/site-packages/airflow/example_dags/example_branch_labels.py
[2024-03-15T08:17:59.559+0000] {logging_mixin.py:188} INFO - [2024-03-15T08:17:59.559+0000] {dag.py:3047} INFO - Sync 1 DAGs
[2024-03-15T08:17:59.568+0000] {logging_mixin.py:188} INFO - [2024-03-15T08:17:59.568+0000] {dag.py:3834} INFO - Setting next_dagrun for example_branch_labels to 2024-03-14 00:00:00+00:00, run_after=2024-03-15 00:00:00+00:00
[2024-03-15T08:17:59.575+0000] {processor.py:183} INFO - Processing /home/airflow/.local/lib/python3.8/site-packages/airflow/example_dags/example_branch_labels.py took 0.030 seconds
[2024-03-15T08:18:29.893+0000] {processor.py:161} INFO - Started process (PID=1526) to work on /home/airflow/.local/lib/python3.8/site-packages/airflow/example_dags/example_branch_labels.py
[2024-03-15T08:18:29.893+0000] {processor.py:830} INFO - Processing file /home/airflow/.local/lib/python3.8/site-packages/airflow/example_dags/example_branch_labels.py for tasks to queue
[2024-03-15T08:18:29.894+0000] {logging_mixin.py:188} INFO - [2024-03-15T08:18:29.894+0000] {dagbag.py:540} INFO - Filling up the DagBag from /home/airflow/.local/lib/python3.8/site-packages/airflow/example_dags/example_branch_labels.py
[2024-03-15T08:18:29.897+0000] {processor.py:840} INFO - DAG(s) 'example_branch_labels' retrieved from /home/airflow/.local/lib/python3.8/site-packages/airflow/example_dags/example_branch_labels.py
[2024-03-15T08:18:29.907+0000] {logging_mixin.py:188} INFO - [2024-03-15T08:18:29.907+0000] {dag.py:3047} INFO - Sync 1 DAGs
[2024-03-15T08:18:29.916+0000] {logging_mixin.py:188} INFO - [2024-03-15T08:18:29.916+0000] {dag.py:3834} INFO - Setting next_dagrun for example_branch_labels to 2024-03-14 00:00:00+00:00, run_after=2024-03-15 00:00:00+00:00
[2024-03-15T08:18:29.923+0000] {processor.py:183} INFO - Processing /home/airflow/.local/lib/python3.8/site-packages/airflow/example_dags/example_branch_labels.py took 0.032 seconds
[2024-03-15T08:19:00.355+0000] {processor.py:161} INFO - Started process (PID=1581) to work on /home/airflow/.local/lib/python3.8/site-packages/airflow/example_dags/example_branch_labels.py
[2024-03-15T08:19:00.355+0000] {processor.py:830} INFO - Processing file /home/airflow/.local/lib/python3.8/site-packages/airflow/example_dags/example_branch_labels.py for tasks to queue
[2024-03-15T08:19:00.356+0000] {logging_mixin.py:188} INFO - [2024-03-15T08:19:00.356+0000] {dagbag.py:540} INFO - Filling up the DagBag from /home/airflow/.local/lib/python3.8/site-packages/airflow/example_dags/example_branch_labels.py
[2024-03-15T08:19:00.359+0000] {processor.py:840} INFO - DAG(s) 'example_branch_labels' retrieved from /home/airflow/.local/lib/python3.8/site-packages/airflow/example_dags/example_branch_labels.py
[2024-03-15T08:19:00.368+0000] {logging_mixin.py:188} INFO - [2024-03-15T08:19:00.368+0000] {dag.py:3047} INFO - Sync 1 DAGs
[2024-03-15T08:19:00.376+0000] {logging_mixin.py:188} INFO - [2024-03-15T08:19:00.376+0000] {dag.py:3834} INFO - Setting next_dagrun for example_branch_labels to 2024-03-14 00:00:00+00:00, run_after=2024-03-15 00:00:00+00:00
[2024-03-15T08:19:00.383+0000] {processor.py:183} INFO - Processing /home/airflow/.local/lib/python3.8/site-packages/airflow/example_dags/example_branch_labels.py took 0.030 seconds
[2024-03-15T08:19:30.610+0000] {processor.py:161} INFO - Started process (PID=1636) to work on /home/airflow/.local/lib/python3.8/site-packages/airflow/example_dags/example_branch_labels.py
[2024-03-15T08:19:30.610+0000] {processor.py:830} INFO - Processing file /home/airflow/.local/lib/python3.8/site-packages/airflow/example_dags/example_branch_labels.py for tasks to queue
[2024-03-15T08:19:30.611+0000] {logging_mixin.py:188} INFO - [2024-03-15T08:19:30.610+0000] {dagbag.py:540} INFO - Filling up the DagBag from /home/airflow/.local/lib/python3.8/site-packages/airflow/example_dags/example_branch_labels.py
[2024-03-15T08:19:30.614+0000] {processor.py:840} INFO - DAG(s) 'example_branch_labels' retrieved from /home/airflow/.local/lib/python3.8/site-packages/airflow/example_dags/example_branch_labels.py
[2024-03-15T08:19:30.622+0000] {logging_mixin.py:188} INFO - [2024-03-15T08:19:30.622+0000] {dag.py:3047} INFO - Sync 1 DAGs
[2024-03-15T08:19:30.630+0000] {logging_mixin.py:188} INFO - [2024-03-15T08:19:30.630+0000] {dag.py:3834} INFO - Setting next_dagrun for example_branch_labels to 2024-03-14 00:00:00+00:00, run_after=2024-03-15 00:00:00+00:00
[2024-03-15T08:19:30.637+0000] {processor.py:183} INFO - Processing /home/airflow/.local/lib/python3.8/site-packages/airflow/example_dags/example_branch_labels.py took 0.029 seconds
[2024-03-15T08:20:00.971+0000] {processor.py:161} INFO - Started process (PID=1691) to work on /home/airflow/.local/lib/python3.8/site-packages/airflow/example_dags/example_branch_labels.py
[2024-03-15T08:20:00.971+0000] {processor.py:830} INFO - Processing file /home/airflow/.local/lib/python3.8/site-packages/airflow/example_dags/example_branch_labels.py for tasks to queue
[2024-03-15T08:20:00.972+0000] {logging_mixin.py:188} INFO - [2024-03-15T08:20:00.972+0000] {dagbag.py:540} INFO - Filling up the DagBag from /home/airflow/.local/lib/python3.8/site-packages/airflow/example_dags/example_branch_labels.py
[2024-03-15T08:20:00.975+0000] {processor.py:840} INFO - DAG(s) 'example_branch_labels' retrieved from /home/airflow/.local/lib/python3.8/site-packages/airflow/example_dags/example_branch_labels.py
[2024-03-15T08:20:00.984+0000] {logging_mixin.py:188} INFO - [2024-03-15T08:20:00.984+0000] {dag.py:3047} INFO - Sync 1 DAGs
[2024-03-15T08:20:00.993+0000] {logging_mixin.py:188} INFO - [2024-03-15T08:20:00.993+0000] {dag.py:3834} INFO - Setting next_dagrun for example_branch_labels to 2024-03-14 00:00:00+00:00, run_after=2024-03-15 00:00:00+00:00
[2024-03-15T08:20:00.999+0000] {processor.py:183} INFO - Processing /home/airflow/.local/lib/python3.8/site-packages/airflow/example_dags/example_branch_labels.py took 0.030 seconds
[2024-03-15T08:20:31.310+0000] {processor.py:161} INFO - Started process (PID=1745) to work on /home/airflow/.local/lib/python3.8/site-packages/airflow/example_dags/example_branch_labels.py
[2024-03-15T08:20:31.310+0000] {processor.py:830} INFO - Processing file /home/airflow/.local/lib/python3.8/site-packages/airflow/example_dags/example_branch_labels.py for tasks to queue
[2024-03-15T08:20:31.312+0000] {logging_mixin.py:188} INFO - [2024-03-15T08:20:31.312+0000] {dagbag.py:540} INFO - Filling up the DagBag from /home/airflow/.local/lib/python3.8/site-packages/airflow/example_dags/example_branch_labels.py
[2024-03-15T08:20:31.316+0000] {processor.py:840} INFO - DAG(s) 'example_branch_labels' retrieved from /home/airflow/.local/lib/python3.8/site-packages/airflow/example_dags/example_branch_labels.py
[2024-03-15T08:20:31.324+0000] {logging_mixin.py:188} INFO - [2024-03-15T08:20:31.324+0000] {dag.py:3047} INFO - Sync 1 DAGs
[2024-03-15T08:20:31.333+0000] {logging_mixin.py:188} INFO - [2024-03-15T08:20:31.333+0000] {dag.py:3834} INFO - Setting next_dagrun for example_branch_labels to 2024-03-14 00:00:00+00:00, run_after=2024-03-15 00:00:00+00:00
[2024-03-15T08:20:31.339+0000] {processor.py:183} INFO - Processing /home/airflow/.local/lib/python3.8/site-packages/airflow/example_dags/example_branch_labels.py took 0.031 seconds
[2024-03-15T08:21:01.605+0000] {processor.py:161} INFO - Started process (PID=1800) to work on /home/airflow/.local/lib/python3.8/site-packages/airflow/example_dags/example_branch_labels.py
[2024-03-15T08:21:01.605+0000] {processor.py:830} INFO - Processing file /home/airflow/.local/lib/python3.8/site-packages/airflow/example_dags/example_branch_labels.py for tasks to queue
[2024-03-15T08:21:01.606+0000] {logging_mixin.py:188} INFO - [2024-03-15T08:21:01.606+0000] {dagbag.py:540} INFO - Filling up the DagBag from /home/airflow/.local/lib/python3.8/site-packages/airflow/example_dags/example_branch_labels.py
[2024-03-15T08:21:01.609+0000] {processor.py:840} INFO - DAG(s) 'example_branch_labels' retrieved from /home/airflow/.local/lib/python3.8/site-packages/airflow/example_dags/example_branch_labels.py
[2024-03-15T08:21:01.617+0000] {logging_mixin.py:188} INFO - [2024-03-15T08:21:01.617+0000] {dag.py:3047} INFO - Sync 1 DAGs
[2024-03-15T08:21:01.628+0000] {logging_mixin.py:188} INFO - [2024-03-15T08:21:01.628+0000] {dag.py:3834} INFO - Setting next_dagrun for example_branch_labels to 2024-03-14 00:00:00+00:00, run_after=2024-03-15 00:00:00+00:00
[2024-03-15T08:21:01.635+0000] {processor.py:183} INFO - Processing /home/airflow/.local/lib/python3.8/site-packages/airflow/example_dags/example_branch_labels.py took 0.031 seconds
[2024-03-15T08:21:31.950+0000] {processor.py:161} INFO - Started process (PID=1855) to work on /home/airflow/.local/lib/python3.8/site-packages/airflow/example_dags/example_branch_labels.py
[2024-03-15T08:21:31.951+0000] {processor.py:830} INFO - Processing file /home/airflow/.local/lib/python3.8/site-packages/airflow/example_dags/example_branch_labels.py for tasks to queue
[2024-03-15T08:21:31.951+0000] {logging_mixin.py:188} INFO - [2024-03-15T08:21:31.951+0000] {dagbag.py:540} INFO - Filling up the DagBag from /home/airflow/.local/lib/python3.8/site-packages/airflow/example_dags/example_branch_labels.py
[2024-03-15T08:21:31.954+0000] {processor.py:840} INFO - DAG(s) 'example_branch_labels' retrieved from /home/airflow/.local/lib/python3.8/site-packages/airflow/example_dags/example_branch_labels.py
[2024-03-15T08:21:31.963+0000] {logging_mixin.py:188} INFO - [2024-03-15T08:21:31.963+0000] {dag.py:3047} INFO - Sync 1 DAGs
[2024-03-15T08:21:31.971+0000] {logging_mixin.py:188} INFO - [2024-03-15T08:21:31.971+0000] {dag.py:3834} INFO - Setting next_dagrun for example_branch_labels to 2024-03-14 00:00:00+00:00, run_after=2024-03-15 00:00:00+00:00
[2024-03-15T08:21:31.977+0000] {processor.py:183} INFO - Processing /home/airflow/.local/lib/python3.8/site-packages/airflow/example_dags/example_branch_labels.py took 0.029 seconds
[2024-03-15T08:22:02.200+0000] {processor.py:161} INFO - Started process (PID=1909) to work on /home/airflow/.local/lib/python3.8/site-packages/airflow/example_dags/example_branch_labels.py
[2024-03-15T08:22:02.200+0000] {processor.py:830} INFO - Processing file /home/airflow/.local/lib/python3.8/site-packages/airflow/example_dags/example_branch_labels.py for tasks to queue
[2024-03-15T08:22:02.201+0000] {logging_mixin.py:188} INFO - [2024-03-15T08:22:02.201+0000] {dagbag.py:540} INFO - Filling up the DagBag from /home/airflow/.local/lib/python3.8/site-packages/airflow/example_dags/example_branch_labels.py
[2024-03-15T08:22:02.204+0000] {processor.py:840} INFO - DAG(s) 'example_branch_labels' retrieved from /home/airflow/.local/lib/python3.8/site-packages/airflow/example_dags/example_branch_labels.py
[2024-03-15T08:22:02.213+0000] {logging_mixin.py:188} INFO - [2024-03-15T08:22:02.213+0000] {dag.py:3047} INFO - Sync 1 DAGs
[2024-03-15T08:22:02.222+0000] {logging_mixin.py:188} INFO - [2024-03-15T08:22:02.222+0000] {dag.py:3834} INFO - Setting next_dagrun for example_branch_labels to 2024-03-14 00:00:00+00:00, run_after=2024-03-15 00:00:00+00:00
[2024-03-15T08:22:02.228+0000] {processor.py:183} INFO - Processing /home/airflow/.local/lib/python3.8/site-packages/airflow/example_dags/example_branch_labels.py took 0.030 seconds
[2024-03-15T08:22:32.529+0000] {processor.py:161} INFO - Started process (PID=1964) to work on /home/airflow/.local/lib/python3.8/site-packages/airflow/example_dags/example_branch_labels.py
[2024-03-15T08:22:32.530+0000] {processor.py:830} INFO - Processing file /home/airflow/.local/lib/python3.8/site-packages/airflow/example_dags/example_branch_labels.py for tasks to queue
[2024-03-15T08:22:32.530+0000] {logging_mixin.py:188} INFO - [2024-03-15T08:22:32.530+0000] {dagbag.py:540} INFO - Filling up the DagBag from /home/airflow/.local/lib/python3.8/site-packages/airflow/example_dags/example_branch_labels.py
[2024-03-15T08:22:32.534+0000] {processor.py:840} INFO - DAG(s) 'example_branch_labels' retrieved from /home/airflow/.local/lib/python3.8/site-packages/airflow/example_dags/example_branch_labels.py
[2024-03-15T08:22:32.543+0000] {logging_mixin.py:188} INFO - [2024-03-15T08:22:32.543+0000] {dag.py:3047} INFO - Sync 1 DAGs
[2024-03-15T08:22:32.560+0000] {logging_mixin.py:188} INFO - [2024-03-15T08:22:32.560+0000] {dag.py:3834} INFO - Setting next_dagrun for example_branch_labels to 2024-03-14 00:00:00+00:00, run_after=2024-03-15 00:00:00+00:00
[2024-03-15T08:22:32.571+0000] {processor.py:183} INFO - Processing /home/airflow/.local/lib/python3.8/site-packages/airflow/example_dags/example_branch_labels.py took 0.043 seconds
[2024-03-15T08:23:03.047+0000] {processor.py:161} INFO - Started process (PID=2019) to work on /home/airflow/.local/lib/python3.8/site-packages/airflow/example_dags/example_branch_labels.py
[2024-03-15T08:23:03.047+0000] {processor.py:830} INFO - Processing file /home/airflow/.local/lib/python3.8/site-packages/airflow/example_dags/example_branch_labels.py for tasks to queue
[2024-03-15T08:23:03.048+0000] {logging_mixin.py:188} INFO - [2024-03-15T08:23:03.048+0000] {dagbag.py:540} INFO - Filling up the DagBag from /home/airflow/.local/lib/python3.8/site-packages/airflow/example_dags/example_branch_labels.py
[2024-03-15T08:23:03.052+0000] {processor.py:840} INFO - DAG(s) 'example_branch_labels' retrieved from /home/airflow/.local/lib/python3.8/site-packages/airflow/example_dags/example_branch_labels.py
[2024-03-15T08:23:03.060+0000] {logging_mixin.py:188} INFO - [2024-03-15T08:23:03.060+0000] {dag.py:3047} INFO - Sync 1 DAGs
[2024-03-15T08:23:03.069+0000] {logging_mixin.py:188} INFO - [2024-03-15T08:23:03.069+0000] {dag.py:3834} INFO - Setting next_dagrun for example_branch_labels to 2024-03-14 00:00:00+00:00, run_after=2024-03-15 00:00:00+00:00
[2024-03-15T08:23:03.076+0000] {processor.py:183} INFO - Processing /home/airflow/.local/lib/python3.8/site-packages/airflow/example_dags/example_branch_labels.py took 0.030 seconds
[2024-03-15T08:23:33.576+0000] {processor.py:161} INFO - Started process (PID=2073) to work on /home/airflow/.local/lib/python3.8/site-packages/airflow/example_dags/example_branch_labels.py
[2024-03-15T08:23:33.576+0000] {processor.py:830} INFO - Processing file /home/airflow/.local/lib/python3.8/site-packages/airflow/example_dags/example_branch_labels.py for tasks to queue
[2024-03-15T08:23:33.577+0000] {logging_mixin.py:188} INFO - [2024-03-15T08:23:33.577+0000] {dagbag.py:540} INFO - Filling up the DagBag from /home/airflow/.local/lib/python3.8/site-packages/airflow/example_dags/example_branch_labels.py
[2024-03-15T08:23:33.581+0000] {processor.py:840} INFO - DAG(s) 'example_branch_labels' retrieved from /home/airflow/.local/lib/python3.8/site-packages/airflow/example_dags/example_branch_labels.py
[2024-03-15T08:23:33.590+0000] {logging_mixin.py:188} INFO - [2024-03-15T08:23:33.590+0000] {dag.py:3047} INFO - Sync 1 DAGs
[2024-03-15T08:23:33.599+0000] {logging_mixin.py:188} INFO - [2024-03-15T08:23:33.599+0000] {dag.py:3834} INFO - Setting next_dagrun for example_branch_labels to 2024-03-14 00:00:00+00:00, run_after=2024-03-15 00:00:00+00:00
[2024-03-15T08:23:33.606+0000] {processor.py:183} INFO - Processing /home/airflow/.local/lib/python3.8/site-packages/airflow/example_dags/example_branch_labels.py took 0.031 seconds
