[2024-03-15T08:04:48.796+0000] {processor.py:161} INFO - Started process (PID=52) to work on /home/airflow/.local/lib/python3.8/site-packages/airflow/example_dags/example_complex.py
[2024-03-15T08:04:48.797+0000] {processor.py:830} INFO - Processing file /home/airflow/.local/lib/python3.8/site-packages/airflow/example_dags/example_complex.py for tasks to queue
[2024-03-15T08:04:48.798+0000] {logging_mixin.py:188} INFO - [2024-03-15T08:04:48.798+0000] {dagbag.py:540} INFO - Filling up the DagBag from /home/airflow/.local/lib/python3.8/site-packages/airflow/example_dags/example_complex.py
[2024-03-15T08:04:48.804+0000] {processor.py:840} INFO - DAG(s) 'example_complex' retrieved from /home/airflow/.local/lib/python3.8/site-packages/airflow/example_dags/example_complex.py
[2024-03-15T08:04:48.810+0000] {logging_mixin.py:188} INFO - [2024-03-15T08:04:48.809+0000] {dag.py:3047} INFO - Sync 1 DAGs
[2024-03-15T08:04:48.816+0000] {logging_mixin.py:188} INFO - [2024-03-15T08:04:48.816+0000] {dag.py:3834} INFO - Setting next_dagrun for example_complex to None, run_after=None
[2024-03-15T08:04:48.824+0000] {processor.py:183} INFO - Processing /home/airflow/.local/lib/python3.8/site-packages/airflow/example_dags/example_complex.py took 0.030 seconds
[2024-03-15T08:05:20.047+0000] {processor.py:161} INFO - Started process (PID=107) to work on /home/airflow/.local/lib/python3.8/site-packages/airflow/example_dags/example_complex.py
[2024-03-15T08:05:20.047+0000] {processor.py:830} INFO - Processing file /home/airflow/.local/lib/python3.8/site-packages/airflow/example_dags/example_complex.py for tasks to queue
[2024-03-15T08:05:20.048+0000] {logging_mixin.py:188} INFO - [2024-03-15T08:05:20.048+0000] {dagbag.py:540} INFO - Filling up the DagBag from /home/airflow/.local/lib/python3.8/site-packages/airflow/example_dags/example_complex.py
[2024-03-15T08:05:20.053+0000] {processor.py:840} INFO - DAG(s) 'example_complex' retrieved from /home/airflow/.local/lib/python3.8/site-packages/airflow/example_dags/example_complex.py
[2024-03-15T08:05:20.096+0000] {logging_mixin.py:188} INFO - [2024-03-15T08:05:20.096+0000] {dag.py:3047} INFO - Sync 1 DAGs
[2024-03-15T08:05:20.100+0000] {logging_mixin.py:188} INFO - [2024-03-15T08:05:20.100+0000] {dag.py:3834} INFO - Setting next_dagrun for example_complex to None, run_after=None
[2024-03-15T08:05:20.107+0000] {processor.py:183} INFO - Processing /home/airflow/.local/lib/python3.8/site-packages/airflow/example_dags/example_complex.py took 0.062 seconds
[2024-03-15T08:05:50.928+0000] {processor.py:161} INFO - Started process (PID=162) to work on /home/airflow/.local/lib/python3.8/site-packages/airflow/example_dags/example_complex.py
[2024-03-15T08:05:50.928+0000] {processor.py:830} INFO - Processing file /home/airflow/.local/lib/python3.8/site-packages/airflow/example_dags/example_complex.py for tasks to queue
[2024-03-15T08:05:50.929+0000] {logging_mixin.py:188} INFO - [2024-03-15T08:05:50.929+0000] {dagbag.py:540} INFO - Filling up the DagBag from /home/airflow/.local/lib/python3.8/site-packages/airflow/example_dags/example_complex.py
[2024-03-15T08:05:50.935+0000] {processor.py:840} INFO - DAG(s) 'example_complex' retrieved from /home/airflow/.local/lib/python3.8/site-packages/airflow/example_dags/example_complex.py
[2024-03-15T08:05:50.947+0000] {logging_mixin.py:188} INFO - [2024-03-15T08:05:50.947+0000] {dag.py:3047} INFO - Sync 1 DAGs
[2024-03-15T08:05:50.952+0000] {logging_mixin.py:188} INFO - [2024-03-15T08:05:50.952+0000] {dag.py:3834} INFO - Setting next_dagrun for example_complex to None, run_after=None
[2024-03-15T08:05:50.958+0000] {processor.py:183} INFO - Processing /home/airflow/.local/lib/python3.8/site-packages/airflow/example_dags/example_complex.py took 0.032 seconds
[2024-03-15T08:06:21.251+0000] {processor.py:161} INFO - Started process (PID=217) to work on /home/airflow/.local/lib/python3.8/site-packages/airflow/example_dags/example_complex.py
[2024-03-15T08:06:21.251+0000] {processor.py:830} INFO - Processing file /home/airflow/.local/lib/python3.8/site-packages/airflow/example_dags/example_complex.py for tasks to queue
[2024-03-15T08:06:21.252+0000] {logging_mixin.py:188} INFO - [2024-03-15T08:06:21.252+0000] {dagbag.py:540} INFO - Filling up the DagBag from /home/airflow/.local/lib/python3.8/site-packages/airflow/example_dags/example_complex.py
[2024-03-15T08:06:21.257+0000] {processor.py:840} INFO - DAG(s) 'example_complex' retrieved from /home/airflow/.local/lib/python3.8/site-packages/airflow/example_dags/example_complex.py
[2024-03-15T08:06:21.269+0000] {logging_mixin.py:188} INFO - [2024-03-15T08:06:21.269+0000] {dag.py:3047} INFO - Sync 1 DAGs
[2024-03-15T08:06:21.273+0000] {logging_mixin.py:188} INFO - [2024-03-15T08:06:21.273+0000] {dag.py:3834} INFO - Setting next_dagrun for example_complex to None, run_after=None
[2024-03-15T08:06:21.280+0000] {processor.py:183} INFO - Processing /home/airflow/.local/lib/python3.8/site-packages/airflow/example_dags/example_complex.py took 0.031 seconds
[2024-03-15T08:06:51.550+0000] {processor.py:161} INFO - Started process (PID=272) to work on /home/airflow/.local/lib/python3.8/site-packages/airflow/example_dags/example_complex.py
[2024-03-15T08:06:51.551+0000] {processor.py:830} INFO - Processing file /home/airflow/.local/lib/python3.8/site-packages/airflow/example_dags/example_complex.py for tasks to queue
[2024-03-15T08:06:51.552+0000] {logging_mixin.py:188} INFO - [2024-03-15T08:06:51.552+0000] {dagbag.py:540} INFO - Filling up the DagBag from /home/airflow/.local/lib/python3.8/site-packages/airflow/example_dags/example_complex.py
[2024-03-15T08:06:51.557+0000] {processor.py:840} INFO - DAG(s) 'example_complex' retrieved from /home/airflow/.local/lib/python3.8/site-packages/airflow/example_dags/example_complex.py
[2024-03-15T08:06:51.568+0000] {logging_mixin.py:188} INFO - [2024-03-15T08:06:51.568+0000] {dag.py:3047} INFO - Sync 1 DAGs
[2024-03-15T08:06:51.573+0000] {logging_mixin.py:188} INFO - [2024-03-15T08:06:51.573+0000] {dag.py:3834} INFO - Setting next_dagrun for example_complex to None, run_after=None
[2024-03-15T08:06:51.579+0000] {processor.py:183} INFO - Processing /home/airflow/.local/lib/python3.8/site-packages/airflow/example_dags/example_complex.py took 0.030 seconds
[2024-03-15T08:07:21.810+0000] {processor.py:161} INFO - Started process (PID=327) to work on /home/airflow/.local/lib/python3.8/site-packages/airflow/example_dags/example_complex.py
[2024-03-15T08:07:21.810+0000] {processor.py:830} INFO - Processing file /home/airflow/.local/lib/python3.8/site-packages/airflow/example_dags/example_complex.py for tasks to queue
[2024-03-15T08:07:21.811+0000] {logging_mixin.py:188} INFO - [2024-03-15T08:07:21.811+0000] {dagbag.py:540} INFO - Filling up the DagBag from /home/airflow/.local/lib/python3.8/site-packages/airflow/example_dags/example_complex.py
[2024-03-15T08:07:21.815+0000] {processor.py:840} INFO - DAG(s) 'example_complex' retrieved from /home/airflow/.local/lib/python3.8/site-packages/airflow/example_dags/example_complex.py
[2024-03-15T08:07:21.826+0000] {logging_mixin.py:188} INFO - [2024-03-15T08:07:21.826+0000] {dag.py:3047} INFO - Sync 1 DAGs
[2024-03-15T08:07:21.831+0000] {logging_mixin.py:188} INFO - [2024-03-15T08:07:21.830+0000] {dag.py:3834} INFO - Setting next_dagrun for example_complex to None, run_after=None
[2024-03-15T08:07:21.837+0000] {processor.py:183} INFO - Processing /home/airflow/.local/lib/python3.8/site-packages/airflow/example_dags/example_complex.py took 0.029 seconds
[2024-03-15T08:07:52.116+0000] {processor.py:161} INFO - Started process (PID=382) to work on /home/airflow/.local/lib/python3.8/site-packages/airflow/example_dags/example_complex.py
[2024-03-15T08:07:52.116+0000] {processor.py:830} INFO - Processing file /home/airflow/.local/lib/python3.8/site-packages/airflow/example_dags/example_complex.py for tasks to queue
[2024-03-15T08:07:52.117+0000] {logging_mixin.py:188} INFO - [2024-03-15T08:07:52.117+0000] {dagbag.py:540} INFO - Filling up the DagBag from /home/airflow/.local/lib/python3.8/site-packages/airflow/example_dags/example_complex.py
[2024-03-15T08:07:52.121+0000] {processor.py:840} INFO - DAG(s) 'example_complex' retrieved from /home/airflow/.local/lib/python3.8/site-packages/airflow/example_dags/example_complex.py
[2024-03-15T08:07:52.133+0000] {logging_mixin.py:188} INFO - [2024-03-15T08:07:52.133+0000] {dag.py:3047} INFO - Sync 1 DAGs
[2024-03-15T08:07:52.137+0000] {logging_mixin.py:188} INFO - [2024-03-15T08:07:52.137+0000] {dag.py:3834} INFO - Setting next_dagrun for example_complex to None, run_after=None
[2024-03-15T08:07:52.144+0000] {processor.py:183} INFO - Processing /home/airflow/.local/lib/python3.8/site-packages/airflow/example_dags/example_complex.py took 0.030 seconds
[2024-03-15T08:08:22.553+0000] {processor.py:161} INFO - Started process (PID=436) to work on /home/airflow/.local/lib/python3.8/site-packages/airflow/example_dags/example_complex.py
[2024-03-15T08:08:22.554+0000] {processor.py:830} INFO - Processing file /home/airflow/.local/lib/python3.8/site-packages/airflow/example_dags/example_complex.py for tasks to queue
[2024-03-15T08:08:22.555+0000] {logging_mixin.py:188} INFO - [2024-03-15T08:08:22.555+0000] {dagbag.py:540} INFO - Filling up the DagBag from /home/airflow/.local/lib/python3.8/site-packages/airflow/example_dags/example_complex.py
[2024-03-15T08:08:22.560+0000] {processor.py:840} INFO - DAG(s) 'example_complex' retrieved from /home/airflow/.local/lib/python3.8/site-packages/airflow/example_dags/example_complex.py
[2024-03-15T08:08:22.573+0000] {logging_mixin.py:188} INFO - [2024-03-15T08:08:22.573+0000] {dag.py:3047} INFO - Sync 1 DAGs
[2024-03-15T08:08:22.578+0000] {logging_mixin.py:188} INFO - [2024-03-15T08:08:22.578+0000] {dag.py:3834} INFO - Setting next_dagrun for example_complex to None, run_after=None
[2024-03-15T08:08:22.584+0000] {processor.py:183} INFO - Processing /home/airflow/.local/lib/python3.8/site-packages/airflow/example_dags/example_complex.py took 0.032 seconds
[2024-03-15T08:08:52.809+0000] {processor.py:161} INFO - Started process (PID=491) to work on /home/airflow/.local/lib/python3.8/site-packages/airflow/example_dags/example_complex.py
[2024-03-15T08:08:52.810+0000] {processor.py:830} INFO - Processing file /home/airflow/.local/lib/python3.8/site-packages/airflow/example_dags/example_complex.py for tasks to queue
[2024-03-15T08:08:52.810+0000] {logging_mixin.py:188} INFO - [2024-03-15T08:08:52.810+0000] {dagbag.py:540} INFO - Filling up the DagBag from /home/airflow/.local/lib/python3.8/site-packages/airflow/example_dags/example_complex.py
[2024-03-15T08:08:52.814+0000] {processor.py:840} INFO - DAG(s) 'example_complex' retrieved from /home/airflow/.local/lib/python3.8/site-packages/airflow/example_dags/example_complex.py
[2024-03-15T08:08:52.826+0000] {logging_mixin.py:188} INFO - [2024-03-15T08:08:52.825+0000] {dag.py:3047} INFO - Sync 1 DAGs
[2024-03-15T08:08:52.830+0000] {logging_mixin.py:188} INFO - [2024-03-15T08:08:52.830+0000] {dag.py:3834} INFO - Setting next_dagrun for example_complex to None, run_after=None
[2024-03-15T08:08:52.837+0000] {processor.py:183} INFO - Processing /home/airflow/.local/lib/python3.8/site-packages/airflow/example_dags/example_complex.py took 0.029 seconds
[2024-03-15T08:09:23.141+0000] {processor.py:161} INFO - Started process (PID=546) to work on /home/airflow/.local/lib/python3.8/site-packages/airflow/example_dags/example_complex.py
[2024-03-15T08:09:23.141+0000] {processor.py:830} INFO - Processing file /home/airflow/.local/lib/python3.8/site-packages/airflow/example_dags/example_complex.py for tasks to queue
[2024-03-15T08:09:23.142+0000] {logging_mixin.py:188} INFO - [2024-03-15T08:09:23.142+0000] {dagbag.py:540} INFO - Filling up the DagBag from /home/airflow/.local/lib/python3.8/site-packages/airflow/example_dags/example_complex.py
[2024-03-15T08:09:23.146+0000] {processor.py:840} INFO - DAG(s) 'example_complex' retrieved from /home/airflow/.local/lib/python3.8/site-packages/airflow/example_dags/example_complex.py
[2024-03-15T08:09:23.158+0000] {logging_mixin.py:188} INFO - [2024-03-15T08:09:23.157+0000] {dag.py:3047} INFO - Sync 1 DAGs
[2024-03-15T08:09:23.162+0000] {logging_mixin.py:188} INFO - [2024-03-15T08:09:23.162+0000] {dag.py:3834} INFO - Setting next_dagrun for example_complex to None, run_after=None
[2024-03-15T08:09:23.169+0000] {processor.py:183} INFO - Processing /home/airflow/.local/lib/python3.8/site-packages/airflow/example_dags/example_complex.py took 0.030 seconds
[2024-03-15T08:09:53.720+0000] {processor.py:161} INFO - Started process (PID=601) to work on /home/airflow/.local/lib/python3.8/site-packages/airflow/example_dags/example_complex.py
[2024-03-15T08:09:53.720+0000] {processor.py:830} INFO - Processing file /home/airflow/.local/lib/python3.8/site-packages/airflow/example_dags/example_complex.py for tasks to queue
[2024-03-15T08:09:53.721+0000] {logging_mixin.py:188} INFO - [2024-03-15T08:09:53.721+0000] {dagbag.py:540} INFO - Filling up the DagBag from /home/airflow/.local/lib/python3.8/site-packages/airflow/example_dags/example_complex.py
[2024-03-15T08:09:53.725+0000] {processor.py:840} INFO - DAG(s) 'example_complex' retrieved from /home/airflow/.local/lib/python3.8/site-packages/airflow/example_dags/example_complex.py
[2024-03-15T08:09:53.737+0000] {logging_mixin.py:188} INFO - [2024-03-15T08:09:53.737+0000] {dag.py:3047} INFO - Sync 1 DAGs
[2024-03-15T08:09:53.741+0000] {logging_mixin.py:188} INFO - [2024-03-15T08:09:53.741+0000] {dag.py:3834} INFO - Setting next_dagrun for example_complex to None, run_after=None
[2024-03-15T08:09:53.748+0000] {processor.py:183} INFO - Processing /home/airflow/.local/lib/python3.8/site-packages/airflow/example_dags/example_complex.py took 0.029 seconds
[2024-03-15T08:10:24.099+0000] {processor.py:161} INFO - Started process (PID=656) to work on /home/airflow/.local/lib/python3.8/site-packages/airflow/example_dags/example_complex.py
[2024-03-15T08:10:24.099+0000] {processor.py:830} INFO - Processing file /home/airflow/.local/lib/python3.8/site-packages/airflow/example_dags/example_complex.py for tasks to queue
[2024-03-15T08:10:24.100+0000] {logging_mixin.py:188} INFO - [2024-03-15T08:10:24.100+0000] {dagbag.py:540} INFO - Filling up the DagBag from /home/airflow/.local/lib/python3.8/site-packages/airflow/example_dags/example_complex.py
[2024-03-15T08:10:24.105+0000] {processor.py:840} INFO - DAG(s) 'example_complex' retrieved from /home/airflow/.local/lib/python3.8/site-packages/airflow/example_dags/example_complex.py
[2024-03-15T08:10:24.118+0000] {logging_mixin.py:188} INFO - [2024-03-15T08:10:24.118+0000] {dag.py:3047} INFO - Sync 1 DAGs
[2024-03-15T08:10:24.124+0000] {logging_mixin.py:188} INFO - [2024-03-15T08:10:24.124+0000] {dag.py:3834} INFO - Setting next_dagrun for example_complex to None, run_after=None
[2024-03-15T08:10:24.132+0000] {processor.py:183} INFO - Processing /home/airflow/.local/lib/python3.8/site-packages/airflow/example_dags/example_complex.py took 0.035 seconds
[2024-03-15T08:10:54.424+0000] {processor.py:161} INFO - Started process (PID=711) to work on /home/airflow/.local/lib/python3.8/site-packages/airflow/example_dags/example_complex.py
[2024-03-15T08:10:54.425+0000] {processor.py:830} INFO - Processing file /home/airflow/.local/lib/python3.8/site-packages/airflow/example_dags/example_complex.py for tasks to queue
[2024-03-15T08:10:54.425+0000] {logging_mixin.py:188} INFO - [2024-03-15T08:10:54.425+0000] {dagbag.py:540} INFO - Filling up the DagBag from /home/airflow/.local/lib/python3.8/site-packages/airflow/example_dags/example_complex.py
[2024-03-15T08:10:54.430+0000] {processor.py:840} INFO - DAG(s) 'example_complex' retrieved from /home/airflow/.local/lib/python3.8/site-packages/airflow/example_dags/example_complex.py
[2024-03-15T08:10:54.442+0000] {logging_mixin.py:188} INFO - [2024-03-15T08:10:54.442+0000] {dag.py:3047} INFO - Sync 1 DAGs
[2024-03-15T08:10:54.447+0000] {logging_mixin.py:188} INFO - [2024-03-15T08:10:54.447+0000] {dag.py:3834} INFO - Setting next_dagrun for example_complex to None, run_after=None
[2024-03-15T08:10:54.453+0000] {processor.py:183} INFO - Processing /home/airflow/.local/lib/python3.8/site-packages/airflow/example_dags/example_complex.py took 0.031 seconds
[2024-03-15T08:11:24.850+0000] {processor.py:161} INFO - Started process (PID=766) to work on /home/airflow/.local/lib/python3.8/site-packages/airflow/example_dags/example_complex.py
[2024-03-15T08:11:24.851+0000] {processor.py:830} INFO - Processing file /home/airflow/.local/lib/python3.8/site-packages/airflow/example_dags/example_complex.py for tasks to queue
[2024-03-15T08:11:24.852+0000] {logging_mixin.py:188} INFO - [2024-03-15T08:11:24.852+0000] {dagbag.py:540} INFO - Filling up the DagBag from /home/airflow/.local/lib/python3.8/site-packages/airflow/example_dags/example_complex.py
[2024-03-15T08:11:24.858+0000] {processor.py:840} INFO - DAG(s) 'example_complex' retrieved from /home/airflow/.local/lib/python3.8/site-packages/airflow/example_dags/example_complex.py
[2024-03-15T08:11:24.874+0000] {logging_mixin.py:188} INFO - [2024-03-15T08:11:24.874+0000] {dag.py:3047} INFO - Sync 1 DAGs
[2024-03-15T08:11:24.880+0000] {logging_mixin.py:188} INFO - [2024-03-15T08:11:24.879+0000] {dag.py:3834} INFO - Setting next_dagrun for example_complex to None, run_after=None
[2024-03-15T08:11:24.888+0000] {processor.py:183} INFO - Processing /home/airflow/.local/lib/python3.8/site-packages/airflow/example_dags/example_complex.py took 0.039 seconds
[2024-03-15T08:11:55.364+0000] {processor.py:161} INFO - Started process (PID=821) to work on /home/airflow/.local/lib/python3.8/site-packages/airflow/example_dags/example_complex.py
[2024-03-15T08:11:55.365+0000] {processor.py:830} INFO - Processing file /home/airflow/.local/lib/python3.8/site-packages/airflow/example_dags/example_complex.py for tasks to queue
[2024-03-15T08:11:55.366+0000] {logging_mixin.py:188} INFO - [2024-03-15T08:11:55.366+0000] {dagbag.py:540} INFO - Filling up the DagBag from /home/airflow/.local/lib/python3.8/site-packages/airflow/example_dags/example_complex.py
[2024-03-15T08:11:55.371+0000] {processor.py:840} INFO - DAG(s) 'example_complex' retrieved from /home/airflow/.local/lib/python3.8/site-packages/airflow/example_dags/example_complex.py
[2024-03-15T08:11:55.384+0000] {logging_mixin.py:188} INFO - [2024-03-15T08:11:55.384+0000] {dag.py:3047} INFO - Sync 1 DAGs
[2024-03-15T08:11:55.390+0000] {logging_mixin.py:188} INFO - [2024-03-15T08:11:55.390+0000] {dag.py:3834} INFO - Setting next_dagrun for example_complex to None, run_after=None
[2024-03-15T08:11:55.397+0000] {processor.py:183} INFO - Processing /home/airflow/.local/lib/python3.8/site-packages/airflow/example_dags/example_complex.py took 0.034 seconds
[2024-03-15T08:12:25.951+0000] {processor.py:161} INFO - Started process (PID=876) to work on /home/airflow/.local/lib/python3.8/site-packages/airflow/example_dags/example_complex.py
[2024-03-15T08:12:25.951+0000] {processor.py:830} INFO - Processing file /home/airflow/.local/lib/python3.8/site-packages/airflow/example_dags/example_complex.py for tasks to queue
[2024-03-15T08:12:25.952+0000] {logging_mixin.py:188} INFO - [2024-03-15T08:12:25.952+0000] {dagbag.py:540} INFO - Filling up the DagBag from /home/airflow/.local/lib/python3.8/site-packages/airflow/example_dags/example_complex.py
[2024-03-15T08:12:25.957+0000] {processor.py:840} INFO - DAG(s) 'example_complex' retrieved from /home/airflow/.local/lib/python3.8/site-packages/airflow/example_dags/example_complex.py
[2024-03-15T08:12:25.968+0000] {logging_mixin.py:188} INFO - [2024-03-15T08:12:25.968+0000] {dag.py:3047} INFO - Sync 1 DAGs
[2024-03-15T08:12:25.973+0000] {logging_mixin.py:188} INFO - [2024-03-15T08:12:25.972+0000] {dag.py:3834} INFO - Setting next_dagrun for example_complex to None, run_after=None
[2024-03-15T08:12:25.984+0000] {processor.py:183} INFO - Processing /home/airflow/.local/lib/python3.8/site-packages/airflow/example_dags/example_complex.py took 0.034 seconds
[2024-03-15T08:12:56.330+0000] {processor.py:161} INFO - Started process (PID=931) to work on /home/airflow/.local/lib/python3.8/site-packages/airflow/example_dags/example_complex.py
[2024-03-15T08:12:56.331+0000] {processor.py:830} INFO - Processing file /home/airflow/.local/lib/python3.8/site-packages/airflow/example_dags/example_complex.py for tasks to queue
[2024-03-15T08:12:56.331+0000] {logging_mixin.py:188} INFO - [2024-03-15T08:12:56.331+0000] {dagbag.py:540} INFO - Filling up the DagBag from /home/airflow/.local/lib/python3.8/site-packages/airflow/example_dags/example_complex.py
[2024-03-15T08:12:56.336+0000] {processor.py:840} INFO - DAG(s) 'example_complex' retrieved from /home/airflow/.local/lib/python3.8/site-packages/airflow/example_dags/example_complex.py
[2024-03-15T08:12:56.350+0000] {logging_mixin.py:188} INFO - [2024-03-15T08:12:56.350+0000] {dag.py:3047} INFO - Sync 1 DAGs
[2024-03-15T08:12:56.354+0000] {logging_mixin.py:188} INFO - [2024-03-15T08:12:56.354+0000] {dag.py:3834} INFO - Setting next_dagrun for example_complex to None, run_after=None
[2024-03-15T08:12:56.361+0000] {processor.py:183} INFO - Processing /home/airflow/.local/lib/python3.8/site-packages/airflow/example_dags/example_complex.py took 0.032 seconds
[2024-03-15T08:13:26.585+0000] {processor.py:161} INFO - Started process (PID=986) to work on /home/airflow/.local/lib/python3.8/site-packages/airflow/example_dags/example_complex.py
[2024-03-15T08:13:26.586+0000] {processor.py:830} INFO - Processing file /home/airflow/.local/lib/python3.8/site-packages/airflow/example_dags/example_complex.py for tasks to queue
[2024-03-15T08:13:26.586+0000] {logging_mixin.py:188} INFO - [2024-03-15T08:13:26.586+0000] {dagbag.py:540} INFO - Filling up the DagBag from /home/airflow/.local/lib/python3.8/site-packages/airflow/example_dags/example_complex.py
[2024-03-15T08:13:26.591+0000] {processor.py:840} INFO - DAG(s) 'example_complex' retrieved from /home/airflow/.local/lib/python3.8/site-packages/airflow/example_dags/example_complex.py
[2024-03-15T08:13:26.603+0000] {logging_mixin.py:188} INFO - [2024-03-15T08:13:26.603+0000] {dag.py:3047} INFO - Sync 1 DAGs
[2024-03-15T08:13:26.607+0000] {logging_mixin.py:188} INFO - [2024-03-15T08:13:26.607+0000] {dag.py:3834} INFO - Setting next_dagrun for example_complex to None, run_after=None
[2024-03-15T08:13:26.614+0000] {processor.py:183} INFO - Processing /home/airflow/.local/lib/python3.8/site-packages/airflow/example_dags/example_complex.py took 0.030 seconds
[2024-03-15T08:13:56.922+0000] {processor.py:161} INFO - Started process (PID=1041) to work on /home/airflow/.local/lib/python3.8/site-packages/airflow/example_dags/example_complex.py
[2024-03-15T08:13:56.923+0000] {processor.py:830} INFO - Processing file /home/airflow/.local/lib/python3.8/site-packages/airflow/example_dags/example_complex.py for tasks to queue
[2024-03-15T08:13:56.923+0000] {logging_mixin.py:188} INFO - [2024-03-15T08:13:56.923+0000] {dagbag.py:540} INFO - Filling up the DagBag from /home/airflow/.local/lib/python3.8/site-packages/airflow/example_dags/example_complex.py
[2024-03-15T08:13:56.928+0000] {processor.py:840} INFO - DAG(s) 'example_complex' retrieved from /home/airflow/.local/lib/python3.8/site-packages/airflow/example_dags/example_complex.py
[2024-03-15T08:13:56.940+0000] {logging_mixin.py:188} INFO - [2024-03-15T08:13:56.940+0000] {dag.py:3047} INFO - Sync 1 DAGs
[2024-03-15T08:13:56.945+0000] {logging_mixin.py:188} INFO - [2024-03-15T08:13:56.944+0000] {dag.py:3834} INFO - Setting next_dagrun for example_complex to None, run_after=None
[2024-03-15T08:13:56.951+0000] {processor.py:183} INFO - Processing /home/airflow/.local/lib/python3.8/site-packages/airflow/example_dags/example_complex.py took 0.030 seconds
[2024-03-15T08:14:27.210+0000] {processor.py:161} INFO - Started process (PID=1096) to work on /home/airflow/.local/lib/python3.8/site-packages/airflow/example_dags/example_complex.py
[2024-03-15T08:14:27.210+0000] {processor.py:830} INFO - Processing file /home/airflow/.local/lib/python3.8/site-packages/airflow/example_dags/example_complex.py for tasks to queue
[2024-03-15T08:14:27.211+0000] {logging_mixin.py:188} INFO - [2024-03-15T08:14:27.211+0000] {dagbag.py:540} INFO - Filling up the DagBag from /home/airflow/.local/lib/python3.8/site-packages/airflow/example_dags/example_complex.py
[2024-03-15T08:14:27.215+0000] {processor.py:840} INFO - DAG(s) 'example_complex' retrieved from /home/airflow/.local/lib/python3.8/site-packages/airflow/example_dags/example_complex.py
[2024-03-15T08:14:27.227+0000] {logging_mixin.py:188} INFO - [2024-03-15T08:14:27.227+0000] {dag.py:3047} INFO - Sync 1 DAGs
[2024-03-15T08:14:27.231+0000] {logging_mixin.py:188} INFO - [2024-03-15T08:14:27.231+0000] {dag.py:3834} INFO - Setting next_dagrun for example_complex to None, run_after=None
[2024-03-15T08:14:27.238+0000] {processor.py:183} INFO - Processing /home/airflow/.local/lib/python3.8/site-packages/airflow/example_dags/example_complex.py took 0.030 seconds
[2024-03-15T08:14:57.549+0000] {processor.py:161} INFO - Started process (PID=1151) to work on /home/airflow/.local/lib/python3.8/site-packages/airflow/example_dags/example_complex.py
[2024-03-15T08:14:57.550+0000] {processor.py:830} INFO - Processing file /home/airflow/.local/lib/python3.8/site-packages/airflow/example_dags/example_complex.py for tasks to queue
[2024-03-15T08:14:57.550+0000] {logging_mixin.py:188} INFO - [2024-03-15T08:14:57.550+0000] {dagbag.py:540} INFO - Filling up the DagBag from /home/airflow/.local/lib/python3.8/site-packages/airflow/example_dags/example_complex.py
[2024-03-15T08:14:57.555+0000] {processor.py:840} INFO - DAG(s) 'example_complex' retrieved from /home/airflow/.local/lib/python3.8/site-packages/airflow/example_dags/example_complex.py
[2024-03-15T08:14:57.571+0000] {logging_mixin.py:188} INFO - [2024-03-15T08:14:57.571+0000] {dag.py:3047} INFO - Sync 1 DAGs
[2024-03-15T08:14:57.578+0000] {logging_mixin.py:188} INFO - [2024-03-15T08:14:57.578+0000] {dag.py:3834} INFO - Setting next_dagrun for example_complex to None, run_after=None
[2024-03-15T08:14:57.585+0000] {processor.py:183} INFO - Processing /home/airflow/.local/lib/python3.8/site-packages/airflow/example_dags/example_complex.py took 0.038 seconds
[2024-03-15T08:15:27.959+0000] {processor.py:161} INFO - Started process (PID=1206) to work on /home/airflow/.local/lib/python3.8/site-packages/airflow/example_dags/example_complex.py
[2024-03-15T08:15:27.959+0000] {processor.py:830} INFO - Processing file /home/airflow/.local/lib/python3.8/site-packages/airflow/example_dags/example_complex.py for tasks to queue
[2024-03-15T08:15:27.960+0000] {logging_mixin.py:188} INFO - [2024-03-15T08:15:27.960+0000] {dagbag.py:540} INFO - Filling up the DagBag from /home/airflow/.local/lib/python3.8/site-packages/airflow/example_dags/example_complex.py
[2024-03-15T08:15:27.965+0000] {processor.py:840} INFO - DAG(s) 'example_complex' retrieved from /home/airflow/.local/lib/python3.8/site-packages/airflow/example_dags/example_complex.py
[2024-03-15T08:15:27.978+0000] {logging_mixin.py:188} INFO - [2024-03-15T08:15:27.977+0000] {dag.py:3047} INFO - Sync 1 DAGs
[2024-03-15T08:15:27.983+0000] {logging_mixin.py:188} INFO - [2024-03-15T08:15:27.983+0000] {dag.py:3834} INFO - Setting next_dagrun for example_complex to None, run_after=None
[2024-03-15T08:15:27.991+0000] {processor.py:183} INFO - Processing /home/airflow/.local/lib/python3.8/site-packages/airflow/example_dags/example_complex.py took 0.033 seconds
[2024-03-15T08:15:58.368+0000] {processor.py:161} INFO - Started process (PID=1261) to work on /home/airflow/.local/lib/python3.8/site-packages/airflow/example_dags/example_complex.py
[2024-03-15T08:15:58.369+0000] {processor.py:830} INFO - Processing file /home/airflow/.local/lib/python3.8/site-packages/airflow/example_dags/example_complex.py for tasks to queue
[2024-03-15T08:15:58.370+0000] {logging_mixin.py:188} INFO - [2024-03-15T08:15:58.370+0000] {dagbag.py:540} INFO - Filling up the DagBag from /home/airflow/.local/lib/python3.8/site-packages/airflow/example_dags/example_complex.py
[2024-03-15T08:15:58.375+0000] {processor.py:840} INFO - DAG(s) 'example_complex' retrieved from /home/airflow/.local/lib/python3.8/site-packages/airflow/example_dags/example_complex.py
[2024-03-15T08:15:58.389+0000] {logging_mixin.py:188} INFO - [2024-03-15T08:15:58.388+0000] {dag.py:3047} INFO - Sync 1 DAGs
[2024-03-15T08:15:58.394+0000] {logging_mixin.py:188} INFO - [2024-03-15T08:15:58.394+0000] {dag.py:3834} INFO - Setting next_dagrun for example_complex to None, run_after=None
[2024-03-15T08:15:58.401+0000] {processor.py:183} INFO - Processing /home/airflow/.local/lib/python3.8/site-packages/airflow/example_dags/example_complex.py took 0.035 seconds
[2024-03-15T08:16:28.723+0000] {processor.py:161} INFO - Started process (PID=1316) to work on /home/airflow/.local/lib/python3.8/site-packages/airflow/example_dags/example_complex.py
[2024-03-15T08:16:28.724+0000] {processor.py:830} INFO - Processing file /home/airflow/.local/lib/python3.8/site-packages/airflow/example_dags/example_complex.py for tasks to queue
[2024-03-15T08:16:28.724+0000] {logging_mixin.py:188} INFO - [2024-03-15T08:16:28.724+0000] {dagbag.py:540} INFO - Filling up the DagBag from /home/airflow/.local/lib/python3.8/site-packages/airflow/example_dags/example_complex.py
[2024-03-15T08:16:28.729+0000] {processor.py:840} INFO - DAG(s) 'example_complex' retrieved from /home/airflow/.local/lib/python3.8/site-packages/airflow/example_dags/example_complex.py
[2024-03-15T08:16:28.742+0000] {logging_mixin.py:188} INFO - [2024-03-15T08:16:28.741+0000] {dag.py:3047} INFO - Sync 1 DAGs
[2024-03-15T08:16:28.746+0000] {logging_mixin.py:188} INFO - [2024-03-15T08:16:28.746+0000] {dag.py:3834} INFO - Setting next_dagrun for example_complex to None, run_after=None
[2024-03-15T08:16:28.753+0000] {processor.py:183} INFO - Processing /home/airflow/.local/lib/python3.8/site-packages/airflow/example_dags/example_complex.py took 0.031 seconds
[2024-03-15T08:16:59.019+0000] {processor.py:161} INFO - Started process (PID=1371) to work on /home/airflow/.local/lib/python3.8/site-packages/airflow/example_dags/example_complex.py
[2024-03-15T08:16:59.019+0000] {processor.py:830} INFO - Processing file /home/airflow/.local/lib/python3.8/site-packages/airflow/example_dags/example_complex.py for tasks to queue
[2024-03-15T08:16:59.020+0000] {logging_mixin.py:188} INFO - [2024-03-15T08:16:59.020+0000] {dagbag.py:540} INFO - Filling up the DagBag from /home/airflow/.local/lib/python3.8/site-packages/airflow/example_dags/example_complex.py
[2024-03-15T08:16:59.025+0000] {processor.py:840} INFO - DAG(s) 'example_complex' retrieved from /home/airflow/.local/lib/python3.8/site-packages/airflow/example_dags/example_complex.py
[2024-03-15T08:16:59.038+0000] {logging_mixin.py:188} INFO - [2024-03-15T08:16:59.037+0000] {dag.py:3047} INFO - Sync 1 DAGs
[2024-03-15T08:16:59.042+0000] {logging_mixin.py:188} INFO - [2024-03-15T08:16:59.042+0000] {dag.py:3834} INFO - Setting next_dagrun for example_complex to None, run_after=None
[2024-03-15T08:16:59.049+0000] {processor.py:183} INFO - Processing /home/airflow/.local/lib/python3.8/site-packages/airflow/example_dags/example_complex.py took 0.032 seconds
[2024-03-15T08:17:29.428+0000] {processor.py:161} INFO - Started process (PID=1426) to work on /home/airflow/.local/lib/python3.8/site-packages/airflow/example_dags/example_complex.py
[2024-03-15T08:17:29.428+0000] {processor.py:830} INFO - Processing file /home/airflow/.local/lib/python3.8/site-packages/airflow/example_dags/example_complex.py for tasks to queue
[2024-03-15T08:17:29.429+0000] {logging_mixin.py:188} INFO - [2024-03-15T08:17:29.429+0000] {dagbag.py:540} INFO - Filling up the DagBag from /home/airflow/.local/lib/python3.8/site-packages/airflow/example_dags/example_complex.py
[2024-03-15T08:17:29.434+0000] {processor.py:840} INFO - DAG(s) 'example_complex' retrieved from /home/airflow/.local/lib/python3.8/site-packages/airflow/example_dags/example_complex.py
[2024-03-15T08:17:29.446+0000] {logging_mixin.py:188} INFO - [2024-03-15T08:17:29.446+0000] {dag.py:3047} INFO - Sync 1 DAGs
[2024-03-15T08:17:29.450+0000] {logging_mixin.py:188} INFO - [2024-03-15T08:17:29.450+0000] {dag.py:3834} INFO - Setting next_dagrun for example_complex to None, run_after=None
[2024-03-15T08:17:29.457+0000] {processor.py:183} INFO - Processing /home/airflow/.local/lib/python3.8/site-packages/airflow/example_dags/example_complex.py took 0.031 seconds
[2024-03-15T08:17:59.757+0000] {processor.py:161} INFO - Started process (PID=1481) to work on /home/airflow/.local/lib/python3.8/site-packages/airflow/example_dags/example_complex.py
[2024-03-15T08:17:59.758+0000] {processor.py:830} INFO - Processing file /home/airflow/.local/lib/python3.8/site-packages/airflow/example_dags/example_complex.py for tasks to queue
[2024-03-15T08:17:59.758+0000] {logging_mixin.py:188} INFO - [2024-03-15T08:17:59.758+0000] {dagbag.py:540} INFO - Filling up the DagBag from /home/airflow/.local/lib/python3.8/site-packages/airflow/example_dags/example_complex.py
[2024-03-15T08:17:59.763+0000] {processor.py:840} INFO - DAG(s) 'example_complex' retrieved from /home/airflow/.local/lib/python3.8/site-packages/airflow/example_dags/example_complex.py
[2024-03-15T08:17:59.775+0000] {logging_mixin.py:188} INFO - [2024-03-15T08:17:59.775+0000] {dag.py:3047} INFO - Sync 1 DAGs
[2024-03-15T08:17:59.779+0000] {logging_mixin.py:188} INFO - [2024-03-15T08:17:59.779+0000] {dag.py:3834} INFO - Setting next_dagrun for example_complex to None, run_after=None
[2024-03-15T08:17:59.786+0000] {processor.py:183} INFO - Processing /home/airflow/.local/lib/python3.8/site-packages/airflow/example_dags/example_complex.py took 0.030 seconds
[2024-03-15T08:18:30.111+0000] {processor.py:161} INFO - Started process (PID=1536) to work on /home/airflow/.local/lib/python3.8/site-packages/airflow/example_dags/example_complex.py
[2024-03-15T08:18:30.112+0000] {processor.py:830} INFO - Processing file /home/airflow/.local/lib/python3.8/site-packages/airflow/example_dags/example_complex.py for tasks to queue
[2024-03-15T08:18:30.113+0000] {logging_mixin.py:188} INFO - [2024-03-15T08:18:30.112+0000] {dagbag.py:540} INFO - Filling up the DagBag from /home/airflow/.local/lib/python3.8/site-packages/airflow/example_dags/example_complex.py
[2024-03-15T08:18:30.118+0000] {processor.py:840} INFO - DAG(s) 'example_complex' retrieved from /home/airflow/.local/lib/python3.8/site-packages/airflow/example_dags/example_complex.py
[2024-03-15T08:18:30.130+0000] {logging_mixin.py:188} INFO - [2024-03-15T08:18:30.130+0000] {dag.py:3047} INFO - Sync 1 DAGs
[2024-03-15T08:18:30.135+0000] {logging_mixin.py:188} INFO - [2024-03-15T08:18:30.135+0000] {dag.py:3834} INFO - Setting next_dagrun for example_complex to None, run_after=None
[2024-03-15T08:18:30.141+0000] {processor.py:183} INFO - Processing /home/airflow/.local/lib/python3.8/site-packages/airflow/example_dags/example_complex.py took 0.031 seconds
[2024-03-15T08:19:00.554+0000] {processor.py:161} INFO - Started process (PID=1591) to work on /home/airflow/.local/lib/python3.8/site-packages/airflow/example_dags/example_complex.py
[2024-03-15T08:19:00.555+0000] {processor.py:830} INFO - Processing file /home/airflow/.local/lib/python3.8/site-packages/airflow/example_dags/example_complex.py for tasks to queue
[2024-03-15T08:19:00.556+0000] {logging_mixin.py:188} INFO - [2024-03-15T08:19:00.556+0000] {dagbag.py:540} INFO - Filling up the DagBag from /home/airflow/.local/lib/python3.8/site-packages/airflow/example_dags/example_complex.py
[2024-03-15T08:19:00.560+0000] {processor.py:840} INFO - DAG(s) 'example_complex' retrieved from /home/airflow/.local/lib/python3.8/site-packages/airflow/example_dags/example_complex.py
[2024-03-15T08:19:00.572+0000] {logging_mixin.py:188} INFO - [2024-03-15T08:19:00.572+0000] {dag.py:3047} INFO - Sync 1 DAGs
[2024-03-15T08:19:00.577+0000] {logging_mixin.py:188} INFO - [2024-03-15T08:19:00.577+0000] {dag.py:3834} INFO - Setting next_dagrun for example_complex to None, run_after=None
[2024-03-15T08:19:00.584+0000] {processor.py:183} INFO - Processing /home/airflow/.local/lib/python3.8/site-packages/airflow/example_dags/example_complex.py took 0.031 seconds
[2024-03-15T08:19:30.830+0000] {processor.py:161} INFO - Started process (PID=1646) to work on /home/airflow/.local/lib/python3.8/site-packages/airflow/example_dags/example_complex.py
[2024-03-15T08:19:30.830+0000] {processor.py:830} INFO - Processing file /home/airflow/.local/lib/python3.8/site-packages/airflow/example_dags/example_complex.py for tasks to queue
[2024-03-15T08:19:30.831+0000] {logging_mixin.py:188} INFO - [2024-03-15T08:19:30.831+0000] {dagbag.py:540} INFO - Filling up the DagBag from /home/airflow/.local/lib/python3.8/site-packages/airflow/example_dags/example_complex.py
[2024-03-15T08:19:30.836+0000] {processor.py:840} INFO - DAG(s) 'example_complex' retrieved from /home/airflow/.local/lib/python3.8/site-packages/airflow/example_dags/example_complex.py
[2024-03-15T08:19:30.848+0000] {logging_mixin.py:188} INFO - [2024-03-15T08:19:30.848+0000] {dag.py:3047} INFO - Sync 1 DAGs
[2024-03-15T08:19:30.852+0000] {logging_mixin.py:188} INFO - [2024-03-15T08:19:30.852+0000] {dag.py:3834} INFO - Setting next_dagrun for example_complex to None, run_after=None
[2024-03-15T08:19:30.859+0000] {processor.py:183} INFO - Processing /home/airflow/.local/lib/python3.8/site-packages/airflow/example_dags/example_complex.py took 0.030 seconds
[2024-03-15T08:20:01.188+0000] {processor.py:161} INFO - Started process (PID=1701) to work on /home/airflow/.local/lib/python3.8/site-packages/airflow/example_dags/example_complex.py
[2024-03-15T08:20:01.188+0000] {processor.py:830} INFO - Processing file /home/airflow/.local/lib/python3.8/site-packages/airflow/example_dags/example_complex.py for tasks to queue
[2024-03-15T08:20:01.189+0000] {logging_mixin.py:188} INFO - [2024-03-15T08:20:01.189+0000] {dagbag.py:540} INFO - Filling up the DagBag from /home/airflow/.local/lib/python3.8/site-packages/airflow/example_dags/example_complex.py
[2024-03-15T08:20:01.194+0000] {processor.py:840} INFO - DAG(s) 'example_complex' retrieved from /home/airflow/.local/lib/python3.8/site-packages/airflow/example_dags/example_complex.py
[2024-03-15T08:20:01.206+0000] {logging_mixin.py:188} INFO - [2024-03-15T08:20:01.206+0000] {dag.py:3047} INFO - Sync 1 DAGs
[2024-03-15T08:20:01.210+0000] {logging_mixin.py:188} INFO - [2024-03-15T08:20:01.210+0000] {dag.py:3834} INFO - Setting next_dagrun for example_complex to None, run_after=None
[2024-03-15T08:20:01.217+0000] {processor.py:183} INFO - Processing /home/airflow/.local/lib/python3.8/site-packages/airflow/example_dags/example_complex.py took 0.031 seconds
[2024-03-15T08:20:31.517+0000] {processor.py:161} INFO - Started process (PID=1755) to work on /home/airflow/.local/lib/python3.8/site-packages/airflow/example_dags/example_complex.py
[2024-03-15T08:20:31.518+0000] {processor.py:830} INFO - Processing file /home/airflow/.local/lib/python3.8/site-packages/airflow/example_dags/example_complex.py for tasks to queue
[2024-03-15T08:20:31.519+0000] {logging_mixin.py:188} INFO - [2024-03-15T08:20:31.519+0000] {dagbag.py:540} INFO - Filling up the DagBag from /home/airflow/.local/lib/python3.8/site-packages/airflow/example_dags/example_complex.py
[2024-03-15T08:20:31.524+0000] {processor.py:840} INFO - DAG(s) 'example_complex' retrieved from /home/airflow/.local/lib/python3.8/site-packages/airflow/example_dags/example_complex.py
[2024-03-15T08:20:31.536+0000] {logging_mixin.py:188} INFO - [2024-03-15T08:20:31.536+0000] {dag.py:3047} INFO - Sync 1 DAGs
[2024-03-15T08:20:31.540+0000] {logging_mixin.py:188} INFO - [2024-03-15T08:20:31.540+0000] {dag.py:3834} INFO - Setting next_dagrun for example_complex to None, run_after=None
[2024-03-15T08:20:31.547+0000] {processor.py:183} INFO - Processing /home/airflow/.local/lib/python3.8/site-packages/airflow/example_dags/example_complex.py took 0.032 seconds
[2024-03-15T08:21:01.852+0000] {processor.py:161} INFO - Started process (PID=1810) to work on /home/airflow/.local/lib/python3.8/site-packages/airflow/example_dags/example_complex.py
[2024-03-15T08:21:01.853+0000] {processor.py:830} INFO - Processing file /home/airflow/.local/lib/python3.8/site-packages/airflow/example_dags/example_complex.py for tasks to queue
[2024-03-15T08:21:01.855+0000] {logging_mixin.py:188} INFO - [2024-03-15T08:21:01.855+0000] {dagbag.py:540} INFO - Filling up the DagBag from /home/airflow/.local/lib/python3.8/site-packages/airflow/example_dags/example_complex.py
[2024-03-15T08:21:01.860+0000] {processor.py:840} INFO - DAG(s) 'example_complex' retrieved from /home/airflow/.local/lib/python3.8/site-packages/airflow/example_dags/example_complex.py
[2024-03-15T08:21:01.872+0000] {logging_mixin.py:188} INFO - [2024-03-15T08:21:01.871+0000] {dag.py:3047} INFO - Sync 1 DAGs
[2024-03-15T08:21:01.876+0000] {logging_mixin.py:188} INFO - [2024-03-15T08:21:01.876+0000] {dag.py:3834} INFO - Setting next_dagrun for example_complex to None, run_after=None
[2024-03-15T08:21:01.883+0000] {processor.py:183} INFO - Processing /home/airflow/.local/lib/python3.8/site-packages/airflow/example_dags/example_complex.py took 0.032 seconds
[2024-03-15T08:21:32.154+0000] {processor.py:161} INFO - Started process (PID=1865) to work on /home/airflow/.local/lib/python3.8/site-packages/airflow/example_dags/example_complex.py
[2024-03-15T08:21:32.155+0000] {processor.py:830} INFO - Processing file /home/airflow/.local/lib/python3.8/site-packages/airflow/example_dags/example_complex.py for tasks to queue
[2024-03-15T08:21:32.156+0000] {logging_mixin.py:188} INFO - [2024-03-15T08:21:32.155+0000] {dagbag.py:540} INFO - Filling up the DagBag from /home/airflow/.local/lib/python3.8/site-packages/airflow/example_dags/example_complex.py
[2024-03-15T08:21:32.160+0000] {processor.py:840} INFO - DAG(s) 'example_complex' retrieved from /home/airflow/.local/lib/python3.8/site-packages/airflow/example_dags/example_complex.py
[2024-03-15T08:21:32.172+0000] {logging_mixin.py:188} INFO - [2024-03-15T08:21:32.172+0000] {dag.py:3047} INFO - Sync 1 DAGs
[2024-03-15T08:21:32.177+0000] {logging_mixin.py:188} INFO - [2024-03-15T08:21:32.176+0000] {dag.py:3834} INFO - Setting next_dagrun for example_complex to None, run_after=None
[2024-03-15T08:21:32.183+0000] {processor.py:183} INFO - Processing /home/airflow/.local/lib/python3.8/site-packages/airflow/example_dags/example_complex.py took 0.030 seconds
[2024-03-15T08:22:02.401+0000] {processor.py:161} INFO - Started process (PID=1919) to work on /home/airflow/.local/lib/python3.8/site-packages/airflow/example_dags/example_complex.py
[2024-03-15T08:22:02.401+0000] {processor.py:830} INFO - Processing file /home/airflow/.local/lib/python3.8/site-packages/airflow/example_dags/example_complex.py for tasks to queue
[2024-03-15T08:22:02.402+0000] {logging_mixin.py:188} INFO - [2024-03-15T08:22:02.402+0000] {dagbag.py:540} INFO - Filling up the DagBag from /home/airflow/.local/lib/python3.8/site-packages/airflow/example_dags/example_complex.py
[2024-03-15T08:22:02.407+0000] {processor.py:840} INFO - DAG(s) 'example_complex' retrieved from /home/airflow/.local/lib/python3.8/site-packages/airflow/example_dags/example_complex.py
[2024-03-15T08:22:02.419+0000] {logging_mixin.py:188} INFO - [2024-03-15T08:22:02.419+0000] {dag.py:3047} INFO - Sync 1 DAGs
[2024-03-15T08:22:02.423+0000] {logging_mixin.py:188} INFO - [2024-03-15T08:22:02.423+0000] {dag.py:3834} INFO - Setting next_dagrun for example_complex to None, run_after=None
[2024-03-15T08:22:02.430+0000] {processor.py:183} INFO - Processing /home/airflow/.local/lib/python3.8/site-packages/airflow/example_dags/example_complex.py took 0.030 seconds
[2024-03-15T08:22:32.747+0000] {processor.py:161} INFO - Started process (PID=1974) to work on /home/airflow/.local/lib/python3.8/site-packages/airflow/example_dags/example_complex.py
[2024-03-15T08:22:32.747+0000] {processor.py:830} INFO - Processing file /home/airflow/.local/lib/python3.8/site-packages/airflow/example_dags/example_complex.py for tasks to queue
[2024-03-15T08:22:32.748+0000] {logging_mixin.py:188} INFO - [2024-03-15T08:22:32.748+0000] {dagbag.py:540} INFO - Filling up the DagBag from /home/airflow/.local/lib/python3.8/site-packages/airflow/example_dags/example_complex.py
[2024-03-15T08:22:32.753+0000] {processor.py:840} INFO - DAG(s) 'example_complex' retrieved from /home/airflow/.local/lib/python3.8/site-packages/airflow/example_dags/example_complex.py
[2024-03-15T08:22:32.765+0000] {logging_mixin.py:188} INFO - [2024-03-15T08:22:32.765+0000] {dag.py:3047} INFO - Sync 1 DAGs
[2024-03-15T08:22:32.770+0000] {logging_mixin.py:188} INFO - [2024-03-15T08:22:32.769+0000] {dag.py:3834} INFO - Setting next_dagrun for example_complex to None, run_after=None
[2024-03-15T08:22:32.776+0000] {processor.py:183} INFO - Processing /home/airflow/.local/lib/python3.8/site-packages/airflow/example_dags/example_complex.py took 0.032 seconds
[2024-03-15T08:23:03.242+0000] {processor.py:161} INFO - Started process (PID=2029) to work on /home/airflow/.local/lib/python3.8/site-packages/airflow/example_dags/example_complex.py
[2024-03-15T08:23:03.243+0000] {processor.py:830} INFO - Processing file /home/airflow/.local/lib/python3.8/site-packages/airflow/example_dags/example_complex.py for tasks to queue
[2024-03-15T08:23:03.243+0000] {logging_mixin.py:188} INFO - [2024-03-15T08:23:03.243+0000] {dagbag.py:540} INFO - Filling up the DagBag from /home/airflow/.local/lib/python3.8/site-packages/airflow/example_dags/example_complex.py
[2024-03-15T08:23:03.248+0000] {processor.py:840} INFO - DAG(s) 'example_complex' retrieved from /home/airflow/.local/lib/python3.8/site-packages/airflow/example_dags/example_complex.py
[2024-03-15T08:23:03.260+0000] {logging_mixin.py:188} INFO - [2024-03-15T08:23:03.259+0000] {dag.py:3047} INFO - Sync 1 DAGs
[2024-03-15T08:23:03.264+0000] {logging_mixin.py:188} INFO - [2024-03-15T08:23:03.264+0000] {dag.py:3834} INFO - Setting next_dagrun for example_complex to None, run_after=None
[2024-03-15T08:23:03.271+0000] {processor.py:183} INFO - Processing /home/airflow/.local/lib/python3.8/site-packages/airflow/example_dags/example_complex.py took 0.030 seconds
[2024-03-15T08:23:33.764+0000] {processor.py:161} INFO - Started process (PID=2083) to work on /home/airflow/.local/lib/python3.8/site-packages/airflow/example_dags/example_complex.py
[2024-03-15T08:23:33.765+0000] {processor.py:830} INFO - Processing file /home/airflow/.local/lib/python3.8/site-packages/airflow/example_dags/example_complex.py for tasks to queue
[2024-03-15T08:23:33.766+0000] {logging_mixin.py:188} INFO - [2024-03-15T08:23:33.765+0000] {dagbag.py:540} INFO - Filling up the DagBag from /home/airflow/.local/lib/python3.8/site-packages/airflow/example_dags/example_complex.py
[2024-03-15T08:23:33.770+0000] {processor.py:840} INFO - DAG(s) 'example_complex' retrieved from /home/airflow/.local/lib/python3.8/site-packages/airflow/example_dags/example_complex.py
[2024-03-15T08:23:33.782+0000] {logging_mixin.py:188} INFO - [2024-03-15T08:23:33.782+0000] {dag.py:3047} INFO - Sync 1 DAGs
[2024-03-15T08:23:33.786+0000] {logging_mixin.py:188} INFO - [2024-03-15T08:23:33.786+0000] {dag.py:3834} INFO - Setting next_dagrun for example_complex to None, run_after=None
[2024-03-15T08:23:33.793+0000] {processor.py:183} INFO - Processing /home/airflow/.local/lib/python3.8/site-packages/airflow/example_dags/example_complex.py took 0.030 seconds
