[2024-03-15T08:04:48.565+0000] {processor.py:161} INFO - Started process (PID=44) to work on /home/airflow/.local/lib/python3.8/site-packages/airflow/example_dags/example_dynamic_task_mapping_with_no_taskflow_operators.py
[2024-03-15T08:04:48.566+0000] {processor.py:830} INFO - Processing file /home/airflow/.local/lib/python3.8/site-packages/airflow/example_dags/example_dynamic_task_mapping_with_no_taskflow_operators.py for tasks to queue
[2024-03-15T08:04:48.566+0000] {logging_mixin.py:188} INFO - [2024-03-15T08:04:48.566+0000] {dagbag.py:540} INFO - Filling up the DagBag from /home/airflow/.local/lib/python3.8/site-packages/airflow/example_dags/example_dynamic_task_mapping_with_no_taskflow_operators.py
[2024-03-15T08:04:48.569+0000] {processor.py:840} INFO - DAG(s) 'example_dynamic_task_mapping_with_no_taskflow_operators' retrieved from /home/airflow/.local/lib/python3.8/site-packages/airflow/example_dags/example_dynamic_task_mapping_with_no_taskflow_operators.py
[2024-03-15T08:04:48.575+0000] {logging_mixin.py:188} INFO - [2024-03-15T08:04:48.575+0000] {dag.py:3047} INFO - Sync 1 DAGs
[2024-03-15T08:04:48.584+0000] {logging_mixin.py:188} INFO - [2024-03-15T08:04:48.584+0000] {dag.py:3834} INFO - Setting next_dagrun for example_dynamic_task_mapping_with_no_taskflow_operators to 2024-03-14 00:00:00+00:00, run_after=2024-03-15 00:00:00+00:00
[2024-03-15T08:04:48.592+0000] {processor.py:183} INFO - Processing /home/airflow/.local/lib/python3.8/site-packages/airflow/example_dags/example_dynamic_task_mapping_with_no_taskflow_operators.py took 0.028 seconds
[2024-03-15T08:05:19.701+0000] {processor.py:161} INFO - Started process (PID=99) to work on /home/airflow/.local/lib/python3.8/site-packages/airflow/example_dags/example_dynamic_task_mapping_with_no_taskflow_operators.py
[2024-03-15T08:05:19.701+0000] {processor.py:830} INFO - Processing file /home/airflow/.local/lib/python3.8/site-packages/airflow/example_dags/example_dynamic_task_mapping_with_no_taskflow_operators.py for tasks to queue
[2024-03-15T08:05:19.702+0000] {logging_mixin.py:188} INFO - [2024-03-15T08:05:19.702+0000] {dagbag.py:540} INFO - Filling up the DagBag from /home/airflow/.local/lib/python3.8/site-packages/airflow/example_dags/example_dynamic_task_mapping_with_no_taskflow_operators.py
[2024-03-15T08:05:19.705+0000] {processor.py:840} INFO - DAG(s) 'example_dynamic_task_mapping_with_no_taskflow_operators' retrieved from /home/airflow/.local/lib/python3.8/site-packages/airflow/example_dags/example_dynamic_task_mapping_with_no_taskflow_operators.py
[2024-03-15T08:05:19.746+0000] {logging_mixin.py:188} INFO - [2024-03-15T08:05:19.745+0000] {dag.py:3047} INFO - Sync 1 DAGs
[2024-03-15T08:05:19.754+0000] {logging_mixin.py:188} INFO - [2024-03-15T08:05:19.754+0000] {dag.py:3834} INFO - Setting next_dagrun for example_dynamic_task_mapping_with_no_taskflow_operators to 2024-03-14 00:00:00+00:00, run_after=2024-03-15 00:00:00+00:00
[2024-03-15T08:05:19.761+0000] {processor.py:183} INFO - Processing /home/airflow/.local/lib/python3.8/site-packages/airflow/example_dags/example_dynamic_task_mapping_with_no_taskflow_operators.py took 0.062 seconds
[2024-03-15T08:05:50.718+0000] {processor.py:161} INFO - Started process (PID=154) to work on /home/airflow/.local/lib/python3.8/site-packages/airflow/example_dags/example_dynamic_task_mapping_with_no_taskflow_operators.py
[2024-03-15T08:05:50.719+0000] {processor.py:830} INFO - Processing file /home/airflow/.local/lib/python3.8/site-packages/airflow/example_dags/example_dynamic_task_mapping_with_no_taskflow_operators.py for tasks to queue
[2024-03-15T08:05:50.720+0000] {logging_mixin.py:188} INFO - [2024-03-15T08:05:50.720+0000] {dagbag.py:540} INFO - Filling up the DagBag from /home/airflow/.local/lib/python3.8/site-packages/airflow/example_dags/example_dynamic_task_mapping_with_no_taskflow_operators.py
[2024-03-15T08:05:50.725+0000] {processor.py:840} INFO - DAG(s) 'example_dynamic_task_mapping_with_no_taskflow_operators' retrieved from /home/airflow/.local/lib/python3.8/site-packages/airflow/example_dags/example_dynamic_task_mapping_with_no_taskflow_operators.py
[2024-03-15T08:05:50.737+0000] {logging_mixin.py:188} INFO - [2024-03-15T08:05:50.737+0000] {dag.py:3047} INFO - Sync 1 DAGs
[2024-03-15T08:05:50.747+0000] {logging_mixin.py:188} INFO - [2024-03-15T08:05:50.747+0000] {dag.py:3834} INFO - Setting next_dagrun for example_dynamic_task_mapping_with_no_taskflow_operators to 2024-03-14 00:00:00+00:00, run_after=2024-03-15 00:00:00+00:00
[2024-03-15T08:05:50.754+0000] {processor.py:183} INFO - Processing /home/airflow/.local/lib/python3.8/site-packages/airflow/example_dags/example_dynamic_task_mapping_with_no_taskflow_operators.py took 0.038 seconds
[2024-03-15T08:06:21.081+0000] {processor.py:161} INFO - Started process (PID=209) to work on /home/airflow/.local/lib/python3.8/site-packages/airflow/example_dags/example_dynamic_task_mapping_with_no_taskflow_operators.py
[2024-03-15T08:06:21.082+0000] {processor.py:830} INFO - Processing file /home/airflow/.local/lib/python3.8/site-packages/airflow/example_dags/example_dynamic_task_mapping_with_no_taskflow_operators.py for tasks to queue
[2024-03-15T08:06:21.082+0000] {logging_mixin.py:188} INFO - [2024-03-15T08:06:21.082+0000] {dagbag.py:540} INFO - Filling up the DagBag from /home/airflow/.local/lib/python3.8/site-packages/airflow/example_dags/example_dynamic_task_mapping_with_no_taskflow_operators.py
[2024-03-15T08:06:21.085+0000] {processor.py:840} INFO - DAG(s) 'example_dynamic_task_mapping_with_no_taskflow_operators' retrieved from /home/airflow/.local/lib/python3.8/site-packages/airflow/example_dags/example_dynamic_task_mapping_with_no_taskflow_operators.py
[2024-03-15T08:06:21.093+0000] {logging_mixin.py:188} INFO - [2024-03-15T08:06:21.093+0000] {dag.py:3047} INFO - Sync 1 DAGs
[2024-03-15T08:06:21.101+0000] {logging_mixin.py:188} INFO - [2024-03-15T08:06:21.101+0000] {dag.py:3834} INFO - Setting next_dagrun for example_dynamic_task_mapping_with_no_taskflow_operators to 2024-03-14 00:00:00+00:00, run_after=2024-03-15 00:00:00+00:00
[2024-03-15T08:06:21.108+0000] {processor.py:183} INFO - Processing /home/airflow/.local/lib/python3.8/site-packages/airflow/example_dags/example_dynamic_task_mapping_with_no_taskflow_operators.py took 0.028 seconds
[2024-03-15T08:06:51.383+0000] {processor.py:161} INFO - Started process (PID=264) to work on /home/airflow/.local/lib/python3.8/site-packages/airflow/example_dags/example_dynamic_task_mapping_with_no_taskflow_operators.py
[2024-03-15T08:06:51.384+0000] {processor.py:830} INFO - Processing file /home/airflow/.local/lib/python3.8/site-packages/airflow/example_dags/example_dynamic_task_mapping_with_no_taskflow_operators.py for tasks to queue
[2024-03-15T08:06:51.385+0000] {logging_mixin.py:188} INFO - [2024-03-15T08:06:51.384+0000] {dagbag.py:540} INFO - Filling up the DagBag from /home/airflow/.local/lib/python3.8/site-packages/airflow/example_dags/example_dynamic_task_mapping_with_no_taskflow_operators.py
[2024-03-15T08:06:51.387+0000] {processor.py:840} INFO - DAG(s) 'example_dynamic_task_mapping_with_no_taskflow_operators' retrieved from /home/airflow/.local/lib/python3.8/site-packages/airflow/example_dags/example_dynamic_task_mapping_with_no_taskflow_operators.py
[2024-03-15T08:06:51.395+0000] {logging_mixin.py:188} INFO - [2024-03-15T08:06:51.395+0000] {dag.py:3047} INFO - Sync 1 DAGs
[2024-03-15T08:06:51.403+0000] {logging_mixin.py:188} INFO - [2024-03-15T08:06:51.403+0000] {dag.py:3834} INFO - Setting next_dagrun for example_dynamic_task_mapping_with_no_taskflow_operators to 2024-03-14 00:00:00+00:00, run_after=2024-03-15 00:00:00+00:00
[2024-03-15T08:06:51.408+0000] {processor.py:183} INFO - Processing /home/airflow/.local/lib/python3.8/site-packages/airflow/example_dags/example_dynamic_task_mapping_with_no_taskflow_operators.py took 0.026 seconds
[2024-03-15T08:07:21.672+0000] {processor.py:161} INFO - Started process (PID=319) to work on /home/airflow/.local/lib/python3.8/site-packages/airflow/example_dags/example_dynamic_task_mapping_with_no_taskflow_operators.py
[2024-03-15T08:07:21.672+0000] {processor.py:830} INFO - Processing file /home/airflow/.local/lib/python3.8/site-packages/airflow/example_dags/example_dynamic_task_mapping_with_no_taskflow_operators.py for tasks to queue
[2024-03-15T08:07:21.673+0000] {logging_mixin.py:188} INFO - [2024-03-15T08:07:21.673+0000] {dagbag.py:540} INFO - Filling up the DagBag from /home/airflow/.local/lib/python3.8/site-packages/airflow/example_dags/example_dynamic_task_mapping_with_no_taskflow_operators.py
[2024-03-15T08:07:21.676+0000] {processor.py:840} INFO - DAG(s) 'example_dynamic_task_mapping_with_no_taskflow_operators' retrieved from /home/airflow/.local/lib/python3.8/site-packages/airflow/example_dags/example_dynamic_task_mapping_with_no_taskflow_operators.py
[2024-03-15T08:07:21.683+0000] {logging_mixin.py:188} INFO - [2024-03-15T08:07:21.683+0000] {dag.py:3047} INFO - Sync 1 DAGs
[2024-03-15T08:07:21.691+0000] {logging_mixin.py:188} INFO - [2024-03-15T08:07:21.691+0000] {dag.py:3834} INFO - Setting next_dagrun for example_dynamic_task_mapping_with_no_taskflow_operators to 2024-03-14 00:00:00+00:00, run_after=2024-03-15 00:00:00+00:00
[2024-03-15T08:07:21.697+0000] {processor.py:183} INFO - Processing /home/airflow/.local/lib/python3.8/site-packages/airflow/example_dags/example_dynamic_task_mapping_with_no_taskflow_operators.py took 0.027 seconds
[2024-03-15T08:07:51.975+0000] {processor.py:161} INFO - Started process (PID=374) to work on /home/airflow/.local/lib/python3.8/site-packages/airflow/example_dags/example_dynamic_task_mapping_with_no_taskflow_operators.py
[2024-03-15T08:07:51.976+0000] {processor.py:830} INFO - Processing file /home/airflow/.local/lib/python3.8/site-packages/airflow/example_dags/example_dynamic_task_mapping_with_no_taskflow_operators.py for tasks to queue
[2024-03-15T08:07:51.977+0000] {logging_mixin.py:188} INFO - [2024-03-15T08:07:51.976+0000] {dagbag.py:540} INFO - Filling up the DagBag from /home/airflow/.local/lib/python3.8/site-packages/airflow/example_dags/example_dynamic_task_mapping_with_no_taskflow_operators.py
[2024-03-15T08:07:51.979+0000] {processor.py:840} INFO - DAG(s) 'example_dynamic_task_mapping_with_no_taskflow_operators' retrieved from /home/airflow/.local/lib/python3.8/site-packages/airflow/example_dags/example_dynamic_task_mapping_with_no_taskflow_operators.py
[2024-03-15T08:07:51.988+0000] {logging_mixin.py:188} INFO - [2024-03-15T08:07:51.988+0000] {dag.py:3047} INFO - Sync 1 DAGs
[2024-03-15T08:07:51.996+0000] {logging_mixin.py:188} INFO - [2024-03-15T08:07:51.996+0000] {dag.py:3834} INFO - Setting next_dagrun for example_dynamic_task_mapping_with_no_taskflow_operators to 2024-03-14 00:00:00+00:00, run_after=2024-03-15 00:00:00+00:00
[2024-03-15T08:07:52.003+0000] {processor.py:183} INFO - Processing /home/airflow/.local/lib/python3.8/site-packages/airflow/example_dags/example_dynamic_task_mapping_with_no_taskflow_operators.py took 0.029 seconds
[2024-03-15T08:08:22.353+0000] {processor.py:161} INFO - Started process (PID=428) to work on /home/airflow/.local/lib/python3.8/site-packages/airflow/example_dags/example_dynamic_task_mapping_with_no_taskflow_operators.py
[2024-03-15T08:08:22.353+0000] {processor.py:830} INFO - Processing file /home/airflow/.local/lib/python3.8/site-packages/airflow/example_dags/example_dynamic_task_mapping_with_no_taskflow_operators.py for tasks to queue
[2024-03-15T08:08:22.354+0000] {logging_mixin.py:188} INFO - [2024-03-15T08:08:22.354+0000] {dagbag.py:540} INFO - Filling up the DagBag from /home/airflow/.local/lib/python3.8/site-packages/airflow/example_dags/example_dynamic_task_mapping_with_no_taskflow_operators.py
[2024-03-15T08:08:22.358+0000] {processor.py:840} INFO - DAG(s) 'example_dynamic_task_mapping_with_no_taskflow_operators' retrieved from /home/airflow/.local/lib/python3.8/site-packages/airflow/example_dags/example_dynamic_task_mapping_with_no_taskflow_operators.py
[2024-03-15T08:08:22.369+0000] {logging_mixin.py:188} INFO - [2024-03-15T08:08:22.368+0000] {dag.py:3047} INFO - Sync 1 DAGs
[2024-03-15T08:08:22.378+0000] {logging_mixin.py:188} INFO - [2024-03-15T08:08:22.377+0000] {dag.py:3834} INFO - Setting next_dagrun for example_dynamic_task_mapping_with_no_taskflow_operators to 2024-03-14 00:00:00+00:00, run_after=2024-03-15 00:00:00+00:00
[2024-03-15T08:08:22.385+0000] {processor.py:183} INFO - Processing /home/airflow/.local/lib/python3.8/site-packages/airflow/example_dags/example_dynamic_task_mapping_with_no_taskflow_operators.py took 0.034 seconds
[2024-03-15T08:08:52.669+0000] {processor.py:161} INFO - Started process (PID=483) to work on /home/airflow/.local/lib/python3.8/site-packages/airflow/example_dags/example_dynamic_task_mapping_with_no_taskflow_operators.py
[2024-03-15T08:08:52.669+0000] {processor.py:830} INFO - Processing file /home/airflow/.local/lib/python3.8/site-packages/airflow/example_dags/example_dynamic_task_mapping_with_no_taskflow_operators.py for tasks to queue
[2024-03-15T08:08:52.670+0000] {logging_mixin.py:188} INFO - [2024-03-15T08:08:52.670+0000] {dagbag.py:540} INFO - Filling up the DagBag from /home/airflow/.local/lib/python3.8/site-packages/airflow/example_dags/example_dynamic_task_mapping_with_no_taskflow_operators.py
[2024-03-15T08:08:52.672+0000] {processor.py:840} INFO - DAG(s) 'example_dynamic_task_mapping_with_no_taskflow_operators' retrieved from /home/airflow/.local/lib/python3.8/site-packages/airflow/example_dags/example_dynamic_task_mapping_with_no_taskflow_operators.py
[2024-03-15T08:08:52.680+0000] {logging_mixin.py:188} INFO - [2024-03-15T08:08:52.680+0000] {dag.py:3047} INFO - Sync 1 DAGs
[2024-03-15T08:08:52.687+0000] {logging_mixin.py:188} INFO - [2024-03-15T08:08:52.687+0000] {dag.py:3834} INFO - Setting next_dagrun for example_dynamic_task_mapping_with_no_taskflow_operators to 2024-03-14 00:00:00+00:00, run_after=2024-03-15 00:00:00+00:00
[2024-03-15T08:08:52.693+0000] {processor.py:183} INFO - Processing /home/airflow/.local/lib/python3.8/site-packages/airflow/example_dags/example_dynamic_task_mapping_with_no_taskflow_operators.py took 0.026 seconds
[2024-03-15T08:09:23.001+0000] {processor.py:161} INFO - Started process (PID=538) to work on /home/airflow/.local/lib/python3.8/site-packages/airflow/example_dags/example_dynamic_task_mapping_with_no_taskflow_operators.py
[2024-03-15T08:09:23.001+0000] {processor.py:830} INFO - Processing file /home/airflow/.local/lib/python3.8/site-packages/airflow/example_dags/example_dynamic_task_mapping_with_no_taskflow_operators.py for tasks to queue
[2024-03-15T08:09:23.002+0000] {logging_mixin.py:188} INFO - [2024-03-15T08:09:23.002+0000] {dagbag.py:540} INFO - Filling up the DagBag from /home/airflow/.local/lib/python3.8/site-packages/airflow/example_dags/example_dynamic_task_mapping_with_no_taskflow_operators.py
[2024-03-15T08:09:23.005+0000] {processor.py:840} INFO - DAG(s) 'example_dynamic_task_mapping_with_no_taskflow_operators' retrieved from /home/airflow/.local/lib/python3.8/site-packages/airflow/example_dags/example_dynamic_task_mapping_with_no_taskflow_operators.py
[2024-03-15T08:09:23.013+0000] {logging_mixin.py:188} INFO - [2024-03-15T08:09:23.013+0000] {dag.py:3047} INFO - Sync 1 DAGs
[2024-03-15T08:09:23.021+0000] {logging_mixin.py:188} INFO - [2024-03-15T08:09:23.021+0000] {dag.py:3834} INFO - Setting next_dagrun for example_dynamic_task_mapping_with_no_taskflow_operators to 2024-03-14 00:00:00+00:00, run_after=2024-03-15 00:00:00+00:00
[2024-03-15T08:09:23.028+0000] {processor.py:183} INFO - Processing /home/airflow/.local/lib/python3.8/site-packages/airflow/example_dags/example_dynamic_task_mapping_with_no_taskflow_operators.py took 0.030 seconds
[2024-03-15T08:09:53.543+0000] {processor.py:161} INFO - Started process (PID=593) to work on /home/airflow/.local/lib/python3.8/site-packages/airflow/example_dags/example_dynamic_task_mapping_with_no_taskflow_operators.py
[2024-03-15T08:09:53.544+0000] {processor.py:830} INFO - Processing file /home/airflow/.local/lib/python3.8/site-packages/airflow/example_dags/example_dynamic_task_mapping_with_no_taskflow_operators.py for tasks to queue
[2024-03-15T08:09:53.545+0000] {logging_mixin.py:188} INFO - [2024-03-15T08:09:53.545+0000] {dagbag.py:540} INFO - Filling up the DagBag from /home/airflow/.local/lib/python3.8/site-packages/airflow/example_dags/example_dynamic_task_mapping_with_no_taskflow_operators.py
[2024-03-15T08:09:53.548+0000] {processor.py:840} INFO - DAG(s) 'example_dynamic_task_mapping_with_no_taskflow_operators' retrieved from /home/airflow/.local/lib/python3.8/site-packages/airflow/example_dags/example_dynamic_task_mapping_with_no_taskflow_operators.py
[2024-03-15T08:09:53.557+0000] {logging_mixin.py:188} INFO - [2024-03-15T08:09:53.557+0000] {dag.py:3047} INFO - Sync 1 DAGs
[2024-03-15T08:09:53.565+0000] {logging_mixin.py:188} INFO - [2024-03-15T08:09:53.565+0000] {dag.py:3834} INFO - Setting next_dagrun for example_dynamic_task_mapping_with_no_taskflow_operators to 2024-03-14 00:00:00+00:00, run_after=2024-03-15 00:00:00+00:00
[2024-03-15T08:09:53.572+0000] {processor.py:183} INFO - Processing /home/airflow/.local/lib/python3.8/site-packages/airflow/example_dags/example_dynamic_task_mapping_with_no_taskflow_operators.py took 0.030 seconds
[2024-03-15T08:10:23.921+0000] {processor.py:161} INFO - Started process (PID=648) to work on /home/airflow/.local/lib/python3.8/site-packages/airflow/example_dags/example_dynamic_task_mapping_with_no_taskflow_operators.py
[2024-03-15T08:10:23.922+0000] {processor.py:830} INFO - Processing file /home/airflow/.local/lib/python3.8/site-packages/airflow/example_dags/example_dynamic_task_mapping_with_no_taskflow_operators.py for tasks to queue
[2024-03-15T08:10:23.923+0000] {logging_mixin.py:188} INFO - [2024-03-15T08:10:23.923+0000] {dagbag.py:540} INFO - Filling up the DagBag from /home/airflow/.local/lib/python3.8/site-packages/airflow/example_dags/example_dynamic_task_mapping_with_no_taskflow_operators.py
[2024-03-15T08:10:23.925+0000] {processor.py:840} INFO - DAG(s) 'example_dynamic_task_mapping_with_no_taskflow_operators' retrieved from /home/airflow/.local/lib/python3.8/site-packages/airflow/example_dags/example_dynamic_task_mapping_with_no_taskflow_operators.py
[2024-03-15T08:10:23.933+0000] {logging_mixin.py:188} INFO - [2024-03-15T08:10:23.933+0000] {dag.py:3047} INFO - Sync 1 DAGs
[2024-03-15T08:10:23.941+0000] {logging_mixin.py:188} INFO - [2024-03-15T08:10:23.941+0000] {dag.py:3834} INFO - Setting next_dagrun for example_dynamic_task_mapping_with_no_taskflow_operators to 2024-03-14 00:00:00+00:00, run_after=2024-03-15 00:00:00+00:00
[2024-03-15T08:10:23.947+0000] {processor.py:183} INFO - Processing /home/airflow/.local/lib/python3.8/site-packages/airflow/example_dags/example_dynamic_task_mapping_with_no_taskflow_operators.py took 0.027 seconds
[2024-03-15T08:10:54.281+0000] {processor.py:161} INFO - Started process (PID=703) to work on /home/airflow/.local/lib/python3.8/site-packages/airflow/example_dags/example_dynamic_task_mapping_with_no_taskflow_operators.py
[2024-03-15T08:10:54.281+0000] {processor.py:830} INFO - Processing file /home/airflow/.local/lib/python3.8/site-packages/airflow/example_dags/example_dynamic_task_mapping_with_no_taskflow_operators.py for tasks to queue
[2024-03-15T08:10:54.282+0000] {logging_mixin.py:188} INFO - [2024-03-15T08:10:54.282+0000] {dagbag.py:540} INFO - Filling up the DagBag from /home/airflow/.local/lib/python3.8/site-packages/airflow/example_dags/example_dynamic_task_mapping_with_no_taskflow_operators.py
[2024-03-15T08:10:54.285+0000] {processor.py:840} INFO - DAG(s) 'example_dynamic_task_mapping_with_no_taskflow_operators' retrieved from /home/airflow/.local/lib/python3.8/site-packages/airflow/example_dags/example_dynamic_task_mapping_with_no_taskflow_operators.py
[2024-03-15T08:10:54.292+0000] {logging_mixin.py:188} INFO - [2024-03-15T08:10:54.292+0000] {dag.py:3047} INFO - Sync 1 DAGs
[2024-03-15T08:10:54.301+0000] {logging_mixin.py:188} INFO - [2024-03-15T08:10:54.301+0000] {dag.py:3834} INFO - Setting next_dagrun for example_dynamic_task_mapping_with_no_taskflow_operators to 2024-03-14 00:00:00+00:00, run_after=2024-03-15 00:00:00+00:00
[2024-03-15T08:10:54.307+0000] {processor.py:183} INFO - Processing /home/airflow/.local/lib/python3.8/site-packages/airflow/example_dags/example_dynamic_task_mapping_with_no_taskflow_operators.py took 0.028 seconds
[2024-03-15T08:11:24.590+0000] {processor.py:161} INFO - Started process (PID=758) to work on /home/airflow/.local/lib/python3.8/site-packages/airflow/example_dags/example_dynamic_task_mapping_with_no_taskflow_operators.py
[2024-03-15T08:11:24.591+0000] {processor.py:830} INFO - Processing file /home/airflow/.local/lib/python3.8/site-packages/airflow/example_dags/example_dynamic_task_mapping_with_no_taskflow_operators.py for tasks to queue
[2024-03-15T08:11:24.592+0000] {logging_mixin.py:188} INFO - [2024-03-15T08:11:24.591+0000] {dagbag.py:540} INFO - Filling up the DagBag from /home/airflow/.local/lib/python3.8/site-packages/airflow/example_dags/example_dynamic_task_mapping_with_no_taskflow_operators.py
[2024-03-15T08:11:24.597+0000] {processor.py:840} INFO - DAG(s) 'example_dynamic_task_mapping_with_no_taskflow_operators' retrieved from /home/airflow/.local/lib/python3.8/site-packages/airflow/example_dags/example_dynamic_task_mapping_with_no_taskflow_operators.py
[2024-03-15T08:11:24.610+0000] {logging_mixin.py:188} INFO - [2024-03-15T08:11:24.609+0000] {dag.py:3047} INFO - Sync 1 DAGs
[2024-03-15T08:11:24.624+0000] {logging_mixin.py:188} INFO - [2024-03-15T08:11:24.623+0000] {dag.py:3834} INFO - Setting next_dagrun for example_dynamic_task_mapping_with_no_taskflow_operators to 2024-03-14 00:00:00+00:00, run_after=2024-03-15 00:00:00+00:00
[2024-03-15T08:11:24.633+0000] {processor.py:183} INFO - Processing /home/airflow/.local/lib/python3.8/site-packages/airflow/example_dags/example_dynamic_task_mapping_with_no_taskflow_operators.py took 0.045 seconds
[2024-03-15T08:11:55.205+0000] {processor.py:161} INFO - Started process (PID=813) to work on /home/airflow/.local/lib/python3.8/site-packages/airflow/example_dags/example_dynamic_task_mapping_with_no_taskflow_operators.py
[2024-03-15T08:11:55.205+0000] {processor.py:830} INFO - Processing file /home/airflow/.local/lib/python3.8/site-packages/airflow/example_dags/example_dynamic_task_mapping_with_no_taskflow_operators.py for tasks to queue
[2024-03-15T08:11:55.206+0000] {logging_mixin.py:188} INFO - [2024-03-15T08:11:55.206+0000] {dagbag.py:540} INFO - Filling up the DagBag from /home/airflow/.local/lib/python3.8/site-packages/airflow/example_dags/example_dynamic_task_mapping_with_no_taskflow_operators.py
[2024-03-15T08:11:55.209+0000] {processor.py:840} INFO - DAG(s) 'example_dynamic_task_mapping_with_no_taskflow_operators' retrieved from /home/airflow/.local/lib/python3.8/site-packages/airflow/example_dags/example_dynamic_task_mapping_with_no_taskflow_operators.py
[2024-03-15T08:11:55.218+0000] {logging_mixin.py:188} INFO - [2024-03-15T08:11:55.217+0000] {dag.py:3047} INFO - Sync 1 DAGs
[2024-03-15T08:11:55.228+0000] {logging_mixin.py:188} INFO - [2024-03-15T08:11:55.228+0000] {dag.py:3834} INFO - Setting next_dagrun for example_dynamic_task_mapping_with_no_taskflow_operators to 2024-03-14 00:00:00+00:00, run_after=2024-03-15 00:00:00+00:00
[2024-03-15T08:11:55.235+0000] {processor.py:183} INFO - Processing /home/airflow/.local/lib/python3.8/site-packages/airflow/example_dags/example_dynamic_task_mapping_with_no_taskflow_operators.py took 0.032 seconds
[2024-03-15T08:12:25.770+0000] {processor.py:161} INFO - Started process (PID=868) to work on /home/airflow/.local/lib/python3.8/site-packages/airflow/example_dags/example_dynamic_task_mapping_with_no_taskflow_operators.py
[2024-03-15T08:12:25.771+0000] {processor.py:830} INFO - Processing file /home/airflow/.local/lib/python3.8/site-packages/airflow/example_dags/example_dynamic_task_mapping_with_no_taskflow_operators.py for tasks to queue
[2024-03-15T08:12:25.772+0000] {logging_mixin.py:188} INFO - [2024-03-15T08:12:25.772+0000] {dagbag.py:540} INFO - Filling up the DagBag from /home/airflow/.local/lib/python3.8/site-packages/airflow/example_dags/example_dynamic_task_mapping_with_no_taskflow_operators.py
[2024-03-15T08:12:25.776+0000] {processor.py:840} INFO - DAG(s) 'example_dynamic_task_mapping_with_no_taskflow_operators' retrieved from /home/airflow/.local/lib/python3.8/site-packages/airflow/example_dags/example_dynamic_task_mapping_with_no_taskflow_operators.py
[2024-03-15T08:12:25.787+0000] {logging_mixin.py:188} INFO - [2024-03-15T08:12:25.786+0000] {dag.py:3047} INFO - Sync 1 DAGs
[2024-03-15T08:12:25.796+0000] {logging_mixin.py:188} INFO - [2024-03-15T08:12:25.796+0000] {dag.py:3834} INFO - Setting next_dagrun for example_dynamic_task_mapping_with_no_taskflow_operators to 2024-03-14 00:00:00+00:00, run_after=2024-03-15 00:00:00+00:00
[2024-03-15T08:12:25.802+0000] {processor.py:183} INFO - Processing /home/airflow/.local/lib/python3.8/site-packages/airflow/example_dags/example_dynamic_task_mapping_with_no_taskflow_operators.py took 0.034 seconds
[2024-03-15T08:12:56.166+0000] {processor.py:161} INFO - Started process (PID=923) to work on /home/airflow/.local/lib/python3.8/site-packages/airflow/example_dags/example_dynamic_task_mapping_with_no_taskflow_operators.py
[2024-03-15T08:12:56.166+0000] {processor.py:830} INFO - Processing file /home/airflow/.local/lib/python3.8/site-packages/airflow/example_dags/example_dynamic_task_mapping_with_no_taskflow_operators.py for tasks to queue
[2024-03-15T08:12:56.167+0000] {logging_mixin.py:188} INFO - [2024-03-15T08:12:56.167+0000] {dagbag.py:540} INFO - Filling up the DagBag from /home/airflow/.local/lib/python3.8/site-packages/airflow/example_dags/example_dynamic_task_mapping_with_no_taskflow_operators.py
[2024-03-15T08:12:56.170+0000] {processor.py:840} INFO - DAG(s) 'example_dynamic_task_mapping_with_no_taskflow_operators' retrieved from /home/airflow/.local/lib/python3.8/site-packages/airflow/example_dags/example_dynamic_task_mapping_with_no_taskflow_operators.py
[2024-03-15T08:12:56.178+0000] {logging_mixin.py:188} INFO - [2024-03-15T08:12:56.177+0000] {dag.py:3047} INFO - Sync 1 DAGs
[2024-03-15T08:12:56.186+0000] {logging_mixin.py:188} INFO - [2024-03-15T08:12:56.186+0000] {dag.py:3834} INFO - Setting next_dagrun for example_dynamic_task_mapping_with_no_taskflow_operators to 2024-03-14 00:00:00+00:00, run_after=2024-03-15 00:00:00+00:00
[2024-03-15T08:12:56.192+0000] {processor.py:183} INFO - Processing /home/airflow/.local/lib/python3.8/site-packages/airflow/example_dags/example_dynamic_task_mapping_with_no_taskflow_operators.py took 0.028 seconds
[2024-03-15T08:13:26.419+0000] {processor.py:161} INFO - Started process (PID=978) to work on /home/airflow/.local/lib/python3.8/site-packages/airflow/example_dags/example_dynamic_task_mapping_with_no_taskflow_operators.py
[2024-03-15T08:13:26.420+0000] {processor.py:830} INFO - Processing file /home/airflow/.local/lib/python3.8/site-packages/airflow/example_dags/example_dynamic_task_mapping_with_no_taskflow_operators.py for tasks to queue
[2024-03-15T08:13:26.420+0000] {logging_mixin.py:188} INFO - [2024-03-15T08:13:26.420+0000] {dagbag.py:540} INFO - Filling up the DagBag from /home/airflow/.local/lib/python3.8/site-packages/airflow/example_dags/example_dynamic_task_mapping_with_no_taskflow_operators.py
[2024-03-15T08:13:26.423+0000] {processor.py:840} INFO - DAG(s) 'example_dynamic_task_mapping_with_no_taskflow_operators' retrieved from /home/airflow/.local/lib/python3.8/site-packages/airflow/example_dags/example_dynamic_task_mapping_with_no_taskflow_operators.py
[2024-03-15T08:13:26.430+0000] {logging_mixin.py:188} INFO - [2024-03-15T08:13:26.430+0000] {dag.py:3047} INFO - Sync 1 DAGs
[2024-03-15T08:13:26.438+0000] {logging_mixin.py:188} INFO - [2024-03-15T08:13:26.438+0000] {dag.py:3834} INFO - Setting next_dagrun for example_dynamic_task_mapping_with_no_taskflow_operators to 2024-03-14 00:00:00+00:00, run_after=2024-03-15 00:00:00+00:00
[2024-03-15T08:13:26.443+0000] {processor.py:183} INFO - Processing /home/airflow/.local/lib/python3.8/site-packages/airflow/example_dags/example_dynamic_task_mapping_with_no_taskflow_operators.py took 0.025 seconds
[2024-03-15T08:13:56.747+0000] {processor.py:161} INFO - Started process (PID=1033) to work on /home/airflow/.local/lib/python3.8/site-packages/airflow/example_dags/example_dynamic_task_mapping_with_no_taskflow_operators.py
[2024-03-15T08:13:56.748+0000] {processor.py:830} INFO - Processing file /home/airflow/.local/lib/python3.8/site-packages/airflow/example_dags/example_dynamic_task_mapping_with_no_taskflow_operators.py for tasks to queue
[2024-03-15T08:13:56.748+0000] {logging_mixin.py:188} INFO - [2024-03-15T08:13:56.748+0000] {dagbag.py:540} INFO - Filling up the DagBag from /home/airflow/.local/lib/python3.8/site-packages/airflow/example_dags/example_dynamic_task_mapping_with_no_taskflow_operators.py
[2024-03-15T08:13:56.751+0000] {processor.py:840} INFO - DAG(s) 'example_dynamic_task_mapping_with_no_taskflow_operators' retrieved from /home/airflow/.local/lib/python3.8/site-packages/airflow/example_dags/example_dynamic_task_mapping_with_no_taskflow_operators.py
[2024-03-15T08:13:56.758+0000] {logging_mixin.py:188} INFO - [2024-03-15T08:13:56.758+0000] {dag.py:3047} INFO - Sync 1 DAGs
[2024-03-15T08:13:56.767+0000] {logging_mixin.py:188} INFO - [2024-03-15T08:13:56.766+0000] {dag.py:3834} INFO - Setting next_dagrun for example_dynamic_task_mapping_with_no_taskflow_operators to 2024-03-14 00:00:00+00:00, run_after=2024-03-15 00:00:00+00:00
[2024-03-15T08:13:56.774+0000] {processor.py:183} INFO - Processing /home/airflow/.local/lib/python3.8/site-packages/airflow/example_dags/example_dynamic_task_mapping_with_no_taskflow_operators.py took 0.028 seconds
[2024-03-15T08:14:27.040+0000] {processor.py:161} INFO - Started process (PID=1088) to work on /home/airflow/.local/lib/python3.8/site-packages/airflow/example_dags/example_dynamic_task_mapping_with_no_taskflow_operators.py
[2024-03-15T08:14:27.041+0000] {processor.py:830} INFO - Processing file /home/airflow/.local/lib/python3.8/site-packages/airflow/example_dags/example_dynamic_task_mapping_with_no_taskflow_operators.py for tasks to queue
[2024-03-15T08:14:27.041+0000] {logging_mixin.py:188} INFO - [2024-03-15T08:14:27.041+0000] {dagbag.py:540} INFO - Filling up the DagBag from /home/airflow/.local/lib/python3.8/site-packages/airflow/example_dags/example_dynamic_task_mapping_with_no_taskflow_operators.py
[2024-03-15T08:14:27.044+0000] {processor.py:840} INFO - DAG(s) 'example_dynamic_task_mapping_with_no_taskflow_operators' retrieved from /home/airflow/.local/lib/python3.8/site-packages/airflow/example_dags/example_dynamic_task_mapping_with_no_taskflow_operators.py
[2024-03-15T08:14:27.051+0000] {logging_mixin.py:188} INFO - [2024-03-15T08:14:27.051+0000] {dag.py:3047} INFO - Sync 1 DAGs
[2024-03-15T08:14:27.059+0000] {logging_mixin.py:188} INFO - [2024-03-15T08:14:27.059+0000] {dag.py:3834} INFO - Setting next_dagrun for example_dynamic_task_mapping_with_no_taskflow_operators to 2024-03-14 00:00:00+00:00, run_after=2024-03-15 00:00:00+00:00
[2024-03-15T08:14:27.066+0000] {processor.py:183} INFO - Processing /home/airflow/.local/lib/python3.8/site-packages/airflow/example_dags/example_dynamic_task_mapping_with_no_taskflow_operators.py took 0.027 seconds
[2024-03-15T08:14:57.392+0000] {processor.py:161} INFO - Started process (PID=1143) to work on /home/airflow/.local/lib/python3.8/site-packages/airflow/example_dags/example_dynamic_task_mapping_with_no_taskflow_operators.py
[2024-03-15T08:14:57.392+0000] {processor.py:830} INFO - Processing file /home/airflow/.local/lib/python3.8/site-packages/airflow/example_dags/example_dynamic_task_mapping_with_no_taskflow_operators.py for tasks to queue
[2024-03-15T08:14:57.393+0000] {logging_mixin.py:188} INFO - [2024-03-15T08:14:57.393+0000] {dagbag.py:540} INFO - Filling up the DagBag from /home/airflow/.local/lib/python3.8/site-packages/airflow/example_dags/example_dynamic_task_mapping_with_no_taskflow_operators.py
[2024-03-15T08:14:57.396+0000] {processor.py:840} INFO - DAG(s) 'example_dynamic_task_mapping_with_no_taskflow_operators' retrieved from /home/airflow/.local/lib/python3.8/site-packages/airflow/example_dags/example_dynamic_task_mapping_with_no_taskflow_operators.py
[2024-03-15T08:14:57.405+0000] {logging_mixin.py:188} INFO - [2024-03-15T08:14:57.405+0000] {dag.py:3047} INFO - Sync 1 DAGs
[2024-03-15T08:14:57.414+0000] {logging_mixin.py:188} INFO - [2024-03-15T08:14:57.414+0000] {dag.py:3834} INFO - Setting next_dagrun for example_dynamic_task_mapping_with_no_taskflow_operators to 2024-03-14 00:00:00+00:00, run_after=2024-03-15 00:00:00+00:00
[2024-03-15T08:14:57.421+0000] {processor.py:183} INFO - Processing /home/airflow/.local/lib/python3.8/site-packages/airflow/example_dags/example_dynamic_task_mapping_with_no_taskflow_operators.py took 0.030 seconds
[2024-03-15T08:15:27.779+0000] {processor.py:161} INFO - Started process (PID=1198) to work on /home/airflow/.local/lib/python3.8/site-packages/airflow/example_dags/example_dynamic_task_mapping_with_no_taskflow_operators.py
[2024-03-15T08:15:27.780+0000] {processor.py:830} INFO - Processing file /home/airflow/.local/lib/python3.8/site-packages/airflow/example_dags/example_dynamic_task_mapping_with_no_taskflow_operators.py for tasks to queue
[2024-03-15T08:15:27.781+0000] {logging_mixin.py:188} INFO - [2024-03-15T08:15:27.781+0000] {dagbag.py:540} INFO - Filling up the DagBag from /home/airflow/.local/lib/python3.8/site-packages/airflow/example_dags/example_dynamic_task_mapping_with_no_taskflow_operators.py
[2024-03-15T08:15:27.785+0000] {processor.py:840} INFO - DAG(s) 'example_dynamic_task_mapping_with_no_taskflow_operators' retrieved from /home/airflow/.local/lib/python3.8/site-packages/airflow/example_dags/example_dynamic_task_mapping_with_no_taskflow_operators.py
[2024-03-15T08:15:27.796+0000] {logging_mixin.py:188} INFO - [2024-03-15T08:15:27.796+0000] {dag.py:3047} INFO - Sync 1 DAGs
[2024-03-15T08:15:27.807+0000] {logging_mixin.py:188} INFO - [2024-03-15T08:15:27.807+0000] {dag.py:3834} INFO - Setting next_dagrun for example_dynamic_task_mapping_with_no_taskflow_operators to 2024-03-14 00:00:00+00:00, run_after=2024-03-15 00:00:00+00:00
[2024-03-15T08:15:27.818+0000] {processor.py:183} INFO - Processing /home/airflow/.local/lib/python3.8/site-packages/airflow/example_dags/example_dynamic_task_mapping_with_no_taskflow_operators.py took 0.041 seconds
[2024-03-15T08:15:58.188+0000] {processor.py:161} INFO - Started process (PID=1253) to work on /home/airflow/.local/lib/python3.8/site-packages/airflow/example_dags/example_dynamic_task_mapping_with_no_taskflow_operators.py
[2024-03-15T08:15:58.188+0000] {processor.py:830} INFO - Processing file /home/airflow/.local/lib/python3.8/site-packages/airflow/example_dags/example_dynamic_task_mapping_with_no_taskflow_operators.py for tasks to queue
[2024-03-15T08:15:58.190+0000] {logging_mixin.py:188} INFO - [2024-03-15T08:15:58.189+0000] {dagbag.py:540} INFO - Filling up the DagBag from /home/airflow/.local/lib/python3.8/site-packages/airflow/example_dags/example_dynamic_task_mapping_with_no_taskflow_operators.py
[2024-03-15T08:15:58.194+0000] {processor.py:840} INFO - DAG(s) 'example_dynamic_task_mapping_with_no_taskflow_operators' retrieved from /home/airflow/.local/lib/python3.8/site-packages/airflow/example_dags/example_dynamic_task_mapping_with_no_taskflow_operators.py
[2024-03-15T08:15:58.205+0000] {logging_mixin.py:188} INFO - [2024-03-15T08:15:58.204+0000] {dag.py:3047} INFO - Sync 1 DAGs
[2024-03-15T08:15:58.215+0000] {logging_mixin.py:188} INFO - [2024-03-15T08:15:58.215+0000] {dag.py:3834} INFO - Setting next_dagrun for example_dynamic_task_mapping_with_no_taskflow_operators to 2024-03-14 00:00:00+00:00, run_after=2024-03-15 00:00:00+00:00
[2024-03-15T08:15:58.224+0000] {processor.py:183} INFO - Processing /home/airflow/.local/lib/python3.8/site-packages/airflow/example_dags/example_dynamic_task_mapping_with_no_taskflow_operators.py took 0.038 seconds
[2024-03-15T08:16:28.553+0000] {processor.py:161} INFO - Started process (PID=1308) to work on /home/airflow/.local/lib/python3.8/site-packages/airflow/example_dags/example_dynamic_task_mapping_with_no_taskflow_operators.py
[2024-03-15T08:16:28.554+0000] {processor.py:830} INFO - Processing file /home/airflow/.local/lib/python3.8/site-packages/airflow/example_dags/example_dynamic_task_mapping_with_no_taskflow_operators.py for tasks to queue
[2024-03-15T08:16:28.554+0000] {logging_mixin.py:188} INFO - [2024-03-15T08:16:28.554+0000] {dagbag.py:540} INFO - Filling up the DagBag from /home/airflow/.local/lib/python3.8/site-packages/airflow/example_dags/example_dynamic_task_mapping_with_no_taskflow_operators.py
[2024-03-15T08:16:28.557+0000] {processor.py:840} INFO - DAG(s) 'example_dynamic_task_mapping_with_no_taskflow_operators' retrieved from /home/airflow/.local/lib/python3.8/site-packages/airflow/example_dags/example_dynamic_task_mapping_with_no_taskflow_operators.py
[2024-03-15T08:16:28.565+0000] {logging_mixin.py:188} INFO - [2024-03-15T08:16:28.565+0000] {dag.py:3047} INFO - Sync 1 DAGs
[2024-03-15T08:16:28.572+0000] {logging_mixin.py:188} INFO - [2024-03-15T08:16:28.572+0000] {dag.py:3834} INFO - Setting next_dagrun for example_dynamic_task_mapping_with_no_taskflow_operators to 2024-03-14 00:00:00+00:00, run_after=2024-03-15 00:00:00+00:00
[2024-03-15T08:16:28.578+0000] {processor.py:183} INFO - Processing /home/airflow/.local/lib/python3.8/site-packages/airflow/example_dags/example_dynamic_task_mapping_with_no_taskflow_operators.py took 0.026 seconds
[2024-03-15T08:16:58.852+0000] {processor.py:161} INFO - Started process (PID=1363) to work on /home/airflow/.local/lib/python3.8/site-packages/airflow/example_dags/example_dynamic_task_mapping_with_no_taskflow_operators.py
[2024-03-15T08:16:58.852+0000] {processor.py:830} INFO - Processing file /home/airflow/.local/lib/python3.8/site-packages/airflow/example_dags/example_dynamic_task_mapping_with_no_taskflow_operators.py for tasks to queue
[2024-03-15T08:16:58.853+0000] {logging_mixin.py:188} INFO - [2024-03-15T08:16:58.853+0000] {dagbag.py:540} INFO - Filling up the DagBag from /home/airflow/.local/lib/python3.8/site-packages/airflow/example_dags/example_dynamic_task_mapping_with_no_taskflow_operators.py
[2024-03-15T08:16:58.856+0000] {processor.py:840} INFO - DAG(s) 'example_dynamic_task_mapping_with_no_taskflow_operators' retrieved from /home/airflow/.local/lib/python3.8/site-packages/airflow/example_dags/example_dynamic_task_mapping_with_no_taskflow_operators.py
[2024-03-15T08:16:58.863+0000] {logging_mixin.py:188} INFO - [2024-03-15T08:16:58.863+0000] {dag.py:3047} INFO - Sync 1 DAGs
[2024-03-15T08:16:58.871+0000] {logging_mixin.py:188} INFO - [2024-03-15T08:16:58.871+0000] {dag.py:3834} INFO - Setting next_dagrun for example_dynamic_task_mapping_with_no_taskflow_operators to 2024-03-14 00:00:00+00:00, run_after=2024-03-15 00:00:00+00:00
[2024-03-15T08:16:58.878+0000] {processor.py:183} INFO - Processing /home/airflow/.local/lib/python3.8/site-packages/airflow/example_dags/example_dynamic_task_mapping_with_no_taskflow_operators.py took 0.028 seconds
[2024-03-15T08:17:29.264+0000] {processor.py:161} INFO - Started process (PID=1418) to work on /home/airflow/.local/lib/python3.8/site-packages/airflow/example_dags/example_dynamic_task_mapping_with_no_taskflow_operators.py
[2024-03-15T08:17:29.264+0000] {processor.py:830} INFO - Processing file /home/airflow/.local/lib/python3.8/site-packages/airflow/example_dags/example_dynamic_task_mapping_with_no_taskflow_operators.py for tasks to queue
[2024-03-15T08:17:29.265+0000] {logging_mixin.py:188} INFO - [2024-03-15T08:17:29.265+0000] {dagbag.py:540} INFO - Filling up the DagBag from /home/airflow/.local/lib/python3.8/site-packages/airflow/example_dags/example_dynamic_task_mapping_with_no_taskflow_operators.py
[2024-03-15T08:17:29.267+0000] {processor.py:840} INFO - DAG(s) 'example_dynamic_task_mapping_with_no_taskflow_operators' retrieved from /home/airflow/.local/lib/python3.8/site-packages/airflow/example_dags/example_dynamic_task_mapping_with_no_taskflow_operators.py
[2024-03-15T08:17:29.275+0000] {logging_mixin.py:188} INFO - [2024-03-15T08:17:29.275+0000] {dag.py:3047} INFO - Sync 1 DAGs
[2024-03-15T08:17:29.282+0000] {logging_mixin.py:188} INFO - [2024-03-15T08:17:29.282+0000] {dag.py:3834} INFO - Setting next_dagrun for example_dynamic_task_mapping_with_no_taskflow_operators to 2024-03-14 00:00:00+00:00, run_after=2024-03-15 00:00:00+00:00
[2024-03-15T08:17:29.288+0000] {processor.py:183} INFO - Processing /home/airflow/.local/lib/python3.8/site-packages/airflow/example_dags/example_dynamic_task_mapping_with_no_taskflow_operators.py took 0.026 seconds
[2024-03-15T08:17:59.583+0000] {processor.py:161} INFO - Started process (PID=1473) to work on /home/airflow/.local/lib/python3.8/site-packages/airflow/example_dags/example_dynamic_task_mapping_with_no_taskflow_operators.py
[2024-03-15T08:17:59.583+0000] {processor.py:830} INFO - Processing file /home/airflow/.local/lib/python3.8/site-packages/airflow/example_dags/example_dynamic_task_mapping_with_no_taskflow_operators.py for tasks to queue
[2024-03-15T08:17:59.584+0000] {logging_mixin.py:188} INFO - [2024-03-15T08:17:59.584+0000] {dagbag.py:540} INFO - Filling up the DagBag from /home/airflow/.local/lib/python3.8/site-packages/airflow/example_dags/example_dynamic_task_mapping_with_no_taskflow_operators.py
[2024-03-15T08:17:59.587+0000] {processor.py:840} INFO - DAG(s) 'example_dynamic_task_mapping_with_no_taskflow_operators' retrieved from /home/airflow/.local/lib/python3.8/site-packages/airflow/example_dags/example_dynamic_task_mapping_with_no_taskflow_operators.py
[2024-03-15T08:17:59.594+0000] {logging_mixin.py:188} INFO - [2024-03-15T08:17:59.594+0000] {dag.py:3047} INFO - Sync 1 DAGs
[2024-03-15T08:17:59.602+0000] {logging_mixin.py:188} INFO - [2024-03-15T08:17:59.602+0000] {dag.py:3834} INFO - Setting next_dagrun for example_dynamic_task_mapping_with_no_taskflow_operators to 2024-03-14 00:00:00+00:00, run_after=2024-03-15 00:00:00+00:00
[2024-03-15T08:17:59.607+0000] {processor.py:183} INFO - Processing /home/airflow/.local/lib/python3.8/site-packages/airflow/example_dags/example_dynamic_task_mapping_with_no_taskflow_operators.py took 0.026 seconds
[2024-03-15T08:18:29.941+0000] {processor.py:161} INFO - Started process (PID=1528) to work on /home/airflow/.local/lib/python3.8/site-packages/airflow/example_dags/example_dynamic_task_mapping_with_no_taskflow_operators.py
[2024-03-15T08:18:29.942+0000] {processor.py:830} INFO - Processing file /home/airflow/.local/lib/python3.8/site-packages/airflow/example_dags/example_dynamic_task_mapping_with_no_taskflow_operators.py for tasks to queue
[2024-03-15T08:18:29.943+0000] {logging_mixin.py:188} INFO - [2024-03-15T08:18:29.942+0000] {dagbag.py:540} INFO - Filling up the DagBag from /home/airflow/.local/lib/python3.8/site-packages/airflow/example_dags/example_dynamic_task_mapping_with_no_taskflow_operators.py
[2024-03-15T08:18:29.946+0000] {processor.py:840} INFO - DAG(s) 'example_dynamic_task_mapping_with_no_taskflow_operators' retrieved from /home/airflow/.local/lib/python3.8/site-packages/airflow/example_dags/example_dynamic_task_mapping_with_no_taskflow_operators.py
[2024-03-15T08:18:29.954+0000] {logging_mixin.py:188} INFO - [2024-03-15T08:18:29.954+0000] {dag.py:3047} INFO - Sync 1 DAGs
[2024-03-15T08:18:29.963+0000] {logging_mixin.py:188} INFO - [2024-03-15T08:18:29.963+0000] {dag.py:3834} INFO - Setting next_dagrun for example_dynamic_task_mapping_with_no_taskflow_operators to 2024-03-14 00:00:00+00:00, run_after=2024-03-15 00:00:00+00:00
[2024-03-15T08:18:29.970+0000] {processor.py:183} INFO - Processing /home/airflow/.local/lib/python3.8/site-packages/airflow/example_dags/example_dynamic_task_mapping_with_no_taskflow_operators.py took 0.030 seconds
[2024-03-15T08:19:00.390+0000] {processor.py:161} INFO - Started process (PID=1583) to work on /home/airflow/.local/lib/python3.8/site-packages/airflow/example_dags/example_dynamic_task_mapping_with_no_taskflow_operators.py
[2024-03-15T08:19:00.391+0000] {processor.py:830} INFO - Processing file /home/airflow/.local/lib/python3.8/site-packages/airflow/example_dags/example_dynamic_task_mapping_with_no_taskflow_operators.py for tasks to queue
[2024-03-15T08:19:00.392+0000] {logging_mixin.py:188} INFO - [2024-03-15T08:19:00.391+0000] {dagbag.py:540} INFO - Filling up the DagBag from /home/airflow/.local/lib/python3.8/site-packages/airflow/example_dags/example_dynamic_task_mapping_with_no_taskflow_operators.py
[2024-03-15T08:19:00.394+0000] {processor.py:840} INFO - DAG(s) 'example_dynamic_task_mapping_with_no_taskflow_operators' retrieved from /home/airflow/.local/lib/python3.8/site-packages/airflow/example_dags/example_dynamic_task_mapping_with_no_taskflow_operators.py
[2024-03-15T08:19:00.402+0000] {logging_mixin.py:188} INFO - [2024-03-15T08:19:00.401+0000] {dag.py:3047} INFO - Sync 1 DAGs
[2024-03-15T08:19:00.409+0000] {logging_mixin.py:188} INFO - [2024-03-15T08:19:00.409+0000] {dag.py:3834} INFO - Setting next_dagrun for example_dynamic_task_mapping_with_no_taskflow_operators to 2024-03-14 00:00:00+00:00, run_after=2024-03-15 00:00:00+00:00
[2024-03-15T08:19:00.415+0000] {processor.py:183} INFO - Processing /home/airflow/.local/lib/python3.8/site-packages/airflow/example_dags/example_dynamic_task_mapping_with_no_taskflow_operators.py took 0.025 seconds
[2024-03-15T08:19:30.653+0000] {processor.py:161} INFO - Started process (PID=1638) to work on /home/airflow/.local/lib/python3.8/site-packages/airflow/example_dags/example_dynamic_task_mapping_with_no_taskflow_operators.py
[2024-03-15T08:19:30.653+0000] {processor.py:830} INFO - Processing file /home/airflow/.local/lib/python3.8/site-packages/airflow/example_dags/example_dynamic_task_mapping_with_no_taskflow_operators.py for tasks to queue
[2024-03-15T08:19:30.654+0000] {logging_mixin.py:188} INFO - [2024-03-15T08:19:30.654+0000] {dagbag.py:540} INFO - Filling up the DagBag from /home/airflow/.local/lib/python3.8/site-packages/airflow/example_dags/example_dynamic_task_mapping_with_no_taskflow_operators.py
[2024-03-15T08:19:30.657+0000] {processor.py:840} INFO - DAG(s) 'example_dynamic_task_mapping_with_no_taskflow_operators' retrieved from /home/airflow/.local/lib/python3.8/site-packages/airflow/example_dags/example_dynamic_task_mapping_with_no_taskflow_operators.py
[2024-03-15T08:19:30.665+0000] {logging_mixin.py:188} INFO - [2024-03-15T08:19:30.665+0000] {dag.py:3047} INFO - Sync 1 DAGs
[2024-03-15T08:19:30.673+0000] {logging_mixin.py:188} INFO - [2024-03-15T08:19:30.673+0000] {dag.py:3834} INFO - Setting next_dagrun for example_dynamic_task_mapping_with_no_taskflow_operators to 2024-03-14 00:00:00+00:00, run_after=2024-03-15 00:00:00+00:00
[2024-03-15T08:19:30.680+0000] {processor.py:183} INFO - Processing /home/airflow/.local/lib/python3.8/site-packages/airflow/example_dags/example_dynamic_task_mapping_with_no_taskflow_operators.py took 0.028 seconds
[2024-03-15T08:20:01.007+0000] {processor.py:161} INFO - Started process (PID=1693) to work on /home/airflow/.local/lib/python3.8/site-packages/airflow/example_dags/example_dynamic_task_mapping_with_no_taskflow_operators.py
[2024-03-15T08:20:01.008+0000] {processor.py:830} INFO - Processing file /home/airflow/.local/lib/python3.8/site-packages/airflow/example_dags/example_dynamic_task_mapping_with_no_taskflow_operators.py for tasks to queue
[2024-03-15T08:20:01.008+0000] {logging_mixin.py:188} INFO - [2024-03-15T08:20:01.008+0000] {dagbag.py:540} INFO - Filling up the DagBag from /home/airflow/.local/lib/python3.8/site-packages/airflow/example_dags/example_dynamic_task_mapping_with_no_taskflow_operators.py
[2024-03-15T08:20:01.011+0000] {processor.py:840} INFO - DAG(s) 'example_dynamic_task_mapping_with_no_taskflow_operators' retrieved from /home/airflow/.local/lib/python3.8/site-packages/airflow/example_dags/example_dynamic_task_mapping_with_no_taskflow_operators.py
[2024-03-15T08:20:01.019+0000] {logging_mixin.py:188} INFO - [2024-03-15T08:20:01.018+0000] {dag.py:3047} INFO - Sync 1 DAGs
[2024-03-15T08:20:01.026+0000] {logging_mixin.py:188} INFO - [2024-03-15T08:20:01.026+0000] {dag.py:3834} INFO - Setting next_dagrun for example_dynamic_task_mapping_with_no_taskflow_operators to 2024-03-14 00:00:00+00:00, run_after=2024-03-15 00:00:00+00:00
[2024-03-15T08:20:01.032+0000] {processor.py:183} INFO - Processing /home/airflow/.local/lib/python3.8/site-packages/airflow/example_dags/example_dynamic_task_mapping_with_no_taskflow_operators.py took 0.026 seconds
[2024-03-15T08:20:31.347+0000] {processor.py:161} INFO - Started process (PID=1747) to work on /home/airflow/.local/lib/python3.8/site-packages/airflow/example_dags/example_dynamic_task_mapping_with_no_taskflow_operators.py
[2024-03-15T08:20:31.348+0000] {processor.py:830} INFO - Processing file /home/airflow/.local/lib/python3.8/site-packages/airflow/example_dags/example_dynamic_task_mapping_with_no_taskflow_operators.py for tasks to queue
[2024-03-15T08:20:31.348+0000] {logging_mixin.py:188} INFO - [2024-03-15T08:20:31.348+0000] {dagbag.py:540} INFO - Filling up the DagBag from /home/airflow/.local/lib/python3.8/site-packages/airflow/example_dags/example_dynamic_task_mapping_with_no_taskflow_operators.py
[2024-03-15T08:20:31.352+0000] {processor.py:840} INFO - DAG(s) 'example_dynamic_task_mapping_with_no_taskflow_operators' retrieved from /home/airflow/.local/lib/python3.8/site-packages/airflow/example_dags/example_dynamic_task_mapping_with_no_taskflow_operators.py
[2024-03-15T08:20:31.360+0000] {logging_mixin.py:188} INFO - [2024-03-15T08:20:31.359+0000] {dag.py:3047} INFO - Sync 1 DAGs
[2024-03-15T08:20:31.367+0000] {logging_mixin.py:188} INFO - [2024-03-15T08:20:31.367+0000] {dag.py:3834} INFO - Setting next_dagrun for example_dynamic_task_mapping_with_no_taskflow_operators to 2024-03-14 00:00:00+00:00, run_after=2024-03-15 00:00:00+00:00
[2024-03-15T08:20:31.373+0000] {processor.py:183} INFO - Processing /home/airflow/.local/lib/python3.8/site-packages/airflow/example_dags/example_dynamic_task_mapping_with_no_taskflow_operators.py took 0.027 seconds
[2024-03-15T08:21:01.647+0000] {processor.py:161} INFO - Started process (PID=1802) to work on /home/airflow/.local/lib/python3.8/site-packages/airflow/example_dags/example_dynamic_task_mapping_with_no_taskflow_operators.py
[2024-03-15T08:21:01.648+0000] {processor.py:830} INFO - Processing file /home/airflow/.local/lib/python3.8/site-packages/airflow/example_dags/example_dynamic_task_mapping_with_no_taskflow_operators.py for tasks to queue
[2024-03-15T08:21:01.648+0000] {logging_mixin.py:188} INFO - [2024-03-15T08:21:01.648+0000] {dagbag.py:540} INFO - Filling up the DagBag from /home/airflow/.local/lib/python3.8/site-packages/airflow/example_dags/example_dynamic_task_mapping_with_no_taskflow_operators.py
[2024-03-15T08:21:01.651+0000] {processor.py:840} INFO - DAG(s) 'example_dynamic_task_mapping_with_no_taskflow_operators' retrieved from /home/airflow/.local/lib/python3.8/site-packages/airflow/example_dags/example_dynamic_task_mapping_with_no_taskflow_operators.py
[2024-03-15T08:21:01.658+0000] {logging_mixin.py:188} INFO - [2024-03-15T08:21:01.658+0000] {dag.py:3047} INFO - Sync 1 DAGs
[2024-03-15T08:21:01.666+0000] {logging_mixin.py:188} INFO - [2024-03-15T08:21:01.666+0000] {dag.py:3834} INFO - Setting next_dagrun for example_dynamic_task_mapping_with_no_taskflow_operators to 2024-03-14 00:00:00+00:00, run_after=2024-03-15 00:00:00+00:00
[2024-03-15T08:21:01.672+0000] {processor.py:183} INFO - Processing /home/airflow/.local/lib/python3.8/site-packages/airflow/example_dags/example_dynamic_task_mapping_with_no_taskflow_operators.py took 0.026 seconds
[2024-03-15T08:21:31.992+0000] {processor.py:161} INFO - Started process (PID=1857) to work on /home/airflow/.local/lib/python3.8/site-packages/airflow/example_dags/example_dynamic_task_mapping_with_no_taskflow_operators.py
[2024-03-15T08:21:31.993+0000] {processor.py:830} INFO - Processing file /home/airflow/.local/lib/python3.8/site-packages/airflow/example_dags/example_dynamic_task_mapping_with_no_taskflow_operators.py for tasks to queue
[2024-03-15T08:21:31.993+0000] {logging_mixin.py:188} INFO - [2024-03-15T08:21:31.993+0000] {dagbag.py:540} INFO - Filling up the DagBag from /home/airflow/.local/lib/python3.8/site-packages/airflow/example_dags/example_dynamic_task_mapping_with_no_taskflow_operators.py
[2024-03-15T08:21:31.996+0000] {processor.py:840} INFO - DAG(s) 'example_dynamic_task_mapping_with_no_taskflow_operators' retrieved from /home/airflow/.local/lib/python3.8/site-packages/airflow/example_dags/example_dynamic_task_mapping_with_no_taskflow_operators.py
[2024-03-15T08:21:32.003+0000] {logging_mixin.py:188} INFO - [2024-03-15T08:21:32.003+0000] {dag.py:3047} INFO - Sync 1 DAGs
[2024-03-15T08:21:32.011+0000] {logging_mixin.py:188} INFO - [2024-03-15T08:21:32.011+0000] {dag.py:3834} INFO - Setting next_dagrun for example_dynamic_task_mapping_with_no_taskflow_operators to 2024-03-14 00:00:00+00:00, run_after=2024-03-15 00:00:00+00:00
[2024-03-15T08:21:32.018+0000] {processor.py:183} INFO - Processing /home/airflow/.local/lib/python3.8/site-packages/airflow/example_dags/example_dynamic_task_mapping_with_no_taskflow_operators.py took 0.027 seconds
[2024-03-15T08:22:02.236+0000] {processor.py:161} INFO - Started process (PID=1911) to work on /home/airflow/.local/lib/python3.8/site-packages/airflow/example_dags/example_dynamic_task_mapping_with_no_taskflow_operators.py
[2024-03-15T08:22:02.236+0000] {processor.py:830} INFO - Processing file /home/airflow/.local/lib/python3.8/site-packages/airflow/example_dags/example_dynamic_task_mapping_with_no_taskflow_operators.py for tasks to queue
[2024-03-15T08:22:02.237+0000] {logging_mixin.py:188} INFO - [2024-03-15T08:22:02.237+0000] {dagbag.py:540} INFO - Filling up the DagBag from /home/airflow/.local/lib/python3.8/site-packages/airflow/example_dags/example_dynamic_task_mapping_with_no_taskflow_operators.py
[2024-03-15T08:22:02.240+0000] {processor.py:840} INFO - DAG(s) 'example_dynamic_task_mapping_with_no_taskflow_operators' retrieved from /home/airflow/.local/lib/python3.8/site-packages/airflow/example_dags/example_dynamic_task_mapping_with_no_taskflow_operators.py
[2024-03-15T08:22:02.247+0000] {logging_mixin.py:188} INFO - [2024-03-15T08:22:02.247+0000] {dag.py:3047} INFO - Sync 1 DAGs
[2024-03-15T08:22:02.255+0000] {logging_mixin.py:188} INFO - [2024-03-15T08:22:02.255+0000] {dag.py:3834} INFO - Setting next_dagrun for example_dynamic_task_mapping_with_no_taskflow_operators to 2024-03-14 00:00:00+00:00, run_after=2024-03-15 00:00:00+00:00
[2024-03-15T08:22:02.260+0000] {processor.py:183} INFO - Processing /home/airflow/.local/lib/python3.8/site-packages/airflow/example_dags/example_dynamic_task_mapping_with_no_taskflow_operators.py took 0.026 seconds
[2024-03-15T08:22:32.589+0000] {processor.py:161} INFO - Started process (PID=1966) to work on /home/airflow/.local/lib/python3.8/site-packages/airflow/example_dags/example_dynamic_task_mapping_with_no_taskflow_operators.py
[2024-03-15T08:22:32.590+0000] {processor.py:830} INFO - Processing file /home/airflow/.local/lib/python3.8/site-packages/airflow/example_dags/example_dynamic_task_mapping_with_no_taskflow_operators.py for tasks to queue
[2024-03-15T08:22:32.591+0000] {logging_mixin.py:188} INFO - [2024-03-15T08:22:32.591+0000] {dagbag.py:540} INFO - Filling up the DagBag from /home/airflow/.local/lib/python3.8/site-packages/airflow/example_dags/example_dynamic_task_mapping_with_no_taskflow_operators.py
[2024-03-15T08:22:32.594+0000] {processor.py:840} INFO - DAG(s) 'example_dynamic_task_mapping_with_no_taskflow_operators' retrieved from /home/airflow/.local/lib/python3.8/site-packages/airflow/example_dags/example_dynamic_task_mapping_with_no_taskflow_operators.py
[2024-03-15T08:22:32.603+0000] {logging_mixin.py:188} INFO - [2024-03-15T08:22:32.603+0000] {dag.py:3047} INFO - Sync 1 DAGs
[2024-03-15T08:22:32.613+0000] {logging_mixin.py:188} INFO - [2024-03-15T08:22:32.613+0000] {dag.py:3834} INFO - Setting next_dagrun for example_dynamic_task_mapping_with_no_taskflow_operators to 2024-03-14 00:00:00+00:00, run_after=2024-03-15 00:00:00+00:00
[2024-03-15T08:22:32.621+0000] {processor.py:183} INFO - Processing /home/airflow/.local/lib/python3.8/site-packages/airflow/example_dags/example_dynamic_task_mapping_with_no_taskflow_operators.py took 0.033 seconds
[2024-03-15T08:23:03.083+0000] {processor.py:161} INFO - Started process (PID=2021) to work on /home/airflow/.local/lib/python3.8/site-packages/airflow/example_dags/example_dynamic_task_mapping_with_no_taskflow_operators.py
[2024-03-15T08:23:03.084+0000] {processor.py:830} INFO - Processing file /home/airflow/.local/lib/python3.8/site-packages/airflow/example_dags/example_dynamic_task_mapping_with_no_taskflow_operators.py for tasks to queue
[2024-03-15T08:23:03.085+0000] {logging_mixin.py:188} INFO - [2024-03-15T08:23:03.085+0000] {dagbag.py:540} INFO - Filling up the DagBag from /home/airflow/.local/lib/python3.8/site-packages/airflow/example_dags/example_dynamic_task_mapping_with_no_taskflow_operators.py
[2024-03-15T08:23:03.087+0000] {processor.py:840} INFO - DAG(s) 'example_dynamic_task_mapping_with_no_taskflow_operators' retrieved from /home/airflow/.local/lib/python3.8/site-packages/airflow/example_dags/example_dynamic_task_mapping_with_no_taskflow_operators.py
[2024-03-15T08:23:03.094+0000] {logging_mixin.py:188} INFO - [2024-03-15T08:23:03.094+0000] {dag.py:3047} INFO - Sync 1 DAGs
[2024-03-15T08:23:03.103+0000] {logging_mixin.py:188} INFO - [2024-03-15T08:23:03.103+0000] {dag.py:3834} INFO - Setting next_dagrun for example_dynamic_task_mapping_with_no_taskflow_operators to 2024-03-14 00:00:00+00:00, run_after=2024-03-15 00:00:00+00:00
[2024-03-15T08:23:03.109+0000] {processor.py:183} INFO - Processing /home/airflow/.local/lib/python3.8/site-packages/airflow/example_dags/example_dynamic_task_mapping_with_no_taskflow_operators.py took 0.027 seconds
[2024-03-15T08:23:33.620+0000] {processor.py:161} INFO - Started process (PID=2075) to work on /home/airflow/.local/lib/python3.8/site-packages/airflow/example_dags/example_dynamic_task_mapping_with_no_taskflow_operators.py
[2024-03-15T08:23:33.621+0000] {processor.py:830} INFO - Processing file /home/airflow/.local/lib/python3.8/site-packages/airflow/example_dags/example_dynamic_task_mapping_with_no_taskflow_operators.py for tasks to queue
[2024-03-15T08:23:33.622+0000] {logging_mixin.py:188} INFO - [2024-03-15T08:23:33.621+0000] {dagbag.py:540} INFO - Filling up the DagBag from /home/airflow/.local/lib/python3.8/site-packages/airflow/example_dags/example_dynamic_task_mapping_with_no_taskflow_operators.py
[2024-03-15T08:23:33.624+0000] {processor.py:840} INFO - DAG(s) 'example_dynamic_task_mapping_with_no_taskflow_operators' retrieved from /home/airflow/.local/lib/python3.8/site-packages/airflow/example_dags/example_dynamic_task_mapping_with_no_taskflow_operators.py
[2024-03-15T08:23:33.632+0000] {logging_mixin.py:188} INFO - [2024-03-15T08:23:33.632+0000] {dag.py:3047} INFO - Sync 1 DAGs
[2024-03-15T08:23:33.641+0000] {logging_mixin.py:188} INFO - [2024-03-15T08:23:33.641+0000] {dag.py:3834} INFO - Setting next_dagrun for example_dynamic_task_mapping_with_no_taskflow_operators to 2024-03-14 00:00:00+00:00, run_after=2024-03-15 00:00:00+00:00
[2024-03-15T08:23:33.647+0000] {processor.py:183} INFO - Processing /home/airflow/.local/lib/python3.8/site-packages/airflow/example_dags/example_dynamic_task_mapping_with_no_taskflow_operators.py took 0.029 seconds
