[2024-03-15T08:04:49.056+0000] {processor.py:161} INFO - Started process (PID=61) to work on /home/airflow/.local/lib/python3.8/site-packages/airflow/example_dags/example_sensor_decorator.py
[2024-03-15T08:04:49.057+0000] {processor.py:830} INFO - Processing file /home/airflow/.local/lib/python3.8/site-packages/airflow/example_dags/example_sensor_decorator.py for tasks to queue
[2024-03-15T08:04:49.058+0000] {logging_mixin.py:188} INFO - [2024-03-15T08:04:49.058+0000] {dagbag.py:540} INFO - Filling up the DagBag from /home/airflow/.local/lib/python3.8/site-packages/airflow/example_dags/example_sensor_decorator.py
[2024-03-15T08:04:49.062+0000] {processor.py:840} INFO - DAG(s) 'example_sensor_decorator' retrieved from /home/airflow/.local/lib/python3.8/site-packages/airflow/example_dags/example_sensor_decorator.py
[2024-03-15T08:04:49.068+0000] {logging_mixin.py:188} INFO - [2024-03-15T08:04:49.068+0000] {dag.py:3047} INFO - Sync 1 DAGs
[2024-03-15T08:04:49.075+0000] {logging_mixin.py:188} INFO - [2024-03-15T08:04:49.074+0000] {dag.py:3834} INFO - Setting next_dagrun for example_sensor_decorator to None, run_after=None
[2024-03-15T08:04:49.084+0000] {processor.py:183} INFO - Processing /home/airflow/.local/lib/python3.8/site-packages/airflow/example_dags/example_sensor_decorator.py took 0.029 seconds
[2024-03-15T08:05:20.362+0000] {processor.py:161} INFO - Started process (PID=116) to work on /home/airflow/.local/lib/python3.8/site-packages/airflow/example_dags/example_sensor_decorator.py
[2024-03-15T08:05:20.363+0000] {processor.py:830} INFO - Processing file /home/airflow/.local/lib/python3.8/site-packages/airflow/example_dags/example_sensor_decorator.py for tasks to queue
[2024-03-15T08:05:20.364+0000] {logging_mixin.py:188} INFO - [2024-03-15T08:05:20.363+0000] {dagbag.py:540} INFO - Filling up the DagBag from /home/airflow/.local/lib/python3.8/site-packages/airflow/example_dags/example_sensor_decorator.py
[2024-03-15T08:05:20.367+0000] {processor.py:840} INFO - DAG(s) 'example_sensor_decorator' retrieved from /home/airflow/.local/lib/python3.8/site-packages/airflow/example_dags/example_sensor_decorator.py
[2024-03-15T08:05:20.405+0000] {logging_mixin.py:188} INFO - [2024-03-15T08:05:20.405+0000] {dag.py:3047} INFO - Sync 1 DAGs
[2024-03-15T08:05:20.409+0000] {logging_mixin.py:188} INFO - [2024-03-15T08:05:20.409+0000] {dag.py:3834} INFO - Setting next_dagrun for example_sensor_decorator to None, run_after=None
[2024-03-15T08:05:20.416+0000] {processor.py:183} INFO - Processing /home/airflow/.local/lib/python3.8/site-packages/airflow/example_dags/example_sensor_decorator.py took 0.055 seconds
[2024-03-15T08:05:51.155+0000] {processor.py:161} INFO - Started process (PID=171) to work on /home/airflow/.local/lib/python3.8/site-packages/airflow/example_dags/example_sensor_decorator.py
[2024-03-15T08:05:51.156+0000] {processor.py:830} INFO - Processing file /home/airflow/.local/lib/python3.8/site-packages/airflow/example_dags/example_sensor_decorator.py for tasks to queue
[2024-03-15T08:05:51.157+0000] {logging_mixin.py:188} INFO - [2024-03-15T08:05:51.157+0000] {dagbag.py:540} INFO - Filling up the DagBag from /home/airflow/.local/lib/python3.8/site-packages/airflow/example_dags/example_sensor_decorator.py
[2024-03-15T08:05:51.159+0000] {processor.py:840} INFO - DAG(s) 'example_sensor_decorator' retrieved from /home/airflow/.local/lib/python3.8/site-packages/airflow/example_dags/example_sensor_decorator.py
[2024-03-15T08:05:51.167+0000] {logging_mixin.py:188} INFO - [2024-03-15T08:05:51.167+0000] {dag.py:3047} INFO - Sync 1 DAGs
[2024-03-15T08:05:51.172+0000] {logging_mixin.py:188} INFO - [2024-03-15T08:05:51.171+0000] {dag.py:3834} INFO - Setting next_dagrun for example_sensor_decorator to None, run_after=None
[2024-03-15T08:05:51.177+0000] {processor.py:183} INFO - Processing /home/airflow/.local/lib/python3.8/site-packages/airflow/example_dags/example_sensor_decorator.py took 0.024 seconds
[2024-03-15T08:06:21.453+0000] {processor.py:161} INFO - Started process (PID=226) to work on /home/airflow/.local/lib/python3.8/site-packages/airflow/example_dags/example_sensor_decorator.py
[2024-03-15T08:06:21.453+0000] {processor.py:830} INFO - Processing file /home/airflow/.local/lib/python3.8/site-packages/airflow/example_dags/example_sensor_decorator.py for tasks to queue
[2024-03-15T08:06:21.454+0000] {logging_mixin.py:188} INFO - [2024-03-15T08:06:21.454+0000] {dagbag.py:540} INFO - Filling up the DagBag from /home/airflow/.local/lib/python3.8/site-packages/airflow/example_dags/example_sensor_decorator.py
[2024-03-15T08:06:21.457+0000] {processor.py:840} INFO - DAG(s) 'example_sensor_decorator' retrieved from /home/airflow/.local/lib/python3.8/site-packages/airflow/example_dags/example_sensor_decorator.py
[2024-03-15T08:06:21.465+0000] {logging_mixin.py:188} INFO - [2024-03-15T08:06:21.465+0000] {dag.py:3047} INFO - Sync 1 DAGs
[2024-03-15T08:06:21.470+0000] {logging_mixin.py:188} INFO - [2024-03-15T08:06:21.470+0000] {dag.py:3834} INFO - Setting next_dagrun for example_sensor_decorator to None, run_after=None
[2024-03-15T08:06:21.477+0000] {processor.py:183} INFO - Processing /home/airflow/.local/lib/python3.8/site-packages/airflow/example_dags/example_sensor_decorator.py took 0.025 seconds
[2024-03-15T08:06:51.754+0000] {processor.py:161} INFO - Started process (PID=281) to work on /home/airflow/.local/lib/python3.8/site-packages/airflow/example_dags/example_sensor_decorator.py
[2024-03-15T08:06:51.755+0000] {processor.py:830} INFO - Processing file /home/airflow/.local/lib/python3.8/site-packages/airflow/example_dags/example_sensor_decorator.py for tasks to queue
[2024-03-15T08:06:51.756+0000] {logging_mixin.py:188} INFO - [2024-03-15T08:06:51.756+0000] {dagbag.py:540} INFO - Filling up the DagBag from /home/airflow/.local/lib/python3.8/site-packages/airflow/example_dags/example_sensor_decorator.py
[2024-03-15T08:06:51.759+0000] {processor.py:840} INFO - DAG(s) 'example_sensor_decorator' retrieved from /home/airflow/.local/lib/python3.8/site-packages/airflow/example_dags/example_sensor_decorator.py
[2024-03-15T08:06:51.767+0000] {logging_mixin.py:188} INFO - [2024-03-15T08:06:51.767+0000] {dag.py:3047} INFO - Sync 1 DAGs
[2024-03-15T08:06:51.772+0000] {logging_mixin.py:188} INFO - [2024-03-15T08:06:51.772+0000] {dag.py:3834} INFO - Setting next_dagrun for example_sensor_decorator to None, run_after=None
[2024-03-15T08:06:51.779+0000] {processor.py:183} INFO - Processing /home/airflow/.local/lib/python3.8/site-packages/airflow/example_dags/example_sensor_decorator.py took 0.026 seconds
[2024-03-15T08:07:22.077+0000] {processor.py:161} INFO - Started process (PID=336) to work on /home/airflow/.local/lib/python3.8/site-packages/airflow/example_dags/example_sensor_decorator.py
[2024-03-15T08:07:22.077+0000] {processor.py:830} INFO - Processing file /home/airflow/.local/lib/python3.8/site-packages/airflow/example_dags/example_sensor_decorator.py for tasks to queue
[2024-03-15T08:07:22.078+0000] {logging_mixin.py:188} INFO - [2024-03-15T08:07:22.078+0000] {dagbag.py:540} INFO - Filling up the DagBag from /home/airflow/.local/lib/python3.8/site-packages/airflow/example_dags/example_sensor_decorator.py
[2024-03-15T08:07:22.081+0000] {processor.py:840} INFO - DAG(s) 'example_sensor_decorator' retrieved from /home/airflow/.local/lib/python3.8/site-packages/airflow/example_dags/example_sensor_decorator.py
[2024-03-15T08:07:22.088+0000] {logging_mixin.py:188} INFO - [2024-03-15T08:07:22.088+0000] {dag.py:3047} INFO - Sync 1 DAGs
[2024-03-15T08:07:22.093+0000] {logging_mixin.py:188} INFO - [2024-03-15T08:07:22.093+0000] {dag.py:3834} INFO - Setting next_dagrun for example_sensor_decorator to None, run_after=None
[2024-03-15T08:07:22.100+0000] {processor.py:183} INFO - Processing /home/airflow/.local/lib/python3.8/site-packages/airflow/example_dags/example_sensor_decorator.py took 0.024 seconds
[2024-03-15T08:07:52.333+0000] {processor.py:161} INFO - Started process (PID=391) to work on /home/airflow/.local/lib/python3.8/site-packages/airflow/example_dags/example_sensor_decorator.py
[2024-03-15T08:07:52.333+0000] {processor.py:830} INFO - Processing file /home/airflow/.local/lib/python3.8/site-packages/airflow/example_dags/example_sensor_decorator.py for tasks to queue
[2024-03-15T08:07:52.334+0000] {logging_mixin.py:188} INFO - [2024-03-15T08:07:52.334+0000] {dagbag.py:540} INFO - Filling up the DagBag from /home/airflow/.local/lib/python3.8/site-packages/airflow/example_dags/example_sensor_decorator.py
[2024-03-15T08:07:52.337+0000] {processor.py:840} INFO - DAG(s) 'example_sensor_decorator' retrieved from /home/airflow/.local/lib/python3.8/site-packages/airflow/example_dags/example_sensor_decorator.py
[2024-03-15T08:07:52.345+0000] {logging_mixin.py:188} INFO - [2024-03-15T08:07:52.345+0000] {dag.py:3047} INFO - Sync 1 DAGs
[2024-03-15T08:07:52.350+0000] {logging_mixin.py:188} INFO - [2024-03-15T08:07:52.350+0000] {dag.py:3834} INFO - Setting next_dagrun for example_sensor_decorator to None, run_after=None
[2024-03-15T08:07:52.357+0000] {processor.py:183} INFO - Processing /home/airflow/.local/lib/python3.8/site-packages/airflow/example_dags/example_sensor_decorator.py took 0.025 seconds
[2024-03-15T08:08:22.758+0000] {processor.py:161} INFO - Started process (PID=445) to work on /home/airflow/.local/lib/python3.8/site-packages/airflow/example_dags/example_sensor_decorator.py
[2024-03-15T08:08:22.759+0000] {processor.py:830} INFO - Processing file /home/airflow/.local/lib/python3.8/site-packages/airflow/example_dags/example_sensor_decorator.py for tasks to queue
[2024-03-15T08:08:22.759+0000] {logging_mixin.py:188} INFO - [2024-03-15T08:08:22.759+0000] {dagbag.py:540} INFO - Filling up the DagBag from /home/airflow/.local/lib/python3.8/site-packages/airflow/example_dags/example_sensor_decorator.py
[2024-03-15T08:08:22.762+0000] {processor.py:840} INFO - DAG(s) 'example_sensor_decorator' retrieved from /home/airflow/.local/lib/python3.8/site-packages/airflow/example_dags/example_sensor_decorator.py
[2024-03-15T08:08:22.771+0000] {logging_mixin.py:188} INFO - [2024-03-15T08:08:22.771+0000] {dag.py:3047} INFO - Sync 1 DAGs
[2024-03-15T08:08:22.776+0000] {logging_mixin.py:188} INFO - [2024-03-15T08:08:22.776+0000] {dag.py:3834} INFO - Setting next_dagrun for example_sensor_decorator to None, run_after=None
[2024-03-15T08:08:22.783+0000] {processor.py:183} INFO - Processing /home/airflow/.local/lib/python3.8/site-packages/airflow/example_dags/example_sensor_decorator.py took 0.026 seconds
[2024-03-15T08:08:53.080+0000] {processor.py:161} INFO - Started process (PID=500) to work on /home/airflow/.local/lib/python3.8/site-packages/airflow/example_dags/example_sensor_decorator.py
[2024-03-15T08:08:53.080+0000] {processor.py:830} INFO - Processing file /home/airflow/.local/lib/python3.8/site-packages/airflow/example_dags/example_sensor_decorator.py for tasks to queue
[2024-03-15T08:08:53.081+0000] {logging_mixin.py:188} INFO - [2024-03-15T08:08:53.081+0000] {dagbag.py:540} INFO - Filling up the DagBag from /home/airflow/.local/lib/python3.8/site-packages/airflow/example_dags/example_sensor_decorator.py
[2024-03-15T08:08:53.084+0000] {processor.py:840} INFO - DAG(s) 'example_sensor_decorator' retrieved from /home/airflow/.local/lib/python3.8/site-packages/airflow/example_dags/example_sensor_decorator.py
[2024-03-15T08:08:53.091+0000] {logging_mixin.py:188} INFO - [2024-03-15T08:08:53.091+0000] {dag.py:3047} INFO - Sync 1 DAGs
[2024-03-15T08:08:53.096+0000] {logging_mixin.py:188} INFO - [2024-03-15T08:08:53.096+0000] {dag.py:3834} INFO - Setting next_dagrun for example_sensor_decorator to None, run_after=None
[2024-03-15T08:08:53.102+0000] {processor.py:183} INFO - Processing /home/airflow/.local/lib/python3.8/site-packages/airflow/example_dags/example_sensor_decorator.py took 0.023 seconds
[2024-03-15T08:09:23.411+0000] {processor.py:161} INFO - Started process (PID=555) to work on /home/airflow/.local/lib/python3.8/site-packages/airflow/example_dags/example_sensor_decorator.py
[2024-03-15T08:09:23.411+0000] {processor.py:830} INFO - Processing file /home/airflow/.local/lib/python3.8/site-packages/airflow/example_dags/example_sensor_decorator.py for tasks to queue
[2024-03-15T08:09:23.412+0000] {logging_mixin.py:188} INFO - [2024-03-15T08:09:23.412+0000] {dagbag.py:540} INFO - Filling up the DagBag from /home/airflow/.local/lib/python3.8/site-packages/airflow/example_dags/example_sensor_decorator.py
[2024-03-15T08:09:23.414+0000] {processor.py:840} INFO - DAG(s) 'example_sensor_decorator' retrieved from /home/airflow/.local/lib/python3.8/site-packages/airflow/example_dags/example_sensor_decorator.py
[2024-03-15T08:09:23.422+0000] {logging_mixin.py:188} INFO - [2024-03-15T08:09:23.422+0000] {dag.py:3047} INFO - Sync 1 DAGs
[2024-03-15T08:09:23.426+0000] {logging_mixin.py:188} INFO - [2024-03-15T08:09:23.426+0000] {dag.py:3834} INFO - Setting next_dagrun for example_sensor_decorator to None, run_after=None
[2024-03-15T08:09:23.432+0000] {processor.py:183} INFO - Processing /home/airflow/.local/lib/python3.8/site-packages/airflow/example_dags/example_sensor_decorator.py took 0.023 seconds
[2024-03-15T08:09:53.925+0000] {processor.py:161} INFO - Started process (PID=610) to work on /home/airflow/.local/lib/python3.8/site-packages/airflow/example_dags/example_sensor_decorator.py
[2024-03-15T08:09:53.926+0000] {processor.py:830} INFO - Processing file /home/airflow/.local/lib/python3.8/site-packages/airflow/example_dags/example_sensor_decorator.py for tasks to queue
[2024-03-15T08:09:53.926+0000] {logging_mixin.py:188} INFO - [2024-03-15T08:09:53.926+0000] {dagbag.py:540} INFO - Filling up the DagBag from /home/airflow/.local/lib/python3.8/site-packages/airflow/example_dags/example_sensor_decorator.py
[2024-03-15T08:09:53.929+0000] {processor.py:840} INFO - DAG(s) 'example_sensor_decorator' retrieved from /home/airflow/.local/lib/python3.8/site-packages/airflow/example_dags/example_sensor_decorator.py
[2024-03-15T08:09:53.936+0000] {logging_mixin.py:188} INFO - [2024-03-15T08:09:53.936+0000] {dag.py:3047} INFO - Sync 1 DAGs
[2024-03-15T08:09:53.941+0000] {logging_mixin.py:188} INFO - [2024-03-15T08:09:53.941+0000] {dag.py:3834} INFO - Setting next_dagrun for example_sensor_decorator to None, run_after=None
[2024-03-15T08:09:53.947+0000] {processor.py:183} INFO - Processing /home/airflow/.local/lib/python3.8/site-packages/airflow/example_dags/example_sensor_decorator.py took 0.023 seconds
[2024-03-15T08:10:24.307+0000] {processor.py:161} INFO - Started process (PID=665) to work on /home/airflow/.local/lib/python3.8/site-packages/airflow/example_dags/example_sensor_decorator.py
[2024-03-15T08:10:24.307+0000] {processor.py:830} INFO - Processing file /home/airflow/.local/lib/python3.8/site-packages/airflow/example_dags/example_sensor_decorator.py for tasks to queue
[2024-03-15T08:10:24.308+0000] {logging_mixin.py:188} INFO - [2024-03-15T08:10:24.308+0000] {dagbag.py:540} INFO - Filling up the DagBag from /home/airflow/.local/lib/python3.8/site-packages/airflow/example_dags/example_sensor_decorator.py
[2024-03-15T08:10:24.311+0000] {processor.py:840} INFO - DAG(s) 'example_sensor_decorator' retrieved from /home/airflow/.local/lib/python3.8/site-packages/airflow/example_dags/example_sensor_decorator.py
[2024-03-15T08:10:24.320+0000] {logging_mixin.py:188} INFO - [2024-03-15T08:10:24.320+0000] {dag.py:3047} INFO - Sync 1 DAGs
[2024-03-15T08:10:24.325+0000] {logging_mixin.py:188} INFO - [2024-03-15T08:10:24.325+0000] {dag.py:3834} INFO - Setting next_dagrun for example_sensor_decorator to None, run_after=None
[2024-03-15T08:10:24.333+0000] {processor.py:183} INFO - Processing /home/airflow/.local/lib/python3.8/site-packages/airflow/example_dags/example_sensor_decorator.py took 0.028 seconds
[2024-03-15T08:10:54.634+0000] {processor.py:161} INFO - Started process (PID=720) to work on /home/airflow/.local/lib/python3.8/site-packages/airflow/example_dags/example_sensor_decorator.py
[2024-03-15T08:10:54.635+0000] {processor.py:830} INFO - Processing file /home/airflow/.local/lib/python3.8/site-packages/airflow/example_dags/example_sensor_decorator.py for tasks to queue
[2024-03-15T08:10:54.636+0000] {logging_mixin.py:188} INFO - [2024-03-15T08:10:54.636+0000] {dagbag.py:540} INFO - Filling up the DagBag from /home/airflow/.local/lib/python3.8/site-packages/airflow/example_dags/example_sensor_decorator.py
[2024-03-15T08:10:54.639+0000] {processor.py:840} INFO - DAG(s) 'example_sensor_decorator' retrieved from /home/airflow/.local/lib/python3.8/site-packages/airflow/example_dags/example_sensor_decorator.py
[2024-03-15T08:10:54.647+0000] {logging_mixin.py:188} INFO - [2024-03-15T08:10:54.647+0000] {dag.py:3047} INFO - Sync 1 DAGs
[2024-03-15T08:10:54.652+0000] {logging_mixin.py:188} INFO - [2024-03-15T08:10:54.652+0000] {dag.py:3834} INFO - Setting next_dagrun for example_sensor_decorator to None, run_after=None
[2024-03-15T08:10:54.659+0000] {processor.py:183} INFO - Processing /home/airflow/.local/lib/python3.8/site-packages/airflow/example_dags/example_sensor_decorator.py took 0.026 seconds
[2024-03-15T08:11:25.098+0000] {processor.py:161} INFO - Started process (PID=775) to work on /home/airflow/.local/lib/python3.8/site-packages/airflow/example_dags/example_sensor_decorator.py
[2024-03-15T08:11:25.099+0000] {processor.py:830} INFO - Processing file /home/airflow/.local/lib/python3.8/site-packages/airflow/example_dags/example_sensor_decorator.py for tasks to queue
[2024-03-15T08:11:25.100+0000] {logging_mixin.py:188} INFO - [2024-03-15T08:11:25.100+0000] {dagbag.py:540} INFO - Filling up the DagBag from /home/airflow/.local/lib/python3.8/site-packages/airflow/example_dags/example_sensor_decorator.py
[2024-03-15T08:11:25.103+0000] {processor.py:840} INFO - DAG(s) 'example_sensor_decorator' retrieved from /home/airflow/.local/lib/python3.8/site-packages/airflow/example_dags/example_sensor_decorator.py
[2024-03-15T08:11:25.111+0000] {logging_mixin.py:188} INFO - [2024-03-15T08:11:25.111+0000] {dag.py:3047} INFO - Sync 1 DAGs
[2024-03-15T08:11:25.116+0000] {logging_mixin.py:188} INFO - [2024-03-15T08:11:25.116+0000] {dag.py:3834} INFO - Setting next_dagrun for example_sensor_decorator to None, run_after=None
[2024-03-15T08:11:25.123+0000] {processor.py:183} INFO - Processing /home/airflow/.local/lib/python3.8/site-packages/airflow/example_dags/example_sensor_decorator.py took 0.026 seconds
[2024-03-15T08:11:55.600+0000] {processor.py:161} INFO - Started process (PID=830) to work on /home/airflow/.local/lib/python3.8/site-packages/airflow/example_dags/example_sensor_decorator.py
[2024-03-15T08:11:55.600+0000] {processor.py:830} INFO - Processing file /home/airflow/.local/lib/python3.8/site-packages/airflow/example_dags/example_sensor_decorator.py for tasks to queue
[2024-03-15T08:11:55.603+0000] {logging_mixin.py:188} INFO - [2024-03-15T08:11:55.603+0000] {dagbag.py:540} INFO - Filling up the DagBag from /home/airflow/.local/lib/python3.8/site-packages/airflow/example_dags/example_sensor_decorator.py
[2024-03-15T08:11:55.606+0000] {processor.py:840} INFO - DAG(s) 'example_sensor_decorator' retrieved from /home/airflow/.local/lib/python3.8/site-packages/airflow/example_dags/example_sensor_decorator.py
[2024-03-15T08:11:55.615+0000] {logging_mixin.py:188} INFO - [2024-03-15T08:11:55.615+0000] {dag.py:3047} INFO - Sync 1 DAGs
[2024-03-15T08:11:55.620+0000] {logging_mixin.py:188} INFO - [2024-03-15T08:11:55.620+0000] {dag.py:3834} INFO - Setting next_dagrun for example_sensor_decorator to None, run_after=None
[2024-03-15T08:11:55.627+0000] {processor.py:183} INFO - Processing /home/airflow/.local/lib/python3.8/site-packages/airflow/example_dags/example_sensor_decorator.py took 0.029 seconds
[2024-03-15T08:12:26.175+0000] {processor.py:161} INFO - Started process (PID=885) to work on /home/airflow/.local/lib/python3.8/site-packages/airflow/example_dags/example_sensor_decorator.py
[2024-03-15T08:12:26.176+0000] {processor.py:830} INFO - Processing file /home/airflow/.local/lib/python3.8/site-packages/airflow/example_dags/example_sensor_decorator.py for tasks to queue
[2024-03-15T08:12:26.178+0000] {logging_mixin.py:188} INFO - [2024-03-15T08:12:26.178+0000] {dagbag.py:540} INFO - Filling up the DagBag from /home/airflow/.local/lib/python3.8/site-packages/airflow/example_dags/example_sensor_decorator.py
[2024-03-15T08:12:26.182+0000] {processor.py:840} INFO - DAG(s) 'example_sensor_decorator' retrieved from /home/airflow/.local/lib/python3.8/site-packages/airflow/example_dags/example_sensor_decorator.py
[2024-03-15T08:12:26.191+0000] {logging_mixin.py:188} INFO - [2024-03-15T08:12:26.191+0000] {dag.py:3047} INFO - Sync 1 DAGs
[2024-03-15T08:12:26.197+0000] {logging_mixin.py:188} INFO - [2024-03-15T08:12:26.197+0000] {dag.py:3834} INFO - Setting next_dagrun for example_sensor_decorator to None, run_after=None
[2024-03-15T08:12:26.204+0000] {processor.py:183} INFO - Processing /home/airflow/.local/lib/python3.8/site-packages/airflow/example_dags/example_sensor_decorator.py took 0.030 seconds
[2024-03-15T08:12:56.534+0000] {processor.py:161} INFO - Started process (PID=940) to work on /home/airflow/.local/lib/python3.8/site-packages/airflow/example_dags/example_sensor_decorator.py
[2024-03-15T08:12:56.534+0000] {processor.py:830} INFO - Processing file /home/airflow/.local/lib/python3.8/site-packages/airflow/example_dags/example_sensor_decorator.py for tasks to queue
[2024-03-15T08:12:56.535+0000] {logging_mixin.py:188} INFO - [2024-03-15T08:12:56.535+0000] {dagbag.py:540} INFO - Filling up the DagBag from /home/airflow/.local/lib/python3.8/site-packages/airflow/example_dags/example_sensor_decorator.py
[2024-03-15T08:12:56.537+0000] {processor.py:840} INFO - DAG(s) 'example_sensor_decorator' retrieved from /home/airflow/.local/lib/python3.8/site-packages/airflow/example_dags/example_sensor_decorator.py
[2024-03-15T08:12:56.547+0000] {logging_mixin.py:188} INFO - [2024-03-15T08:12:56.547+0000] {dag.py:3047} INFO - Sync 1 DAGs
[2024-03-15T08:12:56.552+0000] {logging_mixin.py:188} INFO - [2024-03-15T08:12:56.552+0000] {dag.py:3834} INFO - Setting next_dagrun for example_sensor_decorator to None, run_after=None
[2024-03-15T08:12:56.558+0000] {processor.py:183} INFO - Processing /home/airflow/.local/lib/python3.8/site-packages/airflow/example_dags/example_sensor_decorator.py took 0.026 seconds
[2024-03-15T08:13:26.783+0000] {processor.py:161} INFO - Started process (PID=995) to work on /home/airflow/.local/lib/python3.8/site-packages/airflow/example_dags/example_sensor_decorator.py
[2024-03-15T08:13:26.784+0000] {processor.py:830} INFO - Processing file /home/airflow/.local/lib/python3.8/site-packages/airflow/example_dags/example_sensor_decorator.py for tasks to queue
[2024-03-15T08:13:26.784+0000] {logging_mixin.py:188} INFO - [2024-03-15T08:13:26.784+0000] {dagbag.py:540} INFO - Filling up the DagBag from /home/airflow/.local/lib/python3.8/site-packages/airflow/example_dags/example_sensor_decorator.py
[2024-03-15T08:13:26.787+0000] {processor.py:840} INFO - DAG(s) 'example_sensor_decorator' retrieved from /home/airflow/.local/lib/python3.8/site-packages/airflow/example_dags/example_sensor_decorator.py
[2024-03-15T08:13:26.795+0000] {logging_mixin.py:188} INFO - [2024-03-15T08:13:26.795+0000] {dag.py:3047} INFO - Sync 1 DAGs
[2024-03-15T08:13:26.800+0000] {logging_mixin.py:188} INFO - [2024-03-15T08:13:26.800+0000] {dag.py:3834} INFO - Setting next_dagrun for example_sensor_decorator to None, run_after=None
[2024-03-15T08:13:26.807+0000] {processor.py:183} INFO - Processing /home/airflow/.local/lib/python3.8/site-packages/airflow/example_dags/example_sensor_decorator.py took 0.025 seconds
[2024-03-15T08:13:57.122+0000] {processor.py:161} INFO - Started process (PID=1050) to work on /home/airflow/.local/lib/python3.8/site-packages/airflow/example_dags/example_sensor_decorator.py
[2024-03-15T08:13:57.123+0000] {processor.py:830} INFO - Processing file /home/airflow/.local/lib/python3.8/site-packages/airflow/example_dags/example_sensor_decorator.py for tasks to queue
[2024-03-15T08:13:57.123+0000] {logging_mixin.py:188} INFO - [2024-03-15T08:13:57.123+0000] {dagbag.py:540} INFO - Filling up the DagBag from /home/airflow/.local/lib/python3.8/site-packages/airflow/example_dags/example_sensor_decorator.py
[2024-03-15T08:13:57.126+0000] {processor.py:840} INFO - DAG(s) 'example_sensor_decorator' retrieved from /home/airflow/.local/lib/python3.8/site-packages/airflow/example_dags/example_sensor_decorator.py
[2024-03-15T08:13:57.134+0000] {logging_mixin.py:188} INFO - [2024-03-15T08:13:57.134+0000] {dag.py:3047} INFO - Sync 1 DAGs
[2024-03-15T08:13:57.139+0000] {logging_mixin.py:188} INFO - [2024-03-15T08:13:57.139+0000] {dag.py:3834} INFO - Setting next_dagrun for example_sensor_decorator to None, run_after=None
[2024-03-15T08:13:57.146+0000] {processor.py:183} INFO - Processing /home/airflow/.local/lib/python3.8/site-packages/airflow/example_dags/example_sensor_decorator.py took 0.025 seconds
[2024-03-15T08:14:27.483+0000] {processor.py:161} INFO - Started process (PID=1105) to work on /home/airflow/.local/lib/python3.8/site-packages/airflow/example_dags/example_sensor_decorator.py
[2024-03-15T08:14:27.484+0000] {processor.py:830} INFO - Processing file /home/airflow/.local/lib/python3.8/site-packages/airflow/example_dags/example_sensor_decorator.py for tasks to queue
[2024-03-15T08:14:27.485+0000] {logging_mixin.py:188} INFO - [2024-03-15T08:14:27.484+0000] {dagbag.py:540} INFO - Filling up the DagBag from /home/airflow/.local/lib/python3.8/site-packages/airflow/example_dags/example_sensor_decorator.py
[2024-03-15T08:14:27.487+0000] {processor.py:840} INFO - DAG(s) 'example_sensor_decorator' retrieved from /home/airflow/.local/lib/python3.8/site-packages/airflow/example_dags/example_sensor_decorator.py
[2024-03-15T08:14:27.495+0000] {logging_mixin.py:188} INFO - [2024-03-15T08:14:27.495+0000] {dag.py:3047} INFO - Sync 1 DAGs
[2024-03-15T08:14:27.503+0000] {logging_mixin.py:188} INFO - [2024-03-15T08:14:27.503+0000] {dag.py:3834} INFO - Setting next_dagrun for example_sensor_decorator to None, run_after=None
[2024-03-15T08:14:27.511+0000] {processor.py:183} INFO - Processing /home/airflow/.local/lib/python3.8/site-packages/airflow/example_dags/example_sensor_decorator.py took 0.029 seconds
[2024-03-15T08:14:57.830+0000] {processor.py:161} INFO - Started process (PID=1160) to work on /home/airflow/.local/lib/python3.8/site-packages/airflow/example_dags/example_sensor_decorator.py
[2024-03-15T08:14:57.830+0000] {processor.py:830} INFO - Processing file /home/airflow/.local/lib/python3.8/site-packages/airflow/example_dags/example_sensor_decorator.py for tasks to queue
[2024-03-15T08:14:57.831+0000] {logging_mixin.py:188} INFO - [2024-03-15T08:14:57.831+0000] {dagbag.py:540} INFO - Filling up the DagBag from /home/airflow/.local/lib/python3.8/site-packages/airflow/example_dags/example_sensor_decorator.py
[2024-03-15T08:14:57.834+0000] {processor.py:840} INFO - DAG(s) 'example_sensor_decorator' retrieved from /home/airflow/.local/lib/python3.8/site-packages/airflow/example_dags/example_sensor_decorator.py
[2024-03-15T08:14:57.842+0000] {logging_mixin.py:188} INFO - [2024-03-15T08:14:57.842+0000] {dag.py:3047} INFO - Sync 1 DAGs
[2024-03-15T08:14:57.846+0000] {logging_mixin.py:188} INFO - [2024-03-15T08:14:57.846+0000] {dag.py:3834} INFO - Setting next_dagrun for example_sensor_decorator to None, run_after=None
[2024-03-15T08:14:57.853+0000] {processor.py:183} INFO - Processing /home/airflow/.local/lib/python3.8/site-packages/airflow/example_dags/example_sensor_decorator.py took 0.025 seconds
[2024-03-15T08:15:28.187+0000] {processor.py:161} INFO - Started process (PID=1215) to work on /home/airflow/.local/lib/python3.8/site-packages/airflow/example_dags/example_sensor_decorator.py
[2024-03-15T08:15:28.187+0000] {processor.py:830} INFO - Processing file /home/airflow/.local/lib/python3.8/site-packages/airflow/example_dags/example_sensor_decorator.py for tasks to queue
[2024-03-15T08:15:28.188+0000] {logging_mixin.py:188} INFO - [2024-03-15T08:15:28.188+0000] {dagbag.py:540} INFO - Filling up the DagBag from /home/airflow/.local/lib/python3.8/site-packages/airflow/example_dags/example_sensor_decorator.py
[2024-03-15T08:15:28.191+0000] {processor.py:840} INFO - DAG(s) 'example_sensor_decorator' retrieved from /home/airflow/.local/lib/python3.8/site-packages/airflow/example_dags/example_sensor_decorator.py
[2024-03-15T08:15:28.199+0000] {logging_mixin.py:188} INFO - [2024-03-15T08:15:28.199+0000] {dag.py:3047} INFO - Sync 1 DAGs
[2024-03-15T08:15:28.205+0000] {logging_mixin.py:188} INFO - [2024-03-15T08:15:28.205+0000] {dag.py:3834} INFO - Setting next_dagrun for example_sensor_decorator to None, run_after=None
[2024-03-15T08:15:28.213+0000] {processor.py:183} INFO - Processing /home/airflow/.local/lib/python3.8/site-packages/airflow/example_dags/example_sensor_decorator.py took 0.028 seconds
[2024-03-15T08:15:58.587+0000] {processor.py:161} INFO - Started process (PID=1270) to work on /home/airflow/.local/lib/python3.8/site-packages/airflow/example_dags/example_sensor_decorator.py
[2024-03-15T08:15:58.587+0000] {processor.py:830} INFO - Processing file /home/airflow/.local/lib/python3.8/site-packages/airflow/example_dags/example_sensor_decorator.py for tasks to queue
[2024-03-15T08:15:58.588+0000] {logging_mixin.py:188} INFO - [2024-03-15T08:15:58.588+0000] {dagbag.py:540} INFO - Filling up the DagBag from /home/airflow/.local/lib/python3.8/site-packages/airflow/example_dags/example_sensor_decorator.py
[2024-03-15T08:15:58.591+0000] {processor.py:840} INFO - DAG(s) 'example_sensor_decorator' retrieved from /home/airflow/.local/lib/python3.8/site-packages/airflow/example_dags/example_sensor_decorator.py
[2024-03-15T08:15:58.600+0000] {logging_mixin.py:188} INFO - [2024-03-15T08:15:58.600+0000] {dag.py:3047} INFO - Sync 1 DAGs
[2024-03-15T08:15:58.605+0000] {logging_mixin.py:188} INFO - [2024-03-15T08:15:58.605+0000] {dag.py:3834} INFO - Setting next_dagrun for example_sensor_decorator to None, run_after=None
[2024-03-15T08:15:58.612+0000] {processor.py:183} INFO - Processing /home/airflow/.local/lib/python3.8/site-packages/airflow/example_dags/example_sensor_decorator.py took 0.026 seconds
[2024-03-15T08:16:28.926+0000] {processor.py:161} INFO - Started process (PID=1325) to work on /home/airflow/.local/lib/python3.8/site-packages/airflow/example_dags/example_sensor_decorator.py
[2024-03-15T08:16:28.927+0000] {processor.py:830} INFO - Processing file /home/airflow/.local/lib/python3.8/site-packages/airflow/example_dags/example_sensor_decorator.py for tasks to queue
[2024-03-15T08:16:28.928+0000] {logging_mixin.py:188} INFO - [2024-03-15T08:16:28.928+0000] {dagbag.py:540} INFO - Filling up the DagBag from /home/airflow/.local/lib/python3.8/site-packages/airflow/example_dags/example_sensor_decorator.py
[2024-03-15T08:16:28.931+0000] {processor.py:840} INFO - DAG(s) 'example_sensor_decorator' retrieved from /home/airflow/.local/lib/python3.8/site-packages/airflow/example_dags/example_sensor_decorator.py
[2024-03-15T08:16:28.939+0000] {logging_mixin.py:188} INFO - [2024-03-15T08:16:28.939+0000] {dag.py:3047} INFO - Sync 1 DAGs
[2024-03-15T08:16:28.944+0000] {logging_mixin.py:188} INFO - [2024-03-15T08:16:28.944+0000] {dag.py:3834} INFO - Setting next_dagrun for example_sensor_decorator to None, run_after=None
[2024-03-15T08:16:28.951+0000] {processor.py:183} INFO - Processing /home/airflow/.local/lib/python3.8/site-packages/airflow/example_dags/example_sensor_decorator.py took 0.026 seconds
[2024-03-15T08:16:59.236+0000] {processor.py:161} INFO - Started process (PID=1380) to work on /home/airflow/.local/lib/python3.8/site-packages/airflow/example_dags/example_sensor_decorator.py
[2024-03-15T08:16:59.237+0000] {processor.py:830} INFO - Processing file /home/airflow/.local/lib/python3.8/site-packages/airflow/example_dags/example_sensor_decorator.py for tasks to queue
[2024-03-15T08:16:59.238+0000] {logging_mixin.py:188} INFO - [2024-03-15T08:16:59.237+0000] {dagbag.py:540} INFO - Filling up the DagBag from /home/airflow/.local/lib/python3.8/site-packages/airflow/example_dags/example_sensor_decorator.py
[2024-03-15T08:16:59.241+0000] {processor.py:840} INFO - DAG(s) 'example_sensor_decorator' retrieved from /home/airflow/.local/lib/python3.8/site-packages/airflow/example_dags/example_sensor_decorator.py
[2024-03-15T08:16:59.249+0000] {logging_mixin.py:188} INFO - [2024-03-15T08:16:59.249+0000] {dag.py:3047} INFO - Sync 1 DAGs
[2024-03-15T08:16:59.254+0000] {logging_mixin.py:188} INFO - [2024-03-15T08:16:59.254+0000] {dag.py:3834} INFO - Setting next_dagrun for example_sensor_decorator to None, run_after=None
[2024-03-15T08:16:59.262+0000] {processor.py:183} INFO - Processing /home/airflow/.local/lib/python3.8/site-packages/airflow/example_dags/example_sensor_decorator.py took 0.027 seconds
[2024-03-15T08:17:29.614+0000] {processor.py:161} INFO - Started process (PID=1435) to work on /home/airflow/.local/lib/python3.8/site-packages/airflow/example_dags/example_sensor_decorator.py
[2024-03-15T08:17:29.615+0000] {processor.py:830} INFO - Processing file /home/airflow/.local/lib/python3.8/site-packages/airflow/example_dags/example_sensor_decorator.py for tasks to queue
[2024-03-15T08:17:29.616+0000] {logging_mixin.py:188} INFO - [2024-03-15T08:17:29.615+0000] {dagbag.py:540} INFO - Filling up the DagBag from /home/airflow/.local/lib/python3.8/site-packages/airflow/example_dags/example_sensor_decorator.py
[2024-03-15T08:17:29.619+0000] {processor.py:840} INFO - DAG(s) 'example_sensor_decorator' retrieved from /home/airflow/.local/lib/python3.8/site-packages/airflow/example_dags/example_sensor_decorator.py
[2024-03-15T08:17:29.627+0000] {logging_mixin.py:188} INFO - [2024-03-15T08:17:29.627+0000] {dag.py:3047} INFO - Sync 1 DAGs
[2024-03-15T08:17:29.632+0000] {logging_mixin.py:188} INFO - [2024-03-15T08:17:29.632+0000] {dag.py:3834} INFO - Setting next_dagrun for example_sensor_decorator to None, run_after=None
[2024-03-15T08:17:29.639+0000] {processor.py:183} INFO - Processing /home/airflow/.local/lib/python3.8/site-packages/airflow/example_dags/example_sensor_decorator.py took 0.026 seconds
[2024-03-15T08:17:59.974+0000] {processor.py:161} INFO - Started process (PID=1490) to work on /home/airflow/.local/lib/python3.8/site-packages/airflow/example_dags/example_sensor_decorator.py
[2024-03-15T08:17:59.974+0000] {processor.py:830} INFO - Processing file /home/airflow/.local/lib/python3.8/site-packages/airflow/example_dags/example_sensor_decorator.py for tasks to queue
[2024-03-15T08:17:59.975+0000] {logging_mixin.py:188} INFO - [2024-03-15T08:17:59.975+0000] {dagbag.py:540} INFO - Filling up the DagBag from /home/airflow/.local/lib/python3.8/site-packages/airflow/example_dags/example_sensor_decorator.py
[2024-03-15T08:17:59.978+0000] {processor.py:840} INFO - DAG(s) 'example_sensor_decorator' retrieved from /home/airflow/.local/lib/python3.8/site-packages/airflow/example_dags/example_sensor_decorator.py
[2024-03-15T08:17:59.987+0000] {logging_mixin.py:188} INFO - [2024-03-15T08:17:59.987+0000] {dag.py:3047} INFO - Sync 1 DAGs
[2024-03-15T08:17:59.991+0000] {logging_mixin.py:188} INFO - [2024-03-15T08:17:59.991+0000] {dag.py:3834} INFO - Setting next_dagrun for example_sensor_decorator to None, run_after=None
[2024-03-15T08:17:59.998+0000] {processor.py:183} INFO - Processing /home/airflow/.local/lib/python3.8/site-packages/airflow/example_dags/example_sensor_decorator.py took 0.026 seconds
[2024-03-15T08:18:30.427+0000] {processor.py:161} INFO - Started process (PID=1545) to work on /home/airflow/.local/lib/python3.8/site-packages/airflow/example_dags/example_sensor_decorator.py
[2024-03-15T08:18:30.427+0000] {processor.py:830} INFO - Processing file /home/airflow/.local/lib/python3.8/site-packages/airflow/example_dags/example_sensor_decorator.py for tasks to queue
[2024-03-15T08:18:30.428+0000] {logging_mixin.py:188} INFO - [2024-03-15T08:18:30.428+0000] {dagbag.py:540} INFO - Filling up the DagBag from /home/airflow/.local/lib/python3.8/site-packages/airflow/example_dags/example_sensor_decorator.py
[2024-03-15T08:18:30.431+0000] {processor.py:840} INFO - DAG(s) 'example_sensor_decorator' retrieved from /home/airflow/.local/lib/python3.8/site-packages/airflow/example_dags/example_sensor_decorator.py
[2024-03-15T08:18:30.440+0000] {logging_mixin.py:188} INFO - [2024-03-15T08:18:30.440+0000] {dag.py:3047} INFO - Sync 1 DAGs
[2024-03-15T08:18:30.444+0000] {logging_mixin.py:188} INFO - [2024-03-15T08:18:30.444+0000] {dag.py:3834} INFO - Setting next_dagrun for example_sensor_decorator to None, run_after=None
[2024-03-15T08:18:30.451+0000] {processor.py:183} INFO - Processing /home/airflow/.local/lib/python3.8/site-packages/airflow/example_dags/example_sensor_decorator.py took 0.026 seconds
[2024-03-15T08:19:00.751+0000] {processor.py:161} INFO - Started process (PID=1600) to work on /home/airflow/.local/lib/python3.8/site-packages/airflow/example_dags/example_sensor_decorator.py
[2024-03-15T08:19:00.752+0000] {processor.py:830} INFO - Processing file /home/airflow/.local/lib/python3.8/site-packages/airflow/example_dags/example_sensor_decorator.py for tasks to queue
[2024-03-15T08:19:00.752+0000] {logging_mixin.py:188} INFO - [2024-03-15T08:19:00.752+0000] {dagbag.py:540} INFO - Filling up the DagBag from /home/airflow/.local/lib/python3.8/site-packages/airflow/example_dags/example_sensor_decorator.py
[2024-03-15T08:19:00.755+0000] {processor.py:840} INFO - DAG(s) 'example_sensor_decorator' retrieved from /home/airflow/.local/lib/python3.8/site-packages/airflow/example_dags/example_sensor_decorator.py
[2024-03-15T08:19:00.763+0000] {logging_mixin.py:188} INFO - [2024-03-15T08:19:00.763+0000] {dag.py:3047} INFO - Sync 1 DAGs
[2024-03-15T08:19:00.768+0000] {logging_mixin.py:188} INFO - [2024-03-15T08:19:00.768+0000] {dag.py:3834} INFO - Setting next_dagrun for example_sensor_decorator to None, run_after=None
[2024-03-15T08:19:00.775+0000] {processor.py:183} INFO - Processing /home/airflow/.local/lib/python3.8/site-packages/airflow/example_dags/example_sensor_decorator.py took 0.026 seconds
[2024-03-15T08:19:31.038+0000] {processor.py:161} INFO - Started process (PID=1655) to work on /home/airflow/.local/lib/python3.8/site-packages/airflow/example_dags/example_sensor_decorator.py
[2024-03-15T08:19:31.039+0000] {processor.py:830} INFO - Processing file /home/airflow/.local/lib/python3.8/site-packages/airflow/example_dags/example_sensor_decorator.py for tasks to queue
[2024-03-15T08:19:31.039+0000] {logging_mixin.py:188} INFO - [2024-03-15T08:19:31.039+0000] {dagbag.py:540} INFO - Filling up the DagBag from /home/airflow/.local/lib/python3.8/site-packages/airflow/example_dags/example_sensor_decorator.py
[2024-03-15T08:19:31.043+0000] {processor.py:840} INFO - DAG(s) 'example_sensor_decorator' retrieved from /home/airflow/.local/lib/python3.8/site-packages/airflow/example_dags/example_sensor_decorator.py
[2024-03-15T08:19:31.051+0000] {logging_mixin.py:188} INFO - [2024-03-15T08:19:31.051+0000] {dag.py:3047} INFO - Sync 1 DAGs
[2024-03-15T08:19:31.056+0000] {logging_mixin.py:188} INFO - [2024-03-15T08:19:31.056+0000] {dag.py:3834} INFO - Setting next_dagrun for example_sensor_decorator to None, run_after=None
[2024-03-15T08:19:31.063+0000] {processor.py:183} INFO - Processing /home/airflow/.local/lib/python3.8/site-packages/airflow/example_dags/example_sensor_decorator.py took 0.026 seconds
[2024-03-15T08:20:01.392+0000] {processor.py:161} INFO - Started process (PID=1710) to work on /home/airflow/.local/lib/python3.8/site-packages/airflow/example_dags/example_sensor_decorator.py
[2024-03-15T08:20:01.393+0000] {processor.py:830} INFO - Processing file /home/airflow/.local/lib/python3.8/site-packages/airflow/example_dags/example_sensor_decorator.py for tasks to queue
[2024-03-15T08:20:01.394+0000] {logging_mixin.py:188} INFO - [2024-03-15T08:20:01.393+0000] {dagbag.py:540} INFO - Filling up the DagBag from /home/airflow/.local/lib/python3.8/site-packages/airflow/example_dags/example_sensor_decorator.py
[2024-03-15T08:20:01.396+0000] {processor.py:840} INFO - DAG(s) 'example_sensor_decorator' retrieved from /home/airflow/.local/lib/python3.8/site-packages/airflow/example_dags/example_sensor_decorator.py
[2024-03-15T08:20:01.404+0000] {logging_mixin.py:188} INFO - [2024-03-15T08:20:01.404+0000] {dag.py:3047} INFO - Sync 1 DAGs
[2024-03-15T08:20:01.409+0000] {logging_mixin.py:188} INFO - [2024-03-15T08:20:01.409+0000] {dag.py:3834} INFO - Setting next_dagrun for example_sensor_decorator to None, run_after=None
[2024-03-15T08:20:01.416+0000] {processor.py:183} INFO - Processing /home/airflow/.local/lib/python3.8/site-packages/airflow/example_dags/example_sensor_decorator.py took 0.025 seconds
[2024-03-15T08:20:31.722+0000] {processor.py:161} INFO - Started process (PID=1764) to work on /home/airflow/.local/lib/python3.8/site-packages/airflow/example_dags/example_sensor_decorator.py
[2024-03-15T08:20:31.723+0000] {processor.py:830} INFO - Processing file /home/airflow/.local/lib/python3.8/site-packages/airflow/example_dags/example_sensor_decorator.py for tasks to queue
[2024-03-15T08:20:31.723+0000] {logging_mixin.py:188} INFO - [2024-03-15T08:20:31.723+0000] {dagbag.py:540} INFO - Filling up the DagBag from /home/airflow/.local/lib/python3.8/site-packages/airflow/example_dags/example_sensor_decorator.py
[2024-03-15T08:20:31.726+0000] {processor.py:840} INFO - DAG(s) 'example_sensor_decorator' retrieved from /home/airflow/.local/lib/python3.8/site-packages/airflow/example_dags/example_sensor_decorator.py
[2024-03-15T08:20:31.734+0000] {logging_mixin.py:188} INFO - [2024-03-15T08:20:31.734+0000] {dag.py:3047} INFO - Sync 1 DAGs
[2024-03-15T08:20:31.739+0000] {logging_mixin.py:188} INFO - [2024-03-15T08:20:31.739+0000] {dag.py:3834} INFO - Setting next_dagrun for example_sensor_decorator to None, run_after=None
[2024-03-15T08:20:31.746+0000] {processor.py:183} INFO - Processing /home/airflow/.local/lib/python3.8/site-packages/airflow/example_dags/example_sensor_decorator.py took 0.026 seconds
[2024-03-15T08:21:02.055+0000] {processor.py:161} INFO - Started process (PID=1819) to work on /home/airflow/.local/lib/python3.8/site-packages/airflow/example_dags/example_sensor_decorator.py
[2024-03-15T08:21:02.056+0000] {processor.py:830} INFO - Processing file /home/airflow/.local/lib/python3.8/site-packages/airflow/example_dags/example_sensor_decorator.py for tasks to queue
[2024-03-15T08:21:02.056+0000] {logging_mixin.py:188} INFO - [2024-03-15T08:21:02.056+0000] {dagbag.py:540} INFO - Filling up the DagBag from /home/airflow/.local/lib/python3.8/site-packages/airflow/example_dags/example_sensor_decorator.py
[2024-03-15T08:21:02.059+0000] {processor.py:840} INFO - DAG(s) 'example_sensor_decorator' retrieved from /home/airflow/.local/lib/python3.8/site-packages/airflow/example_dags/example_sensor_decorator.py
[2024-03-15T08:21:02.067+0000] {logging_mixin.py:188} INFO - [2024-03-15T08:21:02.067+0000] {dag.py:3047} INFO - Sync 1 DAGs
[2024-03-15T08:21:02.071+0000] {logging_mixin.py:188} INFO - [2024-03-15T08:21:02.071+0000] {dag.py:3834} INFO - Setting next_dagrun for example_sensor_decorator to None, run_after=None
[2024-03-15T08:21:02.077+0000] {processor.py:183} INFO - Processing /home/airflow/.local/lib/python3.8/site-packages/airflow/example_dags/example_sensor_decorator.py took 0.023 seconds
[2024-03-15T08:21:32.340+0000] {processor.py:161} INFO - Started process (PID=1874) to work on /home/airflow/.local/lib/python3.8/site-packages/airflow/example_dags/example_sensor_decorator.py
[2024-03-15T08:21:32.341+0000] {processor.py:830} INFO - Processing file /home/airflow/.local/lib/python3.8/site-packages/airflow/example_dags/example_sensor_decorator.py for tasks to queue
[2024-03-15T08:21:32.342+0000] {logging_mixin.py:188} INFO - [2024-03-15T08:21:32.341+0000] {dagbag.py:540} INFO - Filling up the DagBag from /home/airflow/.local/lib/python3.8/site-packages/airflow/example_dags/example_sensor_decorator.py
[2024-03-15T08:21:32.344+0000] {processor.py:840} INFO - DAG(s) 'example_sensor_decorator' retrieved from /home/airflow/.local/lib/python3.8/site-packages/airflow/example_dags/example_sensor_decorator.py
[2024-03-15T08:21:32.353+0000] {logging_mixin.py:188} INFO - [2024-03-15T08:21:32.352+0000] {dag.py:3047} INFO - Sync 1 DAGs
[2024-03-15T08:21:32.357+0000] {logging_mixin.py:188} INFO - [2024-03-15T08:21:32.357+0000] {dag.py:3834} INFO - Setting next_dagrun for example_sensor_decorator to None, run_after=None
[2024-03-15T08:21:32.364+0000] {processor.py:183} INFO - Processing /home/airflow/.local/lib/python3.8/site-packages/airflow/example_dags/example_sensor_decorator.py took 0.025 seconds
[2024-03-15T08:22:02.642+0000] {processor.py:161} INFO - Started process (PID=1928) to work on /home/airflow/.local/lib/python3.8/site-packages/airflow/example_dags/example_sensor_decorator.py
[2024-03-15T08:22:02.643+0000] {processor.py:830} INFO - Processing file /home/airflow/.local/lib/python3.8/site-packages/airflow/example_dags/example_sensor_decorator.py for tasks to queue
[2024-03-15T08:22:02.644+0000] {logging_mixin.py:188} INFO - [2024-03-15T08:22:02.643+0000] {dagbag.py:540} INFO - Filling up the DagBag from /home/airflow/.local/lib/python3.8/site-packages/airflow/example_dags/example_sensor_decorator.py
[2024-03-15T08:22:02.646+0000] {processor.py:840} INFO - DAG(s) 'example_sensor_decorator' retrieved from /home/airflow/.local/lib/python3.8/site-packages/airflow/example_dags/example_sensor_decorator.py
[2024-03-15T08:22:02.654+0000] {logging_mixin.py:188} INFO - [2024-03-15T08:22:02.653+0000] {dag.py:3047} INFO - Sync 1 DAGs
[2024-03-15T08:22:02.658+0000] {logging_mixin.py:188} INFO - [2024-03-15T08:22:02.658+0000] {dag.py:3834} INFO - Setting next_dagrun for example_sensor_decorator to None, run_after=None
[2024-03-15T08:22:02.665+0000] {processor.py:183} INFO - Processing /home/airflow/.local/lib/python3.8/site-packages/airflow/example_dags/example_sensor_decorator.py took 0.024 seconds
[2024-03-15T08:22:33.001+0000] {processor.py:161} INFO - Started process (PID=1983) to work on /home/airflow/.local/lib/python3.8/site-packages/airflow/example_dags/example_sensor_decorator.py
[2024-03-15T08:22:33.001+0000] {processor.py:830} INFO - Processing file /home/airflow/.local/lib/python3.8/site-packages/airflow/example_dags/example_sensor_decorator.py for tasks to queue
[2024-03-15T08:22:33.002+0000] {logging_mixin.py:188} INFO - [2024-03-15T08:22:33.002+0000] {dagbag.py:540} INFO - Filling up the DagBag from /home/airflow/.local/lib/python3.8/site-packages/airflow/example_dags/example_sensor_decorator.py
[2024-03-15T08:22:33.005+0000] {processor.py:840} INFO - DAG(s) 'example_sensor_decorator' retrieved from /home/airflow/.local/lib/python3.8/site-packages/airflow/example_dags/example_sensor_decorator.py
[2024-03-15T08:22:33.013+0000] {logging_mixin.py:188} INFO - [2024-03-15T08:22:33.013+0000] {dag.py:3047} INFO - Sync 1 DAGs
[2024-03-15T08:22:33.018+0000] {logging_mixin.py:188} INFO - [2024-03-15T08:22:33.018+0000] {dag.py:3834} INFO - Setting next_dagrun for example_sensor_decorator to None, run_after=None
[2024-03-15T08:22:33.025+0000] {processor.py:183} INFO - Processing /home/airflow/.local/lib/python3.8/site-packages/airflow/example_dags/example_sensor_decorator.py took 0.026 seconds
[2024-03-15T08:23:03.494+0000] {processor.py:161} INFO - Started process (PID=2038) to work on /home/airflow/.local/lib/python3.8/site-packages/airflow/example_dags/example_sensor_decorator.py
[2024-03-15T08:23:03.495+0000] {processor.py:830} INFO - Processing file /home/airflow/.local/lib/python3.8/site-packages/airflow/example_dags/example_sensor_decorator.py for tasks to queue
[2024-03-15T08:23:03.496+0000] {logging_mixin.py:188} INFO - [2024-03-15T08:23:03.496+0000] {dagbag.py:540} INFO - Filling up the DagBag from /home/airflow/.local/lib/python3.8/site-packages/airflow/example_dags/example_sensor_decorator.py
[2024-03-15T08:23:03.499+0000] {processor.py:840} INFO - DAG(s) 'example_sensor_decorator' retrieved from /home/airflow/.local/lib/python3.8/site-packages/airflow/example_dags/example_sensor_decorator.py
[2024-03-15T08:23:03.507+0000] {logging_mixin.py:188} INFO - [2024-03-15T08:23:03.507+0000] {dag.py:3047} INFO - Sync 1 DAGs
[2024-03-15T08:23:03.512+0000] {logging_mixin.py:188} INFO - [2024-03-15T08:23:03.512+0000] {dag.py:3834} INFO - Setting next_dagrun for example_sensor_decorator to None, run_after=None
[2024-03-15T08:23:03.519+0000] {processor.py:183} INFO - Processing /home/airflow/.local/lib/python3.8/site-packages/airflow/example_dags/example_sensor_decorator.py took 0.026 seconds
[2024-03-15T08:23:34.024+0000] {processor.py:161} INFO - Started process (PID=2092) to work on /home/airflow/.local/lib/python3.8/site-packages/airflow/example_dags/example_sensor_decorator.py
[2024-03-15T08:23:34.024+0000] {processor.py:830} INFO - Processing file /home/airflow/.local/lib/python3.8/site-packages/airflow/example_dags/example_sensor_decorator.py for tasks to queue
[2024-03-15T08:23:34.025+0000] {logging_mixin.py:188} INFO - [2024-03-15T08:23:34.025+0000] {dagbag.py:540} INFO - Filling up the DagBag from /home/airflow/.local/lib/python3.8/site-packages/airflow/example_dags/example_sensor_decorator.py
[2024-03-15T08:23:34.028+0000] {processor.py:840} INFO - DAG(s) 'example_sensor_decorator' retrieved from /home/airflow/.local/lib/python3.8/site-packages/airflow/example_dags/example_sensor_decorator.py
[2024-03-15T08:23:34.036+0000] {logging_mixin.py:188} INFO - [2024-03-15T08:23:34.036+0000] {dag.py:3047} INFO - Sync 1 DAGs
[2024-03-15T08:23:34.040+0000] {logging_mixin.py:188} INFO - [2024-03-15T08:23:34.040+0000] {dag.py:3834} INFO - Setting next_dagrun for example_sensor_decorator to None, run_after=None
[2024-03-15T08:23:34.047+0000] {processor.py:183} INFO - Processing /home/airflow/.local/lib/python3.8/site-packages/airflow/example_dags/example_sensor_decorator.py took 0.025 seconds
