[2024-03-15T08:04:48.547+0000] {processor.py:161} INFO - Started process (PID=43) to work on /home/airflow/.local/lib/python3.8/site-packages/airflow/example_dags/example_external_task_marker_dag.py
[2024-03-15T08:04:48.548+0000] {processor.py:830} INFO - Processing file /home/airflow/.local/lib/python3.8/site-packages/airflow/example_dags/example_external_task_marker_dag.py for tasks to queue
[2024-03-15T08:04:48.549+0000] {logging_mixin.py:188} INFO - [2024-03-15T08:04:48.549+0000] {dagbag.py:540} INFO - Filling up the DagBag from /home/airflow/.local/lib/python3.8/site-packages/airflow/example_dags/example_external_task_marker_dag.py
[2024-03-15T08:04:48.552+0000] {processor.py:840} INFO - DAG(s) 'example_external_task_marker_parent', 'example_external_task_marker_child' retrieved from /home/airflow/.local/lib/python3.8/site-packages/airflow/example_dags/example_external_task_marker_dag.py
[2024-03-15T08:04:48.560+0000] {logging_mixin.py:188} INFO - [2024-03-15T08:04:48.559+0000] {dag.py:3047} INFO - Sync 2 DAGs
[2024-03-15T08:04:48.565+0000] {logging_mixin.py:188} INFO - [2024-03-15T08:04:48.565+0000] {dag.py:3834} INFO - Setting next_dagrun for example_external_task_marker_child to None, run_after=None
[2024-03-15T08:04:48.567+0000] {logging_mixin.py:188} INFO - [2024-03-15T08:04:48.567+0000] {dag.py:3834} INFO - Setting next_dagrun for example_external_task_marker_parent to None, run_after=None
[2024-03-15T08:04:48.574+0000] {processor.py:183} INFO - Processing /home/airflow/.local/lib/python3.8/site-packages/airflow/example_dags/example_external_task_marker_dag.py took 0.028 seconds
[2024-03-15T08:05:19.691+0000] {processor.py:161} INFO - Started process (PID=98) to work on /home/airflow/.local/lib/python3.8/site-packages/airflow/example_dags/example_external_task_marker_dag.py
[2024-03-15T08:05:19.691+0000] {processor.py:830} INFO - Processing file /home/airflow/.local/lib/python3.8/site-packages/airflow/example_dags/example_external_task_marker_dag.py for tasks to queue
[2024-03-15T08:05:19.692+0000] {logging_mixin.py:188} INFO - [2024-03-15T08:05:19.692+0000] {dagbag.py:540} INFO - Filling up the DagBag from /home/airflow/.local/lib/python3.8/site-packages/airflow/example_dags/example_external_task_marker_dag.py
[2024-03-15T08:05:19.696+0000] {processor.py:840} INFO - DAG(s) 'example_external_task_marker_parent', 'example_external_task_marker_child' retrieved from /home/airflow/.local/lib/python3.8/site-packages/airflow/example_dags/example_external_task_marker_dag.py
[2024-03-15T08:05:19.744+0000] {logging_mixin.py:188} INFO - [2024-03-15T08:05:19.743+0000] {dag.py:3047} INFO - Sync 2 DAGs
[2024-03-15T08:05:19.748+0000] {logging_mixin.py:188} INFO - [2024-03-15T08:05:19.748+0000] {dag.py:3834} INFO - Setting next_dagrun for example_external_task_marker_child to None, run_after=None
[2024-03-15T08:05:19.749+0000] {logging_mixin.py:188} INFO - [2024-03-15T08:05:19.749+0000] {dag.py:3834} INFO - Setting next_dagrun for example_external_task_marker_parent to None, run_after=None
[2024-03-15T08:05:19.756+0000] {processor.py:183} INFO - Processing /home/airflow/.local/lib/python3.8/site-packages/airflow/example_dags/example_external_task_marker_dag.py took 0.067 seconds
[2024-03-15T08:05:50.676+0000] {processor.py:161} INFO - Started process (PID=153) to work on /home/airflow/.local/lib/python3.8/site-packages/airflow/example_dags/example_external_task_marker_dag.py
[2024-03-15T08:05:50.676+0000] {processor.py:830} INFO - Processing file /home/airflow/.local/lib/python3.8/site-packages/airflow/example_dags/example_external_task_marker_dag.py for tasks to queue
[2024-03-15T08:05:50.678+0000] {logging_mixin.py:188} INFO - [2024-03-15T08:05:50.678+0000] {dagbag.py:540} INFO - Filling up the DagBag from /home/airflow/.local/lib/python3.8/site-packages/airflow/example_dags/example_external_task_marker_dag.py
[2024-03-15T08:05:50.681+0000] {processor.py:840} INFO - DAG(s) 'example_external_task_marker_parent', 'example_external_task_marker_child' retrieved from /home/airflow/.local/lib/python3.8/site-packages/airflow/example_dags/example_external_task_marker_dag.py
[2024-03-15T08:05:50.693+0000] {logging_mixin.py:188} INFO - [2024-03-15T08:05:50.693+0000] {dag.py:3047} INFO - Sync 2 DAGs
[2024-03-15T08:05:50.699+0000] {logging_mixin.py:188} INFO - [2024-03-15T08:05:50.699+0000] {dag.py:3834} INFO - Setting next_dagrun for example_external_task_marker_child to None, run_after=None
[2024-03-15T08:05:50.701+0000] {logging_mixin.py:188} INFO - [2024-03-15T08:05:50.701+0000] {dag.py:3834} INFO - Setting next_dagrun for example_external_task_marker_parent to None, run_after=None
[2024-03-15T08:05:50.707+0000] {processor.py:183} INFO - Processing /home/airflow/.local/lib/python3.8/site-packages/airflow/example_dags/example_external_task_marker_dag.py took 0.034 seconds
[2024-03-15T08:06:21.075+0000] {processor.py:161} INFO - Started process (PID=208) to work on /home/airflow/.local/lib/python3.8/site-packages/airflow/example_dags/example_external_task_marker_dag.py
[2024-03-15T08:06:21.076+0000] {processor.py:830} INFO - Processing file /home/airflow/.local/lib/python3.8/site-packages/airflow/example_dags/example_external_task_marker_dag.py for tasks to queue
[2024-03-15T08:06:21.076+0000] {logging_mixin.py:188} INFO - [2024-03-15T08:06:21.076+0000] {dagbag.py:540} INFO - Filling up the DagBag from /home/airflow/.local/lib/python3.8/site-packages/airflow/example_dags/example_external_task_marker_dag.py
[2024-03-15T08:06:21.079+0000] {processor.py:840} INFO - DAG(s) 'example_external_task_marker_parent', 'example_external_task_marker_child' retrieved from /home/airflow/.local/lib/python3.8/site-packages/airflow/example_dags/example_external_task_marker_dag.py
[2024-03-15T08:06:21.089+0000] {logging_mixin.py:188} INFO - [2024-03-15T08:06:21.088+0000] {dag.py:3047} INFO - Sync 2 DAGs
[2024-03-15T08:06:21.093+0000] {logging_mixin.py:188} INFO - [2024-03-15T08:06:21.093+0000] {dag.py:3834} INFO - Setting next_dagrun for example_external_task_marker_child to None, run_after=None
[2024-03-15T08:06:21.095+0000] {logging_mixin.py:188} INFO - [2024-03-15T08:06:21.095+0000] {dag.py:3834} INFO - Setting next_dagrun for example_external_task_marker_parent to None, run_after=None
[2024-03-15T08:06:21.101+0000] {processor.py:183} INFO - Processing /home/airflow/.local/lib/python3.8/site-packages/airflow/example_dags/example_external_task_marker_dag.py took 0.028 seconds
[2024-03-15T08:06:51.352+0000] {processor.py:161} INFO - Started process (PID=263) to work on /home/airflow/.local/lib/python3.8/site-packages/airflow/example_dags/example_external_task_marker_dag.py
[2024-03-15T08:06:51.352+0000] {processor.py:830} INFO - Processing file /home/airflow/.local/lib/python3.8/site-packages/airflow/example_dags/example_external_task_marker_dag.py for tasks to queue
[2024-03-15T08:06:51.353+0000] {logging_mixin.py:188} INFO - [2024-03-15T08:06:51.353+0000] {dagbag.py:540} INFO - Filling up the DagBag from /home/airflow/.local/lib/python3.8/site-packages/airflow/example_dags/example_external_task_marker_dag.py
[2024-03-15T08:06:51.356+0000] {processor.py:840} INFO - DAG(s) 'example_external_task_marker_child', 'example_external_task_marker_parent' retrieved from /home/airflow/.local/lib/python3.8/site-packages/airflow/example_dags/example_external_task_marker_dag.py
[2024-03-15T08:06:51.365+0000] {logging_mixin.py:188} INFO - [2024-03-15T08:06:51.365+0000] {dag.py:3047} INFO - Sync 2 DAGs
[2024-03-15T08:06:51.370+0000] {logging_mixin.py:188} INFO - [2024-03-15T08:06:51.370+0000] {dag.py:3834} INFO - Setting next_dagrun for example_external_task_marker_child to None, run_after=None
[2024-03-15T08:06:51.371+0000] {logging_mixin.py:188} INFO - [2024-03-15T08:06:51.371+0000] {dag.py:3834} INFO - Setting next_dagrun for example_external_task_marker_parent to None, run_after=None
[2024-03-15T08:06:51.377+0000] {processor.py:183} INFO - Processing /home/airflow/.local/lib/python3.8/site-packages/airflow/example_dags/example_external_task_marker_dag.py took 0.027 seconds
[2024-03-15T08:07:21.664+0000] {processor.py:161} INFO - Started process (PID=318) to work on /home/airflow/.local/lib/python3.8/site-packages/airflow/example_dags/example_external_task_marker_dag.py
[2024-03-15T08:07:21.664+0000] {processor.py:830} INFO - Processing file /home/airflow/.local/lib/python3.8/site-packages/airflow/example_dags/example_external_task_marker_dag.py for tasks to queue
[2024-03-15T08:07:21.665+0000] {logging_mixin.py:188} INFO - [2024-03-15T08:07:21.665+0000] {dagbag.py:540} INFO - Filling up the DagBag from /home/airflow/.local/lib/python3.8/site-packages/airflow/example_dags/example_external_task_marker_dag.py
[2024-03-15T08:07:21.668+0000] {processor.py:840} INFO - DAG(s) 'example_external_task_marker_child', 'example_external_task_marker_parent' retrieved from /home/airflow/.local/lib/python3.8/site-packages/airflow/example_dags/example_external_task_marker_dag.py
[2024-03-15T08:07:21.677+0000] {logging_mixin.py:188} INFO - [2024-03-15T08:07:21.677+0000] {dag.py:3047} INFO - Sync 2 DAGs
[2024-03-15T08:07:21.682+0000] {logging_mixin.py:188} INFO - [2024-03-15T08:07:21.682+0000] {dag.py:3834} INFO - Setting next_dagrun for example_external_task_marker_child to None, run_after=None
[2024-03-15T08:07:21.683+0000] {logging_mixin.py:188} INFO - [2024-03-15T08:07:21.683+0000] {dag.py:3834} INFO - Setting next_dagrun for example_external_task_marker_parent to None, run_after=None
[2024-03-15T08:07:21.689+0000] {processor.py:183} INFO - Processing /home/airflow/.local/lib/python3.8/site-packages/airflow/example_dags/example_external_task_marker_dag.py took 0.026 seconds
[2024-03-15T08:07:51.966+0000] {processor.py:161} INFO - Started process (PID=373) to work on /home/airflow/.local/lib/python3.8/site-packages/airflow/example_dags/example_external_task_marker_dag.py
[2024-03-15T08:07:51.966+0000] {processor.py:830} INFO - Processing file /home/airflow/.local/lib/python3.8/site-packages/airflow/example_dags/example_external_task_marker_dag.py for tasks to queue
[2024-03-15T08:07:51.967+0000] {logging_mixin.py:188} INFO - [2024-03-15T08:07:51.967+0000] {dagbag.py:540} INFO - Filling up the DagBag from /home/airflow/.local/lib/python3.8/site-packages/airflow/example_dags/example_external_task_marker_dag.py
[2024-03-15T08:07:51.970+0000] {processor.py:840} INFO - DAG(s) 'example_external_task_marker_parent', 'example_external_task_marker_child' retrieved from /home/airflow/.local/lib/python3.8/site-packages/airflow/example_dags/example_external_task_marker_dag.py
[2024-03-15T08:07:51.979+0000] {logging_mixin.py:188} INFO - [2024-03-15T08:07:51.979+0000] {dag.py:3047} INFO - Sync 2 DAGs
[2024-03-15T08:07:51.985+0000] {logging_mixin.py:188} INFO - [2024-03-15T08:07:51.984+0000] {dag.py:3834} INFO - Setting next_dagrun for example_external_task_marker_child to None, run_after=None
[2024-03-15T08:07:51.986+0000] {logging_mixin.py:188} INFO - [2024-03-15T08:07:51.986+0000] {dag.py:3834} INFO - Setting next_dagrun for example_external_task_marker_parent to None, run_after=None
[2024-03-15T08:07:51.992+0000] {processor.py:183} INFO - Processing /home/airflow/.local/lib/python3.8/site-packages/airflow/example_dags/example_external_task_marker_dag.py took 0.027 seconds
[2024-03-15T08:08:22.312+0000] {processor.py:161} INFO - Started process (PID=427) to work on /home/airflow/.local/lib/python3.8/site-packages/airflow/example_dags/example_external_task_marker_dag.py
[2024-03-15T08:08:22.312+0000] {processor.py:830} INFO - Processing file /home/airflow/.local/lib/python3.8/site-packages/airflow/example_dags/example_external_task_marker_dag.py for tasks to queue
[2024-03-15T08:08:22.313+0000] {logging_mixin.py:188} INFO - [2024-03-15T08:08:22.313+0000] {dagbag.py:540} INFO - Filling up the DagBag from /home/airflow/.local/lib/python3.8/site-packages/airflow/example_dags/example_external_task_marker_dag.py
[2024-03-15T08:08:22.317+0000] {processor.py:840} INFO - DAG(s) 'example_external_task_marker_child', 'example_external_task_marker_parent' retrieved from /home/airflow/.local/lib/python3.8/site-packages/airflow/example_dags/example_external_task_marker_dag.py
[2024-03-15T08:08:22.329+0000] {logging_mixin.py:188} INFO - [2024-03-15T08:08:22.329+0000] {dag.py:3047} INFO - Sync 2 DAGs
[2024-03-15T08:08:22.336+0000] {logging_mixin.py:188} INFO - [2024-03-15T08:08:22.336+0000] {dag.py:3834} INFO - Setting next_dagrun for example_external_task_marker_child to None, run_after=None
[2024-03-15T08:08:22.338+0000] {logging_mixin.py:188} INFO - [2024-03-15T08:08:22.338+0000] {dag.py:3834} INFO - Setting next_dagrun for example_external_task_marker_parent to None, run_after=None
[2024-03-15T08:08:22.345+0000] {processor.py:183} INFO - Processing /home/airflow/.local/lib/python3.8/site-packages/airflow/example_dags/example_external_task_marker_dag.py took 0.036 seconds
[2024-03-15T08:08:52.638+0000] {processor.py:161} INFO - Started process (PID=482) to work on /home/airflow/.local/lib/python3.8/site-packages/airflow/example_dags/example_external_task_marker_dag.py
[2024-03-15T08:08:52.638+0000] {processor.py:830} INFO - Processing file /home/airflow/.local/lib/python3.8/site-packages/airflow/example_dags/example_external_task_marker_dag.py for tasks to queue
[2024-03-15T08:08:52.639+0000] {logging_mixin.py:188} INFO - [2024-03-15T08:08:52.639+0000] {dagbag.py:540} INFO - Filling up the DagBag from /home/airflow/.local/lib/python3.8/site-packages/airflow/example_dags/example_external_task_marker_dag.py
[2024-03-15T08:08:52.642+0000] {processor.py:840} INFO - DAG(s) 'example_external_task_marker_parent', 'example_external_task_marker_child' retrieved from /home/airflow/.local/lib/python3.8/site-packages/airflow/example_dags/example_external_task_marker_dag.py
[2024-03-15T08:08:52.650+0000] {logging_mixin.py:188} INFO - [2024-03-15T08:08:52.650+0000] {dag.py:3047} INFO - Sync 2 DAGs
[2024-03-15T08:08:52.655+0000] {logging_mixin.py:188} INFO - [2024-03-15T08:08:52.655+0000] {dag.py:3834} INFO - Setting next_dagrun for example_external_task_marker_child to None, run_after=None
[2024-03-15T08:08:52.656+0000] {logging_mixin.py:188} INFO - [2024-03-15T08:08:52.656+0000] {dag.py:3834} INFO - Setting next_dagrun for example_external_task_marker_parent to None, run_after=None
[2024-03-15T08:08:52.662+0000] {processor.py:183} INFO - Processing /home/airflow/.local/lib/python3.8/site-packages/airflow/example_dags/example_external_task_marker_dag.py took 0.026 seconds
[2024-03-15T08:09:22.968+0000] {processor.py:161} INFO - Started process (PID=537) to work on /home/airflow/.local/lib/python3.8/site-packages/airflow/example_dags/example_external_task_marker_dag.py
[2024-03-15T08:09:22.968+0000] {processor.py:830} INFO - Processing file /home/airflow/.local/lib/python3.8/site-packages/airflow/example_dags/example_external_task_marker_dag.py for tasks to queue
[2024-03-15T08:09:22.969+0000] {logging_mixin.py:188} INFO - [2024-03-15T08:09:22.969+0000] {dagbag.py:540} INFO - Filling up the DagBag from /home/airflow/.local/lib/python3.8/site-packages/airflow/example_dags/example_external_task_marker_dag.py
[2024-03-15T08:09:22.972+0000] {processor.py:840} INFO - DAG(s) 'example_external_task_marker_child', 'example_external_task_marker_parent' retrieved from /home/airflow/.local/lib/python3.8/site-packages/airflow/example_dags/example_external_task_marker_dag.py
[2024-03-15T08:09:22.980+0000] {logging_mixin.py:188} INFO - [2024-03-15T08:09:22.980+0000] {dag.py:3047} INFO - Sync 2 DAGs
[2024-03-15T08:09:22.985+0000] {logging_mixin.py:188} INFO - [2024-03-15T08:09:22.985+0000] {dag.py:3834} INFO - Setting next_dagrun for example_external_task_marker_child to None, run_after=None
[2024-03-15T08:09:22.986+0000] {logging_mixin.py:188} INFO - [2024-03-15T08:09:22.986+0000] {dag.py:3834} INFO - Setting next_dagrun for example_external_task_marker_parent to None, run_after=None
[2024-03-15T08:09:22.992+0000] {processor.py:183} INFO - Processing /home/airflow/.local/lib/python3.8/site-packages/airflow/example_dags/example_external_task_marker_dag.py took 0.026 seconds
[2024-03-15T08:09:53.500+0000] {processor.py:161} INFO - Started process (PID=592) to work on /home/airflow/.local/lib/python3.8/site-packages/airflow/example_dags/example_external_task_marker_dag.py
[2024-03-15T08:09:53.500+0000] {processor.py:830} INFO - Processing file /home/airflow/.local/lib/python3.8/site-packages/airflow/example_dags/example_external_task_marker_dag.py for tasks to queue
[2024-03-15T08:09:53.502+0000] {logging_mixin.py:188} INFO - [2024-03-15T08:09:53.502+0000] {dagbag.py:540} INFO - Filling up the DagBag from /home/airflow/.local/lib/python3.8/site-packages/airflow/example_dags/example_external_task_marker_dag.py
[2024-03-15T08:09:53.506+0000] {processor.py:840} INFO - DAG(s) 'example_external_task_marker_child', 'example_external_task_marker_parent' retrieved from /home/airflow/.local/lib/python3.8/site-packages/airflow/example_dags/example_external_task_marker_dag.py
[2024-03-15T08:09:53.517+0000] {logging_mixin.py:188} INFO - [2024-03-15T08:09:53.517+0000] {dag.py:3047} INFO - Sync 2 DAGs
[2024-03-15T08:09:53.522+0000] {logging_mixin.py:188} INFO - [2024-03-15T08:09:53.522+0000] {dag.py:3834} INFO - Setting next_dagrun for example_external_task_marker_child to None, run_after=None
[2024-03-15T08:09:53.524+0000] {logging_mixin.py:188} INFO - [2024-03-15T08:09:53.524+0000] {dag.py:3834} INFO - Setting next_dagrun for example_external_task_marker_parent to None, run_after=None
[2024-03-15T08:09:53.530+0000] {processor.py:183} INFO - Processing /home/airflow/.local/lib/python3.8/site-packages/airflow/example_dags/example_external_task_marker_dag.py took 0.033 seconds
[2024-03-15T08:10:23.916+0000] {processor.py:161} INFO - Started process (PID=647) to work on /home/airflow/.local/lib/python3.8/site-packages/airflow/example_dags/example_external_task_marker_dag.py
[2024-03-15T08:10:23.917+0000] {processor.py:830} INFO - Processing file /home/airflow/.local/lib/python3.8/site-packages/airflow/example_dags/example_external_task_marker_dag.py for tasks to queue
[2024-03-15T08:10:23.917+0000] {logging_mixin.py:188} INFO - [2024-03-15T08:10:23.917+0000] {dagbag.py:540} INFO - Filling up the DagBag from /home/airflow/.local/lib/python3.8/site-packages/airflow/example_dags/example_external_task_marker_dag.py
[2024-03-15T08:10:23.920+0000] {processor.py:840} INFO - DAG(s) 'example_external_task_marker_parent', 'example_external_task_marker_child' retrieved from /home/airflow/.local/lib/python3.8/site-packages/airflow/example_dags/example_external_task_marker_dag.py
[2024-03-15T08:10:23.930+0000] {logging_mixin.py:188} INFO - [2024-03-15T08:10:23.930+0000] {dag.py:3047} INFO - Sync 2 DAGs
[2024-03-15T08:10:23.935+0000] {logging_mixin.py:188} INFO - [2024-03-15T08:10:23.935+0000] {dag.py:3834} INFO - Setting next_dagrun for example_external_task_marker_child to None, run_after=None
[2024-03-15T08:10:23.936+0000] {logging_mixin.py:188} INFO - [2024-03-15T08:10:23.936+0000] {dag.py:3834} INFO - Setting next_dagrun for example_external_task_marker_parent to None, run_after=None
[2024-03-15T08:10:23.942+0000] {processor.py:183} INFO - Processing /home/airflow/.local/lib/python3.8/site-packages/airflow/example_dags/example_external_task_marker_dag.py took 0.027 seconds
[2024-03-15T08:10:54.251+0000] {processor.py:161} INFO - Started process (PID=702) to work on /home/airflow/.local/lib/python3.8/site-packages/airflow/example_dags/example_external_task_marker_dag.py
[2024-03-15T08:10:54.251+0000] {processor.py:830} INFO - Processing file /home/airflow/.local/lib/python3.8/site-packages/airflow/example_dags/example_external_task_marker_dag.py for tasks to queue
[2024-03-15T08:10:54.252+0000] {logging_mixin.py:188} INFO - [2024-03-15T08:10:54.252+0000] {dagbag.py:540} INFO - Filling up the DagBag from /home/airflow/.local/lib/python3.8/site-packages/airflow/example_dags/example_external_task_marker_dag.py
[2024-03-15T08:10:54.255+0000] {processor.py:840} INFO - DAG(s) 'example_external_task_marker_child', 'example_external_task_marker_parent' retrieved from /home/airflow/.local/lib/python3.8/site-packages/airflow/example_dags/example_external_task_marker_dag.py
[2024-03-15T08:10:54.264+0000] {logging_mixin.py:188} INFO - [2024-03-15T08:10:54.264+0000] {dag.py:3047} INFO - Sync 2 DAGs
[2024-03-15T08:10:54.269+0000] {logging_mixin.py:188} INFO - [2024-03-15T08:10:54.269+0000] {dag.py:3834} INFO - Setting next_dagrun for example_external_task_marker_child to None, run_after=None
[2024-03-15T08:10:54.271+0000] {logging_mixin.py:188} INFO - [2024-03-15T08:10:54.271+0000] {dag.py:3834} INFO - Setting next_dagrun for example_external_task_marker_parent to None, run_after=None
[2024-03-15T08:10:54.276+0000] {processor.py:183} INFO - Processing /home/airflow/.local/lib/python3.8/site-packages/airflow/example_dags/example_external_task_marker_dag.py took 0.027 seconds
[2024-03-15T08:11:24.582+0000] {processor.py:161} INFO - Started process (PID=757) to work on /home/airflow/.local/lib/python3.8/site-packages/airflow/example_dags/example_external_task_marker_dag.py
[2024-03-15T08:11:24.583+0000] {processor.py:830} INFO - Processing file /home/airflow/.local/lib/python3.8/site-packages/airflow/example_dags/example_external_task_marker_dag.py for tasks to queue
[2024-03-15T08:11:24.583+0000] {logging_mixin.py:188} INFO - [2024-03-15T08:11:24.583+0000] {dagbag.py:540} INFO - Filling up the DagBag from /home/airflow/.local/lib/python3.8/site-packages/airflow/example_dags/example_external_task_marker_dag.py
[2024-03-15T08:11:24.587+0000] {processor.py:840} INFO - DAG(s) 'example_external_task_marker_child', 'example_external_task_marker_parent' retrieved from /home/airflow/.local/lib/python3.8/site-packages/airflow/example_dags/example_external_task_marker_dag.py
[2024-03-15T08:11:24.602+0000] {logging_mixin.py:188} INFO - [2024-03-15T08:11:24.601+0000] {dag.py:3047} INFO - Sync 2 DAGs
[2024-03-15T08:11:24.610+0000] {logging_mixin.py:188} INFO - [2024-03-15T08:11:24.610+0000] {dag.py:3834} INFO - Setting next_dagrun for example_external_task_marker_child to None, run_after=None
[2024-03-15T08:11:24.613+0000] {logging_mixin.py:188} INFO - [2024-03-15T08:11:24.613+0000] {dag.py:3834} INFO - Setting next_dagrun for example_external_task_marker_parent to None, run_after=None
[2024-03-15T08:11:24.624+0000] {processor.py:183} INFO - Processing /home/airflow/.local/lib/python3.8/site-packages/airflow/example_dags/example_external_task_marker_dag.py took 0.043 seconds
[2024-03-15T08:11:55.172+0000] {processor.py:161} INFO - Started process (PID=812) to work on /home/airflow/.local/lib/python3.8/site-packages/airflow/example_dags/example_external_task_marker_dag.py
[2024-03-15T08:11:55.173+0000] {processor.py:830} INFO - Processing file /home/airflow/.local/lib/python3.8/site-packages/airflow/example_dags/example_external_task_marker_dag.py for tasks to queue
[2024-03-15T08:11:55.174+0000] {logging_mixin.py:188} INFO - [2024-03-15T08:11:55.174+0000] {dagbag.py:540} INFO - Filling up the DagBag from /home/airflow/.local/lib/python3.8/site-packages/airflow/example_dags/example_external_task_marker_dag.py
[2024-03-15T08:11:55.176+0000] {processor.py:840} INFO - DAG(s) 'example_external_task_marker_child', 'example_external_task_marker_parent' retrieved from /home/airflow/.local/lib/python3.8/site-packages/airflow/example_dags/example_external_task_marker_dag.py
[2024-03-15T08:11:55.186+0000] {logging_mixin.py:188} INFO - [2024-03-15T08:11:55.186+0000] {dag.py:3047} INFO - Sync 2 DAGs
[2024-03-15T08:11:55.191+0000] {logging_mixin.py:188} INFO - [2024-03-15T08:11:55.191+0000] {dag.py:3834} INFO - Setting next_dagrun for example_external_task_marker_child to None, run_after=None
[2024-03-15T08:11:55.193+0000] {logging_mixin.py:188} INFO - [2024-03-15T08:11:55.193+0000] {dag.py:3834} INFO - Setting next_dagrun for example_external_task_marker_parent to None, run_after=None
[2024-03-15T08:11:55.200+0000] {processor.py:183} INFO - Processing /home/airflow/.local/lib/python3.8/site-packages/airflow/example_dags/example_external_task_marker_dag.py took 0.029 seconds
[2024-03-15T08:12:25.730+0000] {processor.py:161} INFO - Started process (PID=867) to work on /home/airflow/.local/lib/python3.8/site-packages/airflow/example_dags/example_external_task_marker_dag.py
[2024-03-15T08:12:25.730+0000] {processor.py:830} INFO - Processing file /home/airflow/.local/lib/python3.8/site-packages/airflow/example_dags/example_external_task_marker_dag.py for tasks to queue
[2024-03-15T08:12:25.732+0000] {logging_mixin.py:188} INFO - [2024-03-15T08:12:25.731+0000] {dagbag.py:540} INFO - Filling up the DagBag from /home/airflow/.local/lib/python3.8/site-packages/airflow/example_dags/example_external_task_marker_dag.py
[2024-03-15T08:12:25.735+0000] {processor.py:840} INFO - DAG(s) 'example_external_task_marker_child', 'example_external_task_marker_parent' retrieved from /home/airflow/.local/lib/python3.8/site-packages/airflow/example_dags/example_external_task_marker_dag.py
[2024-03-15T08:12:25.746+0000] {logging_mixin.py:188} INFO - [2024-03-15T08:12:25.746+0000] {dag.py:3047} INFO - Sync 2 DAGs
[2024-03-15T08:12:25.751+0000] {logging_mixin.py:188} INFO - [2024-03-15T08:12:25.751+0000] {dag.py:3834} INFO - Setting next_dagrun for example_external_task_marker_child to None, run_after=None
[2024-03-15T08:12:25.753+0000] {logging_mixin.py:188} INFO - [2024-03-15T08:12:25.753+0000] {dag.py:3834} INFO - Setting next_dagrun for example_external_task_marker_parent to None, run_after=None
[2024-03-15T08:12:25.759+0000] {processor.py:183} INFO - Processing /home/airflow/.local/lib/python3.8/site-packages/airflow/example_dags/example_external_task_marker_dag.py took 0.031 seconds
[2024-03-15T08:12:56.160+0000] {processor.py:161} INFO - Started process (PID=922) to work on /home/airflow/.local/lib/python3.8/site-packages/airflow/example_dags/example_external_task_marker_dag.py
[2024-03-15T08:12:56.160+0000] {processor.py:830} INFO - Processing file /home/airflow/.local/lib/python3.8/site-packages/airflow/example_dags/example_external_task_marker_dag.py for tasks to queue
[2024-03-15T08:12:56.161+0000] {logging_mixin.py:188} INFO - [2024-03-15T08:12:56.161+0000] {dagbag.py:540} INFO - Filling up the DagBag from /home/airflow/.local/lib/python3.8/site-packages/airflow/example_dags/example_external_task_marker_dag.py
[2024-03-15T08:12:56.164+0000] {processor.py:840} INFO - DAG(s) 'example_external_task_marker_parent', 'example_external_task_marker_child' retrieved from /home/airflow/.local/lib/python3.8/site-packages/airflow/example_dags/example_external_task_marker_dag.py
[2024-03-15T08:12:56.173+0000] {logging_mixin.py:188} INFO - [2024-03-15T08:12:56.173+0000] {dag.py:3047} INFO - Sync 2 DAGs
[2024-03-15T08:12:56.178+0000] {logging_mixin.py:188} INFO - [2024-03-15T08:12:56.178+0000] {dag.py:3834} INFO - Setting next_dagrun for example_external_task_marker_child to None, run_after=None
[2024-03-15T08:12:56.180+0000] {logging_mixin.py:188} INFO - [2024-03-15T08:12:56.180+0000] {dag.py:3834} INFO - Setting next_dagrun for example_external_task_marker_parent to None, run_after=None
[2024-03-15T08:12:56.186+0000] {processor.py:183} INFO - Processing /home/airflow/.local/lib/python3.8/site-packages/airflow/example_dags/example_external_task_marker_dag.py took 0.027 seconds
[2024-03-15T08:13:26.390+0000] {processor.py:161} INFO - Started process (PID=977) to work on /home/airflow/.local/lib/python3.8/site-packages/airflow/example_dags/example_external_task_marker_dag.py
[2024-03-15T08:13:26.390+0000] {processor.py:830} INFO - Processing file /home/airflow/.local/lib/python3.8/site-packages/airflow/example_dags/example_external_task_marker_dag.py for tasks to queue
[2024-03-15T08:13:26.391+0000] {logging_mixin.py:188} INFO - [2024-03-15T08:13:26.391+0000] {dagbag.py:540} INFO - Filling up the DagBag from /home/airflow/.local/lib/python3.8/site-packages/airflow/example_dags/example_external_task_marker_dag.py
[2024-03-15T08:13:26.394+0000] {processor.py:840} INFO - DAG(s) 'example_external_task_marker_parent', 'example_external_task_marker_child' retrieved from /home/airflow/.local/lib/python3.8/site-packages/airflow/example_dags/example_external_task_marker_dag.py
[2024-03-15T08:13:26.402+0000] {logging_mixin.py:188} INFO - [2024-03-15T08:13:26.402+0000] {dag.py:3047} INFO - Sync 2 DAGs
[2024-03-15T08:13:26.407+0000] {logging_mixin.py:188} INFO - [2024-03-15T08:13:26.407+0000] {dag.py:3834} INFO - Setting next_dagrun for example_external_task_marker_child to None, run_after=None
[2024-03-15T08:13:26.408+0000] {logging_mixin.py:188} INFO - [2024-03-15T08:13:26.408+0000] {dag.py:3834} INFO - Setting next_dagrun for example_external_task_marker_parent to None, run_after=None
[2024-03-15T08:13:26.414+0000] {processor.py:183} INFO - Processing /home/airflow/.local/lib/python3.8/site-packages/airflow/example_dags/example_external_task_marker_dag.py took 0.026 seconds
[2024-03-15T08:13:56.741+0000] {processor.py:161} INFO - Started process (PID=1032) to work on /home/airflow/.local/lib/python3.8/site-packages/airflow/example_dags/example_external_task_marker_dag.py
[2024-03-15T08:13:56.741+0000] {processor.py:830} INFO - Processing file /home/airflow/.local/lib/python3.8/site-packages/airflow/example_dags/example_external_task_marker_dag.py for tasks to queue
[2024-03-15T08:13:56.742+0000] {logging_mixin.py:188} INFO - [2024-03-15T08:13:56.742+0000] {dagbag.py:540} INFO - Filling up the DagBag from /home/airflow/.local/lib/python3.8/site-packages/airflow/example_dags/example_external_task_marker_dag.py
[2024-03-15T08:13:56.745+0000] {processor.py:840} INFO - DAG(s) 'example_external_task_marker_child', 'example_external_task_marker_parent' retrieved from /home/airflow/.local/lib/python3.8/site-packages/airflow/example_dags/example_external_task_marker_dag.py
[2024-03-15T08:13:56.754+0000] {logging_mixin.py:188} INFO - [2024-03-15T08:13:56.754+0000] {dag.py:3047} INFO - Sync 2 DAGs
[2024-03-15T08:13:56.759+0000] {logging_mixin.py:188} INFO - [2024-03-15T08:13:56.759+0000] {dag.py:3834} INFO - Setting next_dagrun for example_external_task_marker_child to None, run_after=None
[2024-03-15T08:13:56.760+0000] {logging_mixin.py:188} INFO - [2024-03-15T08:13:56.760+0000] {dag.py:3834} INFO - Setting next_dagrun for example_external_task_marker_parent to None, run_after=None
[2024-03-15T08:13:56.766+0000] {processor.py:183} INFO - Processing /home/airflow/.local/lib/python3.8/site-packages/airflow/example_dags/example_external_task_marker_dag.py took 0.027 seconds
[2024-03-15T08:14:27.034+0000] {processor.py:161} INFO - Started process (PID=1087) to work on /home/airflow/.local/lib/python3.8/site-packages/airflow/example_dags/example_external_task_marker_dag.py
[2024-03-15T08:14:27.034+0000] {processor.py:830} INFO - Processing file /home/airflow/.local/lib/python3.8/site-packages/airflow/example_dags/example_external_task_marker_dag.py for tasks to queue
[2024-03-15T08:14:27.035+0000] {logging_mixin.py:188} INFO - [2024-03-15T08:14:27.035+0000] {dagbag.py:540} INFO - Filling up the DagBag from /home/airflow/.local/lib/python3.8/site-packages/airflow/example_dags/example_external_task_marker_dag.py
[2024-03-15T08:14:27.038+0000] {processor.py:840} INFO - DAG(s) 'example_external_task_marker_child', 'example_external_task_marker_parent' retrieved from /home/airflow/.local/lib/python3.8/site-packages/airflow/example_dags/example_external_task_marker_dag.py
[2024-03-15T08:14:27.047+0000] {logging_mixin.py:188} INFO - [2024-03-15T08:14:27.047+0000] {dag.py:3047} INFO - Sync 2 DAGs
[2024-03-15T08:14:27.052+0000] {logging_mixin.py:188} INFO - [2024-03-15T08:14:27.052+0000] {dag.py:3834} INFO - Setting next_dagrun for example_external_task_marker_child to None, run_after=None
[2024-03-15T08:14:27.054+0000] {logging_mixin.py:188} INFO - [2024-03-15T08:14:27.054+0000] {dag.py:3834} INFO - Setting next_dagrun for example_external_task_marker_parent to None, run_after=None
[2024-03-15T08:14:27.059+0000] {processor.py:183} INFO - Processing /home/airflow/.local/lib/python3.8/site-packages/airflow/example_dags/example_external_task_marker_dag.py took 0.027 seconds
[2024-03-15T08:14:57.360+0000] {processor.py:161} INFO - Started process (PID=1142) to work on /home/airflow/.local/lib/python3.8/site-packages/airflow/example_dags/example_external_task_marker_dag.py
[2024-03-15T08:14:57.360+0000] {processor.py:830} INFO - Processing file /home/airflow/.local/lib/python3.8/site-packages/airflow/example_dags/example_external_task_marker_dag.py for tasks to queue
[2024-03-15T08:14:57.362+0000] {logging_mixin.py:188} INFO - [2024-03-15T08:14:57.361+0000] {dagbag.py:540} INFO - Filling up the DagBag from /home/airflow/.local/lib/python3.8/site-packages/airflow/example_dags/example_external_task_marker_dag.py
[2024-03-15T08:14:57.364+0000] {processor.py:840} INFO - DAG(s) 'example_external_task_marker_parent', 'example_external_task_marker_child' retrieved from /home/airflow/.local/lib/python3.8/site-packages/airflow/example_dags/example_external_task_marker_dag.py
[2024-03-15T08:14:57.374+0000] {logging_mixin.py:188} INFO - [2024-03-15T08:14:57.374+0000] {dag.py:3047} INFO - Sync 2 DAGs
[2024-03-15T08:14:57.380+0000] {logging_mixin.py:188} INFO - [2024-03-15T08:14:57.380+0000] {dag.py:3834} INFO - Setting next_dagrun for example_external_task_marker_child to None, run_after=None
[2024-03-15T08:14:57.381+0000] {logging_mixin.py:188} INFO - [2024-03-15T08:14:57.381+0000] {dag.py:3834} INFO - Setting next_dagrun for example_external_task_marker_parent to None, run_after=None
[2024-03-15T08:14:57.387+0000] {processor.py:183} INFO - Processing /home/airflow/.local/lib/python3.8/site-packages/airflow/example_dags/example_external_task_marker_dag.py took 0.029 seconds
[2024-03-15T08:15:27.738+0000] {processor.py:161} INFO - Started process (PID=1197) to work on /home/airflow/.local/lib/python3.8/site-packages/airflow/example_dags/example_external_task_marker_dag.py
[2024-03-15T08:15:27.738+0000] {processor.py:830} INFO - Processing file /home/airflow/.local/lib/python3.8/site-packages/airflow/example_dags/example_external_task_marker_dag.py for tasks to queue
[2024-03-15T08:15:27.739+0000] {logging_mixin.py:188} INFO - [2024-03-15T08:15:27.739+0000] {dagbag.py:540} INFO - Filling up the DagBag from /home/airflow/.local/lib/python3.8/site-packages/airflow/example_dags/example_external_task_marker_dag.py
[2024-03-15T08:15:27.743+0000] {processor.py:840} INFO - DAG(s) 'example_external_task_marker_child', 'example_external_task_marker_parent' retrieved from /home/airflow/.local/lib/python3.8/site-packages/airflow/example_dags/example_external_task_marker_dag.py
[2024-03-15T08:15:27.757+0000] {logging_mixin.py:188} INFO - [2024-03-15T08:15:27.757+0000] {dag.py:3047} INFO - Sync 2 DAGs
[2024-03-15T08:15:27.763+0000] {logging_mixin.py:188} INFO - [2024-03-15T08:15:27.763+0000] {dag.py:3834} INFO - Setting next_dagrun for example_external_task_marker_child to None, run_after=None
[2024-03-15T08:15:27.765+0000] {logging_mixin.py:188} INFO - [2024-03-15T08:15:27.765+0000] {dag.py:3834} INFO - Setting next_dagrun for example_external_task_marker_parent to None, run_after=None
[2024-03-15T08:15:27.772+0000] {processor.py:183} INFO - Processing /home/airflow/.local/lib/python3.8/site-packages/airflow/example_dags/example_external_task_marker_dag.py took 0.037 seconds
[2024-03-15T08:15:58.145+0000] {processor.py:161} INFO - Started process (PID=1252) to work on /home/airflow/.local/lib/python3.8/site-packages/airflow/example_dags/example_external_task_marker_dag.py
[2024-03-15T08:15:58.145+0000] {processor.py:830} INFO - Processing file /home/airflow/.local/lib/python3.8/site-packages/airflow/example_dags/example_external_task_marker_dag.py for tasks to queue
[2024-03-15T08:15:58.147+0000] {logging_mixin.py:188} INFO - [2024-03-15T08:15:58.147+0000] {dagbag.py:540} INFO - Filling up the DagBag from /home/airflow/.local/lib/python3.8/site-packages/airflow/example_dags/example_external_task_marker_dag.py
[2024-03-15T08:15:58.151+0000] {processor.py:840} INFO - DAG(s) 'example_external_task_marker_child', 'example_external_task_marker_parent' retrieved from /home/airflow/.local/lib/python3.8/site-packages/airflow/example_dags/example_external_task_marker_dag.py
[2024-03-15T08:15:58.165+0000] {logging_mixin.py:188} INFO - [2024-03-15T08:15:58.165+0000] {dag.py:3047} INFO - Sync 2 DAGs
[2024-03-15T08:15:58.172+0000] {logging_mixin.py:188} INFO - [2024-03-15T08:15:58.172+0000] {dag.py:3834} INFO - Setting next_dagrun for example_external_task_marker_child to None, run_after=None
[2024-03-15T08:15:58.174+0000] {logging_mixin.py:188} INFO - [2024-03-15T08:15:58.174+0000] {dag.py:3834} INFO - Setting next_dagrun for example_external_task_marker_parent to None, run_after=None
[2024-03-15T08:15:58.182+0000] {processor.py:183} INFO - Processing /home/airflow/.local/lib/python3.8/site-packages/airflow/example_dags/example_external_task_marker_dag.py took 0.040 seconds
[2024-03-15T08:16:28.523+0000] {processor.py:161} INFO - Started process (PID=1307) to work on /home/airflow/.local/lib/python3.8/site-packages/airflow/example_dags/example_external_task_marker_dag.py
[2024-03-15T08:16:28.524+0000] {processor.py:830} INFO - Processing file /home/airflow/.local/lib/python3.8/site-packages/airflow/example_dags/example_external_task_marker_dag.py for tasks to queue
[2024-03-15T08:16:28.525+0000] {logging_mixin.py:188} INFO - [2024-03-15T08:16:28.524+0000] {dagbag.py:540} INFO - Filling up the DagBag from /home/airflow/.local/lib/python3.8/site-packages/airflow/example_dags/example_external_task_marker_dag.py
[2024-03-15T08:16:28.527+0000] {processor.py:840} INFO - DAG(s) 'example_external_task_marker_parent', 'example_external_task_marker_child' retrieved from /home/airflow/.local/lib/python3.8/site-packages/airflow/example_dags/example_external_task_marker_dag.py
[2024-03-15T08:16:28.537+0000] {logging_mixin.py:188} INFO - [2024-03-15T08:16:28.537+0000] {dag.py:3047} INFO - Sync 2 DAGs
[2024-03-15T08:16:28.541+0000] {logging_mixin.py:188} INFO - [2024-03-15T08:16:28.541+0000] {dag.py:3834} INFO - Setting next_dagrun for example_external_task_marker_child to None, run_after=None
[2024-03-15T08:16:28.543+0000] {logging_mixin.py:188} INFO - [2024-03-15T08:16:28.543+0000] {dag.py:3834} INFO - Setting next_dagrun for example_external_task_marker_parent to None, run_after=None
[2024-03-15T08:16:28.549+0000] {processor.py:183} INFO - Processing /home/airflow/.local/lib/python3.8/site-packages/airflow/example_dags/example_external_task_marker_dag.py took 0.027 seconds
[2024-03-15T08:16:58.846+0000] {processor.py:161} INFO - Started process (PID=1362) to work on /home/airflow/.local/lib/python3.8/site-packages/airflow/example_dags/example_external_task_marker_dag.py
[2024-03-15T08:16:58.846+0000] {processor.py:830} INFO - Processing file /home/airflow/.local/lib/python3.8/site-packages/airflow/example_dags/example_external_task_marker_dag.py for tasks to queue
[2024-03-15T08:16:58.847+0000] {logging_mixin.py:188} INFO - [2024-03-15T08:16:58.847+0000] {dagbag.py:540} INFO - Filling up the DagBag from /home/airflow/.local/lib/python3.8/site-packages/airflow/example_dags/example_external_task_marker_dag.py
[2024-03-15T08:16:58.850+0000] {processor.py:840} INFO - DAG(s) 'example_external_task_marker_child', 'example_external_task_marker_parent' retrieved from /home/airflow/.local/lib/python3.8/site-packages/airflow/example_dags/example_external_task_marker_dag.py
[2024-03-15T08:16:58.859+0000] {logging_mixin.py:188} INFO - [2024-03-15T08:16:58.859+0000] {dag.py:3047} INFO - Sync 2 DAGs
[2024-03-15T08:16:58.864+0000] {logging_mixin.py:188} INFO - [2024-03-15T08:16:58.864+0000] {dag.py:3834} INFO - Setting next_dagrun for example_external_task_marker_child to None, run_after=None
[2024-03-15T08:16:58.866+0000] {logging_mixin.py:188} INFO - [2024-03-15T08:16:58.866+0000] {dag.py:3834} INFO - Setting next_dagrun for example_external_task_marker_parent to None, run_after=None
[2024-03-15T08:16:58.872+0000] {processor.py:183} INFO - Processing /home/airflow/.local/lib/python3.8/site-packages/airflow/example_dags/example_external_task_marker_dag.py took 0.027 seconds
[2024-03-15T08:17:29.234+0000] {processor.py:161} INFO - Started process (PID=1417) to work on /home/airflow/.local/lib/python3.8/site-packages/airflow/example_dags/example_external_task_marker_dag.py
[2024-03-15T08:17:29.234+0000] {processor.py:830} INFO - Processing file /home/airflow/.local/lib/python3.8/site-packages/airflow/example_dags/example_external_task_marker_dag.py for tasks to queue
[2024-03-15T08:17:29.235+0000] {logging_mixin.py:188} INFO - [2024-03-15T08:17:29.235+0000] {dagbag.py:540} INFO - Filling up the DagBag from /home/airflow/.local/lib/python3.8/site-packages/airflow/example_dags/example_external_task_marker_dag.py
[2024-03-15T08:17:29.238+0000] {processor.py:840} INFO - DAG(s) 'example_external_task_marker_parent', 'example_external_task_marker_child' retrieved from /home/airflow/.local/lib/python3.8/site-packages/airflow/example_dags/example_external_task_marker_dag.py
[2024-03-15T08:17:29.247+0000] {logging_mixin.py:188} INFO - [2024-03-15T08:17:29.246+0000] {dag.py:3047} INFO - Sync 2 DAGs
[2024-03-15T08:17:29.251+0000] {logging_mixin.py:188} INFO - [2024-03-15T08:17:29.251+0000] {dag.py:3834} INFO - Setting next_dagrun for example_external_task_marker_child to None, run_after=None
[2024-03-15T08:17:29.253+0000] {logging_mixin.py:188} INFO - [2024-03-15T08:17:29.253+0000] {dag.py:3834} INFO - Setting next_dagrun for example_external_task_marker_parent to None, run_after=None
[2024-03-15T08:17:29.259+0000] {processor.py:183} INFO - Processing /home/airflow/.local/lib/python3.8/site-packages/airflow/example_dags/example_external_task_marker_dag.py took 0.026 seconds
[2024-03-15T08:17:59.553+0000] {processor.py:161} INFO - Started process (PID=1472) to work on /home/airflow/.local/lib/python3.8/site-packages/airflow/example_dags/example_external_task_marker_dag.py
[2024-03-15T08:17:59.553+0000] {processor.py:830} INFO - Processing file /home/airflow/.local/lib/python3.8/site-packages/airflow/example_dags/example_external_task_marker_dag.py for tasks to queue
[2024-03-15T08:17:59.554+0000] {logging_mixin.py:188} INFO - [2024-03-15T08:17:59.554+0000] {dagbag.py:540} INFO - Filling up the DagBag from /home/airflow/.local/lib/python3.8/site-packages/airflow/example_dags/example_external_task_marker_dag.py
[2024-03-15T08:17:59.557+0000] {processor.py:840} INFO - DAG(s) 'example_external_task_marker_child', 'example_external_task_marker_parent' retrieved from /home/airflow/.local/lib/python3.8/site-packages/airflow/example_dags/example_external_task_marker_dag.py
[2024-03-15T08:17:59.565+0000] {logging_mixin.py:188} INFO - [2024-03-15T08:17:59.565+0000] {dag.py:3047} INFO - Sync 2 DAGs
[2024-03-15T08:17:59.570+0000] {logging_mixin.py:188} INFO - [2024-03-15T08:17:59.570+0000] {dag.py:3834} INFO - Setting next_dagrun for example_external_task_marker_child to None, run_after=None
[2024-03-15T08:17:59.572+0000] {logging_mixin.py:188} INFO - [2024-03-15T08:17:59.572+0000] {dag.py:3834} INFO - Setting next_dagrun for example_external_task_marker_parent to None, run_after=None
[2024-03-15T08:17:59.578+0000] {processor.py:183} INFO - Processing /home/airflow/.local/lib/python3.8/site-packages/airflow/example_dags/example_external_task_marker_dag.py took 0.027 seconds
[2024-03-15T08:18:29.933+0000] {processor.py:161} INFO - Started process (PID=1527) to work on /home/airflow/.local/lib/python3.8/site-packages/airflow/example_dags/example_external_task_marker_dag.py
[2024-03-15T08:18:29.934+0000] {processor.py:830} INFO - Processing file /home/airflow/.local/lib/python3.8/site-packages/airflow/example_dags/example_external_task_marker_dag.py for tasks to queue
[2024-03-15T08:18:29.935+0000] {logging_mixin.py:188} INFO - [2024-03-15T08:18:29.934+0000] {dagbag.py:540} INFO - Filling up the DagBag from /home/airflow/.local/lib/python3.8/site-packages/airflow/example_dags/example_external_task_marker_dag.py
[2024-03-15T08:18:29.938+0000] {processor.py:840} INFO - DAG(s) 'example_external_task_marker_child', 'example_external_task_marker_parent' retrieved from /home/airflow/.local/lib/python3.8/site-packages/airflow/example_dags/example_external_task_marker_dag.py
[2024-03-15T08:18:29.948+0000] {logging_mixin.py:188} INFO - [2024-03-15T08:18:29.948+0000] {dag.py:3047} INFO - Sync 2 DAGs
[2024-03-15T08:18:29.953+0000] {logging_mixin.py:188} INFO - [2024-03-15T08:18:29.953+0000] {dag.py:3834} INFO - Setting next_dagrun for example_external_task_marker_child to None, run_after=None
[2024-03-15T08:18:29.955+0000] {logging_mixin.py:188} INFO - [2024-03-15T08:18:29.955+0000] {dag.py:3834} INFO - Setting next_dagrun for example_external_task_marker_parent to None, run_after=None
[2024-03-15T08:18:29.961+0000] {processor.py:183} INFO - Processing /home/airflow/.local/lib/python3.8/site-packages/airflow/example_dags/example_external_task_marker_dag.py took 0.030 seconds
[2024-03-15T08:19:00.361+0000] {processor.py:161} INFO - Started process (PID=1582) to work on /home/airflow/.local/lib/python3.8/site-packages/airflow/example_dags/example_external_task_marker_dag.py
[2024-03-15T08:19:00.362+0000] {processor.py:830} INFO - Processing file /home/airflow/.local/lib/python3.8/site-packages/airflow/example_dags/example_external_task_marker_dag.py for tasks to queue
[2024-03-15T08:19:00.362+0000] {logging_mixin.py:188} INFO - [2024-03-15T08:19:00.362+0000] {dagbag.py:540} INFO - Filling up the DagBag from /home/airflow/.local/lib/python3.8/site-packages/airflow/example_dags/example_external_task_marker_dag.py
[2024-03-15T08:19:00.365+0000] {processor.py:840} INFO - DAG(s) 'example_external_task_marker_child', 'example_external_task_marker_parent' retrieved from /home/airflow/.local/lib/python3.8/site-packages/airflow/example_dags/example_external_task_marker_dag.py
[2024-03-15T08:19:00.374+0000] {logging_mixin.py:188} INFO - [2024-03-15T08:19:00.373+0000] {dag.py:3047} INFO - Sync 2 DAGs
[2024-03-15T08:19:00.378+0000] {logging_mixin.py:188} INFO - [2024-03-15T08:19:00.378+0000] {dag.py:3834} INFO - Setting next_dagrun for example_external_task_marker_child to None, run_after=None
[2024-03-15T08:19:00.380+0000] {logging_mixin.py:188} INFO - [2024-03-15T08:19:00.379+0000] {dag.py:3834} INFO - Setting next_dagrun for example_external_task_marker_parent to None, run_after=None
[2024-03-15T08:19:00.385+0000] {processor.py:183} INFO - Processing /home/airflow/.local/lib/python3.8/site-packages/airflow/example_dags/example_external_task_marker_dag.py took 0.026 seconds
[2024-03-15T08:19:30.646+0000] {processor.py:161} INFO - Started process (PID=1637) to work on /home/airflow/.local/lib/python3.8/site-packages/airflow/example_dags/example_external_task_marker_dag.py
[2024-03-15T08:19:30.646+0000] {processor.py:830} INFO - Processing file /home/airflow/.local/lib/python3.8/site-packages/airflow/example_dags/example_external_task_marker_dag.py for tasks to queue
[2024-03-15T08:19:30.647+0000] {logging_mixin.py:188} INFO - [2024-03-15T08:19:30.647+0000] {dagbag.py:540} INFO - Filling up the DagBag from /home/airflow/.local/lib/python3.8/site-packages/airflow/example_dags/example_external_task_marker_dag.py
[2024-03-15T08:19:30.649+0000] {processor.py:840} INFO - DAG(s) 'example_external_task_marker_parent', 'example_external_task_marker_child' retrieved from /home/airflow/.local/lib/python3.8/site-packages/airflow/example_dags/example_external_task_marker_dag.py
[2024-03-15T08:19:30.659+0000] {logging_mixin.py:188} INFO - [2024-03-15T08:19:30.659+0000] {dag.py:3047} INFO - Sync 2 DAGs
[2024-03-15T08:19:30.664+0000] {logging_mixin.py:188} INFO - [2024-03-15T08:19:30.664+0000] {dag.py:3834} INFO - Setting next_dagrun for example_external_task_marker_child to None, run_after=None
[2024-03-15T08:19:30.665+0000] {logging_mixin.py:188} INFO - [2024-03-15T08:19:30.665+0000] {dag.py:3834} INFO - Setting next_dagrun for example_external_task_marker_parent to None, run_after=None
[2024-03-15T08:19:30.671+0000] {processor.py:183} INFO - Processing /home/airflow/.local/lib/python3.8/site-packages/airflow/example_dags/example_external_task_marker_dag.py took 0.027 seconds
[2024-03-15T08:20:00.977+0000] {processor.py:161} INFO - Started process (PID=1692) to work on /home/airflow/.local/lib/python3.8/site-packages/airflow/example_dags/example_external_task_marker_dag.py
[2024-03-15T08:20:00.978+0000] {processor.py:830} INFO - Processing file /home/airflow/.local/lib/python3.8/site-packages/airflow/example_dags/example_external_task_marker_dag.py for tasks to queue
[2024-03-15T08:20:00.979+0000] {logging_mixin.py:188} INFO - [2024-03-15T08:20:00.979+0000] {dagbag.py:540} INFO - Filling up the DagBag from /home/airflow/.local/lib/python3.8/site-packages/airflow/example_dags/example_external_task_marker_dag.py
[2024-03-15T08:20:00.981+0000] {processor.py:840} INFO - DAG(s) 'example_external_task_marker_child', 'example_external_task_marker_parent' retrieved from /home/airflow/.local/lib/python3.8/site-packages/airflow/example_dags/example_external_task_marker_dag.py
[2024-03-15T08:20:00.990+0000] {logging_mixin.py:188} INFO - [2024-03-15T08:20:00.990+0000] {dag.py:3047} INFO - Sync 2 DAGs
[2024-03-15T08:20:00.995+0000] {logging_mixin.py:188} INFO - [2024-03-15T08:20:00.995+0000] {dag.py:3834} INFO - Setting next_dagrun for example_external_task_marker_child to None, run_after=None
[2024-03-15T08:20:00.997+0000] {logging_mixin.py:188} INFO - [2024-03-15T08:20:00.997+0000] {dag.py:3834} INFO - Setting next_dagrun for example_external_task_marker_parent to None, run_after=None
[2024-03-15T08:20:01.002+0000] {processor.py:183} INFO - Processing /home/airflow/.local/lib/python3.8/site-packages/airflow/example_dags/example_external_task_marker_dag.py took 0.027 seconds
[2024-03-15T08:20:31.317+0000] {processor.py:161} INFO - Started process (PID=1746) to work on /home/airflow/.local/lib/python3.8/site-packages/airflow/example_dags/example_external_task_marker_dag.py
[2024-03-15T08:20:31.318+0000] {processor.py:830} INFO - Processing file /home/airflow/.local/lib/python3.8/site-packages/airflow/example_dags/example_external_task_marker_dag.py for tasks to queue
[2024-03-15T08:20:31.318+0000] {logging_mixin.py:188} INFO - [2024-03-15T08:20:31.318+0000] {dagbag.py:540} INFO - Filling up the DagBag from /home/airflow/.local/lib/python3.8/site-packages/airflow/example_dags/example_external_task_marker_dag.py
[2024-03-15T08:20:31.321+0000] {processor.py:840} INFO - DAG(s) 'example_external_task_marker_child', 'example_external_task_marker_parent' retrieved from /home/airflow/.local/lib/python3.8/site-packages/airflow/example_dags/example_external_task_marker_dag.py
[2024-03-15T08:20:31.330+0000] {logging_mixin.py:188} INFO - [2024-03-15T08:20:31.330+0000] {dag.py:3047} INFO - Sync 2 DAGs
[2024-03-15T08:20:31.334+0000] {logging_mixin.py:188} INFO - [2024-03-15T08:20:31.334+0000] {dag.py:3834} INFO - Setting next_dagrun for example_external_task_marker_child to None, run_after=None
[2024-03-15T08:20:31.336+0000] {logging_mixin.py:188} INFO - [2024-03-15T08:20:31.336+0000] {dag.py:3834} INFO - Setting next_dagrun for example_external_task_marker_parent to None, run_after=None
[2024-03-15T08:20:31.342+0000] {processor.py:183} INFO - Processing /home/airflow/.local/lib/python3.8/site-packages/airflow/example_dags/example_external_task_marker_dag.py took 0.026 seconds
[2024-03-15T08:21:01.646+0000] {processor.py:161} INFO - Started process (PID=1801) to work on /home/airflow/.local/lib/python3.8/site-packages/airflow/example_dags/example_external_task_marker_dag.py
[2024-03-15T08:21:01.647+0000] {processor.py:830} INFO - Processing file /home/airflow/.local/lib/python3.8/site-packages/airflow/example_dags/example_external_task_marker_dag.py for tasks to queue
[2024-03-15T08:21:01.647+0000] {logging_mixin.py:188} INFO - [2024-03-15T08:21:01.647+0000] {dagbag.py:540} INFO - Filling up the DagBag from /home/airflow/.local/lib/python3.8/site-packages/airflow/example_dags/example_external_task_marker_dag.py
[2024-03-15T08:21:01.650+0000] {processor.py:840} INFO - DAG(s) 'example_external_task_marker_child', 'example_external_task_marker_parent' retrieved from /home/airflow/.local/lib/python3.8/site-packages/airflow/example_dags/example_external_task_marker_dag.py
[2024-03-15T08:21:01.659+0000] {logging_mixin.py:188} INFO - [2024-03-15T08:21:01.659+0000] {dag.py:3047} INFO - Sync 2 DAGs
[2024-03-15T08:21:01.664+0000] {logging_mixin.py:188} INFO - [2024-03-15T08:21:01.664+0000] {dag.py:3834} INFO - Setting next_dagrun for example_external_task_marker_child to None, run_after=None
[2024-03-15T08:21:01.665+0000] {logging_mixin.py:188} INFO - [2024-03-15T08:21:01.665+0000] {dag.py:3834} INFO - Setting next_dagrun for example_external_task_marker_parent to None, run_after=None
[2024-03-15T08:21:01.671+0000] {processor.py:183} INFO - Processing /home/airflow/.local/lib/python3.8/site-packages/airflow/example_dags/example_external_task_marker_dag.py took 0.026 seconds
[2024-03-15T08:21:31.986+0000] {processor.py:161} INFO - Started process (PID=1856) to work on /home/airflow/.local/lib/python3.8/site-packages/airflow/example_dags/example_external_task_marker_dag.py
[2024-03-15T08:21:31.986+0000] {processor.py:830} INFO - Processing file /home/airflow/.local/lib/python3.8/site-packages/airflow/example_dags/example_external_task_marker_dag.py for tasks to queue
[2024-03-15T08:21:31.987+0000] {logging_mixin.py:188} INFO - [2024-03-15T08:21:31.987+0000] {dagbag.py:540} INFO - Filling up the DagBag from /home/airflow/.local/lib/python3.8/site-packages/airflow/example_dags/example_external_task_marker_dag.py
[2024-03-15T08:21:31.990+0000] {processor.py:840} INFO - DAG(s) 'example_external_task_marker_parent', 'example_external_task_marker_child' retrieved from /home/airflow/.local/lib/python3.8/site-packages/airflow/example_dags/example_external_task_marker_dag.py
[2024-03-15T08:21:31.999+0000] {logging_mixin.py:188} INFO - [2024-03-15T08:21:31.999+0000] {dag.py:3047} INFO - Sync 2 DAGs
[2024-03-15T08:21:32.004+0000] {logging_mixin.py:188} INFO - [2024-03-15T08:21:32.004+0000] {dag.py:3834} INFO - Setting next_dagrun for example_external_task_marker_child to None, run_after=None
[2024-03-15T08:21:32.005+0000] {logging_mixin.py:188} INFO - [2024-03-15T08:21:32.005+0000] {dag.py:3834} INFO - Setting next_dagrun for example_external_task_marker_parent to None, run_after=None
[2024-03-15T08:21:32.011+0000] {processor.py:183} INFO - Processing /home/airflow/.local/lib/python3.8/site-packages/airflow/example_dags/example_external_task_marker_dag.py took 0.027 seconds
[2024-03-15T08:22:02.206+0000] {processor.py:161} INFO - Started process (PID=1910) to work on /home/airflow/.local/lib/python3.8/site-packages/airflow/example_dags/example_external_task_marker_dag.py
[2024-03-15T08:22:02.206+0000] {processor.py:830} INFO - Processing file /home/airflow/.local/lib/python3.8/site-packages/airflow/example_dags/example_external_task_marker_dag.py for tasks to queue
[2024-03-15T08:22:02.207+0000] {logging_mixin.py:188} INFO - [2024-03-15T08:22:02.207+0000] {dagbag.py:540} INFO - Filling up the DagBag from /home/airflow/.local/lib/python3.8/site-packages/airflow/example_dags/example_external_task_marker_dag.py
[2024-03-15T08:22:02.210+0000] {processor.py:840} INFO - DAG(s) 'example_external_task_marker_child', 'example_external_task_marker_parent' retrieved from /home/airflow/.local/lib/python3.8/site-packages/airflow/example_dags/example_external_task_marker_dag.py
[2024-03-15T08:22:02.219+0000] {logging_mixin.py:188} INFO - [2024-03-15T08:22:02.218+0000] {dag.py:3047} INFO - Sync 2 DAGs
[2024-03-15T08:22:02.223+0000] {logging_mixin.py:188} INFO - [2024-03-15T08:22:02.223+0000] {dag.py:3834} INFO - Setting next_dagrun for example_external_task_marker_child to None, run_after=None
[2024-03-15T08:22:02.225+0000] {logging_mixin.py:188} INFO - [2024-03-15T08:22:02.225+0000] {dag.py:3834} INFO - Setting next_dagrun for example_external_task_marker_parent to None, run_after=None
[2024-03-15T08:22:02.230+0000] {processor.py:183} INFO - Processing /home/airflow/.local/lib/python3.8/site-packages/airflow/example_dags/example_external_task_marker_dag.py took 0.026 seconds
[2024-03-15T08:22:32.580+0000] {processor.py:161} INFO - Started process (PID=1965) to work on /home/airflow/.local/lib/python3.8/site-packages/airflow/example_dags/example_external_task_marker_dag.py
[2024-03-15T08:22:32.581+0000] {processor.py:830} INFO - Processing file /home/airflow/.local/lib/python3.8/site-packages/airflow/example_dags/example_external_task_marker_dag.py for tasks to queue
[2024-03-15T08:22:32.582+0000] {logging_mixin.py:188} INFO - [2024-03-15T08:22:32.581+0000] {dagbag.py:540} INFO - Filling up the DagBag from /home/airflow/.local/lib/python3.8/site-packages/airflow/example_dags/example_external_task_marker_dag.py
[2024-03-15T08:22:32.585+0000] {processor.py:840} INFO - DAG(s) 'example_external_task_marker_parent', 'example_external_task_marker_child' retrieved from /home/airflow/.local/lib/python3.8/site-packages/airflow/example_dags/example_external_task_marker_dag.py
[2024-03-15T08:22:32.595+0000] {logging_mixin.py:188} INFO - [2024-03-15T08:22:32.595+0000] {dag.py:3047} INFO - Sync 2 DAGs
[2024-03-15T08:22:32.602+0000] {logging_mixin.py:188} INFO - [2024-03-15T08:22:32.602+0000] {dag.py:3834} INFO - Setting next_dagrun for example_external_task_marker_child to None, run_after=None
[2024-03-15T08:22:32.603+0000] {logging_mixin.py:188} INFO - [2024-03-15T08:22:32.603+0000] {dag.py:3834} INFO - Setting next_dagrun for example_external_task_marker_parent to None, run_after=None
[2024-03-15T08:22:32.611+0000] {processor.py:183} INFO - Processing /home/airflow/.local/lib/python3.8/site-packages/airflow/example_dags/example_external_task_marker_dag.py took 0.032 seconds
[2024-03-15T08:23:03.053+0000] {processor.py:161} INFO - Started process (PID=2020) to work on /home/airflow/.local/lib/python3.8/site-packages/airflow/example_dags/example_external_task_marker_dag.py
[2024-03-15T08:23:03.054+0000] {processor.py:830} INFO - Processing file /home/airflow/.local/lib/python3.8/site-packages/airflow/example_dags/example_external_task_marker_dag.py for tasks to queue
[2024-03-15T08:23:03.055+0000] {logging_mixin.py:188} INFO - [2024-03-15T08:23:03.055+0000] {dagbag.py:540} INFO - Filling up the DagBag from /home/airflow/.local/lib/python3.8/site-packages/airflow/example_dags/example_external_task_marker_dag.py
[2024-03-15T08:23:03.057+0000] {processor.py:840} INFO - DAG(s) 'example_external_task_marker_child', 'example_external_task_marker_parent' retrieved from /home/airflow/.local/lib/python3.8/site-packages/airflow/example_dags/example_external_task_marker_dag.py
[2024-03-15T08:23:03.066+0000] {logging_mixin.py:188} INFO - [2024-03-15T08:23:03.066+0000] {dag.py:3047} INFO - Sync 2 DAGs
[2024-03-15T08:23:03.071+0000] {logging_mixin.py:188} INFO - [2024-03-15T08:23:03.071+0000] {dag.py:3834} INFO - Setting next_dagrun for example_external_task_marker_child to None, run_after=None
[2024-03-15T08:23:03.073+0000] {logging_mixin.py:188} INFO - [2024-03-15T08:23:03.073+0000] {dag.py:3834} INFO - Setting next_dagrun for example_external_task_marker_parent to None, run_after=None
[2024-03-15T08:23:03.079+0000] {processor.py:183} INFO - Processing /home/airflow/.local/lib/python3.8/site-packages/airflow/example_dags/example_external_task_marker_dag.py took 0.027 seconds
[2024-03-15T08:23:33.614+0000] {processor.py:161} INFO - Started process (PID=2074) to work on /home/airflow/.local/lib/python3.8/site-packages/airflow/example_dags/example_external_task_marker_dag.py
[2024-03-15T08:23:33.615+0000] {processor.py:830} INFO - Processing file /home/airflow/.local/lib/python3.8/site-packages/airflow/example_dags/example_external_task_marker_dag.py for tasks to queue
[2024-03-15T08:23:33.616+0000] {logging_mixin.py:188} INFO - [2024-03-15T08:23:33.616+0000] {dagbag.py:540} INFO - Filling up the DagBag from /home/airflow/.local/lib/python3.8/site-packages/airflow/example_dags/example_external_task_marker_dag.py
[2024-03-15T08:23:33.618+0000] {processor.py:840} INFO - DAG(s) 'example_external_task_marker_child', 'example_external_task_marker_parent' retrieved from /home/airflow/.local/lib/python3.8/site-packages/airflow/example_dags/example_external_task_marker_dag.py
[2024-03-15T08:23:33.628+0000] {logging_mixin.py:188} INFO - [2024-03-15T08:23:33.628+0000] {dag.py:3047} INFO - Sync 2 DAGs
[2024-03-15T08:23:33.634+0000] {logging_mixin.py:188} INFO - [2024-03-15T08:23:33.634+0000] {dag.py:3834} INFO - Setting next_dagrun for example_external_task_marker_child to None, run_after=None
[2024-03-15T08:23:33.635+0000] {logging_mixin.py:188} INFO - [2024-03-15T08:23:33.635+0000] {dag.py:3834} INFO - Setting next_dagrun for example_external_task_marker_parent to None, run_after=None
[2024-03-15T08:23:33.641+0000] {processor.py:183} INFO - Processing /home/airflow/.local/lib/python3.8/site-packages/airflow/example_dags/example_external_task_marker_dag.py took 0.028 seconds
