[2024-03-15T08:04:49.271+0000] {processor.py:161} INFO - Started process (PID=69) to work on /home/airflow/.local/lib/python3.8/site-packages/airflow/example_dags/example_branch_operator.py
[2024-03-15T08:04:49.271+0000] {processor.py:830} INFO - Processing file /home/airflow/.local/lib/python3.8/site-packages/airflow/example_dags/example_branch_operator.py for tasks to queue
[2024-03-15T08:04:49.273+0000] {logging_mixin.py:188} INFO - [2024-03-15T08:04:49.273+0000] {dagbag.py:540} INFO - Filling up the DagBag from /home/airflow/.local/lib/python3.8/site-packages/airflow/example_dags/example_branch_operator.py
[2024-03-15T08:04:49.285+0000] {processor.py:840} INFO - DAG(s) 'example_branch_operator' retrieved from /home/airflow/.local/lib/python3.8/site-packages/airflow/example_dags/example_branch_operator.py
[2024-03-15T08:04:49.293+0000] {logging_mixin.py:188} INFO - [2024-03-15T08:04:49.293+0000] {dag.py:3047} INFO - Sync 1 DAGs
[2024-03-15T08:04:49.306+0000] {logging_mixin.py:188} INFO - [2024-03-15T08:04:49.305+0000] {dag.py:3834} INFO - Setting next_dagrun for example_branch_operator to 2024-03-14 00:00:00+00:00, run_after=2024-03-15 00:00:00+00:00
[2024-03-15T08:04:49.314+0000] {processor.py:183} INFO - Processing /home/airflow/.local/lib/python3.8/site-packages/airflow/example_dags/example_branch_operator.py took 0.046 seconds
[2024-03-15T08:05:20.627+0000] {processor.py:161} INFO - Started process (PID=124) to work on /home/airflow/.local/lib/python3.8/site-packages/airflow/example_dags/example_branch_operator.py
[2024-03-15T08:05:20.627+0000] {processor.py:830} INFO - Processing file /home/airflow/.local/lib/python3.8/site-packages/airflow/example_dags/example_branch_operator.py for tasks to queue
[2024-03-15T08:05:20.628+0000] {logging_mixin.py:188} INFO - [2024-03-15T08:05:20.628+0000] {dagbag.py:540} INFO - Filling up the DagBag from /home/airflow/.local/lib/python3.8/site-packages/airflow/example_dags/example_branch_operator.py
[2024-03-15T08:05:20.635+0000] {processor.py:840} INFO - DAG(s) 'example_branch_operator' retrieved from /home/airflow/.local/lib/python3.8/site-packages/airflow/example_dags/example_branch_operator.py
[2024-03-15T08:05:20.675+0000] {logging_mixin.py:188} INFO - [2024-03-15T08:05:20.675+0000] {dag.py:3047} INFO - Sync 1 DAGs
[2024-03-15T08:05:20.683+0000] {logging_mixin.py:188} INFO - [2024-03-15T08:05:20.683+0000] {dag.py:3834} INFO - Setting next_dagrun for example_branch_operator to 2024-03-14 00:00:00+00:00, run_after=2024-03-15 00:00:00+00:00
[2024-03-15T08:05:20.692+0000] {processor.py:183} INFO - Processing /home/airflow/.local/lib/python3.8/site-packages/airflow/example_dags/example_branch_operator.py took 0.066 seconds
[2024-03-15T08:05:51.340+0000] {processor.py:161} INFO - Started process (PID=179) to work on /home/airflow/.local/lib/python3.8/site-packages/airflow/example_dags/example_branch_operator.py
[2024-03-15T08:05:51.341+0000] {processor.py:830} INFO - Processing file /home/airflow/.local/lib/python3.8/site-packages/airflow/example_dags/example_branch_operator.py for tasks to queue
[2024-03-15T08:05:51.341+0000] {logging_mixin.py:188} INFO - [2024-03-15T08:05:51.341+0000] {dagbag.py:540} INFO - Filling up the DagBag from /home/airflow/.local/lib/python3.8/site-packages/airflow/example_dags/example_branch_operator.py
[2024-03-15T08:05:51.349+0000] {processor.py:840} INFO - DAG(s) 'example_branch_operator' retrieved from /home/airflow/.local/lib/python3.8/site-packages/airflow/example_dags/example_branch_operator.py
[2024-03-15T08:05:51.360+0000] {logging_mixin.py:188} INFO - [2024-03-15T08:05:51.359+0000] {dag.py:3047} INFO - Sync 1 DAGs
[2024-03-15T08:05:51.368+0000] {logging_mixin.py:188} INFO - [2024-03-15T08:05:51.368+0000] {dag.py:3834} INFO - Setting next_dagrun for example_branch_operator to 2024-03-14 00:00:00+00:00, run_after=2024-03-15 00:00:00+00:00
[2024-03-15T08:05:51.375+0000] {processor.py:183} INFO - Processing /home/airflow/.local/lib/python3.8/site-packages/airflow/example_dags/example_branch_operator.py took 0.036 seconds
[2024-03-15T08:06:21.627+0000] {processor.py:161} INFO - Started process (PID=234) to work on /home/airflow/.local/lib/python3.8/site-packages/airflow/example_dags/example_branch_operator.py
[2024-03-15T08:06:21.627+0000] {processor.py:830} INFO - Processing file /home/airflow/.local/lib/python3.8/site-packages/airflow/example_dags/example_branch_operator.py for tasks to queue
[2024-03-15T08:06:21.628+0000] {logging_mixin.py:188} INFO - [2024-03-15T08:06:21.628+0000] {dagbag.py:540} INFO - Filling up the DagBag from /home/airflow/.local/lib/python3.8/site-packages/airflow/example_dags/example_branch_operator.py
[2024-03-15T08:06:21.635+0000] {processor.py:840} INFO - DAG(s) 'example_branch_operator' retrieved from /home/airflow/.local/lib/python3.8/site-packages/airflow/example_dags/example_branch_operator.py
[2024-03-15T08:06:21.645+0000] {logging_mixin.py:188} INFO - [2024-03-15T08:06:21.645+0000] {dag.py:3047} INFO - Sync 1 DAGs
[2024-03-15T08:06:21.654+0000] {logging_mixin.py:188} INFO - [2024-03-15T08:06:21.654+0000] {dag.py:3834} INFO - Setting next_dagrun for example_branch_operator to 2024-03-14 00:00:00+00:00, run_after=2024-03-15 00:00:00+00:00
[2024-03-15T08:06:21.660+0000] {processor.py:183} INFO - Processing /home/airflow/.local/lib/python3.8/site-packages/airflow/example_dags/example_branch_operator.py took 0.035 seconds
[2024-03-15T08:06:51.928+0000] {processor.py:161} INFO - Started process (PID=289) to work on /home/airflow/.local/lib/python3.8/site-packages/airflow/example_dags/example_branch_operator.py
[2024-03-15T08:06:51.928+0000] {processor.py:830} INFO - Processing file /home/airflow/.local/lib/python3.8/site-packages/airflow/example_dags/example_branch_operator.py for tasks to queue
[2024-03-15T08:06:51.929+0000] {logging_mixin.py:188} INFO - [2024-03-15T08:06:51.929+0000] {dagbag.py:540} INFO - Filling up the DagBag from /home/airflow/.local/lib/python3.8/site-packages/airflow/example_dags/example_branch_operator.py
[2024-03-15T08:06:51.937+0000] {processor.py:840} INFO - DAG(s) 'example_branch_operator' retrieved from /home/airflow/.local/lib/python3.8/site-packages/airflow/example_dags/example_branch_operator.py
[2024-03-15T08:06:51.947+0000] {logging_mixin.py:188} INFO - [2024-03-15T08:06:51.947+0000] {dag.py:3047} INFO - Sync 1 DAGs
[2024-03-15T08:06:51.955+0000] {logging_mixin.py:188} INFO - [2024-03-15T08:06:51.955+0000] {dag.py:3834} INFO - Setting next_dagrun for example_branch_operator to 2024-03-14 00:00:00+00:00, run_after=2024-03-15 00:00:00+00:00
[2024-03-15T08:06:51.962+0000] {processor.py:183} INFO - Processing /home/airflow/.local/lib/python3.8/site-packages/airflow/example_dags/example_branch_operator.py took 0.036 seconds
[2024-03-15T08:07:22.221+0000] {processor.py:161} INFO - Started process (PID=344) to work on /home/airflow/.local/lib/python3.8/site-packages/airflow/example_dags/example_branch_operator.py
[2024-03-15T08:07:22.221+0000] {processor.py:830} INFO - Processing file /home/airflow/.local/lib/python3.8/site-packages/airflow/example_dags/example_branch_operator.py for tasks to queue
[2024-03-15T08:07:22.222+0000] {logging_mixin.py:188} INFO - [2024-03-15T08:07:22.222+0000] {dagbag.py:540} INFO - Filling up the DagBag from /home/airflow/.local/lib/python3.8/site-packages/airflow/example_dags/example_branch_operator.py
[2024-03-15T08:07:22.229+0000] {processor.py:840} INFO - DAG(s) 'example_branch_operator' retrieved from /home/airflow/.local/lib/python3.8/site-packages/airflow/example_dags/example_branch_operator.py
[2024-03-15T08:07:22.240+0000] {logging_mixin.py:188} INFO - [2024-03-15T08:07:22.240+0000] {dag.py:3047} INFO - Sync 1 DAGs
[2024-03-15T08:07:22.248+0000] {logging_mixin.py:188} INFO - [2024-03-15T08:07:22.248+0000] {dag.py:3834} INFO - Setting next_dagrun for example_branch_operator to 2024-03-14 00:00:00+00:00, run_after=2024-03-15 00:00:00+00:00
[2024-03-15T08:07:22.255+0000] {processor.py:183} INFO - Processing /home/airflow/.local/lib/python3.8/site-packages/airflow/example_dags/example_branch_operator.py took 0.036 seconds
[2024-03-15T08:07:52.481+0000] {processor.py:161} INFO - Started process (PID=399) to work on /home/airflow/.local/lib/python3.8/site-packages/airflow/example_dags/example_branch_operator.py
[2024-03-15T08:07:52.481+0000] {processor.py:830} INFO - Processing file /home/airflow/.local/lib/python3.8/site-packages/airflow/example_dags/example_branch_operator.py for tasks to queue
[2024-03-15T08:07:52.482+0000] {logging_mixin.py:188} INFO - [2024-03-15T08:07:52.482+0000] {dagbag.py:540} INFO - Filling up the DagBag from /home/airflow/.local/lib/python3.8/site-packages/airflow/example_dags/example_branch_operator.py
[2024-03-15T08:07:52.490+0000] {processor.py:840} INFO - DAG(s) 'example_branch_operator' retrieved from /home/airflow/.local/lib/python3.8/site-packages/airflow/example_dags/example_branch_operator.py
[2024-03-15T08:07:52.502+0000] {logging_mixin.py:188} INFO - [2024-03-15T08:07:52.502+0000] {dag.py:3047} INFO - Sync 1 DAGs
[2024-03-15T08:07:52.511+0000] {logging_mixin.py:188} INFO - [2024-03-15T08:07:52.511+0000] {dag.py:3834} INFO - Setting next_dagrun for example_branch_operator to 2024-03-14 00:00:00+00:00, run_after=2024-03-15 00:00:00+00:00
[2024-03-15T08:07:52.518+0000] {processor.py:183} INFO - Processing /home/airflow/.local/lib/python3.8/site-packages/airflow/example_dags/example_branch_operator.py took 0.039 seconds
[2024-03-15T08:08:22.942+0000] {processor.py:161} INFO - Started process (PID=453) to work on /home/airflow/.local/lib/python3.8/site-packages/airflow/example_dags/example_branch_operator.py
[2024-03-15T08:08:22.943+0000] {processor.py:830} INFO - Processing file /home/airflow/.local/lib/python3.8/site-packages/airflow/example_dags/example_branch_operator.py for tasks to queue
[2024-03-15T08:08:22.943+0000] {logging_mixin.py:188} INFO - [2024-03-15T08:08:22.943+0000] {dagbag.py:540} INFO - Filling up the DagBag from /home/airflow/.local/lib/python3.8/site-packages/airflow/example_dags/example_branch_operator.py
[2024-03-15T08:08:22.951+0000] {processor.py:840} INFO - DAG(s) 'example_branch_operator' retrieved from /home/airflow/.local/lib/python3.8/site-packages/airflow/example_dags/example_branch_operator.py
[2024-03-15T08:08:22.961+0000] {logging_mixin.py:188} INFO - [2024-03-15T08:08:22.961+0000] {dag.py:3047} INFO - Sync 1 DAGs
[2024-03-15T08:08:22.969+0000] {logging_mixin.py:188} INFO - [2024-03-15T08:08:22.969+0000] {dag.py:3834} INFO - Setting next_dagrun for example_branch_operator to 2024-03-14 00:00:00+00:00, run_after=2024-03-15 00:00:00+00:00
[2024-03-15T08:08:22.976+0000] {processor.py:183} INFO - Processing /home/airflow/.local/lib/python3.8/site-packages/airflow/example_dags/example_branch_operator.py took 0.035 seconds
[2024-03-15T08:08:53.261+0000] {processor.py:161} INFO - Started process (PID=508) to work on /home/airflow/.local/lib/python3.8/site-packages/airflow/example_dags/example_branch_operator.py
[2024-03-15T08:08:53.262+0000] {processor.py:830} INFO - Processing file /home/airflow/.local/lib/python3.8/site-packages/airflow/example_dags/example_branch_operator.py for tasks to queue
[2024-03-15T08:08:53.262+0000] {logging_mixin.py:188} INFO - [2024-03-15T08:08:53.262+0000] {dagbag.py:540} INFO - Filling up the DagBag from /home/airflow/.local/lib/python3.8/site-packages/airflow/example_dags/example_branch_operator.py
[2024-03-15T08:08:53.270+0000] {processor.py:840} INFO - DAG(s) 'example_branch_operator' retrieved from /home/airflow/.local/lib/python3.8/site-packages/airflow/example_dags/example_branch_operator.py
[2024-03-15T08:08:53.280+0000] {logging_mixin.py:188} INFO - [2024-03-15T08:08:53.280+0000] {dag.py:3047} INFO - Sync 1 DAGs
[2024-03-15T08:08:53.289+0000] {logging_mixin.py:188} INFO - [2024-03-15T08:08:53.289+0000] {dag.py:3834} INFO - Setting next_dagrun for example_branch_operator to 2024-03-14 00:00:00+00:00, run_after=2024-03-15 00:00:00+00:00
[2024-03-15T08:08:53.295+0000] {processor.py:183} INFO - Processing /home/airflow/.local/lib/python3.8/site-packages/airflow/example_dags/example_branch_operator.py took 0.036 seconds
[2024-03-15T08:09:23.591+0000] {processor.py:161} INFO - Started process (PID=563) to work on /home/airflow/.local/lib/python3.8/site-packages/airflow/example_dags/example_branch_operator.py
[2024-03-15T08:09:23.592+0000] {processor.py:830} INFO - Processing file /home/airflow/.local/lib/python3.8/site-packages/airflow/example_dags/example_branch_operator.py for tasks to queue
[2024-03-15T08:09:23.593+0000] {logging_mixin.py:188} INFO - [2024-03-15T08:09:23.592+0000] {dagbag.py:540} INFO - Filling up the DagBag from /home/airflow/.local/lib/python3.8/site-packages/airflow/example_dags/example_branch_operator.py
[2024-03-15T08:09:23.600+0000] {processor.py:840} INFO - DAG(s) 'example_branch_operator' retrieved from /home/airflow/.local/lib/python3.8/site-packages/airflow/example_dags/example_branch_operator.py
[2024-03-15T08:09:23.611+0000] {logging_mixin.py:188} INFO - [2024-03-15T08:09:23.611+0000] {dag.py:3047} INFO - Sync 1 DAGs
[2024-03-15T08:09:23.619+0000] {logging_mixin.py:188} INFO - [2024-03-15T08:09:23.619+0000] {dag.py:3834} INFO - Setting next_dagrun for example_branch_operator to 2024-03-14 00:00:00+00:00, run_after=2024-03-15 00:00:00+00:00
[2024-03-15T08:09:23.626+0000] {processor.py:183} INFO - Processing /home/airflow/.local/lib/python3.8/site-packages/airflow/example_dags/example_branch_operator.py took 0.036 seconds
[2024-03-15T08:09:54.110+0000] {processor.py:161} INFO - Started process (PID=618) to work on /home/airflow/.local/lib/python3.8/site-packages/airflow/example_dags/example_branch_operator.py
[2024-03-15T08:09:54.110+0000] {processor.py:830} INFO - Processing file /home/airflow/.local/lib/python3.8/site-packages/airflow/example_dags/example_branch_operator.py for tasks to queue
[2024-03-15T08:09:54.111+0000] {logging_mixin.py:188} INFO - [2024-03-15T08:09:54.111+0000] {dagbag.py:540} INFO - Filling up the DagBag from /home/airflow/.local/lib/python3.8/site-packages/airflow/example_dags/example_branch_operator.py
[2024-03-15T08:09:54.119+0000] {processor.py:840} INFO - DAG(s) 'example_branch_operator' retrieved from /home/airflow/.local/lib/python3.8/site-packages/airflow/example_dags/example_branch_operator.py
[2024-03-15T08:09:54.130+0000] {logging_mixin.py:188} INFO - [2024-03-15T08:09:54.130+0000] {dag.py:3047} INFO - Sync 1 DAGs
[2024-03-15T08:09:54.139+0000] {logging_mixin.py:188} INFO - [2024-03-15T08:09:54.138+0000] {dag.py:3834} INFO - Setting next_dagrun for example_branch_operator to 2024-03-14 00:00:00+00:00, run_after=2024-03-15 00:00:00+00:00
[2024-03-15T08:09:54.145+0000] {processor.py:183} INFO - Processing /home/airflow/.local/lib/python3.8/site-packages/airflow/example_dags/example_branch_operator.py took 0.037 seconds
[2024-03-15T08:10:24.496+0000] {processor.py:161} INFO - Started process (PID=673) to work on /home/airflow/.local/lib/python3.8/site-packages/airflow/example_dags/example_branch_operator.py
[2024-03-15T08:10:24.496+0000] {processor.py:830} INFO - Processing file /home/airflow/.local/lib/python3.8/site-packages/airflow/example_dags/example_branch_operator.py for tasks to queue
[2024-03-15T08:10:24.497+0000] {logging_mixin.py:188} INFO - [2024-03-15T08:10:24.497+0000] {dagbag.py:540} INFO - Filling up the DagBag from /home/airflow/.local/lib/python3.8/site-packages/airflow/example_dags/example_branch_operator.py
[2024-03-15T08:10:24.505+0000] {processor.py:840} INFO - DAG(s) 'example_branch_operator' retrieved from /home/airflow/.local/lib/python3.8/site-packages/airflow/example_dags/example_branch_operator.py
[2024-03-15T08:10:24.517+0000] {logging_mixin.py:188} INFO - [2024-03-15T08:10:24.516+0000] {dag.py:3047} INFO - Sync 1 DAGs
[2024-03-15T08:10:24.525+0000] {logging_mixin.py:188} INFO - [2024-03-15T08:10:24.525+0000] {dag.py:3834} INFO - Setting next_dagrun for example_branch_operator to 2024-03-14 00:00:00+00:00, run_after=2024-03-15 00:00:00+00:00
[2024-03-15T08:10:24.533+0000] {processor.py:183} INFO - Processing /home/airflow/.local/lib/python3.8/site-packages/airflow/example_dags/example_branch_operator.py took 0.038 seconds
[2024-03-15T08:10:54.809+0000] {processor.py:161} INFO - Started process (PID=728) to work on /home/airflow/.local/lib/python3.8/site-packages/airflow/example_dags/example_branch_operator.py
[2024-03-15T08:10:54.810+0000] {processor.py:830} INFO - Processing file /home/airflow/.local/lib/python3.8/site-packages/airflow/example_dags/example_branch_operator.py for tasks to queue
[2024-03-15T08:10:54.811+0000] {logging_mixin.py:188} INFO - [2024-03-15T08:10:54.810+0000] {dagbag.py:540} INFO - Filling up the DagBag from /home/airflow/.local/lib/python3.8/site-packages/airflow/example_dags/example_branch_operator.py
[2024-03-15T08:10:54.818+0000] {processor.py:840} INFO - DAG(s) 'example_branch_operator' retrieved from /home/airflow/.local/lib/python3.8/site-packages/airflow/example_dags/example_branch_operator.py
[2024-03-15T08:10:54.829+0000] {logging_mixin.py:188} INFO - [2024-03-15T08:10:54.829+0000] {dag.py:3047} INFO - Sync 1 DAGs
[2024-03-15T08:10:54.838+0000] {logging_mixin.py:188} INFO - [2024-03-15T08:10:54.838+0000] {dag.py:3834} INFO - Setting next_dagrun for example_branch_operator to 2024-03-14 00:00:00+00:00, run_after=2024-03-15 00:00:00+00:00
[2024-03-15T08:10:54.844+0000] {processor.py:183} INFO - Processing /home/airflow/.local/lib/python3.8/site-packages/airflow/example_dags/example_branch_operator.py took 0.036 seconds
[2024-03-15T08:11:25.303+0000] {processor.py:161} INFO - Started process (PID=783) to work on /home/airflow/.local/lib/python3.8/site-packages/airflow/example_dags/example_branch_operator.py
[2024-03-15T08:11:25.303+0000] {processor.py:830} INFO - Processing file /home/airflow/.local/lib/python3.8/site-packages/airflow/example_dags/example_branch_operator.py for tasks to queue
[2024-03-15T08:11:25.304+0000] {logging_mixin.py:188} INFO - [2024-03-15T08:11:25.304+0000] {dagbag.py:540} INFO - Filling up the DagBag from /home/airflow/.local/lib/python3.8/site-packages/airflow/example_dags/example_branch_operator.py
[2024-03-15T08:11:25.311+0000] {processor.py:840} INFO - DAG(s) 'example_branch_operator' retrieved from /home/airflow/.local/lib/python3.8/site-packages/airflow/example_dags/example_branch_operator.py
[2024-03-15T08:11:25.323+0000] {logging_mixin.py:188} INFO - [2024-03-15T08:11:25.322+0000] {dag.py:3047} INFO - Sync 1 DAGs
[2024-03-15T08:11:25.331+0000] {logging_mixin.py:188} INFO - [2024-03-15T08:11:25.331+0000] {dag.py:3834} INFO - Setting next_dagrun for example_branch_operator to 2024-03-14 00:00:00+00:00, run_after=2024-03-15 00:00:00+00:00
[2024-03-15T08:11:25.338+0000] {processor.py:183} INFO - Processing /home/airflow/.local/lib/python3.8/site-packages/airflow/example_dags/example_branch_operator.py took 0.037 seconds
[2024-03-15T08:11:55.766+0000] {processor.py:161} INFO - Started process (PID=838) to work on /home/airflow/.local/lib/python3.8/site-packages/airflow/example_dags/example_branch_operator.py
[2024-03-15T08:11:55.766+0000] {processor.py:830} INFO - Processing file /home/airflow/.local/lib/python3.8/site-packages/airflow/example_dags/example_branch_operator.py for tasks to queue
[2024-03-15T08:11:55.767+0000] {logging_mixin.py:188} INFO - [2024-03-15T08:11:55.767+0000] {dagbag.py:540} INFO - Filling up the DagBag from /home/airflow/.local/lib/python3.8/site-packages/airflow/example_dags/example_branch_operator.py
[2024-03-15T08:11:55.775+0000] {processor.py:840} INFO - DAG(s) 'example_branch_operator' retrieved from /home/airflow/.local/lib/python3.8/site-packages/airflow/example_dags/example_branch_operator.py
[2024-03-15T08:11:55.787+0000] {logging_mixin.py:188} INFO - [2024-03-15T08:11:55.787+0000] {dag.py:3047} INFO - Sync 1 DAGs
[2024-03-15T08:11:55.798+0000] {logging_mixin.py:188} INFO - [2024-03-15T08:11:55.798+0000] {dag.py:3834} INFO - Setting next_dagrun for example_branch_operator to 2024-03-14 00:00:00+00:00, run_after=2024-03-15 00:00:00+00:00
[2024-03-15T08:11:55.808+0000] {processor.py:183} INFO - Processing /home/airflow/.local/lib/python3.8/site-packages/airflow/example_dags/example_branch_operator.py took 0.043 seconds
[2024-03-15T08:12:26.342+0000] {processor.py:161} INFO - Started process (PID=893) to work on /home/airflow/.local/lib/python3.8/site-packages/airflow/example_dags/example_branch_operator.py
[2024-03-15T08:12:26.343+0000] {processor.py:830} INFO - Processing file /home/airflow/.local/lib/python3.8/site-packages/airflow/example_dags/example_branch_operator.py for tasks to queue
[2024-03-15T08:12:26.344+0000] {logging_mixin.py:188} INFO - [2024-03-15T08:12:26.344+0000] {dagbag.py:540} INFO - Filling up the DagBag from /home/airflow/.local/lib/python3.8/site-packages/airflow/example_dags/example_branch_operator.py
[2024-03-15T08:12:26.352+0000] {processor.py:840} INFO - DAG(s) 'example_branch_operator' retrieved from /home/airflow/.local/lib/python3.8/site-packages/airflow/example_dags/example_branch_operator.py
[2024-03-15T08:12:26.364+0000] {logging_mixin.py:188} INFO - [2024-03-15T08:12:26.364+0000] {dag.py:3047} INFO - Sync 1 DAGs
[2024-03-15T08:12:26.373+0000] {logging_mixin.py:188} INFO - [2024-03-15T08:12:26.373+0000] {dag.py:3834} INFO - Setting next_dagrun for example_branch_operator to 2024-03-14 00:00:00+00:00, run_after=2024-03-15 00:00:00+00:00
[2024-03-15T08:12:26.381+0000] {processor.py:183} INFO - Processing /home/airflow/.local/lib/python3.8/site-packages/airflow/example_dags/example_branch_operator.py took 0.041 seconds
[2024-03-15T08:12:56.709+0000] {processor.py:161} INFO - Started process (PID=948) to work on /home/airflow/.local/lib/python3.8/site-packages/airflow/example_dags/example_branch_operator.py
[2024-03-15T08:12:56.709+0000] {processor.py:830} INFO - Processing file /home/airflow/.local/lib/python3.8/site-packages/airflow/example_dags/example_branch_operator.py for tasks to queue
[2024-03-15T08:12:56.710+0000] {logging_mixin.py:188} INFO - [2024-03-15T08:12:56.710+0000] {dagbag.py:540} INFO - Filling up the DagBag from /home/airflow/.local/lib/python3.8/site-packages/airflow/example_dags/example_branch_operator.py
[2024-03-15T08:12:56.717+0000] {processor.py:840} INFO - DAG(s) 'example_branch_operator' retrieved from /home/airflow/.local/lib/python3.8/site-packages/airflow/example_dags/example_branch_operator.py
[2024-03-15T08:12:56.728+0000] {logging_mixin.py:188} INFO - [2024-03-15T08:12:56.728+0000] {dag.py:3047} INFO - Sync 1 DAGs
[2024-03-15T08:12:56.736+0000] {logging_mixin.py:188} INFO - [2024-03-15T08:12:56.735+0000] {dag.py:3834} INFO - Setting next_dagrun for example_branch_operator to 2024-03-14 00:00:00+00:00, run_after=2024-03-15 00:00:00+00:00
[2024-03-15T08:12:56.742+0000] {processor.py:183} INFO - Processing /home/airflow/.local/lib/python3.8/site-packages/airflow/example_dags/example_branch_operator.py took 0.035 seconds
[2024-03-15T08:13:26.958+0000] {processor.py:161} INFO - Started process (PID=1003) to work on /home/airflow/.local/lib/python3.8/site-packages/airflow/example_dags/example_branch_operator.py
[2024-03-15T08:13:26.959+0000] {processor.py:830} INFO - Processing file /home/airflow/.local/lib/python3.8/site-packages/airflow/example_dags/example_branch_operator.py for tasks to queue
[2024-03-15T08:13:26.959+0000] {logging_mixin.py:188} INFO - [2024-03-15T08:13:26.959+0000] {dagbag.py:540} INFO - Filling up the DagBag from /home/airflow/.local/lib/python3.8/site-packages/airflow/example_dags/example_branch_operator.py
[2024-03-15T08:13:26.967+0000] {processor.py:840} INFO - DAG(s) 'example_branch_operator' retrieved from /home/airflow/.local/lib/python3.8/site-packages/airflow/example_dags/example_branch_operator.py
[2024-03-15T08:13:26.978+0000] {logging_mixin.py:188} INFO - [2024-03-15T08:13:26.978+0000] {dag.py:3047} INFO - Sync 1 DAGs
[2024-03-15T08:13:26.986+0000] {logging_mixin.py:188} INFO - [2024-03-15T08:13:26.986+0000] {dag.py:3834} INFO - Setting next_dagrun for example_branch_operator to 2024-03-14 00:00:00+00:00, run_after=2024-03-15 00:00:00+00:00
[2024-03-15T08:13:26.992+0000] {processor.py:183} INFO - Processing /home/airflow/.local/lib/python3.8/site-packages/airflow/example_dags/example_branch_operator.py took 0.036 seconds
[2024-03-15T08:13:57.301+0000] {processor.py:161} INFO - Started process (PID=1058) to work on /home/airflow/.local/lib/python3.8/site-packages/airflow/example_dags/example_branch_operator.py
[2024-03-15T08:13:57.302+0000] {processor.py:830} INFO - Processing file /home/airflow/.local/lib/python3.8/site-packages/airflow/example_dags/example_branch_operator.py for tasks to queue
[2024-03-15T08:13:57.303+0000] {logging_mixin.py:188} INFO - [2024-03-15T08:13:57.303+0000] {dagbag.py:540} INFO - Filling up the DagBag from /home/airflow/.local/lib/python3.8/site-packages/airflow/example_dags/example_branch_operator.py
[2024-03-15T08:13:57.310+0000] {processor.py:840} INFO - DAG(s) 'example_branch_operator' retrieved from /home/airflow/.local/lib/python3.8/site-packages/airflow/example_dags/example_branch_operator.py
[2024-03-15T08:13:57.321+0000] {logging_mixin.py:188} INFO - [2024-03-15T08:13:57.320+0000] {dag.py:3047} INFO - Sync 1 DAGs
[2024-03-15T08:13:57.329+0000] {logging_mixin.py:188} INFO - [2024-03-15T08:13:57.329+0000] {dag.py:3834} INFO - Setting next_dagrun for example_branch_operator to 2024-03-14 00:00:00+00:00, run_after=2024-03-15 00:00:00+00:00
[2024-03-15T08:13:57.335+0000] {processor.py:183} INFO - Processing /home/airflow/.local/lib/python3.8/site-packages/airflow/example_dags/example_branch_operator.py took 0.035 seconds
[2024-03-15T08:14:27.671+0000] {processor.py:161} INFO - Started process (PID=1113) to work on /home/airflow/.local/lib/python3.8/site-packages/airflow/example_dags/example_branch_operator.py
[2024-03-15T08:14:27.672+0000] {processor.py:830} INFO - Processing file /home/airflow/.local/lib/python3.8/site-packages/airflow/example_dags/example_branch_operator.py for tasks to queue
[2024-03-15T08:14:27.673+0000] {logging_mixin.py:188} INFO - [2024-03-15T08:14:27.672+0000] {dagbag.py:540} INFO - Filling up the DagBag from /home/airflow/.local/lib/python3.8/site-packages/airflow/example_dags/example_branch_operator.py
[2024-03-15T08:14:27.680+0000] {processor.py:840} INFO - DAG(s) 'example_branch_operator' retrieved from /home/airflow/.local/lib/python3.8/site-packages/airflow/example_dags/example_branch_operator.py
[2024-03-15T08:14:27.690+0000] {logging_mixin.py:188} INFO - [2024-03-15T08:14:27.690+0000] {dag.py:3047} INFO - Sync 1 DAGs
[2024-03-15T08:14:27.698+0000] {logging_mixin.py:188} INFO - [2024-03-15T08:14:27.698+0000] {dag.py:3834} INFO - Setting next_dagrun for example_branch_operator to 2024-03-14 00:00:00+00:00, run_after=2024-03-15 00:00:00+00:00
[2024-03-15T08:14:27.705+0000] {processor.py:183} INFO - Processing /home/airflow/.local/lib/python3.8/site-packages/airflow/example_dags/example_branch_operator.py took 0.035 seconds
[2024-03-15T08:14:57.989+0000] {processor.py:161} INFO - Started process (PID=1168) to work on /home/airflow/.local/lib/python3.8/site-packages/airflow/example_dags/example_branch_operator.py
[2024-03-15T08:14:57.989+0000] {processor.py:830} INFO - Processing file /home/airflow/.local/lib/python3.8/site-packages/airflow/example_dags/example_branch_operator.py for tasks to queue
[2024-03-15T08:14:57.990+0000] {logging_mixin.py:188} INFO - [2024-03-15T08:14:57.990+0000] {dagbag.py:540} INFO - Filling up the DagBag from /home/airflow/.local/lib/python3.8/site-packages/airflow/example_dags/example_branch_operator.py
[2024-03-15T08:14:57.997+0000] {processor.py:840} INFO - DAG(s) 'example_branch_operator' retrieved from /home/airflow/.local/lib/python3.8/site-packages/airflow/example_dags/example_branch_operator.py
[2024-03-15T08:14:58.008+0000] {logging_mixin.py:188} INFO - [2024-03-15T08:14:58.007+0000] {dag.py:3047} INFO - Sync 1 DAGs
[2024-03-15T08:14:58.016+0000] {logging_mixin.py:188} INFO - [2024-03-15T08:14:58.016+0000] {dag.py:3834} INFO - Setting next_dagrun for example_branch_operator to 2024-03-14 00:00:00+00:00, run_after=2024-03-15 00:00:00+00:00
[2024-03-15T08:14:58.022+0000] {processor.py:183} INFO - Processing /home/airflow/.local/lib/python3.8/site-packages/airflow/example_dags/example_branch_operator.py took 0.034 seconds
[2024-03-15T08:15:28.371+0000] {processor.py:161} INFO - Started process (PID=1223) to work on /home/airflow/.local/lib/python3.8/site-packages/airflow/example_dags/example_branch_operator.py
[2024-03-15T08:15:28.371+0000] {processor.py:830} INFO - Processing file /home/airflow/.local/lib/python3.8/site-packages/airflow/example_dags/example_branch_operator.py for tasks to queue
[2024-03-15T08:15:28.372+0000] {logging_mixin.py:188} INFO - [2024-03-15T08:15:28.372+0000] {dagbag.py:540} INFO - Filling up the DagBag from /home/airflow/.local/lib/python3.8/site-packages/airflow/example_dags/example_branch_operator.py
[2024-03-15T08:15:28.380+0000] {processor.py:840} INFO - DAG(s) 'example_branch_operator' retrieved from /home/airflow/.local/lib/python3.8/site-packages/airflow/example_dags/example_branch_operator.py
[2024-03-15T08:15:28.390+0000] {logging_mixin.py:188} INFO - [2024-03-15T08:15:28.390+0000] {dag.py:3047} INFO - Sync 1 DAGs
[2024-03-15T08:15:28.399+0000] {logging_mixin.py:188} INFO - [2024-03-15T08:15:28.399+0000] {dag.py:3834} INFO - Setting next_dagrun for example_branch_operator to 2024-03-14 00:00:00+00:00, run_after=2024-03-15 00:00:00+00:00
[2024-03-15T08:15:28.405+0000] {processor.py:183} INFO - Processing /home/airflow/.local/lib/python3.8/site-packages/airflow/example_dags/example_branch_operator.py took 0.036 seconds
[2024-03-15T08:15:58.748+0000] {processor.py:161} INFO - Started process (PID=1278) to work on /home/airflow/.local/lib/python3.8/site-packages/airflow/example_dags/example_branch_operator.py
[2024-03-15T08:15:58.749+0000] {processor.py:830} INFO - Processing file /home/airflow/.local/lib/python3.8/site-packages/airflow/example_dags/example_branch_operator.py for tasks to queue
[2024-03-15T08:15:58.750+0000] {logging_mixin.py:188} INFO - [2024-03-15T08:15:58.749+0000] {dagbag.py:540} INFO - Filling up the DagBag from /home/airflow/.local/lib/python3.8/site-packages/airflow/example_dags/example_branch_operator.py
[2024-03-15T08:15:58.757+0000] {processor.py:840} INFO - DAG(s) 'example_branch_operator' retrieved from /home/airflow/.local/lib/python3.8/site-packages/airflow/example_dags/example_branch_operator.py
[2024-03-15T08:15:58.769+0000] {logging_mixin.py:188} INFO - [2024-03-15T08:15:58.769+0000] {dag.py:3047} INFO - Sync 1 DAGs
[2024-03-15T08:15:58.779+0000] {logging_mixin.py:188} INFO - [2024-03-15T08:15:58.779+0000] {dag.py:3834} INFO - Setting next_dagrun for example_branch_operator to 2024-03-14 00:00:00+00:00, run_after=2024-03-15 00:00:00+00:00
[2024-03-15T08:15:58.786+0000] {processor.py:183} INFO - Processing /home/airflow/.local/lib/python3.8/site-packages/airflow/example_dags/example_branch_operator.py took 0.040 seconds
[2024-03-15T08:16:29.107+0000] {processor.py:161} INFO - Started process (PID=1333) to work on /home/airflow/.local/lib/python3.8/site-packages/airflow/example_dags/example_branch_operator.py
[2024-03-15T08:16:29.108+0000] {processor.py:830} INFO - Processing file /home/airflow/.local/lib/python3.8/site-packages/airflow/example_dags/example_branch_operator.py for tasks to queue
[2024-03-15T08:16:29.108+0000] {logging_mixin.py:188} INFO - [2024-03-15T08:16:29.108+0000] {dagbag.py:540} INFO - Filling up the DagBag from /home/airflow/.local/lib/python3.8/site-packages/airflow/example_dags/example_branch_operator.py
[2024-03-15T08:16:29.116+0000] {processor.py:840} INFO - DAG(s) 'example_branch_operator' retrieved from /home/airflow/.local/lib/python3.8/site-packages/airflow/example_dags/example_branch_operator.py
[2024-03-15T08:16:29.126+0000] {logging_mixin.py:188} INFO - [2024-03-15T08:16:29.126+0000] {dag.py:3047} INFO - Sync 1 DAGs
[2024-03-15T08:16:29.135+0000] {logging_mixin.py:188} INFO - [2024-03-15T08:16:29.135+0000] {dag.py:3834} INFO - Setting next_dagrun for example_branch_operator to 2024-03-14 00:00:00+00:00, run_after=2024-03-15 00:00:00+00:00
[2024-03-15T08:16:29.142+0000] {processor.py:183} INFO - Processing /home/airflow/.local/lib/python3.8/site-packages/airflow/example_dags/example_branch_operator.py took 0.036 seconds
[2024-03-15T08:16:59.424+0000] {processor.py:161} INFO - Started process (PID=1388) to work on /home/airflow/.local/lib/python3.8/site-packages/airflow/example_dags/example_branch_operator.py
[2024-03-15T08:16:59.424+0000] {processor.py:830} INFO - Processing file /home/airflow/.local/lib/python3.8/site-packages/airflow/example_dags/example_branch_operator.py for tasks to queue
[2024-03-15T08:16:59.425+0000] {logging_mixin.py:188} INFO - [2024-03-15T08:16:59.425+0000] {dagbag.py:540} INFO - Filling up the DagBag from /home/airflow/.local/lib/python3.8/site-packages/airflow/example_dags/example_branch_operator.py
[2024-03-15T08:16:59.434+0000] {processor.py:840} INFO - DAG(s) 'example_branch_operator' retrieved from /home/airflow/.local/lib/python3.8/site-packages/airflow/example_dags/example_branch_operator.py
[2024-03-15T08:16:59.445+0000] {logging_mixin.py:188} INFO - [2024-03-15T08:16:59.445+0000] {dag.py:3047} INFO - Sync 1 DAGs
[2024-03-15T08:16:59.455+0000] {logging_mixin.py:188} INFO - [2024-03-15T08:16:59.454+0000] {dag.py:3834} INFO - Setting next_dagrun for example_branch_operator to 2024-03-14 00:00:00+00:00, run_after=2024-03-15 00:00:00+00:00
[2024-03-15T08:16:59.462+0000] {processor.py:183} INFO - Processing /home/airflow/.local/lib/python3.8/site-packages/airflow/example_dags/example_branch_operator.py took 0.040 seconds
[2024-03-15T08:17:29.809+0000] {processor.py:161} INFO - Started process (PID=1444) to work on /home/airflow/.local/lib/python3.8/site-packages/airflow/example_dags/example_branch_operator.py
[2024-03-15T08:17:29.810+0000] {processor.py:830} INFO - Processing file /home/airflow/.local/lib/python3.8/site-packages/airflow/example_dags/example_branch_operator.py for tasks to queue
[2024-03-15T08:17:29.811+0000] {logging_mixin.py:188} INFO - [2024-03-15T08:17:29.810+0000] {dagbag.py:540} INFO - Filling up the DagBag from /home/airflow/.local/lib/python3.8/site-packages/airflow/example_dags/example_branch_operator.py
[2024-03-15T08:17:29.817+0000] {processor.py:840} INFO - DAG(s) 'example_branch_operator' retrieved from /home/airflow/.local/lib/python3.8/site-packages/airflow/example_dags/example_branch_operator.py
[2024-03-15T08:17:29.829+0000] {logging_mixin.py:188} INFO - [2024-03-15T08:17:29.828+0000] {dag.py:3047} INFO - Sync 1 DAGs
[2024-03-15T08:17:29.837+0000] {logging_mixin.py:188} INFO - [2024-03-15T08:17:29.837+0000] {dag.py:3834} INFO - Setting next_dagrun for example_branch_operator to 2024-03-14 00:00:00+00:00, run_after=2024-03-15 00:00:00+00:00
[2024-03-15T08:17:29.844+0000] {processor.py:183} INFO - Processing /home/airflow/.local/lib/python3.8/site-packages/airflow/example_dags/example_branch_operator.py took 0.036 seconds
[2024-03-15T08:18:00.149+0000] {processor.py:161} INFO - Started process (PID=1498) to work on /home/airflow/.local/lib/python3.8/site-packages/airflow/example_dags/example_branch_operator.py
[2024-03-15T08:18:00.150+0000] {processor.py:830} INFO - Processing file /home/airflow/.local/lib/python3.8/site-packages/airflow/example_dags/example_branch_operator.py for tasks to queue
[2024-03-15T08:18:00.151+0000] {logging_mixin.py:188} INFO - [2024-03-15T08:18:00.151+0000] {dagbag.py:540} INFO - Filling up the DagBag from /home/airflow/.local/lib/python3.8/site-packages/airflow/example_dags/example_branch_operator.py
[2024-03-15T08:18:00.158+0000] {processor.py:840} INFO - DAG(s) 'example_branch_operator' retrieved from /home/airflow/.local/lib/python3.8/site-packages/airflow/example_dags/example_branch_operator.py
[2024-03-15T08:18:00.168+0000] {logging_mixin.py:188} INFO - [2024-03-15T08:18:00.168+0000] {dag.py:3047} INFO - Sync 1 DAGs
[2024-03-15T08:18:00.176+0000] {logging_mixin.py:188} INFO - [2024-03-15T08:18:00.176+0000] {dag.py:3834} INFO - Setting next_dagrun for example_branch_operator to 2024-03-14 00:00:00+00:00, run_after=2024-03-15 00:00:00+00:00
[2024-03-15T08:18:00.182+0000] {processor.py:183} INFO - Processing /home/airflow/.local/lib/python3.8/site-packages/airflow/example_dags/example_branch_operator.py took 0.034 seconds
[2024-03-15T08:18:30.610+0000] {processor.py:161} INFO - Started process (PID=1553) to work on /home/airflow/.local/lib/python3.8/site-packages/airflow/example_dags/example_branch_operator.py
[2024-03-15T08:18:30.610+0000] {processor.py:830} INFO - Processing file /home/airflow/.local/lib/python3.8/site-packages/airflow/example_dags/example_branch_operator.py for tasks to queue
[2024-03-15T08:18:30.611+0000] {logging_mixin.py:188} INFO - [2024-03-15T08:18:30.611+0000] {dagbag.py:540} INFO - Filling up the DagBag from /home/airflow/.local/lib/python3.8/site-packages/airflow/example_dags/example_branch_operator.py
[2024-03-15T08:18:30.619+0000] {processor.py:840} INFO - DAG(s) 'example_branch_operator' retrieved from /home/airflow/.local/lib/python3.8/site-packages/airflow/example_dags/example_branch_operator.py
[2024-03-15T08:18:30.630+0000] {logging_mixin.py:188} INFO - [2024-03-15T08:18:30.629+0000] {dag.py:3047} INFO - Sync 1 DAGs
[2024-03-15T08:18:30.638+0000] {logging_mixin.py:188} INFO - [2024-03-15T08:18:30.638+0000] {dag.py:3834} INFO - Setting next_dagrun for example_branch_operator to 2024-03-14 00:00:00+00:00, run_after=2024-03-15 00:00:00+00:00
[2024-03-15T08:18:30.644+0000] {processor.py:183} INFO - Processing /home/airflow/.local/lib/python3.8/site-packages/airflow/example_dags/example_branch_operator.py took 0.036 seconds
[2024-03-15T08:19:00.938+0000] {processor.py:161} INFO - Started process (PID=1608) to work on /home/airflow/.local/lib/python3.8/site-packages/airflow/example_dags/example_branch_operator.py
[2024-03-15T08:19:00.938+0000] {processor.py:830} INFO - Processing file /home/airflow/.local/lib/python3.8/site-packages/airflow/example_dags/example_branch_operator.py for tasks to queue
[2024-03-15T08:19:00.939+0000] {logging_mixin.py:188} INFO - [2024-03-15T08:19:00.939+0000] {dagbag.py:540} INFO - Filling up the DagBag from /home/airflow/.local/lib/python3.8/site-packages/airflow/example_dags/example_branch_operator.py
[2024-03-15T08:19:00.946+0000] {processor.py:840} INFO - DAG(s) 'example_branch_operator' retrieved from /home/airflow/.local/lib/python3.8/site-packages/airflow/example_dags/example_branch_operator.py
[2024-03-15T08:19:00.956+0000] {logging_mixin.py:188} INFO - [2024-03-15T08:19:00.956+0000] {dag.py:3047} INFO - Sync 1 DAGs
[2024-03-15T08:19:00.965+0000] {logging_mixin.py:188} INFO - [2024-03-15T08:19:00.965+0000] {dag.py:3834} INFO - Setting next_dagrun for example_branch_operator to 2024-03-14 00:00:00+00:00, run_after=2024-03-15 00:00:00+00:00
[2024-03-15T08:19:00.971+0000] {processor.py:183} INFO - Processing /home/airflow/.local/lib/python3.8/site-packages/airflow/example_dags/example_branch_operator.py took 0.035 seconds
[2024-03-15T08:19:31.190+0000] {processor.py:161} INFO - Started process (PID=1663) to work on /home/airflow/.local/lib/python3.8/site-packages/airflow/example_dags/example_branch_operator.py
[2024-03-15T08:19:31.191+0000] {processor.py:830} INFO - Processing file /home/airflow/.local/lib/python3.8/site-packages/airflow/example_dags/example_branch_operator.py for tasks to queue
[2024-03-15T08:19:31.192+0000] {logging_mixin.py:188} INFO - [2024-03-15T08:19:31.191+0000] {dagbag.py:540} INFO - Filling up the DagBag from /home/airflow/.local/lib/python3.8/site-packages/airflow/example_dags/example_branch_operator.py
[2024-03-15T08:19:31.199+0000] {processor.py:840} INFO - DAG(s) 'example_branch_operator' retrieved from /home/airflow/.local/lib/python3.8/site-packages/airflow/example_dags/example_branch_operator.py
[2024-03-15T08:19:31.210+0000] {logging_mixin.py:188} INFO - [2024-03-15T08:19:31.210+0000] {dag.py:3047} INFO - Sync 1 DAGs
[2024-03-15T08:19:31.220+0000] {logging_mixin.py:188} INFO - [2024-03-15T08:19:31.220+0000] {dag.py:3834} INFO - Setting next_dagrun for example_branch_operator to 2024-03-14 00:00:00+00:00, run_after=2024-03-15 00:00:00+00:00
[2024-03-15T08:19:31.227+0000] {processor.py:183} INFO - Processing /home/airflow/.local/lib/python3.8/site-packages/airflow/example_dags/example_branch_operator.py took 0.038 seconds
[2024-03-15T08:20:01.575+0000] {processor.py:161} INFO - Started process (PID=1718) to work on /home/airflow/.local/lib/python3.8/site-packages/airflow/example_dags/example_branch_operator.py
[2024-03-15T08:20:01.576+0000] {processor.py:830} INFO - Processing file /home/airflow/.local/lib/python3.8/site-packages/airflow/example_dags/example_branch_operator.py for tasks to queue
[2024-03-15T08:20:01.576+0000] {logging_mixin.py:188} INFO - [2024-03-15T08:20:01.576+0000] {dagbag.py:540} INFO - Filling up the DagBag from /home/airflow/.local/lib/python3.8/site-packages/airflow/example_dags/example_branch_operator.py
[2024-03-15T08:20:01.584+0000] {processor.py:840} INFO - DAG(s) 'example_branch_operator' retrieved from /home/airflow/.local/lib/python3.8/site-packages/airflow/example_dags/example_branch_operator.py
[2024-03-15T08:20:01.594+0000] {logging_mixin.py:188} INFO - [2024-03-15T08:20:01.594+0000] {dag.py:3047} INFO - Sync 1 DAGs
[2024-03-15T08:20:01.603+0000] {logging_mixin.py:188} INFO - [2024-03-15T08:20:01.603+0000] {dag.py:3834} INFO - Setting next_dagrun for example_branch_operator to 2024-03-14 00:00:00+00:00, run_after=2024-03-15 00:00:00+00:00
[2024-03-15T08:20:01.610+0000] {processor.py:183} INFO - Processing /home/airflow/.local/lib/python3.8/site-packages/airflow/example_dags/example_branch_operator.py took 0.036 seconds
[2024-03-15T08:20:31.871+0000] {processor.py:161} INFO - Started process (PID=1772) to work on /home/airflow/.local/lib/python3.8/site-packages/airflow/example_dags/example_branch_operator.py
[2024-03-15T08:20:31.871+0000] {processor.py:830} INFO - Processing file /home/airflow/.local/lib/python3.8/site-packages/airflow/example_dags/example_branch_operator.py for tasks to queue
[2024-03-15T08:20:31.872+0000] {logging_mixin.py:188} INFO - [2024-03-15T08:20:31.872+0000] {dagbag.py:540} INFO - Filling up the DagBag from /home/airflow/.local/lib/python3.8/site-packages/airflow/example_dags/example_branch_operator.py
[2024-03-15T08:20:31.879+0000] {processor.py:840} INFO - DAG(s) 'example_branch_operator' retrieved from /home/airflow/.local/lib/python3.8/site-packages/airflow/example_dags/example_branch_operator.py
[2024-03-15T08:20:31.890+0000] {logging_mixin.py:188} INFO - [2024-03-15T08:20:31.890+0000] {dag.py:3047} INFO - Sync 1 DAGs
[2024-03-15T08:20:31.899+0000] {logging_mixin.py:188} INFO - [2024-03-15T08:20:31.899+0000] {dag.py:3834} INFO - Setting next_dagrun for example_branch_operator to 2024-03-14 00:00:00+00:00, run_after=2024-03-15 00:00:00+00:00
[2024-03-15T08:20:31.906+0000] {processor.py:183} INFO - Processing /home/airflow/.local/lib/python3.8/site-packages/airflow/example_dags/example_branch_operator.py took 0.037 seconds
[2024-03-15T08:21:02.235+0000] {processor.py:161} INFO - Started process (PID=1827) to work on /home/airflow/.local/lib/python3.8/site-packages/airflow/example_dags/example_branch_operator.py
[2024-03-15T08:21:02.236+0000] {processor.py:830} INFO - Processing file /home/airflow/.local/lib/python3.8/site-packages/airflow/example_dags/example_branch_operator.py for tasks to queue
[2024-03-15T08:21:02.237+0000] {logging_mixin.py:188} INFO - [2024-03-15T08:21:02.237+0000] {dagbag.py:540} INFO - Filling up the DagBag from /home/airflow/.local/lib/python3.8/site-packages/airflow/example_dags/example_branch_operator.py
[2024-03-15T08:21:02.244+0000] {processor.py:840} INFO - DAG(s) 'example_branch_operator' retrieved from /home/airflow/.local/lib/python3.8/site-packages/airflow/example_dags/example_branch_operator.py
[2024-03-15T08:21:02.255+0000] {logging_mixin.py:188} INFO - [2024-03-15T08:21:02.254+0000] {dag.py:3047} INFO - Sync 1 DAGs
[2024-03-15T08:21:02.263+0000] {logging_mixin.py:188} INFO - [2024-03-15T08:21:02.263+0000] {dag.py:3834} INFO - Setting next_dagrun for example_branch_operator to 2024-03-14 00:00:00+00:00, run_after=2024-03-15 00:00:00+00:00
[2024-03-15T08:21:02.270+0000] {processor.py:183} INFO - Processing /home/airflow/.local/lib/python3.8/site-packages/airflow/example_dags/example_branch_operator.py took 0.036 seconds
[2024-03-15T08:21:32.518+0000] {processor.py:161} INFO - Started process (PID=1882) to work on /home/airflow/.local/lib/python3.8/site-packages/airflow/example_dags/example_branch_operator.py
[2024-03-15T08:21:32.519+0000] {processor.py:830} INFO - Processing file /home/airflow/.local/lib/python3.8/site-packages/airflow/example_dags/example_branch_operator.py for tasks to queue
[2024-03-15T08:21:32.520+0000] {logging_mixin.py:188} INFO - [2024-03-15T08:21:32.520+0000] {dagbag.py:540} INFO - Filling up the DagBag from /home/airflow/.local/lib/python3.8/site-packages/airflow/example_dags/example_branch_operator.py
[2024-03-15T08:21:32.527+0000] {processor.py:840} INFO - DAG(s) 'example_branch_operator' retrieved from /home/airflow/.local/lib/python3.8/site-packages/airflow/example_dags/example_branch_operator.py
[2024-03-15T08:21:32.537+0000] {logging_mixin.py:188} INFO - [2024-03-15T08:21:32.537+0000] {dag.py:3047} INFO - Sync 1 DAGs
[2024-03-15T08:21:32.546+0000] {logging_mixin.py:188} INFO - [2024-03-15T08:21:32.546+0000] {dag.py:3834} INFO - Setting next_dagrun for example_branch_operator to 2024-03-14 00:00:00+00:00, run_after=2024-03-15 00:00:00+00:00
[2024-03-15T08:21:32.553+0000] {processor.py:183} INFO - Processing /home/airflow/.local/lib/python3.8/site-packages/airflow/example_dags/example_branch_operator.py took 0.036 seconds
[2024-03-15T08:22:02.825+0000] {processor.py:161} INFO - Started process (PID=1936) to work on /home/airflow/.local/lib/python3.8/site-packages/airflow/example_dags/example_branch_operator.py
[2024-03-15T08:22:02.826+0000] {processor.py:830} INFO - Processing file /home/airflow/.local/lib/python3.8/site-packages/airflow/example_dags/example_branch_operator.py for tasks to queue
[2024-03-15T08:22:02.827+0000] {logging_mixin.py:188} INFO - [2024-03-15T08:22:02.826+0000] {dagbag.py:540} INFO - Filling up the DagBag from /home/airflow/.local/lib/python3.8/site-packages/airflow/example_dags/example_branch_operator.py
[2024-03-15T08:22:02.834+0000] {processor.py:840} INFO - DAG(s) 'example_branch_operator' retrieved from /home/airflow/.local/lib/python3.8/site-packages/airflow/example_dags/example_branch_operator.py
[2024-03-15T08:22:02.844+0000] {logging_mixin.py:188} INFO - [2024-03-15T08:22:02.844+0000] {dag.py:3047} INFO - Sync 1 DAGs
[2024-03-15T08:22:02.853+0000] {logging_mixin.py:188} INFO - [2024-03-15T08:22:02.853+0000] {dag.py:3834} INFO - Setting next_dagrun for example_branch_operator to 2024-03-14 00:00:00+00:00, run_after=2024-03-15 00:00:00+00:00
[2024-03-15T08:22:02.860+0000] {processor.py:183} INFO - Processing /home/airflow/.local/lib/python3.8/site-packages/airflow/example_dags/example_branch_operator.py took 0.036 seconds
[2024-03-15T08:22:33.150+0000] {processor.py:161} INFO - Started process (PID=1991) to work on /home/airflow/.local/lib/python3.8/site-packages/airflow/example_dags/example_branch_operator.py
[2024-03-15T08:22:33.151+0000] {processor.py:830} INFO - Processing file /home/airflow/.local/lib/python3.8/site-packages/airflow/example_dags/example_branch_operator.py for tasks to queue
[2024-03-15T08:22:33.152+0000] {logging_mixin.py:188} INFO - [2024-03-15T08:22:33.152+0000] {dagbag.py:540} INFO - Filling up the DagBag from /home/airflow/.local/lib/python3.8/site-packages/airflow/example_dags/example_branch_operator.py
[2024-03-15T08:22:33.160+0000] {processor.py:840} INFO - DAG(s) 'example_branch_operator' retrieved from /home/airflow/.local/lib/python3.8/site-packages/airflow/example_dags/example_branch_operator.py
[2024-03-15T08:22:33.174+0000] {logging_mixin.py:188} INFO - [2024-03-15T08:22:33.174+0000] {dag.py:3047} INFO - Sync 1 DAGs
[2024-03-15T08:22:33.185+0000] {logging_mixin.py:188} INFO - [2024-03-15T08:22:33.185+0000] {dag.py:3834} INFO - Setting next_dagrun for example_branch_operator to 2024-03-14 00:00:00+00:00, run_after=2024-03-15 00:00:00+00:00
[2024-03-15T08:22:33.193+0000] {processor.py:183} INFO - Processing /home/airflow/.local/lib/python3.8/site-packages/airflow/example_dags/example_branch_operator.py took 0.046 seconds
[2024-03-15T08:23:03.647+0000] {processor.py:161} INFO - Started process (PID=2046) to work on /home/airflow/.local/lib/python3.8/site-packages/airflow/example_dags/example_branch_operator.py
[2024-03-15T08:23:03.647+0000] {processor.py:830} INFO - Processing file /home/airflow/.local/lib/python3.8/site-packages/airflow/example_dags/example_branch_operator.py for tasks to queue
[2024-03-15T08:23:03.648+0000] {logging_mixin.py:188} INFO - [2024-03-15T08:23:03.648+0000] {dagbag.py:540} INFO - Filling up the DagBag from /home/airflow/.local/lib/python3.8/site-packages/airflow/example_dags/example_branch_operator.py
[2024-03-15T08:23:03.656+0000] {processor.py:840} INFO - DAG(s) 'example_branch_operator' retrieved from /home/airflow/.local/lib/python3.8/site-packages/airflow/example_dags/example_branch_operator.py
[2024-03-15T08:23:03.667+0000] {logging_mixin.py:188} INFO - [2024-03-15T08:23:03.667+0000] {dag.py:3047} INFO - Sync 1 DAGs
[2024-03-15T08:23:03.677+0000] {logging_mixin.py:188} INFO - [2024-03-15T08:23:03.676+0000] {dag.py:3834} INFO - Setting next_dagrun for example_branch_operator to 2024-03-14 00:00:00+00:00, run_after=2024-03-15 00:00:00+00:00
[2024-03-15T08:23:03.684+0000] {processor.py:183} INFO - Processing /home/airflow/.local/lib/python3.8/site-packages/airflow/example_dags/example_branch_operator.py took 0.038 seconds
[2024-03-15T08:23:34.207+0000] {processor.py:161} INFO - Started process (PID=2100) to work on /home/airflow/.local/lib/python3.8/site-packages/airflow/example_dags/example_branch_operator.py
[2024-03-15T08:23:34.207+0000] {processor.py:830} INFO - Processing file /home/airflow/.local/lib/python3.8/site-packages/airflow/example_dags/example_branch_operator.py for tasks to queue
[2024-03-15T08:23:34.208+0000] {logging_mixin.py:188} INFO - [2024-03-15T08:23:34.208+0000] {dagbag.py:540} INFO - Filling up the DagBag from /home/airflow/.local/lib/python3.8/site-packages/airflow/example_dags/example_branch_operator.py
[2024-03-15T08:23:34.216+0000] {processor.py:840} INFO - DAG(s) 'example_branch_operator' retrieved from /home/airflow/.local/lib/python3.8/site-packages/airflow/example_dags/example_branch_operator.py
[2024-03-15T08:23:34.226+0000] {logging_mixin.py:188} INFO - [2024-03-15T08:23:34.226+0000] {dag.py:3047} INFO - Sync 1 DAGs
[2024-03-15T08:23:34.234+0000] {logging_mixin.py:188} INFO - [2024-03-15T08:23:34.234+0000] {dag.py:3834} INFO - Setting next_dagrun for example_branch_operator to 2024-03-14 00:00:00+00:00, run_after=2024-03-15 00:00:00+00:00
[2024-03-15T08:23:34.240+0000] {processor.py:183} INFO - Processing /home/airflow/.local/lib/python3.8/site-packages/airflow/example_dags/example_branch_operator.py took 0.035 seconds
