[2024-03-15T08:04:49.069+0000] {processor.py:161} INFO - Started process (PID=62) to work on /home/airflow/.local/lib/python3.8/site-packages/airflow/example_dags/example_latest_only_with_trigger.py
[2024-03-15T08:04:49.069+0000] {processor.py:830} INFO - Processing file /home/airflow/.local/lib/python3.8/site-packages/airflow/example_dags/example_latest_only_with_trigger.py for tasks to queue
[2024-03-15T08:04:49.070+0000] {logging_mixin.py:188} INFO - [2024-03-15T08:04:49.070+0000] {dagbag.py:540} INFO - Filling up the DagBag from /home/airflow/.local/lib/python3.8/site-packages/airflow/example_dags/example_latest_only_with_trigger.py
[2024-03-15T08:04:49.074+0000] {processor.py:840} INFO - DAG(s) 'latest_only_with_trigger' retrieved from /home/airflow/.local/lib/python3.8/site-packages/airflow/example_dags/example_latest_only_with_trigger.py
[2024-03-15T08:04:49.080+0000] {logging_mixin.py:188} INFO - [2024-03-15T08:04:49.080+0000] {dag.py:3047} INFO - Sync 1 DAGs
[2024-03-15T08:04:49.090+0000] {logging_mixin.py:188} INFO - [2024-03-15T08:04:49.090+0000] {dag.py:3834} INFO - Setting next_dagrun for latest_only_with_trigger to 2024-03-15 04:00:00+00:00, run_after=2024-03-15 08:00:00+00:00
[2024-03-15T08:04:49.097+0000] {processor.py:183} INFO - Processing /home/airflow/.local/lib/python3.8/site-packages/airflow/example_dags/example_latest_only_with_trigger.py took 0.030 seconds
[2024-03-15T08:05:20.384+0000] {processor.py:161} INFO - Started process (PID=117) to work on /home/airflow/.local/lib/python3.8/site-packages/airflow/example_dags/example_latest_only_with_trigger.py
[2024-03-15T08:05:20.385+0000] {processor.py:830} INFO - Processing file /home/airflow/.local/lib/python3.8/site-packages/airflow/example_dags/example_latest_only_with_trigger.py for tasks to queue
[2024-03-15T08:05:20.385+0000] {logging_mixin.py:188} INFO - [2024-03-15T08:05:20.385+0000] {dagbag.py:540} INFO - Filling up the DagBag from /home/airflow/.local/lib/python3.8/site-packages/airflow/example_dags/example_latest_only_with_trigger.py
[2024-03-15T08:05:20.388+0000] {processor.py:840} INFO - DAG(s) 'latest_only_with_trigger' retrieved from /home/airflow/.local/lib/python3.8/site-packages/airflow/example_dags/example_latest_only_with_trigger.py
[2024-03-15T08:05:20.426+0000] {logging_mixin.py:188} INFO - [2024-03-15T08:05:20.426+0000] {dag.py:3047} INFO - Sync 1 DAGs
[2024-03-15T08:05:20.434+0000] {logging_mixin.py:188} INFO - [2024-03-15T08:05:20.434+0000] {dag.py:3834} INFO - Setting next_dagrun for latest_only_with_trigger to 2024-03-15 04:00:00+00:00, run_after=2024-03-15 08:00:00+00:00
[2024-03-15T08:05:20.442+0000] {processor.py:183} INFO - Processing /home/airflow/.local/lib/python3.8/site-packages/airflow/example_dags/example_latest_only_with_trigger.py took 0.059 seconds
[2024-03-15T08:05:51.185+0000] {processor.py:161} INFO - Started process (PID=172) to work on /home/airflow/.local/lib/python3.8/site-packages/airflow/example_dags/example_latest_only_with_trigger.py
[2024-03-15T08:05:51.186+0000] {processor.py:830} INFO - Processing file /home/airflow/.local/lib/python3.8/site-packages/airflow/example_dags/example_latest_only_with_trigger.py for tasks to queue
[2024-03-15T08:05:51.186+0000] {logging_mixin.py:188} INFO - [2024-03-15T08:05:51.186+0000] {dagbag.py:540} INFO - Filling up the DagBag from /home/airflow/.local/lib/python3.8/site-packages/airflow/example_dags/example_latest_only_with_trigger.py
[2024-03-15T08:05:51.189+0000] {processor.py:840} INFO - DAG(s) 'latest_only_with_trigger' retrieved from /home/airflow/.local/lib/python3.8/site-packages/airflow/example_dags/example_latest_only_with_trigger.py
[2024-03-15T08:05:51.198+0000] {logging_mixin.py:188} INFO - [2024-03-15T08:05:51.198+0000] {dag.py:3047} INFO - Sync 1 DAGs
[2024-03-15T08:05:51.207+0000] {logging_mixin.py:188} INFO - [2024-03-15T08:05:51.207+0000] {dag.py:3834} INFO - Setting next_dagrun for latest_only_with_trigger to 2024-03-15 04:00:00+00:00, run_after=2024-03-15 08:00:00+00:00
[2024-03-15T08:05:51.213+0000] {processor.py:183} INFO - Processing /home/airflow/.local/lib/python3.8/site-packages/airflow/example_dags/example_latest_only_with_trigger.py took 0.030 seconds
[2024-03-15T08:06:21.465+0000] {processor.py:161} INFO - Started process (PID=227) to work on /home/airflow/.local/lib/python3.8/site-packages/airflow/example_dags/example_latest_only_with_trigger.py
[2024-03-15T08:06:21.466+0000] {processor.py:830} INFO - Processing file /home/airflow/.local/lib/python3.8/site-packages/airflow/example_dags/example_latest_only_with_trigger.py for tasks to queue
[2024-03-15T08:06:21.467+0000] {logging_mixin.py:188} INFO - [2024-03-15T08:06:21.466+0000] {dagbag.py:540} INFO - Filling up the DagBag from /home/airflow/.local/lib/python3.8/site-packages/airflow/example_dags/example_latest_only_with_trigger.py
[2024-03-15T08:06:21.469+0000] {processor.py:840} INFO - DAG(s) 'latest_only_with_trigger' retrieved from /home/airflow/.local/lib/python3.8/site-packages/airflow/example_dags/example_latest_only_with_trigger.py
[2024-03-15T08:06:21.478+0000] {logging_mixin.py:188} INFO - [2024-03-15T08:06:21.478+0000] {dag.py:3047} INFO - Sync 1 DAGs
[2024-03-15T08:06:21.486+0000] {logging_mixin.py:188} INFO - [2024-03-15T08:06:21.486+0000] {dag.py:3834} INFO - Setting next_dagrun for latest_only_with_trigger to 2024-03-15 04:00:00+00:00, run_after=2024-03-15 08:00:00+00:00
[2024-03-15T08:06:21.493+0000] {processor.py:183} INFO - Processing /home/airflow/.local/lib/python3.8/site-packages/airflow/example_dags/example_latest_only_with_trigger.py took 0.029 seconds
[2024-03-15T08:06:51.766+0000] {processor.py:161} INFO - Started process (PID=282) to work on /home/airflow/.local/lib/python3.8/site-packages/airflow/example_dags/example_latest_only_with_trigger.py
[2024-03-15T08:06:51.766+0000] {processor.py:830} INFO - Processing file /home/airflow/.local/lib/python3.8/site-packages/airflow/example_dags/example_latest_only_with_trigger.py for tasks to queue
[2024-03-15T08:06:51.767+0000] {logging_mixin.py:188} INFO - [2024-03-15T08:06:51.767+0000] {dagbag.py:540} INFO - Filling up the DagBag from /home/airflow/.local/lib/python3.8/site-packages/airflow/example_dags/example_latest_only_with_trigger.py
[2024-03-15T08:06:51.770+0000] {processor.py:840} INFO - DAG(s) 'latest_only_with_trigger' retrieved from /home/airflow/.local/lib/python3.8/site-packages/airflow/example_dags/example_latest_only_with_trigger.py
[2024-03-15T08:06:51.779+0000] {logging_mixin.py:188} INFO - [2024-03-15T08:06:51.779+0000] {dag.py:3047} INFO - Sync 1 DAGs
[2024-03-15T08:06:51.787+0000] {logging_mixin.py:188} INFO - [2024-03-15T08:06:51.787+0000] {dag.py:3834} INFO - Setting next_dagrun for latest_only_with_trigger to 2024-03-15 04:00:00+00:00, run_after=2024-03-15 08:00:00+00:00
[2024-03-15T08:06:51.794+0000] {processor.py:183} INFO - Processing /home/airflow/.local/lib/python3.8/site-packages/airflow/example_dags/example_latest_only_with_trigger.py took 0.030 seconds
[2024-03-15T08:07:22.081+0000] {processor.py:161} INFO - Started process (PID=337) to work on /home/airflow/.local/lib/python3.8/site-packages/airflow/example_dags/example_latest_only_with_trigger.py
[2024-03-15T08:07:22.082+0000] {processor.py:830} INFO - Processing file /home/airflow/.local/lib/python3.8/site-packages/airflow/example_dags/example_latest_only_with_trigger.py for tasks to queue
[2024-03-15T08:07:22.083+0000] {logging_mixin.py:188} INFO - [2024-03-15T08:07:22.082+0000] {dagbag.py:540} INFO - Filling up the DagBag from /home/airflow/.local/lib/python3.8/site-packages/airflow/example_dags/example_latest_only_with_trigger.py
[2024-03-15T08:07:22.085+0000] {processor.py:840} INFO - DAG(s) 'latest_only_with_trigger' retrieved from /home/airflow/.local/lib/python3.8/site-packages/airflow/example_dags/example_latest_only_with_trigger.py
[2024-03-15T08:07:22.093+0000] {logging_mixin.py:188} INFO - [2024-03-15T08:07:22.093+0000] {dag.py:3047} INFO - Sync 1 DAGs
[2024-03-15T08:07:22.102+0000] {logging_mixin.py:188} INFO - [2024-03-15T08:07:22.102+0000] {dag.py:3834} INFO - Setting next_dagrun for latest_only_with_trigger to 2024-03-15 04:00:00+00:00, run_after=2024-03-15 08:00:00+00:00
[2024-03-15T08:07:22.108+0000] {processor.py:183} INFO - Processing /home/airflow/.local/lib/python3.8/site-packages/airflow/example_dags/example_latest_only_with_trigger.py took 0.028 seconds
[2024-03-15T08:07:52.341+0000] {processor.py:161} INFO - Started process (PID=392) to work on /home/airflow/.local/lib/python3.8/site-packages/airflow/example_dags/example_latest_only_with_trigger.py
[2024-03-15T08:07:52.341+0000] {processor.py:830} INFO - Processing file /home/airflow/.local/lib/python3.8/site-packages/airflow/example_dags/example_latest_only_with_trigger.py for tasks to queue
[2024-03-15T08:07:52.342+0000] {logging_mixin.py:188} INFO - [2024-03-15T08:07:52.342+0000] {dagbag.py:540} INFO - Filling up the DagBag from /home/airflow/.local/lib/python3.8/site-packages/airflow/example_dags/example_latest_only_with_trigger.py
[2024-03-15T08:07:52.345+0000] {processor.py:840} INFO - DAG(s) 'latest_only_with_trigger' retrieved from /home/airflow/.local/lib/python3.8/site-packages/airflow/example_dags/example_latest_only_with_trigger.py
[2024-03-15T08:07:52.353+0000] {logging_mixin.py:188} INFO - [2024-03-15T08:07:52.353+0000] {dag.py:3047} INFO - Sync 1 DAGs
[2024-03-15T08:07:52.362+0000] {logging_mixin.py:188} INFO - [2024-03-15T08:07:52.362+0000] {dag.py:3834} INFO - Setting next_dagrun for latest_only_with_trigger to 2024-03-15 04:00:00+00:00, run_after=2024-03-15 08:00:00+00:00
[2024-03-15T08:07:52.368+0000] {processor.py:183} INFO - Processing /home/airflow/.local/lib/python3.8/site-packages/airflow/example_dags/example_latest_only_with_trigger.py took 0.029 seconds
[2024-03-15T08:08:22.771+0000] {processor.py:161} INFO - Started process (PID=446) to work on /home/airflow/.local/lib/python3.8/site-packages/airflow/example_dags/example_latest_only_with_trigger.py
[2024-03-15T08:08:22.772+0000] {processor.py:830} INFO - Processing file /home/airflow/.local/lib/python3.8/site-packages/airflow/example_dags/example_latest_only_with_trigger.py for tasks to queue
[2024-03-15T08:08:22.772+0000] {logging_mixin.py:188} INFO - [2024-03-15T08:08:22.772+0000] {dagbag.py:540} INFO - Filling up the DagBag from /home/airflow/.local/lib/python3.8/site-packages/airflow/example_dags/example_latest_only_with_trigger.py
[2024-03-15T08:08:22.775+0000] {processor.py:840} INFO - DAG(s) 'latest_only_with_trigger' retrieved from /home/airflow/.local/lib/python3.8/site-packages/airflow/example_dags/example_latest_only_with_trigger.py
[2024-03-15T08:08:22.784+0000] {logging_mixin.py:188} INFO - [2024-03-15T08:08:22.784+0000] {dag.py:3047} INFO - Sync 1 DAGs
[2024-03-15T08:08:22.793+0000] {logging_mixin.py:188} INFO - [2024-03-15T08:08:22.792+0000] {dag.py:3834} INFO - Setting next_dagrun for latest_only_with_trigger to 2024-03-15 04:00:00+00:00, run_after=2024-03-15 08:00:00+00:00
[2024-03-15T08:08:22.799+0000] {processor.py:183} INFO - Processing /home/airflow/.local/lib/python3.8/site-packages/airflow/example_dags/example_latest_only_with_trigger.py took 0.030 seconds
[2024-03-15T08:08:53.110+0000] {processor.py:161} INFO - Started process (PID=501) to work on /home/airflow/.local/lib/python3.8/site-packages/airflow/example_dags/example_latest_only_with_trigger.py
[2024-03-15T08:08:53.110+0000] {processor.py:830} INFO - Processing file /home/airflow/.local/lib/python3.8/site-packages/airflow/example_dags/example_latest_only_with_trigger.py for tasks to queue
[2024-03-15T08:08:53.111+0000] {logging_mixin.py:188} INFO - [2024-03-15T08:08:53.111+0000] {dagbag.py:540} INFO - Filling up the DagBag from /home/airflow/.local/lib/python3.8/site-packages/airflow/example_dags/example_latest_only_with_trigger.py
[2024-03-15T08:08:53.114+0000] {processor.py:840} INFO - DAG(s) 'latest_only_with_trigger' retrieved from /home/airflow/.local/lib/python3.8/site-packages/airflow/example_dags/example_latest_only_with_trigger.py
[2024-03-15T08:08:53.122+0000] {logging_mixin.py:188} INFO - [2024-03-15T08:08:53.122+0000] {dag.py:3047} INFO - Sync 1 DAGs
[2024-03-15T08:08:53.131+0000] {logging_mixin.py:188} INFO - [2024-03-15T08:08:53.131+0000] {dag.py:3834} INFO - Setting next_dagrun for latest_only_with_trigger to 2024-03-15 04:00:00+00:00, run_after=2024-03-15 08:00:00+00:00
[2024-03-15T08:08:53.137+0000] {processor.py:183} INFO - Processing /home/airflow/.local/lib/python3.8/site-packages/airflow/example_dags/example_latest_only_with_trigger.py took 0.029 seconds
[2024-03-15T08:09:23.440+0000] {processor.py:161} INFO - Started process (PID=556) to work on /home/airflow/.local/lib/python3.8/site-packages/airflow/example_dags/example_latest_only_with_trigger.py
[2024-03-15T08:09:23.440+0000] {processor.py:830} INFO - Processing file /home/airflow/.local/lib/python3.8/site-packages/airflow/example_dags/example_latest_only_with_trigger.py for tasks to queue
[2024-03-15T08:09:23.441+0000] {logging_mixin.py:188} INFO - [2024-03-15T08:09:23.441+0000] {dagbag.py:540} INFO - Filling up the DagBag from /home/airflow/.local/lib/python3.8/site-packages/airflow/example_dags/example_latest_only_with_trigger.py
[2024-03-15T08:09:23.444+0000] {processor.py:840} INFO - DAG(s) 'latest_only_with_trigger' retrieved from /home/airflow/.local/lib/python3.8/site-packages/airflow/example_dags/example_latest_only_with_trigger.py
[2024-03-15T08:09:23.453+0000] {logging_mixin.py:188} INFO - [2024-03-15T08:09:23.453+0000] {dag.py:3047} INFO - Sync 1 DAGs
[2024-03-15T08:09:23.462+0000] {logging_mixin.py:188} INFO - [2024-03-15T08:09:23.462+0000] {dag.py:3834} INFO - Setting next_dagrun for latest_only_with_trigger to 2024-03-15 04:00:00+00:00, run_after=2024-03-15 08:00:00+00:00
[2024-03-15T08:09:23.469+0000] {processor.py:183} INFO - Processing /home/airflow/.local/lib/python3.8/site-packages/airflow/example_dags/example_latest_only_with_trigger.py took 0.030 seconds
[2024-03-15T08:09:53.955+0000] {processor.py:161} INFO - Started process (PID=611) to work on /home/airflow/.local/lib/python3.8/site-packages/airflow/example_dags/example_latest_only_with_trigger.py
[2024-03-15T08:09:53.956+0000] {processor.py:830} INFO - Processing file /home/airflow/.local/lib/python3.8/site-packages/airflow/example_dags/example_latest_only_with_trigger.py for tasks to queue
[2024-03-15T08:09:53.957+0000] {logging_mixin.py:188} INFO - [2024-03-15T08:09:53.956+0000] {dagbag.py:540} INFO - Filling up the DagBag from /home/airflow/.local/lib/python3.8/site-packages/airflow/example_dags/example_latest_only_with_trigger.py
[2024-03-15T08:09:53.959+0000] {processor.py:840} INFO - DAG(s) 'latest_only_with_trigger' retrieved from /home/airflow/.local/lib/python3.8/site-packages/airflow/example_dags/example_latest_only_with_trigger.py
[2024-03-15T08:09:53.968+0000] {logging_mixin.py:188} INFO - [2024-03-15T08:09:53.968+0000] {dag.py:3047} INFO - Sync 1 DAGs
[2024-03-15T08:09:53.976+0000] {logging_mixin.py:188} INFO - [2024-03-15T08:09:53.976+0000] {dag.py:3834} INFO - Setting next_dagrun for latest_only_with_trigger to 2024-03-15 04:00:00+00:00, run_after=2024-03-15 08:00:00+00:00
[2024-03-15T08:09:53.983+0000] {processor.py:183} INFO - Processing /home/airflow/.local/lib/python3.8/site-packages/airflow/example_dags/example_latest_only_with_trigger.py took 0.029 seconds
[2024-03-15T08:10:24.342+0000] {processor.py:161} INFO - Started process (PID=666) to work on /home/airflow/.local/lib/python3.8/site-packages/airflow/example_dags/example_latest_only_with_trigger.py
[2024-03-15T08:10:24.343+0000] {processor.py:830} INFO - Processing file /home/airflow/.local/lib/python3.8/site-packages/airflow/example_dags/example_latest_only_with_trigger.py for tasks to queue
[2024-03-15T08:10:24.344+0000] {logging_mixin.py:188} INFO - [2024-03-15T08:10:24.343+0000] {dagbag.py:540} INFO - Filling up the DagBag from /home/airflow/.local/lib/python3.8/site-packages/airflow/example_dags/example_latest_only_with_trigger.py
[2024-03-15T08:10:24.346+0000] {processor.py:840} INFO - DAG(s) 'latest_only_with_trigger' retrieved from /home/airflow/.local/lib/python3.8/site-packages/airflow/example_dags/example_latest_only_with_trigger.py
[2024-03-15T08:10:24.356+0000] {logging_mixin.py:188} INFO - [2024-03-15T08:10:24.355+0000] {dag.py:3047} INFO - Sync 1 DAGs
[2024-03-15T08:10:24.364+0000] {logging_mixin.py:188} INFO - [2024-03-15T08:10:24.364+0000] {dag.py:3834} INFO - Setting next_dagrun for latest_only_with_trigger to 2024-03-15 04:00:00+00:00, run_after=2024-03-15 08:00:00+00:00
[2024-03-15T08:10:24.370+0000] {processor.py:183} INFO - Processing /home/airflow/.local/lib/python3.8/site-packages/airflow/example_dags/example_latest_only_with_trigger.py took 0.030 seconds
[2024-03-15T08:10:54.647+0000] {processor.py:161} INFO - Started process (PID=721) to work on /home/airflow/.local/lib/python3.8/site-packages/airflow/example_dags/example_latest_only_with_trigger.py
[2024-03-15T08:10:54.648+0000] {processor.py:830} INFO - Processing file /home/airflow/.local/lib/python3.8/site-packages/airflow/example_dags/example_latest_only_with_trigger.py for tasks to queue
[2024-03-15T08:10:54.648+0000] {logging_mixin.py:188} INFO - [2024-03-15T08:10:54.648+0000] {dagbag.py:540} INFO - Filling up the DagBag from /home/airflow/.local/lib/python3.8/site-packages/airflow/example_dags/example_latest_only_with_trigger.py
[2024-03-15T08:10:54.651+0000] {processor.py:840} INFO - DAG(s) 'latest_only_with_trigger' retrieved from /home/airflow/.local/lib/python3.8/site-packages/airflow/example_dags/example_latest_only_with_trigger.py
[2024-03-15T08:10:54.660+0000] {logging_mixin.py:188} INFO - [2024-03-15T08:10:54.660+0000] {dag.py:3047} INFO - Sync 1 DAGs
[2024-03-15T08:10:54.669+0000] {logging_mixin.py:188} INFO - [2024-03-15T08:10:54.669+0000] {dag.py:3834} INFO - Setting next_dagrun for latest_only_with_trigger to 2024-03-15 04:00:00+00:00, run_after=2024-03-15 08:00:00+00:00
[2024-03-15T08:10:54.676+0000] {processor.py:183} INFO - Processing /home/airflow/.local/lib/python3.8/site-packages/airflow/example_dags/example_latest_only_with_trigger.py took 0.030 seconds
[2024-03-15T08:11:25.116+0000] {processor.py:161} INFO - Started process (PID=776) to work on /home/airflow/.local/lib/python3.8/site-packages/airflow/example_dags/example_latest_only_with_trigger.py
[2024-03-15T08:11:25.116+0000] {processor.py:830} INFO - Processing file /home/airflow/.local/lib/python3.8/site-packages/airflow/example_dags/example_latest_only_with_trigger.py for tasks to queue
[2024-03-15T08:11:25.117+0000] {logging_mixin.py:188} INFO - [2024-03-15T08:11:25.117+0000] {dagbag.py:540} INFO - Filling up the DagBag from /home/airflow/.local/lib/python3.8/site-packages/airflow/example_dags/example_latest_only_with_trigger.py
[2024-03-15T08:11:25.120+0000] {processor.py:840} INFO - DAG(s) 'latest_only_with_trigger' retrieved from /home/airflow/.local/lib/python3.8/site-packages/airflow/example_dags/example_latest_only_with_trigger.py
[2024-03-15T08:11:25.129+0000] {logging_mixin.py:188} INFO - [2024-03-15T08:11:25.129+0000] {dag.py:3047} INFO - Sync 1 DAGs
[2024-03-15T08:11:25.138+0000] {logging_mixin.py:188} INFO - [2024-03-15T08:11:25.138+0000] {dag.py:3834} INFO - Setting next_dagrun for latest_only_with_trigger to 2024-03-15 04:00:00+00:00, run_after=2024-03-15 08:00:00+00:00
[2024-03-15T08:11:25.146+0000] {processor.py:183} INFO - Processing /home/airflow/.local/lib/python3.8/site-packages/airflow/example_dags/example_latest_only_with_trigger.py took 0.031 seconds
[2024-03-15T08:11:55.606+0000] {processor.py:161} INFO - Started process (PID=831) to work on /home/airflow/.local/lib/python3.8/site-packages/airflow/example_dags/example_latest_only_with_trigger.py
[2024-03-15T08:11:55.606+0000] {processor.py:830} INFO - Processing file /home/airflow/.local/lib/python3.8/site-packages/airflow/example_dags/example_latest_only_with_trigger.py for tasks to queue
[2024-03-15T08:11:55.607+0000] {logging_mixin.py:188} INFO - [2024-03-15T08:11:55.607+0000] {dagbag.py:540} INFO - Filling up the DagBag from /home/airflow/.local/lib/python3.8/site-packages/airflow/example_dags/example_latest_only_with_trigger.py
[2024-03-15T08:11:55.610+0000] {processor.py:840} INFO - DAG(s) 'latest_only_with_trigger' retrieved from /home/airflow/.local/lib/python3.8/site-packages/airflow/example_dags/example_latest_only_with_trigger.py
[2024-03-15T08:11:55.619+0000] {logging_mixin.py:188} INFO - [2024-03-15T08:11:55.619+0000] {dag.py:3047} INFO - Sync 1 DAGs
[2024-03-15T08:11:55.627+0000] {logging_mixin.py:188} INFO - [2024-03-15T08:11:55.627+0000] {dag.py:3834} INFO - Setting next_dagrun for latest_only_with_trigger to 2024-03-15 04:00:00+00:00, run_after=2024-03-15 08:00:00+00:00
[2024-03-15T08:11:55.637+0000] {processor.py:183} INFO - Processing /home/airflow/.local/lib/python3.8/site-packages/airflow/example_dags/example_latest_only_with_trigger.py took 0.033 seconds
[2024-03-15T08:12:26.181+0000] {processor.py:161} INFO - Started process (PID=886) to work on /home/airflow/.local/lib/python3.8/site-packages/airflow/example_dags/example_latest_only_with_trigger.py
[2024-03-15T08:12:26.182+0000] {processor.py:830} INFO - Processing file /home/airflow/.local/lib/python3.8/site-packages/airflow/example_dags/example_latest_only_with_trigger.py for tasks to queue
[2024-03-15T08:12:26.182+0000] {logging_mixin.py:188} INFO - [2024-03-15T08:12:26.182+0000] {dagbag.py:540} INFO - Filling up the DagBag from /home/airflow/.local/lib/python3.8/site-packages/airflow/example_dags/example_latest_only_with_trigger.py
[2024-03-15T08:12:26.185+0000] {processor.py:840} INFO - DAG(s) 'latest_only_with_trigger' retrieved from /home/airflow/.local/lib/python3.8/site-packages/airflow/example_dags/example_latest_only_with_trigger.py
[2024-03-15T08:12:26.196+0000] {logging_mixin.py:188} INFO - [2024-03-15T08:12:26.195+0000] {dag.py:3047} INFO - Sync 1 DAGs
[2024-03-15T08:12:26.205+0000] {logging_mixin.py:188} INFO - [2024-03-15T08:12:26.204+0000] {dag.py:3834} INFO - Setting next_dagrun for latest_only_with_trigger to 2024-03-15 04:00:00+00:00, run_after=2024-03-15 08:00:00+00:00
[2024-03-15T08:12:26.212+0000] {processor.py:183} INFO - Processing /home/airflow/.local/lib/python3.8/site-packages/airflow/example_dags/example_latest_only_with_trigger.py took 0.033 seconds
[2024-03-15T08:12:56.542+0000] {processor.py:161} INFO - Started process (PID=941) to work on /home/airflow/.local/lib/python3.8/site-packages/airflow/example_dags/example_latest_only_with_trigger.py
[2024-03-15T08:12:56.542+0000] {processor.py:830} INFO - Processing file /home/airflow/.local/lib/python3.8/site-packages/airflow/example_dags/example_latest_only_with_trigger.py for tasks to queue
[2024-03-15T08:12:56.543+0000] {logging_mixin.py:188} INFO - [2024-03-15T08:12:56.543+0000] {dagbag.py:540} INFO - Filling up the DagBag from /home/airflow/.local/lib/python3.8/site-packages/airflow/example_dags/example_latest_only_with_trigger.py
[2024-03-15T08:12:56.546+0000] {processor.py:840} INFO - DAG(s) 'latest_only_with_trigger' retrieved from /home/airflow/.local/lib/python3.8/site-packages/airflow/example_dags/example_latest_only_with_trigger.py
[2024-03-15T08:12:56.554+0000] {logging_mixin.py:188} INFO - [2024-03-15T08:12:56.554+0000] {dag.py:3047} INFO - Sync 1 DAGs
[2024-03-15T08:12:56.562+0000] {logging_mixin.py:188} INFO - [2024-03-15T08:12:56.562+0000] {dag.py:3834} INFO - Setting next_dagrun for latest_only_with_trigger to 2024-03-15 04:00:00+00:00, run_after=2024-03-15 08:00:00+00:00
[2024-03-15T08:12:56.571+0000] {processor.py:183} INFO - Processing /home/airflow/.local/lib/python3.8/site-packages/airflow/example_dags/example_latest_only_with_trigger.py took 0.030 seconds
[2024-03-15T08:13:26.797+0000] {processor.py:161} INFO - Started process (PID=996) to work on /home/airflow/.local/lib/python3.8/site-packages/airflow/example_dags/example_latest_only_with_trigger.py
[2024-03-15T08:13:26.798+0000] {processor.py:830} INFO - Processing file /home/airflow/.local/lib/python3.8/site-packages/airflow/example_dags/example_latest_only_with_trigger.py for tasks to queue
[2024-03-15T08:13:26.798+0000] {logging_mixin.py:188} INFO - [2024-03-15T08:13:26.798+0000] {dagbag.py:540} INFO - Filling up the DagBag from /home/airflow/.local/lib/python3.8/site-packages/airflow/example_dags/example_latest_only_with_trigger.py
[2024-03-15T08:13:26.801+0000] {processor.py:840} INFO - DAG(s) 'latest_only_with_trigger' retrieved from /home/airflow/.local/lib/python3.8/site-packages/airflow/example_dags/example_latest_only_with_trigger.py
[2024-03-15T08:13:26.810+0000] {logging_mixin.py:188} INFO - [2024-03-15T08:13:26.810+0000] {dag.py:3047} INFO - Sync 1 DAGs
[2024-03-15T08:13:26.818+0000] {logging_mixin.py:188} INFO - [2024-03-15T08:13:26.818+0000] {dag.py:3834} INFO - Setting next_dagrun for latest_only_with_trigger to 2024-03-15 04:00:00+00:00, run_after=2024-03-15 08:00:00+00:00
[2024-03-15T08:13:26.826+0000] {processor.py:183} INFO - Processing /home/airflow/.local/lib/python3.8/site-packages/airflow/example_dags/example_latest_only_with_trigger.py took 0.031 seconds
[2024-03-15T08:13:57.124+0000] {processor.py:161} INFO - Started process (PID=1051) to work on /home/airflow/.local/lib/python3.8/site-packages/airflow/example_dags/example_latest_only_with_trigger.py
[2024-03-15T08:13:57.124+0000] {processor.py:830} INFO - Processing file /home/airflow/.local/lib/python3.8/site-packages/airflow/example_dags/example_latest_only_with_trigger.py for tasks to queue
[2024-03-15T08:13:57.125+0000] {logging_mixin.py:188} INFO - [2024-03-15T08:13:57.125+0000] {dagbag.py:540} INFO - Filling up the DagBag from /home/airflow/.local/lib/python3.8/site-packages/airflow/example_dags/example_latest_only_with_trigger.py
[2024-03-15T08:13:57.127+0000] {processor.py:840} INFO - DAG(s) 'latest_only_with_trigger' retrieved from /home/airflow/.local/lib/python3.8/site-packages/airflow/example_dags/example_latest_only_with_trigger.py
[2024-03-15T08:13:57.135+0000] {logging_mixin.py:188} INFO - [2024-03-15T08:13:57.135+0000] {dag.py:3047} INFO - Sync 1 DAGs
[2024-03-15T08:13:57.143+0000] {logging_mixin.py:188} INFO - [2024-03-15T08:13:57.143+0000] {dag.py:3834} INFO - Setting next_dagrun for latest_only_with_trigger to 2024-03-15 04:00:00+00:00, run_after=2024-03-15 08:00:00+00:00
[2024-03-15T08:13:57.149+0000] {processor.py:183} INFO - Processing /home/airflow/.local/lib/python3.8/site-packages/airflow/example_dags/example_latest_only_with_trigger.py took 0.027 seconds
[2024-03-15T08:14:27.487+0000] {processor.py:161} INFO - Started process (PID=1106) to work on /home/airflow/.local/lib/python3.8/site-packages/airflow/example_dags/example_latest_only_with_trigger.py
[2024-03-15T08:14:27.488+0000] {processor.py:830} INFO - Processing file /home/airflow/.local/lib/python3.8/site-packages/airflow/example_dags/example_latest_only_with_trigger.py for tasks to queue
[2024-03-15T08:14:27.488+0000] {logging_mixin.py:188} INFO - [2024-03-15T08:14:27.488+0000] {dagbag.py:540} INFO - Filling up the DagBag from /home/airflow/.local/lib/python3.8/site-packages/airflow/example_dags/example_latest_only_with_trigger.py
[2024-03-15T08:14:27.491+0000] {processor.py:840} INFO - DAG(s) 'latest_only_with_trigger' retrieved from /home/airflow/.local/lib/python3.8/site-packages/airflow/example_dags/example_latest_only_with_trigger.py
[2024-03-15T08:14:27.499+0000] {logging_mixin.py:188} INFO - [2024-03-15T08:14:27.498+0000] {dag.py:3047} INFO - Sync 1 DAGs
[2024-03-15T08:14:27.506+0000] {logging_mixin.py:188} INFO - [2024-03-15T08:14:27.506+0000] {dag.py:3834} INFO - Setting next_dagrun for latest_only_with_trigger to 2024-03-15 04:00:00+00:00, run_after=2024-03-15 08:00:00+00:00
[2024-03-15T08:14:27.513+0000] {processor.py:183} INFO - Processing /home/airflow/.local/lib/python3.8/site-packages/airflow/example_dags/example_latest_only_with_trigger.py took 0.027 seconds
[2024-03-15T08:14:57.833+0000] {processor.py:161} INFO - Started process (PID=1161) to work on /home/airflow/.local/lib/python3.8/site-packages/airflow/example_dags/example_latest_only_with_trigger.py
[2024-03-15T08:14:57.834+0000] {processor.py:830} INFO - Processing file /home/airflow/.local/lib/python3.8/site-packages/airflow/example_dags/example_latest_only_with_trigger.py for tasks to queue
[2024-03-15T08:14:57.835+0000] {logging_mixin.py:188} INFO - [2024-03-15T08:14:57.834+0000] {dagbag.py:540} INFO - Filling up the DagBag from /home/airflow/.local/lib/python3.8/site-packages/airflow/example_dags/example_latest_only_with_trigger.py
[2024-03-15T08:14:57.837+0000] {processor.py:840} INFO - DAG(s) 'latest_only_with_trigger' retrieved from /home/airflow/.local/lib/python3.8/site-packages/airflow/example_dags/example_latest_only_with_trigger.py
[2024-03-15T08:14:57.845+0000] {logging_mixin.py:188} INFO - [2024-03-15T08:14:57.845+0000] {dag.py:3047} INFO - Sync 1 DAGs
[2024-03-15T08:14:57.853+0000] {logging_mixin.py:188} INFO - [2024-03-15T08:14:57.853+0000] {dag.py:3834} INFO - Setting next_dagrun for latest_only_with_trigger to 2024-03-15 04:00:00+00:00, run_after=2024-03-15 08:00:00+00:00
[2024-03-15T08:14:57.860+0000] {processor.py:183} INFO - Processing /home/airflow/.local/lib/python3.8/site-packages/airflow/example_dags/example_latest_only_with_trigger.py took 0.028 seconds
[2024-03-15T08:15:28.202+0000] {processor.py:161} INFO - Started process (PID=1216) to work on /home/airflow/.local/lib/python3.8/site-packages/airflow/example_dags/example_latest_only_with_trigger.py
[2024-03-15T08:15:28.203+0000] {processor.py:830} INFO - Processing file /home/airflow/.local/lib/python3.8/site-packages/airflow/example_dags/example_latest_only_with_trigger.py for tasks to queue
[2024-03-15T08:15:28.204+0000] {logging_mixin.py:188} INFO - [2024-03-15T08:15:28.204+0000] {dagbag.py:540} INFO - Filling up the DagBag from /home/airflow/.local/lib/python3.8/site-packages/airflow/example_dags/example_latest_only_with_trigger.py
[2024-03-15T08:15:28.207+0000] {processor.py:840} INFO - DAG(s) 'latest_only_with_trigger' retrieved from /home/airflow/.local/lib/python3.8/site-packages/airflow/example_dags/example_latest_only_with_trigger.py
[2024-03-15T08:15:28.217+0000] {logging_mixin.py:188} INFO - [2024-03-15T08:15:28.217+0000] {dag.py:3047} INFO - Sync 1 DAGs
[2024-03-15T08:15:28.226+0000] {logging_mixin.py:188} INFO - [2024-03-15T08:15:28.226+0000] {dag.py:3834} INFO - Setting next_dagrun for latest_only_with_trigger to 2024-03-15 04:00:00+00:00, run_after=2024-03-15 08:00:00+00:00
[2024-03-15T08:15:28.233+0000] {processor.py:183} INFO - Processing /home/airflow/.local/lib/python3.8/site-packages/airflow/example_dags/example_latest_only_with_trigger.py took 0.033 seconds
[2024-03-15T08:15:58.599+0000] {processor.py:161} INFO - Started process (PID=1271) to work on /home/airflow/.local/lib/python3.8/site-packages/airflow/example_dags/example_latest_only_with_trigger.py
[2024-03-15T08:15:58.599+0000] {processor.py:830} INFO - Processing file /home/airflow/.local/lib/python3.8/site-packages/airflow/example_dags/example_latest_only_with_trigger.py for tasks to queue
[2024-03-15T08:15:58.600+0000] {logging_mixin.py:188} INFO - [2024-03-15T08:15:58.600+0000] {dagbag.py:540} INFO - Filling up the DagBag from /home/airflow/.local/lib/python3.8/site-packages/airflow/example_dags/example_latest_only_with_trigger.py
[2024-03-15T08:15:58.602+0000] {processor.py:840} INFO - DAG(s) 'latest_only_with_trigger' retrieved from /home/airflow/.local/lib/python3.8/site-packages/airflow/example_dags/example_latest_only_with_trigger.py
[2024-03-15T08:15:58.611+0000] {logging_mixin.py:188} INFO - [2024-03-15T08:15:58.611+0000] {dag.py:3047} INFO - Sync 1 DAGs
[2024-03-15T08:15:58.621+0000] {logging_mixin.py:188} INFO - [2024-03-15T08:15:58.620+0000] {dag.py:3834} INFO - Setting next_dagrun for latest_only_with_trigger to 2024-03-15 04:00:00+00:00, run_after=2024-03-15 08:00:00+00:00
[2024-03-15T08:15:58.628+0000] {processor.py:183} INFO - Processing /home/airflow/.local/lib/python3.8/site-packages/airflow/example_dags/example_latest_only_with_trigger.py took 0.031 seconds
[2024-03-15T08:16:28.939+0000] {processor.py:161} INFO - Started process (PID=1326) to work on /home/airflow/.local/lib/python3.8/site-packages/airflow/example_dags/example_latest_only_with_trigger.py
[2024-03-15T08:16:28.939+0000] {processor.py:830} INFO - Processing file /home/airflow/.local/lib/python3.8/site-packages/airflow/example_dags/example_latest_only_with_trigger.py for tasks to queue
[2024-03-15T08:16:28.940+0000] {logging_mixin.py:188} INFO - [2024-03-15T08:16:28.940+0000] {dagbag.py:540} INFO - Filling up the DagBag from /home/airflow/.local/lib/python3.8/site-packages/airflow/example_dags/example_latest_only_with_trigger.py
[2024-03-15T08:16:28.942+0000] {processor.py:840} INFO - DAG(s) 'latest_only_with_trigger' retrieved from /home/airflow/.local/lib/python3.8/site-packages/airflow/example_dags/example_latest_only_with_trigger.py
[2024-03-15T08:16:28.951+0000] {logging_mixin.py:188} INFO - [2024-03-15T08:16:28.951+0000] {dag.py:3047} INFO - Sync 1 DAGs
[2024-03-15T08:16:28.960+0000] {logging_mixin.py:188} INFO - [2024-03-15T08:16:28.959+0000] {dag.py:3834} INFO - Setting next_dagrun for latest_only_with_trigger to 2024-03-15 04:00:00+00:00, run_after=2024-03-15 08:00:00+00:00
[2024-03-15T08:16:28.966+0000] {processor.py:183} INFO - Processing /home/airflow/.local/lib/python3.8/site-packages/airflow/example_dags/example_latest_only_with_trigger.py took 0.029 seconds
[2024-03-15T08:16:59.250+0000] {processor.py:161} INFO - Started process (PID=1381) to work on /home/airflow/.local/lib/python3.8/site-packages/airflow/example_dags/example_latest_only_with_trigger.py
[2024-03-15T08:16:59.251+0000] {processor.py:830} INFO - Processing file /home/airflow/.local/lib/python3.8/site-packages/airflow/example_dags/example_latest_only_with_trigger.py for tasks to queue
[2024-03-15T08:16:59.252+0000] {logging_mixin.py:188} INFO - [2024-03-15T08:16:59.252+0000] {dagbag.py:540} INFO - Filling up the DagBag from /home/airflow/.local/lib/python3.8/site-packages/airflow/example_dags/example_latest_only_with_trigger.py
[2024-03-15T08:16:59.254+0000] {processor.py:840} INFO - DAG(s) 'latest_only_with_trigger' retrieved from /home/airflow/.local/lib/python3.8/site-packages/airflow/example_dags/example_latest_only_with_trigger.py
[2024-03-15T08:16:59.263+0000] {logging_mixin.py:188} INFO - [2024-03-15T08:16:59.263+0000] {dag.py:3047} INFO - Sync 1 DAGs
[2024-03-15T08:16:59.272+0000] {logging_mixin.py:188} INFO - [2024-03-15T08:16:59.272+0000] {dag.py:3834} INFO - Setting next_dagrun for latest_only_with_trigger to 2024-03-15 04:00:00+00:00, run_after=2024-03-15 08:00:00+00:00
[2024-03-15T08:16:59.279+0000] {processor.py:183} INFO - Processing /home/airflow/.local/lib/python3.8/site-packages/airflow/example_dags/example_latest_only_with_trigger.py took 0.030 seconds
[2024-03-15T08:17:29.629+0000] {processor.py:161} INFO - Started process (PID=1436) to work on /home/airflow/.local/lib/python3.8/site-packages/airflow/example_dags/example_latest_only_with_trigger.py
[2024-03-15T08:17:29.630+0000] {processor.py:830} INFO - Processing file /home/airflow/.local/lib/python3.8/site-packages/airflow/example_dags/example_latest_only_with_trigger.py for tasks to queue
[2024-03-15T08:17:29.631+0000] {logging_mixin.py:188} INFO - [2024-03-15T08:17:29.631+0000] {dagbag.py:540} INFO - Filling up the DagBag from /home/airflow/.local/lib/python3.8/site-packages/airflow/example_dags/example_latest_only_with_trigger.py
[2024-03-15T08:17:29.633+0000] {processor.py:840} INFO - DAG(s) 'latest_only_with_trigger' retrieved from /home/airflow/.local/lib/python3.8/site-packages/airflow/example_dags/example_latest_only_with_trigger.py
[2024-03-15T08:17:29.642+0000] {logging_mixin.py:188} INFO - [2024-03-15T08:17:29.642+0000] {dag.py:3047} INFO - Sync 1 DAGs
[2024-03-15T08:17:29.651+0000] {logging_mixin.py:188} INFO - [2024-03-15T08:17:29.651+0000] {dag.py:3834} INFO - Setting next_dagrun for latest_only_with_trigger to 2024-03-15 04:00:00+00:00, run_after=2024-03-15 08:00:00+00:00
[2024-03-15T08:17:29.659+0000] {processor.py:183} INFO - Processing /home/airflow/.local/lib/python3.8/site-packages/airflow/example_dags/example_latest_only_with_trigger.py took 0.032 seconds
[2024-03-15T08:17:59.975+0000] {processor.py:161} INFO - Started process (PID=1491) to work on /home/airflow/.local/lib/python3.8/site-packages/airflow/example_dags/example_latest_only_with_trigger.py
[2024-03-15T08:17:59.976+0000] {processor.py:830} INFO - Processing file /home/airflow/.local/lib/python3.8/site-packages/airflow/example_dags/example_latest_only_with_trigger.py for tasks to queue
[2024-03-15T08:17:59.977+0000] {logging_mixin.py:188} INFO - [2024-03-15T08:17:59.977+0000] {dagbag.py:540} INFO - Filling up the DagBag from /home/airflow/.local/lib/python3.8/site-packages/airflow/example_dags/example_latest_only_with_trigger.py
[2024-03-15T08:17:59.980+0000] {processor.py:840} INFO - DAG(s) 'latest_only_with_trigger' retrieved from /home/airflow/.local/lib/python3.8/site-packages/airflow/example_dags/example_latest_only_with_trigger.py
[2024-03-15T08:17:59.987+0000] {logging_mixin.py:188} INFO - [2024-03-15T08:17:59.987+0000] {dag.py:3047} INFO - Sync 1 DAGs
[2024-03-15T08:17:59.995+0000] {logging_mixin.py:188} INFO - [2024-03-15T08:17:59.995+0000] {dag.py:3834} INFO - Setting next_dagrun for latest_only_with_trigger to 2024-03-15 04:00:00+00:00, run_after=2024-03-15 08:00:00+00:00
[2024-03-15T08:18:00.002+0000] {processor.py:183} INFO - Processing /home/airflow/.local/lib/python3.8/site-packages/airflow/example_dags/example_latest_only_with_trigger.py took 0.028 seconds
[2024-03-15T08:18:30.428+0000] {processor.py:161} INFO - Started process (PID=1546) to work on /home/airflow/.local/lib/python3.8/site-packages/airflow/example_dags/example_latest_only_with_trigger.py
[2024-03-15T08:18:30.429+0000] {processor.py:830} INFO - Processing file /home/airflow/.local/lib/python3.8/site-packages/airflow/example_dags/example_latest_only_with_trigger.py for tasks to queue
[2024-03-15T08:18:30.429+0000] {logging_mixin.py:188} INFO - [2024-03-15T08:18:30.429+0000] {dagbag.py:540} INFO - Filling up the DagBag from /home/airflow/.local/lib/python3.8/site-packages/airflow/example_dags/example_latest_only_with_trigger.py
[2024-03-15T08:18:30.432+0000] {processor.py:840} INFO - DAG(s) 'latest_only_with_trigger' retrieved from /home/airflow/.local/lib/python3.8/site-packages/airflow/example_dags/example_latest_only_with_trigger.py
[2024-03-15T08:18:30.440+0000] {logging_mixin.py:188} INFO - [2024-03-15T08:18:30.440+0000] {dag.py:3047} INFO - Sync 1 DAGs
[2024-03-15T08:18:30.448+0000] {logging_mixin.py:188} INFO - [2024-03-15T08:18:30.448+0000] {dag.py:3834} INFO - Setting next_dagrun for latest_only_with_trigger to 2024-03-15 04:00:00+00:00, run_after=2024-03-15 08:00:00+00:00
[2024-03-15T08:18:30.455+0000] {processor.py:183} INFO - Processing /home/airflow/.local/lib/python3.8/site-packages/airflow/example_dags/example_latest_only_with_trigger.py took 0.028 seconds
[2024-03-15T08:19:00.772+0000] {processor.py:161} INFO - Started process (PID=1601) to work on /home/airflow/.local/lib/python3.8/site-packages/airflow/example_dags/example_latest_only_with_trigger.py
[2024-03-15T08:19:00.773+0000] {processor.py:830} INFO - Processing file /home/airflow/.local/lib/python3.8/site-packages/airflow/example_dags/example_latest_only_with_trigger.py for tasks to queue
[2024-03-15T08:19:00.774+0000] {logging_mixin.py:188} INFO - [2024-03-15T08:19:00.773+0000] {dagbag.py:540} INFO - Filling up the DagBag from /home/airflow/.local/lib/python3.8/site-packages/airflow/example_dags/example_latest_only_with_trigger.py
[2024-03-15T08:19:00.776+0000] {processor.py:840} INFO - DAG(s) 'latest_only_with_trigger' retrieved from /home/airflow/.local/lib/python3.8/site-packages/airflow/example_dags/example_latest_only_with_trigger.py
[2024-03-15T08:19:00.785+0000] {logging_mixin.py:188} INFO - [2024-03-15T08:19:00.785+0000] {dag.py:3047} INFO - Sync 1 DAGs
[2024-03-15T08:19:00.793+0000] {logging_mixin.py:188} INFO - [2024-03-15T08:19:00.793+0000] {dag.py:3834} INFO - Setting next_dagrun for latest_only_with_trigger to 2024-03-15 04:00:00+00:00, run_after=2024-03-15 08:00:00+00:00
[2024-03-15T08:19:00.800+0000] {processor.py:183} INFO - Processing /home/airflow/.local/lib/python3.8/site-packages/airflow/example_dags/example_latest_only_with_trigger.py took 0.029 seconds
[2024-03-15T08:19:31.043+0000] {processor.py:161} INFO - Started process (PID=1656) to work on /home/airflow/.local/lib/python3.8/site-packages/airflow/example_dags/example_latest_only_with_trigger.py
[2024-03-15T08:19:31.044+0000] {processor.py:830} INFO - Processing file /home/airflow/.local/lib/python3.8/site-packages/airflow/example_dags/example_latest_only_with_trigger.py for tasks to queue
[2024-03-15T08:19:31.045+0000] {logging_mixin.py:188} INFO - [2024-03-15T08:19:31.045+0000] {dagbag.py:540} INFO - Filling up the DagBag from /home/airflow/.local/lib/python3.8/site-packages/airflow/example_dags/example_latest_only_with_trigger.py
[2024-03-15T08:19:31.047+0000] {processor.py:840} INFO - DAG(s) 'latest_only_with_trigger' retrieved from /home/airflow/.local/lib/python3.8/site-packages/airflow/example_dags/example_latest_only_with_trigger.py
[2024-03-15T08:19:31.056+0000] {logging_mixin.py:188} INFO - [2024-03-15T08:19:31.056+0000] {dag.py:3047} INFO - Sync 1 DAGs
[2024-03-15T08:19:31.065+0000] {logging_mixin.py:188} INFO - [2024-03-15T08:19:31.065+0000] {dag.py:3834} INFO - Setting next_dagrun for latest_only_with_trigger to 2024-03-15 04:00:00+00:00, run_after=2024-03-15 08:00:00+00:00
[2024-03-15T08:19:31.072+0000] {processor.py:183} INFO - Processing /home/airflow/.local/lib/python3.8/site-packages/airflow/example_dags/example_latest_only_with_trigger.py took 0.030 seconds
[2024-03-15T08:20:01.394+0000] {processor.py:161} INFO - Started process (PID=1711) to work on /home/airflow/.local/lib/python3.8/site-packages/airflow/example_dags/example_latest_only_with_trigger.py
[2024-03-15T08:20:01.394+0000] {processor.py:830} INFO - Processing file /home/airflow/.local/lib/python3.8/site-packages/airflow/example_dags/example_latest_only_with_trigger.py for tasks to queue
[2024-03-15T08:20:01.395+0000] {logging_mixin.py:188} INFO - [2024-03-15T08:20:01.395+0000] {dagbag.py:540} INFO - Filling up the DagBag from /home/airflow/.local/lib/python3.8/site-packages/airflow/example_dags/example_latest_only_with_trigger.py
[2024-03-15T08:20:01.397+0000] {processor.py:840} INFO - DAG(s) 'latest_only_with_trigger' retrieved from /home/airflow/.local/lib/python3.8/site-packages/airflow/example_dags/example_latest_only_with_trigger.py
[2024-03-15T08:20:01.405+0000] {logging_mixin.py:188} INFO - [2024-03-15T08:20:01.405+0000] {dag.py:3047} INFO - Sync 1 DAGs
[2024-03-15T08:20:01.413+0000] {logging_mixin.py:188} INFO - [2024-03-15T08:20:01.413+0000] {dag.py:3834} INFO - Setting next_dagrun for latest_only_with_trigger to 2024-03-15 04:00:00+00:00, run_after=2024-03-15 08:00:00+00:00
[2024-03-15T08:20:01.419+0000] {processor.py:183} INFO - Processing /home/airflow/.local/lib/python3.8/site-packages/airflow/example_dags/example_latest_only_with_trigger.py took 0.027 seconds
[2024-03-15T08:20:31.732+0000] {processor.py:161} INFO - Started process (PID=1765) to work on /home/airflow/.local/lib/python3.8/site-packages/airflow/example_dags/example_latest_only_with_trigger.py
[2024-03-15T08:20:31.732+0000] {processor.py:830} INFO - Processing file /home/airflow/.local/lib/python3.8/site-packages/airflow/example_dags/example_latest_only_with_trigger.py for tasks to queue
[2024-03-15T08:20:31.733+0000] {logging_mixin.py:188} INFO - [2024-03-15T08:20:31.733+0000] {dagbag.py:540} INFO - Filling up the DagBag from /home/airflow/.local/lib/python3.8/site-packages/airflow/example_dags/example_latest_only_with_trigger.py
[2024-03-15T08:20:31.735+0000] {processor.py:840} INFO - DAG(s) 'latest_only_with_trigger' retrieved from /home/airflow/.local/lib/python3.8/site-packages/airflow/example_dags/example_latest_only_with_trigger.py
[2024-03-15T08:20:31.744+0000] {logging_mixin.py:188} INFO - [2024-03-15T08:20:31.744+0000] {dag.py:3047} INFO - Sync 1 DAGs
[2024-03-15T08:20:31.753+0000] {logging_mixin.py:188} INFO - [2024-03-15T08:20:31.753+0000] {dag.py:3834} INFO - Setting next_dagrun for latest_only_with_trigger to 2024-03-15 04:00:00+00:00, run_after=2024-03-15 08:00:00+00:00
[2024-03-15T08:20:31.760+0000] {processor.py:183} INFO - Processing /home/airflow/.local/lib/python3.8/site-packages/airflow/example_dags/example_latest_only_with_trigger.py took 0.030 seconds
[2024-03-15T08:21:02.084+0000] {processor.py:161} INFO - Started process (PID=1820) to work on /home/airflow/.local/lib/python3.8/site-packages/airflow/example_dags/example_latest_only_with_trigger.py
[2024-03-15T08:21:02.085+0000] {processor.py:830} INFO - Processing file /home/airflow/.local/lib/python3.8/site-packages/airflow/example_dags/example_latest_only_with_trigger.py for tasks to queue
[2024-03-15T08:21:02.086+0000] {logging_mixin.py:188} INFO - [2024-03-15T08:21:02.086+0000] {dagbag.py:540} INFO - Filling up the DagBag from /home/airflow/.local/lib/python3.8/site-packages/airflow/example_dags/example_latest_only_with_trigger.py
[2024-03-15T08:21:02.088+0000] {processor.py:840} INFO - DAG(s) 'latest_only_with_trigger' retrieved from /home/airflow/.local/lib/python3.8/site-packages/airflow/example_dags/example_latest_only_with_trigger.py
[2024-03-15T08:21:02.097+0000] {logging_mixin.py:188} INFO - [2024-03-15T08:21:02.097+0000] {dag.py:3047} INFO - Sync 1 DAGs
[2024-03-15T08:21:02.105+0000] {logging_mixin.py:188} INFO - [2024-03-15T08:21:02.105+0000] {dag.py:3834} INFO - Setting next_dagrun for latest_only_with_trigger to 2024-03-15 04:00:00+00:00, run_after=2024-03-15 08:00:00+00:00
[2024-03-15T08:21:02.112+0000] {processor.py:183} INFO - Processing /home/airflow/.local/lib/python3.8/site-packages/airflow/example_dags/example_latest_only_with_trigger.py took 0.029 seconds
[2024-03-15T08:21:32.342+0000] {processor.py:161} INFO - Started process (PID=1875) to work on /home/airflow/.local/lib/python3.8/site-packages/airflow/example_dags/example_latest_only_with_trigger.py
[2024-03-15T08:21:32.342+0000] {processor.py:830} INFO - Processing file /home/airflow/.local/lib/python3.8/site-packages/airflow/example_dags/example_latest_only_with_trigger.py for tasks to queue
[2024-03-15T08:21:32.343+0000] {logging_mixin.py:188} INFO - [2024-03-15T08:21:32.343+0000] {dagbag.py:540} INFO - Filling up the DagBag from /home/airflow/.local/lib/python3.8/site-packages/airflow/example_dags/example_latest_only_with_trigger.py
[2024-03-15T08:21:32.345+0000] {processor.py:840} INFO - DAG(s) 'latest_only_with_trigger' retrieved from /home/airflow/.local/lib/python3.8/site-packages/airflow/example_dags/example_latest_only_with_trigger.py
[2024-03-15T08:21:32.353+0000] {logging_mixin.py:188} INFO - [2024-03-15T08:21:32.353+0000] {dag.py:3047} INFO - Sync 1 DAGs
[2024-03-15T08:21:32.361+0000] {logging_mixin.py:188} INFO - [2024-03-15T08:21:32.361+0000] {dag.py:3834} INFO - Setting next_dagrun for latest_only_with_trigger to 2024-03-15 04:00:00+00:00, run_after=2024-03-15 08:00:00+00:00
[2024-03-15T08:21:32.367+0000] {processor.py:183} INFO - Processing /home/airflow/.local/lib/python3.8/site-packages/airflow/example_dags/example_latest_only_with_trigger.py took 0.026 seconds
[2024-03-15T08:22:02.673+0000] {processor.py:161} INFO - Started process (PID=1929) to work on /home/airflow/.local/lib/python3.8/site-packages/airflow/example_dags/example_latest_only_with_trigger.py
[2024-03-15T08:22:02.673+0000] {processor.py:830} INFO - Processing file /home/airflow/.local/lib/python3.8/site-packages/airflow/example_dags/example_latest_only_with_trigger.py for tasks to queue
[2024-03-15T08:22:02.674+0000] {logging_mixin.py:188} INFO - [2024-03-15T08:22:02.674+0000] {dagbag.py:540} INFO - Filling up the DagBag from /home/airflow/.local/lib/python3.8/site-packages/airflow/example_dags/example_latest_only_with_trigger.py
[2024-03-15T08:22:02.676+0000] {processor.py:840} INFO - DAG(s) 'latest_only_with_trigger' retrieved from /home/airflow/.local/lib/python3.8/site-packages/airflow/example_dags/example_latest_only_with_trigger.py
[2024-03-15T08:22:02.684+0000] {logging_mixin.py:188} INFO - [2024-03-15T08:22:02.684+0000] {dag.py:3047} INFO - Sync 1 DAGs
[2024-03-15T08:22:02.692+0000] {logging_mixin.py:188} INFO - [2024-03-15T08:22:02.692+0000] {dag.py:3834} INFO - Setting next_dagrun for latest_only_with_trigger to 2024-03-15 04:00:00+00:00, run_after=2024-03-15 08:00:00+00:00
[2024-03-15T08:22:02.698+0000] {processor.py:183} INFO - Processing /home/airflow/.local/lib/python3.8/site-packages/airflow/example_dags/example_latest_only_with_trigger.py took 0.026 seconds
[2024-03-15T08:22:33.005+0000] {processor.py:161} INFO - Started process (PID=1984) to work on /home/airflow/.local/lib/python3.8/site-packages/airflow/example_dags/example_latest_only_with_trigger.py
[2024-03-15T08:22:33.006+0000] {processor.py:830} INFO - Processing file /home/airflow/.local/lib/python3.8/site-packages/airflow/example_dags/example_latest_only_with_trigger.py for tasks to queue
[2024-03-15T08:22:33.007+0000] {logging_mixin.py:188} INFO - [2024-03-15T08:22:33.007+0000] {dagbag.py:540} INFO - Filling up the DagBag from /home/airflow/.local/lib/python3.8/site-packages/airflow/example_dags/example_latest_only_with_trigger.py
[2024-03-15T08:22:33.009+0000] {processor.py:840} INFO - DAG(s) 'latest_only_with_trigger' retrieved from /home/airflow/.local/lib/python3.8/site-packages/airflow/example_dags/example_latest_only_with_trigger.py
[2024-03-15T08:22:33.018+0000] {logging_mixin.py:188} INFO - [2024-03-15T08:22:33.017+0000] {dag.py:3047} INFO - Sync 1 DAGs
[2024-03-15T08:22:33.026+0000] {logging_mixin.py:188} INFO - [2024-03-15T08:22:33.026+0000] {dag.py:3834} INFO - Setting next_dagrun for latest_only_with_trigger to 2024-03-15 04:00:00+00:00, run_after=2024-03-15 08:00:00+00:00
[2024-03-15T08:22:33.032+0000] {processor.py:183} INFO - Processing /home/airflow/.local/lib/python3.8/site-packages/airflow/example_dags/example_latest_only_with_trigger.py took 0.029 seconds
[2024-03-15T08:23:03.498+0000] {processor.py:161} INFO - Started process (PID=2039) to work on /home/airflow/.local/lib/python3.8/site-packages/airflow/example_dags/example_latest_only_with_trigger.py
[2024-03-15T08:23:03.499+0000] {processor.py:830} INFO - Processing file /home/airflow/.local/lib/python3.8/site-packages/airflow/example_dags/example_latest_only_with_trigger.py for tasks to queue
[2024-03-15T08:23:03.499+0000] {logging_mixin.py:188} INFO - [2024-03-15T08:23:03.499+0000] {dagbag.py:540} INFO - Filling up the DagBag from /home/airflow/.local/lib/python3.8/site-packages/airflow/example_dags/example_latest_only_with_trigger.py
[2024-03-15T08:23:03.502+0000] {processor.py:840} INFO - DAG(s) 'latest_only_with_trigger' retrieved from /home/airflow/.local/lib/python3.8/site-packages/airflow/example_dags/example_latest_only_with_trigger.py
[2024-03-15T08:23:03.511+0000] {logging_mixin.py:188} INFO - [2024-03-15T08:23:03.511+0000] {dag.py:3047} INFO - Sync 1 DAGs
[2024-03-15T08:23:03.519+0000] {logging_mixin.py:188} INFO - [2024-03-15T08:23:03.519+0000] {dag.py:3834} INFO - Setting next_dagrun for latest_only_with_trigger to 2024-03-15 04:00:00+00:00, run_after=2024-03-15 08:00:00+00:00
[2024-03-15T08:23:03.526+0000] {processor.py:183} INFO - Processing /home/airflow/.local/lib/python3.8/site-packages/airflow/example_dags/example_latest_only_with_trigger.py took 0.029 seconds
[2024-03-15T08:23:34.050+0000] {processor.py:161} INFO - Started process (PID=2093) to work on /home/airflow/.local/lib/python3.8/site-packages/airflow/example_dags/example_latest_only_with_trigger.py
[2024-03-15T08:23:34.051+0000] {processor.py:830} INFO - Processing file /home/airflow/.local/lib/python3.8/site-packages/airflow/example_dags/example_latest_only_with_trigger.py for tasks to queue
[2024-03-15T08:23:34.052+0000] {logging_mixin.py:188} INFO - [2024-03-15T08:23:34.052+0000] {dagbag.py:540} INFO - Filling up the DagBag from /home/airflow/.local/lib/python3.8/site-packages/airflow/example_dags/example_latest_only_with_trigger.py
[2024-03-15T08:23:34.054+0000] {processor.py:840} INFO - DAG(s) 'latest_only_with_trigger' retrieved from /home/airflow/.local/lib/python3.8/site-packages/airflow/example_dags/example_latest_only_with_trigger.py
[2024-03-15T08:23:34.063+0000] {logging_mixin.py:188} INFO - [2024-03-15T08:23:34.063+0000] {dag.py:3047} INFO - Sync 1 DAGs
[2024-03-15T08:23:34.071+0000] {logging_mixin.py:188} INFO - [2024-03-15T08:23:34.071+0000] {dag.py:3834} INFO - Setting next_dagrun for latest_only_with_trigger to 2024-03-15 04:00:00+00:00, run_after=2024-03-15 08:00:00+00:00
[2024-03-15T08:23:34.078+0000] {processor.py:183} INFO - Processing /home/airflow/.local/lib/python3.8/site-packages/airflow/example_dags/example_latest_only_with_trigger.py took 0.029 seconds
