[2024-03-15T08:04:49.167+0000] {processor.py:161} INFO - Started process (PID=64) to work on /home/airflow/.local/lib/python3.8/site-packages/airflow/example_dags/example_bash_operator.py
[2024-03-15T08:04:49.168+0000] {processor.py:830} INFO - Processing file /home/airflow/.local/lib/python3.8/site-packages/airflow/example_dags/example_bash_operator.py for tasks to queue
[2024-03-15T08:04:49.169+0000] {logging_mixin.py:188} INFO - [2024-03-15T08:04:49.169+0000] {dagbag.py:540} INFO - Filling up the DagBag from /home/airflow/.local/lib/python3.8/site-packages/airflow/example_dags/example_bash_operator.py
[2024-03-15T08:04:49.177+0000] {processor.py:840} INFO - DAG(s) 'example_bash_operator' retrieved from /home/airflow/.local/lib/python3.8/site-packages/airflow/example_dags/example_bash_operator.py
[2024-03-15T08:04:49.186+0000] {logging_mixin.py:188} INFO - [2024-03-15T08:04:49.186+0000] {dag.py:3047} INFO - Sync 1 DAGs
[2024-03-15T08:04:49.199+0000] {logging_mixin.py:188} INFO - [2024-03-15T08:04:49.199+0000] {dag.py:3834} INFO - Setting next_dagrun for example_bash_operator to 2024-03-14 00:00:00+00:00, run_after=2024-03-15 00:00:00+00:00
[2024-03-15T08:04:49.207+0000] {processor.py:183} INFO - Processing /home/airflow/.local/lib/python3.8/site-packages/airflow/example_dags/example_bash_operator.py took 0.041 seconds
[2024-03-15T08:05:20.450+0000] {processor.py:161} INFO - Started process (PID=119) to work on /home/airflow/.local/lib/python3.8/site-packages/airflow/example_dags/example_bash_operator.py
[2024-03-15T08:05:20.450+0000] {processor.py:830} INFO - Processing file /home/airflow/.local/lib/python3.8/site-packages/airflow/example_dags/example_bash_operator.py for tasks to queue
[2024-03-15T08:05:20.451+0000] {logging_mixin.py:188} INFO - [2024-03-15T08:05:20.451+0000] {dagbag.py:540} INFO - Filling up the DagBag from /home/airflow/.local/lib/python3.8/site-packages/airflow/example_dags/example_bash_operator.py
[2024-03-15T08:05:20.456+0000] {processor.py:840} INFO - DAG(s) 'example_bash_operator' retrieved from /home/airflow/.local/lib/python3.8/site-packages/airflow/example_dags/example_bash_operator.py
[2024-03-15T08:05:20.498+0000] {logging_mixin.py:188} INFO - [2024-03-15T08:05:20.497+0000] {dag.py:3047} INFO - Sync 1 DAGs
[2024-03-15T08:05:20.505+0000] {logging_mixin.py:188} INFO - [2024-03-15T08:05:20.505+0000] {dag.py:3834} INFO - Setting next_dagrun for example_bash_operator to 2024-03-14 00:00:00+00:00, run_after=2024-03-15 00:00:00+00:00
[2024-03-15T08:05:20.512+0000] {processor.py:183} INFO - Processing /home/airflow/.local/lib/python3.8/site-packages/airflow/example_dags/example_bash_operator.py took 0.063 seconds
[2024-03-15T08:05:51.218+0000] {processor.py:161} INFO - Started process (PID=174) to work on /home/airflow/.local/lib/python3.8/site-packages/airflow/example_dags/example_bash_operator.py
[2024-03-15T08:05:51.218+0000] {processor.py:830} INFO - Processing file /home/airflow/.local/lib/python3.8/site-packages/airflow/example_dags/example_bash_operator.py for tasks to queue
[2024-03-15T08:05:51.221+0000] {logging_mixin.py:188} INFO - [2024-03-15T08:05:51.221+0000] {dagbag.py:540} INFO - Filling up the DagBag from /home/airflow/.local/lib/python3.8/site-packages/airflow/example_dags/example_bash_operator.py
[2024-03-15T08:05:51.226+0000] {processor.py:840} INFO - DAG(s) 'example_bash_operator' retrieved from /home/airflow/.local/lib/python3.8/site-packages/airflow/example_dags/example_bash_operator.py
[2024-03-15T08:05:51.237+0000] {logging_mixin.py:188} INFO - [2024-03-15T08:05:51.237+0000] {dag.py:3047} INFO - Sync 1 DAGs
[2024-03-15T08:05:51.246+0000] {logging_mixin.py:188} INFO - [2024-03-15T08:05:51.246+0000] {dag.py:3834} INFO - Setting next_dagrun for example_bash_operator to 2024-03-14 00:00:00+00:00, run_after=2024-03-15 00:00:00+00:00
[2024-03-15T08:05:51.252+0000] {processor.py:183} INFO - Processing /home/airflow/.local/lib/python3.8/site-packages/airflow/example_dags/example_bash_operator.py took 0.036 seconds
[2024-03-15T08:06:21.502+0000] {processor.py:161} INFO - Started process (PID=229) to work on /home/airflow/.local/lib/python3.8/site-packages/airflow/example_dags/example_bash_operator.py
[2024-03-15T08:06:21.502+0000] {processor.py:830} INFO - Processing file /home/airflow/.local/lib/python3.8/site-packages/airflow/example_dags/example_bash_operator.py for tasks to queue
[2024-03-15T08:06:21.503+0000] {logging_mixin.py:188} INFO - [2024-03-15T08:06:21.503+0000] {dagbag.py:540} INFO - Filling up the DagBag from /home/airflow/.local/lib/python3.8/site-packages/airflow/example_dags/example_bash_operator.py
[2024-03-15T08:06:21.508+0000] {processor.py:840} INFO - DAG(s) 'example_bash_operator' retrieved from /home/airflow/.local/lib/python3.8/site-packages/airflow/example_dags/example_bash_operator.py
[2024-03-15T08:06:21.520+0000] {logging_mixin.py:188} INFO - [2024-03-15T08:06:21.519+0000] {dag.py:3047} INFO - Sync 1 DAGs
[2024-03-15T08:06:21.528+0000] {logging_mixin.py:188} INFO - [2024-03-15T08:06:21.528+0000] {dag.py:3834} INFO - Setting next_dagrun for example_bash_operator to 2024-03-14 00:00:00+00:00, run_after=2024-03-15 00:00:00+00:00
[2024-03-15T08:06:21.535+0000] {processor.py:183} INFO - Processing /home/airflow/.local/lib/python3.8/site-packages/airflow/example_dags/example_bash_operator.py took 0.035 seconds
[2024-03-15T08:06:51.803+0000] {processor.py:161} INFO - Started process (PID=284) to work on /home/airflow/.local/lib/python3.8/site-packages/airflow/example_dags/example_bash_operator.py
[2024-03-15T08:06:51.803+0000] {processor.py:830} INFO - Processing file /home/airflow/.local/lib/python3.8/site-packages/airflow/example_dags/example_bash_operator.py for tasks to queue
[2024-03-15T08:06:51.804+0000] {logging_mixin.py:188} INFO - [2024-03-15T08:06:51.804+0000] {dagbag.py:540} INFO - Filling up the DagBag from /home/airflow/.local/lib/python3.8/site-packages/airflow/example_dags/example_bash_operator.py
[2024-03-15T08:06:51.809+0000] {processor.py:840} INFO - DAG(s) 'example_bash_operator' retrieved from /home/airflow/.local/lib/python3.8/site-packages/airflow/example_dags/example_bash_operator.py
[2024-03-15T08:06:51.820+0000] {logging_mixin.py:188} INFO - [2024-03-15T08:06:51.820+0000] {dag.py:3047} INFO - Sync 1 DAGs
[2024-03-15T08:06:51.829+0000] {logging_mixin.py:188} INFO - [2024-03-15T08:06:51.829+0000] {dag.py:3834} INFO - Setting next_dagrun for example_bash_operator to 2024-03-14 00:00:00+00:00, run_after=2024-03-15 00:00:00+00:00
[2024-03-15T08:06:51.836+0000] {processor.py:183} INFO - Processing /home/airflow/.local/lib/python3.8/site-packages/airflow/example_dags/example_bash_operator.py took 0.035 seconds
[2024-03-15T08:07:22.117+0000] {processor.py:161} INFO - Started process (PID=339) to work on /home/airflow/.local/lib/python3.8/site-packages/airflow/example_dags/example_bash_operator.py
[2024-03-15T08:07:22.118+0000] {processor.py:830} INFO - Processing file /home/airflow/.local/lib/python3.8/site-packages/airflow/example_dags/example_bash_operator.py for tasks to queue
[2024-03-15T08:07:22.119+0000] {logging_mixin.py:188} INFO - [2024-03-15T08:07:22.118+0000] {dagbag.py:540} INFO - Filling up the DagBag from /home/airflow/.local/lib/python3.8/site-packages/airflow/example_dags/example_bash_operator.py
[2024-03-15T08:07:22.123+0000] {processor.py:840} INFO - DAG(s) 'example_bash_operator' retrieved from /home/airflow/.local/lib/python3.8/site-packages/airflow/example_dags/example_bash_operator.py
[2024-03-15T08:07:22.135+0000] {logging_mixin.py:188} INFO - [2024-03-15T08:07:22.135+0000] {dag.py:3047} INFO - Sync 1 DAGs
[2024-03-15T08:07:22.143+0000] {logging_mixin.py:188} INFO - [2024-03-15T08:07:22.143+0000] {dag.py:3834} INFO - Setting next_dagrun for example_bash_operator to 2024-03-14 00:00:00+00:00, run_after=2024-03-15 00:00:00+00:00
[2024-03-15T08:07:22.150+0000] {processor.py:183} INFO - Processing /home/airflow/.local/lib/python3.8/site-packages/airflow/example_dags/example_bash_operator.py took 0.035 seconds
[2024-03-15T08:07:52.377+0000] {processor.py:161} INFO - Started process (PID=394) to work on /home/airflow/.local/lib/python3.8/site-packages/airflow/example_dags/example_bash_operator.py
[2024-03-15T08:07:52.378+0000] {processor.py:830} INFO - Processing file /home/airflow/.local/lib/python3.8/site-packages/airflow/example_dags/example_bash_operator.py for tasks to queue
[2024-03-15T08:07:52.378+0000] {logging_mixin.py:188} INFO - [2024-03-15T08:07:52.378+0000] {dagbag.py:540} INFO - Filling up the DagBag from /home/airflow/.local/lib/python3.8/site-packages/airflow/example_dags/example_bash_operator.py
[2024-03-15T08:07:52.383+0000] {processor.py:840} INFO - DAG(s) 'example_bash_operator' retrieved from /home/airflow/.local/lib/python3.8/site-packages/airflow/example_dags/example_bash_operator.py
[2024-03-15T08:07:52.395+0000] {logging_mixin.py:188} INFO - [2024-03-15T08:07:52.395+0000] {dag.py:3047} INFO - Sync 1 DAGs
[2024-03-15T08:07:52.404+0000] {logging_mixin.py:188} INFO - [2024-03-15T08:07:52.404+0000] {dag.py:3834} INFO - Setting next_dagrun for example_bash_operator to 2024-03-14 00:00:00+00:00, run_after=2024-03-15 00:00:00+00:00
[2024-03-15T08:07:52.411+0000] {processor.py:183} INFO - Processing /home/airflow/.local/lib/python3.8/site-packages/airflow/example_dags/example_bash_operator.py took 0.035 seconds
[2024-03-15T08:08:22.808+0000] {processor.py:161} INFO - Started process (PID=448) to work on /home/airflow/.local/lib/python3.8/site-packages/airflow/example_dags/example_bash_operator.py
[2024-03-15T08:08:22.809+0000] {processor.py:830} INFO - Processing file /home/airflow/.local/lib/python3.8/site-packages/airflow/example_dags/example_bash_operator.py for tasks to queue
[2024-03-15T08:08:22.809+0000] {logging_mixin.py:188} INFO - [2024-03-15T08:08:22.809+0000] {dagbag.py:540} INFO - Filling up the DagBag from /home/airflow/.local/lib/python3.8/site-packages/airflow/example_dags/example_bash_operator.py
[2024-03-15T08:08:22.815+0000] {processor.py:840} INFO - DAG(s) 'example_bash_operator' retrieved from /home/airflow/.local/lib/python3.8/site-packages/airflow/example_dags/example_bash_operator.py
[2024-03-15T08:08:22.827+0000] {logging_mixin.py:188} INFO - [2024-03-15T08:08:22.827+0000] {dag.py:3047} INFO - Sync 1 DAGs
[2024-03-15T08:08:22.837+0000] {logging_mixin.py:188} INFO - [2024-03-15T08:08:22.837+0000] {dag.py:3834} INFO - Setting next_dagrun for example_bash_operator to 2024-03-14 00:00:00+00:00, run_after=2024-03-15 00:00:00+00:00
[2024-03-15T08:08:22.844+0000] {processor.py:183} INFO - Processing /home/airflow/.local/lib/python3.8/site-packages/airflow/example_dags/example_bash_operator.py took 0.037 seconds
[2024-03-15T08:08:53.145+0000] {processor.py:161} INFO - Started process (PID=503) to work on /home/airflow/.local/lib/python3.8/site-packages/airflow/example_dags/example_bash_operator.py
[2024-03-15T08:08:53.146+0000] {processor.py:830} INFO - Processing file /home/airflow/.local/lib/python3.8/site-packages/airflow/example_dags/example_bash_operator.py for tasks to queue
[2024-03-15T08:08:53.147+0000] {logging_mixin.py:188} INFO - [2024-03-15T08:08:53.146+0000] {dagbag.py:540} INFO - Filling up the DagBag from /home/airflow/.local/lib/python3.8/site-packages/airflow/example_dags/example_bash_operator.py
[2024-03-15T08:08:53.151+0000] {processor.py:840} INFO - DAG(s) 'example_bash_operator' retrieved from /home/airflow/.local/lib/python3.8/site-packages/airflow/example_dags/example_bash_operator.py
[2024-03-15T08:08:53.161+0000] {logging_mixin.py:188} INFO - [2024-03-15T08:08:53.161+0000] {dag.py:3047} INFO - Sync 1 DAGs
[2024-03-15T08:08:53.170+0000] {logging_mixin.py:188} INFO - [2024-03-15T08:08:53.170+0000] {dag.py:3834} INFO - Setting next_dagrun for example_bash_operator to 2024-03-14 00:00:00+00:00, run_after=2024-03-15 00:00:00+00:00
[2024-03-15T08:08:53.177+0000] {processor.py:183} INFO - Processing /home/airflow/.local/lib/python3.8/site-packages/airflow/example_dags/example_bash_operator.py took 0.033 seconds
[2024-03-15T08:09:23.474+0000] {processor.py:161} INFO - Started process (PID=558) to work on /home/airflow/.local/lib/python3.8/site-packages/airflow/example_dags/example_bash_operator.py
[2024-03-15T08:09:23.475+0000] {processor.py:830} INFO - Processing file /home/airflow/.local/lib/python3.8/site-packages/airflow/example_dags/example_bash_operator.py for tasks to queue
[2024-03-15T08:09:23.475+0000] {logging_mixin.py:188} INFO - [2024-03-15T08:09:23.475+0000] {dagbag.py:540} INFO - Filling up the DagBag from /home/airflow/.local/lib/python3.8/site-packages/airflow/example_dags/example_bash_operator.py
[2024-03-15T08:09:23.480+0000] {processor.py:840} INFO - DAG(s) 'example_bash_operator' retrieved from /home/airflow/.local/lib/python3.8/site-packages/airflow/example_dags/example_bash_operator.py
[2024-03-15T08:09:23.490+0000] {logging_mixin.py:188} INFO - [2024-03-15T08:09:23.490+0000] {dag.py:3047} INFO - Sync 1 DAGs
[2024-03-15T08:09:23.498+0000] {logging_mixin.py:188} INFO - [2024-03-15T08:09:23.498+0000] {dag.py:3834} INFO - Setting next_dagrun for example_bash_operator to 2024-03-14 00:00:00+00:00, run_after=2024-03-15 00:00:00+00:00
[2024-03-15T08:09:23.505+0000] {processor.py:183} INFO - Processing /home/airflow/.local/lib/python3.8/site-packages/airflow/example_dags/example_bash_operator.py took 0.032 seconds
[2024-03-15T08:09:53.988+0000] {processor.py:161} INFO - Started process (PID=613) to work on /home/airflow/.local/lib/python3.8/site-packages/airflow/example_dags/example_bash_operator.py
[2024-03-15T08:09:53.988+0000] {processor.py:830} INFO - Processing file /home/airflow/.local/lib/python3.8/site-packages/airflow/example_dags/example_bash_operator.py for tasks to queue
[2024-03-15T08:09:53.989+0000] {logging_mixin.py:188} INFO - [2024-03-15T08:09:53.989+0000] {dagbag.py:540} INFO - Filling up the DagBag from /home/airflow/.local/lib/python3.8/site-packages/airflow/example_dags/example_bash_operator.py
[2024-03-15T08:09:53.993+0000] {processor.py:840} INFO - DAG(s) 'example_bash_operator' retrieved from /home/airflow/.local/lib/python3.8/site-packages/airflow/example_dags/example_bash_operator.py
[2024-03-15T08:09:54.005+0000] {logging_mixin.py:188} INFO - [2024-03-15T08:09:54.004+0000] {dag.py:3047} INFO - Sync 1 DAGs
[2024-03-15T08:09:54.012+0000] {logging_mixin.py:188} INFO - [2024-03-15T08:09:54.012+0000] {dag.py:3834} INFO - Setting next_dagrun for example_bash_operator to 2024-03-14 00:00:00+00:00, run_after=2024-03-15 00:00:00+00:00
[2024-03-15T08:09:54.018+0000] {processor.py:183} INFO - Processing /home/airflow/.local/lib/python3.8/site-packages/airflow/example_dags/example_bash_operator.py took 0.032 seconds
[2024-03-15T08:10:24.375+0000] {processor.py:161} INFO - Started process (PID=668) to work on /home/airflow/.local/lib/python3.8/site-packages/airflow/example_dags/example_bash_operator.py
[2024-03-15T08:10:24.376+0000] {processor.py:830} INFO - Processing file /home/airflow/.local/lib/python3.8/site-packages/airflow/example_dags/example_bash_operator.py for tasks to queue
[2024-03-15T08:10:24.376+0000] {logging_mixin.py:188} INFO - [2024-03-15T08:10:24.376+0000] {dagbag.py:540} INFO - Filling up the DagBag from /home/airflow/.local/lib/python3.8/site-packages/airflow/example_dags/example_bash_operator.py
[2024-03-15T08:10:24.381+0000] {processor.py:840} INFO - DAG(s) 'example_bash_operator' retrieved from /home/airflow/.local/lib/python3.8/site-packages/airflow/example_dags/example_bash_operator.py
[2024-03-15T08:10:24.391+0000] {logging_mixin.py:188} INFO - [2024-03-15T08:10:24.391+0000] {dag.py:3047} INFO - Sync 1 DAGs
[2024-03-15T08:10:24.399+0000] {logging_mixin.py:188} INFO - [2024-03-15T08:10:24.399+0000] {dag.py:3834} INFO - Setting next_dagrun for example_bash_operator to 2024-03-14 00:00:00+00:00, run_after=2024-03-15 00:00:00+00:00
[2024-03-15T08:10:24.405+0000] {processor.py:183} INFO - Processing /home/airflow/.local/lib/python3.8/site-packages/airflow/example_dags/example_bash_operator.py took 0.031 seconds
[2024-03-15T08:10:54.684+0000] {processor.py:161} INFO - Started process (PID=723) to work on /home/airflow/.local/lib/python3.8/site-packages/airflow/example_dags/example_bash_operator.py
[2024-03-15T08:10:54.684+0000] {processor.py:830} INFO - Processing file /home/airflow/.local/lib/python3.8/site-packages/airflow/example_dags/example_bash_operator.py for tasks to queue
[2024-03-15T08:10:54.685+0000] {logging_mixin.py:188} INFO - [2024-03-15T08:10:54.685+0000] {dagbag.py:540} INFO - Filling up the DagBag from /home/airflow/.local/lib/python3.8/site-packages/airflow/example_dags/example_bash_operator.py
[2024-03-15T08:10:54.691+0000] {processor.py:840} INFO - DAG(s) 'example_bash_operator' retrieved from /home/airflow/.local/lib/python3.8/site-packages/airflow/example_dags/example_bash_operator.py
[2024-03-15T08:10:54.702+0000] {logging_mixin.py:188} INFO - [2024-03-15T08:10:54.702+0000] {dag.py:3047} INFO - Sync 1 DAGs
[2024-03-15T08:10:54.711+0000] {logging_mixin.py:188} INFO - [2024-03-15T08:10:54.711+0000] {dag.py:3834} INFO - Setting next_dagrun for example_bash_operator to 2024-03-14 00:00:00+00:00, run_after=2024-03-15 00:00:00+00:00
[2024-03-15T08:10:54.718+0000] {processor.py:183} INFO - Processing /home/airflow/.local/lib/python3.8/site-packages/airflow/example_dags/example_bash_operator.py took 0.035 seconds
[2024-03-15T08:11:25.154+0000] {processor.py:161} INFO - Started process (PID=778) to work on /home/airflow/.local/lib/python3.8/site-packages/airflow/example_dags/example_bash_operator.py
[2024-03-15T08:11:25.155+0000] {processor.py:830} INFO - Processing file /home/airflow/.local/lib/python3.8/site-packages/airflow/example_dags/example_bash_operator.py for tasks to queue
[2024-03-15T08:11:25.155+0000] {logging_mixin.py:188} INFO - [2024-03-15T08:11:25.155+0000] {dagbag.py:540} INFO - Filling up the DagBag from /home/airflow/.local/lib/python3.8/site-packages/airflow/example_dags/example_bash_operator.py
[2024-03-15T08:11:25.161+0000] {processor.py:840} INFO - DAG(s) 'example_bash_operator' retrieved from /home/airflow/.local/lib/python3.8/site-packages/airflow/example_dags/example_bash_operator.py
[2024-03-15T08:11:25.172+0000] {logging_mixin.py:188} INFO - [2024-03-15T08:11:25.172+0000] {dag.py:3047} INFO - Sync 1 DAGs
[2024-03-15T08:11:25.181+0000] {logging_mixin.py:188} INFO - [2024-03-15T08:11:25.181+0000] {dag.py:3834} INFO - Setting next_dagrun for example_bash_operator to 2024-03-14 00:00:00+00:00, run_after=2024-03-15 00:00:00+00:00
[2024-03-15T08:11:25.188+0000] {processor.py:183} INFO - Processing /home/airflow/.local/lib/python3.8/site-packages/airflow/example_dags/example_bash_operator.py took 0.035 seconds
[2024-03-15T08:11:55.647+0000] {processor.py:161} INFO - Started process (PID=833) to work on /home/airflow/.local/lib/python3.8/site-packages/airflow/example_dags/example_bash_operator.py
[2024-03-15T08:11:55.648+0000] {processor.py:830} INFO - Processing file /home/airflow/.local/lib/python3.8/site-packages/airflow/example_dags/example_bash_operator.py for tasks to queue
[2024-03-15T08:11:55.649+0000] {logging_mixin.py:188} INFO - [2024-03-15T08:11:55.649+0000] {dagbag.py:540} INFO - Filling up the DagBag from /home/airflow/.local/lib/python3.8/site-packages/airflow/example_dags/example_bash_operator.py
[2024-03-15T08:11:55.654+0000] {processor.py:840} INFO - DAG(s) 'example_bash_operator' retrieved from /home/airflow/.local/lib/python3.8/site-packages/airflow/example_dags/example_bash_operator.py
[2024-03-15T08:11:55.667+0000] {logging_mixin.py:188} INFO - [2024-03-15T08:11:55.667+0000] {dag.py:3047} INFO - Sync 1 DAGs
[2024-03-15T08:11:55.679+0000] {logging_mixin.py:188} INFO - [2024-03-15T08:11:55.679+0000] {dag.py:3834} INFO - Setting next_dagrun for example_bash_operator to 2024-03-14 00:00:00+00:00, run_after=2024-03-15 00:00:00+00:00
[2024-03-15T08:11:55.688+0000] {processor.py:183} INFO - Processing /home/airflow/.local/lib/python3.8/site-packages/airflow/example_dags/example_bash_operator.py took 0.043 seconds
[2024-03-15T08:12:26.222+0000] {processor.py:161} INFO - Started process (PID=888) to work on /home/airflow/.local/lib/python3.8/site-packages/airflow/example_dags/example_bash_operator.py
[2024-03-15T08:12:26.223+0000] {processor.py:830} INFO - Processing file /home/airflow/.local/lib/python3.8/site-packages/airflow/example_dags/example_bash_operator.py for tasks to queue
[2024-03-15T08:12:26.224+0000] {logging_mixin.py:188} INFO - [2024-03-15T08:12:26.223+0000] {dagbag.py:540} INFO - Filling up the DagBag from /home/airflow/.local/lib/python3.8/site-packages/airflow/example_dags/example_bash_operator.py
[2024-03-15T08:12:26.229+0000] {processor.py:840} INFO - DAG(s) 'example_bash_operator' retrieved from /home/airflow/.local/lib/python3.8/site-packages/airflow/example_dags/example_bash_operator.py
[2024-03-15T08:12:26.242+0000] {logging_mixin.py:188} INFO - [2024-03-15T08:12:26.242+0000] {dag.py:3047} INFO - Sync 1 DAGs
[2024-03-15T08:12:26.252+0000] {logging_mixin.py:188} INFO - [2024-03-15T08:12:26.251+0000] {dag.py:3834} INFO - Setting next_dagrun for example_bash_operator to 2024-03-14 00:00:00+00:00, run_after=2024-03-15 00:00:00+00:00
[2024-03-15T08:12:26.259+0000] {processor.py:183} INFO - Processing /home/airflow/.local/lib/python3.8/site-packages/airflow/example_dags/example_bash_operator.py took 0.039 seconds
[2024-03-15T08:12:56.580+0000] {processor.py:161} INFO - Started process (PID=943) to work on /home/airflow/.local/lib/python3.8/site-packages/airflow/example_dags/example_bash_operator.py
[2024-03-15T08:12:56.580+0000] {processor.py:830} INFO - Processing file /home/airflow/.local/lib/python3.8/site-packages/airflow/example_dags/example_bash_operator.py for tasks to queue
[2024-03-15T08:12:56.581+0000] {logging_mixin.py:188} INFO - [2024-03-15T08:12:56.581+0000] {dagbag.py:540} INFO - Filling up the DagBag from /home/airflow/.local/lib/python3.8/site-packages/airflow/example_dags/example_bash_operator.py
[2024-03-15T08:12:56.586+0000] {processor.py:840} INFO - DAG(s) 'example_bash_operator' retrieved from /home/airflow/.local/lib/python3.8/site-packages/airflow/example_dags/example_bash_operator.py
[2024-03-15T08:12:56.597+0000] {logging_mixin.py:188} INFO - [2024-03-15T08:12:56.597+0000] {dag.py:3047} INFO - Sync 1 DAGs
[2024-03-15T08:12:56.607+0000] {logging_mixin.py:188} INFO - [2024-03-15T08:12:56.606+0000] {dag.py:3834} INFO - Setting next_dagrun for example_bash_operator to 2024-03-14 00:00:00+00:00, run_after=2024-03-15 00:00:00+00:00
[2024-03-15T08:12:56.613+0000] {processor.py:183} INFO - Processing /home/airflow/.local/lib/python3.8/site-packages/airflow/example_dags/example_bash_operator.py took 0.035 seconds
[2024-03-15T08:13:26.835+0000] {processor.py:161} INFO - Started process (PID=998) to work on /home/airflow/.local/lib/python3.8/site-packages/airflow/example_dags/example_bash_operator.py
[2024-03-15T08:13:26.835+0000] {processor.py:830} INFO - Processing file /home/airflow/.local/lib/python3.8/site-packages/airflow/example_dags/example_bash_operator.py for tasks to queue
[2024-03-15T08:13:26.836+0000] {logging_mixin.py:188} INFO - [2024-03-15T08:13:26.836+0000] {dagbag.py:540} INFO - Filling up the DagBag from /home/airflow/.local/lib/python3.8/site-packages/airflow/example_dags/example_bash_operator.py
[2024-03-15T08:13:26.841+0000] {processor.py:840} INFO - DAG(s) 'example_bash_operator' retrieved from /home/airflow/.local/lib/python3.8/site-packages/airflow/example_dags/example_bash_operator.py
[2024-03-15T08:13:26.853+0000] {logging_mixin.py:188} INFO - [2024-03-15T08:13:26.853+0000] {dag.py:3047} INFO - Sync 1 DAGs
[2024-03-15T08:13:26.861+0000] {logging_mixin.py:188} INFO - [2024-03-15T08:13:26.861+0000] {dag.py:3834} INFO - Setting next_dagrun for example_bash_operator to 2024-03-14 00:00:00+00:00, run_after=2024-03-15 00:00:00+00:00
[2024-03-15T08:13:26.868+0000] {processor.py:183} INFO - Processing /home/airflow/.local/lib/python3.8/site-packages/airflow/example_dags/example_bash_operator.py took 0.034 seconds
[2024-03-15T08:13:57.184+0000] {processor.py:161} INFO - Started process (PID=1053) to work on /home/airflow/.local/lib/python3.8/site-packages/airflow/example_dags/example_bash_operator.py
[2024-03-15T08:13:57.185+0000] {processor.py:830} INFO - Processing file /home/airflow/.local/lib/python3.8/site-packages/airflow/example_dags/example_bash_operator.py for tasks to queue
[2024-03-15T08:13:57.186+0000] {logging_mixin.py:188} INFO - [2024-03-15T08:13:57.185+0000] {dagbag.py:540} INFO - Filling up the DagBag from /home/airflow/.local/lib/python3.8/site-packages/airflow/example_dags/example_bash_operator.py
[2024-03-15T08:13:57.190+0000] {processor.py:840} INFO - DAG(s) 'example_bash_operator' retrieved from /home/airflow/.local/lib/python3.8/site-packages/airflow/example_dags/example_bash_operator.py
[2024-03-15T08:13:57.201+0000] {logging_mixin.py:188} INFO - [2024-03-15T08:13:57.201+0000] {dag.py:3047} INFO - Sync 1 DAGs
[2024-03-15T08:13:57.209+0000] {logging_mixin.py:188} INFO - [2024-03-15T08:13:57.209+0000] {dag.py:3834} INFO - Setting next_dagrun for example_bash_operator to 2024-03-14 00:00:00+00:00, run_after=2024-03-15 00:00:00+00:00
[2024-03-15T08:13:57.215+0000] {processor.py:183} INFO - Processing /home/airflow/.local/lib/python3.8/site-packages/airflow/example_dags/example_bash_operator.py took 0.033 seconds
[2024-03-15T08:14:27.549+0000] {processor.py:161} INFO - Started process (PID=1108) to work on /home/airflow/.local/lib/python3.8/site-packages/airflow/example_dags/example_bash_operator.py
[2024-03-15T08:14:27.549+0000] {processor.py:830} INFO - Processing file /home/airflow/.local/lib/python3.8/site-packages/airflow/example_dags/example_bash_operator.py for tasks to queue
[2024-03-15T08:14:27.550+0000] {logging_mixin.py:188} INFO - [2024-03-15T08:14:27.550+0000] {dagbag.py:540} INFO - Filling up the DagBag from /home/airflow/.local/lib/python3.8/site-packages/airflow/example_dags/example_bash_operator.py
[2024-03-15T08:14:27.556+0000] {processor.py:840} INFO - DAG(s) 'example_bash_operator' retrieved from /home/airflow/.local/lib/python3.8/site-packages/airflow/example_dags/example_bash_operator.py
[2024-03-15T08:14:27.570+0000] {logging_mixin.py:188} INFO - [2024-03-15T08:14:27.570+0000] {dag.py:3047} INFO - Sync 1 DAGs
[2024-03-15T08:14:27.579+0000] {logging_mixin.py:188} INFO - [2024-03-15T08:14:27.579+0000] {dag.py:3834} INFO - Setting next_dagrun for example_bash_operator to 2024-03-14 00:00:00+00:00, run_after=2024-03-15 00:00:00+00:00
[2024-03-15T08:14:27.586+0000] {processor.py:183} INFO - Processing /home/airflow/.local/lib/python3.8/site-packages/airflow/example_dags/example_bash_operator.py took 0.038 seconds
[2024-03-15T08:14:57.896+0000] {processor.py:161} INFO - Started process (PID=1164) to work on /home/airflow/.local/lib/python3.8/site-packages/airflow/example_dags/example_bash_operator.py
[2024-03-15T08:14:57.896+0000] {processor.py:830} INFO - Processing file /home/airflow/.local/lib/python3.8/site-packages/airflow/example_dags/example_bash_operator.py for tasks to queue
[2024-03-15T08:14:57.897+0000] {logging_mixin.py:188} INFO - [2024-03-15T08:14:57.897+0000] {dagbag.py:540} INFO - Filling up the DagBag from /home/airflow/.local/lib/python3.8/site-packages/airflow/example_dags/example_bash_operator.py
[2024-03-15T08:14:57.902+0000] {processor.py:840} INFO - DAG(s) 'example_bash_operator' retrieved from /home/airflow/.local/lib/python3.8/site-packages/airflow/example_dags/example_bash_operator.py
[2024-03-15T08:14:57.914+0000] {logging_mixin.py:188} INFO - [2024-03-15T08:14:57.914+0000] {dag.py:3047} INFO - Sync 1 DAGs
[2024-03-15T08:14:57.925+0000] {logging_mixin.py:188} INFO - [2024-03-15T08:14:57.925+0000] {dag.py:3834} INFO - Setting next_dagrun for example_bash_operator to 2024-03-14 00:00:00+00:00, run_after=2024-03-15 00:00:00+00:00
[2024-03-15T08:14:57.933+0000] {processor.py:183} INFO - Processing /home/airflow/.local/lib/python3.8/site-packages/airflow/example_dags/example_bash_operator.py took 0.039 seconds
[2024-03-15T08:15:28.242+0000] {processor.py:161} INFO - Started process (PID=1218) to work on /home/airflow/.local/lib/python3.8/site-packages/airflow/example_dags/example_bash_operator.py
[2024-03-15T08:15:28.243+0000] {processor.py:830} INFO - Processing file /home/airflow/.local/lib/python3.8/site-packages/airflow/example_dags/example_bash_operator.py for tasks to queue
[2024-03-15T08:15:28.244+0000] {logging_mixin.py:188} INFO - [2024-03-15T08:15:28.243+0000] {dagbag.py:540} INFO - Filling up the DagBag from /home/airflow/.local/lib/python3.8/site-packages/airflow/example_dags/example_bash_operator.py
[2024-03-15T08:15:28.249+0000] {processor.py:840} INFO - DAG(s) 'example_bash_operator' retrieved from /home/airflow/.local/lib/python3.8/site-packages/airflow/example_dags/example_bash_operator.py
[2024-03-15T08:15:28.262+0000] {logging_mixin.py:188} INFO - [2024-03-15T08:15:28.261+0000] {dag.py:3047} INFO - Sync 1 DAGs
[2024-03-15T08:15:28.271+0000] {logging_mixin.py:188} INFO - [2024-03-15T08:15:28.271+0000] {dag.py:3834} INFO - Setting next_dagrun for example_bash_operator to 2024-03-14 00:00:00+00:00, run_after=2024-03-15 00:00:00+00:00
[2024-03-15T08:15:28.278+0000] {processor.py:183} INFO - Processing /home/airflow/.local/lib/python3.8/site-packages/airflow/example_dags/example_bash_operator.py took 0.037 seconds
[2024-03-15T08:15:58.638+0000] {processor.py:161} INFO - Started process (PID=1273) to work on /home/airflow/.local/lib/python3.8/site-packages/airflow/example_dags/example_bash_operator.py
[2024-03-15T08:15:58.638+0000] {processor.py:830} INFO - Processing file /home/airflow/.local/lib/python3.8/site-packages/airflow/example_dags/example_bash_operator.py for tasks to queue
[2024-03-15T08:15:58.639+0000] {logging_mixin.py:188} INFO - [2024-03-15T08:15:58.639+0000] {dagbag.py:540} INFO - Filling up the DagBag from /home/airflow/.local/lib/python3.8/site-packages/airflow/example_dags/example_bash_operator.py
[2024-03-15T08:15:58.645+0000] {processor.py:840} INFO - DAG(s) 'example_bash_operator' retrieved from /home/airflow/.local/lib/python3.8/site-packages/airflow/example_dags/example_bash_operator.py
[2024-03-15T08:15:58.657+0000] {logging_mixin.py:188} INFO - [2024-03-15T08:15:58.657+0000] {dag.py:3047} INFO - Sync 1 DAGs
[2024-03-15T08:15:58.667+0000] {logging_mixin.py:188} INFO - [2024-03-15T08:15:58.667+0000] {dag.py:3834} INFO - Setting next_dagrun for example_bash_operator to 2024-03-14 00:00:00+00:00, run_after=2024-03-15 00:00:00+00:00
[2024-03-15T08:15:58.674+0000] {processor.py:183} INFO - Processing /home/airflow/.local/lib/python3.8/site-packages/airflow/example_dags/example_bash_operator.py took 0.039 seconds
[2024-03-15T08:16:28.975+0000] {processor.py:161} INFO - Started process (PID=1328) to work on /home/airflow/.local/lib/python3.8/site-packages/airflow/example_dags/example_bash_operator.py
[2024-03-15T08:16:28.975+0000] {processor.py:830} INFO - Processing file /home/airflow/.local/lib/python3.8/site-packages/airflow/example_dags/example_bash_operator.py for tasks to queue
[2024-03-15T08:16:28.976+0000] {logging_mixin.py:188} INFO - [2024-03-15T08:16:28.976+0000] {dagbag.py:540} INFO - Filling up the DagBag from /home/airflow/.local/lib/python3.8/site-packages/airflow/example_dags/example_bash_operator.py
[2024-03-15T08:16:28.981+0000] {processor.py:840} INFO - DAG(s) 'example_bash_operator' retrieved from /home/airflow/.local/lib/python3.8/site-packages/airflow/example_dags/example_bash_operator.py
[2024-03-15T08:16:28.993+0000] {logging_mixin.py:188} INFO - [2024-03-15T08:16:28.993+0000] {dag.py:3047} INFO - Sync 1 DAGs
[2024-03-15T08:16:29.002+0000] {logging_mixin.py:188} INFO - [2024-03-15T08:16:29.002+0000] {dag.py:3834} INFO - Setting next_dagrun for example_bash_operator to 2024-03-14 00:00:00+00:00, run_after=2024-03-15 00:00:00+00:00
[2024-03-15T08:16:29.009+0000] {processor.py:183} INFO - Processing /home/airflow/.local/lib/python3.8/site-packages/airflow/example_dags/example_bash_operator.py took 0.036 seconds
[2024-03-15T08:16:59.288+0000] {processor.py:161} INFO - Started process (PID=1383) to work on /home/airflow/.local/lib/python3.8/site-packages/airflow/example_dags/example_bash_operator.py
[2024-03-15T08:16:59.288+0000] {processor.py:830} INFO - Processing file /home/airflow/.local/lib/python3.8/site-packages/airflow/example_dags/example_bash_operator.py for tasks to queue
[2024-03-15T08:16:59.289+0000] {logging_mixin.py:188} INFO - [2024-03-15T08:16:59.289+0000] {dagbag.py:540} INFO - Filling up the DagBag from /home/airflow/.local/lib/python3.8/site-packages/airflow/example_dags/example_bash_operator.py
[2024-03-15T08:16:59.294+0000] {processor.py:840} INFO - DAG(s) 'example_bash_operator' retrieved from /home/airflow/.local/lib/python3.8/site-packages/airflow/example_dags/example_bash_operator.py
[2024-03-15T08:16:59.306+0000] {logging_mixin.py:188} INFO - [2024-03-15T08:16:59.306+0000] {dag.py:3047} INFO - Sync 1 DAGs
[2024-03-15T08:16:59.315+0000] {logging_mixin.py:188} INFO - [2024-03-15T08:16:59.315+0000] {dag.py:3834} INFO - Setting next_dagrun for example_bash_operator to 2024-03-14 00:00:00+00:00, run_after=2024-03-15 00:00:00+00:00
[2024-03-15T08:16:59.322+0000] {processor.py:183} INFO - Processing /home/airflow/.local/lib/python3.8/site-packages/airflow/example_dags/example_bash_operator.py took 0.036 seconds
[2024-03-15T08:17:29.673+0000] {processor.py:161} INFO - Started process (PID=1438) to work on /home/airflow/.local/lib/python3.8/site-packages/airflow/example_dags/example_bash_operator.py
[2024-03-15T08:17:29.673+0000] {processor.py:830} INFO - Processing file /home/airflow/.local/lib/python3.8/site-packages/airflow/example_dags/example_bash_operator.py for tasks to queue
[2024-03-15T08:17:29.675+0000] {logging_mixin.py:188} INFO - [2024-03-15T08:17:29.675+0000] {dagbag.py:540} INFO - Filling up the DagBag from /home/airflow/.local/lib/python3.8/site-packages/airflow/example_dags/example_bash_operator.py
[2024-03-15T08:17:29.681+0000] {processor.py:840} INFO - DAG(s) 'example_bash_operator' retrieved from /home/airflow/.local/lib/python3.8/site-packages/airflow/example_dags/example_bash_operator.py
[2024-03-15T08:17:29.694+0000] {logging_mixin.py:188} INFO - [2024-03-15T08:17:29.694+0000] {dag.py:3047} INFO - Sync 1 DAGs
[2024-03-15T08:17:29.703+0000] {logging_mixin.py:188} INFO - [2024-03-15T08:17:29.702+0000] {dag.py:3834} INFO - Setting next_dagrun for example_bash_operator to 2024-03-14 00:00:00+00:00, run_after=2024-03-15 00:00:00+00:00
[2024-03-15T08:17:29.709+0000] {processor.py:183} INFO - Processing /home/airflow/.local/lib/python3.8/site-packages/airflow/example_dags/example_bash_operator.py took 0.038 seconds
[2024-03-15T08:18:00.036+0000] {processor.py:161} INFO - Started process (PID=1493) to work on /home/airflow/.local/lib/python3.8/site-packages/airflow/example_dags/example_bash_operator.py
[2024-03-15T08:18:00.036+0000] {processor.py:830} INFO - Processing file /home/airflow/.local/lib/python3.8/site-packages/airflow/example_dags/example_bash_operator.py for tasks to queue
[2024-03-15T08:18:00.037+0000] {logging_mixin.py:188} INFO - [2024-03-15T08:18:00.037+0000] {dagbag.py:540} INFO - Filling up the DagBag from /home/airflow/.local/lib/python3.8/site-packages/airflow/example_dags/example_bash_operator.py
[2024-03-15T08:18:00.041+0000] {processor.py:840} INFO - DAG(s) 'example_bash_operator' retrieved from /home/airflow/.local/lib/python3.8/site-packages/airflow/example_dags/example_bash_operator.py
[2024-03-15T08:18:00.052+0000] {logging_mixin.py:188} INFO - [2024-03-15T08:18:00.051+0000] {dag.py:3047} INFO - Sync 1 DAGs
[2024-03-15T08:18:00.060+0000] {logging_mixin.py:188} INFO - [2024-03-15T08:18:00.060+0000] {dag.py:3834} INFO - Setting next_dagrun for example_bash_operator to 2024-03-14 00:00:00+00:00, run_after=2024-03-15 00:00:00+00:00
[2024-03-15T08:18:00.066+0000] {processor.py:183} INFO - Processing /home/airflow/.local/lib/python3.8/site-packages/airflow/example_dags/example_bash_operator.py took 0.032 seconds
[2024-03-15T08:18:30.490+0000] {processor.py:161} INFO - Started process (PID=1548) to work on /home/airflow/.local/lib/python3.8/site-packages/airflow/example_dags/example_bash_operator.py
[2024-03-15T08:18:30.490+0000] {processor.py:830} INFO - Processing file /home/airflow/.local/lib/python3.8/site-packages/airflow/example_dags/example_bash_operator.py for tasks to queue
[2024-03-15T08:18:30.491+0000] {logging_mixin.py:188} INFO - [2024-03-15T08:18:30.491+0000] {dagbag.py:540} INFO - Filling up the DagBag from /home/airflow/.local/lib/python3.8/site-packages/airflow/example_dags/example_bash_operator.py
[2024-03-15T08:18:30.496+0000] {processor.py:840} INFO - DAG(s) 'example_bash_operator' retrieved from /home/airflow/.local/lib/python3.8/site-packages/airflow/example_dags/example_bash_operator.py
[2024-03-15T08:18:30.507+0000] {logging_mixin.py:188} INFO - [2024-03-15T08:18:30.507+0000] {dag.py:3047} INFO - Sync 1 DAGs
[2024-03-15T08:18:30.516+0000] {logging_mixin.py:188} INFO - [2024-03-15T08:18:30.516+0000] {dag.py:3834} INFO - Setting next_dagrun for example_bash_operator to 2024-03-14 00:00:00+00:00, run_after=2024-03-15 00:00:00+00:00
[2024-03-15T08:18:30.522+0000] {processor.py:183} INFO - Processing /home/airflow/.local/lib/python3.8/site-packages/airflow/example_dags/example_bash_operator.py took 0.034 seconds
[2024-03-15T08:19:00.809+0000] {processor.py:161} INFO - Started process (PID=1603) to work on /home/airflow/.local/lib/python3.8/site-packages/airflow/example_dags/example_bash_operator.py
[2024-03-15T08:19:00.809+0000] {processor.py:830} INFO - Processing file /home/airflow/.local/lib/python3.8/site-packages/airflow/example_dags/example_bash_operator.py for tasks to queue
[2024-03-15T08:19:00.810+0000] {logging_mixin.py:188} INFO - [2024-03-15T08:19:00.810+0000] {dagbag.py:540} INFO - Filling up the DagBag from /home/airflow/.local/lib/python3.8/site-packages/airflow/example_dags/example_bash_operator.py
[2024-03-15T08:19:00.815+0000] {processor.py:840} INFO - DAG(s) 'example_bash_operator' retrieved from /home/airflow/.local/lib/python3.8/site-packages/airflow/example_dags/example_bash_operator.py
[2024-03-15T08:19:00.827+0000] {logging_mixin.py:188} INFO - [2024-03-15T08:19:00.827+0000] {dag.py:3047} INFO - Sync 1 DAGs
[2024-03-15T08:19:00.836+0000] {logging_mixin.py:188} INFO - [2024-03-15T08:19:00.836+0000] {dag.py:3834} INFO - Setting next_dagrun for example_bash_operator to 2024-03-14 00:00:00+00:00, run_after=2024-03-15 00:00:00+00:00
[2024-03-15T08:19:00.843+0000] {processor.py:183} INFO - Processing /home/airflow/.local/lib/python3.8/site-packages/airflow/example_dags/example_bash_operator.py took 0.035 seconds
[2024-03-15T08:19:31.081+0000] {processor.py:161} INFO - Started process (PID=1658) to work on /home/airflow/.local/lib/python3.8/site-packages/airflow/example_dags/example_bash_operator.py
[2024-03-15T08:19:31.082+0000] {processor.py:830} INFO - Processing file /home/airflow/.local/lib/python3.8/site-packages/airflow/example_dags/example_bash_operator.py for tasks to queue
[2024-03-15T08:19:31.082+0000] {logging_mixin.py:188} INFO - [2024-03-15T08:19:31.082+0000] {dagbag.py:540} INFO - Filling up the DagBag from /home/airflow/.local/lib/python3.8/site-packages/airflow/example_dags/example_bash_operator.py
[2024-03-15T08:19:31.087+0000] {processor.py:840} INFO - DAG(s) 'example_bash_operator' retrieved from /home/airflow/.local/lib/python3.8/site-packages/airflow/example_dags/example_bash_operator.py
[2024-03-15T08:19:31.099+0000] {logging_mixin.py:188} INFO - [2024-03-15T08:19:31.098+0000] {dag.py:3047} INFO - Sync 1 DAGs
[2024-03-15T08:19:31.108+0000] {logging_mixin.py:188} INFO - [2024-03-15T08:19:31.108+0000] {dag.py:3834} INFO - Setting next_dagrun for example_bash_operator to 2024-03-14 00:00:00+00:00, run_after=2024-03-15 00:00:00+00:00
[2024-03-15T08:19:31.115+0000] {processor.py:183} INFO - Processing /home/airflow/.local/lib/python3.8/site-packages/airflow/example_dags/example_bash_operator.py took 0.035 seconds
[2024-03-15T08:20:01.456+0000] {processor.py:161} INFO - Started process (PID=1713) to work on /home/airflow/.local/lib/python3.8/site-packages/airflow/example_dags/example_bash_operator.py
[2024-03-15T08:20:01.457+0000] {processor.py:830} INFO - Processing file /home/airflow/.local/lib/python3.8/site-packages/airflow/example_dags/example_bash_operator.py for tasks to queue
[2024-03-15T08:20:01.457+0000] {logging_mixin.py:188} INFO - [2024-03-15T08:20:01.457+0000] {dagbag.py:540} INFO - Filling up the DagBag from /home/airflow/.local/lib/python3.8/site-packages/airflow/example_dags/example_bash_operator.py
[2024-03-15T08:20:01.462+0000] {processor.py:840} INFO - DAG(s) 'example_bash_operator' retrieved from /home/airflow/.local/lib/python3.8/site-packages/airflow/example_dags/example_bash_operator.py
[2024-03-15T08:20:01.473+0000] {logging_mixin.py:188} INFO - [2024-03-15T08:20:01.473+0000] {dag.py:3047} INFO - Sync 1 DAGs
[2024-03-15T08:20:01.482+0000] {logging_mixin.py:188} INFO - [2024-03-15T08:20:01.482+0000] {dag.py:3834} INFO - Setting next_dagrun for example_bash_operator to 2024-03-14 00:00:00+00:00, run_after=2024-03-15 00:00:00+00:00
[2024-03-15T08:20:01.488+0000] {processor.py:183} INFO - Processing /home/airflow/.local/lib/python3.8/site-packages/airflow/example_dags/example_bash_operator.py took 0.034 seconds
[2024-03-15T08:20:31.769+0000] {processor.py:161} INFO - Started process (PID=1767) to work on /home/airflow/.local/lib/python3.8/site-packages/airflow/example_dags/example_bash_operator.py
[2024-03-15T08:20:31.769+0000] {processor.py:830} INFO - Processing file /home/airflow/.local/lib/python3.8/site-packages/airflow/example_dags/example_bash_operator.py for tasks to queue
[2024-03-15T08:20:31.770+0000] {logging_mixin.py:188} INFO - [2024-03-15T08:20:31.770+0000] {dagbag.py:540} INFO - Filling up the DagBag from /home/airflow/.local/lib/python3.8/site-packages/airflow/example_dags/example_bash_operator.py
[2024-03-15T08:20:31.775+0000] {processor.py:840} INFO - DAG(s) 'example_bash_operator' retrieved from /home/airflow/.local/lib/python3.8/site-packages/airflow/example_dags/example_bash_operator.py
[2024-03-15T08:20:31.787+0000] {logging_mixin.py:188} INFO - [2024-03-15T08:20:31.787+0000] {dag.py:3047} INFO - Sync 1 DAGs
[2024-03-15T08:20:31.796+0000] {logging_mixin.py:188} INFO - [2024-03-15T08:20:31.796+0000] {dag.py:3834} INFO - Setting next_dagrun for example_bash_operator to 2024-03-14 00:00:00+00:00, run_after=2024-03-15 00:00:00+00:00
[2024-03-15T08:20:31.803+0000] {processor.py:183} INFO - Processing /home/airflow/.local/lib/python3.8/site-packages/airflow/example_dags/example_bash_operator.py took 0.036 seconds
[2024-03-15T08:21:02.117+0000] {processor.py:161} INFO - Started process (PID=1822) to work on /home/airflow/.local/lib/python3.8/site-packages/airflow/example_dags/example_bash_operator.py
[2024-03-15T08:21:02.117+0000] {processor.py:830} INFO - Processing file /home/airflow/.local/lib/python3.8/site-packages/airflow/example_dags/example_bash_operator.py for tasks to queue
[2024-03-15T08:21:02.118+0000] {logging_mixin.py:188} INFO - [2024-03-15T08:21:02.118+0000] {dagbag.py:540} INFO - Filling up the DagBag from /home/airflow/.local/lib/python3.8/site-packages/airflow/example_dags/example_bash_operator.py
[2024-03-15T08:21:02.123+0000] {processor.py:840} INFO - DAG(s) 'example_bash_operator' retrieved from /home/airflow/.local/lib/python3.8/site-packages/airflow/example_dags/example_bash_operator.py
[2024-03-15T08:21:02.133+0000] {logging_mixin.py:188} INFO - [2024-03-15T08:21:02.133+0000] {dag.py:3047} INFO - Sync 1 DAGs
[2024-03-15T08:21:02.141+0000] {logging_mixin.py:188} INFO - [2024-03-15T08:21:02.141+0000] {dag.py:3834} INFO - Setting next_dagrun for example_bash_operator to 2024-03-14 00:00:00+00:00, run_after=2024-03-15 00:00:00+00:00
[2024-03-15T08:21:02.147+0000] {processor.py:183} INFO - Processing /home/airflow/.local/lib/python3.8/site-packages/airflow/example_dags/example_bash_operator.py took 0.032 seconds
[2024-03-15T08:21:32.403+0000] {processor.py:161} INFO - Started process (PID=1877) to work on /home/airflow/.local/lib/python3.8/site-packages/airflow/example_dags/example_bash_operator.py
[2024-03-15T08:21:32.403+0000] {processor.py:830} INFO - Processing file /home/airflow/.local/lib/python3.8/site-packages/airflow/example_dags/example_bash_operator.py for tasks to queue
[2024-03-15T08:21:32.404+0000] {logging_mixin.py:188} INFO - [2024-03-15T08:21:32.404+0000] {dagbag.py:540} INFO - Filling up the DagBag from /home/airflow/.local/lib/python3.8/site-packages/airflow/example_dags/example_bash_operator.py
[2024-03-15T08:21:32.409+0000] {processor.py:840} INFO - DAG(s) 'example_bash_operator' retrieved from /home/airflow/.local/lib/python3.8/site-packages/airflow/example_dags/example_bash_operator.py
[2024-03-15T08:21:32.420+0000] {logging_mixin.py:188} INFO - [2024-03-15T08:21:32.419+0000] {dag.py:3047} INFO - Sync 1 DAGs
[2024-03-15T08:21:32.428+0000] {logging_mixin.py:188} INFO - [2024-03-15T08:21:32.428+0000] {dag.py:3834} INFO - Setting next_dagrun for example_bash_operator to 2024-03-14 00:00:00+00:00, run_after=2024-03-15 00:00:00+00:00
[2024-03-15T08:21:32.434+0000] {processor.py:183} INFO - Processing /home/airflow/.local/lib/python3.8/site-packages/airflow/example_dags/example_bash_operator.py took 0.033 seconds
[2024-03-15T08:22:02.707+0000] {processor.py:161} INFO - Started process (PID=1931) to work on /home/airflow/.local/lib/python3.8/site-packages/airflow/example_dags/example_bash_operator.py
[2024-03-15T08:22:02.708+0000] {processor.py:830} INFO - Processing file /home/airflow/.local/lib/python3.8/site-packages/airflow/example_dags/example_bash_operator.py for tasks to queue
[2024-03-15T08:22:02.709+0000] {logging_mixin.py:188} INFO - [2024-03-15T08:22:02.708+0000] {dagbag.py:540} INFO - Filling up the DagBag from /home/airflow/.local/lib/python3.8/site-packages/airflow/example_dags/example_bash_operator.py
[2024-03-15T08:22:02.713+0000] {processor.py:840} INFO - DAG(s) 'example_bash_operator' retrieved from /home/airflow/.local/lib/python3.8/site-packages/airflow/example_dags/example_bash_operator.py
[2024-03-15T08:22:02.724+0000] {logging_mixin.py:188} INFO - [2024-03-15T08:22:02.724+0000] {dag.py:3047} INFO - Sync 1 DAGs
[2024-03-15T08:22:02.732+0000] {logging_mixin.py:188} INFO - [2024-03-15T08:22:02.732+0000] {dag.py:3834} INFO - Setting next_dagrun for example_bash_operator to 2024-03-14 00:00:00+00:00, run_after=2024-03-15 00:00:00+00:00
[2024-03-15T08:22:02.739+0000] {processor.py:183} INFO - Processing /home/airflow/.local/lib/python3.8/site-packages/airflow/example_dags/example_bash_operator.py took 0.033 seconds
[2024-03-15T08:22:33.041+0000] {processor.py:161} INFO - Started process (PID=1986) to work on /home/airflow/.local/lib/python3.8/site-packages/airflow/example_dags/example_bash_operator.py
[2024-03-15T08:22:33.042+0000] {processor.py:830} INFO - Processing file /home/airflow/.local/lib/python3.8/site-packages/airflow/example_dags/example_bash_operator.py for tasks to queue
[2024-03-15T08:22:33.042+0000] {logging_mixin.py:188} INFO - [2024-03-15T08:22:33.042+0000] {dagbag.py:540} INFO - Filling up the DagBag from /home/airflow/.local/lib/python3.8/site-packages/airflow/example_dags/example_bash_operator.py
[2024-03-15T08:22:33.047+0000] {processor.py:840} INFO - DAG(s) 'example_bash_operator' retrieved from /home/airflow/.local/lib/python3.8/site-packages/airflow/example_dags/example_bash_operator.py
[2024-03-15T08:22:33.059+0000] {logging_mixin.py:188} INFO - [2024-03-15T08:22:33.059+0000] {dag.py:3047} INFO - Sync 1 DAGs
[2024-03-15T08:22:33.068+0000] {logging_mixin.py:188} INFO - [2024-03-15T08:22:33.068+0000] {dag.py:3834} INFO - Setting next_dagrun for example_bash_operator to 2024-03-14 00:00:00+00:00, run_after=2024-03-15 00:00:00+00:00
[2024-03-15T08:22:33.075+0000] {processor.py:183} INFO - Processing /home/airflow/.local/lib/python3.8/site-packages/airflow/example_dags/example_bash_operator.py took 0.036 seconds
[2024-03-15T08:23:03.535+0000] {processor.py:161} INFO - Started process (PID=2041) to work on /home/airflow/.local/lib/python3.8/site-packages/airflow/example_dags/example_bash_operator.py
[2024-03-15T08:23:03.536+0000] {processor.py:830} INFO - Processing file /home/airflow/.local/lib/python3.8/site-packages/airflow/example_dags/example_bash_operator.py for tasks to queue
[2024-03-15T08:23:03.536+0000] {logging_mixin.py:188} INFO - [2024-03-15T08:23:03.536+0000] {dagbag.py:540} INFO - Filling up the DagBag from /home/airflow/.local/lib/python3.8/site-packages/airflow/example_dags/example_bash_operator.py
[2024-03-15T08:23:03.542+0000] {processor.py:840} INFO - DAG(s) 'example_bash_operator' retrieved from /home/airflow/.local/lib/python3.8/site-packages/airflow/example_dags/example_bash_operator.py
[2024-03-15T08:23:03.553+0000] {logging_mixin.py:188} INFO - [2024-03-15T08:23:03.553+0000] {dag.py:3047} INFO - Sync 1 DAGs
[2024-03-15T08:23:03.563+0000] {logging_mixin.py:188} INFO - [2024-03-15T08:23:03.562+0000] {dag.py:3834} INFO - Setting next_dagrun for example_bash_operator to 2024-03-14 00:00:00+00:00, run_after=2024-03-15 00:00:00+00:00
[2024-03-15T08:23:03.570+0000] {processor.py:183} INFO - Processing /home/airflow/.local/lib/python3.8/site-packages/airflow/example_dags/example_bash_operator.py took 0.036 seconds
[2024-03-15T08:23:34.086+0000] {processor.py:161} INFO - Started process (PID=2095) to work on /home/airflow/.local/lib/python3.8/site-packages/airflow/example_dags/example_bash_operator.py
[2024-03-15T08:23:34.087+0000] {processor.py:830} INFO - Processing file /home/airflow/.local/lib/python3.8/site-packages/airflow/example_dags/example_bash_operator.py for tasks to queue
[2024-03-15T08:23:34.088+0000] {logging_mixin.py:188} INFO - [2024-03-15T08:23:34.088+0000] {dagbag.py:540} INFO - Filling up the DagBag from /home/airflow/.local/lib/python3.8/site-packages/airflow/example_dags/example_bash_operator.py
[2024-03-15T08:23:34.093+0000] {processor.py:840} INFO - DAG(s) 'example_bash_operator' retrieved from /home/airflow/.local/lib/python3.8/site-packages/airflow/example_dags/example_bash_operator.py
[2024-03-15T08:23:34.104+0000] {logging_mixin.py:188} INFO - [2024-03-15T08:23:34.104+0000] {dag.py:3047} INFO - Sync 1 DAGs
[2024-03-15T08:23:34.112+0000] {logging_mixin.py:188} INFO - [2024-03-15T08:23:34.112+0000] {dag.py:3834} INFO - Setting next_dagrun for example_bash_operator to 2024-03-14 00:00:00+00:00, run_after=2024-03-15 00:00:00+00:00
[2024-03-15T08:23:34.118+0000] {processor.py:183} INFO - Processing /home/airflow/.local/lib/python3.8/site-packages/airflow/example_dags/example_bash_operator.py took 0.032 seconds
