[2024-03-15T08:04:49.353+0000] {processor.py:161} INFO - Started process (PID=72) to work on /home/airflow/.local/lib/python3.8/site-packages/airflow/example_dags/example_sla_dag.py
[2024-03-15T08:04:49.354+0000] {processor.py:830} INFO - Processing file /home/airflow/.local/lib/python3.8/site-packages/airflow/example_dags/example_sla_dag.py for tasks to queue
[2024-03-15T08:04:49.356+0000] {logging_mixin.py:188} INFO - [2024-03-15T08:04:49.356+0000] {dagbag.py:540} INFO - Filling up the DagBag from /home/airflow/.local/lib/python3.8/site-packages/airflow/example_dags/example_sla_dag.py
[2024-03-15T08:04:49.362+0000] {processor.py:840} INFO - DAG(s) 'example_sla_dag' retrieved from /home/airflow/.local/lib/python3.8/site-packages/airflow/example_dags/example_sla_dag.py
[2024-03-15T08:04:49.368+0000] {logging_mixin.py:188} INFO - [2024-03-15T08:04:49.368+0000] {dag.py:3047} INFO - Sync 1 DAGs
[2024-03-15T08:04:49.384+0000] {logging_mixin.py:188} INFO - [2024-03-15T08:04:49.384+0000] {dag.py:3834} INFO - Setting next_dagrun for example_sla_dag to 2024-03-15 08:02:00+00:00, run_after=2024-03-15 08:04:00+00:00
[2024-03-15T08:04:49.394+0000] {processor.py:183} INFO - Processing /home/airflow/.local/lib/python3.8/site-packages/airflow/example_dags/example_sla_dag.py took 0.044 seconds
[2024-03-15T08:05:20.747+0000] {processor.py:161} INFO - Started process (PID=127) to work on /home/airflow/.local/lib/python3.8/site-packages/airflow/example_dags/example_sla_dag.py
[2024-03-15T08:05:20.748+0000] {processor.py:830} INFO - Processing file /home/airflow/.local/lib/python3.8/site-packages/airflow/example_dags/example_sla_dag.py for tasks to queue
[2024-03-15T08:05:20.748+0000] {logging_mixin.py:188} INFO - [2024-03-15T08:05:20.748+0000] {dagbag.py:540} INFO - Filling up the DagBag from /home/airflow/.local/lib/python3.8/site-packages/airflow/example_dags/example_sla_dag.py
[2024-03-15T08:05:20.752+0000] {processor.py:840} INFO - DAG(s) 'example_sla_dag' retrieved from /home/airflow/.local/lib/python3.8/site-packages/airflow/example_dags/example_sla_dag.py
[2024-03-15T08:05:20.791+0000] {logging_mixin.py:188} INFO - [2024-03-15T08:05:20.791+0000] {dag.py:3047} INFO - Sync 1 DAGs
[2024-03-15T08:05:20.799+0000] {logging_mixin.py:188} INFO - [2024-03-15T08:05:20.799+0000] {dag.py:3834} INFO - Setting next_dagrun for example_sla_dag to 2024-03-15 08:02:00+00:00, run_after=2024-03-15 08:04:00+00:00
[2024-03-15T08:05:20.806+0000] {processor.py:183} INFO - Processing /home/airflow/.local/lib/python3.8/site-packages/airflow/example_dags/example_sla_dag.py took 0.060 seconds
[2024-03-15T08:05:51.383+0000] {processor.py:161} INFO - Started process (PID=182) to work on /home/airflow/.local/lib/python3.8/site-packages/airflow/example_dags/example_sla_dag.py
[2024-03-15T08:05:51.384+0000] {processor.py:830} INFO - Processing file /home/airflow/.local/lib/python3.8/site-packages/airflow/example_dags/example_sla_dag.py for tasks to queue
[2024-03-15T08:05:51.384+0000] {logging_mixin.py:188} INFO - [2024-03-15T08:05:51.384+0000] {dagbag.py:540} INFO - Filling up the DagBag from /home/airflow/.local/lib/python3.8/site-packages/airflow/example_dags/example_sla_dag.py
[2024-03-15T08:05:51.388+0000] {processor.py:840} INFO - DAG(s) 'example_sla_dag' retrieved from /home/airflow/.local/lib/python3.8/site-packages/airflow/example_dags/example_sla_dag.py
[2024-03-15T08:05:51.395+0000] {logging_mixin.py:188} INFO - [2024-03-15T08:05:51.395+0000] {dag.py:3047} INFO - Sync 1 DAGs
[2024-03-15T08:05:51.405+0000] {logging_mixin.py:188} INFO - [2024-03-15T08:05:51.405+0000] {dag.py:3834} INFO - Setting next_dagrun for example_sla_dag to 2024-03-15 08:02:00+00:00, run_after=2024-03-15 08:04:00+00:00
[2024-03-15T08:05:51.412+0000] {processor.py:183} INFO - Processing /home/airflow/.local/lib/python3.8/site-packages/airflow/example_dags/example_sla_dag.py took 0.030 seconds
[2024-03-15T08:06:21.669+0000] {processor.py:161} INFO - Started process (PID=237) to work on /home/airflow/.local/lib/python3.8/site-packages/airflow/example_dags/example_sla_dag.py
[2024-03-15T08:06:21.670+0000] {processor.py:830} INFO - Processing file /home/airflow/.local/lib/python3.8/site-packages/airflow/example_dags/example_sla_dag.py for tasks to queue
[2024-03-15T08:06:21.670+0000] {logging_mixin.py:188} INFO - [2024-03-15T08:06:21.670+0000] {dagbag.py:540} INFO - Filling up the DagBag from /home/airflow/.local/lib/python3.8/site-packages/airflow/example_dags/example_sla_dag.py
[2024-03-15T08:06:21.674+0000] {processor.py:840} INFO - DAG(s) 'example_sla_dag' retrieved from /home/airflow/.local/lib/python3.8/site-packages/airflow/example_dags/example_sla_dag.py
[2024-03-15T08:06:21.682+0000] {logging_mixin.py:188} INFO - [2024-03-15T08:06:21.681+0000] {dag.py:3047} INFO - Sync 1 DAGs
[2024-03-15T08:06:21.690+0000] {logging_mixin.py:188} INFO - [2024-03-15T08:06:21.690+0000] {dag.py:3834} INFO - Setting next_dagrun for example_sla_dag to 2024-03-15 08:04:00+00:00, run_after=2024-03-15 08:06:00+00:00
[2024-03-15T08:06:21.697+0000] {processor.py:183} INFO - Processing /home/airflow/.local/lib/python3.8/site-packages/airflow/example_dags/example_sla_dag.py took 0.029 seconds
[2024-03-15T08:06:51.970+0000] {processor.py:161} INFO - Started process (PID=292) to work on /home/airflow/.local/lib/python3.8/site-packages/airflow/example_dags/example_sla_dag.py
[2024-03-15T08:06:51.971+0000] {processor.py:830} INFO - Processing file /home/airflow/.local/lib/python3.8/site-packages/airflow/example_dags/example_sla_dag.py for tasks to queue
[2024-03-15T08:06:51.973+0000] {logging_mixin.py:188} INFO - [2024-03-15T08:06:51.972+0000] {dagbag.py:540} INFO - Filling up the DagBag from /home/airflow/.local/lib/python3.8/site-packages/airflow/example_dags/example_sla_dag.py
[2024-03-15T08:06:51.977+0000] {processor.py:840} INFO - DAG(s) 'example_sla_dag' retrieved from /home/airflow/.local/lib/python3.8/site-packages/airflow/example_dags/example_sla_dag.py
[2024-03-15T08:06:51.985+0000] {logging_mixin.py:188} INFO - [2024-03-15T08:06:51.985+0000] {dag.py:3047} INFO - Sync 1 DAGs
[2024-03-15T08:06:51.994+0000] {logging_mixin.py:188} INFO - [2024-03-15T08:06:51.994+0000] {dag.py:3834} INFO - Setting next_dagrun for example_sla_dag to 2024-03-15 08:04:00+00:00, run_after=2024-03-15 08:06:00+00:00
[2024-03-15T08:06:52.001+0000] {processor.py:183} INFO - Processing /home/airflow/.local/lib/python3.8/site-packages/airflow/example_dags/example_sla_dag.py took 0.032 seconds
[2024-03-15T08:07:22.281+0000] {processor.py:161} INFO - Started process (PID=347) to work on /home/airflow/.local/lib/python3.8/site-packages/airflow/example_dags/example_sla_dag.py
[2024-03-15T08:07:22.281+0000] {processor.py:830} INFO - Processing file /home/airflow/.local/lib/python3.8/site-packages/airflow/example_dags/example_sla_dag.py for tasks to queue
[2024-03-15T08:07:22.282+0000] {logging_mixin.py:188} INFO - [2024-03-15T08:07:22.282+0000] {dagbag.py:540} INFO - Filling up the DagBag from /home/airflow/.local/lib/python3.8/site-packages/airflow/example_dags/example_sla_dag.py
[2024-03-15T08:07:22.286+0000] {processor.py:840} INFO - DAG(s) 'example_sla_dag' retrieved from /home/airflow/.local/lib/python3.8/site-packages/airflow/example_dags/example_sla_dag.py
[2024-03-15T08:07:22.294+0000] {logging_mixin.py:188} INFO - [2024-03-15T08:07:22.294+0000] {dag.py:3047} INFO - Sync 1 DAGs
[2024-03-15T08:07:22.304+0000] {logging_mixin.py:188} INFO - [2024-03-15T08:07:22.303+0000] {dag.py:3834} INFO - Setting next_dagrun for example_sla_dag to 2024-03-15 08:04:00+00:00, run_after=2024-03-15 08:06:00+00:00
[2024-03-15T08:07:22.310+0000] {processor.py:183} INFO - Processing /home/airflow/.local/lib/python3.8/site-packages/airflow/example_dags/example_sla_dag.py took 0.031 seconds
[2024-03-15T08:07:52.548+0000] {processor.py:161} INFO - Started process (PID=402) to work on /home/airflow/.local/lib/python3.8/site-packages/airflow/example_dags/example_sla_dag.py
[2024-03-15T08:07:52.549+0000] {processor.py:830} INFO - Processing file /home/airflow/.local/lib/python3.8/site-packages/airflow/example_dags/example_sla_dag.py for tasks to queue
[2024-03-15T08:07:52.550+0000] {logging_mixin.py:188} INFO - [2024-03-15T08:07:52.550+0000] {dagbag.py:540} INFO - Filling up the DagBag from /home/airflow/.local/lib/python3.8/site-packages/airflow/example_dags/example_sla_dag.py
[2024-03-15T08:07:52.554+0000] {processor.py:840} INFO - DAG(s) 'example_sla_dag' retrieved from /home/airflow/.local/lib/python3.8/site-packages/airflow/example_dags/example_sla_dag.py
[2024-03-15T08:07:52.562+0000] {logging_mixin.py:188} INFO - [2024-03-15T08:07:52.562+0000] {dag.py:3047} INFO - Sync 1 DAGs
[2024-03-15T08:07:52.573+0000] {logging_mixin.py:188} INFO - [2024-03-15T08:07:52.572+0000] {dag.py:3834} INFO - Setting next_dagrun for example_sla_dag to 2024-03-15 08:04:00+00:00, run_after=2024-03-15 08:06:00+00:00
[2024-03-15T08:07:52.582+0000] {processor.py:183} INFO - Processing /home/airflow/.local/lib/python3.8/site-packages/airflow/example_dags/example_sla_dag.py took 0.035 seconds
[2024-03-15T08:08:22.984+0000] {processor.py:161} INFO - Started process (PID=456) to work on /home/airflow/.local/lib/python3.8/site-packages/airflow/example_dags/example_sla_dag.py
[2024-03-15T08:08:22.985+0000] {processor.py:830} INFO - Processing file /home/airflow/.local/lib/python3.8/site-packages/airflow/example_dags/example_sla_dag.py for tasks to queue
[2024-03-15T08:08:22.985+0000] {logging_mixin.py:188} INFO - [2024-03-15T08:08:22.985+0000] {dagbag.py:540} INFO - Filling up the DagBag from /home/airflow/.local/lib/python3.8/site-packages/airflow/example_dags/example_sla_dag.py
[2024-03-15T08:08:22.989+0000] {processor.py:840} INFO - DAG(s) 'example_sla_dag' retrieved from /home/airflow/.local/lib/python3.8/site-packages/airflow/example_dags/example_sla_dag.py
[2024-03-15T08:08:22.997+0000] {logging_mixin.py:188} INFO - [2024-03-15T08:08:22.997+0000] {dag.py:3047} INFO - Sync 1 DAGs
[2024-03-15T08:08:23.007+0000] {logging_mixin.py:188} INFO - [2024-03-15T08:08:23.006+0000] {dag.py:3834} INFO - Setting next_dagrun for example_sla_dag to 2024-03-15 08:06:00+00:00, run_after=2024-03-15 08:08:00+00:00
[2024-03-15T08:08:23.013+0000] {processor.py:183} INFO - Processing /home/airflow/.local/lib/python3.8/site-packages/airflow/example_dags/example_sla_dag.py took 0.030 seconds
[2024-03-15T08:08:53.304+0000] {processor.py:161} INFO - Started process (PID=511) to work on /home/airflow/.local/lib/python3.8/site-packages/airflow/example_dags/example_sla_dag.py
[2024-03-15T08:08:53.304+0000] {processor.py:830} INFO - Processing file /home/airflow/.local/lib/python3.8/site-packages/airflow/example_dags/example_sla_dag.py for tasks to queue
[2024-03-15T08:08:53.305+0000] {logging_mixin.py:188} INFO - [2024-03-15T08:08:53.305+0000] {dagbag.py:540} INFO - Filling up the DagBag from /home/airflow/.local/lib/python3.8/site-packages/airflow/example_dags/example_sla_dag.py
[2024-03-15T08:08:53.309+0000] {processor.py:840} INFO - DAG(s) 'example_sla_dag' retrieved from /home/airflow/.local/lib/python3.8/site-packages/airflow/example_dags/example_sla_dag.py
[2024-03-15T08:08:53.316+0000] {logging_mixin.py:188} INFO - [2024-03-15T08:08:53.316+0000] {dag.py:3047} INFO - Sync 1 DAGs
[2024-03-15T08:08:53.325+0000] {logging_mixin.py:188} INFO - [2024-03-15T08:08:53.325+0000] {dag.py:3834} INFO - Setting next_dagrun for example_sla_dag to 2024-03-15 08:06:00+00:00, run_after=2024-03-15 08:08:00+00:00
[2024-03-15T08:08:53.331+0000] {processor.py:183} INFO - Processing /home/airflow/.local/lib/python3.8/site-packages/airflow/example_dags/example_sla_dag.py took 0.029 seconds
[2024-03-15T08:09:23.635+0000] {processor.py:161} INFO - Started process (PID=566) to work on /home/airflow/.local/lib/python3.8/site-packages/airflow/example_dags/example_sla_dag.py
[2024-03-15T08:09:23.635+0000] {processor.py:830} INFO - Processing file /home/airflow/.local/lib/python3.8/site-packages/airflow/example_dags/example_sla_dag.py for tasks to queue
[2024-03-15T08:09:23.636+0000] {logging_mixin.py:188} INFO - [2024-03-15T08:09:23.636+0000] {dagbag.py:540} INFO - Filling up the DagBag from /home/airflow/.local/lib/python3.8/site-packages/airflow/example_dags/example_sla_dag.py
[2024-03-15T08:09:23.639+0000] {processor.py:840} INFO - DAG(s) 'example_sla_dag' retrieved from /home/airflow/.local/lib/python3.8/site-packages/airflow/example_dags/example_sla_dag.py
[2024-03-15T08:09:23.648+0000] {logging_mixin.py:188} INFO - [2024-03-15T08:09:23.648+0000] {dag.py:3047} INFO - Sync 1 DAGs
[2024-03-15T08:09:23.657+0000] {logging_mixin.py:188} INFO - [2024-03-15T08:09:23.657+0000] {dag.py:3834} INFO - Setting next_dagrun for example_sla_dag to 2024-03-15 08:06:00+00:00, run_after=2024-03-15 08:08:00+00:00
[2024-03-15T08:09:23.664+0000] {processor.py:183} INFO - Processing /home/airflow/.local/lib/python3.8/site-packages/airflow/example_dags/example_sla_dag.py took 0.030 seconds
[2024-03-15T08:09:54.156+0000] {processor.py:161} INFO - Started process (PID=621) to work on /home/airflow/.local/lib/python3.8/site-packages/airflow/example_dags/example_sla_dag.py
[2024-03-15T08:09:54.157+0000] {processor.py:830} INFO - Processing file /home/airflow/.local/lib/python3.8/site-packages/airflow/example_dags/example_sla_dag.py for tasks to queue
[2024-03-15T08:09:54.157+0000] {logging_mixin.py:188} INFO - [2024-03-15T08:09:54.157+0000] {dagbag.py:540} INFO - Filling up the DagBag from /home/airflow/.local/lib/python3.8/site-packages/airflow/example_dags/example_sla_dag.py
[2024-03-15T08:09:54.161+0000] {processor.py:840} INFO - DAG(s) 'example_sla_dag' retrieved from /home/airflow/.local/lib/python3.8/site-packages/airflow/example_dags/example_sla_dag.py
[2024-03-15T08:09:54.169+0000] {logging_mixin.py:188} INFO - [2024-03-15T08:09:54.169+0000] {dag.py:3047} INFO - Sync 1 DAGs
[2024-03-15T08:09:54.179+0000] {logging_mixin.py:188} INFO - [2024-03-15T08:09:54.179+0000] {dag.py:3834} INFO - Setting next_dagrun for example_sla_dag to 2024-03-15 08:06:00+00:00, run_after=2024-03-15 08:08:00+00:00
[2024-03-15T08:09:54.186+0000] {processor.py:183} INFO - Processing /home/airflow/.local/lib/python3.8/site-packages/airflow/example_dags/example_sla_dag.py took 0.031 seconds
[2024-03-15T08:10:24.577+0000] {processor.py:161} INFO - Started process (PID=676) to work on /home/airflow/.local/lib/python3.8/site-packages/airflow/example_dags/example_sla_dag.py
[2024-03-15T08:10:24.577+0000] {processor.py:830} INFO - Processing file /home/airflow/.local/lib/python3.8/site-packages/airflow/example_dags/example_sla_dag.py for tasks to queue
[2024-03-15T08:10:24.578+0000] {logging_mixin.py:188} INFO - [2024-03-15T08:10:24.578+0000] {dagbag.py:540} INFO - Filling up the DagBag from /home/airflow/.local/lib/python3.8/site-packages/airflow/example_dags/example_sla_dag.py
[2024-03-15T08:10:24.582+0000] {processor.py:840} INFO - DAG(s) 'example_sla_dag' retrieved from /home/airflow/.local/lib/python3.8/site-packages/airflow/example_dags/example_sla_dag.py
[2024-03-15T08:10:24.591+0000] {logging_mixin.py:188} INFO - [2024-03-15T08:10:24.591+0000] {dag.py:3047} INFO - Sync 1 DAGs
[2024-03-15T08:10:24.602+0000] {logging_mixin.py:188} INFO - [2024-03-15T08:10:24.601+0000] {dag.py:3834} INFO - Setting next_dagrun for example_sla_dag to 2024-03-15 08:08:00+00:00, run_after=2024-03-15 08:10:00+00:00
[2024-03-15T08:10:24.609+0000] {processor.py:183} INFO - Processing /home/airflow/.local/lib/python3.8/site-packages/airflow/example_dags/example_sla_dag.py took 0.034 seconds
[2024-03-15T08:10:54.852+0000] {processor.py:161} INFO - Started process (PID=731) to work on /home/airflow/.local/lib/python3.8/site-packages/airflow/example_dags/example_sla_dag.py
[2024-03-15T08:10:54.853+0000] {processor.py:830} INFO - Processing file /home/airflow/.local/lib/python3.8/site-packages/airflow/example_dags/example_sla_dag.py for tasks to queue
[2024-03-15T08:10:54.853+0000] {logging_mixin.py:188} INFO - [2024-03-15T08:10:54.853+0000] {dagbag.py:540} INFO - Filling up the DagBag from /home/airflow/.local/lib/python3.8/site-packages/airflow/example_dags/example_sla_dag.py
[2024-03-15T08:10:54.857+0000] {processor.py:840} INFO - DAG(s) 'example_sla_dag' retrieved from /home/airflow/.local/lib/python3.8/site-packages/airflow/example_dags/example_sla_dag.py
[2024-03-15T08:10:54.865+0000] {logging_mixin.py:188} INFO - [2024-03-15T08:10:54.865+0000] {dag.py:3047} INFO - Sync 1 DAGs
[2024-03-15T08:10:54.874+0000] {logging_mixin.py:188} INFO - [2024-03-15T08:10:54.873+0000] {dag.py:3834} INFO - Setting next_dagrun for example_sla_dag to 2024-03-15 08:08:00+00:00, run_after=2024-03-15 08:10:00+00:00
[2024-03-15T08:10:54.880+0000] {processor.py:183} INFO - Processing /home/airflow/.local/lib/python3.8/site-packages/airflow/example_dags/example_sla_dag.py took 0.029 seconds
[2024-03-15T08:11:25.375+0000] {processor.py:161} INFO - Started process (PID=786) to work on /home/airflow/.local/lib/python3.8/site-packages/airflow/example_dags/example_sla_dag.py
[2024-03-15T08:11:25.375+0000] {processor.py:830} INFO - Processing file /home/airflow/.local/lib/python3.8/site-packages/airflow/example_dags/example_sla_dag.py for tasks to queue
[2024-03-15T08:11:25.376+0000] {logging_mixin.py:188} INFO - [2024-03-15T08:11:25.376+0000] {dagbag.py:540} INFO - Filling up the DagBag from /home/airflow/.local/lib/python3.8/site-packages/airflow/example_dags/example_sla_dag.py
[2024-03-15T08:11:25.380+0000] {processor.py:840} INFO - DAG(s) 'example_sla_dag' retrieved from /home/airflow/.local/lib/python3.8/site-packages/airflow/example_dags/example_sla_dag.py
[2024-03-15T08:11:25.388+0000] {logging_mixin.py:188} INFO - [2024-03-15T08:11:25.388+0000] {dag.py:3047} INFO - Sync 1 DAGs
[2024-03-15T08:11:25.398+0000] {logging_mixin.py:188} INFO - [2024-03-15T08:11:25.398+0000] {dag.py:3834} INFO - Setting next_dagrun for example_sla_dag to 2024-03-15 08:08:00+00:00, run_after=2024-03-15 08:10:00+00:00
[2024-03-15T08:11:25.404+0000] {processor.py:183} INFO - Processing /home/airflow/.local/lib/python3.8/site-packages/airflow/example_dags/example_sla_dag.py took 0.031 seconds
[2024-03-15T08:11:55.841+0000] {processor.py:161} INFO - Started process (PID=841) to work on /home/airflow/.local/lib/python3.8/site-packages/airflow/example_dags/example_sla_dag.py
[2024-03-15T08:11:55.842+0000] {processor.py:830} INFO - Processing file /home/airflow/.local/lib/python3.8/site-packages/airflow/example_dags/example_sla_dag.py for tasks to queue
[2024-03-15T08:11:55.842+0000] {logging_mixin.py:188} INFO - [2024-03-15T08:11:55.842+0000] {dagbag.py:540} INFO - Filling up the DagBag from /home/airflow/.local/lib/python3.8/site-packages/airflow/example_dags/example_sla_dag.py
[2024-03-15T08:11:55.847+0000] {processor.py:840} INFO - DAG(s) 'example_sla_dag' retrieved from /home/airflow/.local/lib/python3.8/site-packages/airflow/example_dags/example_sla_dag.py
[2024-03-15T08:11:55.858+0000] {logging_mixin.py:188} INFO - [2024-03-15T08:11:55.858+0000] {dag.py:3047} INFO - Sync 1 DAGs
[2024-03-15T08:11:55.870+0000] {logging_mixin.py:188} INFO - [2024-03-15T08:11:55.869+0000] {dag.py:3834} INFO - Setting next_dagrun for example_sla_dag to 2024-03-15 08:08:00+00:00, run_after=2024-03-15 08:10:00+00:00
[2024-03-15T08:11:55.879+0000] {processor.py:183} INFO - Processing /home/airflow/.local/lib/python3.8/site-packages/airflow/example_dags/example_sla_dag.py took 0.039 seconds
[2024-03-15T08:12:26.414+0000] {processor.py:161} INFO - Started process (PID=896) to work on /home/airflow/.local/lib/python3.8/site-packages/airflow/example_dags/example_sla_dag.py
[2024-03-15T08:12:26.414+0000] {processor.py:830} INFO - Processing file /home/airflow/.local/lib/python3.8/site-packages/airflow/example_dags/example_sla_dag.py for tasks to queue
[2024-03-15T08:12:26.415+0000] {logging_mixin.py:188} INFO - [2024-03-15T08:12:26.415+0000] {dagbag.py:540} INFO - Filling up the DagBag from /home/airflow/.local/lib/python3.8/site-packages/airflow/example_dags/example_sla_dag.py
[2024-03-15T08:12:26.419+0000] {processor.py:840} INFO - DAG(s) 'example_sla_dag' retrieved from /home/airflow/.local/lib/python3.8/site-packages/airflow/example_dags/example_sla_dag.py
[2024-03-15T08:12:26.428+0000] {logging_mixin.py:188} INFO - [2024-03-15T08:12:26.428+0000] {dag.py:3047} INFO - Sync 1 DAGs
[2024-03-15T08:12:26.439+0000] {logging_mixin.py:188} INFO - [2024-03-15T08:12:26.438+0000] {dag.py:3834} INFO - Setting next_dagrun for example_sla_dag to 2024-03-15 08:10:00+00:00, run_after=2024-03-15 08:12:00+00:00
[2024-03-15T08:12:26.446+0000] {processor.py:183} INFO - Processing /home/airflow/.local/lib/python3.8/site-packages/airflow/example_dags/example_sla_dag.py took 0.034 seconds
[2024-03-15T08:12:56.751+0000] {processor.py:161} INFO - Started process (PID=951) to work on /home/airflow/.local/lib/python3.8/site-packages/airflow/example_dags/example_sla_dag.py
[2024-03-15T08:12:56.751+0000] {processor.py:830} INFO - Processing file /home/airflow/.local/lib/python3.8/site-packages/airflow/example_dags/example_sla_dag.py for tasks to queue
[2024-03-15T08:12:56.752+0000] {logging_mixin.py:188} INFO - [2024-03-15T08:12:56.752+0000] {dagbag.py:540} INFO - Filling up the DagBag from /home/airflow/.local/lib/python3.8/site-packages/airflow/example_dags/example_sla_dag.py
[2024-03-15T08:12:56.755+0000] {processor.py:840} INFO - DAG(s) 'example_sla_dag' retrieved from /home/airflow/.local/lib/python3.8/site-packages/airflow/example_dags/example_sla_dag.py
[2024-03-15T08:12:56.763+0000] {logging_mixin.py:188} INFO - [2024-03-15T08:12:56.763+0000] {dag.py:3047} INFO - Sync 1 DAGs
[2024-03-15T08:12:56.773+0000] {logging_mixin.py:188} INFO - [2024-03-15T08:12:56.773+0000] {dag.py:3834} INFO - Setting next_dagrun for example_sla_dag to 2024-03-15 08:10:00+00:00, run_after=2024-03-15 08:12:00+00:00
[2024-03-15T08:12:56.779+0000] {processor.py:183} INFO - Processing /home/airflow/.local/lib/python3.8/site-packages/airflow/example_dags/example_sla_dag.py took 0.030 seconds
[2024-03-15T08:13:27.002+0000] {processor.py:161} INFO - Started process (PID=1006) to work on /home/airflow/.local/lib/python3.8/site-packages/airflow/example_dags/example_sla_dag.py
[2024-03-15T08:13:27.002+0000] {processor.py:830} INFO - Processing file /home/airflow/.local/lib/python3.8/site-packages/airflow/example_dags/example_sla_dag.py for tasks to queue
[2024-03-15T08:13:27.003+0000] {logging_mixin.py:188} INFO - [2024-03-15T08:13:27.003+0000] {dagbag.py:540} INFO - Filling up the DagBag from /home/airflow/.local/lib/python3.8/site-packages/airflow/example_dags/example_sla_dag.py
[2024-03-15T08:13:27.006+0000] {processor.py:840} INFO - DAG(s) 'example_sla_dag' retrieved from /home/airflow/.local/lib/python3.8/site-packages/airflow/example_dags/example_sla_dag.py
[2024-03-15T08:13:27.014+0000] {logging_mixin.py:188} INFO - [2024-03-15T08:13:27.014+0000] {dag.py:3047} INFO - Sync 1 DAGs
[2024-03-15T08:13:27.024+0000] {logging_mixin.py:188} INFO - [2024-03-15T08:13:27.024+0000] {dag.py:3834} INFO - Setting next_dagrun for example_sla_dag to 2024-03-15 08:10:00+00:00, run_after=2024-03-15 08:12:00+00:00
[2024-03-15T08:13:27.030+0000] {processor.py:183} INFO - Processing /home/airflow/.local/lib/python3.8/site-packages/airflow/example_dags/example_sla_dag.py took 0.030 seconds
[2024-03-15T08:13:57.343+0000] {processor.py:161} INFO - Started process (PID=1061) to work on /home/airflow/.local/lib/python3.8/site-packages/airflow/example_dags/example_sla_dag.py
[2024-03-15T08:13:57.344+0000] {processor.py:830} INFO - Processing file /home/airflow/.local/lib/python3.8/site-packages/airflow/example_dags/example_sla_dag.py for tasks to queue
[2024-03-15T08:13:57.345+0000] {logging_mixin.py:188} INFO - [2024-03-15T08:13:57.344+0000] {dagbag.py:540} INFO - Filling up the DagBag from /home/airflow/.local/lib/python3.8/site-packages/airflow/example_dags/example_sla_dag.py
[2024-03-15T08:13:57.348+0000] {processor.py:840} INFO - DAG(s) 'example_sla_dag' retrieved from /home/airflow/.local/lib/python3.8/site-packages/airflow/example_dags/example_sla_dag.py
[2024-03-15T08:13:57.356+0000] {logging_mixin.py:188} INFO - [2024-03-15T08:13:57.356+0000] {dag.py:3047} INFO - Sync 1 DAGs
[2024-03-15T08:13:57.365+0000] {logging_mixin.py:188} INFO - [2024-03-15T08:13:57.365+0000] {dag.py:3834} INFO - Setting next_dagrun for example_sla_dag to 2024-03-15 08:10:00+00:00, run_after=2024-03-15 08:12:00+00:00
[2024-03-15T08:13:57.371+0000] {processor.py:183} INFO - Processing /home/airflow/.local/lib/python3.8/site-packages/airflow/example_dags/example_sla_dag.py took 0.029 seconds
[2024-03-15T08:14:27.713+0000] {processor.py:161} INFO - Started process (PID=1116) to work on /home/airflow/.local/lib/python3.8/site-packages/airflow/example_dags/example_sla_dag.py
[2024-03-15T08:14:27.713+0000] {processor.py:830} INFO - Processing file /home/airflow/.local/lib/python3.8/site-packages/airflow/example_dags/example_sla_dag.py for tasks to queue
[2024-03-15T08:14:27.714+0000] {logging_mixin.py:188} INFO - [2024-03-15T08:14:27.714+0000] {dagbag.py:540} INFO - Filling up the DagBag from /home/airflow/.local/lib/python3.8/site-packages/airflow/example_dags/example_sla_dag.py
[2024-03-15T08:14:27.718+0000] {processor.py:840} INFO - DAG(s) 'example_sla_dag' retrieved from /home/airflow/.local/lib/python3.8/site-packages/airflow/example_dags/example_sla_dag.py
[2024-03-15T08:14:27.725+0000] {logging_mixin.py:188} INFO - [2024-03-15T08:14:27.725+0000] {dag.py:3047} INFO - Sync 1 DAGs
[2024-03-15T08:14:27.734+0000] {logging_mixin.py:188} INFO - [2024-03-15T08:14:27.734+0000] {dag.py:3834} INFO - Setting next_dagrun for example_sla_dag to 2024-03-15 08:12:00+00:00, run_after=2024-03-15 08:14:00+00:00
[2024-03-15T08:14:27.741+0000] {processor.py:183} INFO - Processing /home/airflow/.local/lib/python3.8/site-packages/airflow/example_dags/example_sla_dag.py took 0.030 seconds
[2024-03-15T08:14:58.066+0000] {processor.py:161} INFO - Started process (PID=1171) to work on /home/airflow/.local/lib/python3.8/site-packages/airflow/example_dags/example_sla_dag.py
[2024-03-15T08:14:58.066+0000] {processor.py:830} INFO - Processing file /home/airflow/.local/lib/python3.8/site-packages/airflow/example_dags/example_sla_dag.py for tasks to queue
[2024-03-15T08:14:58.067+0000] {logging_mixin.py:188} INFO - [2024-03-15T08:14:58.067+0000] {dagbag.py:540} INFO - Filling up the DagBag from /home/airflow/.local/lib/python3.8/site-packages/airflow/example_dags/example_sla_dag.py
[2024-03-15T08:14:58.070+0000] {processor.py:840} INFO - DAG(s) 'example_sla_dag' retrieved from /home/airflow/.local/lib/python3.8/site-packages/airflow/example_dags/example_sla_dag.py
[2024-03-15T08:14:58.078+0000] {logging_mixin.py:188} INFO - [2024-03-15T08:14:58.077+0000] {dag.py:3047} INFO - Sync 1 DAGs
[2024-03-15T08:14:58.086+0000] {logging_mixin.py:188} INFO - [2024-03-15T08:14:58.086+0000] {dag.py:3834} INFO - Setting next_dagrun for example_sla_dag to 2024-03-15 08:12:00+00:00, run_after=2024-03-15 08:14:00+00:00
[2024-03-15T08:14:58.092+0000] {processor.py:183} INFO - Processing /home/airflow/.local/lib/python3.8/site-packages/airflow/example_dags/example_sla_dag.py took 0.028 seconds
[2024-03-15T08:15:28.413+0000] {processor.py:161} INFO - Started process (PID=1226) to work on /home/airflow/.local/lib/python3.8/site-packages/airflow/example_dags/example_sla_dag.py
[2024-03-15T08:15:28.414+0000] {processor.py:830} INFO - Processing file /home/airflow/.local/lib/python3.8/site-packages/airflow/example_dags/example_sla_dag.py for tasks to queue
[2024-03-15T08:15:28.415+0000] {logging_mixin.py:188} INFO - [2024-03-15T08:15:28.415+0000] {dagbag.py:540} INFO - Filling up the DagBag from /home/airflow/.local/lib/python3.8/site-packages/airflow/example_dags/example_sla_dag.py
[2024-03-15T08:15:28.418+0000] {processor.py:840} INFO - DAG(s) 'example_sla_dag' retrieved from /home/airflow/.local/lib/python3.8/site-packages/airflow/example_dags/example_sla_dag.py
[2024-03-15T08:15:28.426+0000] {logging_mixin.py:188} INFO - [2024-03-15T08:15:28.426+0000] {dag.py:3047} INFO - Sync 1 DAGs
[2024-03-15T08:15:28.435+0000] {logging_mixin.py:188} INFO - [2024-03-15T08:15:28.435+0000] {dag.py:3834} INFO - Setting next_dagrun for example_sla_dag to 2024-03-15 08:12:00+00:00, run_after=2024-03-15 08:14:00+00:00
[2024-03-15T08:15:28.442+0000] {processor.py:183} INFO - Processing /home/airflow/.local/lib/python3.8/site-packages/airflow/example_dags/example_sla_dag.py took 0.030 seconds
[2024-03-15T08:15:58.813+0000] {processor.py:161} INFO - Started process (PID=1281) to work on /home/airflow/.local/lib/python3.8/site-packages/airflow/example_dags/example_sla_dag.py
[2024-03-15T08:15:58.814+0000] {processor.py:830} INFO - Processing file /home/airflow/.local/lib/python3.8/site-packages/airflow/example_dags/example_sla_dag.py for tasks to queue
[2024-03-15T08:15:58.815+0000] {logging_mixin.py:188} INFO - [2024-03-15T08:15:58.814+0000] {dagbag.py:540} INFO - Filling up the DagBag from /home/airflow/.local/lib/python3.8/site-packages/airflow/example_dags/example_sla_dag.py
[2024-03-15T08:15:58.819+0000] {processor.py:840} INFO - DAG(s) 'example_sla_dag' retrieved from /home/airflow/.local/lib/python3.8/site-packages/airflow/example_dags/example_sla_dag.py
[2024-03-15T08:15:58.827+0000] {logging_mixin.py:188} INFO - [2024-03-15T08:15:58.827+0000] {dag.py:3047} INFO - Sync 1 DAGs
[2024-03-15T08:15:58.838+0000] {logging_mixin.py:188} INFO - [2024-03-15T08:15:58.837+0000] {dag.py:3834} INFO - Setting next_dagrun for example_sla_dag to 2024-03-15 08:12:00+00:00, run_after=2024-03-15 08:14:00+00:00
[2024-03-15T08:15:58.846+0000] {processor.py:183} INFO - Processing /home/airflow/.local/lib/python3.8/site-packages/airflow/example_dags/example_sla_dag.py took 0.034 seconds
[2024-03-15T08:16:29.151+0000] {processor.py:161} INFO - Started process (PID=1336) to work on /home/airflow/.local/lib/python3.8/site-packages/airflow/example_dags/example_sla_dag.py
[2024-03-15T08:16:29.152+0000] {processor.py:830} INFO - Processing file /home/airflow/.local/lib/python3.8/site-packages/airflow/example_dags/example_sla_dag.py for tasks to queue
[2024-03-15T08:16:29.152+0000] {logging_mixin.py:188} INFO - [2024-03-15T08:16:29.152+0000] {dagbag.py:540} INFO - Filling up the DagBag from /home/airflow/.local/lib/python3.8/site-packages/airflow/example_dags/example_sla_dag.py
[2024-03-15T08:16:29.156+0000] {processor.py:840} INFO - DAG(s) 'example_sla_dag' retrieved from /home/airflow/.local/lib/python3.8/site-packages/airflow/example_dags/example_sla_dag.py
[2024-03-15T08:16:29.164+0000] {logging_mixin.py:188} INFO - [2024-03-15T08:16:29.164+0000] {dag.py:3047} INFO - Sync 1 DAGs
[2024-03-15T08:16:29.173+0000] {logging_mixin.py:188} INFO - [2024-03-15T08:16:29.173+0000] {dag.py:3834} INFO - Setting next_dagrun for example_sla_dag to 2024-03-15 08:14:00+00:00, run_after=2024-03-15 08:16:00+00:00
[2024-03-15T08:16:29.180+0000] {processor.py:183} INFO - Processing /home/airflow/.local/lib/python3.8/site-packages/airflow/example_dags/example_sla_dag.py took 0.031 seconds
[2024-03-15T08:16:59.472+0000] {processor.py:161} INFO - Started process (PID=1391) to work on /home/airflow/.local/lib/python3.8/site-packages/airflow/example_dags/example_sla_dag.py
[2024-03-15T08:16:59.473+0000] {processor.py:830} INFO - Processing file /home/airflow/.local/lib/python3.8/site-packages/airflow/example_dags/example_sla_dag.py for tasks to queue
[2024-03-15T08:16:59.474+0000] {logging_mixin.py:188} INFO - [2024-03-15T08:16:59.474+0000] {dagbag.py:540} INFO - Filling up the DagBag from /home/airflow/.local/lib/python3.8/site-packages/airflow/example_dags/example_sla_dag.py
[2024-03-15T08:16:59.478+0000] {processor.py:840} INFO - DAG(s) 'example_sla_dag' retrieved from /home/airflow/.local/lib/python3.8/site-packages/airflow/example_dags/example_sla_dag.py
[2024-03-15T08:16:59.489+0000] {logging_mixin.py:188} INFO - [2024-03-15T08:16:59.489+0000] {dag.py:3047} INFO - Sync 1 DAGs
[2024-03-15T08:16:59.500+0000] {logging_mixin.py:188} INFO - [2024-03-15T08:16:59.500+0000] {dag.py:3834} INFO - Setting next_dagrun for example_sla_dag to 2024-03-15 08:14:00+00:00, run_after=2024-03-15 08:16:00+00:00
[2024-03-15T08:16:59.511+0000] {processor.py:183} INFO - Processing /home/airflow/.local/lib/python3.8/site-packages/airflow/example_dags/example_sla_dag.py took 0.040 seconds
[2024-03-15T08:17:29.853+0000] {processor.py:161} INFO - Started process (PID=1446) to work on /home/airflow/.local/lib/python3.8/site-packages/airflow/example_dags/example_sla_dag.py
[2024-03-15T08:17:29.853+0000] {processor.py:830} INFO - Processing file /home/airflow/.local/lib/python3.8/site-packages/airflow/example_dags/example_sla_dag.py for tasks to queue
[2024-03-15T08:17:29.854+0000] {logging_mixin.py:188} INFO - [2024-03-15T08:17:29.854+0000] {dagbag.py:540} INFO - Filling up the DagBag from /home/airflow/.local/lib/python3.8/site-packages/airflow/example_dags/example_sla_dag.py
[2024-03-15T08:17:29.858+0000] {processor.py:840} INFO - DAG(s) 'example_sla_dag' retrieved from /home/airflow/.local/lib/python3.8/site-packages/airflow/example_dags/example_sla_dag.py
[2024-03-15T08:17:29.866+0000] {logging_mixin.py:188} INFO - [2024-03-15T08:17:29.865+0000] {dag.py:3047} INFO - Sync 1 DAGs
[2024-03-15T08:17:29.875+0000] {logging_mixin.py:188} INFO - [2024-03-15T08:17:29.875+0000] {dag.py:3834} INFO - Setting next_dagrun for example_sla_dag to 2024-03-15 08:14:00+00:00, run_after=2024-03-15 08:16:00+00:00
[2024-03-15T08:17:29.881+0000] {processor.py:183} INFO - Processing /home/airflow/.local/lib/python3.8/site-packages/airflow/example_dags/example_sla_dag.py took 0.030 seconds
[2024-03-15T08:18:00.190+0000] {processor.py:161} INFO - Started process (PID=1501) to work on /home/airflow/.local/lib/python3.8/site-packages/airflow/example_dags/example_sla_dag.py
[2024-03-15T08:18:00.191+0000] {processor.py:830} INFO - Processing file /home/airflow/.local/lib/python3.8/site-packages/airflow/example_dags/example_sla_dag.py for tasks to queue
[2024-03-15T08:18:00.191+0000] {logging_mixin.py:188} INFO - [2024-03-15T08:18:00.191+0000] {dagbag.py:540} INFO - Filling up the DagBag from /home/airflow/.local/lib/python3.8/site-packages/airflow/example_dags/example_sla_dag.py
[2024-03-15T08:18:00.195+0000] {processor.py:840} INFO - DAG(s) 'example_sla_dag' retrieved from /home/airflow/.local/lib/python3.8/site-packages/airflow/example_dags/example_sla_dag.py
[2024-03-15T08:18:00.202+0000] {logging_mixin.py:188} INFO - [2024-03-15T08:18:00.202+0000] {dag.py:3047} INFO - Sync 1 DAGs
[2024-03-15T08:18:00.213+0000] {logging_mixin.py:188} INFO - [2024-03-15T08:18:00.213+0000] {dag.py:3834} INFO - Setting next_dagrun for example_sla_dag to 2024-03-15 08:16:00+00:00, run_after=2024-03-15 08:18:00+00:00
[2024-03-15T08:18:00.220+0000] {processor.py:183} INFO - Processing /home/airflow/.local/lib/python3.8/site-packages/airflow/example_dags/example_sla_dag.py took 0.031 seconds
[2024-03-15T08:18:30.653+0000] {processor.py:161} INFO - Started process (PID=1556) to work on /home/airflow/.local/lib/python3.8/site-packages/airflow/example_dags/example_sla_dag.py
[2024-03-15T08:18:30.653+0000] {processor.py:830} INFO - Processing file /home/airflow/.local/lib/python3.8/site-packages/airflow/example_dags/example_sla_dag.py for tasks to queue
[2024-03-15T08:18:30.654+0000] {logging_mixin.py:188} INFO - [2024-03-15T08:18:30.654+0000] {dagbag.py:540} INFO - Filling up the DagBag from /home/airflow/.local/lib/python3.8/site-packages/airflow/example_dags/example_sla_dag.py
[2024-03-15T08:18:30.658+0000] {processor.py:840} INFO - DAG(s) 'example_sla_dag' retrieved from /home/airflow/.local/lib/python3.8/site-packages/airflow/example_dags/example_sla_dag.py
[2024-03-15T08:18:30.665+0000] {logging_mixin.py:188} INFO - [2024-03-15T08:18:30.665+0000] {dag.py:3047} INFO - Sync 1 DAGs
[2024-03-15T08:18:30.674+0000] {logging_mixin.py:188} INFO - [2024-03-15T08:18:30.674+0000] {dag.py:3834} INFO - Setting next_dagrun for example_sla_dag to 2024-03-15 08:16:00+00:00, run_after=2024-03-15 08:18:00+00:00
[2024-03-15T08:18:30.680+0000] {processor.py:183} INFO - Processing /home/airflow/.local/lib/python3.8/site-packages/airflow/example_dags/example_sla_dag.py took 0.029 seconds
[2024-03-15T08:19:00.979+0000] {processor.py:161} INFO - Started process (PID=1611) to work on /home/airflow/.local/lib/python3.8/site-packages/airflow/example_dags/example_sla_dag.py
[2024-03-15T08:19:00.980+0000] {processor.py:830} INFO - Processing file /home/airflow/.local/lib/python3.8/site-packages/airflow/example_dags/example_sla_dag.py for tasks to queue
[2024-03-15T08:19:00.980+0000] {logging_mixin.py:188} INFO - [2024-03-15T08:19:00.980+0000] {dagbag.py:540} INFO - Filling up the DagBag from /home/airflow/.local/lib/python3.8/site-packages/airflow/example_dags/example_sla_dag.py
[2024-03-15T08:19:00.984+0000] {processor.py:840} INFO - DAG(s) 'example_sla_dag' retrieved from /home/airflow/.local/lib/python3.8/site-packages/airflow/example_dags/example_sla_dag.py
[2024-03-15T08:19:00.991+0000] {logging_mixin.py:188} INFO - [2024-03-15T08:19:00.991+0000] {dag.py:3047} INFO - Sync 1 DAGs
[2024-03-15T08:19:01.000+0000] {logging_mixin.py:188} INFO - [2024-03-15T08:19:01.000+0000] {dag.py:3834} INFO - Setting next_dagrun for example_sla_dag to 2024-03-15 08:16:00+00:00, run_after=2024-03-15 08:18:00+00:00
[2024-03-15T08:19:01.007+0000] {processor.py:183} INFO - Processing /home/airflow/.local/lib/python3.8/site-packages/airflow/example_dags/example_sla_dag.py took 0.029 seconds
[2024-03-15T08:19:31.250+0000] {processor.py:161} INFO - Started process (PID=1666) to work on /home/airflow/.local/lib/python3.8/site-packages/airflow/example_dags/example_sla_dag.py
[2024-03-15T08:19:31.251+0000] {processor.py:830} INFO - Processing file /home/airflow/.local/lib/python3.8/site-packages/airflow/example_dags/example_sla_dag.py for tasks to queue
[2024-03-15T08:19:31.251+0000] {logging_mixin.py:188} INFO - [2024-03-15T08:19:31.251+0000] {dagbag.py:540} INFO - Filling up the DagBag from /home/airflow/.local/lib/python3.8/site-packages/airflow/example_dags/example_sla_dag.py
[2024-03-15T08:19:31.255+0000] {processor.py:840} INFO - DAG(s) 'example_sla_dag' retrieved from /home/airflow/.local/lib/python3.8/site-packages/airflow/example_dags/example_sla_dag.py
[2024-03-15T08:19:31.263+0000] {logging_mixin.py:188} INFO - [2024-03-15T08:19:31.263+0000] {dag.py:3047} INFO - Sync 1 DAGs
[2024-03-15T08:19:31.273+0000] {logging_mixin.py:188} INFO - [2024-03-15T08:19:31.273+0000] {dag.py:3834} INFO - Setting next_dagrun for example_sla_dag to 2024-03-15 08:16:00+00:00, run_after=2024-03-15 08:18:00+00:00
[2024-03-15T08:19:31.280+0000] {processor.py:183} INFO - Processing /home/airflow/.local/lib/python3.8/site-packages/airflow/example_dags/example_sla_dag.py took 0.031 seconds
[2024-03-15T08:20:01.619+0000] {processor.py:161} INFO - Started process (PID=1721) to work on /home/airflow/.local/lib/python3.8/site-packages/airflow/example_dags/example_sla_dag.py
[2024-03-15T08:20:01.620+0000] {processor.py:830} INFO - Processing file /home/airflow/.local/lib/python3.8/site-packages/airflow/example_dags/example_sla_dag.py for tasks to queue
[2024-03-15T08:20:01.620+0000] {logging_mixin.py:188} INFO - [2024-03-15T08:20:01.620+0000] {dagbag.py:540} INFO - Filling up the DagBag from /home/airflow/.local/lib/python3.8/site-packages/airflow/example_dags/example_sla_dag.py
[2024-03-15T08:20:01.624+0000] {processor.py:840} INFO - DAG(s) 'example_sla_dag' retrieved from /home/airflow/.local/lib/python3.8/site-packages/airflow/example_dags/example_sla_dag.py
[2024-03-15T08:20:01.632+0000] {logging_mixin.py:188} INFO - [2024-03-15T08:20:01.632+0000] {dag.py:3047} INFO - Sync 1 DAGs
[2024-03-15T08:20:01.642+0000] {logging_mixin.py:188} INFO - [2024-03-15T08:20:01.642+0000] {dag.py:3834} INFO - Setting next_dagrun for example_sla_dag to 2024-03-15 08:18:00+00:00, run_after=2024-03-15 08:20:00+00:00
[2024-03-15T08:20:01.648+0000] {processor.py:183} INFO - Processing /home/airflow/.local/lib/python3.8/site-packages/airflow/example_dags/example_sla_dag.py took 0.031 seconds
[2024-03-15T08:20:31.941+0000] {processor.py:161} INFO - Started process (PID=1775) to work on /home/airflow/.local/lib/python3.8/site-packages/airflow/example_dags/example_sla_dag.py
[2024-03-15T08:20:31.941+0000] {processor.py:830} INFO - Processing file /home/airflow/.local/lib/python3.8/site-packages/airflow/example_dags/example_sla_dag.py for tasks to queue
[2024-03-15T08:20:31.942+0000] {logging_mixin.py:188} INFO - [2024-03-15T08:20:31.942+0000] {dagbag.py:540} INFO - Filling up the DagBag from /home/airflow/.local/lib/python3.8/site-packages/airflow/example_dags/example_sla_dag.py
[2024-03-15T08:20:31.946+0000] {processor.py:840} INFO - DAG(s) 'example_sla_dag' retrieved from /home/airflow/.local/lib/python3.8/site-packages/airflow/example_dags/example_sla_dag.py
[2024-03-15T08:20:31.954+0000] {logging_mixin.py:188} INFO - [2024-03-15T08:20:31.954+0000] {dag.py:3047} INFO - Sync 1 DAGs
[2024-03-15T08:20:31.964+0000] {logging_mixin.py:188} INFO - [2024-03-15T08:20:31.964+0000] {dag.py:3834} INFO - Setting next_dagrun for example_sla_dag to 2024-03-15 08:18:00+00:00, run_after=2024-03-15 08:20:00+00:00
[2024-03-15T08:20:31.971+0000] {processor.py:183} INFO - Processing /home/airflow/.local/lib/python3.8/site-packages/airflow/example_dags/example_sla_dag.py took 0.032 seconds
[2024-03-15T08:21:02.279+0000] {processor.py:161} INFO - Started process (PID=1830) to work on /home/airflow/.local/lib/python3.8/site-packages/airflow/example_dags/example_sla_dag.py
[2024-03-15T08:21:02.279+0000] {processor.py:830} INFO - Processing file /home/airflow/.local/lib/python3.8/site-packages/airflow/example_dags/example_sla_dag.py for tasks to queue
[2024-03-15T08:21:02.280+0000] {logging_mixin.py:188} INFO - [2024-03-15T08:21:02.280+0000] {dagbag.py:540} INFO - Filling up the DagBag from /home/airflow/.local/lib/python3.8/site-packages/airflow/example_dags/example_sla_dag.py
[2024-03-15T08:21:02.284+0000] {processor.py:840} INFO - DAG(s) 'example_sla_dag' retrieved from /home/airflow/.local/lib/python3.8/site-packages/airflow/example_dags/example_sla_dag.py
[2024-03-15T08:21:02.292+0000] {logging_mixin.py:188} INFO - [2024-03-15T08:21:02.292+0000] {dag.py:3047} INFO - Sync 1 DAGs
[2024-03-15T08:21:02.301+0000] {logging_mixin.py:188} INFO - [2024-03-15T08:21:02.301+0000] {dag.py:3834} INFO - Setting next_dagrun for example_sla_dag to 2024-03-15 08:18:00+00:00, run_after=2024-03-15 08:20:00+00:00
[2024-03-15T08:21:02.308+0000] {processor.py:183} INFO - Processing /home/airflow/.local/lib/python3.8/site-packages/airflow/example_dags/example_sla_dag.py took 0.030 seconds
[2024-03-15T08:21:32.561+0000] {processor.py:161} INFO - Started process (PID=1885) to work on /home/airflow/.local/lib/python3.8/site-packages/airflow/example_dags/example_sla_dag.py
[2024-03-15T08:21:32.561+0000] {processor.py:830} INFO - Processing file /home/airflow/.local/lib/python3.8/site-packages/airflow/example_dags/example_sla_dag.py for tasks to queue
[2024-03-15T08:21:32.562+0000] {logging_mixin.py:188} INFO - [2024-03-15T08:21:32.562+0000] {dagbag.py:540} INFO - Filling up the DagBag from /home/airflow/.local/lib/python3.8/site-packages/airflow/example_dags/example_sla_dag.py
[2024-03-15T08:21:32.566+0000] {processor.py:840} INFO - DAG(s) 'example_sla_dag' retrieved from /home/airflow/.local/lib/python3.8/site-packages/airflow/example_dags/example_sla_dag.py
[2024-03-15T08:21:32.573+0000] {logging_mixin.py:188} INFO - [2024-03-15T08:21:32.573+0000] {dag.py:3047} INFO - Sync 1 DAGs
[2024-03-15T08:21:32.582+0000] {logging_mixin.py:188} INFO - [2024-03-15T08:21:32.582+0000] {dag.py:3834} INFO - Setting next_dagrun for example_sla_dag to 2024-03-15 08:18:00+00:00, run_after=2024-03-15 08:20:00+00:00
[2024-03-15T08:21:32.589+0000] {processor.py:183} INFO - Processing /home/airflow/.local/lib/python3.8/site-packages/airflow/example_dags/example_sla_dag.py took 0.030 seconds
[2024-03-15T08:22:02.892+0000] {processor.py:161} INFO - Started process (PID=1939) to work on /home/airflow/.local/lib/python3.8/site-packages/airflow/example_dags/example_sla_dag.py
[2024-03-15T08:22:02.893+0000] {processor.py:830} INFO - Processing file /home/airflow/.local/lib/python3.8/site-packages/airflow/example_dags/example_sla_dag.py for tasks to queue
[2024-03-15T08:22:02.894+0000] {logging_mixin.py:188} INFO - [2024-03-15T08:22:02.894+0000] {dagbag.py:540} INFO - Filling up the DagBag from /home/airflow/.local/lib/python3.8/site-packages/airflow/example_dags/example_sla_dag.py
[2024-03-15T08:22:02.898+0000] {processor.py:840} INFO - DAG(s) 'example_sla_dag' retrieved from /home/airflow/.local/lib/python3.8/site-packages/airflow/example_dags/example_sla_dag.py
[2024-03-15T08:22:02.905+0000] {logging_mixin.py:188} INFO - [2024-03-15T08:22:02.905+0000] {dag.py:3047} INFO - Sync 1 DAGs
[2024-03-15T08:22:02.914+0000] {logging_mixin.py:188} INFO - [2024-03-15T08:22:02.914+0000] {dag.py:3834} INFO - Setting next_dagrun for example_sla_dag to 2024-03-15 08:20:00+00:00, run_after=2024-03-15 08:22:00+00:00
[2024-03-15T08:22:02.921+0000] {processor.py:183} INFO - Processing /home/airflow/.local/lib/python3.8/site-packages/airflow/example_dags/example_sla_dag.py took 0.030 seconds
[2024-03-15T08:22:33.221+0000] {processor.py:161} INFO - Started process (PID=1994) to work on /home/airflow/.local/lib/python3.8/site-packages/airflow/example_dags/example_sla_dag.py
[2024-03-15T08:22:33.221+0000] {processor.py:830} INFO - Processing file /home/airflow/.local/lib/python3.8/site-packages/airflow/example_dags/example_sla_dag.py for tasks to queue
[2024-03-15T08:22:33.222+0000] {logging_mixin.py:188} INFO - [2024-03-15T08:22:33.222+0000] {dagbag.py:540} INFO - Filling up the DagBag from /home/airflow/.local/lib/python3.8/site-packages/airflow/example_dags/example_sla_dag.py
[2024-03-15T08:22:33.226+0000] {processor.py:840} INFO - DAG(s) 'example_sla_dag' retrieved from /home/airflow/.local/lib/python3.8/site-packages/airflow/example_dags/example_sla_dag.py
[2024-03-15T08:22:33.235+0000] {logging_mixin.py:188} INFO - [2024-03-15T08:22:33.235+0000] {dag.py:3047} INFO - Sync 1 DAGs
[2024-03-15T08:22:33.245+0000] {logging_mixin.py:188} INFO - [2024-03-15T08:22:33.245+0000] {dag.py:3834} INFO - Setting next_dagrun for example_sla_dag to 2024-03-15 08:20:00+00:00, run_after=2024-03-15 08:22:00+00:00
[2024-03-15T08:22:33.253+0000] {processor.py:183} INFO - Processing /home/airflow/.local/lib/python3.8/site-packages/airflow/example_dags/example_sla_dag.py took 0.034 seconds
[2024-03-15T08:23:03.708+0000] {processor.py:161} INFO - Started process (PID=2049) to work on /home/airflow/.local/lib/python3.8/site-packages/airflow/example_dags/example_sla_dag.py
[2024-03-15T08:23:03.708+0000] {processor.py:830} INFO - Processing file /home/airflow/.local/lib/python3.8/site-packages/airflow/example_dags/example_sla_dag.py for tasks to queue
[2024-03-15T08:23:03.709+0000] {logging_mixin.py:188} INFO - [2024-03-15T08:23:03.709+0000] {dagbag.py:540} INFO - Filling up the DagBag from /home/airflow/.local/lib/python3.8/site-packages/airflow/example_dags/example_sla_dag.py
[2024-03-15T08:23:03.713+0000] {processor.py:840} INFO - DAG(s) 'example_sla_dag' retrieved from /home/airflow/.local/lib/python3.8/site-packages/airflow/example_dags/example_sla_dag.py
[2024-03-15T08:23:03.722+0000] {logging_mixin.py:188} INFO - [2024-03-15T08:23:03.722+0000] {dag.py:3047} INFO - Sync 1 DAGs
[2024-03-15T08:23:03.732+0000] {logging_mixin.py:188} INFO - [2024-03-15T08:23:03.732+0000] {dag.py:3834} INFO - Setting next_dagrun for example_sla_dag to 2024-03-15 08:20:00+00:00, run_after=2024-03-15 08:22:00+00:00
[2024-03-15T08:23:03.739+0000] {processor.py:183} INFO - Processing /home/airflow/.local/lib/python3.8/site-packages/airflow/example_dags/example_sla_dag.py took 0.033 seconds
[2024-03-15T08:23:34.283+0000] {processor.py:161} INFO - Started process (PID=2103) to work on /home/airflow/.local/lib/python3.8/site-packages/airflow/example_dags/example_sla_dag.py
[2024-03-15T08:23:34.283+0000] {processor.py:830} INFO - Processing file /home/airflow/.local/lib/python3.8/site-packages/airflow/example_dags/example_sla_dag.py for tasks to queue
[2024-03-15T08:23:34.284+0000] {logging_mixin.py:188} INFO - [2024-03-15T08:23:34.284+0000] {dagbag.py:540} INFO - Filling up the DagBag from /home/airflow/.local/lib/python3.8/site-packages/airflow/example_dags/example_sla_dag.py
[2024-03-15T08:23:34.287+0000] {processor.py:840} INFO - DAG(s) 'example_sla_dag' retrieved from /home/airflow/.local/lib/python3.8/site-packages/airflow/example_dags/example_sla_dag.py
[2024-03-15T08:23:34.295+0000] {logging_mixin.py:188} INFO - [2024-03-15T08:23:34.295+0000] {dag.py:3047} INFO - Sync 1 DAGs
[2024-03-15T08:23:34.304+0000] {logging_mixin.py:188} INFO - [2024-03-15T08:23:34.304+0000] {dag.py:3834} INFO - Setting next_dagrun for example_sla_dag to 2024-03-15 08:20:00+00:00, run_after=2024-03-15 08:22:00+00:00
[2024-03-15T08:23:34.311+0000] {processor.py:183} INFO - Processing /home/airflow/.local/lib/python3.8/site-packages/airflow/example_dags/example_sla_dag.py took 0.030 seconds
