[2024-03-15T08:04:48.979+0000] {processor.py:161} INFO - Started process (PID=58) to work on /home/airflow/.local/lib/python3.8/site-packages/airflow/example_dags/example_latest_only.py
[2024-03-15T08:04:48.980+0000] {processor.py:830} INFO - Processing file /home/airflow/.local/lib/python3.8/site-packages/airflow/example_dags/example_latest_only.py for tasks to queue
[2024-03-15T08:04:48.981+0000] {logging_mixin.py:188} INFO - [2024-03-15T08:04:48.980+0000] {dagbag.py:540} INFO - Filling up the DagBag from /home/airflow/.local/lib/python3.8/site-packages/airflow/example_dags/example_latest_only.py
[2024-03-15T08:04:48.984+0000] {processor.py:840} INFO - DAG(s) 'latest_only' retrieved from /home/airflow/.local/lib/python3.8/site-packages/airflow/example_dags/example_latest_only.py
[2024-03-15T08:04:48.991+0000] {logging_mixin.py:188} INFO - [2024-03-15T08:04:48.990+0000] {dag.py:3047} INFO - Sync 1 DAGs
[2024-03-15T08:04:49.003+0000] {logging_mixin.py:188} INFO - [2024-03-15T08:04:49.002+0000] {dag.py:3834} INFO - Setting next_dagrun for latest_only to 2024-03-15 04:00:00+00:00, run_after=2024-03-15 08:00:00+00:00
[2024-03-15T08:04:49.011+0000] {processor.py:183} INFO - Processing /home/airflow/.local/lib/python3.8/site-packages/airflow/example_dags/example_latest_only.py took 0.033 seconds
[2024-03-15T08:05:20.257+0000] {processor.py:161} INFO - Started process (PID=113) to work on /home/airflow/.local/lib/python3.8/site-packages/airflow/example_dags/example_latest_only.py
[2024-03-15T08:05:20.258+0000] {processor.py:830} INFO - Processing file /home/airflow/.local/lib/python3.8/site-packages/airflow/example_dags/example_latest_only.py for tasks to queue
[2024-03-15T08:05:20.259+0000] {logging_mixin.py:188} INFO - [2024-03-15T08:05:20.259+0000] {dagbag.py:540} INFO - Filling up the DagBag from /home/airflow/.local/lib/python3.8/site-packages/airflow/example_dags/example_latest_only.py
[2024-03-15T08:05:20.261+0000] {processor.py:840} INFO - DAG(s) 'latest_only' retrieved from /home/airflow/.local/lib/python3.8/site-packages/airflow/example_dags/example_latest_only.py
[2024-03-15T08:05:20.299+0000] {logging_mixin.py:188} INFO - [2024-03-15T08:05:20.299+0000] {dag.py:3047} INFO - Sync 1 DAGs
[2024-03-15T08:05:20.307+0000] {logging_mixin.py:188} INFO - [2024-03-15T08:05:20.307+0000] {dag.py:3834} INFO - Setting next_dagrun for latest_only to 2024-03-15 04:00:00+00:00, run_after=2024-03-15 08:00:00+00:00
[2024-03-15T08:05:20.313+0000] {processor.py:183} INFO - Processing /home/airflow/.local/lib/python3.8/site-packages/airflow/example_dags/example_latest_only.py took 0.057 seconds
[2024-03-15T08:05:51.089+0000] {processor.py:161} INFO - Started process (PID=168) to work on /home/airflow/.local/lib/python3.8/site-packages/airflow/example_dags/example_latest_only.py
[2024-03-15T08:05:51.090+0000] {processor.py:830} INFO - Processing file /home/airflow/.local/lib/python3.8/site-packages/airflow/example_dags/example_latest_only.py for tasks to queue
[2024-03-15T08:05:51.091+0000] {logging_mixin.py:188} INFO - [2024-03-15T08:05:51.091+0000] {dagbag.py:540} INFO - Filling up the DagBag from /home/airflow/.local/lib/python3.8/site-packages/airflow/example_dags/example_latest_only.py
[2024-03-15T08:05:51.093+0000] {processor.py:840} INFO - DAG(s) 'latest_only' retrieved from /home/airflow/.local/lib/python3.8/site-packages/airflow/example_dags/example_latest_only.py
[2024-03-15T08:05:51.102+0000] {logging_mixin.py:188} INFO - [2024-03-15T08:05:51.102+0000] {dag.py:3047} INFO - Sync 1 DAGs
[2024-03-15T08:05:51.111+0000] {logging_mixin.py:188} INFO - [2024-03-15T08:05:51.111+0000] {dag.py:3834} INFO - Setting next_dagrun for latest_only to 2024-03-15 04:00:00+00:00, run_after=2024-03-15 08:00:00+00:00
[2024-03-15T08:05:51.118+0000] {processor.py:183} INFO - Processing /home/airflow/.local/lib/python3.8/site-packages/airflow/example_dags/example_latest_only.py took 0.030 seconds
[2024-03-15T08:06:21.397+0000] {processor.py:161} INFO - Started process (PID=223) to work on /home/airflow/.local/lib/python3.8/site-packages/airflow/example_dags/example_latest_only.py
[2024-03-15T08:06:21.397+0000] {processor.py:830} INFO - Processing file /home/airflow/.local/lib/python3.8/site-packages/airflow/example_dags/example_latest_only.py for tasks to queue
[2024-03-15T08:06:21.398+0000] {logging_mixin.py:188} INFO - [2024-03-15T08:06:21.398+0000] {dagbag.py:540} INFO - Filling up the DagBag from /home/airflow/.local/lib/python3.8/site-packages/airflow/example_dags/example_latest_only.py
[2024-03-15T08:06:21.400+0000] {processor.py:840} INFO - DAG(s) 'latest_only' retrieved from /home/airflow/.local/lib/python3.8/site-packages/airflow/example_dags/example_latest_only.py
[2024-03-15T08:06:21.409+0000] {logging_mixin.py:188} INFO - [2024-03-15T08:06:21.409+0000] {dag.py:3047} INFO - Sync 1 DAGs
[2024-03-15T08:06:21.417+0000] {logging_mixin.py:188} INFO - [2024-03-15T08:06:21.417+0000] {dag.py:3834} INFO - Setting next_dagrun for latest_only to 2024-03-15 04:00:00+00:00, run_after=2024-03-15 08:00:00+00:00
[2024-03-15T08:06:21.424+0000] {processor.py:183} INFO - Processing /home/airflow/.local/lib/python3.8/site-packages/airflow/example_dags/example_latest_only.py took 0.029 seconds
[2024-03-15T08:06:51.697+0000] {processor.py:161} INFO - Started process (PID=278) to work on /home/airflow/.local/lib/python3.8/site-packages/airflow/example_dags/example_latest_only.py
[2024-03-15T08:06:51.697+0000] {processor.py:830} INFO - Processing file /home/airflow/.local/lib/python3.8/site-packages/airflow/example_dags/example_latest_only.py for tasks to queue
[2024-03-15T08:06:51.698+0000] {logging_mixin.py:188} INFO - [2024-03-15T08:06:51.698+0000] {dagbag.py:540} INFO - Filling up the DagBag from /home/airflow/.local/lib/python3.8/site-packages/airflow/example_dags/example_latest_only.py
[2024-03-15T08:06:51.700+0000] {processor.py:840} INFO - DAG(s) 'latest_only' retrieved from /home/airflow/.local/lib/python3.8/site-packages/airflow/example_dags/example_latest_only.py
[2024-03-15T08:06:51.709+0000] {logging_mixin.py:188} INFO - [2024-03-15T08:06:51.708+0000] {dag.py:3047} INFO - Sync 1 DAGs
[2024-03-15T08:06:51.717+0000] {logging_mixin.py:188} INFO - [2024-03-15T08:06:51.717+0000] {dag.py:3834} INFO - Setting next_dagrun for latest_only to 2024-03-15 04:00:00+00:00, run_after=2024-03-15 08:00:00+00:00
[2024-03-15T08:06:51.724+0000] {processor.py:183} INFO - Processing /home/airflow/.local/lib/python3.8/site-packages/airflow/example_dags/example_latest_only.py took 0.029 seconds
[2024-03-15T08:07:22.006+0000] {processor.py:161} INFO - Started process (PID=333) to work on /home/airflow/.local/lib/python3.8/site-packages/airflow/example_dags/example_latest_only.py
[2024-03-15T08:07:22.007+0000] {processor.py:830} INFO - Processing file /home/airflow/.local/lib/python3.8/site-packages/airflow/example_dags/example_latest_only.py for tasks to queue
[2024-03-15T08:07:22.007+0000] {logging_mixin.py:188} INFO - [2024-03-15T08:07:22.007+0000] {dagbag.py:540} INFO - Filling up the DagBag from /home/airflow/.local/lib/python3.8/site-packages/airflow/example_dags/example_latest_only.py
[2024-03-15T08:07:22.009+0000] {processor.py:840} INFO - DAG(s) 'latest_only' retrieved from /home/airflow/.local/lib/python3.8/site-packages/airflow/example_dags/example_latest_only.py
[2024-03-15T08:07:22.018+0000] {logging_mixin.py:188} INFO - [2024-03-15T08:07:22.017+0000] {dag.py:3047} INFO - Sync 1 DAGs
[2024-03-15T08:07:22.026+0000] {logging_mixin.py:188} INFO - [2024-03-15T08:07:22.026+0000] {dag.py:3834} INFO - Setting next_dagrun for latest_only to 2024-03-15 04:00:00+00:00, run_after=2024-03-15 08:00:00+00:00
[2024-03-15T08:07:22.032+0000] {processor.py:183} INFO - Processing /home/airflow/.local/lib/python3.8/site-packages/airflow/example_dags/example_latest_only.py took 0.027 seconds
[2024-03-15T08:07:52.272+0000] {processor.py:161} INFO - Started process (PID=388) to work on /home/airflow/.local/lib/python3.8/site-packages/airflow/example_dags/example_latest_only.py
[2024-03-15T08:07:52.272+0000] {processor.py:830} INFO - Processing file /home/airflow/.local/lib/python3.8/site-packages/airflow/example_dags/example_latest_only.py for tasks to queue
[2024-03-15T08:07:52.273+0000] {logging_mixin.py:188} INFO - [2024-03-15T08:07:52.273+0000] {dagbag.py:540} INFO - Filling up the DagBag from /home/airflow/.local/lib/python3.8/site-packages/airflow/example_dags/example_latest_only.py
[2024-03-15T08:07:52.275+0000] {processor.py:840} INFO - DAG(s) 'latest_only' retrieved from /home/airflow/.local/lib/python3.8/site-packages/airflow/example_dags/example_latest_only.py
[2024-03-15T08:07:52.283+0000] {logging_mixin.py:188} INFO - [2024-03-15T08:07:52.283+0000] {dag.py:3047} INFO - Sync 1 DAGs
[2024-03-15T08:07:52.292+0000] {logging_mixin.py:188} INFO - [2024-03-15T08:07:52.292+0000] {dag.py:3834} INFO - Setting next_dagrun for latest_only to 2024-03-15 04:00:00+00:00, run_after=2024-03-15 08:00:00+00:00
[2024-03-15T08:07:52.299+0000] {processor.py:183} INFO - Processing /home/airflow/.local/lib/python3.8/site-packages/airflow/example_dags/example_latest_only.py took 0.029 seconds
[2024-03-15T08:08:22.702+0000] {processor.py:161} INFO - Started process (PID=442) to work on /home/airflow/.local/lib/python3.8/site-packages/airflow/example_dags/example_latest_only.py
[2024-03-15T08:08:22.702+0000] {processor.py:830} INFO - Processing file /home/airflow/.local/lib/python3.8/site-packages/airflow/example_dags/example_latest_only.py for tasks to queue
[2024-03-15T08:08:22.703+0000] {logging_mixin.py:188} INFO - [2024-03-15T08:08:22.703+0000] {dagbag.py:540} INFO - Filling up the DagBag from /home/airflow/.local/lib/python3.8/site-packages/airflow/example_dags/example_latest_only.py
[2024-03-15T08:08:22.705+0000] {processor.py:840} INFO - DAG(s) 'latest_only' retrieved from /home/airflow/.local/lib/python3.8/site-packages/airflow/example_dags/example_latest_only.py
[2024-03-15T08:08:22.714+0000] {logging_mixin.py:188} INFO - [2024-03-15T08:08:22.714+0000] {dag.py:3047} INFO - Sync 1 DAGs
[2024-03-15T08:08:22.723+0000] {logging_mixin.py:188} INFO - [2024-03-15T08:08:22.723+0000] {dag.py:3834} INFO - Setting next_dagrun for latest_only to 2024-03-15 04:00:00+00:00, run_after=2024-03-15 08:00:00+00:00
[2024-03-15T08:08:22.729+0000] {processor.py:183} INFO - Processing /home/airflow/.local/lib/python3.8/site-packages/airflow/example_dags/example_latest_only.py took 0.029 seconds
[2024-03-15T08:08:53.009+0000] {processor.py:161} INFO - Started process (PID=497) to work on /home/airflow/.local/lib/python3.8/site-packages/airflow/example_dags/example_latest_only.py
[2024-03-15T08:08:53.010+0000] {processor.py:830} INFO - Processing file /home/airflow/.local/lib/python3.8/site-packages/airflow/example_dags/example_latest_only.py for tasks to queue
[2024-03-15T08:08:53.010+0000] {logging_mixin.py:188} INFO - [2024-03-15T08:08:53.010+0000] {dagbag.py:540} INFO - Filling up the DagBag from /home/airflow/.local/lib/python3.8/site-packages/airflow/example_dags/example_latest_only.py
[2024-03-15T08:08:53.012+0000] {processor.py:840} INFO - DAG(s) 'latest_only' retrieved from /home/airflow/.local/lib/python3.8/site-packages/airflow/example_dags/example_latest_only.py
[2024-03-15T08:08:53.021+0000] {logging_mixin.py:188} INFO - [2024-03-15T08:08:53.021+0000] {dag.py:3047} INFO - Sync 1 DAGs
[2024-03-15T08:08:53.029+0000] {logging_mixin.py:188} INFO - [2024-03-15T08:08:53.029+0000] {dag.py:3834} INFO - Setting next_dagrun for latest_only to 2024-03-15 04:00:00+00:00, run_after=2024-03-15 08:00:00+00:00
[2024-03-15T08:08:53.036+0000] {processor.py:183} INFO - Processing /home/airflow/.local/lib/python3.8/site-packages/airflow/example_dags/example_latest_only.py took 0.028 seconds
[2024-03-15T08:09:23.339+0000] {processor.py:161} INFO - Started process (PID=552) to work on /home/airflow/.local/lib/python3.8/site-packages/airflow/example_dags/example_latest_only.py
[2024-03-15T08:09:23.340+0000] {processor.py:830} INFO - Processing file /home/airflow/.local/lib/python3.8/site-packages/airflow/example_dags/example_latest_only.py for tasks to queue
[2024-03-15T08:09:23.340+0000] {logging_mixin.py:188} INFO - [2024-03-15T08:09:23.340+0000] {dagbag.py:540} INFO - Filling up the DagBag from /home/airflow/.local/lib/python3.8/site-packages/airflow/example_dags/example_latest_only.py
[2024-03-15T08:09:23.342+0000] {processor.py:840} INFO - DAG(s) 'latest_only' retrieved from /home/airflow/.local/lib/python3.8/site-packages/airflow/example_dags/example_latest_only.py
[2024-03-15T08:09:23.351+0000] {logging_mixin.py:188} INFO - [2024-03-15T08:09:23.351+0000] {dag.py:3047} INFO - Sync 1 DAGs
[2024-03-15T08:09:23.359+0000] {logging_mixin.py:188} INFO - [2024-03-15T08:09:23.359+0000] {dag.py:3834} INFO - Setting next_dagrun for latest_only to 2024-03-15 04:00:00+00:00, run_after=2024-03-15 08:00:00+00:00
[2024-03-15T08:09:23.366+0000] {processor.py:183} INFO - Processing /home/airflow/.local/lib/python3.8/site-packages/airflow/example_dags/example_latest_only.py took 0.029 seconds
[2024-03-15T08:09:53.858+0000] {processor.py:161} INFO - Started process (PID=607) to work on /home/airflow/.local/lib/python3.8/site-packages/airflow/example_dags/example_latest_only.py
[2024-03-15T08:09:53.859+0000] {processor.py:830} INFO - Processing file /home/airflow/.local/lib/python3.8/site-packages/airflow/example_dags/example_latest_only.py for tasks to queue
[2024-03-15T08:09:53.860+0000] {logging_mixin.py:188} INFO - [2024-03-15T08:09:53.860+0000] {dagbag.py:540} INFO - Filling up the DagBag from /home/airflow/.local/lib/python3.8/site-packages/airflow/example_dags/example_latest_only.py
[2024-03-15T08:09:53.862+0000] {processor.py:840} INFO - DAG(s) 'latest_only' retrieved from /home/airflow/.local/lib/python3.8/site-packages/airflow/example_dags/example_latest_only.py
[2024-03-15T08:09:53.871+0000] {logging_mixin.py:188} INFO - [2024-03-15T08:09:53.871+0000] {dag.py:3047} INFO - Sync 1 DAGs
[2024-03-15T08:09:53.879+0000] {logging_mixin.py:188} INFO - [2024-03-15T08:09:53.879+0000] {dag.py:3834} INFO - Setting next_dagrun for latest_only to 2024-03-15 04:00:00+00:00, run_after=2024-03-15 08:00:00+00:00
[2024-03-15T08:09:53.887+0000] {processor.py:183} INFO - Processing /home/airflow/.local/lib/python3.8/site-packages/airflow/example_dags/example_latest_only.py took 0.030 seconds
[2024-03-15T08:10:24.242+0000] {processor.py:161} INFO - Started process (PID=662) to work on /home/airflow/.local/lib/python3.8/site-packages/airflow/example_dags/example_latest_only.py
[2024-03-15T08:10:24.242+0000] {processor.py:830} INFO - Processing file /home/airflow/.local/lib/python3.8/site-packages/airflow/example_dags/example_latest_only.py for tasks to queue
[2024-03-15T08:10:24.243+0000] {logging_mixin.py:188} INFO - [2024-03-15T08:10:24.243+0000] {dagbag.py:540} INFO - Filling up the DagBag from /home/airflow/.local/lib/python3.8/site-packages/airflow/example_dags/example_latest_only.py
[2024-03-15T08:10:24.245+0000] {processor.py:840} INFO - DAG(s) 'latest_only' retrieved from /home/airflow/.local/lib/python3.8/site-packages/airflow/example_dags/example_latest_only.py
[2024-03-15T08:10:24.253+0000] {logging_mixin.py:188} INFO - [2024-03-15T08:10:24.252+0000] {dag.py:3047} INFO - Sync 1 DAGs
[2024-03-15T08:10:24.261+0000] {logging_mixin.py:188} INFO - [2024-03-15T08:10:24.261+0000] {dag.py:3834} INFO - Setting next_dagrun for latest_only to 2024-03-15 04:00:00+00:00, run_after=2024-03-15 08:00:00+00:00
[2024-03-15T08:10:24.267+0000] {processor.py:183} INFO - Processing /home/airflow/.local/lib/python3.8/site-packages/airflow/example_dags/example_latest_only.py took 0.027 seconds
[2024-03-15T08:10:54.579+0000] {processor.py:161} INFO - Started process (PID=717) to work on /home/airflow/.local/lib/python3.8/site-packages/airflow/example_dags/example_latest_only.py
[2024-03-15T08:10:54.579+0000] {processor.py:830} INFO - Processing file /home/airflow/.local/lib/python3.8/site-packages/airflow/example_dags/example_latest_only.py for tasks to queue
[2024-03-15T08:10:54.580+0000] {logging_mixin.py:188} INFO - [2024-03-15T08:10:54.580+0000] {dagbag.py:540} INFO - Filling up the DagBag from /home/airflow/.local/lib/python3.8/site-packages/airflow/example_dags/example_latest_only.py
[2024-03-15T08:10:54.582+0000] {processor.py:840} INFO - DAG(s) 'latest_only' retrieved from /home/airflow/.local/lib/python3.8/site-packages/airflow/example_dags/example_latest_only.py
[2024-03-15T08:10:54.591+0000] {logging_mixin.py:188} INFO - [2024-03-15T08:10:54.590+0000] {dag.py:3047} INFO - Sync 1 DAGs
[2024-03-15T08:10:54.599+0000] {logging_mixin.py:188} INFO - [2024-03-15T08:10:54.599+0000] {dag.py:3834} INFO - Setting next_dagrun for latest_only to 2024-03-15 04:00:00+00:00, run_after=2024-03-15 08:00:00+00:00
[2024-03-15T08:10:54.606+0000] {processor.py:183} INFO - Processing /home/airflow/.local/lib/python3.8/site-packages/airflow/example_dags/example_latest_only.py took 0.029 seconds
[2024-03-15T08:11:25.045+0000] {processor.py:161} INFO - Started process (PID=772) to work on /home/airflow/.local/lib/python3.8/site-packages/airflow/example_dags/example_latest_only.py
[2024-03-15T08:11:25.045+0000] {processor.py:830} INFO - Processing file /home/airflow/.local/lib/python3.8/site-packages/airflow/example_dags/example_latest_only.py for tasks to queue
[2024-03-15T08:11:25.046+0000] {logging_mixin.py:188} INFO - [2024-03-15T08:11:25.046+0000] {dagbag.py:540} INFO - Filling up the DagBag from /home/airflow/.local/lib/python3.8/site-packages/airflow/example_dags/example_latest_only.py
[2024-03-15T08:11:25.048+0000] {processor.py:840} INFO - DAG(s) 'latest_only' retrieved from /home/airflow/.local/lib/python3.8/site-packages/airflow/example_dags/example_latest_only.py
[2024-03-15T08:11:25.057+0000] {logging_mixin.py:188} INFO - [2024-03-15T08:11:25.057+0000] {dag.py:3047} INFO - Sync 1 DAGs
[2024-03-15T08:11:25.066+0000] {logging_mixin.py:188} INFO - [2024-03-15T08:11:25.066+0000] {dag.py:3834} INFO - Setting next_dagrun for latest_only to 2024-03-15 04:00:00+00:00, run_after=2024-03-15 08:00:00+00:00
[2024-03-15T08:11:25.073+0000] {processor.py:183} INFO - Processing /home/airflow/.local/lib/python3.8/site-packages/airflow/example_dags/example_latest_only.py took 0.030 seconds
[2024-03-15T08:11:55.532+0000] {processor.py:161} INFO - Started process (PID=827) to work on /home/airflow/.local/lib/python3.8/site-packages/airflow/example_dags/example_latest_only.py
[2024-03-15T08:11:55.532+0000] {processor.py:830} INFO - Processing file /home/airflow/.local/lib/python3.8/site-packages/airflow/example_dags/example_latest_only.py for tasks to queue
[2024-03-15T08:11:55.533+0000] {logging_mixin.py:188} INFO - [2024-03-15T08:11:55.533+0000] {dagbag.py:540} INFO - Filling up the DagBag from /home/airflow/.local/lib/python3.8/site-packages/airflow/example_dags/example_latest_only.py
[2024-03-15T08:11:55.535+0000] {processor.py:840} INFO - DAG(s) 'latest_only' retrieved from /home/airflow/.local/lib/python3.8/site-packages/airflow/example_dags/example_latest_only.py
[2024-03-15T08:11:55.545+0000] {logging_mixin.py:188} INFO - [2024-03-15T08:11:55.545+0000] {dag.py:3047} INFO - Sync 1 DAGs
[2024-03-15T08:11:55.554+0000] {logging_mixin.py:188} INFO - [2024-03-15T08:11:55.554+0000] {dag.py:3834} INFO - Setting next_dagrun for latest_only to 2024-03-15 04:00:00+00:00, run_after=2024-03-15 08:00:00+00:00
[2024-03-15T08:11:55.561+0000] {processor.py:183} INFO - Processing /home/airflow/.local/lib/python3.8/site-packages/airflow/example_dags/example_latest_only.py took 0.030 seconds
[2024-03-15T08:12:26.104+0000] {processor.py:161} INFO - Started process (PID=882) to work on /home/airflow/.local/lib/python3.8/site-packages/airflow/example_dags/example_latest_only.py
[2024-03-15T08:12:26.105+0000] {processor.py:830} INFO - Processing file /home/airflow/.local/lib/python3.8/site-packages/airflow/example_dags/example_latest_only.py for tasks to queue
[2024-03-15T08:12:26.106+0000] {logging_mixin.py:188} INFO - [2024-03-15T08:12:26.105+0000] {dagbag.py:540} INFO - Filling up the DagBag from /home/airflow/.local/lib/python3.8/site-packages/airflow/example_dags/example_latest_only.py
[2024-03-15T08:12:26.108+0000] {processor.py:840} INFO - DAG(s) 'latest_only' retrieved from /home/airflow/.local/lib/python3.8/site-packages/airflow/example_dags/example_latest_only.py
[2024-03-15T08:12:26.117+0000] {logging_mixin.py:188} INFO - [2024-03-15T08:12:26.117+0000] {dag.py:3047} INFO - Sync 1 DAGs
[2024-03-15T08:12:26.126+0000] {logging_mixin.py:188} INFO - [2024-03-15T08:12:26.126+0000] {dag.py:3834} INFO - Setting next_dagrun for latest_only to 2024-03-15 04:00:00+00:00, run_after=2024-03-15 08:00:00+00:00
[2024-03-15T08:12:26.134+0000] {processor.py:183} INFO - Processing /home/airflow/.local/lib/python3.8/site-packages/airflow/example_dags/example_latest_only.py took 0.031 seconds
[2024-03-15T08:12:56.474+0000] {processor.py:161} INFO - Started process (PID=937) to work on /home/airflow/.local/lib/python3.8/site-packages/airflow/example_dags/example_latest_only.py
[2024-03-15T08:12:56.474+0000] {processor.py:830} INFO - Processing file /home/airflow/.local/lib/python3.8/site-packages/airflow/example_dags/example_latest_only.py for tasks to queue
[2024-03-15T08:12:56.475+0000] {logging_mixin.py:188} INFO - [2024-03-15T08:12:56.475+0000] {dagbag.py:540} INFO - Filling up the DagBag from /home/airflow/.local/lib/python3.8/site-packages/airflow/example_dags/example_latest_only.py
[2024-03-15T08:12:56.477+0000] {processor.py:840} INFO - DAG(s) 'latest_only' retrieved from /home/airflow/.local/lib/python3.8/site-packages/airflow/example_dags/example_latest_only.py
[2024-03-15T08:12:56.486+0000] {logging_mixin.py:188} INFO - [2024-03-15T08:12:56.485+0000] {dag.py:3047} INFO - Sync 1 DAGs
[2024-03-15T08:12:56.494+0000] {logging_mixin.py:188} INFO - [2024-03-15T08:12:56.494+0000] {dag.py:3834} INFO - Setting next_dagrun for latest_only to 2024-03-15 04:00:00+00:00, run_after=2024-03-15 08:00:00+00:00
[2024-03-15T08:12:56.500+0000] {processor.py:183} INFO - Processing /home/airflow/.local/lib/python3.8/site-packages/airflow/example_dags/example_latest_only.py took 0.028 seconds
[2024-03-15T08:13:26.729+0000] {processor.py:161} INFO - Started process (PID=992) to work on /home/airflow/.local/lib/python3.8/site-packages/airflow/example_dags/example_latest_only.py
[2024-03-15T08:13:26.730+0000] {processor.py:830} INFO - Processing file /home/airflow/.local/lib/python3.8/site-packages/airflow/example_dags/example_latest_only.py for tasks to queue
[2024-03-15T08:13:26.731+0000] {logging_mixin.py:188} INFO - [2024-03-15T08:13:26.731+0000] {dagbag.py:540} INFO - Filling up the DagBag from /home/airflow/.local/lib/python3.8/site-packages/airflow/example_dags/example_latest_only.py
[2024-03-15T08:13:26.733+0000] {processor.py:840} INFO - DAG(s) 'latest_only' retrieved from /home/airflow/.local/lib/python3.8/site-packages/airflow/example_dags/example_latest_only.py
[2024-03-15T08:13:26.741+0000] {logging_mixin.py:188} INFO - [2024-03-15T08:13:26.741+0000] {dag.py:3047} INFO - Sync 1 DAGs
[2024-03-15T08:13:26.750+0000] {logging_mixin.py:188} INFO - [2024-03-15T08:13:26.750+0000] {dag.py:3834} INFO - Setting next_dagrun for latest_only to 2024-03-15 04:00:00+00:00, run_after=2024-03-15 08:00:00+00:00
[2024-03-15T08:13:26.757+0000] {processor.py:183} INFO - Processing /home/airflow/.local/lib/python3.8/site-packages/airflow/example_dags/example_latest_only.py took 0.029 seconds
[2024-03-15T08:13:57.056+0000] {processor.py:161} INFO - Started process (PID=1047) to work on /home/airflow/.local/lib/python3.8/site-packages/airflow/example_dags/example_latest_only.py
[2024-03-15T08:13:57.057+0000] {processor.py:830} INFO - Processing file /home/airflow/.local/lib/python3.8/site-packages/airflow/example_dags/example_latest_only.py for tasks to queue
[2024-03-15T08:13:57.058+0000] {logging_mixin.py:188} INFO - [2024-03-15T08:13:57.057+0000] {dagbag.py:540} INFO - Filling up the DagBag from /home/airflow/.local/lib/python3.8/site-packages/airflow/example_dags/example_latest_only.py
[2024-03-15T08:13:57.059+0000] {processor.py:840} INFO - DAG(s) 'latest_only' retrieved from /home/airflow/.local/lib/python3.8/site-packages/airflow/example_dags/example_latest_only.py
[2024-03-15T08:13:57.067+0000] {logging_mixin.py:188} INFO - [2024-03-15T08:13:57.067+0000] {dag.py:3047} INFO - Sync 1 DAGs
[2024-03-15T08:13:57.076+0000] {logging_mixin.py:188} INFO - [2024-03-15T08:13:57.076+0000] {dag.py:3834} INFO - Setting next_dagrun for latest_only to 2024-03-15 04:00:00+00:00, run_after=2024-03-15 08:00:00+00:00
[2024-03-15T08:13:57.082+0000] {processor.py:183} INFO - Processing /home/airflow/.local/lib/python3.8/site-packages/airflow/example_dags/example_latest_only.py took 0.027 seconds
[2024-03-15T08:14:27.412+0000] {processor.py:161} INFO - Started process (PID=1102) to work on /home/airflow/.local/lib/python3.8/site-packages/airflow/example_dags/example_latest_only.py
[2024-03-15T08:14:27.412+0000] {processor.py:830} INFO - Processing file /home/airflow/.local/lib/python3.8/site-packages/airflow/example_dags/example_latest_only.py for tasks to queue
[2024-03-15T08:14:27.413+0000] {logging_mixin.py:188} INFO - [2024-03-15T08:14:27.413+0000] {dagbag.py:540} INFO - Filling up the DagBag from /home/airflow/.local/lib/python3.8/site-packages/airflow/example_dags/example_latest_only.py
[2024-03-15T08:14:27.415+0000] {processor.py:840} INFO - DAG(s) 'latest_only' retrieved from /home/airflow/.local/lib/python3.8/site-packages/airflow/example_dags/example_latest_only.py
[2024-03-15T08:14:27.424+0000] {logging_mixin.py:188} INFO - [2024-03-15T08:14:27.423+0000] {dag.py:3047} INFO - Sync 1 DAGs
[2024-03-15T08:14:27.432+0000] {logging_mixin.py:188} INFO - [2024-03-15T08:14:27.432+0000] {dag.py:3834} INFO - Setting next_dagrun for latest_only to 2024-03-15 04:00:00+00:00, run_after=2024-03-15 08:00:00+00:00
[2024-03-15T08:14:27.438+0000] {processor.py:183} INFO - Processing /home/airflow/.local/lib/python3.8/site-packages/airflow/example_dags/example_latest_only.py took 0.027 seconds
[2024-03-15T08:14:57.757+0000] {processor.py:161} INFO - Started process (PID=1157) to work on /home/airflow/.local/lib/python3.8/site-packages/airflow/example_dags/example_latest_only.py
[2024-03-15T08:14:57.758+0000] {processor.py:830} INFO - Processing file /home/airflow/.local/lib/python3.8/site-packages/airflow/example_dags/example_latest_only.py for tasks to queue
[2024-03-15T08:14:57.758+0000] {logging_mixin.py:188} INFO - [2024-03-15T08:14:57.758+0000] {dagbag.py:540} INFO - Filling up the DagBag from /home/airflow/.local/lib/python3.8/site-packages/airflow/example_dags/example_latest_only.py
[2024-03-15T08:14:57.761+0000] {processor.py:840} INFO - DAG(s) 'latest_only' retrieved from /home/airflow/.local/lib/python3.8/site-packages/airflow/example_dags/example_latest_only.py
[2024-03-15T08:14:57.769+0000] {logging_mixin.py:188} INFO - [2024-03-15T08:14:57.769+0000] {dag.py:3047} INFO - Sync 1 DAGs
[2024-03-15T08:14:57.777+0000] {logging_mixin.py:188} INFO - [2024-03-15T08:14:57.777+0000] {dag.py:3834} INFO - Setting next_dagrun for latest_only to 2024-03-15 04:00:00+00:00, run_after=2024-03-15 08:00:00+00:00
[2024-03-15T08:14:57.784+0000] {processor.py:183} INFO - Processing /home/airflow/.local/lib/python3.8/site-packages/airflow/example_dags/example_latest_only.py took 0.028 seconds
[2024-03-15T08:15:28.126+0000] {processor.py:161} INFO - Started process (PID=1212) to work on /home/airflow/.local/lib/python3.8/site-packages/airflow/example_dags/example_latest_only.py
[2024-03-15T08:15:28.126+0000] {processor.py:830} INFO - Processing file /home/airflow/.local/lib/python3.8/site-packages/airflow/example_dags/example_latest_only.py for tasks to queue
[2024-03-15T08:15:28.127+0000] {logging_mixin.py:188} INFO - [2024-03-15T08:15:28.127+0000] {dagbag.py:540} INFO - Filling up the DagBag from /home/airflow/.local/lib/python3.8/site-packages/airflow/example_dags/example_latest_only.py
[2024-03-15T08:15:28.130+0000] {processor.py:840} INFO - DAG(s) 'latest_only' retrieved from /home/airflow/.local/lib/python3.8/site-packages/airflow/example_dags/example_latest_only.py
[2024-03-15T08:15:28.141+0000] {logging_mixin.py:188} INFO - [2024-03-15T08:15:28.140+0000] {dag.py:3047} INFO - Sync 1 DAGs
[2024-03-15T08:15:28.150+0000] {logging_mixin.py:188} INFO - [2024-03-15T08:15:28.150+0000] {dag.py:3834} INFO - Setting next_dagrun for latest_only to 2024-03-15 04:00:00+00:00, run_after=2024-03-15 08:00:00+00:00
[2024-03-15T08:15:28.158+0000] {processor.py:183} INFO - Processing /home/airflow/.local/lib/python3.8/site-packages/airflow/example_dags/example_latest_only.py took 0.033 seconds
[2024-03-15T08:15:58.527+0000] {processor.py:161} INFO - Started process (PID=1267) to work on /home/airflow/.local/lib/python3.8/site-packages/airflow/example_dags/example_latest_only.py
[2024-03-15T08:15:58.527+0000] {processor.py:830} INFO - Processing file /home/airflow/.local/lib/python3.8/site-packages/airflow/example_dags/example_latest_only.py for tasks to queue
[2024-03-15T08:15:58.528+0000] {logging_mixin.py:188} INFO - [2024-03-15T08:15:58.528+0000] {dagbag.py:540} INFO - Filling up the DagBag from /home/airflow/.local/lib/python3.8/site-packages/airflow/example_dags/example_latest_only.py
[2024-03-15T08:15:58.530+0000] {processor.py:840} INFO - DAG(s) 'latest_only' retrieved from /home/airflow/.local/lib/python3.8/site-packages/airflow/example_dags/example_latest_only.py
[2024-03-15T08:15:58.539+0000] {logging_mixin.py:188} INFO - [2024-03-15T08:15:58.539+0000] {dag.py:3047} INFO - Sync 1 DAGs
[2024-03-15T08:15:58.548+0000] {logging_mixin.py:188} INFO - [2024-03-15T08:15:58.548+0000] {dag.py:3834} INFO - Setting next_dagrun for latest_only to 2024-03-15 04:00:00+00:00, run_after=2024-03-15 08:00:00+00:00
[2024-03-15T08:15:58.555+0000] {processor.py:183} INFO - Processing /home/airflow/.local/lib/python3.8/site-packages/airflow/example_dags/example_latest_only.py took 0.029 seconds
[2024-03-15T08:16:28.869+0000] {processor.py:161} INFO - Started process (PID=1322) to work on /home/airflow/.local/lib/python3.8/site-packages/airflow/example_dags/example_latest_only.py
[2024-03-15T08:16:28.869+0000] {processor.py:830} INFO - Processing file /home/airflow/.local/lib/python3.8/site-packages/airflow/example_dags/example_latest_only.py for tasks to queue
[2024-03-15T08:16:28.870+0000] {logging_mixin.py:188} INFO - [2024-03-15T08:16:28.870+0000] {dagbag.py:540} INFO - Filling up the DagBag from /home/airflow/.local/lib/python3.8/site-packages/airflow/example_dags/example_latest_only.py
[2024-03-15T08:16:28.872+0000] {processor.py:840} INFO - DAG(s) 'latest_only' retrieved from /home/airflow/.local/lib/python3.8/site-packages/airflow/example_dags/example_latest_only.py
[2024-03-15T08:16:28.881+0000] {logging_mixin.py:188} INFO - [2024-03-15T08:16:28.881+0000] {dag.py:3047} INFO - Sync 1 DAGs
[2024-03-15T08:16:28.890+0000] {logging_mixin.py:188} INFO - [2024-03-15T08:16:28.890+0000] {dag.py:3834} INFO - Setting next_dagrun for latest_only to 2024-03-15 04:00:00+00:00, run_after=2024-03-15 08:00:00+00:00
[2024-03-15T08:16:28.896+0000] {processor.py:183} INFO - Processing /home/airflow/.local/lib/python3.8/site-packages/airflow/example_dags/example_latest_only.py took 0.029 seconds
[2024-03-15T08:16:59.173+0000] {processor.py:161} INFO - Started process (PID=1377) to work on /home/airflow/.local/lib/python3.8/site-packages/airflow/example_dags/example_latest_only.py
[2024-03-15T08:16:59.173+0000] {processor.py:830} INFO - Processing file /home/airflow/.local/lib/python3.8/site-packages/airflow/example_dags/example_latest_only.py for tasks to queue
[2024-03-15T08:16:59.174+0000] {logging_mixin.py:188} INFO - [2024-03-15T08:16:59.174+0000] {dagbag.py:540} INFO - Filling up the DagBag from /home/airflow/.local/lib/python3.8/site-packages/airflow/example_dags/example_latest_only.py
[2024-03-15T08:16:59.177+0000] {processor.py:840} INFO - DAG(s) 'latest_only' retrieved from /home/airflow/.local/lib/python3.8/site-packages/airflow/example_dags/example_latest_only.py
[2024-03-15T08:16:59.187+0000] {logging_mixin.py:188} INFO - [2024-03-15T08:16:59.187+0000] {dag.py:3047} INFO - Sync 1 DAGs
[2024-03-15T08:16:59.199+0000] {logging_mixin.py:188} INFO - [2024-03-15T08:16:59.199+0000] {dag.py:3834} INFO - Setting next_dagrun for latest_only to 2024-03-15 04:00:00+00:00, run_after=2024-03-15 08:00:00+00:00
[2024-03-15T08:16:59.207+0000] {processor.py:183} INFO - Processing /home/airflow/.local/lib/python3.8/site-packages/airflow/example_dags/example_latest_only.py took 0.036 seconds
[2024-03-15T08:17:29.559+0000] {processor.py:161} INFO - Started process (PID=1432) to work on /home/airflow/.local/lib/python3.8/site-packages/airflow/example_dags/example_latest_only.py
[2024-03-15T08:17:29.560+0000] {processor.py:830} INFO - Processing file /home/airflow/.local/lib/python3.8/site-packages/airflow/example_dags/example_latest_only.py for tasks to queue
[2024-03-15T08:17:29.561+0000] {logging_mixin.py:188} INFO - [2024-03-15T08:17:29.560+0000] {dagbag.py:540} INFO - Filling up the DagBag from /home/airflow/.local/lib/python3.8/site-packages/airflow/example_dags/example_latest_only.py
[2024-03-15T08:17:29.563+0000] {processor.py:840} INFO - DAG(s) 'latest_only' retrieved from /home/airflow/.local/lib/python3.8/site-packages/airflow/example_dags/example_latest_only.py
[2024-03-15T08:17:29.572+0000] {logging_mixin.py:188} INFO - [2024-03-15T08:17:29.571+0000] {dag.py:3047} INFO - Sync 1 DAGs
[2024-03-15T08:17:29.580+0000] {logging_mixin.py:188} INFO - [2024-03-15T08:17:29.580+0000] {dag.py:3834} INFO - Setting next_dagrun for latest_only to 2024-03-15 04:00:00+00:00, run_after=2024-03-15 08:00:00+00:00
[2024-03-15T08:17:29.587+0000] {processor.py:183} INFO - Processing /home/airflow/.local/lib/python3.8/site-packages/airflow/example_dags/example_latest_only.py took 0.030 seconds
[2024-03-15T08:17:59.911+0000] {processor.py:161} INFO - Started process (PID=1487) to work on /home/airflow/.local/lib/python3.8/site-packages/airflow/example_dags/example_latest_only.py
[2024-03-15T08:17:59.911+0000] {processor.py:830} INFO - Processing file /home/airflow/.local/lib/python3.8/site-packages/airflow/example_dags/example_latest_only.py for tasks to queue
[2024-03-15T08:17:59.912+0000] {logging_mixin.py:188} INFO - [2024-03-15T08:17:59.912+0000] {dagbag.py:540} INFO - Filling up the DagBag from /home/airflow/.local/lib/python3.8/site-packages/airflow/example_dags/example_latest_only.py
[2024-03-15T08:17:59.914+0000] {processor.py:840} INFO - DAG(s) 'latest_only' retrieved from /home/airflow/.local/lib/python3.8/site-packages/airflow/example_dags/example_latest_only.py
[2024-03-15T08:17:59.923+0000] {logging_mixin.py:188} INFO - [2024-03-15T08:17:59.923+0000] {dag.py:3047} INFO - Sync 1 DAGs
[2024-03-15T08:17:59.931+0000] {logging_mixin.py:188} INFO - [2024-03-15T08:17:59.931+0000] {dag.py:3834} INFO - Setting next_dagrun for latest_only to 2024-03-15 04:00:00+00:00, run_after=2024-03-15 08:00:00+00:00
[2024-03-15T08:17:59.937+0000] {processor.py:183} INFO - Processing /home/airflow/.local/lib/python3.8/site-packages/airflow/example_dags/example_latest_only.py took 0.028 seconds
[2024-03-15T08:18:30.346+0000] {processor.py:161} INFO - Started process (PID=1542) to work on /home/airflow/.local/lib/python3.8/site-packages/airflow/example_dags/example_latest_only.py
[2024-03-15T08:18:30.347+0000] {processor.py:830} INFO - Processing file /home/airflow/.local/lib/python3.8/site-packages/airflow/example_dags/example_latest_only.py for tasks to queue
[2024-03-15T08:18:30.348+0000] {logging_mixin.py:188} INFO - [2024-03-15T08:18:30.347+0000] {dagbag.py:540} INFO - Filling up the DagBag from /home/airflow/.local/lib/python3.8/site-packages/airflow/example_dags/example_latest_only.py
[2024-03-15T08:18:30.350+0000] {processor.py:840} INFO - DAG(s) 'latest_only' retrieved from /home/airflow/.local/lib/python3.8/site-packages/airflow/example_dags/example_latest_only.py
[2024-03-15T08:18:30.360+0000] {logging_mixin.py:188} INFO - [2024-03-15T08:18:30.360+0000] {dag.py:3047} INFO - Sync 1 DAGs
[2024-03-15T08:18:30.371+0000] {logging_mixin.py:188} INFO - [2024-03-15T08:18:30.371+0000] {dag.py:3834} INFO - Setting next_dagrun for latest_only to 2024-03-15 04:00:00+00:00, run_after=2024-03-15 08:00:00+00:00
[2024-03-15T08:18:30.385+0000] {processor.py:183} INFO - Processing /home/airflow/.local/lib/python3.8/site-packages/airflow/example_dags/example_latest_only.py took 0.040 seconds
[2024-03-15T08:19:00.703+0000] {processor.py:161} INFO - Started process (PID=1597) to work on /home/airflow/.local/lib/python3.8/site-packages/airflow/example_dags/example_latest_only.py
[2024-03-15T08:19:00.704+0000] {processor.py:830} INFO - Processing file /home/airflow/.local/lib/python3.8/site-packages/airflow/example_dags/example_latest_only.py for tasks to queue
[2024-03-15T08:19:00.704+0000] {logging_mixin.py:188} INFO - [2024-03-15T08:19:00.704+0000] {dagbag.py:540} INFO - Filling up the DagBag from /home/airflow/.local/lib/python3.8/site-packages/airflow/example_dags/example_latest_only.py
[2024-03-15T08:19:00.707+0000] {processor.py:840} INFO - DAG(s) 'latest_only' retrieved from /home/airflow/.local/lib/python3.8/site-packages/airflow/example_dags/example_latest_only.py
[2024-03-15T08:19:00.715+0000] {logging_mixin.py:188} INFO - [2024-03-15T08:19:00.715+0000] {dag.py:3047} INFO - Sync 1 DAGs
[2024-03-15T08:19:00.724+0000] {logging_mixin.py:188} INFO - [2024-03-15T08:19:00.724+0000] {dag.py:3834} INFO - Setting next_dagrun for latest_only to 2024-03-15 04:00:00+00:00, run_after=2024-03-15 08:00:00+00:00
[2024-03-15T08:19:00.731+0000] {processor.py:183} INFO - Processing /home/airflow/.local/lib/python3.8/site-packages/airflow/example_dags/example_latest_only.py took 0.029 seconds
[2024-03-15T08:19:30.969+0000] {processor.py:161} INFO - Started process (PID=1652) to work on /home/airflow/.local/lib/python3.8/site-packages/airflow/example_dags/example_latest_only.py
[2024-03-15T08:19:30.969+0000] {processor.py:830} INFO - Processing file /home/airflow/.local/lib/python3.8/site-packages/airflow/example_dags/example_latest_only.py for tasks to queue
[2024-03-15T08:19:30.970+0000] {logging_mixin.py:188} INFO - [2024-03-15T08:19:30.970+0000] {dagbag.py:540} INFO - Filling up the DagBag from /home/airflow/.local/lib/python3.8/site-packages/airflow/example_dags/example_latest_only.py
[2024-03-15T08:19:30.972+0000] {processor.py:840} INFO - DAG(s) 'latest_only' retrieved from /home/airflow/.local/lib/python3.8/site-packages/airflow/example_dags/example_latest_only.py
[2024-03-15T08:19:30.980+0000] {logging_mixin.py:188} INFO - [2024-03-15T08:19:30.980+0000] {dag.py:3047} INFO - Sync 1 DAGs
[2024-03-15T08:19:30.989+0000] {logging_mixin.py:188} INFO - [2024-03-15T08:19:30.989+0000] {dag.py:3834} INFO - Setting next_dagrun for latest_only to 2024-03-15 04:00:00+00:00, run_after=2024-03-15 08:00:00+00:00
[2024-03-15T08:19:30.996+0000] {processor.py:183} INFO - Processing /home/airflow/.local/lib/python3.8/site-packages/airflow/example_dags/example_latest_only.py took 0.029 seconds
[2024-03-15T08:20:01.325+0000] {processor.py:161} INFO - Started process (PID=1707) to work on /home/airflow/.local/lib/python3.8/site-packages/airflow/example_dags/example_latest_only.py
[2024-03-15T08:20:01.326+0000] {processor.py:830} INFO - Processing file /home/airflow/.local/lib/python3.8/site-packages/airflow/example_dags/example_latest_only.py for tasks to queue
[2024-03-15T08:20:01.327+0000] {logging_mixin.py:188} INFO - [2024-03-15T08:20:01.327+0000] {dagbag.py:540} INFO - Filling up the DagBag from /home/airflow/.local/lib/python3.8/site-packages/airflow/example_dags/example_latest_only.py
[2024-03-15T08:20:01.329+0000] {processor.py:840} INFO - DAG(s) 'latest_only' retrieved from /home/airflow/.local/lib/python3.8/site-packages/airflow/example_dags/example_latest_only.py
[2024-03-15T08:20:01.337+0000] {logging_mixin.py:188} INFO - [2024-03-15T08:20:01.337+0000] {dag.py:3047} INFO - Sync 1 DAGs
[2024-03-15T08:20:01.345+0000] {logging_mixin.py:188} INFO - [2024-03-15T08:20:01.345+0000] {dag.py:3834} INFO - Setting next_dagrun for latest_only to 2024-03-15 04:00:00+00:00, run_after=2024-03-15 08:00:00+00:00
[2024-03-15T08:20:01.352+0000] {processor.py:183} INFO - Processing /home/airflow/.local/lib/python3.8/site-packages/airflow/example_dags/example_latest_only.py took 0.028 seconds
[2024-03-15T08:20:31.663+0000] {processor.py:161} INFO - Started process (PID=1761) to work on /home/airflow/.local/lib/python3.8/site-packages/airflow/example_dags/example_latest_only.py
[2024-03-15T08:20:31.663+0000] {processor.py:830} INFO - Processing file /home/airflow/.local/lib/python3.8/site-packages/airflow/example_dags/example_latest_only.py for tasks to queue
[2024-03-15T08:20:31.664+0000] {logging_mixin.py:188} INFO - [2024-03-15T08:20:31.664+0000] {dagbag.py:540} INFO - Filling up the DagBag from /home/airflow/.local/lib/python3.8/site-packages/airflow/example_dags/example_latest_only.py
[2024-03-15T08:20:31.666+0000] {processor.py:840} INFO - DAG(s) 'latest_only' retrieved from /home/airflow/.local/lib/python3.8/site-packages/airflow/example_dags/example_latest_only.py
[2024-03-15T08:20:31.675+0000] {logging_mixin.py:188} INFO - [2024-03-15T08:20:31.674+0000] {dag.py:3047} INFO - Sync 1 DAGs
[2024-03-15T08:20:31.683+0000] {logging_mixin.py:188} INFO - [2024-03-15T08:20:31.683+0000] {dag.py:3834} INFO - Setting next_dagrun for latest_only to 2024-03-15 04:00:00+00:00, run_after=2024-03-15 08:00:00+00:00
[2024-03-15T08:20:31.690+0000] {processor.py:183} INFO - Processing /home/airflow/.local/lib/python3.8/site-packages/airflow/example_dags/example_latest_only.py took 0.029 seconds
[2024-03-15T08:21:01.990+0000] {processor.py:161} INFO - Started process (PID=1816) to work on /home/airflow/.local/lib/python3.8/site-packages/airflow/example_dags/example_latest_only.py
[2024-03-15T08:21:01.991+0000] {processor.py:830} INFO - Processing file /home/airflow/.local/lib/python3.8/site-packages/airflow/example_dags/example_latest_only.py for tasks to queue
[2024-03-15T08:21:01.992+0000] {logging_mixin.py:188} INFO - [2024-03-15T08:21:01.992+0000] {dagbag.py:540} INFO - Filling up the DagBag from /home/airflow/.local/lib/python3.8/site-packages/airflow/example_dags/example_latest_only.py
[2024-03-15T08:21:01.994+0000] {processor.py:840} INFO - DAG(s) 'latest_only' retrieved from /home/airflow/.local/lib/python3.8/site-packages/airflow/example_dags/example_latest_only.py
[2024-03-15T08:21:02.002+0000] {logging_mixin.py:188} INFO - [2024-03-15T08:21:02.002+0000] {dag.py:3047} INFO - Sync 1 DAGs
[2024-03-15T08:21:02.010+0000] {logging_mixin.py:188} INFO - [2024-03-15T08:21:02.010+0000] {dag.py:3834} INFO - Setting next_dagrun for latest_only to 2024-03-15 04:00:00+00:00, run_after=2024-03-15 08:00:00+00:00
[2024-03-15T08:21:02.017+0000] {processor.py:183} INFO - Processing /home/airflow/.local/lib/python3.8/site-packages/airflow/example_dags/example_latest_only.py took 0.028 seconds
[2024-03-15T08:21:32.270+0000] {processor.py:161} INFO - Started process (PID=1871) to work on /home/airflow/.local/lib/python3.8/site-packages/airflow/example_dags/example_latest_only.py
[2024-03-15T08:21:32.271+0000] {processor.py:830} INFO - Processing file /home/airflow/.local/lib/python3.8/site-packages/airflow/example_dags/example_latest_only.py for tasks to queue
[2024-03-15T08:21:32.271+0000] {logging_mixin.py:188} INFO - [2024-03-15T08:21:32.271+0000] {dagbag.py:540} INFO - Filling up the DagBag from /home/airflow/.local/lib/python3.8/site-packages/airflow/example_dags/example_latest_only.py
[2024-03-15T08:21:32.274+0000] {processor.py:840} INFO - DAG(s) 'latest_only' retrieved from /home/airflow/.local/lib/python3.8/site-packages/airflow/example_dags/example_latest_only.py
[2024-03-15T08:21:32.282+0000] {logging_mixin.py:188} INFO - [2024-03-15T08:21:32.281+0000] {dag.py:3047} INFO - Sync 1 DAGs
[2024-03-15T08:21:32.290+0000] {logging_mixin.py:188} INFO - [2024-03-15T08:21:32.290+0000] {dag.py:3834} INFO - Setting next_dagrun for latest_only to 2024-03-15 04:00:00+00:00, run_after=2024-03-15 08:00:00+00:00
[2024-03-15T08:21:32.296+0000] {processor.py:183} INFO - Processing /home/airflow/.local/lib/python3.8/site-packages/airflow/example_dags/example_latest_only.py took 0.028 seconds
[2024-03-15T08:22:02.572+0000] {processor.py:161} INFO - Started process (PID=1925) to work on /home/airflow/.local/lib/python3.8/site-packages/airflow/example_dags/example_latest_only.py
[2024-03-15T08:22:02.572+0000] {processor.py:830} INFO - Processing file /home/airflow/.local/lib/python3.8/site-packages/airflow/example_dags/example_latest_only.py for tasks to queue
[2024-03-15T08:22:02.573+0000] {logging_mixin.py:188} INFO - [2024-03-15T08:22:02.573+0000] {dagbag.py:540} INFO - Filling up the DagBag from /home/airflow/.local/lib/python3.8/site-packages/airflow/example_dags/example_latest_only.py
[2024-03-15T08:22:02.575+0000] {processor.py:840} INFO - DAG(s) 'latest_only' retrieved from /home/airflow/.local/lib/python3.8/site-packages/airflow/example_dags/example_latest_only.py
[2024-03-15T08:22:02.583+0000] {logging_mixin.py:188} INFO - [2024-03-15T08:22:02.583+0000] {dag.py:3047} INFO - Sync 1 DAGs
[2024-03-15T08:22:02.591+0000] {logging_mixin.py:188} INFO - [2024-03-15T08:22:02.591+0000] {dag.py:3834} INFO - Setting next_dagrun for latest_only to 2024-03-15 04:00:00+00:00, run_after=2024-03-15 08:00:00+00:00
[2024-03-15T08:22:02.598+0000] {processor.py:183} INFO - Processing /home/airflow/.local/lib/python3.8/site-packages/airflow/example_dags/example_latest_only.py took 0.028 seconds
[2024-03-15T08:22:32.929+0000] {processor.py:161} INFO - Started process (PID=1980) to work on /home/airflow/.local/lib/python3.8/site-packages/airflow/example_dags/example_latest_only.py
[2024-03-15T08:22:32.929+0000] {processor.py:830} INFO - Processing file /home/airflow/.local/lib/python3.8/site-packages/airflow/example_dags/example_latest_only.py for tasks to queue
[2024-03-15T08:22:32.930+0000] {logging_mixin.py:188} INFO - [2024-03-15T08:22:32.930+0000] {dagbag.py:540} INFO - Filling up the DagBag from /home/airflow/.local/lib/python3.8/site-packages/airflow/example_dags/example_latest_only.py
[2024-03-15T08:22:32.932+0000] {processor.py:840} INFO - DAG(s) 'latest_only' retrieved from /home/airflow/.local/lib/python3.8/site-packages/airflow/example_dags/example_latest_only.py
[2024-03-15T08:22:32.940+0000] {logging_mixin.py:188} INFO - [2024-03-15T08:22:32.940+0000] {dag.py:3047} INFO - Sync 1 DAGs
[2024-03-15T08:22:32.948+0000] {logging_mixin.py:188} INFO - [2024-03-15T08:22:32.948+0000] {dag.py:3834} INFO - Setting next_dagrun for latest_only to 2024-03-15 04:00:00+00:00, run_after=2024-03-15 08:00:00+00:00
[2024-03-15T08:22:32.955+0000] {processor.py:183} INFO - Processing /home/airflow/.local/lib/python3.8/site-packages/airflow/example_dags/example_latest_only.py took 0.028 seconds
[2024-03-15T08:23:03.421+0000] {processor.py:161} INFO - Started process (PID=2035) to work on /home/airflow/.local/lib/python3.8/site-packages/airflow/example_dags/example_latest_only.py
[2024-03-15T08:23:03.421+0000] {processor.py:830} INFO - Processing file /home/airflow/.local/lib/python3.8/site-packages/airflow/example_dags/example_latest_only.py for tasks to queue
[2024-03-15T08:23:03.422+0000] {logging_mixin.py:188} INFO - [2024-03-15T08:23:03.422+0000] {dagbag.py:540} INFO - Filling up the DagBag from /home/airflow/.local/lib/python3.8/site-packages/airflow/example_dags/example_latest_only.py
[2024-03-15T08:23:03.424+0000] {processor.py:840} INFO - DAG(s) 'latest_only' retrieved from /home/airflow/.local/lib/python3.8/site-packages/airflow/example_dags/example_latest_only.py
[2024-03-15T08:23:03.433+0000] {logging_mixin.py:188} INFO - [2024-03-15T08:23:03.433+0000] {dag.py:3047} INFO - Sync 1 DAGs
[2024-03-15T08:23:03.441+0000] {logging_mixin.py:188} INFO - [2024-03-15T08:23:03.441+0000] {dag.py:3834} INFO - Setting next_dagrun for latest_only to 2024-03-15 04:00:00+00:00, run_after=2024-03-15 08:00:00+00:00
[2024-03-15T08:23:03.448+0000] {processor.py:183} INFO - Processing /home/airflow/.local/lib/python3.8/site-packages/airflow/example_dags/example_latest_only.py took 0.028 seconds
[2024-03-15T08:23:33.943+0000] {processor.py:161} INFO - Started process (PID=2088) to work on /home/airflow/.local/lib/python3.8/site-packages/airflow/example_dags/example_latest_only.py
[2024-03-15T08:23:33.944+0000] {processor.py:830} INFO - Processing file /home/airflow/.local/lib/python3.8/site-packages/airflow/example_dags/example_latest_only.py for tasks to queue
[2024-03-15T08:23:33.945+0000] {logging_mixin.py:188} INFO - [2024-03-15T08:23:33.944+0000] {dagbag.py:540} INFO - Filling up the DagBag from /home/airflow/.local/lib/python3.8/site-packages/airflow/example_dags/example_latest_only.py
[2024-03-15T08:23:33.947+0000] {processor.py:840} INFO - DAG(s) 'latest_only' retrieved from /home/airflow/.local/lib/python3.8/site-packages/airflow/example_dags/example_latest_only.py
[2024-03-15T08:23:33.955+0000] {logging_mixin.py:188} INFO - [2024-03-15T08:23:33.955+0000] {dag.py:3047} INFO - Sync 1 DAGs
[2024-03-15T08:23:33.963+0000] {logging_mixin.py:188} INFO - [2024-03-15T08:23:33.963+0000] {dag.py:3834} INFO - Setting next_dagrun for latest_only to 2024-03-15 04:00:00+00:00, run_after=2024-03-15 08:00:00+00:00
[2024-03-15T08:23:33.969+0000] {processor.py:183} INFO - Processing /home/airflow/.local/lib/python3.8/site-packages/airflow/example_dags/example_latest_only.py took 0.027 seconds
