[2024-03-15T08:04:48.653+0000] {processor.py:161} INFO - Started process (PID=47) to work on /home/airflow/.local/lib/python3.8/site-packages/airflow/example_dags/example_trigger_target_dag.py
[2024-03-15T08:04:48.654+0000] {processor.py:830} INFO - Processing file /home/airflow/.local/lib/python3.8/site-packages/airflow/example_dags/example_trigger_target_dag.py for tasks to queue
[2024-03-15T08:04:48.655+0000] {logging_mixin.py:188} INFO - [2024-03-15T08:04:48.655+0000] {dagbag.py:540} INFO - Filling up the DagBag from /home/airflow/.local/lib/python3.8/site-packages/airflow/example_dags/example_trigger_target_dag.py
[2024-03-15T08:04:48.658+0000] {processor.py:840} INFO - DAG(s) 'example_trigger_target_dag' retrieved from /home/airflow/.local/lib/python3.8/site-packages/airflow/example_dags/example_trigger_target_dag.py
[2024-03-15T08:04:48.672+0000] {logging_mixin.py:188} INFO - [2024-03-15T08:04:48.672+0000] {dag.py:3047} INFO - Sync 1 DAGs
[2024-03-15T08:04:48.691+0000] {logging_mixin.py:188} INFO - [2024-03-15T08:04:48.690+0000] {dag.py:3834} INFO - Setting next_dagrun for example_trigger_target_dag to None, run_after=None
[2024-03-15T08:04:48.713+0000] {processor.py:183} INFO - Processing /home/airflow/.local/lib/python3.8/site-packages/airflow/example_dags/example_trigger_target_dag.py took 0.061 seconds
[2024-03-15T08:05:19.835+0000] {processor.py:161} INFO - Started process (PID=102) to work on /home/airflow/.local/lib/python3.8/site-packages/airflow/example_dags/example_trigger_target_dag.py
[2024-03-15T08:05:19.835+0000] {processor.py:830} INFO - Processing file /home/airflow/.local/lib/python3.8/site-packages/airflow/example_dags/example_trigger_target_dag.py for tasks to queue
[2024-03-15T08:05:19.836+0000] {logging_mixin.py:188} INFO - [2024-03-15T08:05:19.836+0000] {dagbag.py:540} INFO - Filling up the DagBag from /home/airflow/.local/lib/python3.8/site-packages/airflow/example_dags/example_trigger_target_dag.py
[2024-03-15T08:05:19.839+0000] {processor.py:840} INFO - DAG(s) 'example_trigger_target_dag' retrieved from /home/airflow/.local/lib/python3.8/site-packages/airflow/example_dags/example_trigger_target_dag.py
[2024-03-15T08:05:19.878+0000] {logging_mixin.py:188} INFO - [2024-03-15T08:05:19.878+0000] {dag.py:3047} INFO - Sync 1 DAGs
[2024-03-15T08:05:19.882+0000] {logging_mixin.py:188} INFO - [2024-03-15T08:05:19.882+0000] {dag.py:3834} INFO - Setting next_dagrun for example_trigger_target_dag to None, run_after=None
[2024-03-15T08:05:19.889+0000] {processor.py:183} INFO - Processing /home/airflow/.local/lib/python3.8/site-packages/airflow/example_dags/example_trigger_target_dag.py took 0.055 seconds
[2024-03-15T08:05:50.801+0000] {processor.py:161} INFO - Started process (PID=157) to work on /home/airflow/.local/lib/python3.8/site-packages/airflow/example_dags/example_trigger_target_dag.py
[2024-03-15T08:05:50.802+0000] {processor.py:830} INFO - Processing file /home/airflow/.local/lib/python3.8/site-packages/airflow/example_dags/example_trigger_target_dag.py for tasks to queue
[2024-03-15T08:05:50.802+0000] {logging_mixin.py:188} INFO - [2024-03-15T08:05:50.802+0000] {dagbag.py:540} INFO - Filling up the DagBag from /home/airflow/.local/lib/python3.8/site-packages/airflow/example_dags/example_trigger_target_dag.py
[2024-03-15T08:05:50.806+0000] {processor.py:840} INFO - DAG(s) 'example_trigger_target_dag' retrieved from /home/airflow/.local/lib/python3.8/site-packages/airflow/example_dags/example_trigger_target_dag.py
[2024-03-15T08:05:50.815+0000] {logging_mixin.py:188} INFO - [2024-03-15T08:05:50.815+0000] {dag.py:3047} INFO - Sync 1 DAGs
[2024-03-15T08:05:50.821+0000] {logging_mixin.py:188} INFO - [2024-03-15T08:05:50.821+0000] {dag.py:3834} INFO - Setting next_dagrun for example_trigger_target_dag to None, run_after=None
[2024-03-15T08:05:50.830+0000] {processor.py:183} INFO - Processing /home/airflow/.local/lib/python3.8/site-packages/airflow/example_dags/example_trigger_target_dag.py took 0.031 seconds
[2024-03-15T08:06:21.147+0000] {processor.py:161} INFO - Started process (PID=212) to work on /home/airflow/.local/lib/python3.8/site-packages/airflow/example_dags/example_trigger_target_dag.py
[2024-03-15T08:06:21.148+0000] {processor.py:830} INFO - Processing file /home/airflow/.local/lib/python3.8/site-packages/airflow/example_dags/example_trigger_target_dag.py for tasks to queue
[2024-03-15T08:06:21.148+0000] {logging_mixin.py:188} INFO - [2024-03-15T08:06:21.148+0000] {dagbag.py:540} INFO - Filling up the DagBag from /home/airflow/.local/lib/python3.8/site-packages/airflow/example_dags/example_trigger_target_dag.py
[2024-03-15T08:06:21.151+0000] {processor.py:840} INFO - DAG(s) 'example_trigger_target_dag' retrieved from /home/airflow/.local/lib/python3.8/site-packages/airflow/example_dags/example_trigger_target_dag.py
[2024-03-15T08:06:21.158+0000] {logging_mixin.py:188} INFO - [2024-03-15T08:06:21.158+0000] {dag.py:3047} INFO - Sync 1 DAGs
[2024-03-15T08:06:21.163+0000] {logging_mixin.py:188} INFO - [2024-03-15T08:06:21.163+0000] {dag.py:3834} INFO - Setting next_dagrun for example_trigger_target_dag to None, run_after=None
[2024-03-15T08:06:21.170+0000] {processor.py:183} INFO - Processing /home/airflow/.local/lib/python3.8/site-packages/airflow/example_dags/example_trigger_target_dag.py took 0.024 seconds
[2024-03-15T08:06:51.450+0000] {processor.py:161} INFO - Started process (PID=267) to work on /home/airflow/.local/lib/python3.8/site-packages/airflow/example_dags/example_trigger_target_dag.py
[2024-03-15T08:06:51.450+0000] {processor.py:830} INFO - Processing file /home/airflow/.local/lib/python3.8/site-packages/airflow/example_dags/example_trigger_target_dag.py for tasks to queue
[2024-03-15T08:06:51.451+0000] {logging_mixin.py:188} INFO - [2024-03-15T08:06:51.451+0000] {dagbag.py:540} INFO - Filling up the DagBag from /home/airflow/.local/lib/python3.8/site-packages/airflow/example_dags/example_trigger_target_dag.py
[2024-03-15T08:06:51.453+0000] {processor.py:840} INFO - DAG(s) 'example_trigger_target_dag' retrieved from /home/airflow/.local/lib/python3.8/site-packages/airflow/example_dags/example_trigger_target_dag.py
[2024-03-15T08:06:51.460+0000] {logging_mixin.py:188} INFO - [2024-03-15T08:06:51.460+0000] {dag.py:3047} INFO - Sync 1 DAGs
[2024-03-15T08:06:51.465+0000] {logging_mixin.py:188} INFO - [2024-03-15T08:06:51.465+0000] {dag.py:3834} INFO - Setting next_dagrun for example_trigger_target_dag to None, run_after=None
[2024-03-15T08:06:51.472+0000] {processor.py:183} INFO - Processing /home/airflow/.local/lib/python3.8/site-packages/airflow/example_dags/example_trigger_target_dag.py took 0.024 seconds
[2024-03-15T08:07:21.735+0000] {processor.py:161} INFO - Started process (PID=322) to work on /home/airflow/.local/lib/python3.8/site-packages/airflow/example_dags/example_trigger_target_dag.py
[2024-03-15T08:07:21.735+0000] {processor.py:830} INFO - Processing file /home/airflow/.local/lib/python3.8/site-packages/airflow/example_dags/example_trigger_target_dag.py for tasks to queue
[2024-03-15T08:07:21.736+0000] {logging_mixin.py:188} INFO - [2024-03-15T08:07:21.736+0000] {dagbag.py:540} INFO - Filling up the DagBag from /home/airflow/.local/lib/python3.8/site-packages/airflow/example_dags/example_trigger_target_dag.py
[2024-03-15T08:07:21.739+0000] {processor.py:840} INFO - DAG(s) 'example_trigger_target_dag' retrieved from /home/airflow/.local/lib/python3.8/site-packages/airflow/example_dags/example_trigger_target_dag.py
[2024-03-15T08:07:21.747+0000] {logging_mixin.py:188} INFO - [2024-03-15T08:07:21.747+0000] {dag.py:3047} INFO - Sync 1 DAGs
[2024-03-15T08:07:21.751+0000] {logging_mixin.py:188} INFO - [2024-03-15T08:07:21.751+0000] {dag.py:3834} INFO - Setting next_dagrun for example_trigger_target_dag to None, run_after=None
[2024-03-15T08:07:21.758+0000] {processor.py:183} INFO - Processing /home/airflow/.local/lib/python3.8/site-packages/airflow/example_dags/example_trigger_target_dag.py took 0.025 seconds
[2024-03-15T08:07:52.038+0000] {processor.py:161} INFO - Started process (PID=377) to work on /home/airflow/.local/lib/python3.8/site-packages/airflow/example_dags/example_trigger_target_dag.py
[2024-03-15T08:07:52.038+0000] {processor.py:830} INFO - Processing file /home/airflow/.local/lib/python3.8/site-packages/airflow/example_dags/example_trigger_target_dag.py for tasks to queue
[2024-03-15T08:07:52.039+0000] {logging_mixin.py:188} INFO - [2024-03-15T08:07:52.039+0000] {dagbag.py:540} INFO - Filling up the DagBag from /home/airflow/.local/lib/python3.8/site-packages/airflow/example_dags/example_trigger_target_dag.py
[2024-03-15T08:07:52.041+0000] {processor.py:840} INFO - DAG(s) 'example_trigger_target_dag' retrieved from /home/airflow/.local/lib/python3.8/site-packages/airflow/example_dags/example_trigger_target_dag.py
[2024-03-15T08:07:52.049+0000] {logging_mixin.py:188} INFO - [2024-03-15T08:07:52.049+0000] {dag.py:3047} INFO - Sync 1 DAGs
[2024-03-15T08:07:52.054+0000] {logging_mixin.py:188} INFO - [2024-03-15T08:07:52.054+0000] {dag.py:3834} INFO - Setting next_dagrun for example_trigger_target_dag to None, run_after=None
[2024-03-15T08:07:52.060+0000] {processor.py:183} INFO - Processing /home/airflow/.local/lib/python3.8/site-packages/airflow/example_dags/example_trigger_target_dag.py took 0.024 seconds
[2024-03-15T08:08:22.440+0000] {processor.py:161} INFO - Started process (PID=431) to work on /home/airflow/.local/lib/python3.8/site-packages/airflow/example_dags/example_trigger_target_dag.py
[2024-03-15T08:08:22.440+0000] {processor.py:830} INFO - Processing file /home/airflow/.local/lib/python3.8/site-packages/airflow/example_dags/example_trigger_target_dag.py for tasks to queue
[2024-03-15T08:08:22.441+0000] {logging_mixin.py:188} INFO - [2024-03-15T08:08:22.441+0000] {dagbag.py:540} INFO - Filling up the DagBag from /home/airflow/.local/lib/python3.8/site-packages/airflow/example_dags/example_trigger_target_dag.py
[2024-03-15T08:08:22.444+0000] {processor.py:840} INFO - DAG(s) 'example_trigger_target_dag' retrieved from /home/airflow/.local/lib/python3.8/site-packages/airflow/example_dags/example_trigger_target_dag.py
[2024-03-15T08:08:22.453+0000] {logging_mixin.py:188} INFO - [2024-03-15T08:08:22.453+0000] {dag.py:3047} INFO - Sync 1 DAGs
[2024-03-15T08:08:22.458+0000] {logging_mixin.py:188} INFO - [2024-03-15T08:08:22.458+0000] {dag.py:3834} INFO - Setting next_dagrun for example_trigger_target_dag to None, run_after=None
[2024-03-15T08:08:22.465+0000] {processor.py:183} INFO - Processing /home/airflow/.local/lib/python3.8/site-packages/airflow/example_dags/example_trigger_target_dag.py took 0.027 seconds
[2024-03-15T08:08:52.733+0000] {processor.py:161} INFO - Started process (PID=486) to work on /home/airflow/.local/lib/python3.8/site-packages/airflow/example_dags/example_trigger_target_dag.py
[2024-03-15T08:08:52.734+0000] {processor.py:830} INFO - Processing file /home/airflow/.local/lib/python3.8/site-packages/airflow/example_dags/example_trigger_target_dag.py for tasks to queue
[2024-03-15T08:08:52.735+0000] {logging_mixin.py:188} INFO - [2024-03-15T08:08:52.735+0000] {dagbag.py:540} INFO - Filling up the DagBag from /home/airflow/.local/lib/python3.8/site-packages/airflow/example_dags/example_trigger_target_dag.py
[2024-03-15T08:08:52.738+0000] {processor.py:840} INFO - DAG(s) 'example_trigger_target_dag' retrieved from /home/airflow/.local/lib/python3.8/site-packages/airflow/example_dags/example_trigger_target_dag.py
[2024-03-15T08:08:52.746+0000] {logging_mixin.py:188} INFO - [2024-03-15T08:08:52.746+0000] {dag.py:3047} INFO - Sync 1 DAGs
[2024-03-15T08:08:52.750+0000] {logging_mixin.py:188} INFO - [2024-03-15T08:08:52.750+0000] {dag.py:3834} INFO - Setting next_dagrun for example_trigger_target_dag to None, run_after=None
[2024-03-15T08:08:52.757+0000] {processor.py:183} INFO - Processing /home/airflow/.local/lib/python3.8/site-packages/airflow/example_dags/example_trigger_target_dag.py took 0.025 seconds
[2024-03-15T08:09:23.067+0000] {processor.py:161} INFO - Started process (PID=541) to work on /home/airflow/.local/lib/python3.8/site-packages/airflow/example_dags/example_trigger_target_dag.py
[2024-03-15T08:09:23.067+0000] {processor.py:830} INFO - Processing file /home/airflow/.local/lib/python3.8/site-packages/airflow/example_dags/example_trigger_target_dag.py for tasks to queue
[2024-03-15T08:09:23.068+0000] {logging_mixin.py:188} INFO - [2024-03-15T08:09:23.068+0000] {dagbag.py:540} INFO - Filling up the DagBag from /home/airflow/.local/lib/python3.8/site-packages/airflow/example_dags/example_trigger_target_dag.py
[2024-03-15T08:09:23.070+0000] {processor.py:840} INFO - DAG(s) 'example_trigger_target_dag' retrieved from /home/airflow/.local/lib/python3.8/site-packages/airflow/example_dags/example_trigger_target_dag.py
[2024-03-15T08:09:23.078+0000] {logging_mixin.py:188} INFO - [2024-03-15T08:09:23.078+0000] {dag.py:3047} INFO - Sync 1 DAGs
[2024-03-15T08:09:23.083+0000] {logging_mixin.py:188} INFO - [2024-03-15T08:09:23.083+0000] {dag.py:3834} INFO - Setting next_dagrun for example_trigger_target_dag to None, run_after=None
[2024-03-15T08:09:23.090+0000] {processor.py:183} INFO - Processing /home/airflow/.local/lib/python3.8/site-packages/airflow/example_dags/example_trigger_target_dag.py took 0.025 seconds
[2024-03-15T08:09:53.613+0000] {processor.py:161} INFO - Started process (PID=596) to work on /home/airflow/.local/lib/python3.8/site-packages/airflow/example_dags/example_trigger_target_dag.py
[2024-03-15T08:09:53.614+0000] {processor.py:830} INFO - Processing file /home/airflow/.local/lib/python3.8/site-packages/airflow/example_dags/example_trigger_target_dag.py for tasks to queue
[2024-03-15T08:09:53.614+0000] {logging_mixin.py:188} INFO - [2024-03-15T08:09:53.614+0000] {dagbag.py:540} INFO - Filling up the DagBag from /home/airflow/.local/lib/python3.8/site-packages/airflow/example_dags/example_trigger_target_dag.py
[2024-03-15T08:09:53.617+0000] {processor.py:840} INFO - DAG(s) 'example_trigger_target_dag' retrieved from /home/airflow/.local/lib/python3.8/site-packages/airflow/example_dags/example_trigger_target_dag.py
[2024-03-15T08:09:53.625+0000] {logging_mixin.py:188} INFO - [2024-03-15T08:09:53.625+0000] {dag.py:3047} INFO - Sync 1 DAGs
[2024-03-15T08:09:53.630+0000] {logging_mixin.py:188} INFO - [2024-03-15T08:09:53.630+0000] {dag.py:3834} INFO - Setting next_dagrun for example_trigger_target_dag to None, run_after=None
[2024-03-15T08:09:53.637+0000] {processor.py:183} INFO - Processing /home/airflow/.local/lib/python3.8/site-packages/airflow/example_dags/example_trigger_target_dag.py took 0.025 seconds
[2024-03-15T08:10:23.991+0000] {processor.py:161} INFO - Started process (PID=651) to work on /home/airflow/.local/lib/python3.8/site-packages/airflow/example_dags/example_trigger_target_dag.py
[2024-03-15T08:10:23.992+0000] {processor.py:830} INFO - Processing file /home/airflow/.local/lib/python3.8/site-packages/airflow/example_dags/example_trigger_target_dag.py for tasks to queue
[2024-03-15T08:10:23.993+0000] {logging_mixin.py:188} INFO - [2024-03-15T08:10:23.992+0000] {dagbag.py:540} INFO - Filling up the DagBag from /home/airflow/.local/lib/python3.8/site-packages/airflow/example_dags/example_trigger_target_dag.py
[2024-03-15T08:10:23.995+0000] {processor.py:840} INFO - DAG(s) 'example_trigger_target_dag' retrieved from /home/airflow/.local/lib/python3.8/site-packages/airflow/example_dags/example_trigger_target_dag.py
[2024-03-15T08:10:24.005+0000] {logging_mixin.py:188} INFO - [2024-03-15T08:10:24.004+0000] {dag.py:3047} INFO - Sync 1 DAGs
[2024-03-15T08:10:24.010+0000] {logging_mixin.py:188} INFO - [2024-03-15T08:10:24.010+0000] {dag.py:3834} INFO - Setting next_dagrun for example_trigger_target_dag to None, run_after=None
[2024-03-15T08:10:24.017+0000] {processor.py:183} INFO - Processing /home/airflow/.local/lib/python3.8/site-packages/airflow/example_dags/example_trigger_target_dag.py took 0.028 seconds
[2024-03-15T08:10:54.321+0000] {processor.py:161} INFO - Started process (PID=706) to work on /home/airflow/.local/lib/python3.8/site-packages/airflow/example_dags/example_trigger_target_dag.py
[2024-03-15T08:10:54.321+0000] {processor.py:830} INFO - Processing file /home/airflow/.local/lib/python3.8/site-packages/airflow/example_dags/example_trigger_target_dag.py for tasks to queue
[2024-03-15T08:10:54.322+0000] {logging_mixin.py:188} INFO - [2024-03-15T08:10:54.322+0000] {dagbag.py:540} INFO - Filling up the DagBag from /home/airflow/.local/lib/python3.8/site-packages/airflow/example_dags/example_trigger_target_dag.py
[2024-03-15T08:10:54.325+0000] {processor.py:840} INFO - DAG(s) 'example_trigger_target_dag' retrieved from /home/airflow/.local/lib/python3.8/site-packages/airflow/example_dags/example_trigger_target_dag.py
[2024-03-15T08:10:54.333+0000] {logging_mixin.py:188} INFO - [2024-03-15T08:10:54.333+0000] {dag.py:3047} INFO - Sync 1 DAGs
[2024-03-15T08:10:54.338+0000] {logging_mixin.py:188} INFO - [2024-03-15T08:10:54.338+0000] {dag.py:3834} INFO - Setting next_dagrun for example_trigger_target_dag to None, run_after=None
[2024-03-15T08:10:54.344+0000] {processor.py:183} INFO - Processing /home/airflow/.local/lib/python3.8/site-packages/airflow/example_dags/example_trigger_target_dag.py took 0.025 seconds
[2024-03-15T08:11:24.682+0000] {processor.py:161} INFO - Started process (PID=761) to work on /home/airflow/.local/lib/python3.8/site-packages/airflow/example_dags/example_trigger_target_dag.py
[2024-03-15T08:11:24.682+0000] {processor.py:830} INFO - Processing file /home/airflow/.local/lib/python3.8/site-packages/airflow/example_dags/example_trigger_target_dag.py for tasks to queue
[2024-03-15T08:11:24.683+0000] {logging_mixin.py:188} INFO - [2024-03-15T08:11:24.683+0000] {dagbag.py:540} INFO - Filling up the DagBag from /home/airflow/.local/lib/python3.8/site-packages/airflow/example_dags/example_trigger_target_dag.py
[2024-03-15T08:11:24.687+0000] {processor.py:840} INFO - DAG(s) 'example_trigger_target_dag' retrieved from /home/airflow/.local/lib/python3.8/site-packages/airflow/example_dags/example_trigger_target_dag.py
[2024-03-15T08:11:24.696+0000] {logging_mixin.py:188} INFO - [2024-03-15T08:11:24.696+0000] {dag.py:3047} INFO - Sync 1 DAGs
[2024-03-15T08:11:24.703+0000] {logging_mixin.py:188} INFO - [2024-03-15T08:11:24.702+0000] {dag.py:3834} INFO - Setting next_dagrun for example_trigger_target_dag to None, run_after=None
[2024-03-15T08:11:24.712+0000] {processor.py:183} INFO - Processing /home/airflow/.local/lib/python3.8/site-packages/airflow/example_dags/example_trigger_target_dag.py took 0.033 seconds
[2024-03-15T08:11:55.253+0000] {processor.py:161} INFO - Started process (PID=816) to work on /home/airflow/.local/lib/python3.8/site-packages/airflow/example_dags/example_trigger_target_dag.py
[2024-03-15T08:11:55.253+0000] {processor.py:830} INFO - Processing file /home/airflow/.local/lib/python3.8/site-packages/airflow/example_dags/example_trigger_target_dag.py for tasks to queue
[2024-03-15T08:11:55.254+0000] {logging_mixin.py:188} INFO - [2024-03-15T08:11:55.254+0000] {dagbag.py:540} INFO - Filling up the DagBag from /home/airflow/.local/lib/python3.8/site-packages/airflow/example_dags/example_trigger_target_dag.py
[2024-03-15T08:11:55.257+0000] {processor.py:840} INFO - DAG(s) 'example_trigger_target_dag' retrieved from /home/airflow/.local/lib/python3.8/site-packages/airflow/example_dags/example_trigger_target_dag.py
[2024-03-15T08:11:55.267+0000] {logging_mixin.py:188} INFO - [2024-03-15T08:11:55.267+0000] {dag.py:3047} INFO - Sync 1 DAGs
[2024-03-15T08:11:55.272+0000] {logging_mixin.py:188} INFO - [2024-03-15T08:11:55.272+0000] {dag.py:3834} INFO - Setting next_dagrun for example_trigger_target_dag to None, run_after=None
[2024-03-15T08:11:55.280+0000] {processor.py:183} INFO - Processing /home/airflow/.local/lib/python3.8/site-packages/airflow/example_dags/example_trigger_target_dag.py took 0.029 seconds
[2024-03-15T08:12:25.844+0000] {processor.py:161} INFO - Started process (PID=871) to work on /home/airflow/.local/lib/python3.8/site-packages/airflow/example_dags/example_trigger_target_dag.py
[2024-03-15T08:12:25.845+0000] {processor.py:830} INFO - Processing file /home/airflow/.local/lib/python3.8/site-packages/airflow/example_dags/example_trigger_target_dag.py for tasks to queue
[2024-03-15T08:12:25.845+0000] {logging_mixin.py:188} INFO - [2024-03-15T08:12:25.845+0000] {dagbag.py:540} INFO - Filling up the DagBag from /home/airflow/.local/lib/python3.8/site-packages/airflow/example_dags/example_trigger_target_dag.py
[2024-03-15T08:12:25.848+0000] {processor.py:840} INFO - DAG(s) 'example_trigger_target_dag' retrieved from /home/airflow/.local/lib/python3.8/site-packages/airflow/example_dags/example_trigger_target_dag.py
[2024-03-15T08:12:25.856+0000] {logging_mixin.py:188} INFO - [2024-03-15T08:12:25.856+0000] {dag.py:3047} INFO - Sync 1 DAGs
[2024-03-15T08:12:25.861+0000] {logging_mixin.py:188} INFO - [2024-03-15T08:12:25.861+0000] {dag.py:3834} INFO - Setting next_dagrun for example_trigger_target_dag to None, run_after=None
[2024-03-15T08:12:25.868+0000] {processor.py:183} INFO - Processing /home/airflow/.local/lib/python3.8/site-packages/airflow/example_dags/example_trigger_target_dag.py took 0.026 seconds
[2024-03-15T08:12:56.231+0000] {processor.py:161} INFO - Started process (PID=926) to work on /home/airflow/.local/lib/python3.8/site-packages/airflow/example_dags/example_trigger_target_dag.py
[2024-03-15T08:12:56.231+0000] {processor.py:830} INFO - Processing file /home/airflow/.local/lib/python3.8/site-packages/airflow/example_dags/example_trigger_target_dag.py for tasks to queue
[2024-03-15T08:12:56.232+0000] {logging_mixin.py:188} INFO - [2024-03-15T08:12:56.232+0000] {dagbag.py:540} INFO - Filling up the DagBag from /home/airflow/.local/lib/python3.8/site-packages/airflow/example_dags/example_trigger_target_dag.py
[2024-03-15T08:12:56.235+0000] {processor.py:840} INFO - DAG(s) 'example_trigger_target_dag' retrieved from /home/airflow/.local/lib/python3.8/site-packages/airflow/example_dags/example_trigger_target_dag.py
[2024-03-15T08:12:56.242+0000] {logging_mixin.py:188} INFO - [2024-03-15T08:12:56.242+0000] {dag.py:3047} INFO - Sync 1 DAGs
[2024-03-15T08:12:56.246+0000] {logging_mixin.py:188} INFO - [2024-03-15T08:12:56.246+0000] {dag.py:3834} INFO - Setting next_dagrun for example_trigger_target_dag to None, run_after=None
[2024-03-15T08:12:56.253+0000] {processor.py:183} INFO - Processing /home/airflow/.local/lib/python3.8/site-packages/airflow/example_dags/example_trigger_target_dag.py took 0.023 seconds
[2024-03-15T08:13:26.484+0000] {processor.py:161} INFO - Started process (PID=981) to work on /home/airflow/.local/lib/python3.8/site-packages/airflow/example_dags/example_trigger_target_dag.py
[2024-03-15T08:13:26.484+0000] {processor.py:830} INFO - Processing file /home/airflow/.local/lib/python3.8/site-packages/airflow/example_dags/example_trigger_target_dag.py for tasks to queue
[2024-03-15T08:13:26.485+0000] {logging_mixin.py:188} INFO - [2024-03-15T08:13:26.485+0000] {dagbag.py:540} INFO - Filling up the DagBag from /home/airflow/.local/lib/python3.8/site-packages/airflow/example_dags/example_trigger_target_dag.py
[2024-03-15T08:13:26.487+0000] {processor.py:840} INFO - DAG(s) 'example_trigger_target_dag' retrieved from /home/airflow/.local/lib/python3.8/site-packages/airflow/example_dags/example_trigger_target_dag.py
[2024-03-15T08:13:26.494+0000] {logging_mixin.py:188} INFO - [2024-03-15T08:13:26.494+0000] {dag.py:3047} INFO - Sync 1 DAGs
[2024-03-15T08:13:26.499+0000] {logging_mixin.py:188} INFO - [2024-03-15T08:13:26.499+0000] {dag.py:3834} INFO - Setting next_dagrun for example_trigger_target_dag to None, run_after=None
[2024-03-15T08:13:26.505+0000] {processor.py:183} INFO - Processing /home/airflow/.local/lib/python3.8/site-packages/airflow/example_dags/example_trigger_target_dag.py took 0.022 seconds
[2024-03-15T08:13:56.811+0000] {processor.py:161} INFO - Started process (PID=1036) to work on /home/airflow/.local/lib/python3.8/site-packages/airflow/example_dags/example_trigger_target_dag.py
[2024-03-15T08:13:56.812+0000] {processor.py:830} INFO - Processing file /home/airflow/.local/lib/python3.8/site-packages/airflow/example_dags/example_trigger_target_dag.py for tasks to queue
[2024-03-15T08:13:56.813+0000] {logging_mixin.py:188} INFO - [2024-03-15T08:13:56.812+0000] {dagbag.py:540} INFO - Filling up the DagBag from /home/airflow/.local/lib/python3.8/site-packages/airflow/example_dags/example_trigger_target_dag.py
[2024-03-15T08:13:56.815+0000] {processor.py:840} INFO - DAG(s) 'example_trigger_target_dag' retrieved from /home/airflow/.local/lib/python3.8/site-packages/airflow/example_dags/example_trigger_target_dag.py
[2024-03-15T08:13:56.823+0000] {logging_mixin.py:188} INFO - [2024-03-15T08:13:56.823+0000] {dag.py:3047} INFO - Sync 1 DAGs
[2024-03-15T08:13:56.828+0000] {logging_mixin.py:188} INFO - [2024-03-15T08:13:56.828+0000] {dag.py:3834} INFO - Setting next_dagrun for example_trigger_target_dag to None, run_after=None
[2024-03-15T08:13:56.834+0000] {processor.py:183} INFO - Processing /home/airflow/.local/lib/python3.8/site-packages/airflow/example_dags/example_trigger_target_dag.py took 0.024 seconds
[2024-03-15T08:14:27.106+0000] {processor.py:161} INFO - Started process (PID=1091) to work on /home/airflow/.local/lib/python3.8/site-packages/airflow/example_dags/example_trigger_target_dag.py
[2024-03-15T08:14:27.106+0000] {processor.py:830} INFO - Processing file /home/airflow/.local/lib/python3.8/site-packages/airflow/example_dags/example_trigger_target_dag.py for tasks to queue
[2024-03-15T08:14:27.107+0000] {logging_mixin.py:188} INFO - [2024-03-15T08:14:27.107+0000] {dagbag.py:540} INFO - Filling up the DagBag from /home/airflow/.local/lib/python3.8/site-packages/airflow/example_dags/example_trigger_target_dag.py
[2024-03-15T08:14:27.110+0000] {processor.py:840} INFO - DAG(s) 'example_trigger_target_dag' retrieved from /home/airflow/.local/lib/python3.8/site-packages/airflow/example_dags/example_trigger_target_dag.py
[2024-03-15T08:14:27.118+0000] {logging_mixin.py:188} INFO - [2024-03-15T08:14:27.117+0000] {dag.py:3047} INFO - Sync 1 DAGs
[2024-03-15T08:14:27.122+0000] {logging_mixin.py:188} INFO - [2024-03-15T08:14:27.122+0000] {dag.py:3834} INFO - Setting next_dagrun for example_trigger_target_dag to None, run_after=None
[2024-03-15T08:14:27.128+0000] {processor.py:183} INFO - Processing /home/airflow/.local/lib/python3.8/site-packages/airflow/example_dags/example_trigger_target_dag.py took 0.023 seconds
[2024-03-15T08:14:57.436+0000] {processor.py:161} INFO - Started process (PID=1146) to work on /home/airflow/.local/lib/python3.8/site-packages/airflow/example_dags/example_trigger_target_dag.py
[2024-03-15T08:14:57.436+0000] {processor.py:830} INFO - Processing file /home/airflow/.local/lib/python3.8/site-packages/airflow/example_dags/example_trigger_target_dag.py for tasks to queue
[2024-03-15T08:14:57.437+0000] {logging_mixin.py:188} INFO - [2024-03-15T08:14:57.437+0000] {dagbag.py:540} INFO - Filling up the DagBag from /home/airflow/.local/lib/python3.8/site-packages/airflow/example_dags/example_trigger_target_dag.py
[2024-03-15T08:14:57.440+0000] {processor.py:840} INFO - DAG(s) 'example_trigger_target_dag' retrieved from /home/airflow/.local/lib/python3.8/site-packages/airflow/example_dags/example_trigger_target_dag.py
[2024-03-15T08:14:57.448+0000] {logging_mixin.py:188} INFO - [2024-03-15T08:14:57.448+0000] {dag.py:3047} INFO - Sync 1 DAGs
[2024-03-15T08:14:57.453+0000] {logging_mixin.py:188} INFO - [2024-03-15T08:14:57.453+0000] {dag.py:3834} INFO - Setting next_dagrun for example_trigger_target_dag to None, run_after=None
[2024-03-15T08:14:57.459+0000] {processor.py:183} INFO - Processing /home/airflow/.local/lib/python3.8/site-packages/airflow/example_dags/example_trigger_target_dag.py took 0.025 seconds
[2024-03-15T08:15:27.836+0000] {processor.py:161} INFO - Started process (PID=1201) to work on /home/airflow/.local/lib/python3.8/site-packages/airflow/example_dags/example_trigger_target_dag.py
[2024-03-15T08:15:27.837+0000] {processor.py:830} INFO - Processing file /home/airflow/.local/lib/python3.8/site-packages/airflow/example_dags/example_trigger_target_dag.py for tasks to queue
[2024-03-15T08:15:27.837+0000] {logging_mixin.py:188} INFO - [2024-03-15T08:15:27.837+0000] {dagbag.py:540} INFO - Filling up the DagBag from /home/airflow/.local/lib/python3.8/site-packages/airflow/example_dags/example_trigger_target_dag.py
[2024-03-15T08:15:27.841+0000] {processor.py:840} INFO - DAG(s) 'example_trigger_target_dag' retrieved from /home/airflow/.local/lib/python3.8/site-packages/airflow/example_dags/example_trigger_target_dag.py
[2024-03-15T08:15:27.850+0000] {logging_mixin.py:188} INFO - [2024-03-15T08:15:27.850+0000] {dag.py:3047} INFO - Sync 1 DAGs
[2024-03-15T08:15:27.854+0000] {logging_mixin.py:188} INFO - [2024-03-15T08:15:27.854+0000] {dag.py:3834} INFO - Setting next_dagrun for example_trigger_target_dag to None, run_after=None
[2024-03-15T08:15:27.862+0000] {processor.py:183} INFO - Processing /home/airflow/.local/lib/python3.8/site-packages/airflow/example_dags/example_trigger_target_dag.py took 0.028 seconds
[2024-03-15T08:15:58.246+0000] {processor.py:161} INFO - Started process (PID=1256) to work on /home/airflow/.local/lib/python3.8/site-packages/airflow/example_dags/example_trigger_target_dag.py
[2024-03-15T08:15:58.247+0000] {processor.py:830} INFO - Processing file /home/airflow/.local/lib/python3.8/site-packages/airflow/example_dags/example_trigger_target_dag.py for tasks to queue
[2024-03-15T08:15:58.248+0000] {logging_mixin.py:188} INFO - [2024-03-15T08:15:58.248+0000] {dagbag.py:540} INFO - Filling up the DagBag from /home/airflow/.local/lib/python3.8/site-packages/airflow/example_dags/example_trigger_target_dag.py
[2024-03-15T08:15:58.251+0000] {processor.py:840} INFO - DAG(s) 'example_trigger_target_dag' retrieved from /home/airflow/.local/lib/python3.8/site-packages/airflow/example_dags/example_trigger_target_dag.py
[2024-03-15T08:15:58.262+0000] {logging_mixin.py:188} INFO - [2024-03-15T08:15:58.262+0000] {dag.py:3047} INFO - Sync 1 DAGs
[2024-03-15T08:15:58.268+0000] {logging_mixin.py:188} INFO - [2024-03-15T08:15:58.267+0000] {dag.py:3834} INFO - Setting next_dagrun for example_trigger_target_dag to None, run_after=None
[2024-03-15T08:15:58.276+0000] {processor.py:183} INFO - Processing /home/airflow/.local/lib/python3.8/site-packages/airflow/example_dags/example_trigger_target_dag.py took 0.032 seconds
[2024-03-15T08:16:28.620+0000] {processor.py:161} INFO - Started process (PID=1311) to work on /home/airflow/.local/lib/python3.8/site-packages/airflow/example_dags/example_trigger_target_dag.py
[2024-03-15T08:16:28.621+0000] {processor.py:830} INFO - Processing file /home/airflow/.local/lib/python3.8/site-packages/airflow/example_dags/example_trigger_target_dag.py for tasks to queue
[2024-03-15T08:16:28.621+0000] {logging_mixin.py:188} INFO - [2024-03-15T08:16:28.621+0000] {dagbag.py:540} INFO - Filling up the DagBag from /home/airflow/.local/lib/python3.8/site-packages/airflow/example_dags/example_trigger_target_dag.py
[2024-03-15T08:16:28.624+0000] {processor.py:840} INFO - DAG(s) 'example_trigger_target_dag' retrieved from /home/airflow/.local/lib/python3.8/site-packages/airflow/example_dags/example_trigger_target_dag.py
[2024-03-15T08:16:28.631+0000] {logging_mixin.py:188} INFO - [2024-03-15T08:16:28.631+0000] {dag.py:3047} INFO - Sync 1 DAGs
[2024-03-15T08:16:28.636+0000] {logging_mixin.py:188} INFO - [2024-03-15T08:16:28.635+0000] {dag.py:3834} INFO - Setting next_dagrun for example_trigger_target_dag to None, run_after=None
[2024-03-15T08:16:28.642+0000] {processor.py:183} INFO - Processing /home/airflow/.local/lib/python3.8/site-packages/airflow/example_dags/example_trigger_target_dag.py took 0.023 seconds
[2024-03-15T08:16:58.917+0000] {processor.py:161} INFO - Started process (PID=1366) to work on /home/airflow/.local/lib/python3.8/site-packages/airflow/example_dags/example_trigger_target_dag.py
[2024-03-15T08:16:58.918+0000] {processor.py:830} INFO - Processing file /home/airflow/.local/lib/python3.8/site-packages/airflow/example_dags/example_trigger_target_dag.py for tasks to queue
[2024-03-15T08:16:58.918+0000] {logging_mixin.py:188} INFO - [2024-03-15T08:16:58.918+0000] {dagbag.py:540} INFO - Filling up the DagBag from /home/airflow/.local/lib/python3.8/site-packages/airflow/example_dags/example_trigger_target_dag.py
[2024-03-15T08:16:58.921+0000] {processor.py:840} INFO - DAG(s) 'example_trigger_target_dag' retrieved from /home/airflow/.local/lib/python3.8/site-packages/airflow/example_dags/example_trigger_target_dag.py
[2024-03-15T08:16:58.929+0000] {logging_mixin.py:188} INFO - [2024-03-15T08:16:58.928+0000] {dag.py:3047} INFO - Sync 1 DAGs
[2024-03-15T08:16:58.933+0000] {logging_mixin.py:188} INFO - [2024-03-15T08:16:58.933+0000] {dag.py:3834} INFO - Setting next_dagrun for example_trigger_target_dag to None, run_after=None
[2024-03-15T08:16:58.939+0000] {processor.py:183} INFO - Processing /home/airflow/.local/lib/python3.8/site-packages/airflow/example_dags/example_trigger_target_dag.py took 0.023 seconds
[2024-03-15T08:17:29.328+0000] {processor.py:161} INFO - Started process (PID=1421) to work on /home/airflow/.local/lib/python3.8/site-packages/airflow/example_dags/example_trigger_target_dag.py
[2024-03-15T08:17:29.328+0000] {processor.py:830} INFO - Processing file /home/airflow/.local/lib/python3.8/site-packages/airflow/example_dags/example_trigger_target_dag.py for tasks to queue
[2024-03-15T08:17:29.329+0000] {logging_mixin.py:188} INFO - [2024-03-15T08:17:29.329+0000] {dagbag.py:540} INFO - Filling up the DagBag from /home/airflow/.local/lib/python3.8/site-packages/airflow/example_dags/example_trigger_target_dag.py
[2024-03-15T08:17:29.332+0000] {processor.py:840} INFO - DAG(s) 'example_trigger_target_dag' retrieved from /home/airflow/.local/lib/python3.8/site-packages/airflow/example_dags/example_trigger_target_dag.py
[2024-03-15T08:17:29.339+0000] {logging_mixin.py:188} INFO - [2024-03-15T08:17:29.339+0000] {dag.py:3047} INFO - Sync 1 DAGs
[2024-03-15T08:17:29.343+0000] {logging_mixin.py:188} INFO - [2024-03-15T08:17:29.343+0000] {dag.py:3834} INFO - Setting next_dagrun for example_trigger_target_dag to None, run_after=None
[2024-03-15T08:17:29.349+0000] {processor.py:183} INFO - Processing /home/airflow/.local/lib/python3.8/site-packages/airflow/example_dags/example_trigger_target_dag.py took 0.022 seconds
[2024-03-15T08:17:59.649+0000] {processor.py:161} INFO - Started process (PID=1476) to work on /home/airflow/.local/lib/python3.8/site-packages/airflow/example_dags/example_trigger_target_dag.py
[2024-03-15T08:17:59.650+0000] {processor.py:830} INFO - Processing file /home/airflow/.local/lib/python3.8/site-packages/airflow/example_dags/example_trigger_target_dag.py for tasks to queue
[2024-03-15T08:17:59.651+0000] {logging_mixin.py:188} INFO - [2024-03-15T08:17:59.650+0000] {dagbag.py:540} INFO - Filling up the DagBag from /home/airflow/.local/lib/python3.8/site-packages/airflow/example_dags/example_trigger_target_dag.py
[2024-03-15T08:17:59.653+0000] {processor.py:840} INFO - DAG(s) 'example_trigger_target_dag' retrieved from /home/airflow/.local/lib/python3.8/site-packages/airflow/example_dags/example_trigger_target_dag.py
[2024-03-15T08:17:59.661+0000] {logging_mixin.py:188} INFO - [2024-03-15T08:17:59.661+0000] {dag.py:3047} INFO - Sync 1 DAGs
[2024-03-15T08:17:59.665+0000] {logging_mixin.py:188} INFO - [2024-03-15T08:17:59.665+0000] {dag.py:3834} INFO - Setting next_dagrun for example_trigger_target_dag to None, run_after=None
[2024-03-15T08:17:59.675+0000] {processor.py:183} INFO - Processing /home/airflow/.local/lib/python3.8/site-packages/airflow/example_dags/example_trigger_target_dag.py took 0.027 seconds
[2024-03-15T08:18:30.008+0000] {processor.py:161} INFO - Started process (PID=1531) to work on /home/airflow/.local/lib/python3.8/site-packages/airflow/example_dags/example_trigger_target_dag.py
[2024-03-15T08:18:30.009+0000] {processor.py:830} INFO - Processing file /home/airflow/.local/lib/python3.8/site-packages/airflow/example_dags/example_trigger_target_dag.py for tasks to queue
[2024-03-15T08:18:30.009+0000] {logging_mixin.py:188} INFO - [2024-03-15T08:18:30.009+0000] {dagbag.py:540} INFO - Filling up the DagBag from /home/airflow/.local/lib/python3.8/site-packages/airflow/example_dags/example_trigger_target_dag.py
[2024-03-15T08:18:30.012+0000] {processor.py:840} INFO - DAG(s) 'example_trigger_target_dag' retrieved from /home/airflow/.local/lib/python3.8/site-packages/airflow/example_dags/example_trigger_target_dag.py
[2024-03-15T08:18:30.020+0000] {logging_mixin.py:188} INFO - [2024-03-15T08:18:30.020+0000] {dag.py:3047} INFO - Sync 1 DAGs
[2024-03-15T08:18:30.024+0000] {logging_mixin.py:188} INFO - [2024-03-15T08:18:30.024+0000] {dag.py:3834} INFO - Setting next_dagrun for example_trigger_target_dag to None, run_after=None
[2024-03-15T08:18:30.030+0000] {processor.py:183} INFO - Processing /home/airflow/.local/lib/python3.8/site-packages/airflow/example_dags/example_trigger_target_dag.py took 0.023 seconds
[2024-03-15T08:19:00.455+0000] {processor.py:161} INFO - Started process (PID=1586) to work on /home/airflow/.local/lib/python3.8/site-packages/airflow/example_dags/example_trigger_target_dag.py
[2024-03-15T08:19:00.456+0000] {processor.py:830} INFO - Processing file /home/airflow/.local/lib/python3.8/site-packages/airflow/example_dags/example_trigger_target_dag.py for tasks to queue
[2024-03-15T08:19:00.456+0000] {logging_mixin.py:188} INFO - [2024-03-15T08:19:00.456+0000] {dagbag.py:540} INFO - Filling up the DagBag from /home/airflow/.local/lib/python3.8/site-packages/airflow/example_dags/example_trigger_target_dag.py
[2024-03-15T08:19:00.459+0000] {processor.py:840} INFO - DAG(s) 'example_trigger_target_dag' retrieved from /home/airflow/.local/lib/python3.8/site-packages/airflow/example_dags/example_trigger_target_dag.py
[2024-03-15T08:19:00.466+0000] {logging_mixin.py:188} INFO - [2024-03-15T08:19:00.466+0000] {dag.py:3047} INFO - Sync 1 DAGs
[2024-03-15T08:19:00.470+0000] {logging_mixin.py:188} INFO - [2024-03-15T08:19:00.470+0000] {dag.py:3834} INFO - Setting next_dagrun for example_trigger_target_dag to None, run_after=None
[2024-03-15T08:19:00.477+0000] {processor.py:183} INFO - Processing /home/airflow/.local/lib/python3.8/site-packages/airflow/example_dags/example_trigger_target_dag.py took 0.023 seconds
[2024-03-15T08:19:30.717+0000] {processor.py:161} INFO - Started process (PID=1641) to work on /home/airflow/.local/lib/python3.8/site-packages/airflow/example_dags/example_trigger_target_dag.py
[2024-03-15T08:19:30.717+0000] {processor.py:830} INFO - Processing file /home/airflow/.local/lib/python3.8/site-packages/airflow/example_dags/example_trigger_target_dag.py for tasks to queue
[2024-03-15T08:19:30.718+0000] {logging_mixin.py:188} INFO - [2024-03-15T08:19:30.718+0000] {dagbag.py:540} INFO - Filling up the DagBag from /home/airflow/.local/lib/python3.8/site-packages/airflow/example_dags/example_trigger_target_dag.py
[2024-03-15T08:19:30.721+0000] {processor.py:840} INFO - DAG(s) 'example_trigger_target_dag' retrieved from /home/airflow/.local/lib/python3.8/site-packages/airflow/example_dags/example_trigger_target_dag.py
[2024-03-15T08:19:30.729+0000] {logging_mixin.py:188} INFO - [2024-03-15T08:19:30.729+0000] {dag.py:3047} INFO - Sync 1 DAGs
[2024-03-15T08:19:30.734+0000] {logging_mixin.py:188} INFO - [2024-03-15T08:19:30.734+0000] {dag.py:3834} INFO - Setting next_dagrun for example_trigger_target_dag to None, run_after=None
[2024-03-15T08:19:30.740+0000] {processor.py:183} INFO - Processing /home/airflow/.local/lib/python3.8/site-packages/airflow/example_dags/example_trigger_target_dag.py took 0.025 seconds
[2024-03-15T08:20:01.076+0000] {processor.py:161} INFO - Started process (PID=1696) to work on /home/airflow/.local/lib/python3.8/site-packages/airflow/example_dags/example_trigger_target_dag.py
[2024-03-15T08:20:01.076+0000] {processor.py:830} INFO - Processing file /home/airflow/.local/lib/python3.8/site-packages/airflow/example_dags/example_trigger_target_dag.py for tasks to queue
[2024-03-15T08:20:01.077+0000] {logging_mixin.py:188} INFO - [2024-03-15T08:20:01.077+0000] {dagbag.py:540} INFO - Filling up the DagBag from /home/airflow/.local/lib/python3.8/site-packages/airflow/example_dags/example_trigger_target_dag.py
[2024-03-15T08:20:01.080+0000] {processor.py:840} INFO - DAG(s) 'example_trigger_target_dag' retrieved from /home/airflow/.local/lib/python3.8/site-packages/airflow/example_dags/example_trigger_target_dag.py
[2024-03-15T08:20:01.088+0000] {logging_mixin.py:188} INFO - [2024-03-15T08:20:01.088+0000] {dag.py:3047} INFO - Sync 1 DAGs
[2024-03-15T08:20:01.093+0000] {logging_mixin.py:188} INFO - [2024-03-15T08:20:01.092+0000] {dag.py:3834} INFO - Setting next_dagrun for example_trigger_target_dag to None, run_after=None
[2024-03-15T08:20:01.100+0000] {processor.py:183} INFO - Processing /home/airflow/.local/lib/python3.8/site-packages/airflow/example_dags/example_trigger_target_dag.py took 0.025 seconds
[2024-03-15T08:20:31.415+0000] {processor.py:161} INFO - Started process (PID=1750) to work on /home/airflow/.local/lib/python3.8/site-packages/airflow/example_dags/example_trigger_target_dag.py
[2024-03-15T08:20:31.415+0000] {processor.py:830} INFO - Processing file /home/airflow/.local/lib/python3.8/site-packages/airflow/example_dags/example_trigger_target_dag.py for tasks to queue
[2024-03-15T08:20:31.416+0000] {logging_mixin.py:188} INFO - [2024-03-15T08:20:31.416+0000] {dagbag.py:540} INFO - Filling up the DagBag from /home/airflow/.local/lib/python3.8/site-packages/airflow/example_dags/example_trigger_target_dag.py
[2024-03-15T08:20:31.419+0000] {processor.py:840} INFO - DAG(s) 'example_trigger_target_dag' retrieved from /home/airflow/.local/lib/python3.8/site-packages/airflow/example_dags/example_trigger_target_dag.py
[2024-03-15T08:20:31.426+0000] {logging_mixin.py:188} INFO - [2024-03-15T08:20:31.426+0000] {dag.py:3047} INFO - Sync 1 DAGs
[2024-03-15T08:20:31.431+0000] {logging_mixin.py:188} INFO - [2024-03-15T08:20:31.430+0000] {dag.py:3834} INFO - Setting next_dagrun for example_trigger_target_dag to None, run_after=None
[2024-03-15T08:20:31.437+0000] {processor.py:183} INFO - Processing /home/airflow/.local/lib/python3.8/site-packages/airflow/example_dags/example_trigger_target_dag.py took 0.023 seconds
[2024-03-15T08:21:01.714+0000] {processor.py:161} INFO - Started process (PID=1805) to work on /home/airflow/.local/lib/python3.8/site-packages/airflow/example_dags/example_trigger_target_dag.py
[2024-03-15T08:21:01.715+0000] {processor.py:830} INFO - Processing file /home/airflow/.local/lib/python3.8/site-packages/airflow/example_dags/example_trigger_target_dag.py for tasks to queue
[2024-03-15T08:21:01.716+0000] {logging_mixin.py:188} INFO - [2024-03-15T08:21:01.715+0000] {dagbag.py:540} INFO - Filling up the DagBag from /home/airflow/.local/lib/python3.8/site-packages/airflow/example_dags/example_trigger_target_dag.py
[2024-03-15T08:21:01.718+0000] {processor.py:840} INFO - DAG(s) 'example_trigger_target_dag' retrieved from /home/airflow/.local/lib/python3.8/site-packages/airflow/example_dags/example_trigger_target_dag.py
[2024-03-15T08:21:01.726+0000] {logging_mixin.py:188} INFO - [2024-03-15T08:21:01.726+0000] {dag.py:3047} INFO - Sync 1 DAGs
[2024-03-15T08:21:01.731+0000] {logging_mixin.py:188} INFO - [2024-03-15T08:21:01.731+0000] {dag.py:3834} INFO - Setting next_dagrun for example_trigger_target_dag to None, run_after=None
[2024-03-15T08:21:01.737+0000] {processor.py:183} INFO - Processing /home/airflow/.local/lib/python3.8/site-packages/airflow/example_dags/example_trigger_target_dag.py took 0.024 seconds
[2024-03-15T08:21:32.055+0000] {processor.py:161} INFO - Started process (PID=1860) to work on /home/airflow/.local/lib/python3.8/site-packages/airflow/example_dags/example_trigger_target_dag.py
[2024-03-15T08:21:32.056+0000] {processor.py:830} INFO - Processing file /home/airflow/.local/lib/python3.8/site-packages/airflow/example_dags/example_trigger_target_dag.py for tasks to queue
[2024-03-15T08:21:32.056+0000] {logging_mixin.py:188} INFO - [2024-03-15T08:21:32.056+0000] {dagbag.py:540} INFO - Filling up the DagBag from /home/airflow/.local/lib/python3.8/site-packages/airflow/example_dags/example_trigger_target_dag.py
[2024-03-15T08:21:32.059+0000] {processor.py:840} INFO - DAG(s) 'example_trigger_target_dag' retrieved from /home/airflow/.local/lib/python3.8/site-packages/airflow/example_dags/example_trigger_target_dag.py
[2024-03-15T08:21:32.066+0000] {logging_mixin.py:188} INFO - [2024-03-15T08:21:32.066+0000] {dag.py:3047} INFO - Sync 1 DAGs
[2024-03-15T08:21:32.070+0000] {logging_mixin.py:188} INFO - [2024-03-15T08:21:32.070+0000] {dag.py:3834} INFO - Setting next_dagrun for example_trigger_target_dag to None, run_after=None
[2024-03-15T08:21:32.076+0000] {processor.py:183} INFO - Processing /home/airflow/.local/lib/python3.8/site-packages/airflow/example_dags/example_trigger_target_dag.py took 0.022 seconds
[2024-03-15T08:22:02.302+0000] {processor.py:161} INFO - Started process (PID=1914) to work on /home/airflow/.local/lib/python3.8/site-packages/airflow/example_dags/example_trigger_target_dag.py
[2024-03-15T08:22:02.302+0000] {processor.py:830} INFO - Processing file /home/airflow/.local/lib/python3.8/site-packages/airflow/example_dags/example_trigger_target_dag.py for tasks to queue
[2024-03-15T08:22:02.303+0000] {logging_mixin.py:188} INFO - [2024-03-15T08:22:02.303+0000] {dagbag.py:540} INFO - Filling up the DagBag from /home/airflow/.local/lib/python3.8/site-packages/airflow/example_dags/example_trigger_target_dag.py
[2024-03-15T08:22:02.305+0000] {processor.py:840} INFO - DAG(s) 'example_trigger_target_dag' retrieved from /home/airflow/.local/lib/python3.8/site-packages/airflow/example_dags/example_trigger_target_dag.py
[2024-03-15T08:22:02.313+0000] {logging_mixin.py:188} INFO - [2024-03-15T08:22:02.313+0000] {dag.py:3047} INFO - Sync 1 DAGs
[2024-03-15T08:22:02.317+0000] {logging_mixin.py:188} INFO - [2024-03-15T08:22:02.317+0000] {dag.py:3834} INFO - Setting next_dagrun for example_trigger_target_dag to None, run_after=None
[2024-03-15T08:22:02.323+0000] {processor.py:183} INFO - Processing /home/airflow/.local/lib/python3.8/site-packages/airflow/example_dags/example_trigger_target_dag.py took 0.023 seconds
[2024-03-15T08:22:32.662+0000] {processor.py:161} INFO - Started process (PID=1969) to work on /home/airflow/.local/lib/python3.8/site-packages/airflow/example_dags/example_trigger_target_dag.py
[2024-03-15T08:22:32.663+0000] {processor.py:830} INFO - Processing file /home/airflow/.local/lib/python3.8/site-packages/airflow/example_dags/example_trigger_target_dag.py for tasks to queue
[2024-03-15T08:22:32.664+0000] {logging_mixin.py:188} INFO - [2024-03-15T08:22:32.663+0000] {dagbag.py:540} INFO - Filling up the DagBag from /home/airflow/.local/lib/python3.8/site-packages/airflow/example_dags/example_trigger_target_dag.py
[2024-03-15T08:22:32.667+0000] {processor.py:840} INFO - DAG(s) 'example_trigger_target_dag' retrieved from /home/airflow/.local/lib/python3.8/site-packages/airflow/example_dags/example_trigger_target_dag.py
[2024-03-15T08:22:32.675+0000] {logging_mixin.py:188} INFO - [2024-03-15T08:22:32.675+0000] {dag.py:3047} INFO - Sync 1 DAGs
[2024-03-15T08:22:32.681+0000] {logging_mixin.py:188} INFO - [2024-03-15T08:22:32.680+0000] {dag.py:3834} INFO - Setting next_dagrun for example_trigger_target_dag to None, run_after=None
[2024-03-15T08:22:32.688+0000] {processor.py:183} INFO - Processing /home/airflow/.local/lib/python3.8/site-packages/airflow/example_dags/example_trigger_target_dag.py took 0.027 seconds
[2024-03-15T08:23:03.160+0000] {processor.py:161} INFO - Started process (PID=2024) to work on /home/airflow/.local/lib/python3.8/site-packages/airflow/example_dags/example_trigger_target_dag.py
[2024-03-15T08:23:03.161+0000] {processor.py:830} INFO - Processing file /home/airflow/.local/lib/python3.8/site-packages/airflow/example_dags/example_trigger_target_dag.py for tasks to queue
[2024-03-15T08:23:03.161+0000] {logging_mixin.py:188} INFO - [2024-03-15T08:23:03.161+0000] {dagbag.py:540} INFO - Filling up the DagBag from /home/airflow/.local/lib/python3.8/site-packages/airflow/example_dags/example_trigger_target_dag.py
[2024-03-15T08:23:03.165+0000] {processor.py:840} INFO - DAG(s) 'example_trigger_target_dag' retrieved from /home/airflow/.local/lib/python3.8/site-packages/airflow/example_dags/example_trigger_target_dag.py
[2024-03-15T08:23:03.174+0000] {logging_mixin.py:188} INFO - [2024-03-15T08:23:03.174+0000] {dag.py:3047} INFO - Sync 1 DAGs
[2024-03-15T08:23:03.179+0000] {logging_mixin.py:188} INFO - [2024-03-15T08:23:03.179+0000] {dag.py:3834} INFO - Setting next_dagrun for example_trigger_target_dag to None, run_after=None
[2024-03-15T08:23:03.187+0000] {processor.py:183} INFO - Processing /home/airflow/.local/lib/python3.8/site-packages/airflow/example_dags/example_trigger_target_dag.py took 0.028 seconds
[2024-03-15T08:23:33.689+0000] {processor.py:161} INFO - Started process (PID=2078) to work on /home/airflow/.local/lib/python3.8/site-packages/airflow/example_dags/example_trigger_target_dag.py
[2024-03-15T08:23:33.689+0000] {processor.py:830} INFO - Processing file /home/airflow/.local/lib/python3.8/site-packages/airflow/example_dags/example_trigger_target_dag.py for tasks to queue
[2024-03-15T08:23:33.690+0000] {logging_mixin.py:188} INFO - [2024-03-15T08:23:33.690+0000] {dagbag.py:540} INFO - Filling up the DagBag from /home/airflow/.local/lib/python3.8/site-packages/airflow/example_dags/example_trigger_target_dag.py
[2024-03-15T08:23:33.692+0000] {processor.py:840} INFO - DAG(s) 'example_trigger_target_dag' retrieved from /home/airflow/.local/lib/python3.8/site-packages/airflow/example_dags/example_trigger_target_dag.py
[2024-03-15T08:23:33.701+0000] {logging_mixin.py:188} INFO - [2024-03-15T08:23:33.701+0000] {dag.py:3047} INFO - Sync 1 DAGs
[2024-03-15T08:23:33.706+0000] {logging_mixin.py:188} INFO - [2024-03-15T08:23:33.706+0000] {dag.py:3834} INFO - Setting next_dagrun for example_trigger_target_dag to None, run_after=None
[2024-03-15T08:23:33.713+0000] {processor.py:183} INFO - Processing /home/airflow/.local/lib/python3.8/site-packages/airflow/example_dags/example_trigger_target_dag.py took 0.026 seconds
