[2024-03-15T08:04:49.263+0000] {processor.py:161} INFO - Started process (PID=68) to work on /home/airflow/.local/lib/python3.8/site-packages/airflow/example_dags/example_sensors.py
[2024-03-15T08:04:49.264+0000] {processor.py:830} INFO - Processing file /home/airflow/.local/lib/python3.8/site-packages/airflow/example_dags/example_sensors.py for tasks to queue
[2024-03-15T08:04:49.266+0000] {logging_mixin.py:188} INFO - [2024-03-15T08:04:49.266+0000] {dagbag.py:540} INFO - Filling up the DagBag from /home/airflow/.local/lib/python3.8/site-packages/airflow/example_dags/example_sensors.py
[2024-03-15T08:04:49.272+0000] {processor.py:840} INFO - DAG(s) 'example_sensors' retrieved from /home/airflow/.local/lib/python3.8/site-packages/airflow/example_dags/example_sensors.py
[2024-03-15T08:04:49.279+0000] {logging_mixin.py:188} INFO - [2024-03-15T08:04:49.279+0000] {dag.py:3047} INFO - Sync 1 DAGs
[2024-03-15T08:04:49.287+0000] {logging_mixin.py:188} INFO - [2024-03-15T08:04:49.287+0000] {dag.py:3834} INFO - Setting next_dagrun for example_sensors to None, run_after=None
[2024-03-15T08:04:49.298+0000] {processor.py:183} INFO - Processing /home/airflow/.local/lib/python3.8/site-packages/airflow/example_dags/example_sensors.py took 0.036 seconds
[2024-03-15T08:05:20.616+0000] {processor.py:161} INFO - Started process (PID=123) to work on /home/airflow/.local/lib/python3.8/site-packages/airflow/example_dags/example_sensors.py
[2024-03-15T08:05:20.617+0000] {processor.py:830} INFO - Processing file /home/airflow/.local/lib/python3.8/site-packages/airflow/example_dags/example_sensors.py for tasks to queue
[2024-03-15T08:05:20.617+0000] {logging_mixin.py:188} INFO - [2024-03-15T08:05:20.617+0000] {dagbag.py:540} INFO - Filling up the DagBag from /home/airflow/.local/lib/python3.8/site-packages/airflow/example_dags/example_sensors.py
[2024-03-15T08:05:20.622+0000] {processor.py:840} INFO - DAG(s) 'example_sensors' retrieved from /home/airflow/.local/lib/python3.8/site-packages/airflow/example_dags/example_sensors.py
[2024-03-15T08:05:20.661+0000] {logging_mixin.py:188} INFO - [2024-03-15T08:05:20.661+0000] {dag.py:3047} INFO - Sync 1 DAGs
[2024-03-15T08:05:20.665+0000] {logging_mixin.py:188} INFO - [2024-03-15T08:05:20.665+0000] {dag.py:3834} INFO - Setting next_dagrun for example_sensors to None, run_after=None
[2024-03-15T08:05:20.672+0000] {processor.py:183} INFO - Processing /home/airflow/.local/lib/python3.8/site-packages/airflow/example_dags/example_sensors.py took 0.058 seconds
[2024-03-15T08:05:51.307+0000] {processor.py:161} INFO - Started process (PID=178) to work on /home/airflow/.local/lib/python3.8/site-packages/airflow/example_dags/example_sensors.py
[2024-03-15T08:05:51.307+0000] {processor.py:830} INFO - Processing file /home/airflow/.local/lib/python3.8/site-packages/airflow/example_dags/example_sensors.py for tasks to queue
[2024-03-15T08:05:51.308+0000] {logging_mixin.py:188} INFO - [2024-03-15T08:05:51.308+0000] {dagbag.py:540} INFO - Filling up the DagBag from /home/airflow/.local/lib/python3.8/site-packages/airflow/example_dags/example_sensors.py
[2024-03-15T08:05:51.312+0000] {processor.py:840} INFO - DAG(s) 'example_sensors' retrieved from /home/airflow/.local/lib/python3.8/site-packages/airflow/example_dags/example_sensors.py
[2024-03-15T08:05:51.321+0000] {logging_mixin.py:188} INFO - [2024-03-15T08:05:51.321+0000] {dag.py:3047} INFO - Sync 1 DAGs
[2024-03-15T08:05:51.326+0000] {logging_mixin.py:188} INFO - [2024-03-15T08:05:51.326+0000] {dag.py:3834} INFO - Setting next_dagrun for example_sensors to None, run_after=None
[2024-03-15T08:05:51.332+0000] {processor.py:183} INFO - Processing /home/airflow/.local/lib/python3.8/site-packages/airflow/example_dags/example_sensors.py took 0.026 seconds
[2024-03-15T08:06:21.594+0000] {processor.py:161} INFO - Started process (PID=233) to work on /home/airflow/.local/lib/python3.8/site-packages/airflow/example_dags/example_sensors.py
[2024-03-15T08:06:21.595+0000] {processor.py:830} INFO - Processing file /home/airflow/.local/lib/python3.8/site-packages/airflow/example_dags/example_sensors.py for tasks to queue
[2024-03-15T08:06:21.595+0000] {logging_mixin.py:188} INFO - [2024-03-15T08:06:21.595+0000] {dagbag.py:540} INFO - Filling up the DagBag from /home/airflow/.local/lib/python3.8/site-packages/airflow/example_dags/example_sensors.py
[2024-03-15T08:06:21.599+0000] {processor.py:840} INFO - DAG(s) 'example_sensors' retrieved from /home/airflow/.local/lib/python3.8/site-packages/airflow/example_dags/example_sensors.py
[2024-03-15T08:06:21.608+0000] {logging_mixin.py:188} INFO - [2024-03-15T08:06:21.608+0000] {dag.py:3047} INFO - Sync 1 DAGs
[2024-03-15T08:06:21.612+0000] {logging_mixin.py:188} INFO - [2024-03-15T08:06:21.612+0000] {dag.py:3834} INFO - Setting next_dagrun for example_sensors to None, run_after=None
[2024-03-15T08:06:21.618+0000] {processor.py:183} INFO - Processing /home/airflow/.local/lib/python3.8/site-packages/airflow/example_dags/example_sensors.py took 0.026 seconds
[2024-03-15T08:06:51.895+0000] {processor.py:161} INFO - Started process (PID=288) to work on /home/airflow/.local/lib/python3.8/site-packages/airflow/example_dags/example_sensors.py
[2024-03-15T08:06:51.895+0000] {processor.py:830} INFO - Processing file /home/airflow/.local/lib/python3.8/site-packages/airflow/example_dags/example_sensors.py for tasks to queue
[2024-03-15T08:06:51.896+0000] {logging_mixin.py:188} INFO - [2024-03-15T08:06:51.896+0000] {dagbag.py:540} INFO - Filling up the DagBag from /home/airflow/.local/lib/python3.8/site-packages/airflow/example_dags/example_sensors.py
[2024-03-15T08:06:51.899+0000] {processor.py:840} INFO - DAG(s) 'example_sensors' retrieved from /home/airflow/.local/lib/python3.8/site-packages/airflow/example_dags/example_sensors.py
[2024-03-15T08:06:51.909+0000] {logging_mixin.py:188} INFO - [2024-03-15T08:06:51.909+0000] {dag.py:3047} INFO - Sync 1 DAGs
[2024-03-15T08:06:51.913+0000] {logging_mixin.py:188} INFO - [2024-03-15T08:06:51.913+0000] {dag.py:3834} INFO - Setting next_dagrun for example_sensors to None, run_after=None
[2024-03-15T08:06:51.919+0000] {processor.py:183} INFO - Processing /home/airflow/.local/lib/python3.8/site-packages/airflow/example_dags/example_sensors.py took 0.025 seconds
[2024-03-15T08:07:22.212+0000] {processor.py:161} INFO - Started process (PID=343) to work on /home/airflow/.local/lib/python3.8/site-packages/airflow/example_dags/example_sensors.py
[2024-03-15T08:07:22.212+0000] {processor.py:830} INFO - Processing file /home/airflow/.local/lib/python3.8/site-packages/airflow/example_dags/example_sensors.py for tasks to queue
[2024-03-15T08:07:22.213+0000] {logging_mixin.py:188} INFO - [2024-03-15T08:07:22.213+0000] {dagbag.py:540} INFO - Filling up the DagBag from /home/airflow/.local/lib/python3.8/site-packages/airflow/example_dags/example_sensors.py
[2024-03-15T08:07:22.217+0000] {processor.py:840} INFO - DAG(s) 'example_sensors' retrieved from /home/airflow/.local/lib/python3.8/site-packages/airflow/example_dags/example_sensors.py
[2024-03-15T08:07:22.227+0000] {logging_mixin.py:188} INFO - [2024-03-15T08:07:22.226+0000] {dag.py:3047} INFO - Sync 1 DAGs
[2024-03-15T08:07:22.231+0000] {logging_mixin.py:188} INFO - [2024-03-15T08:07:22.231+0000] {dag.py:3834} INFO - Setting next_dagrun for example_sensors to None, run_after=None
[2024-03-15T08:07:22.238+0000] {processor.py:183} INFO - Processing /home/airflow/.local/lib/python3.8/site-packages/airflow/example_dags/example_sensors.py took 0.028 seconds
[2024-03-15T08:07:52.474+0000] {processor.py:161} INFO - Started process (PID=398) to work on /home/airflow/.local/lib/python3.8/site-packages/airflow/example_dags/example_sensors.py
[2024-03-15T08:07:52.474+0000] {processor.py:830} INFO - Processing file /home/airflow/.local/lib/python3.8/site-packages/airflow/example_dags/example_sensors.py for tasks to queue
[2024-03-15T08:07:52.475+0000] {logging_mixin.py:188} INFO - [2024-03-15T08:07:52.475+0000] {dagbag.py:540} INFO - Filling up the DagBag from /home/airflow/.local/lib/python3.8/site-packages/airflow/example_dags/example_sensors.py
[2024-03-15T08:07:52.479+0000] {processor.py:840} INFO - DAG(s) 'example_sensors' retrieved from /home/airflow/.local/lib/python3.8/site-packages/airflow/example_dags/example_sensors.py
[2024-03-15T08:07:52.489+0000] {logging_mixin.py:188} INFO - [2024-03-15T08:07:52.489+0000] {dag.py:3047} INFO - Sync 1 DAGs
[2024-03-15T08:07:52.495+0000] {logging_mixin.py:188} INFO - [2024-03-15T08:07:52.494+0000] {dag.py:3834} INFO - Setting next_dagrun for example_sensors to None, run_after=None
[2024-03-15T08:07:52.502+0000] {processor.py:183} INFO - Processing /home/airflow/.local/lib/python3.8/site-packages/airflow/example_dags/example_sensors.py took 0.030 seconds
[2024-03-15T08:08:22.908+0000] {processor.py:161} INFO - Started process (PID=452) to work on /home/airflow/.local/lib/python3.8/site-packages/airflow/example_dags/example_sensors.py
[2024-03-15T08:08:22.908+0000] {processor.py:830} INFO - Processing file /home/airflow/.local/lib/python3.8/site-packages/airflow/example_dags/example_sensors.py for tasks to queue
[2024-03-15T08:08:22.909+0000] {logging_mixin.py:188} INFO - [2024-03-15T08:08:22.909+0000] {dagbag.py:540} INFO - Filling up the DagBag from /home/airflow/.local/lib/python3.8/site-packages/airflow/example_dags/example_sensors.py
[2024-03-15T08:08:22.913+0000] {processor.py:840} INFO - DAG(s) 'example_sensors' retrieved from /home/airflow/.local/lib/python3.8/site-packages/airflow/example_dags/example_sensors.py
[2024-03-15T08:08:22.923+0000] {logging_mixin.py:188} INFO - [2024-03-15T08:08:22.923+0000] {dag.py:3047} INFO - Sync 1 DAGs
[2024-03-15T08:08:22.927+0000] {logging_mixin.py:188} INFO - [2024-03-15T08:08:22.927+0000] {dag.py:3834} INFO - Setting next_dagrun for example_sensors to None, run_after=None
[2024-03-15T08:08:22.933+0000] {processor.py:183} INFO - Processing /home/airflow/.local/lib/python3.8/site-packages/airflow/example_dags/example_sensors.py took 0.027 seconds
[2024-03-15T08:08:53.229+0000] {processor.py:161} INFO - Started process (PID=507) to work on /home/airflow/.local/lib/python3.8/site-packages/airflow/example_dags/example_sensors.py
[2024-03-15T08:08:53.229+0000] {processor.py:830} INFO - Processing file /home/airflow/.local/lib/python3.8/site-packages/airflow/example_dags/example_sensors.py for tasks to queue
[2024-03-15T08:08:53.230+0000] {logging_mixin.py:188} INFO - [2024-03-15T08:08:53.230+0000] {dagbag.py:540} INFO - Filling up the DagBag from /home/airflow/.local/lib/python3.8/site-packages/airflow/example_dags/example_sensors.py
[2024-03-15T08:08:53.234+0000] {processor.py:840} INFO - DAG(s) 'example_sensors' retrieved from /home/airflow/.local/lib/python3.8/site-packages/airflow/example_dags/example_sensors.py
[2024-03-15T08:08:53.243+0000] {logging_mixin.py:188} INFO - [2024-03-15T08:08:53.243+0000] {dag.py:3047} INFO - Sync 1 DAGs
[2024-03-15T08:08:53.248+0000] {logging_mixin.py:188} INFO - [2024-03-15T08:08:53.248+0000] {dag.py:3834} INFO - Setting next_dagrun for example_sensors to None, run_after=None
[2024-03-15T08:08:53.254+0000] {processor.py:183} INFO - Processing /home/airflow/.local/lib/python3.8/site-packages/airflow/example_dags/example_sensors.py took 0.026 seconds
[2024-03-15T08:09:23.564+0000] {processor.py:161} INFO - Started process (PID=562) to work on /home/airflow/.local/lib/python3.8/site-packages/airflow/example_dags/example_sensors.py
[2024-03-15T08:09:23.565+0000] {processor.py:830} INFO - Processing file /home/airflow/.local/lib/python3.8/site-packages/airflow/example_dags/example_sensors.py for tasks to queue
[2024-03-15T08:09:23.565+0000] {logging_mixin.py:188} INFO - [2024-03-15T08:09:23.565+0000] {dagbag.py:540} INFO - Filling up the DagBag from /home/airflow/.local/lib/python3.8/site-packages/airflow/example_dags/example_sensors.py
[2024-03-15T08:09:23.569+0000] {processor.py:840} INFO - DAG(s) 'example_sensors' retrieved from /home/airflow/.local/lib/python3.8/site-packages/airflow/example_dags/example_sensors.py
[2024-03-15T08:09:23.579+0000] {logging_mixin.py:188} INFO - [2024-03-15T08:09:23.579+0000] {dag.py:3047} INFO - Sync 1 DAGs
[2024-03-15T08:09:23.584+0000] {logging_mixin.py:188} INFO - [2024-03-15T08:09:23.584+0000] {dag.py:3834} INFO - Setting next_dagrun for example_sensors to None, run_after=None
[2024-03-15T08:09:23.590+0000] {processor.py:183} INFO - Processing /home/airflow/.local/lib/python3.8/site-packages/airflow/example_dags/example_sensors.py took 0.028 seconds
[2024-03-15T08:09:54.083+0000] {processor.py:161} INFO - Started process (PID=617) to work on /home/airflow/.local/lib/python3.8/site-packages/airflow/example_dags/example_sensors.py
[2024-03-15T08:09:54.083+0000] {processor.py:830} INFO - Processing file /home/airflow/.local/lib/python3.8/site-packages/airflow/example_dags/example_sensors.py for tasks to queue
[2024-03-15T08:09:54.084+0000] {logging_mixin.py:188} INFO - [2024-03-15T08:09:54.084+0000] {dagbag.py:540} INFO - Filling up the DagBag from /home/airflow/.local/lib/python3.8/site-packages/airflow/example_dags/example_sensors.py
[2024-03-15T08:09:54.087+0000] {processor.py:840} INFO - DAG(s) 'example_sensors' retrieved from /home/airflow/.local/lib/python3.8/site-packages/airflow/example_dags/example_sensors.py
[2024-03-15T08:09:54.098+0000] {logging_mixin.py:188} INFO - [2024-03-15T08:09:54.098+0000] {dag.py:3047} INFO - Sync 1 DAGs
[2024-03-15T08:09:54.103+0000] {logging_mixin.py:188} INFO - [2024-03-15T08:09:54.103+0000] {dag.py:3834} INFO - Setting next_dagrun for example_sensors to None, run_after=None
[2024-03-15T08:09:54.110+0000] {processor.py:183} INFO - Processing /home/airflow/.local/lib/python3.8/site-packages/airflow/example_dags/example_sensors.py took 0.029 seconds
[2024-03-15T08:10:24.472+0000] {processor.py:161} INFO - Started process (PID=672) to work on /home/airflow/.local/lib/python3.8/site-packages/airflow/example_dags/example_sensors.py
[2024-03-15T08:10:24.472+0000] {processor.py:830} INFO - Processing file /home/airflow/.local/lib/python3.8/site-packages/airflow/example_dags/example_sensors.py for tasks to queue
[2024-03-15T08:10:24.473+0000] {logging_mixin.py:188} INFO - [2024-03-15T08:10:24.473+0000] {dagbag.py:540} INFO - Filling up the DagBag from /home/airflow/.local/lib/python3.8/site-packages/airflow/example_dags/example_sensors.py
[2024-03-15T08:10:24.477+0000] {processor.py:840} INFO - DAG(s) 'example_sensors' retrieved from /home/airflow/.local/lib/python3.8/site-packages/airflow/example_dags/example_sensors.py
[2024-03-15T08:10:24.486+0000] {logging_mixin.py:188} INFO - [2024-03-15T08:10:24.486+0000] {dag.py:3047} INFO - Sync 1 DAGs
[2024-03-15T08:10:24.491+0000] {logging_mixin.py:188} INFO - [2024-03-15T08:10:24.491+0000] {dag.py:3834} INFO - Setting next_dagrun for example_sensors to None, run_after=None
[2024-03-15T08:10:24.500+0000] {processor.py:183} INFO - Processing /home/airflow/.local/lib/python3.8/site-packages/airflow/example_dags/example_sensors.py took 0.030 seconds
[2024-03-15T08:10:54.776+0000] {processor.py:161} INFO - Started process (PID=727) to work on /home/airflow/.local/lib/python3.8/site-packages/airflow/example_dags/example_sensors.py
[2024-03-15T08:10:54.777+0000] {processor.py:830} INFO - Processing file /home/airflow/.local/lib/python3.8/site-packages/airflow/example_dags/example_sensors.py for tasks to queue
[2024-03-15T08:10:54.778+0000] {logging_mixin.py:188} INFO - [2024-03-15T08:10:54.777+0000] {dagbag.py:540} INFO - Filling up the DagBag from /home/airflow/.local/lib/python3.8/site-packages/airflow/example_dags/example_sensors.py
[2024-03-15T08:10:54.781+0000] {processor.py:840} INFO - DAG(s) 'example_sensors' retrieved from /home/airflow/.local/lib/python3.8/site-packages/airflow/example_dags/example_sensors.py
[2024-03-15T08:10:54.790+0000] {logging_mixin.py:188} INFO - [2024-03-15T08:10:54.790+0000] {dag.py:3047} INFO - Sync 1 DAGs
[2024-03-15T08:10:54.795+0000] {logging_mixin.py:188} INFO - [2024-03-15T08:10:54.795+0000] {dag.py:3834} INFO - Setting next_dagrun for example_sensors to None, run_after=None
[2024-03-15T08:10:54.801+0000] {processor.py:183} INFO - Processing /home/airflow/.local/lib/python3.8/site-packages/airflow/example_dags/example_sensors.py took 0.026 seconds
[2024-03-15T08:11:25.300+0000] {processor.py:161} INFO - Started process (PID=782) to work on /home/airflow/.local/lib/python3.8/site-packages/airflow/example_dags/example_sensors.py
[2024-03-15T08:11:25.301+0000] {processor.py:830} INFO - Processing file /home/airflow/.local/lib/python3.8/site-packages/airflow/example_dags/example_sensors.py for tasks to queue
[2024-03-15T08:11:25.302+0000] {logging_mixin.py:188} INFO - [2024-03-15T08:11:25.302+0000] {dagbag.py:540} INFO - Filling up the DagBag from /home/airflow/.local/lib/python3.8/site-packages/airflow/example_dags/example_sensors.py
[2024-03-15T08:11:25.306+0000] {processor.py:840} INFO - DAG(s) 'example_sensors' retrieved from /home/airflow/.local/lib/python3.8/site-packages/airflow/example_dags/example_sensors.py
[2024-03-15T08:11:25.316+0000] {logging_mixin.py:188} INFO - [2024-03-15T08:11:25.316+0000] {dag.py:3047} INFO - Sync 1 DAGs
[2024-03-15T08:11:25.322+0000] {logging_mixin.py:188} INFO - [2024-03-15T08:11:25.322+0000] {dag.py:3834} INFO - Setting next_dagrun for example_sensors to None, run_after=None
[2024-03-15T08:11:25.328+0000] {processor.py:183} INFO - Processing /home/airflow/.local/lib/python3.8/site-packages/airflow/example_dags/example_sensors.py took 0.030 seconds
[2024-03-15T08:11:55.755+0000] {processor.py:161} INFO - Started process (PID=837) to work on /home/airflow/.local/lib/python3.8/site-packages/airflow/example_dags/example_sensors.py
[2024-03-15T08:11:55.755+0000] {processor.py:830} INFO - Processing file /home/airflow/.local/lib/python3.8/site-packages/airflow/example_dags/example_sensors.py for tasks to queue
[2024-03-15T08:11:55.756+0000] {logging_mixin.py:188} INFO - [2024-03-15T08:11:55.756+0000] {dagbag.py:540} INFO - Filling up the DagBag from /home/airflow/.local/lib/python3.8/site-packages/airflow/example_dags/example_sensors.py
[2024-03-15T08:11:55.761+0000] {processor.py:840} INFO - DAG(s) 'example_sensors' retrieved from /home/airflow/.local/lib/python3.8/site-packages/airflow/example_dags/example_sensors.py
[2024-03-15T08:11:55.771+0000] {logging_mixin.py:188} INFO - [2024-03-15T08:11:55.771+0000] {dag.py:3047} INFO - Sync 1 DAGs
[2024-03-15T08:11:55.776+0000] {logging_mixin.py:188} INFO - [2024-03-15T08:11:55.776+0000] {dag.py:3834} INFO - Setting next_dagrun for example_sensors to None, run_after=None
[2024-03-15T08:11:55.785+0000] {processor.py:183} INFO - Processing /home/airflow/.local/lib/python3.8/site-packages/airflow/example_dags/example_sensors.py took 0.031 seconds
[2024-03-15T08:12:26.325+0000] {processor.py:161} INFO - Started process (PID=892) to work on /home/airflow/.local/lib/python3.8/site-packages/airflow/example_dags/example_sensors.py
[2024-03-15T08:12:26.325+0000] {processor.py:830} INFO - Processing file /home/airflow/.local/lib/python3.8/site-packages/airflow/example_dags/example_sensors.py for tasks to queue
[2024-03-15T08:12:26.326+0000] {logging_mixin.py:188} INFO - [2024-03-15T08:12:26.326+0000] {dagbag.py:540} INFO - Filling up the DagBag from /home/airflow/.local/lib/python3.8/site-packages/airflow/example_dags/example_sensors.py
[2024-03-15T08:12:26.331+0000] {processor.py:840} INFO - DAG(s) 'example_sensors' retrieved from /home/airflow/.local/lib/python3.8/site-packages/airflow/example_dags/example_sensors.py
[2024-03-15T08:12:26.344+0000] {logging_mixin.py:188} INFO - [2024-03-15T08:12:26.344+0000] {dag.py:3047} INFO - Sync 1 DAGs
[2024-03-15T08:12:26.349+0000] {logging_mixin.py:188} INFO - [2024-03-15T08:12:26.349+0000] {dag.py:3834} INFO - Setting next_dagrun for example_sensors to None, run_after=None
[2024-03-15T08:12:26.357+0000] {processor.py:183} INFO - Processing /home/airflow/.local/lib/python3.8/site-packages/airflow/example_dags/example_sensors.py took 0.034 seconds
[2024-03-15T08:12:56.676+0000] {processor.py:161} INFO - Started process (PID=947) to work on /home/airflow/.local/lib/python3.8/site-packages/airflow/example_dags/example_sensors.py
[2024-03-15T08:12:56.676+0000] {processor.py:830} INFO - Processing file /home/airflow/.local/lib/python3.8/site-packages/airflow/example_dags/example_sensors.py for tasks to queue
[2024-03-15T08:12:56.677+0000] {logging_mixin.py:188} INFO - [2024-03-15T08:12:56.677+0000] {dagbag.py:540} INFO - Filling up the DagBag from /home/airflow/.local/lib/python3.8/site-packages/airflow/example_dags/example_sensors.py
[2024-03-15T08:12:56.680+0000] {processor.py:840} INFO - DAG(s) 'example_sensors' retrieved from /home/airflow/.local/lib/python3.8/site-packages/airflow/example_dags/example_sensors.py
[2024-03-15T08:12:56.690+0000] {logging_mixin.py:188} INFO - [2024-03-15T08:12:56.690+0000] {dag.py:3047} INFO - Sync 1 DAGs
[2024-03-15T08:12:56.694+0000] {logging_mixin.py:188} INFO - [2024-03-15T08:12:56.694+0000] {dag.py:3834} INFO - Setting next_dagrun for example_sensors to None, run_after=None
[2024-03-15T08:12:56.700+0000] {processor.py:183} INFO - Processing /home/airflow/.local/lib/python3.8/site-packages/airflow/example_dags/example_sensors.py took 0.026 seconds
[2024-03-15T08:13:26.923+0000] {processor.py:161} INFO - Started process (PID=1002) to work on /home/airflow/.local/lib/python3.8/site-packages/airflow/example_dags/example_sensors.py
[2024-03-15T08:13:26.924+0000] {processor.py:830} INFO - Processing file /home/airflow/.local/lib/python3.8/site-packages/airflow/example_dags/example_sensors.py for tasks to queue
[2024-03-15T08:13:26.924+0000] {logging_mixin.py:188} INFO - [2024-03-15T08:13:26.924+0000] {dagbag.py:540} INFO - Filling up the DagBag from /home/airflow/.local/lib/python3.8/site-packages/airflow/example_dags/example_sensors.py
[2024-03-15T08:13:26.928+0000] {processor.py:840} INFO - DAG(s) 'example_sensors' retrieved from /home/airflow/.local/lib/python3.8/site-packages/airflow/example_dags/example_sensors.py
[2024-03-15T08:13:26.938+0000] {logging_mixin.py:188} INFO - [2024-03-15T08:13:26.938+0000] {dag.py:3047} INFO - Sync 1 DAGs
[2024-03-15T08:13:26.943+0000] {logging_mixin.py:188} INFO - [2024-03-15T08:13:26.943+0000] {dag.py:3834} INFO - Setting next_dagrun for example_sensors to None, run_after=None
[2024-03-15T08:13:26.949+0000] {processor.py:183} INFO - Processing /home/airflow/.local/lib/python3.8/site-packages/airflow/example_dags/example_sensors.py took 0.027 seconds
[2024-03-15T08:13:57.269+0000] {processor.py:161} INFO - Started process (PID=1057) to work on /home/airflow/.local/lib/python3.8/site-packages/airflow/example_dags/example_sensors.py
[2024-03-15T08:13:57.269+0000] {processor.py:830} INFO - Processing file /home/airflow/.local/lib/python3.8/site-packages/airflow/example_dags/example_sensors.py for tasks to queue
[2024-03-15T08:13:57.270+0000] {logging_mixin.py:188} INFO - [2024-03-15T08:13:57.270+0000] {dagbag.py:540} INFO - Filling up the DagBag from /home/airflow/.local/lib/python3.8/site-packages/airflow/example_dags/example_sensors.py
[2024-03-15T08:13:57.274+0000] {processor.py:840} INFO - DAG(s) 'example_sensors' retrieved from /home/airflow/.local/lib/python3.8/site-packages/airflow/example_dags/example_sensors.py
[2024-03-15T08:13:57.283+0000] {logging_mixin.py:188} INFO - [2024-03-15T08:13:57.283+0000] {dag.py:3047} INFO - Sync 1 DAGs
[2024-03-15T08:13:57.288+0000] {logging_mixin.py:188} INFO - [2024-03-15T08:13:57.288+0000] {dag.py:3834} INFO - Setting next_dagrun for example_sensors to None, run_after=None
[2024-03-15T08:13:57.294+0000] {processor.py:183} INFO - Processing /home/airflow/.local/lib/python3.8/site-packages/airflow/example_dags/example_sensors.py took 0.026 seconds
[2024-03-15T08:14:27.639+0000] {processor.py:161} INFO - Started process (PID=1112) to work on /home/airflow/.local/lib/python3.8/site-packages/airflow/example_dags/example_sensors.py
[2024-03-15T08:14:27.639+0000] {processor.py:830} INFO - Processing file /home/airflow/.local/lib/python3.8/site-packages/airflow/example_dags/example_sensors.py for tasks to queue
[2024-03-15T08:14:27.640+0000] {logging_mixin.py:188} INFO - [2024-03-15T08:14:27.640+0000] {dagbag.py:540} INFO - Filling up the DagBag from /home/airflow/.local/lib/python3.8/site-packages/airflow/example_dags/example_sensors.py
[2024-03-15T08:14:27.643+0000] {processor.py:840} INFO - DAG(s) 'example_sensors' retrieved from /home/airflow/.local/lib/python3.8/site-packages/airflow/example_dags/example_sensors.py
[2024-03-15T08:14:27.653+0000] {logging_mixin.py:188} INFO - [2024-03-15T08:14:27.653+0000] {dag.py:3047} INFO - Sync 1 DAGs
[2024-03-15T08:14:27.657+0000] {logging_mixin.py:188} INFO - [2024-03-15T08:14:27.657+0000] {dag.py:3834} INFO - Setting next_dagrun for example_sensors to None, run_after=None
[2024-03-15T08:14:27.663+0000] {processor.py:183} INFO - Processing /home/airflow/.local/lib/python3.8/site-packages/airflow/example_dags/example_sensors.py took 0.026 seconds
[2024-03-15T08:14:57.958+0000] {processor.py:161} INFO - Started process (PID=1167) to work on /home/airflow/.local/lib/python3.8/site-packages/airflow/example_dags/example_sensors.py
[2024-03-15T08:14:57.958+0000] {processor.py:830} INFO - Processing file /home/airflow/.local/lib/python3.8/site-packages/airflow/example_dags/example_sensors.py for tasks to queue
[2024-03-15T08:14:57.959+0000] {logging_mixin.py:188} INFO - [2024-03-15T08:14:57.959+0000] {dagbag.py:540} INFO - Filling up the DagBag from /home/airflow/.local/lib/python3.8/site-packages/airflow/example_dags/example_sensors.py
[2024-03-15T08:14:57.962+0000] {processor.py:840} INFO - DAG(s) 'example_sensors' retrieved from /home/airflow/.local/lib/python3.8/site-packages/airflow/example_dags/example_sensors.py
[2024-03-15T08:14:57.972+0000] {logging_mixin.py:188} INFO - [2024-03-15T08:14:57.972+0000] {dag.py:3047} INFO - Sync 1 DAGs
[2024-03-15T08:14:57.977+0000] {logging_mixin.py:188} INFO - [2024-03-15T08:14:57.977+0000] {dag.py:3834} INFO - Setting next_dagrun for example_sensors to None, run_after=None
[2024-03-15T08:14:57.984+0000] {processor.py:183} INFO - Processing /home/airflow/.local/lib/python3.8/site-packages/airflow/example_dags/example_sensors.py took 0.027 seconds
[2024-03-15T08:15:28.337+0000] {processor.py:161} INFO - Started process (PID=1222) to work on /home/airflow/.local/lib/python3.8/site-packages/airflow/example_dags/example_sensors.py
[2024-03-15T08:15:28.337+0000] {processor.py:830} INFO - Processing file /home/airflow/.local/lib/python3.8/site-packages/airflow/example_dags/example_sensors.py for tasks to queue
[2024-03-15T08:15:28.338+0000] {logging_mixin.py:188} INFO - [2024-03-15T08:15:28.338+0000] {dagbag.py:540} INFO - Filling up the DagBag from /home/airflow/.local/lib/python3.8/site-packages/airflow/example_dags/example_sensors.py
[2024-03-15T08:15:28.341+0000] {processor.py:840} INFO - DAG(s) 'example_sensors' retrieved from /home/airflow/.local/lib/python3.8/site-packages/airflow/example_dags/example_sensors.py
[2024-03-15T08:15:28.351+0000] {logging_mixin.py:188} INFO - [2024-03-15T08:15:28.351+0000] {dag.py:3047} INFO - Sync 1 DAGs
[2024-03-15T08:15:28.356+0000] {logging_mixin.py:188} INFO - [2024-03-15T08:15:28.355+0000] {dag.py:3834} INFO - Setting next_dagrun for example_sensors to None, run_after=None
[2024-03-15T08:15:28.362+0000] {processor.py:183} INFO - Processing /home/airflow/.local/lib/python3.8/site-packages/airflow/example_dags/example_sensors.py took 0.027 seconds
[2024-03-15T08:15:58.734+0000] {processor.py:161} INFO - Started process (PID=1277) to work on /home/airflow/.local/lib/python3.8/site-packages/airflow/example_dags/example_sensors.py
[2024-03-15T08:15:58.734+0000] {processor.py:830} INFO - Processing file /home/airflow/.local/lib/python3.8/site-packages/airflow/example_dags/example_sensors.py for tasks to queue
[2024-03-15T08:15:58.735+0000] {logging_mixin.py:188} INFO - [2024-03-15T08:15:58.735+0000] {dagbag.py:540} INFO - Filling up the DagBag from /home/airflow/.local/lib/python3.8/site-packages/airflow/example_dags/example_sensors.py
[2024-03-15T08:15:58.739+0000] {processor.py:840} INFO - DAG(s) 'example_sensors' retrieved from /home/airflow/.local/lib/python3.8/site-packages/airflow/example_dags/example_sensors.py
[2024-03-15T08:15:58.751+0000] {logging_mixin.py:188} INFO - [2024-03-15T08:15:58.751+0000] {dag.py:3047} INFO - Sync 1 DAGs
[2024-03-15T08:15:58.756+0000] {logging_mixin.py:188} INFO - [2024-03-15T08:15:58.756+0000] {dag.py:3834} INFO - Setting next_dagrun for example_sensors to None, run_after=None
[2024-03-15T08:15:58.764+0000] {processor.py:183} INFO - Processing /home/airflow/.local/lib/python3.8/site-packages/airflow/example_dags/example_sensors.py took 0.032 seconds
[2024-03-15T08:16:29.074+0000] {processor.py:161} INFO - Started process (PID=1332) to work on /home/airflow/.local/lib/python3.8/site-packages/airflow/example_dags/example_sensors.py
[2024-03-15T08:16:29.074+0000] {processor.py:830} INFO - Processing file /home/airflow/.local/lib/python3.8/site-packages/airflow/example_dags/example_sensors.py for tasks to queue
[2024-03-15T08:16:29.075+0000] {logging_mixin.py:188} INFO - [2024-03-15T08:16:29.075+0000] {dagbag.py:540} INFO - Filling up the DagBag from /home/airflow/.local/lib/python3.8/site-packages/airflow/example_dags/example_sensors.py
[2024-03-15T08:16:29.078+0000] {processor.py:840} INFO - DAG(s) 'example_sensors' retrieved from /home/airflow/.local/lib/python3.8/site-packages/airflow/example_dags/example_sensors.py
[2024-03-15T08:16:29.088+0000] {logging_mixin.py:188} INFO - [2024-03-15T08:16:29.088+0000] {dag.py:3047} INFO - Sync 1 DAGs
[2024-03-15T08:16:29.093+0000] {logging_mixin.py:188} INFO - [2024-03-15T08:16:29.093+0000] {dag.py:3834} INFO - Setting next_dagrun for example_sensors to None, run_after=None
[2024-03-15T08:16:29.099+0000] {processor.py:183} INFO - Processing /home/airflow/.local/lib/python3.8/site-packages/airflow/example_dags/example_sensors.py took 0.026 seconds
[2024-03-15T08:16:59.388+0000] {processor.py:161} INFO - Started process (PID=1387) to work on /home/airflow/.local/lib/python3.8/site-packages/airflow/example_dags/example_sensors.py
[2024-03-15T08:16:59.389+0000] {processor.py:830} INFO - Processing file /home/airflow/.local/lib/python3.8/site-packages/airflow/example_dags/example_sensors.py for tasks to queue
[2024-03-15T08:16:59.389+0000] {logging_mixin.py:188} INFO - [2024-03-15T08:16:59.389+0000] {dagbag.py:540} INFO - Filling up the DagBag from /home/airflow/.local/lib/python3.8/site-packages/airflow/example_dags/example_sensors.py
[2024-03-15T08:16:59.393+0000] {processor.py:840} INFO - DAG(s) 'example_sensors' retrieved from /home/airflow/.local/lib/python3.8/site-packages/airflow/example_dags/example_sensors.py
[2024-03-15T08:16:59.404+0000] {logging_mixin.py:188} INFO - [2024-03-15T08:16:59.404+0000] {dag.py:3047} INFO - Sync 1 DAGs
[2024-03-15T08:16:59.409+0000] {logging_mixin.py:188} INFO - [2024-03-15T08:16:59.409+0000] {dag.py:3834} INFO - Setting next_dagrun for example_sensors to None, run_after=None
[2024-03-15T08:16:59.415+0000] {processor.py:183} INFO - Processing /home/airflow/.local/lib/python3.8/site-packages/airflow/example_dags/example_sensors.py took 0.029 seconds
[2024-03-15T08:17:29.765+0000] {processor.py:161} INFO - Started process (PID=1442) to work on /home/airflow/.local/lib/python3.8/site-packages/airflow/example_dags/example_sensors.py
[2024-03-15T08:17:29.765+0000] {processor.py:830} INFO - Processing file /home/airflow/.local/lib/python3.8/site-packages/airflow/example_dags/example_sensors.py for tasks to queue
[2024-03-15T08:17:29.766+0000] {logging_mixin.py:188} INFO - [2024-03-15T08:17:29.766+0000] {dagbag.py:540} INFO - Filling up the DagBag from /home/airflow/.local/lib/python3.8/site-packages/airflow/example_dags/example_sensors.py
[2024-03-15T08:17:29.770+0000] {processor.py:840} INFO - DAG(s) 'example_sensors' retrieved from /home/airflow/.local/lib/python3.8/site-packages/airflow/example_dags/example_sensors.py
[2024-03-15T08:17:29.780+0000] {logging_mixin.py:188} INFO - [2024-03-15T08:17:29.780+0000] {dag.py:3047} INFO - Sync 1 DAGs
[2024-03-15T08:17:29.785+0000] {logging_mixin.py:188} INFO - [2024-03-15T08:17:29.785+0000] {dag.py:3834} INFO - Setting next_dagrun for example_sensors to None, run_after=None
[2024-03-15T08:17:29.791+0000] {processor.py:183} INFO - Processing /home/airflow/.local/lib/python3.8/site-packages/airflow/example_dags/example_sensors.py took 0.028 seconds
[2024-03-15T08:18:00.117+0000] {processor.py:161} INFO - Started process (PID=1497) to work on /home/airflow/.local/lib/python3.8/site-packages/airflow/example_dags/example_sensors.py
[2024-03-15T08:18:00.118+0000] {processor.py:830} INFO - Processing file /home/airflow/.local/lib/python3.8/site-packages/airflow/example_dags/example_sensors.py for tasks to queue
[2024-03-15T08:18:00.119+0000] {logging_mixin.py:188} INFO - [2024-03-15T08:18:00.119+0000] {dagbag.py:540} INFO - Filling up the DagBag from /home/airflow/.local/lib/python3.8/site-packages/airflow/example_dags/example_sensors.py
[2024-03-15T08:18:00.122+0000] {processor.py:840} INFO - DAG(s) 'example_sensors' retrieved from /home/airflow/.local/lib/python3.8/site-packages/airflow/example_dags/example_sensors.py
[2024-03-15T08:18:00.131+0000] {logging_mixin.py:188} INFO - [2024-03-15T08:18:00.131+0000] {dag.py:3047} INFO - Sync 1 DAGs
[2024-03-15T08:18:00.136+0000] {logging_mixin.py:188} INFO - [2024-03-15T08:18:00.136+0000] {dag.py:3834} INFO - Setting next_dagrun for example_sensors to None, run_after=None
[2024-03-15T08:18:00.142+0000] {processor.py:183} INFO - Processing /home/airflow/.local/lib/python3.8/site-packages/airflow/example_dags/example_sensors.py took 0.026 seconds
[2024-03-15T08:18:30.576+0000] {processor.py:161} INFO - Started process (PID=1552) to work on /home/airflow/.local/lib/python3.8/site-packages/airflow/example_dags/example_sensors.py
[2024-03-15T08:18:30.577+0000] {processor.py:830} INFO - Processing file /home/airflow/.local/lib/python3.8/site-packages/airflow/example_dags/example_sensors.py for tasks to queue
[2024-03-15T08:18:30.578+0000] {logging_mixin.py:188} INFO - [2024-03-15T08:18:30.577+0000] {dagbag.py:540} INFO - Filling up the DagBag from /home/airflow/.local/lib/python3.8/site-packages/airflow/example_dags/example_sensors.py
[2024-03-15T08:18:30.581+0000] {processor.py:840} INFO - DAG(s) 'example_sensors' retrieved from /home/airflow/.local/lib/python3.8/site-packages/airflow/example_dags/example_sensors.py
[2024-03-15T08:18:30.591+0000] {logging_mixin.py:188} INFO - [2024-03-15T08:18:30.591+0000] {dag.py:3047} INFO - Sync 1 DAGs
[2024-03-15T08:18:30.596+0000] {logging_mixin.py:188} INFO - [2024-03-15T08:18:30.596+0000] {dag.py:3834} INFO - Setting next_dagrun for example_sensors to None, run_after=None
[2024-03-15T08:18:30.602+0000] {processor.py:183} INFO - Processing /home/airflow/.local/lib/python3.8/site-packages/airflow/example_dags/example_sensors.py took 0.027 seconds
[2024-03-15T08:19:00.904+0000] {processor.py:161} INFO - Started process (PID=1607) to work on /home/airflow/.local/lib/python3.8/site-packages/airflow/example_dags/example_sensors.py
[2024-03-15T08:19:00.905+0000] {processor.py:830} INFO - Processing file /home/airflow/.local/lib/python3.8/site-packages/airflow/example_dags/example_sensors.py for tasks to queue
[2024-03-15T08:19:00.906+0000] {logging_mixin.py:188} INFO - [2024-03-15T08:19:00.906+0000] {dagbag.py:540} INFO - Filling up the DagBag from /home/airflow/.local/lib/python3.8/site-packages/airflow/example_dags/example_sensors.py
[2024-03-15T08:19:00.909+0000] {processor.py:840} INFO - DAG(s) 'example_sensors' retrieved from /home/airflow/.local/lib/python3.8/site-packages/airflow/example_dags/example_sensors.py
[2024-03-15T08:19:00.919+0000] {logging_mixin.py:188} INFO - [2024-03-15T08:19:00.919+0000] {dag.py:3047} INFO - Sync 1 DAGs
[2024-03-15T08:19:00.924+0000] {logging_mixin.py:188} INFO - [2024-03-15T08:19:00.923+0000] {dag.py:3834} INFO - Setting next_dagrun for example_sensors to None, run_after=None
[2024-03-15T08:19:00.929+0000] {processor.py:183} INFO - Processing /home/airflow/.local/lib/python3.8/site-packages/airflow/example_dags/example_sensors.py took 0.026 seconds
[2024-03-15T08:19:31.177+0000] {processor.py:161} INFO - Started process (PID=1662) to work on /home/airflow/.local/lib/python3.8/site-packages/airflow/example_dags/example_sensors.py
[2024-03-15T08:19:31.177+0000] {processor.py:830} INFO - Processing file /home/airflow/.local/lib/python3.8/site-packages/airflow/example_dags/example_sensors.py for tasks to queue
[2024-03-15T08:19:31.178+0000] {logging_mixin.py:188} INFO - [2024-03-15T08:19:31.178+0000] {dagbag.py:540} INFO - Filling up the DagBag from /home/airflow/.local/lib/python3.8/site-packages/airflow/example_dags/example_sensors.py
[2024-03-15T08:19:31.182+0000] {processor.py:840} INFO - DAG(s) 'example_sensors' retrieved from /home/airflow/.local/lib/python3.8/site-packages/airflow/example_dags/example_sensors.py
[2024-03-15T08:19:31.193+0000] {logging_mixin.py:188} INFO - [2024-03-15T08:19:31.193+0000] {dag.py:3047} INFO - Sync 1 DAGs
[2024-03-15T08:19:31.198+0000] {logging_mixin.py:188} INFO - [2024-03-15T08:19:31.198+0000] {dag.py:3834} INFO - Setting next_dagrun for example_sensors to None, run_after=None
[2024-03-15T08:19:31.205+0000] {processor.py:183} INFO - Processing /home/airflow/.local/lib/python3.8/site-packages/airflow/example_dags/example_sensors.py took 0.029 seconds
[2024-03-15T08:20:01.542+0000] {processor.py:161} INFO - Started process (PID=1717) to work on /home/airflow/.local/lib/python3.8/site-packages/airflow/example_dags/example_sensors.py
[2024-03-15T08:20:01.543+0000] {processor.py:830} INFO - Processing file /home/airflow/.local/lib/python3.8/site-packages/airflow/example_dags/example_sensors.py for tasks to queue
[2024-03-15T08:20:01.543+0000] {logging_mixin.py:188} INFO - [2024-03-15T08:20:01.543+0000] {dagbag.py:540} INFO - Filling up the DagBag from /home/airflow/.local/lib/python3.8/site-packages/airflow/example_dags/example_sensors.py
[2024-03-15T08:20:01.547+0000] {processor.py:840} INFO - DAG(s) 'example_sensors' retrieved from /home/airflow/.local/lib/python3.8/site-packages/airflow/example_dags/example_sensors.py
[2024-03-15T08:20:01.556+0000] {logging_mixin.py:188} INFO - [2024-03-15T08:20:01.556+0000] {dag.py:3047} INFO - Sync 1 DAGs
[2024-03-15T08:20:01.561+0000] {logging_mixin.py:188} INFO - [2024-03-15T08:20:01.561+0000] {dag.py:3834} INFO - Setting next_dagrun for example_sensors to None, run_after=None
[2024-03-15T08:20:01.567+0000] {processor.py:183} INFO - Processing /home/airflow/.local/lib/python3.8/site-packages/airflow/example_dags/example_sensors.py took 0.026 seconds
[2024-03-15T08:20:31.865+0000] {processor.py:161} INFO - Started process (PID=1771) to work on /home/airflow/.local/lib/python3.8/site-packages/airflow/example_dags/example_sensors.py
[2024-03-15T08:20:31.866+0000] {processor.py:830} INFO - Processing file /home/airflow/.local/lib/python3.8/site-packages/airflow/example_dags/example_sensors.py for tasks to queue
[2024-03-15T08:20:31.869+0000] {logging_mixin.py:188} INFO - [2024-03-15T08:20:31.869+0000] {dagbag.py:540} INFO - Filling up the DagBag from /home/airflow/.local/lib/python3.8/site-packages/airflow/example_dags/example_sensors.py
[2024-03-15T08:20:31.873+0000] {processor.py:840} INFO - DAG(s) 'example_sensors' retrieved from /home/airflow/.local/lib/python3.8/site-packages/airflow/example_dags/example_sensors.py
[2024-03-15T08:20:31.883+0000] {logging_mixin.py:188} INFO - [2024-03-15T08:20:31.882+0000] {dag.py:3047} INFO - Sync 1 DAGs
[2024-03-15T08:20:31.888+0000] {logging_mixin.py:188} INFO - [2024-03-15T08:20:31.887+0000] {dag.py:3834} INFO - Setting next_dagrun for example_sensors to None, run_after=None
[2024-03-15T08:20:31.894+0000] {processor.py:183} INFO - Processing /home/airflow/.local/lib/python3.8/site-packages/airflow/example_dags/example_sensors.py took 0.030 seconds
[2024-03-15T08:21:02.208+0000] {processor.py:161} INFO - Started process (PID=1826) to work on /home/airflow/.local/lib/python3.8/site-packages/airflow/example_dags/example_sensors.py
[2024-03-15T08:21:02.208+0000] {processor.py:830} INFO - Processing file /home/airflow/.local/lib/python3.8/site-packages/airflow/example_dags/example_sensors.py for tasks to queue
[2024-03-15T08:21:02.209+0000] {logging_mixin.py:188} INFO - [2024-03-15T08:21:02.209+0000] {dagbag.py:540} INFO - Filling up the DagBag from /home/airflow/.local/lib/python3.8/site-packages/airflow/example_dags/example_sensors.py
[2024-03-15T08:21:02.213+0000] {processor.py:840} INFO - DAG(s) 'example_sensors' retrieved from /home/airflow/.local/lib/python3.8/site-packages/airflow/example_dags/example_sensors.py
[2024-03-15T08:21:02.223+0000] {logging_mixin.py:188} INFO - [2024-03-15T08:21:02.223+0000] {dag.py:3047} INFO - Sync 1 DAGs
[2024-03-15T08:21:02.228+0000] {logging_mixin.py:188} INFO - [2024-03-15T08:21:02.228+0000] {dag.py:3834} INFO - Setting next_dagrun for example_sensors to None, run_after=None
[2024-03-15T08:21:02.235+0000] {processor.py:183} INFO - Processing /home/airflow/.local/lib/python3.8/site-packages/airflow/example_dags/example_sensors.py took 0.028 seconds
[2024-03-15T08:21:32.487+0000] {processor.py:161} INFO - Started process (PID=1881) to work on /home/airflow/.local/lib/python3.8/site-packages/airflow/example_dags/example_sensors.py
[2024-03-15T08:21:32.487+0000] {processor.py:830} INFO - Processing file /home/airflow/.local/lib/python3.8/site-packages/airflow/example_dags/example_sensors.py for tasks to queue
[2024-03-15T08:21:32.488+0000] {logging_mixin.py:188} INFO - [2024-03-15T08:21:32.488+0000] {dagbag.py:540} INFO - Filling up the DagBag from /home/airflow/.local/lib/python3.8/site-packages/airflow/example_dags/example_sensors.py
[2024-03-15T08:21:32.491+0000] {processor.py:840} INFO - DAG(s) 'example_sensors' retrieved from /home/airflow/.local/lib/python3.8/site-packages/airflow/example_dags/example_sensors.py
[2024-03-15T08:21:32.500+0000] {logging_mixin.py:188} INFO - [2024-03-15T08:21:32.500+0000] {dag.py:3047} INFO - Sync 1 DAGs
[2024-03-15T08:21:32.505+0000] {logging_mixin.py:188} INFO - [2024-03-15T08:21:32.505+0000] {dag.py:3834} INFO - Setting next_dagrun for example_sensors to None, run_after=None
[2024-03-15T08:21:32.510+0000] {processor.py:183} INFO - Processing /home/airflow/.local/lib/python3.8/site-packages/airflow/example_dags/example_sensors.py took 0.025 seconds
[2024-03-15T08:22:02.822+0000] {processor.py:161} INFO - Started process (PID=1935) to work on /home/airflow/.local/lib/python3.8/site-packages/airflow/example_dags/example_sensors.py
[2024-03-15T08:22:02.822+0000] {processor.py:830} INFO - Processing file /home/airflow/.local/lib/python3.8/site-packages/airflow/example_dags/example_sensors.py for tasks to queue
[2024-03-15T08:22:02.823+0000] {logging_mixin.py:188} INFO - [2024-03-15T08:22:02.823+0000] {dagbag.py:540} INFO - Filling up the DagBag from /home/airflow/.local/lib/python3.8/site-packages/airflow/example_dags/example_sensors.py
[2024-03-15T08:22:02.826+0000] {processor.py:840} INFO - DAG(s) 'example_sensors' retrieved from /home/airflow/.local/lib/python3.8/site-packages/airflow/example_dags/example_sensors.py
[2024-03-15T08:22:02.836+0000] {logging_mixin.py:188} INFO - [2024-03-15T08:22:02.836+0000] {dag.py:3047} INFO - Sync 1 DAGs
[2024-03-15T08:22:02.841+0000] {logging_mixin.py:188} INFO - [2024-03-15T08:22:02.841+0000] {dag.py:3834} INFO - Setting next_dagrun for example_sensors to None, run_after=None
[2024-03-15T08:22:02.848+0000] {processor.py:183} INFO - Processing /home/airflow/.local/lib/python3.8/site-packages/airflow/example_dags/example_sensors.py took 0.027 seconds
[2024-03-15T08:22:33.136+0000] {processor.py:161} INFO - Started process (PID=1990) to work on /home/airflow/.local/lib/python3.8/site-packages/airflow/example_dags/example_sensors.py
[2024-03-15T08:22:33.136+0000] {processor.py:830} INFO - Processing file /home/airflow/.local/lib/python3.8/site-packages/airflow/example_dags/example_sensors.py for tasks to queue
[2024-03-15T08:22:33.137+0000] {logging_mixin.py:188} INFO - [2024-03-15T08:22:33.137+0000] {dagbag.py:540} INFO - Filling up the DagBag from /home/airflow/.local/lib/python3.8/site-packages/airflow/example_dags/example_sensors.py
[2024-03-15T08:22:33.141+0000] {processor.py:840} INFO - DAG(s) 'example_sensors' retrieved from /home/airflow/.local/lib/python3.8/site-packages/airflow/example_dags/example_sensors.py
[2024-03-15T08:22:33.155+0000] {logging_mixin.py:188} INFO - [2024-03-15T08:22:33.154+0000] {dag.py:3047} INFO - Sync 1 DAGs
[2024-03-15T08:22:33.160+0000] {logging_mixin.py:188} INFO - [2024-03-15T08:22:33.160+0000] {dag.py:3834} INFO - Setting next_dagrun for example_sensors to None, run_after=None
[2024-03-15T08:22:33.169+0000] {processor.py:183} INFO - Processing /home/airflow/.local/lib/python3.8/site-packages/airflow/example_dags/example_sensors.py took 0.035 seconds
[2024-03-15T08:23:03.634+0000] {processor.py:161} INFO - Started process (PID=2045) to work on /home/airflow/.local/lib/python3.8/site-packages/airflow/example_dags/example_sensors.py
[2024-03-15T08:23:03.634+0000] {processor.py:830} INFO - Processing file /home/airflow/.local/lib/python3.8/site-packages/airflow/example_dags/example_sensors.py for tasks to queue
[2024-03-15T08:23:03.635+0000] {logging_mixin.py:188} INFO - [2024-03-15T08:23:03.635+0000] {dagbag.py:540} INFO - Filling up the DagBag from /home/airflow/.local/lib/python3.8/site-packages/airflow/example_dags/example_sensors.py
[2024-03-15T08:23:03.639+0000] {processor.py:840} INFO - DAG(s) 'example_sensors' retrieved from /home/airflow/.local/lib/python3.8/site-packages/airflow/example_dags/example_sensors.py
[2024-03-15T08:23:03.649+0000] {logging_mixin.py:188} INFO - [2024-03-15T08:23:03.649+0000] {dag.py:3047} INFO - Sync 1 DAGs
[2024-03-15T08:23:03.654+0000] {logging_mixin.py:188} INFO - [2024-03-15T08:23:03.654+0000] {dag.py:3834} INFO - Setting next_dagrun for example_sensors to None, run_after=None
[2024-03-15T08:23:03.661+0000] {processor.py:183} INFO - Processing /home/airflow/.local/lib/python3.8/site-packages/airflow/example_dags/example_sensors.py took 0.029 seconds
[2024-03-15T08:23:34.178+0000] {processor.py:161} INFO - Started process (PID=2099) to work on /home/airflow/.local/lib/python3.8/site-packages/airflow/example_dags/example_sensors.py
[2024-03-15T08:23:34.179+0000] {processor.py:830} INFO - Processing file /home/airflow/.local/lib/python3.8/site-packages/airflow/example_dags/example_sensors.py for tasks to queue
[2024-03-15T08:23:34.179+0000] {logging_mixin.py:188} INFO - [2024-03-15T08:23:34.179+0000] {dagbag.py:540} INFO - Filling up the DagBag from /home/airflow/.local/lib/python3.8/site-packages/airflow/example_dags/example_sensors.py
[2024-03-15T08:23:34.183+0000] {processor.py:840} INFO - DAG(s) 'example_sensors' retrieved from /home/airflow/.local/lib/python3.8/site-packages/airflow/example_dags/example_sensors.py
[2024-03-15T08:23:34.193+0000] {logging_mixin.py:188} INFO - [2024-03-15T08:23:34.193+0000] {dag.py:3047} INFO - Sync 1 DAGs
[2024-03-15T08:23:34.198+0000] {logging_mixin.py:188} INFO - [2024-03-15T08:23:34.198+0000] {dag.py:3834} INFO - Setting next_dagrun for example_sensors to None, run_after=None
[2024-03-15T08:23:34.204+0000] {processor.py:183} INFO - Processing /home/airflow/.local/lib/python3.8/site-packages/airflow/example_dags/example_sensors.py took 0.028 seconds
