[2024-03-15T08:04:49.012+0000] {processor.py:161} INFO - Started process (PID=59) to work on /home/airflow/.local/lib/python3.8/site-packages/airflow/example_dags/example_skip_dag.py
[2024-03-15T08:04:49.012+0000] {processor.py:830} INFO - Processing file /home/airflow/.local/lib/python3.8/site-packages/airflow/example_dags/example_skip_dag.py for tasks to queue
[2024-03-15T08:04:49.013+0000] {logging_mixin.py:188} INFO - [2024-03-15T08:04:49.013+0000] {dagbag.py:540} INFO - Filling up the DagBag from /home/airflow/.local/lib/python3.8/site-packages/airflow/example_dags/example_skip_dag.py
[2024-03-15T08:04:49.017+0000] {processor.py:840} INFO - DAG(s) 'example_skip_dag' retrieved from /home/airflow/.local/lib/python3.8/site-packages/airflow/example_dags/example_skip_dag.py
[2024-03-15T08:04:49.022+0000] {logging_mixin.py:188} INFO - [2024-03-15T08:04:49.022+0000] {dag.py:3047} INFO - Sync 1 DAGs
[2024-03-15T08:04:49.036+0000] {logging_mixin.py:188} INFO - [2024-03-15T08:04:49.036+0000] {dag.py:3834} INFO - Setting next_dagrun for example_skip_dag to 2024-03-14 00:00:00+00:00, run_after=2024-03-15 00:00:00+00:00
[2024-03-15T08:04:49.046+0000] {processor.py:183} INFO - Processing /home/airflow/.local/lib/python3.8/site-packages/airflow/example_dags/example_skip_dag.py took 0.036 seconds
[2024-03-15T08:05:20.296+0000] {processor.py:161} INFO - Started process (PID=114) to work on /home/airflow/.local/lib/python3.8/site-packages/airflow/example_dags/example_skip_dag.py
[2024-03-15T08:05:20.297+0000] {processor.py:830} INFO - Processing file /home/airflow/.local/lib/python3.8/site-packages/airflow/example_dags/example_skip_dag.py for tasks to queue
[2024-03-15T08:05:20.297+0000] {logging_mixin.py:188} INFO - [2024-03-15T08:05:20.297+0000] {dagbag.py:540} INFO - Filling up the DagBag from /home/airflow/.local/lib/python3.8/site-packages/airflow/example_dags/example_skip_dag.py
[2024-03-15T08:05:20.300+0000] {processor.py:840} INFO - DAG(s) 'example_skip_dag' retrieved from /home/airflow/.local/lib/python3.8/site-packages/airflow/example_dags/example_skip_dag.py
[2024-03-15T08:05:20.340+0000] {logging_mixin.py:188} INFO - [2024-03-15T08:05:20.340+0000] {dag.py:3047} INFO - Sync 1 DAGs
[2024-03-15T08:05:20.347+0000] {logging_mixin.py:188} INFO - [2024-03-15T08:05:20.347+0000] {dag.py:3834} INFO - Setting next_dagrun for example_skip_dag to 2024-03-14 00:00:00+00:00, run_after=2024-03-15 00:00:00+00:00
[2024-03-15T08:05:20.354+0000] {processor.py:183} INFO - Processing /home/airflow/.local/lib/python3.8/site-packages/airflow/example_dags/example_skip_dag.py took 0.059 seconds
[2024-03-15T08:05:51.119+0000] {processor.py:161} INFO - Started process (PID=169) to work on /home/airflow/.local/lib/python3.8/site-packages/airflow/example_dags/example_skip_dag.py
[2024-03-15T08:05:51.119+0000] {processor.py:830} INFO - Processing file /home/airflow/.local/lib/python3.8/site-packages/airflow/example_dags/example_skip_dag.py for tasks to queue
[2024-03-15T08:05:51.120+0000] {logging_mixin.py:188} INFO - [2024-03-15T08:05:51.120+0000] {dagbag.py:540} INFO - Filling up the DagBag from /home/airflow/.local/lib/python3.8/site-packages/airflow/example_dags/example_skip_dag.py
[2024-03-15T08:05:51.123+0000] {processor.py:840} INFO - DAG(s) 'example_skip_dag' retrieved from /home/airflow/.local/lib/python3.8/site-packages/airflow/example_dags/example_skip_dag.py
[2024-03-15T08:05:51.132+0000] {logging_mixin.py:188} INFO - [2024-03-15T08:05:51.132+0000] {dag.py:3047} INFO - Sync 1 DAGs
[2024-03-15T08:05:51.140+0000] {logging_mixin.py:188} INFO - [2024-03-15T08:05:51.140+0000] {dag.py:3834} INFO - Setting next_dagrun for example_skip_dag to 2024-03-14 00:00:00+00:00, run_after=2024-03-15 00:00:00+00:00
[2024-03-15T08:05:51.147+0000] {processor.py:183} INFO - Processing /home/airflow/.local/lib/python3.8/site-packages/airflow/example_dags/example_skip_dag.py took 0.030 seconds
[2024-03-15T08:06:21.416+0000] {processor.py:161} INFO - Started process (PID=224) to work on /home/airflow/.local/lib/python3.8/site-packages/airflow/example_dags/example_skip_dag.py
[2024-03-15T08:06:21.416+0000] {processor.py:830} INFO - Processing file /home/airflow/.local/lib/python3.8/site-packages/airflow/example_dags/example_skip_dag.py for tasks to queue
[2024-03-15T08:06:21.417+0000] {logging_mixin.py:188} INFO - [2024-03-15T08:06:21.417+0000] {dagbag.py:540} INFO - Filling up the DagBag from /home/airflow/.local/lib/python3.8/site-packages/airflow/example_dags/example_skip_dag.py
[2024-03-15T08:06:21.420+0000] {processor.py:840} INFO - DAG(s) 'example_skip_dag' retrieved from /home/airflow/.local/lib/python3.8/site-packages/airflow/example_dags/example_skip_dag.py
[2024-03-15T08:06:21.429+0000] {logging_mixin.py:188} INFO - [2024-03-15T08:06:21.429+0000] {dag.py:3047} INFO - Sync 1 DAGs
[2024-03-15T08:06:21.438+0000] {logging_mixin.py:188} INFO - [2024-03-15T08:06:21.438+0000] {dag.py:3834} INFO - Setting next_dagrun for example_skip_dag to 2024-03-14 00:00:00+00:00, run_after=2024-03-15 00:00:00+00:00
[2024-03-15T08:06:21.444+0000] {processor.py:183} INFO - Processing /home/airflow/.local/lib/python3.8/site-packages/airflow/example_dags/example_skip_dag.py took 0.030 seconds
[2024-03-15T08:06:51.717+0000] {processor.py:161} INFO - Started process (PID=279) to work on /home/airflow/.local/lib/python3.8/site-packages/airflow/example_dags/example_skip_dag.py
[2024-03-15T08:06:51.718+0000] {processor.py:830} INFO - Processing file /home/airflow/.local/lib/python3.8/site-packages/airflow/example_dags/example_skip_dag.py for tasks to queue
[2024-03-15T08:06:51.718+0000] {logging_mixin.py:188} INFO - [2024-03-15T08:06:51.718+0000] {dagbag.py:540} INFO - Filling up the DagBag from /home/airflow/.local/lib/python3.8/site-packages/airflow/example_dags/example_skip_dag.py
[2024-03-15T08:06:51.721+0000] {processor.py:840} INFO - DAG(s) 'example_skip_dag' retrieved from /home/airflow/.local/lib/python3.8/site-packages/airflow/example_dags/example_skip_dag.py
[2024-03-15T08:06:51.730+0000] {logging_mixin.py:188} INFO - [2024-03-15T08:06:51.730+0000] {dag.py:3047} INFO - Sync 1 DAGs
[2024-03-15T08:06:51.739+0000] {logging_mixin.py:188} INFO - [2024-03-15T08:06:51.739+0000] {dag.py:3834} INFO - Setting next_dagrun for example_skip_dag to 2024-03-14 00:00:00+00:00, run_after=2024-03-15 00:00:00+00:00
[2024-03-15T08:06:51.746+0000] {processor.py:183} INFO - Processing /home/airflow/.local/lib/python3.8/site-packages/airflow/example_dags/example_skip_dag.py took 0.030 seconds
[2024-03-15T08:07:22.041+0000] {processor.py:161} INFO - Started process (PID=334) to work on /home/airflow/.local/lib/python3.8/site-packages/airflow/example_dags/example_skip_dag.py
[2024-03-15T08:07:22.041+0000] {processor.py:830} INFO - Processing file /home/airflow/.local/lib/python3.8/site-packages/airflow/example_dags/example_skip_dag.py for tasks to queue
[2024-03-15T08:07:22.042+0000] {logging_mixin.py:188} INFO - [2024-03-15T08:07:22.042+0000] {dagbag.py:540} INFO - Filling up the DagBag from /home/airflow/.local/lib/python3.8/site-packages/airflow/example_dags/example_skip_dag.py
[2024-03-15T08:07:22.045+0000] {processor.py:840} INFO - DAG(s) 'example_skip_dag' retrieved from /home/airflow/.local/lib/python3.8/site-packages/airflow/example_dags/example_skip_dag.py
[2024-03-15T08:07:22.054+0000] {logging_mixin.py:188} INFO - [2024-03-15T08:07:22.054+0000] {dag.py:3047} INFO - Sync 1 DAGs
[2024-03-15T08:07:22.063+0000] {logging_mixin.py:188} INFO - [2024-03-15T08:07:22.062+0000] {dag.py:3834} INFO - Setting next_dagrun for example_skip_dag to 2024-03-14 00:00:00+00:00, run_after=2024-03-15 00:00:00+00:00
[2024-03-15T08:07:22.069+0000] {processor.py:183} INFO - Processing /home/airflow/.local/lib/python3.8/site-packages/airflow/example_dags/example_skip_dag.py took 0.030 seconds
[2024-03-15T08:07:52.295+0000] {processor.py:161} INFO - Started process (PID=389) to work on /home/airflow/.local/lib/python3.8/site-packages/airflow/example_dags/example_skip_dag.py
[2024-03-15T08:07:52.296+0000] {processor.py:830} INFO - Processing file /home/airflow/.local/lib/python3.8/site-packages/airflow/example_dags/example_skip_dag.py for tasks to queue
[2024-03-15T08:07:52.296+0000] {logging_mixin.py:188} INFO - [2024-03-15T08:07:52.296+0000] {dagbag.py:540} INFO - Filling up the DagBag from /home/airflow/.local/lib/python3.8/site-packages/airflow/example_dags/example_skip_dag.py
[2024-03-15T08:07:52.300+0000] {processor.py:840} INFO - DAG(s) 'example_skip_dag' retrieved from /home/airflow/.local/lib/python3.8/site-packages/airflow/example_dags/example_skip_dag.py
[2024-03-15T08:07:52.308+0000] {logging_mixin.py:188} INFO - [2024-03-15T08:07:52.308+0000] {dag.py:3047} INFO - Sync 1 DAGs
[2024-03-15T08:07:52.318+0000] {logging_mixin.py:188} INFO - [2024-03-15T08:07:52.317+0000] {dag.py:3834} INFO - Setting next_dagrun for example_skip_dag to 2024-03-14 00:00:00+00:00, run_after=2024-03-15 00:00:00+00:00
[2024-03-15T08:07:52.324+0000] {processor.py:183} INFO - Processing /home/airflow/.local/lib/python3.8/site-packages/airflow/example_dags/example_skip_dag.py took 0.031 seconds
[2024-03-15T08:08:22.721+0000] {processor.py:161} INFO - Started process (PID=443) to work on /home/airflow/.local/lib/python3.8/site-packages/airflow/example_dags/example_skip_dag.py
[2024-03-15T08:08:22.722+0000] {processor.py:830} INFO - Processing file /home/airflow/.local/lib/python3.8/site-packages/airflow/example_dags/example_skip_dag.py for tasks to queue
[2024-03-15T08:08:22.723+0000] {logging_mixin.py:188} INFO - [2024-03-15T08:08:22.723+0000] {dagbag.py:540} INFO - Filling up the DagBag from /home/airflow/.local/lib/python3.8/site-packages/airflow/example_dags/example_skip_dag.py
[2024-03-15T08:08:22.726+0000] {processor.py:840} INFO - DAG(s) 'example_skip_dag' retrieved from /home/airflow/.local/lib/python3.8/site-packages/airflow/example_dags/example_skip_dag.py
[2024-03-15T08:08:22.734+0000] {logging_mixin.py:188} INFO - [2024-03-15T08:08:22.734+0000] {dag.py:3047} INFO - Sync 1 DAGs
[2024-03-15T08:08:22.743+0000] {logging_mixin.py:188} INFO - [2024-03-15T08:08:22.743+0000] {dag.py:3834} INFO - Setting next_dagrun for example_skip_dag to 2024-03-14 00:00:00+00:00, run_after=2024-03-15 00:00:00+00:00
[2024-03-15T08:08:22.750+0000] {processor.py:183} INFO - Processing /home/airflow/.local/lib/python3.8/site-packages/airflow/example_dags/example_skip_dag.py took 0.030 seconds
[2024-03-15T08:08:53.044+0000] {processor.py:161} INFO - Started process (PID=498) to work on /home/airflow/.local/lib/python3.8/site-packages/airflow/example_dags/example_skip_dag.py
[2024-03-15T08:08:53.045+0000] {processor.py:830} INFO - Processing file /home/airflow/.local/lib/python3.8/site-packages/airflow/example_dags/example_skip_dag.py for tasks to queue
[2024-03-15T08:08:53.045+0000] {logging_mixin.py:188} INFO - [2024-03-15T08:08:53.045+0000] {dagbag.py:540} INFO - Filling up the DagBag from /home/airflow/.local/lib/python3.8/site-packages/airflow/example_dags/example_skip_dag.py
[2024-03-15T08:08:53.048+0000] {processor.py:840} INFO - DAG(s) 'example_skip_dag' retrieved from /home/airflow/.local/lib/python3.8/site-packages/airflow/example_dags/example_skip_dag.py
[2024-03-15T08:08:53.057+0000] {logging_mixin.py:188} INFO - [2024-03-15T08:08:53.057+0000] {dag.py:3047} INFO - Sync 1 DAGs
[2024-03-15T08:08:53.065+0000] {logging_mixin.py:188} INFO - [2024-03-15T08:08:53.065+0000] {dag.py:3834} INFO - Setting next_dagrun for example_skip_dag to 2024-03-14 00:00:00+00:00, run_after=2024-03-15 00:00:00+00:00
[2024-03-15T08:08:53.072+0000] {processor.py:183} INFO - Processing /home/airflow/.local/lib/python3.8/site-packages/airflow/example_dags/example_skip_dag.py took 0.029 seconds
[2024-03-15T08:09:23.375+0000] {processor.py:161} INFO - Started process (PID=553) to work on /home/airflow/.local/lib/python3.8/site-packages/airflow/example_dags/example_skip_dag.py
[2024-03-15T08:09:23.376+0000] {processor.py:830} INFO - Processing file /home/airflow/.local/lib/python3.8/site-packages/airflow/example_dags/example_skip_dag.py for tasks to queue
[2024-03-15T08:09:23.376+0000] {logging_mixin.py:188} INFO - [2024-03-15T08:09:23.376+0000] {dagbag.py:540} INFO - Filling up the DagBag from /home/airflow/.local/lib/python3.8/site-packages/airflow/example_dags/example_skip_dag.py
[2024-03-15T08:09:23.379+0000] {processor.py:840} INFO - DAG(s) 'example_skip_dag' retrieved from /home/airflow/.local/lib/python3.8/site-packages/airflow/example_dags/example_skip_dag.py
[2024-03-15T08:09:23.388+0000] {logging_mixin.py:188} INFO - [2024-03-15T08:09:23.388+0000] {dag.py:3047} INFO - Sync 1 DAGs
[2024-03-15T08:09:23.396+0000] {logging_mixin.py:188} INFO - [2024-03-15T08:09:23.396+0000] {dag.py:3834} INFO - Setting next_dagrun for example_skip_dag to 2024-03-14 00:00:00+00:00, run_after=2024-03-15 00:00:00+00:00
[2024-03-15T08:09:23.403+0000] {processor.py:183} INFO - Processing /home/airflow/.local/lib/python3.8/site-packages/airflow/example_dags/example_skip_dag.py took 0.029 seconds
[2024-03-15T08:09:53.886+0000] {processor.py:161} INFO - Started process (PID=608) to work on /home/airflow/.local/lib/python3.8/site-packages/airflow/example_dags/example_skip_dag.py
[2024-03-15T08:09:53.886+0000] {processor.py:830} INFO - Processing file /home/airflow/.local/lib/python3.8/site-packages/airflow/example_dags/example_skip_dag.py for tasks to queue
[2024-03-15T08:09:53.888+0000] {logging_mixin.py:188} INFO - [2024-03-15T08:09:53.888+0000] {dagbag.py:540} INFO - Filling up the DagBag from /home/airflow/.local/lib/python3.8/site-packages/airflow/example_dags/example_skip_dag.py
[2024-03-15T08:09:53.891+0000] {processor.py:840} INFO - DAG(s) 'example_skip_dag' retrieved from /home/airflow/.local/lib/python3.8/site-packages/airflow/example_dags/example_skip_dag.py
[2024-03-15T08:09:53.902+0000] {logging_mixin.py:188} INFO - [2024-03-15T08:09:53.902+0000] {dag.py:3047} INFO - Sync 1 DAGs
[2024-03-15T08:09:53.911+0000] {logging_mixin.py:188} INFO - [2024-03-15T08:09:53.911+0000] {dag.py:3834} INFO - Setting next_dagrun for example_skip_dag to 2024-03-14 00:00:00+00:00, run_after=2024-03-15 00:00:00+00:00
[2024-03-15T08:09:53.917+0000] {processor.py:183} INFO - Processing /home/airflow/.local/lib/python3.8/site-packages/airflow/example_dags/example_skip_dag.py took 0.033 seconds
[2024-03-15T08:10:24.268+0000] {processor.py:161} INFO - Started process (PID=663) to work on /home/airflow/.local/lib/python3.8/site-packages/airflow/example_dags/example_skip_dag.py
[2024-03-15T08:10:24.268+0000] {processor.py:830} INFO - Processing file /home/airflow/.local/lib/python3.8/site-packages/airflow/example_dags/example_skip_dag.py for tasks to queue
[2024-03-15T08:10:24.269+0000] {logging_mixin.py:188} INFO - [2024-03-15T08:10:24.269+0000] {dagbag.py:540} INFO - Filling up the DagBag from /home/airflow/.local/lib/python3.8/site-packages/airflow/example_dags/example_skip_dag.py
[2024-03-15T08:10:24.273+0000] {processor.py:840} INFO - DAG(s) 'example_skip_dag' retrieved from /home/airflow/.local/lib/python3.8/site-packages/airflow/example_dags/example_skip_dag.py
[2024-03-15T08:10:24.282+0000] {logging_mixin.py:188} INFO - [2024-03-15T08:10:24.282+0000] {dag.py:3047} INFO - Sync 1 DAGs
[2024-03-15T08:10:24.291+0000] {logging_mixin.py:188} INFO - [2024-03-15T08:10:24.291+0000] {dag.py:3834} INFO - Setting next_dagrun for example_skip_dag to 2024-03-14 00:00:00+00:00, run_after=2024-03-15 00:00:00+00:00
[2024-03-15T08:10:24.298+0000] {processor.py:183} INFO - Processing /home/airflow/.local/lib/python3.8/site-packages/airflow/example_dags/example_skip_dag.py took 0.031 seconds
[2024-03-15T08:10:54.597+0000] {processor.py:161} INFO - Started process (PID=718) to work on /home/airflow/.local/lib/python3.8/site-packages/airflow/example_dags/example_skip_dag.py
[2024-03-15T08:10:54.597+0000] {processor.py:830} INFO - Processing file /home/airflow/.local/lib/python3.8/site-packages/airflow/example_dags/example_skip_dag.py for tasks to queue
[2024-03-15T08:10:54.599+0000] {logging_mixin.py:188} INFO - [2024-03-15T08:10:54.598+0000] {dagbag.py:540} INFO - Filling up the DagBag from /home/airflow/.local/lib/python3.8/site-packages/airflow/example_dags/example_skip_dag.py
[2024-03-15T08:10:54.602+0000] {processor.py:840} INFO - DAG(s) 'example_skip_dag' retrieved from /home/airflow/.local/lib/python3.8/site-packages/airflow/example_dags/example_skip_dag.py
[2024-03-15T08:10:54.611+0000] {logging_mixin.py:188} INFO - [2024-03-15T08:10:54.611+0000] {dag.py:3047} INFO - Sync 1 DAGs
[2024-03-15T08:10:54.620+0000] {logging_mixin.py:188} INFO - [2024-03-15T08:10:54.619+0000] {dag.py:3834} INFO - Setting next_dagrun for example_skip_dag to 2024-03-14 00:00:00+00:00, run_after=2024-03-15 00:00:00+00:00
[2024-03-15T08:10:54.626+0000] {processor.py:183} INFO - Processing /home/airflow/.local/lib/python3.8/site-packages/airflow/example_dags/example_skip_dag.py took 0.031 seconds
[2024-03-15T08:11:25.058+0000] {processor.py:161} INFO - Started process (PID=773) to work on /home/airflow/.local/lib/python3.8/site-packages/airflow/example_dags/example_skip_dag.py
[2024-03-15T08:11:25.059+0000] {processor.py:830} INFO - Processing file /home/airflow/.local/lib/python3.8/site-packages/airflow/example_dags/example_skip_dag.py for tasks to queue
[2024-03-15T08:11:25.060+0000] {logging_mixin.py:188} INFO - [2024-03-15T08:11:25.060+0000] {dagbag.py:540} INFO - Filling up the DagBag from /home/airflow/.local/lib/python3.8/site-packages/airflow/example_dags/example_skip_dag.py
[2024-03-15T08:11:25.063+0000] {processor.py:840} INFO - DAG(s) 'example_skip_dag' retrieved from /home/airflow/.local/lib/python3.8/site-packages/airflow/example_dags/example_skip_dag.py
[2024-03-15T08:11:25.072+0000] {logging_mixin.py:188} INFO - [2024-03-15T08:11:25.072+0000] {dag.py:3047} INFO - Sync 1 DAGs
[2024-03-15T08:11:25.082+0000] {logging_mixin.py:188} INFO - [2024-03-15T08:11:25.081+0000] {dag.py:3834} INFO - Setting next_dagrun for example_skip_dag to 2024-03-14 00:00:00+00:00, run_after=2024-03-15 00:00:00+00:00
[2024-03-15T08:11:25.089+0000] {processor.py:183} INFO - Processing /home/airflow/.local/lib/python3.8/site-packages/airflow/example_dags/example_skip_dag.py took 0.032 seconds
[2024-03-15T08:11:55.559+0000] {processor.py:161} INFO - Started process (PID=828) to work on /home/airflow/.local/lib/python3.8/site-packages/airflow/example_dags/example_skip_dag.py
[2024-03-15T08:11:55.559+0000] {processor.py:830} INFO - Processing file /home/airflow/.local/lib/python3.8/site-packages/airflow/example_dags/example_skip_dag.py for tasks to queue
[2024-03-15T08:11:55.560+0000] {logging_mixin.py:188} INFO - [2024-03-15T08:11:55.560+0000] {dagbag.py:540} INFO - Filling up the DagBag from /home/airflow/.local/lib/python3.8/site-packages/airflow/example_dags/example_skip_dag.py
[2024-03-15T08:11:55.564+0000] {processor.py:840} INFO - DAG(s) 'example_skip_dag' retrieved from /home/airflow/.local/lib/python3.8/site-packages/airflow/example_dags/example_skip_dag.py
[2024-03-15T08:11:55.573+0000] {logging_mixin.py:188} INFO - [2024-03-15T08:11:55.573+0000] {dag.py:3047} INFO - Sync 1 DAGs
[2024-03-15T08:11:55.583+0000] {logging_mixin.py:188} INFO - [2024-03-15T08:11:55.583+0000] {dag.py:3834} INFO - Setting next_dagrun for example_skip_dag to 2024-03-14 00:00:00+00:00, run_after=2024-03-15 00:00:00+00:00
[2024-03-15T08:11:55.590+0000] {processor.py:183} INFO - Processing /home/airflow/.local/lib/python3.8/site-packages/airflow/example_dags/example_skip_dag.py took 0.033 seconds
[2024-03-15T08:12:26.133+0000] {processor.py:161} INFO - Started process (PID=883) to work on /home/airflow/.local/lib/python3.8/site-packages/airflow/example_dags/example_skip_dag.py
[2024-03-15T08:12:26.134+0000] {processor.py:830} INFO - Processing file /home/airflow/.local/lib/python3.8/site-packages/airflow/example_dags/example_skip_dag.py for tasks to queue
[2024-03-15T08:12:26.134+0000] {logging_mixin.py:188} INFO - [2024-03-15T08:12:26.134+0000] {dagbag.py:540} INFO - Filling up the DagBag from /home/airflow/.local/lib/python3.8/site-packages/airflow/example_dags/example_skip_dag.py
[2024-03-15T08:12:26.138+0000] {processor.py:840} INFO - DAG(s) 'example_skip_dag' retrieved from /home/airflow/.local/lib/python3.8/site-packages/airflow/example_dags/example_skip_dag.py
[2024-03-15T08:12:26.147+0000] {logging_mixin.py:188} INFO - [2024-03-15T08:12:26.147+0000] {dag.py:3047} INFO - Sync 1 DAGs
[2024-03-15T08:12:26.157+0000] {logging_mixin.py:188} INFO - [2024-03-15T08:12:26.157+0000] {dag.py:3834} INFO - Setting next_dagrun for example_skip_dag to 2024-03-14 00:00:00+00:00, run_after=2024-03-15 00:00:00+00:00
[2024-03-15T08:12:26.165+0000] {processor.py:183} INFO - Processing /home/airflow/.local/lib/python3.8/site-packages/airflow/example_dags/example_skip_dag.py took 0.034 seconds
[2024-03-15T08:12:56.496+0000] {processor.py:161} INFO - Started process (PID=938) to work on /home/airflow/.local/lib/python3.8/site-packages/airflow/example_dags/example_skip_dag.py
[2024-03-15T08:12:56.496+0000] {processor.py:830} INFO - Processing file /home/airflow/.local/lib/python3.8/site-packages/airflow/example_dags/example_skip_dag.py for tasks to queue
[2024-03-15T08:12:56.497+0000] {logging_mixin.py:188} INFO - [2024-03-15T08:12:56.497+0000] {dagbag.py:540} INFO - Filling up the DagBag from /home/airflow/.local/lib/python3.8/site-packages/airflow/example_dags/example_skip_dag.py
[2024-03-15T08:12:56.500+0000] {processor.py:840} INFO - DAG(s) 'example_skip_dag' retrieved from /home/airflow/.local/lib/python3.8/site-packages/airflow/example_dags/example_skip_dag.py
[2024-03-15T08:12:56.509+0000] {logging_mixin.py:188} INFO - [2024-03-15T08:12:56.509+0000] {dag.py:3047} INFO - Sync 1 DAGs
[2024-03-15T08:12:56.518+0000] {logging_mixin.py:188} INFO - [2024-03-15T08:12:56.518+0000] {dag.py:3834} INFO - Setting next_dagrun for example_skip_dag to 2024-03-14 00:00:00+00:00, run_after=2024-03-15 00:00:00+00:00
[2024-03-15T08:12:56.525+0000] {processor.py:183} INFO - Processing /home/airflow/.local/lib/python3.8/site-packages/airflow/example_dags/example_skip_dag.py took 0.031 seconds
[2024-03-15T08:13:26.746+0000] {processor.py:161} INFO - Started process (PID=993) to work on /home/airflow/.local/lib/python3.8/site-packages/airflow/example_dags/example_skip_dag.py
[2024-03-15T08:13:26.747+0000] {processor.py:830} INFO - Processing file /home/airflow/.local/lib/python3.8/site-packages/airflow/example_dags/example_skip_dag.py for tasks to queue
[2024-03-15T08:13:26.748+0000] {logging_mixin.py:188} INFO - [2024-03-15T08:13:26.748+0000] {dagbag.py:540} INFO - Filling up the DagBag from /home/airflow/.local/lib/python3.8/site-packages/airflow/example_dags/example_skip_dag.py
[2024-03-15T08:13:26.751+0000] {processor.py:840} INFO - DAG(s) 'example_skip_dag' retrieved from /home/airflow/.local/lib/python3.8/site-packages/airflow/example_dags/example_skip_dag.py
[2024-03-15T08:13:26.760+0000] {logging_mixin.py:188} INFO - [2024-03-15T08:13:26.760+0000] {dag.py:3047} INFO - Sync 1 DAGs
[2024-03-15T08:13:26.768+0000] {logging_mixin.py:188} INFO - [2024-03-15T08:13:26.768+0000] {dag.py:3834} INFO - Setting next_dagrun for example_skip_dag to 2024-03-14 00:00:00+00:00, run_after=2024-03-15 00:00:00+00:00
[2024-03-15T08:13:26.775+0000] {processor.py:183} INFO - Processing /home/airflow/.local/lib/python3.8/site-packages/airflow/example_dags/example_skip_dag.py took 0.030 seconds
[2024-03-15T08:13:57.086+0000] {processor.py:161} INFO - Started process (PID=1048) to work on /home/airflow/.local/lib/python3.8/site-packages/airflow/example_dags/example_skip_dag.py
[2024-03-15T08:13:57.086+0000] {processor.py:830} INFO - Processing file /home/airflow/.local/lib/python3.8/site-packages/airflow/example_dags/example_skip_dag.py for tasks to queue
[2024-03-15T08:13:57.087+0000] {logging_mixin.py:188} INFO - [2024-03-15T08:13:57.087+0000] {dagbag.py:540} INFO - Filling up the DagBag from /home/airflow/.local/lib/python3.8/site-packages/airflow/example_dags/example_skip_dag.py
[2024-03-15T08:13:57.090+0000] {processor.py:840} INFO - DAG(s) 'example_skip_dag' retrieved from /home/airflow/.local/lib/python3.8/site-packages/airflow/example_dags/example_skip_dag.py
[2024-03-15T08:13:57.099+0000] {logging_mixin.py:188} INFO - [2024-03-15T08:13:57.099+0000] {dag.py:3047} INFO - Sync 1 DAGs
[2024-03-15T08:13:57.108+0000] {logging_mixin.py:188} INFO - [2024-03-15T08:13:57.107+0000] {dag.py:3834} INFO - Setting next_dagrun for example_skip_dag to 2024-03-14 00:00:00+00:00, run_after=2024-03-15 00:00:00+00:00
[2024-03-15T08:13:57.114+0000] {processor.py:183} INFO - Processing /home/airflow/.local/lib/python3.8/site-packages/airflow/example_dags/example_skip_dag.py took 0.030 seconds
[2024-03-15T08:14:27.447+0000] {processor.py:161} INFO - Started process (PID=1103) to work on /home/airflow/.local/lib/python3.8/site-packages/airflow/example_dags/example_skip_dag.py
[2024-03-15T08:14:27.447+0000] {processor.py:830} INFO - Processing file /home/airflow/.local/lib/python3.8/site-packages/airflow/example_dags/example_skip_dag.py for tasks to queue
[2024-03-15T08:14:27.448+0000] {logging_mixin.py:188} INFO - [2024-03-15T08:14:27.448+0000] {dagbag.py:540} INFO - Filling up the DagBag from /home/airflow/.local/lib/python3.8/site-packages/airflow/example_dags/example_skip_dag.py
[2024-03-15T08:14:27.451+0000] {processor.py:840} INFO - DAG(s) 'example_skip_dag' retrieved from /home/airflow/.local/lib/python3.8/site-packages/airflow/example_dags/example_skip_dag.py
[2024-03-15T08:14:27.460+0000] {logging_mixin.py:188} INFO - [2024-03-15T08:14:27.460+0000] {dag.py:3047} INFO - Sync 1 DAGs
[2024-03-15T08:14:27.469+0000] {logging_mixin.py:188} INFO - [2024-03-15T08:14:27.468+0000] {dag.py:3834} INFO - Setting next_dagrun for example_skip_dag to 2024-03-14 00:00:00+00:00, run_after=2024-03-15 00:00:00+00:00
[2024-03-15T08:14:27.475+0000] {processor.py:183} INFO - Processing /home/airflow/.local/lib/python3.8/site-packages/airflow/example_dags/example_skip_dag.py took 0.030 seconds
[2024-03-15T08:14:57.793+0000] {processor.py:161} INFO - Started process (PID=1158) to work on /home/airflow/.local/lib/python3.8/site-packages/airflow/example_dags/example_skip_dag.py
[2024-03-15T08:14:57.793+0000] {processor.py:830} INFO - Processing file /home/airflow/.local/lib/python3.8/site-packages/airflow/example_dags/example_skip_dag.py for tasks to queue
[2024-03-15T08:14:57.794+0000] {logging_mixin.py:188} INFO - [2024-03-15T08:14:57.794+0000] {dagbag.py:540} INFO - Filling up the DagBag from /home/airflow/.local/lib/python3.8/site-packages/airflow/example_dags/example_skip_dag.py
[2024-03-15T08:14:57.797+0000] {processor.py:840} INFO - DAG(s) 'example_skip_dag' retrieved from /home/airflow/.local/lib/python3.8/site-packages/airflow/example_dags/example_skip_dag.py
[2024-03-15T08:14:57.806+0000] {logging_mixin.py:188} INFO - [2024-03-15T08:14:57.806+0000] {dag.py:3047} INFO - Sync 1 DAGs
[2024-03-15T08:14:57.815+0000] {logging_mixin.py:188} INFO - [2024-03-15T08:14:57.815+0000] {dag.py:3834} INFO - Setting next_dagrun for example_skip_dag to 2024-03-14 00:00:00+00:00, run_after=2024-03-15 00:00:00+00:00
[2024-03-15T08:14:57.821+0000] {processor.py:183} INFO - Processing /home/airflow/.local/lib/python3.8/site-packages/airflow/example_dags/example_skip_dag.py took 0.030 seconds
[2024-03-15T08:15:28.147+0000] {processor.py:161} INFO - Started process (PID=1213) to work on /home/airflow/.local/lib/python3.8/site-packages/airflow/example_dags/example_skip_dag.py
[2024-03-15T08:15:28.147+0000] {processor.py:830} INFO - Processing file /home/airflow/.local/lib/python3.8/site-packages/airflow/example_dags/example_skip_dag.py for tasks to queue
[2024-03-15T08:15:28.148+0000] {logging_mixin.py:188} INFO - [2024-03-15T08:15:28.148+0000] {dagbag.py:540} INFO - Filling up the DagBag from /home/airflow/.local/lib/python3.8/site-packages/airflow/example_dags/example_skip_dag.py
[2024-03-15T08:15:28.151+0000] {processor.py:840} INFO - DAG(s) 'example_skip_dag' retrieved from /home/airflow/.local/lib/python3.8/site-packages/airflow/example_dags/example_skip_dag.py
[2024-03-15T08:15:28.161+0000] {logging_mixin.py:188} INFO - [2024-03-15T08:15:28.161+0000] {dag.py:3047} INFO - Sync 1 DAGs
[2024-03-15T08:15:28.169+0000] {logging_mixin.py:188} INFO - [2024-03-15T08:15:28.169+0000] {dag.py:3834} INFO - Setting next_dagrun for example_skip_dag to 2024-03-14 00:00:00+00:00, run_after=2024-03-15 00:00:00+00:00
[2024-03-15T08:15:28.178+0000] {processor.py:183} INFO - Processing /home/airflow/.local/lib/python3.8/site-packages/airflow/example_dags/example_skip_dag.py took 0.033 seconds
[2024-03-15T08:15:58.548+0000] {processor.py:161} INFO - Started process (PID=1268) to work on /home/airflow/.local/lib/python3.8/site-packages/airflow/example_dags/example_skip_dag.py
[2024-03-15T08:15:58.548+0000] {processor.py:830} INFO - Processing file /home/airflow/.local/lib/python3.8/site-packages/airflow/example_dags/example_skip_dag.py for tasks to queue
[2024-03-15T08:15:58.549+0000] {logging_mixin.py:188} INFO - [2024-03-15T08:15:58.549+0000] {dagbag.py:540} INFO - Filling up the DagBag from /home/airflow/.local/lib/python3.8/site-packages/airflow/example_dags/example_skip_dag.py
[2024-03-15T08:15:58.552+0000] {processor.py:840} INFO - DAG(s) 'example_skip_dag' retrieved from /home/airflow/.local/lib/python3.8/site-packages/airflow/example_dags/example_skip_dag.py
[2024-03-15T08:15:58.561+0000] {logging_mixin.py:188} INFO - [2024-03-15T08:15:58.561+0000] {dag.py:3047} INFO - Sync 1 DAGs
[2024-03-15T08:15:58.571+0000] {logging_mixin.py:188} INFO - [2024-03-15T08:15:58.571+0000] {dag.py:3834} INFO - Setting next_dagrun for example_skip_dag to 2024-03-14 00:00:00+00:00, run_after=2024-03-15 00:00:00+00:00
[2024-03-15T08:15:58.578+0000] {processor.py:183} INFO - Processing /home/airflow/.local/lib/python3.8/site-packages/airflow/example_dags/example_skip_dag.py took 0.032 seconds
[2024-03-15T08:16:28.889+0000] {processor.py:161} INFO - Started process (PID=1323) to work on /home/airflow/.local/lib/python3.8/site-packages/airflow/example_dags/example_skip_dag.py
[2024-03-15T08:16:28.889+0000] {processor.py:830} INFO - Processing file /home/airflow/.local/lib/python3.8/site-packages/airflow/example_dags/example_skip_dag.py for tasks to queue
[2024-03-15T08:16:28.890+0000] {logging_mixin.py:188} INFO - [2024-03-15T08:16:28.890+0000] {dagbag.py:540} INFO - Filling up the DagBag from /home/airflow/.local/lib/python3.8/site-packages/airflow/example_dags/example_skip_dag.py
[2024-03-15T08:16:28.893+0000] {processor.py:840} INFO - DAG(s) 'example_skip_dag' retrieved from /home/airflow/.local/lib/python3.8/site-packages/airflow/example_dags/example_skip_dag.py
[2024-03-15T08:16:28.902+0000] {logging_mixin.py:188} INFO - [2024-03-15T08:16:28.902+0000] {dag.py:3047} INFO - Sync 1 DAGs
[2024-03-15T08:16:28.911+0000] {logging_mixin.py:188} INFO - [2024-03-15T08:16:28.910+0000] {dag.py:3834} INFO - Setting next_dagrun for example_skip_dag to 2024-03-14 00:00:00+00:00, run_after=2024-03-15 00:00:00+00:00
[2024-03-15T08:16:28.917+0000] {processor.py:183} INFO - Processing /home/airflow/.local/lib/python3.8/site-packages/airflow/example_dags/example_skip_dag.py took 0.030 seconds
[2024-03-15T08:16:59.196+0000] {processor.py:161} INFO - Started process (PID=1378) to work on /home/airflow/.local/lib/python3.8/site-packages/airflow/example_dags/example_skip_dag.py
[2024-03-15T08:16:59.196+0000] {processor.py:830} INFO - Processing file /home/airflow/.local/lib/python3.8/site-packages/airflow/example_dags/example_skip_dag.py for tasks to queue
[2024-03-15T08:16:59.197+0000] {logging_mixin.py:188} INFO - [2024-03-15T08:16:59.197+0000] {dagbag.py:540} INFO - Filling up the DagBag from /home/airflow/.local/lib/python3.8/site-packages/airflow/example_dags/example_skip_dag.py
[2024-03-15T08:16:59.201+0000] {processor.py:840} INFO - DAG(s) 'example_skip_dag' retrieved from /home/airflow/.local/lib/python3.8/site-packages/airflow/example_dags/example_skip_dag.py
[2024-03-15T08:16:59.211+0000] {logging_mixin.py:188} INFO - [2024-03-15T08:16:59.211+0000] {dag.py:3047} INFO - Sync 1 DAGs
[2024-03-15T08:16:59.220+0000] {logging_mixin.py:188} INFO - [2024-03-15T08:16:59.220+0000] {dag.py:3834} INFO - Setting next_dagrun for example_skip_dag to 2024-03-14 00:00:00+00:00, run_after=2024-03-15 00:00:00+00:00
[2024-03-15T08:16:59.227+0000] {processor.py:183} INFO - Processing /home/airflow/.local/lib/python3.8/site-packages/airflow/example_dags/example_skip_dag.py took 0.034 seconds
[2024-03-15T08:17:29.577+0000] {processor.py:161} INFO - Started process (PID=1433) to work on /home/airflow/.local/lib/python3.8/site-packages/airflow/example_dags/example_skip_dag.py
[2024-03-15T08:17:29.577+0000] {processor.py:830} INFO - Processing file /home/airflow/.local/lib/python3.8/site-packages/airflow/example_dags/example_skip_dag.py for tasks to queue
[2024-03-15T08:17:29.578+0000] {logging_mixin.py:188} INFO - [2024-03-15T08:17:29.578+0000] {dagbag.py:540} INFO - Filling up the DagBag from /home/airflow/.local/lib/python3.8/site-packages/airflow/example_dags/example_skip_dag.py
[2024-03-15T08:17:29.581+0000] {processor.py:840} INFO - DAG(s) 'example_skip_dag' retrieved from /home/airflow/.local/lib/python3.8/site-packages/airflow/example_dags/example_skip_dag.py
[2024-03-15T08:17:29.590+0000] {logging_mixin.py:188} INFO - [2024-03-15T08:17:29.590+0000] {dag.py:3047} INFO - Sync 1 DAGs
[2024-03-15T08:17:29.599+0000] {logging_mixin.py:188} INFO - [2024-03-15T08:17:29.599+0000] {dag.py:3834} INFO - Setting next_dagrun for example_skip_dag to 2024-03-14 00:00:00+00:00, run_after=2024-03-15 00:00:00+00:00
[2024-03-15T08:17:29.605+0000] {processor.py:183} INFO - Processing /home/airflow/.local/lib/python3.8/site-packages/airflow/example_dags/example_skip_dag.py took 0.030 seconds
[2024-03-15T08:17:59.912+0000] {processor.py:161} INFO - Started process (PID=1488) to work on /home/airflow/.local/lib/python3.8/site-packages/airflow/example_dags/example_skip_dag.py
[2024-03-15T08:17:59.913+0000] {processor.py:830} INFO - Processing file /home/airflow/.local/lib/python3.8/site-packages/airflow/example_dags/example_skip_dag.py for tasks to queue
[2024-03-15T08:17:59.914+0000] {logging_mixin.py:188} INFO - [2024-03-15T08:17:59.913+0000] {dagbag.py:540} INFO - Filling up the DagBag from /home/airflow/.local/lib/python3.8/site-packages/airflow/example_dags/example_skip_dag.py
[2024-03-15T08:17:59.916+0000] {processor.py:840} INFO - DAG(s) 'example_skip_dag' retrieved from /home/airflow/.local/lib/python3.8/site-packages/airflow/example_dags/example_skip_dag.py
[2024-03-15T08:17:59.924+0000] {logging_mixin.py:188} INFO - [2024-03-15T08:17:59.924+0000] {dag.py:3047} INFO - Sync 1 DAGs
[2024-03-15T08:17:59.932+0000] {logging_mixin.py:188} INFO - [2024-03-15T08:17:59.932+0000] {dag.py:3834} INFO - Setting next_dagrun for example_skip_dag to 2024-03-14 00:00:00+00:00, run_after=2024-03-15 00:00:00+00:00
[2024-03-15T08:17:59.938+0000] {processor.py:183} INFO - Processing /home/airflow/.local/lib/python3.8/site-packages/airflow/example_dags/example_skip_dag.py took 0.027 seconds
[2024-03-15T08:18:30.348+0000] {processor.py:161} INFO - Started process (PID=1543) to work on /home/airflow/.local/lib/python3.8/site-packages/airflow/example_dags/example_skip_dag.py
[2024-03-15T08:18:30.349+0000] {processor.py:830} INFO - Processing file /home/airflow/.local/lib/python3.8/site-packages/airflow/example_dags/example_skip_dag.py for tasks to queue
[2024-03-15T08:18:30.349+0000] {logging_mixin.py:188} INFO - [2024-03-15T08:18:30.349+0000] {dagbag.py:540} INFO - Filling up the DagBag from /home/airflow/.local/lib/python3.8/site-packages/airflow/example_dags/example_skip_dag.py
[2024-03-15T08:18:30.352+0000] {processor.py:840} INFO - DAG(s) 'example_skip_dag' retrieved from /home/airflow/.local/lib/python3.8/site-packages/airflow/example_dags/example_skip_dag.py
[2024-03-15T08:18:30.363+0000] {logging_mixin.py:188} INFO - [2024-03-15T08:18:30.363+0000] {dag.py:3047} INFO - Sync 1 DAGs
[2024-03-15T08:18:30.375+0000] {logging_mixin.py:188} INFO - [2024-03-15T08:18:30.375+0000] {dag.py:3834} INFO - Setting next_dagrun for example_skip_dag to 2024-03-14 00:00:00+00:00, run_after=2024-03-15 00:00:00+00:00
[2024-03-15T08:18:30.387+0000] {processor.py:183} INFO - Processing /home/airflow/.local/lib/python3.8/site-packages/airflow/example_dags/example_skip_dag.py took 0.040 seconds
[2024-03-15T08:19:00.715+0000] {processor.py:161} INFO - Started process (PID=1598) to work on /home/airflow/.local/lib/python3.8/site-packages/airflow/example_dags/example_skip_dag.py
[2024-03-15T08:19:00.715+0000] {processor.py:830} INFO - Processing file /home/airflow/.local/lib/python3.8/site-packages/airflow/example_dags/example_skip_dag.py for tasks to queue
[2024-03-15T08:19:00.716+0000] {logging_mixin.py:188} INFO - [2024-03-15T08:19:00.716+0000] {dagbag.py:540} INFO - Filling up the DagBag from /home/airflow/.local/lib/python3.8/site-packages/airflow/example_dags/example_skip_dag.py
[2024-03-15T08:19:00.719+0000] {processor.py:840} INFO - DAG(s) 'example_skip_dag' retrieved from /home/airflow/.local/lib/python3.8/site-packages/airflow/example_dags/example_skip_dag.py
[2024-03-15T08:19:00.727+0000] {logging_mixin.py:188} INFO - [2024-03-15T08:19:00.727+0000] {dag.py:3047} INFO - Sync 1 DAGs
[2024-03-15T08:19:00.736+0000] {logging_mixin.py:188} INFO - [2024-03-15T08:19:00.736+0000] {dag.py:3834} INFO - Setting next_dagrun for example_skip_dag to 2024-03-14 00:00:00+00:00, run_after=2024-03-15 00:00:00+00:00
[2024-03-15T08:19:00.743+0000] {processor.py:183} INFO - Processing /home/airflow/.local/lib/python3.8/site-packages/airflow/example_dags/example_skip_dag.py took 0.029 seconds
[2024-03-15T08:19:30.996+0000] {processor.py:161} INFO - Started process (PID=1653) to work on /home/airflow/.local/lib/python3.8/site-packages/airflow/example_dags/example_skip_dag.py
[2024-03-15T08:19:30.997+0000] {processor.py:830} INFO - Processing file /home/airflow/.local/lib/python3.8/site-packages/airflow/example_dags/example_skip_dag.py for tasks to queue
[2024-03-15T08:19:30.997+0000] {logging_mixin.py:188} INFO - [2024-03-15T08:19:30.997+0000] {dagbag.py:540} INFO - Filling up the DagBag from /home/airflow/.local/lib/python3.8/site-packages/airflow/example_dags/example_skip_dag.py
[2024-03-15T08:19:31.000+0000] {processor.py:840} INFO - DAG(s) 'example_skip_dag' retrieved from /home/airflow/.local/lib/python3.8/site-packages/airflow/example_dags/example_skip_dag.py
[2024-03-15T08:19:31.010+0000] {logging_mixin.py:188} INFO - [2024-03-15T08:19:31.009+0000] {dag.py:3047} INFO - Sync 1 DAGs
[2024-03-15T08:19:31.018+0000] {logging_mixin.py:188} INFO - [2024-03-15T08:19:31.018+0000] {dag.py:3834} INFO - Setting next_dagrun for example_skip_dag to 2024-03-14 00:00:00+00:00, run_after=2024-03-15 00:00:00+00:00
[2024-03-15T08:19:31.027+0000] {processor.py:183} INFO - Processing /home/airflow/.local/lib/python3.8/site-packages/airflow/example_dags/example_skip_dag.py took 0.033 seconds
[2024-03-15T08:20:01.355+0000] {processor.py:161} INFO - Started process (PID=1708) to work on /home/airflow/.local/lib/python3.8/site-packages/airflow/example_dags/example_skip_dag.py
[2024-03-15T08:20:01.356+0000] {processor.py:830} INFO - Processing file /home/airflow/.local/lib/python3.8/site-packages/airflow/example_dags/example_skip_dag.py for tasks to queue
[2024-03-15T08:20:01.356+0000] {logging_mixin.py:188} INFO - [2024-03-15T08:20:01.356+0000] {dagbag.py:540} INFO - Filling up the DagBag from /home/airflow/.local/lib/python3.8/site-packages/airflow/example_dags/example_skip_dag.py
[2024-03-15T08:20:01.360+0000] {processor.py:840} INFO - DAG(s) 'example_skip_dag' retrieved from /home/airflow/.local/lib/python3.8/site-packages/airflow/example_dags/example_skip_dag.py
[2024-03-15T08:20:01.369+0000] {logging_mixin.py:188} INFO - [2024-03-15T08:20:01.368+0000] {dag.py:3047} INFO - Sync 1 DAGs
[2024-03-15T08:20:01.377+0000] {logging_mixin.py:188} INFO - [2024-03-15T08:20:01.377+0000] {dag.py:3834} INFO - Setting next_dagrun for example_skip_dag to 2024-03-14 00:00:00+00:00, run_after=2024-03-15 00:00:00+00:00
[2024-03-15T08:20:01.384+0000] {processor.py:183} INFO - Processing /home/airflow/.local/lib/python3.8/site-packages/airflow/example_dags/example_skip_dag.py took 0.031 seconds
[2024-03-15T08:20:31.684+0000] {processor.py:161} INFO - Started process (PID=1762) to work on /home/airflow/.local/lib/python3.8/site-packages/airflow/example_dags/example_skip_dag.py
[2024-03-15T08:20:31.684+0000] {processor.py:830} INFO - Processing file /home/airflow/.local/lib/python3.8/site-packages/airflow/example_dags/example_skip_dag.py for tasks to queue
[2024-03-15T08:20:31.685+0000] {logging_mixin.py:188} INFO - [2024-03-15T08:20:31.685+0000] {dagbag.py:540} INFO - Filling up the DagBag from /home/airflow/.local/lib/python3.8/site-packages/airflow/example_dags/example_skip_dag.py
[2024-03-15T08:20:31.689+0000] {processor.py:840} INFO - DAG(s) 'example_skip_dag' retrieved from /home/airflow/.local/lib/python3.8/site-packages/airflow/example_dags/example_skip_dag.py
[2024-03-15T08:20:31.698+0000] {logging_mixin.py:188} INFO - [2024-03-15T08:20:31.697+0000] {dag.py:3047} INFO - Sync 1 DAGs
[2024-03-15T08:20:31.707+0000] {logging_mixin.py:188} INFO - [2024-03-15T08:20:31.707+0000] {dag.py:3834} INFO - Setting next_dagrun for example_skip_dag to 2024-03-14 00:00:00+00:00, run_after=2024-03-15 00:00:00+00:00
[2024-03-15T08:20:31.713+0000] {processor.py:183} INFO - Processing /home/airflow/.local/lib/python3.8/site-packages/airflow/example_dags/example_skip_dag.py took 0.032 seconds
[2024-03-15T08:21:02.020+0000] {processor.py:161} INFO - Started process (PID=1817) to work on /home/airflow/.local/lib/python3.8/site-packages/airflow/example_dags/example_skip_dag.py
[2024-03-15T08:21:02.021+0000] {processor.py:830} INFO - Processing file /home/airflow/.local/lib/python3.8/site-packages/airflow/example_dags/example_skip_dag.py for tasks to queue
[2024-03-15T08:21:02.021+0000] {logging_mixin.py:188} INFO - [2024-03-15T08:21:02.021+0000] {dagbag.py:540} INFO - Filling up the DagBag from /home/airflow/.local/lib/python3.8/site-packages/airflow/example_dags/example_skip_dag.py
[2024-03-15T08:21:02.024+0000] {processor.py:840} INFO - DAG(s) 'example_skip_dag' retrieved from /home/airflow/.local/lib/python3.8/site-packages/airflow/example_dags/example_skip_dag.py
[2024-03-15T08:21:02.033+0000] {logging_mixin.py:188} INFO - [2024-03-15T08:21:02.033+0000] {dag.py:3047} INFO - Sync 1 DAGs
[2024-03-15T08:21:02.041+0000] {logging_mixin.py:188} INFO - [2024-03-15T08:21:02.041+0000] {dag.py:3834} INFO - Setting next_dagrun for example_skip_dag to 2024-03-14 00:00:00+00:00, run_after=2024-03-15 00:00:00+00:00
[2024-03-15T08:21:02.048+0000] {processor.py:183} INFO - Processing /home/airflow/.local/lib/python3.8/site-packages/airflow/example_dags/example_skip_dag.py took 0.029 seconds
[2024-03-15T08:21:32.305+0000] {processor.py:161} INFO - Started process (PID=1872) to work on /home/airflow/.local/lib/python3.8/site-packages/airflow/example_dags/example_skip_dag.py
[2024-03-15T08:21:32.305+0000] {processor.py:830} INFO - Processing file /home/airflow/.local/lib/python3.8/site-packages/airflow/example_dags/example_skip_dag.py for tasks to queue
[2024-03-15T08:21:32.306+0000] {logging_mixin.py:188} INFO - [2024-03-15T08:21:32.306+0000] {dagbag.py:540} INFO - Filling up the DagBag from /home/airflow/.local/lib/python3.8/site-packages/airflow/example_dags/example_skip_dag.py
[2024-03-15T08:21:32.309+0000] {processor.py:840} INFO - DAG(s) 'example_skip_dag' retrieved from /home/airflow/.local/lib/python3.8/site-packages/airflow/example_dags/example_skip_dag.py
[2024-03-15T08:21:32.317+0000] {logging_mixin.py:188} INFO - [2024-03-15T08:21:32.317+0000] {dag.py:3047} INFO - Sync 1 DAGs
[2024-03-15T08:21:32.326+0000] {logging_mixin.py:188} INFO - [2024-03-15T08:21:32.326+0000] {dag.py:3834} INFO - Setting next_dagrun for example_skip_dag to 2024-03-14 00:00:00+00:00, run_after=2024-03-15 00:00:00+00:00
[2024-03-15T08:21:32.332+0000] {processor.py:183} INFO - Processing /home/airflow/.local/lib/python3.8/site-packages/airflow/example_dags/example_skip_dag.py took 0.029 seconds
[2024-03-15T08:22:02.606+0000] {processor.py:161} INFO - Started process (PID=1926) to work on /home/airflow/.local/lib/python3.8/site-packages/airflow/example_dags/example_skip_dag.py
[2024-03-15T08:22:02.606+0000] {processor.py:830} INFO - Processing file /home/airflow/.local/lib/python3.8/site-packages/airflow/example_dags/example_skip_dag.py for tasks to queue
[2024-03-15T08:22:02.607+0000] {logging_mixin.py:188} INFO - [2024-03-15T08:22:02.607+0000] {dagbag.py:540} INFO - Filling up the DagBag from /home/airflow/.local/lib/python3.8/site-packages/airflow/example_dags/example_skip_dag.py
[2024-03-15T08:22:02.610+0000] {processor.py:840} INFO - DAG(s) 'example_skip_dag' retrieved from /home/airflow/.local/lib/python3.8/site-packages/airflow/example_dags/example_skip_dag.py
[2024-03-15T08:22:02.619+0000] {logging_mixin.py:188} INFO - [2024-03-15T08:22:02.619+0000] {dag.py:3047} INFO - Sync 1 DAGs
[2024-03-15T08:22:02.627+0000] {logging_mixin.py:188} INFO - [2024-03-15T08:22:02.627+0000] {dag.py:3834} INFO - Setting next_dagrun for example_skip_dag to 2024-03-14 00:00:00+00:00, run_after=2024-03-15 00:00:00+00:00
[2024-03-15T08:22:02.633+0000] {processor.py:183} INFO - Processing /home/airflow/.local/lib/python3.8/site-packages/airflow/example_dags/example_skip_dag.py took 0.028 seconds
[2024-03-15T08:22:32.963+0000] {processor.py:161} INFO - Started process (PID=1981) to work on /home/airflow/.local/lib/python3.8/site-packages/airflow/example_dags/example_skip_dag.py
[2024-03-15T08:22:32.964+0000] {processor.py:830} INFO - Processing file /home/airflow/.local/lib/python3.8/site-packages/airflow/example_dags/example_skip_dag.py for tasks to queue
[2024-03-15T08:22:32.965+0000] {logging_mixin.py:188} INFO - [2024-03-15T08:22:32.965+0000] {dagbag.py:540} INFO - Filling up the DagBag from /home/airflow/.local/lib/python3.8/site-packages/airflow/example_dags/example_skip_dag.py
[2024-03-15T08:22:32.968+0000] {processor.py:840} INFO - DAG(s) 'example_skip_dag' retrieved from /home/airflow/.local/lib/python3.8/site-packages/airflow/example_dags/example_skip_dag.py
[2024-03-15T08:22:32.977+0000] {logging_mixin.py:188} INFO - [2024-03-15T08:22:32.977+0000] {dag.py:3047} INFO - Sync 1 DAGs
[2024-03-15T08:22:32.985+0000] {logging_mixin.py:188} INFO - [2024-03-15T08:22:32.985+0000] {dag.py:3834} INFO - Setting next_dagrun for example_skip_dag to 2024-03-14 00:00:00+00:00, run_after=2024-03-15 00:00:00+00:00
[2024-03-15T08:22:32.992+0000] {processor.py:183} INFO - Processing /home/airflow/.local/lib/python3.8/site-packages/airflow/example_dags/example_skip_dag.py took 0.030 seconds
[2024-03-15T08:23:03.458+0000] {processor.py:161} INFO - Started process (PID=2036) to work on /home/airflow/.local/lib/python3.8/site-packages/airflow/example_dags/example_skip_dag.py
[2024-03-15T08:23:03.458+0000] {processor.py:830} INFO - Processing file /home/airflow/.local/lib/python3.8/site-packages/airflow/example_dags/example_skip_dag.py for tasks to queue
[2024-03-15T08:23:03.459+0000] {logging_mixin.py:188} INFO - [2024-03-15T08:23:03.459+0000] {dagbag.py:540} INFO - Filling up the DagBag from /home/airflow/.local/lib/python3.8/site-packages/airflow/example_dags/example_skip_dag.py
[2024-03-15T08:23:03.462+0000] {processor.py:840} INFO - DAG(s) 'example_skip_dag' retrieved from /home/airflow/.local/lib/python3.8/site-packages/airflow/example_dags/example_skip_dag.py
[2024-03-15T08:23:03.471+0000] {logging_mixin.py:188} INFO - [2024-03-15T08:23:03.471+0000] {dag.py:3047} INFO - Sync 1 DAGs
[2024-03-15T08:23:03.479+0000] {logging_mixin.py:188} INFO - [2024-03-15T08:23:03.479+0000] {dag.py:3834} INFO - Setting next_dagrun for example_skip_dag to 2024-03-14 00:00:00+00:00, run_after=2024-03-15 00:00:00+00:00
[2024-03-15T08:23:03.486+0000] {processor.py:183} INFO - Processing /home/airflow/.local/lib/python3.8/site-packages/airflow/example_dags/example_skip_dag.py took 0.030 seconds
[2024-03-15T08:23:33.980+0000] {processor.py:161} INFO - Started process (PID=2090) to work on /home/airflow/.local/lib/python3.8/site-packages/airflow/example_dags/example_skip_dag.py
[2024-03-15T08:23:33.980+0000] {processor.py:830} INFO - Processing file /home/airflow/.local/lib/python3.8/site-packages/airflow/example_dags/example_skip_dag.py for tasks to queue
[2024-03-15T08:23:33.981+0000] {logging_mixin.py:188} INFO - [2024-03-15T08:23:33.981+0000] {dagbag.py:540} INFO - Filling up the DagBag from /home/airflow/.local/lib/python3.8/site-packages/airflow/example_dags/example_skip_dag.py
[2024-03-15T08:23:33.984+0000] {processor.py:840} INFO - DAG(s) 'example_skip_dag' retrieved from /home/airflow/.local/lib/python3.8/site-packages/airflow/example_dags/example_skip_dag.py
[2024-03-15T08:23:33.994+0000] {logging_mixin.py:188} INFO - [2024-03-15T08:23:33.994+0000] {dag.py:3047} INFO - Sync 1 DAGs
[2024-03-15T08:23:34.002+0000] {logging_mixin.py:188} INFO - [2024-03-15T08:23:34.002+0000] {dag.py:3834} INFO - Setting next_dagrun for example_skip_dag to 2024-03-14 00:00:00+00:00, run_after=2024-03-15 00:00:00+00:00
[2024-03-15T08:23:34.009+0000] {processor.py:183} INFO - Processing /home/airflow/.local/lib/python3.8/site-packages/airflow/example_dags/example_skip_dag.py took 0.031 seconds
