[2024-03-15T08:04:49.523+0000] {processor.py:161} INFO - Started process (PID=79) to work on /home/airflow/.local/lib/python3.8/site-packages/airflow/example_dags/example_short_circuit_operator.py
[2024-03-15T08:04:49.524+0000] {processor.py:830} INFO - Processing file /home/airflow/.local/lib/python3.8/site-packages/airflow/example_dags/example_short_circuit_operator.py for tasks to queue
[2024-03-15T08:04:49.525+0000] {logging_mixin.py:188} INFO - [2024-03-15T08:04:49.525+0000] {dagbag.py:540} INFO - Filling up the DagBag from /home/airflow/.local/lib/python3.8/site-packages/airflow/example_dags/example_short_circuit_operator.py
[2024-03-15T08:04:49.531+0000] {processor.py:840} INFO - DAG(s) 'example_short_circuit_operator' retrieved from /home/airflow/.local/lib/python3.8/site-packages/airflow/example_dags/example_short_circuit_operator.py
[2024-03-15T08:04:49.539+0000] {logging_mixin.py:188} INFO - [2024-03-15T08:04:49.539+0000] {dag.py:3047} INFO - Sync 1 DAGs
[2024-03-15T08:04:49.550+0000] {logging_mixin.py:188} INFO - [2024-03-15T08:04:49.550+0000] {dag.py:3834} INFO - Setting next_dagrun for example_short_circuit_operator to 2024-03-14 00:00:00+00:00, run_after=2024-03-15 00:00:00+00:00
[2024-03-15T08:04:49.558+0000] {processor.py:183} INFO - Processing /home/airflow/.local/lib/python3.8/site-packages/airflow/example_dags/example_short_circuit_operator.py took 0.038 seconds
[2024-03-15T08:05:21.026+0000] {processor.py:161} INFO - Started process (PID=134) to work on /home/airflow/.local/lib/python3.8/site-packages/airflow/example_dags/example_short_circuit_operator.py
[2024-03-15T08:05:21.026+0000] {processor.py:830} INFO - Processing file /home/airflow/.local/lib/python3.8/site-packages/airflow/example_dags/example_short_circuit_operator.py for tasks to queue
[2024-03-15T08:05:21.027+0000] {logging_mixin.py:188} INFO - [2024-03-15T08:05:21.027+0000] {dagbag.py:540} INFO - Filling up the DagBag from /home/airflow/.local/lib/python3.8/site-packages/airflow/example_dags/example_short_circuit_operator.py
[2024-03-15T08:05:21.030+0000] {processor.py:840} INFO - DAG(s) 'example_short_circuit_operator' retrieved from /home/airflow/.local/lib/python3.8/site-packages/airflow/example_dags/example_short_circuit_operator.py
[2024-03-15T08:05:21.068+0000] {logging_mixin.py:188} INFO - [2024-03-15T08:05:21.068+0000] {dag.py:3047} INFO - Sync 1 DAGs
[2024-03-15T08:05:21.075+0000] {logging_mixin.py:188} INFO - [2024-03-15T08:05:21.075+0000] {dag.py:3834} INFO - Setting next_dagrun for example_short_circuit_operator to 2024-03-14 00:00:00+00:00, run_after=2024-03-15 00:00:00+00:00
[2024-03-15T08:05:21.083+0000] {processor.py:183} INFO - Processing /home/airflow/.local/lib/python3.8/site-packages/airflow/example_dags/example_short_circuit_operator.py took 0.059 seconds
[2024-03-15T08:05:51.527+0000] {processor.py:161} INFO - Started process (PID=189) to work on /home/airflow/.local/lib/python3.8/site-packages/airflow/example_dags/example_short_circuit_operator.py
[2024-03-15T08:05:51.527+0000] {processor.py:830} INFO - Processing file /home/airflow/.local/lib/python3.8/site-packages/airflow/example_dags/example_short_circuit_operator.py for tasks to queue
[2024-03-15T08:05:51.528+0000] {logging_mixin.py:188} INFO - [2024-03-15T08:05:51.528+0000] {dagbag.py:540} INFO - Filling up the DagBag from /home/airflow/.local/lib/python3.8/site-packages/airflow/example_dags/example_short_circuit_operator.py
[2024-03-15T08:05:51.531+0000] {processor.py:840} INFO - DAG(s) 'example_short_circuit_operator' retrieved from /home/airflow/.local/lib/python3.8/site-packages/airflow/example_dags/example_short_circuit_operator.py
[2024-03-15T08:05:51.541+0000] {logging_mixin.py:188} INFO - [2024-03-15T08:05:51.541+0000] {dag.py:3047} INFO - Sync 1 DAGs
[2024-03-15T08:05:51.549+0000] {logging_mixin.py:188} INFO - [2024-03-15T08:05:51.549+0000] {dag.py:3834} INFO - Setting next_dagrun for example_short_circuit_operator to 2024-03-14 00:00:00+00:00, run_after=2024-03-15 00:00:00+00:00
[2024-03-15T08:05:51.557+0000] {processor.py:183} INFO - Processing /home/airflow/.local/lib/python3.8/site-packages/airflow/example_dags/example_short_circuit_operator.py took 0.031 seconds
[2024-03-15T08:06:21.807+0000] {processor.py:161} INFO - Started process (PID=244) to work on /home/airflow/.local/lib/python3.8/site-packages/airflow/example_dags/example_short_circuit_operator.py
[2024-03-15T08:06:21.807+0000] {processor.py:830} INFO - Processing file /home/airflow/.local/lib/python3.8/site-packages/airflow/example_dags/example_short_circuit_operator.py for tasks to queue
[2024-03-15T08:06:21.808+0000] {logging_mixin.py:188} INFO - [2024-03-15T08:06:21.808+0000] {dagbag.py:540} INFO - Filling up the DagBag from /home/airflow/.local/lib/python3.8/site-packages/airflow/example_dags/example_short_circuit_operator.py
[2024-03-15T08:06:21.811+0000] {processor.py:840} INFO - DAG(s) 'example_short_circuit_operator' retrieved from /home/airflow/.local/lib/python3.8/site-packages/airflow/example_dags/example_short_circuit_operator.py
[2024-03-15T08:06:21.822+0000] {logging_mixin.py:188} INFO - [2024-03-15T08:06:21.821+0000] {dag.py:3047} INFO - Sync 1 DAGs
[2024-03-15T08:06:21.830+0000] {logging_mixin.py:188} INFO - [2024-03-15T08:06:21.830+0000] {dag.py:3834} INFO - Setting next_dagrun for example_short_circuit_operator to 2024-03-14 00:00:00+00:00, run_after=2024-03-15 00:00:00+00:00
[2024-03-15T08:06:21.838+0000] {processor.py:183} INFO - Processing /home/airflow/.local/lib/python3.8/site-packages/airflow/example_dags/example_short_circuit_operator.py took 0.032 seconds
[2024-03-15T08:06:52.110+0000] {processor.py:161} INFO - Started process (PID=299) to work on /home/airflow/.local/lib/python3.8/site-packages/airflow/example_dags/example_short_circuit_operator.py
[2024-03-15T08:06:52.110+0000] {processor.py:830} INFO - Processing file /home/airflow/.local/lib/python3.8/site-packages/airflow/example_dags/example_short_circuit_operator.py for tasks to queue
[2024-03-15T08:06:52.111+0000] {logging_mixin.py:188} INFO - [2024-03-15T08:06:52.111+0000] {dagbag.py:540} INFO - Filling up the DagBag from /home/airflow/.local/lib/python3.8/site-packages/airflow/example_dags/example_short_circuit_operator.py
[2024-03-15T08:06:52.114+0000] {processor.py:840} INFO - DAG(s) 'example_short_circuit_operator' retrieved from /home/airflow/.local/lib/python3.8/site-packages/airflow/example_dags/example_short_circuit_operator.py
[2024-03-15T08:06:52.124+0000] {logging_mixin.py:188} INFO - [2024-03-15T08:06:52.124+0000] {dag.py:3047} INFO - Sync 1 DAGs
[2024-03-15T08:06:52.132+0000] {logging_mixin.py:188} INFO - [2024-03-15T08:06:52.132+0000] {dag.py:3834} INFO - Setting next_dagrun for example_short_circuit_operator to 2024-03-14 00:00:00+00:00, run_after=2024-03-15 00:00:00+00:00
[2024-03-15T08:06:52.139+0000] {processor.py:183} INFO - Processing /home/airflow/.local/lib/python3.8/site-packages/airflow/example_dags/example_short_circuit_operator.py took 0.031 seconds
[2024-03-15T08:07:22.435+0000] {processor.py:161} INFO - Started process (PID=354) to work on /home/airflow/.local/lib/python3.8/site-packages/airflow/example_dags/example_short_circuit_operator.py
[2024-03-15T08:07:22.435+0000] {processor.py:830} INFO - Processing file /home/airflow/.local/lib/python3.8/site-packages/airflow/example_dags/example_short_circuit_operator.py for tasks to queue
[2024-03-15T08:07:22.436+0000] {logging_mixin.py:188} INFO - [2024-03-15T08:07:22.436+0000] {dagbag.py:540} INFO - Filling up the DagBag from /home/airflow/.local/lib/python3.8/site-packages/airflow/example_dags/example_short_circuit_operator.py
[2024-03-15T08:07:22.439+0000] {processor.py:840} INFO - DAG(s) 'example_short_circuit_operator' retrieved from /home/airflow/.local/lib/python3.8/site-packages/airflow/example_dags/example_short_circuit_operator.py
[2024-03-15T08:07:22.448+0000] {logging_mixin.py:188} INFO - [2024-03-15T08:07:22.448+0000] {dag.py:3047} INFO - Sync 1 DAGs
[2024-03-15T08:07:22.456+0000] {logging_mixin.py:188} INFO - [2024-03-15T08:07:22.456+0000] {dag.py:3834} INFO - Setting next_dagrun for example_short_circuit_operator to 2024-03-14 00:00:00+00:00, run_after=2024-03-15 00:00:00+00:00
[2024-03-15T08:07:22.462+0000] {processor.py:183} INFO - Processing /home/airflow/.local/lib/python3.8/site-packages/airflow/example_dags/example_short_circuit_operator.py took 0.029 seconds
[2024-03-15T08:07:52.712+0000] {processor.py:161} INFO - Started process (PID=409) to work on /home/airflow/.local/lib/python3.8/site-packages/airflow/example_dags/example_short_circuit_operator.py
[2024-03-15T08:07:52.713+0000] {processor.py:830} INFO - Processing file /home/airflow/.local/lib/python3.8/site-packages/airflow/example_dags/example_short_circuit_operator.py for tasks to queue
[2024-03-15T08:07:52.715+0000] {logging_mixin.py:188} INFO - [2024-03-15T08:07:52.714+0000] {dagbag.py:540} INFO - Filling up the DagBag from /home/airflow/.local/lib/python3.8/site-packages/airflow/example_dags/example_short_circuit_operator.py
[2024-03-15T08:07:52.721+0000] {processor.py:840} INFO - DAG(s) 'example_short_circuit_operator' retrieved from /home/airflow/.local/lib/python3.8/site-packages/airflow/example_dags/example_short_circuit_operator.py
[2024-03-15T08:07:52.741+0000] {logging_mixin.py:188} INFO - [2024-03-15T08:07:52.741+0000] {dag.py:3047} INFO - Sync 1 DAGs
[2024-03-15T08:07:52.753+0000] {logging_mixin.py:188} INFO - [2024-03-15T08:07:52.753+0000] {dag.py:3834} INFO - Setting next_dagrun for example_short_circuit_operator to 2024-03-14 00:00:00+00:00, run_after=2024-03-15 00:00:00+00:00
[2024-03-15T08:07:52.764+0000] {processor.py:183} INFO - Processing /home/airflow/.local/lib/python3.8/site-packages/airflow/example_dags/example_short_circuit_operator.py took 0.054 seconds
[2024-03-15T08:08:23.123+0000] {processor.py:161} INFO - Started process (PID=463) to work on /home/airflow/.local/lib/python3.8/site-packages/airflow/example_dags/example_short_circuit_operator.py
[2024-03-15T08:08:23.124+0000] {processor.py:830} INFO - Processing file /home/airflow/.local/lib/python3.8/site-packages/airflow/example_dags/example_short_circuit_operator.py for tasks to queue
[2024-03-15T08:08:23.124+0000] {logging_mixin.py:188} INFO - [2024-03-15T08:08:23.124+0000] {dagbag.py:540} INFO - Filling up the DagBag from /home/airflow/.local/lib/python3.8/site-packages/airflow/example_dags/example_short_circuit_operator.py
[2024-03-15T08:08:23.129+0000] {processor.py:840} INFO - DAG(s) 'example_short_circuit_operator' retrieved from /home/airflow/.local/lib/python3.8/site-packages/airflow/example_dags/example_short_circuit_operator.py
[2024-03-15T08:08:23.139+0000] {logging_mixin.py:188} INFO - [2024-03-15T08:08:23.138+0000] {dag.py:3047} INFO - Sync 1 DAGs
[2024-03-15T08:08:23.147+0000] {logging_mixin.py:188} INFO - [2024-03-15T08:08:23.147+0000] {dag.py:3834} INFO - Setting next_dagrun for example_short_circuit_operator to 2024-03-14 00:00:00+00:00, run_after=2024-03-15 00:00:00+00:00
[2024-03-15T08:08:23.154+0000] {processor.py:183} INFO - Processing /home/airflow/.local/lib/python3.8/site-packages/airflow/example_dags/example_short_circuit_operator.py took 0.032 seconds
[2024-03-15T08:08:53.444+0000] {processor.py:161} INFO - Started process (PID=518) to work on /home/airflow/.local/lib/python3.8/site-packages/airflow/example_dags/example_short_circuit_operator.py
[2024-03-15T08:08:53.444+0000] {processor.py:830} INFO - Processing file /home/airflow/.local/lib/python3.8/site-packages/airflow/example_dags/example_short_circuit_operator.py for tasks to queue
[2024-03-15T08:08:53.445+0000] {logging_mixin.py:188} INFO - [2024-03-15T08:08:53.445+0000] {dagbag.py:540} INFO - Filling up the DagBag from /home/airflow/.local/lib/python3.8/site-packages/airflow/example_dags/example_short_circuit_operator.py
[2024-03-15T08:08:53.448+0000] {processor.py:840} INFO - DAG(s) 'example_short_circuit_operator' retrieved from /home/airflow/.local/lib/python3.8/site-packages/airflow/example_dags/example_short_circuit_operator.py
[2024-03-15T08:08:53.458+0000] {logging_mixin.py:188} INFO - [2024-03-15T08:08:53.458+0000] {dag.py:3047} INFO - Sync 1 DAGs
[2024-03-15T08:08:53.467+0000] {logging_mixin.py:188} INFO - [2024-03-15T08:08:53.467+0000] {dag.py:3834} INFO - Setting next_dagrun for example_short_circuit_operator to 2024-03-14 00:00:00+00:00, run_after=2024-03-15 00:00:00+00:00
[2024-03-15T08:08:53.473+0000] {processor.py:183} INFO - Processing /home/airflow/.local/lib/python3.8/site-packages/airflow/example_dags/example_short_circuit_operator.py took 0.031 seconds
[2024-03-15T08:09:23.777+0000] {processor.py:161} INFO - Started process (PID=573) to work on /home/airflow/.local/lib/python3.8/site-packages/airflow/example_dags/example_short_circuit_operator.py
[2024-03-15T08:09:23.778+0000] {processor.py:830} INFO - Processing file /home/airflow/.local/lib/python3.8/site-packages/airflow/example_dags/example_short_circuit_operator.py for tasks to queue
[2024-03-15T08:09:23.779+0000] {logging_mixin.py:188} INFO - [2024-03-15T08:09:23.778+0000] {dagbag.py:540} INFO - Filling up the DagBag from /home/airflow/.local/lib/python3.8/site-packages/airflow/example_dags/example_short_circuit_operator.py
[2024-03-15T08:09:23.782+0000] {processor.py:840} INFO - DAG(s) 'example_short_circuit_operator' retrieved from /home/airflow/.local/lib/python3.8/site-packages/airflow/example_dags/example_short_circuit_operator.py
[2024-03-15T08:09:23.792+0000] {logging_mixin.py:188} INFO - [2024-03-15T08:09:23.792+0000] {dag.py:3047} INFO - Sync 1 DAGs
[2024-03-15T08:09:23.801+0000] {logging_mixin.py:188} INFO - [2024-03-15T08:09:23.801+0000] {dag.py:3834} INFO - Setting next_dagrun for example_short_circuit_operator to 2024-03-14 00:00:00+00:00, run_after=2024-03-15 00:00:00+00:00
[2024-03-15T08:09:23.807+0000] {processor.py:183} INFO - Processing /home/airflow/.local/lib/python3.8/site-packages/airflow/example_dags/example_short_circuit_operator.py took 0.032 seconds
[2024-03-15T08:09:54.310+0000] {processor.py:161} INFO - Started process (PID=628) to work on /home/airflow/.local/lib/python3.8/site-packages/airflow/example_dags/example_short_circuit_operator.py
[2024-03-15T08:09:54.311+0000] {processor.py:830} INFO - Processing file /home/airflow/.local/lib/python3.8/site-packages/airflow/example_dags/example_short_circuit_operator.py for tasks to queue
[2024-03-15T08:09:54.311+0000] {logging_mixin.py:188} INFO - [2024-03-15T08:09:54.311+0000] {dagbag.py:540} INFO - Filling up the DagBag from /home/airflow/.local/lib/python3.8/site-packages/airflow/example_dags/example_short_circuit_operator.py
[2024-03-15T08:09:54.315+0000] {processor.py:840} INFO - DAG(s) 'example_short_circuit_operator' retrieved from /home/airflow/.local/lib/python3.8/site-packages/airflow/example_dags/example_short_circuit_operator.py
[2024-03-15T08:09:54.325+0000] {logging_mixin.py:188} INFO - [2024-03-15T08:09:54.325+0000] {dag.py:3047} INFO - Sync 1 DAGs
[2024-03-15T08:09:54.337+0000] {logging_mixin.py:188} INFO - [2024-03-15T08:09:54.337+0000] {dag.py:3834} INFO - Setting next_dagrun for example_short_circuit_operator to 2024-03-14 00:00:00+00:00, run_after=2024-03-15 00:00:00+00:00
[2024-03-15T08:09:54.345+0000] {processor.py:183} INFO - Processing /home/airflow/.local/lib/python3.8/site-packages/airflow/example_dags/example_short_circuit_operator.py took 0.036 seconds
[2024-03-15T08:10:24.745+0000] {processor.py:161} INFO - Started process (PID=683) to work on /home/airflow/.local/lib/python3.8/site-packages/airflow/example_dags/example_short_circuit_operator.py
[2024-03-15T08:10:24.745+0000] {processor.py:830} INFO - Processing file /home/airflow/.local/lib/python3.8/site-packages/airflow/example_dags/example_short_circuit_operator.py for tasks to queue
[2024-03-15T08:10:24.746+0000] {logging_mixin.py:188} INFO - [2024-03-15T08:10:24.746+0000] {dagbag.py:540} INFO - Filling up the DagBag from /home/airflow/.local/lib/python3.8/site-packages/airflow/example_dags/example_short_circuit_operator.py
[2024-03-15T08:10:24.750+0000] {processor.py:840} INFO - DAG(s) 'example_short_circuit_operator' retrieved from /home/airflow/.local/lib/python3.8/site-packages/airflow/example_dags/example_short_circuit_operator.py
[2024-03-15T08:10:24.761+0000] {logging_mixin.py:188} INFO - [2024-03-15T08:10:24.761+0000] {dag.py:3047} INFO - Sync 1 DAGs
[2024-03-15T08:10:24.772+0000] {logging_mixin.py:188} INFO - [2024-03-15T08:10:24.772+0000] {dag.py:3834} INFO - Setting next_dagrun for example_short_circuit_operator to 2024-03-14 00:00:00+00:00, run_after=2024-03-15 00:00:00+00:00
[2024-03-15T08:10:24.779+0000] {processor.py:183} INFO - Processing /home/airflow/.local/lib/python3.8/site-packages/airflow/example_dags/example_short_circuit_operator.py took 0.036 seconds
[2024-03-15T08:10:54.987+0000] {processor.py:161} INFO - Started process (PID=738) to work on /home/airflow/.local/lib/python3.8/site-packages/airflow/example_dags/example_short_circuit_operator.py
[2024-03-15T08:10:54.988+0000] {processor.py:830} INFO - Processing file /home/airflow/.local/lib/python3.8/site-packages/airflow/example_dags/example_short_circuit_operator.py for tasks to queue
[2024-03-15T08:10:54.989+0000] {logging_mixin.py:188} INFO - [2024-03-15T08:10:54.988+0000] {dagbag.py:540} INFO - Filling up the DagBag from /home/airflow/.local/lib/python3.8/site-packages/airflow/example_dags/example_short_circuit_operator.py
[2024-03-15T08:10:54.992+0000] {processor.py:840} INFO - DAG(s) 'example_short_circuit_operator' retrieved from /home/airflow/.local/lib/python3.8/site-packages/airflow/example_dags/example_short_circuit_operator.py
[2024-03-15T08:10:55.001+0000] {logging_mixin.py:188} INFO - [2024-03-15T08:10:55.001+0000] {dag.py:3047} INFO - Sync 1 DAGs
[2024-03-15T08:10:55.010+0000] {logging_mixin.py:188} INFO - [2024-03-15T08:10:55.010+0000] {dag.py:3834} INFO - Setting next_dagrun for example_short_circuit_operator to 2024-03-14 00:00:00+00:00, run_after=2024-03-15 00:00:00+00:00
[2024-03-15T08:10:55.016+0000] {processor.py:183} INFO - Processing /home/airflow/.local/lib/python3.8/site-packages/airflow/example_dags/example_short_circuit_operator.py took 0.030 seconds
[2024-03-15T08:11:25.495+0000] {processor.py:161} INFO - Started process (PID=793) to work on /home/airflow/.local/lib/python3.8/site-packages/airflow/example_dags/example_short_circuit_operator.py
[2024-03-15T08:11:25.496+0000] {processor.py:830} INFO - Processing file /home/airflow/.local/lib/python3.8/site-packages/airflow/example_dags/example_short_circuit_operator.py for tasks to queue
[2024-03-15T08:11:25.496+0000] {logging_mixin.py:188} INFO - [2024-03-15T08:11:25.496+0000] {dagbag.py:540} INFO - Filling up the DagBag from /home/airflow/.local/lib/python3.8/site-packages/airflow/example_dags/example_short_circuit_operator.py
[2024-03-15T08:11:25.500+0000] {processor.py:840} INFO - DAG(s) 'example_short_circuit_operator' retrieved from /home/airflow/.local/lib/python3.8/site-packages/airflow/example_dags/example_short_circuit_operator.py
[2024-03-15T08:11:25.509+0000] {logging_mixin.py:188} INFO - [2024-03-15T08:11:25.509+0000] {dag.py:3047} INFO - Sync 1 DAGs
[2024-03-15T08:11:25.517+0000] {logging_mixin.py:188} INFO - [2024-03-15T08:11:25.517+0000] {dag.py:3834} INFO - Setting next_dagrun for example_short_circuit_operator to 2024-03-14 00:00:00+00:00, run_after=2024-03-15 00:00:00+00:00
[2024-03-15T08:11:25.523+0000] {processor.py:183} INFO - Processing /home/airflow/.local/lib/python3.8/site-packages/airflow/example_dags/example_short_circuit_operator.py took 0.030 seconds
[2024-03-15T08:11:56.002+0000] {processor.py:161} INFO - Started process (PID=848) to work on /home/airflow/.local/lib/python3.8/site-packages/airflow/example_dags/example_short_circuit_operator.py
[2024-03-15T08:11:56.003+0000] {processor.py:830} INFO - Processing file /home/airflow/.local/lib/python3.8/site-packages/airflow/example_dags/example_short_circuit_operator.py for tasks to queue
[2024-03-15T08:11:56.004+0000] {logging_mixin.py:188} INFO - [2024-03-15T08:11:56.004+0000] {dagbag.py:540} INFO - Filling up the DagBag from /home/airflow/.local/lib/python3.8/site-packages/airflow/example_dags/example_short_circuit_operator.py
[2024-03-15T08:11:56.008+0000] {processor.py:840} INFO - DAG(s) 'example_short_circuit_operator' retrieved from /home/airflow/.local/lib/python3.8/site-packages/airflow/example_dags/example_short_circuit_operator.py
[2024-03-15T08:11:56.018+0000] {logging_mixin.py:188} INFO - [2024-03-15T08:11:56.018+0000] {dag.py:3047} INFO - Sync 1 DAGs
[2024-03-15T08:11:56.027+0000] {logging_mixin.py:188} INFO - [2024-03-15T08:11:56.027+0000] {dag.py:3834} INFO - Setting next_dagrun for example_short_circuit_operator to 2024-03-14 00:00:00+00:00, run_after=2024-03-15 00:00:00+00:00
[2024-03-15T08:11:56.033+0000] {processor.py:183} INFO - Processing /home/airflow/.local/lib/python3.8/site-packages/airflow/example_dags/example_short_circuit_operator.py took 0.032 seconds
[2024-03-15T08:12:26.553+0000] {processor.py:161} INFO - Started process (PID=903) to work on /home/airflow/.local/lib/python3.8/site-packages/airflow/example_dags/example_short_circuit_operator.py
[2024-03-15T08:12:26.554+0000] {processor.py:830} INFO - Processing file /home/airflow/.local/lib/python3.8/site-packages/airflow/example_dags/example_short_circuit_operator.py for tasks to queue
[2024-03-15T08:12:26.554+0000] {logging_mixin.py:188} INFO - [2024-03-15T08:12:26.554+0000] {dagbag.py:540} INFO - Filling up the DagBag from /home/airflow/.local/lib/python3.8/site-packages/airflow/example_dags/example_short_circuit_operator.py
[2024-03-15T08:12:26.558+0000] {processor.py:840} INFO - DAG(s) 'example_short_circuit_operator' retrieved from /home/airflow/.local/lib/python3.8/site-packages/airflow/example_dags/example_short_circuit_operator.py
[2024-03-15T08:12:26.569+0000] {logging_mixin.py:188} INFO - [2024-03-15T08:12:26.569+0000] {dag.py:3047} INFO - Sync 1 DAGs
[2024-03-15T08:12:26.577+0000] {logging_mixin.py:188} INFO - [2024-03-15T08:12:26.577+0000] {dag.py:3834} INFO - Setting next_dagrun for example_short_circuit_operator to 2024-03-14 00:00:00+00:00, run_after=2024-03-15 00:00:00+00:00
[2024-03-15T08:12:26.584+0000] {processor.py:183} INFO - Processing /home/airflow/.local/lib/python3.8/site-packages/airflow/example_dags/example_short_circuit_operator.py took 0.033 seconds
[2024-03-15T08:12:56.891+0000] {processor.py:161} INFO - Started process (PID=958) to work on /home/airflow/.local/lib/python3.8/site-packages/airflow/example_dags/example_short_circuit_operator.py
[2024-03-15T08:12:56.891+0000] {processor.py:830} INFO - Processing file /home/airflow/.local/lib/python3.8/site-packages/airflow/example_dags/example_short_circuit_operator.py for tasks to queue
[2024-03-15T08:12:56.892+0000] {logging_mixin.py:188} INFO - [2024-03-15T08:12:56.892+0000] {dagbag.py:540} INFO - Filling up the DagBag from /home/airflow/.local/lib/python3.8/site-packages/airflow/example_dags/example_short_circuit_operator.py
[2024-03-15T08:12:56.895+0000] {processor.py:840} INFO - DAG(s) 'example_short_circuit_operator' retrieved from /home/airflow/.local/lib/python3.8/site-packages/airflow/example_dags/example_short_circuit_operator.py
[2024-03-15T08:12:56.905+0000] {logging_mixin.py:188} INFO - [2024-03-15T08:12:56.905+0000] {dag.py:3047} INFO - Sync 1 DAGs
[2024-03-15T08:12:56.913+0000] {logging_mixin.py:188} INFO - [2024-03-15T08:12:56.913+0000] {dag.py:3834} INFO - Setting next_dagrun for example_short_circuit_operator to 2024-03-14 00:00:00+00:00, run_after=2024-03-15 00:00:00+00:00
[2024-03-15T08:12:56.920+0000] {processor.py:183} INFO - Processing /home/airflow/.local/lib/python3.8/site-packages/airflow/example_dags/example_short_circuit_operator.py took 0.031 seconds
[2024-03-15T08:13:27.149+0000] {processor.py:161} INFO - Started process (PID=1013) to work on /home/airflow/.local/lib/python3.8/site-packages/airflow/example_dags/example_short_circuit_operator.py
[2024-03-15T08:13:27.149+0000] {processor.py:830} INFO - Processing file /home/airflow/.local/lib/python3.8/site-packages/airflow/example_dags/example_short_circuit_operator.py for tasks to queue
[2024-03-15T08:13:27.150+0000] {logging_mixin.py:188} INFO - [2024-03-15T08:13:27.150+0000] {dagbag.py:540} INFO - Filling up the DagBag from /home/airflow/.local/lib/python3.8/site-packages/airflow/example_dags/example_short_circuit_operator.py
[2024-03-15T08:13:27.153+0000] {processor.py:840} INFO - DAG(s) 'example_short_circuit_operator' retrieved from /home/airflow/.local/lib/python3.8/site-packages/airflow/example_dags/example_short_circuit_operator.py
[2024-03-15T08:13:27.162+0000] {logging_mixin.py:188} INFO - [2024-03-15T08:13:27.162+0000] {dag.py:3047} INFO - Sync 1 DAGs
[2024-03-15T08:13:27.170+0000] {logging_mixin.py:188} INFO - [2024-03-15T08:13:27.170+0000] {dag.py:3834} INFO - Setting next_dagrun for example_short_circuit_operator to 2024-03-14 00:00:00+00:00, run_after=2024-03-15 00:00:00+00:00
[2024-03-15T08:13:27.177+0000] {processor.py:183} INFO - Processing /home/airflow/.local/lib/python3.8/site-packages/airflow/example_dags/example_short_circuit_operator.py took 0.030 seconds
[2024-03-15T08:13:57.481+0000] {processor.py:161} INFO - Started process (PID=1068) to work on /home/airflow/.local/lib/python3.8/site-packages/airflow/example_dags/example_short_circuit_operator.py
[2024-03-15T08:13:57.482+0000] {processor.py:830} INFO - Processing file /home/airflow/.local/lib/python3.8/site-packages/airflow/example_dags/example_short_circuit_operator.py for tasks to queue
[2024-03-15T08:13:57.483+0000] {logging_mixin.py:188} INFO - [2024-03-15T08:13:57.482+0000] {dagbag.py:540} INFO - Filling up the DagBag from /home/airflow/.local/lib/python3.8/site-packages/airflow/example_dags/example_short_circuit_operator.py
[2024-03-15T08:13:57.486+0000] {processor.py:840} INFO - DAG(s) 'example_short_circuit_operator' retrieved from /home/airflow/.local/lib/python3.8/site-packages/airflow/example_dags/example_short_circuit_operator.py
[2024-03-15T08:13:57.496+0000] {logging_mixin.py:188} INFO - [2024-03-15T08:13:57.495+0000] {dag.py:3047} INFO - Sync 1 DAGs
[2024-03-15T08:13:57.504+0000] {logging_mixin.py:188} INFO - [2024-03-15T08:13:57.504+0000] {dag.py:3834} INFO - Setting next_dagrun for example_short_circuit_operator to 2024-03-14 00:00:00+00:00, run_after=2024-03-15 00:00:00+00:00
[2024-03-15T08:13:57.511+0000] {processor.py:183} INFO - Processing /home/airflow/.local/lib/python3.8/site-packages/airflow/example_dags/example_short_circuit_operator.py took 0.031 seconds
[2024-03-15T08:14:27.851+0000] {processor.py:161} INFO - Started process (PID=1123) to work on /home/airflow/.local/lib/python3.8/site-packages/airflow/example_dags/example_short_circuit_operator.py
[2024-03-15T08:14:27.851+0000] {processor.py:830} INFO - Processing file /home/airflow/.local/lib/python3.8/site-packages/airflow/example_dags/example_short_circuit_operator.py for tasks to queue
[2024-03-15T08:14:27.852+0000] {logging_mixin.py:188} INFO - [2024-03-15T08:14:27.852+0000] {dagbag.py:540} INFO - Filling up the DagBag from /home/airflow/.local/lib/python3.8/site-packages/airflow/example_dags/example_short_circuit_operator.py
[2024-03-15T08:14:27.855+0000] {processor.py:840} INFO - DAG(s) 'example_short_circuit_operator' retrieved from /home/airflow/.local/lib/python3.8/site-packages/airflow/example_dags/example_short_circuit_operator.py
[2024-03-15T08:14:27.865+0000] {logging_mixin.py:188} INFO - [2024-03-15T08:14:27.865+0000] {dag.py:3047} INFO - Sync 1 DAGs
[2024-03-15T08:14:27.874+0000] {logging_mixin.py:188} INFO - [2024-03-15T08:14:27.873+0000] {dag.py:3834} INFO - Setting next_dagrun for example_short_circuit_operator to 2024-03-14 00:00:00+00:00, run_after=2024-03-15 00:00:00+00:00
[2024-03-15T08:14:27.880+0000] {processor.py:183} INFO - Processing /home/airflow/.local/lib/python3.8/site-packages/airflow/example_dags/example_short_circuit_operator.py took 0.031 seconds
[2024-03-15T08:14:58.212+0000] {processor.py:161} INFO - Started process (PID=1178) to work on /home/airflow/.local/lib/python3.8/site-packages/airflow/example_dags/example_short_circuit_operator.py
[2024-03-15T08:14:58.213+0000] {processor.py:830} INFO - Processing file /home/airflow/.local/lib/python3.8/site-packages/airflow/example_dags/example_short_circuit_operator.py for tasks to queue
[2024-03-15T08:14:58.214+0000] {logging_mixin.py:188} INFO - [2024-03-15T08:14:58.213+0000] {dagbag.py:540} INFO - Filling up the DagBag from /home/airflow/.local/lib/python3.8/site-packages/airflow/example_dags/example_short_circuit_operator.py
[2024-03-15T08:14:58.217+0000] {processor.py:840} INFO - DAG(s) 'example_short_circuit_operator' retrieved from /home/airflow/.local/lib/python3.8/site-packages/airflow/example_dags/example_short_circuit_operator.py
[2024-03-15T08:14:58.227+0000] {logging_mixin.py:188} INFO - [2024-03-15T08:14:58.226+0000] {dag.py:3047} INFO - Sync 1 DAGs
[2024-03-15T08:14:58.236+0000] {logging_mixin.py:188} INFO - [2024-03-15T08:14:58.235+0000] {dag.py:3834} INFO - Setting next_dagrun for example_short_circuit_operator to 2024-03-14 00:00:00+00:00, run_after=2024-03-15 00:00:00+00:00
[2024-03-15T08:14:58.242+0000] {processor.py:183} INFO - Processing /home/airflow/.local/lib/python3.8/site-packages/airflow/example_dags/example_short_circuit_operator.py took 0.032 seconds
[2024-03-15T08:15:28.553+0000] {processor.py:161} INFO - Started process (PID=1233) to work on /home/airflow/.local/lib/python3.8/site-packages/airflow/example_dags/example_short_circuit_operator.py
[2024-03-15T08:15:28.554+0000] {processor.py:830} INFO - Processing file /home/airflow/.local/lib/python3.8/site-packages/airflow/example_dags/example_short_circuit_operator.py for tasks to queue
[2024-03-15T08:15:28.555+0000] {logging_mixin.py:188} INFO - [2024-03-15T08:15:28.555+0000] {dagbag.py:540} INFO - Filling up the DagBag from /home/airflow/.local/lib/python3.8/site-packages/airflow/example_dags/example_short_circuit_operator.py
[2024-03-15T08:15:28.558+0000] {processor.py:840} INFO - DAG(s) 'example_short_circuit_operator' retrieved from /home/airflow/.local/lib/python3.8/site-packages/airflow/example_dags/example_short_circuit_operator.py
[2024-03-15T08:15:28.568+0000] {logging_mixin.py:188} INFO - [2024-03-15T08:15:28.568+0000] {dag.py:3047} INFO - Sync 1 DAGs
[2024-03-15T08:15:28.577+0000] {logging_mixin.py:188} INFO - [2024-03-15T08:15:28.577+0000] {dag.py:3834} INFO - Setting next_dagrun for example_short_circuit_operator to 2024-03-14 00:00:00+00:00, run_after=2024-03-15 00:00:00+00:00
[2024-03-15T08:15:28.584+0000] {processor.py:183} INFO - Processing /home/airflow/.local/lib/python3.8/site-packages/airflow/example_dags/example_short_circuit_operator.py took 0.032 seconds
[2024-03-15T08:15:58.951+0000] {processor.py:161} INFO - Started process (PID=1288) to work on /home/airflow/.local/lib/python3.8/site-packages/airflow/example_dags/example_short_circuit_operator.py
[2024-03-15T08:15:58.952+0000] {processor.py:830} INFO - Processing file /home/airflow/.local/lib/python3.8/site-packages/airflow/example_dags/example_short_circuit_operator.py for tasks to queue
[2024-03-15T08:15:58.952+0000] {logging_mixin.py:188} INFO - [2024-03-15T08:15:58.952+0000] {dagbag.py:540} INFO - Filling up the DagBag from /home/airflow/.local/lib/python3.8/site-packages/airflow/example_dags/example_short_circuit_operator.py
[2024-03-15T08:15:58.956+0000] {processor.py:840} INFO - DAG(s) 'example_short_circuit_operator' retrieved from /home/airflow/.local/lib/python3.8/site-packages/airflow/example_dags/example_short_circuit_operator.py
[2024-03-15T08:15:58.965+0000] {logging_mixin.py:188} INFO - [2024-03-15T08:15:58.965+0000] {dag.py:3047} INFO - Sync 1 DAGs
[2024-03-15T08:15:58.973+0000] {logging_mixin.py:188} INFO - [2024-03-15T08:15:58.973+0000] {dag.py:3834} INFO - Setting next_dagrun for example_short_circuit_operator to 2024-03-14 00:00:00+00:00, run_after=2024-03-15 00:00:00+00:00
[2024-03-15T08:15:58.980+0000] {processor.py:183} INFO - Processing /home/airflow/.local/lib/python3.8/site-packages/airflow/example_dags/example_short_circuit_operator.py took 0.030 seconds
[2024-03-15T08:16:29.294+0000] {processor.py:161} INFO - Started process (PID=1343) to work on /home/airflow/.local/lib/python3.8/site-packages/airflow/example_dags/example_short_circuit_operator.py
[2024-03-15T08:16:29.294+0000] {processor.py:830} INFO - Processing file /home/airflow/.local/lib/python3.8/site-packages/airflow/example_dags/example_short_circuit_operator.py for tasks to queue
[2024-03-15T08:16:29.295+0000] {logging_mixin.py:188} INFO - [2024-03-15T08:16:29.295+0000] {dagbag.py:540} INFO - Filling up the DagBag from /home/airflow/.local/lib/python3.8/site-packages/airflow/example_dags/example_short_circuit_operator.py
[2024-03-15T08:16:29.299+0000] {processor.py:840} INFO - DAG(s) 'example_short_circuit_operator' retrieved from /home/airflow/.local/lib/python3.8/site-packages/airflow/example_dags/example_short_circuit_operator.py
[2024-03-15T08:16:29.309+0000] {logging_mixin.py:188} INFO - [2024-03-15T08:16:29.308+0000] {dag.py:3047} INFO - Sync 1 DAGs
[2024-03-15T08:16:29.317+0000] {logging_mixin.py:188} INFO - [2024-03-15T08:16:29.317+0000] {dag.py:3834} INFO - Setting next_dagrun for example_short_circuit_operator to 2024-03-14 00:00:00+00:00, run_after=2024-03-15 00:00:00+00:00
[2024-03-15T08:16:29.326+0000] {processor.py:183} INFO - Processing /home/airflow/.local/lib/python3.8/site-packages/airflow/example_dags/example_short_circuit_operator.py took 0.034 seconds
[2024-03-15T08:16:59.643+0000] {processor.py:161} INFO - Started process (PID=1398) to work on /home/airflow/.local/lib/python3.8/site-packages/airflow/example_dags/example_short_circuit_operator.py
[2024-03-15T08:16:59.643+0000] {processor.py:830} INFO - Processing file /home/airflow/.local/lib/python3.8/site-packages/airflow/example_dags/example_short_circuit_operator.py for tasks to queue
[2024-03-15T08:16:59.644+0000] {logging_mixin.py:188} INFO - [2024-03-15T08:16:59.644+0000] {dagbag.py:540} INFO - Filling up the DagBag from /home/airflow/.local/lib/python3.8/site-packages/airflow/example_dags/example_short_circuit_operator.py
[2024-03-15T08:16:59.648+0000] {processor.py:840} INFO - DAG(s) 'example_short_circuit_operator' retrieved from /home/airflow/.local/lib/python3.8/site-packages/airflow/example_dags/example_short_circuit_operator.py
[2024-03-15T08:16:59.658+0000] {logging_mixin.py:188} INFO - [2024-03-15T08:16:59.658+0000] {dag.py:3047} INFO - Sync 1 DAGs
[2024-03-15T08:16:59.668+0000] {logging_mixin.py:188} INFO - [2024-03-15T08:16:59.667+0000] {dag.py:3834} INFO - Setting next_dagrun for example_short_circuit_operator to 2024-03-14 00:00:00+00:00, run_after=2024-03-15 00:00:00+00:00
[2024-03-15T08:16:59.677+0000] {processor.py:183} INFO - Processing /home/airflow/.local/lib/python3.8/site-packages/airflow/example_dags/example_short_circuit_operator.py took 0.036 seconds
[2024-03-15T08:17:29.979+0000] {processor.py:161} INFO - Started process (PID=1453) to work on /home/airflow/.local/lib/python3.8/site-packages/airflow/example_dags/example_short_circuit_operator.py
[2024-03-15T08:17:29.980+0000] {processor.py:830} INFO - Processing file /home/airflow/.local/lib/python3.8/site-packages/airflow/example_dags/example_short_circuit_operator.py for tasks to queue
[2024-03-15T08:17:29.981+0000] {logging_mixin.py:188} INFO - [2024-03-15T08:17:29.981+0000] {dagbag.py:540} INFO - Filling up the DagBag from /home/airflow/.local/lib/python3.8/site-packages/airflow/example_dags/example_short_circuit_operator.py
[2024-03-15T08:17:29.984+0000] {processor.py:840} INFO - DAG(s) 'example_short_circuit_operator' retrieved from /home/airflow/.local/lib/python3.8/site-packages/airflow/example_dags/example_short_circuit_operator.py
[2024-03-15T08:17:29.993+0000] {logging_mixin.py:188} INFO - [2024-03-15T08:17:29.993+0000] {dag.py:3047} INFO - Sync 1 DAGs
[2024-03-15T08:17:30.001+0000] {logging_mixin.py:188} INFO - [2024-03-15T08:17:30.001+0000] {dag.py:3834} INFO - Setting next_dagrun for example_short_circuit_operator to 2024-03-14 00:00:00+00:00, run_after=2024-03-15 00:00:00+00:00
[2024-03-15T08:17:30.007+0000] {processor.py:183} INFO - Processing /home/airflow/.local/lib/python3.8/site-packages/airflow/example_dags/example_short_circuit_operator.py took 0.029 seconds
[2024-03-15T08:18:00.338+0000] {processor.py:161} INFO - Started process (PID=1508) to work on /home/airflow/.local/lib/python3.8/site-packages/airflow/example_dags/example_short_circuit_operator.py
[2024-03-15T08:18:00.338+0000] {processor.py:830} INFO - Processing file /home/airflow/.local/lib/python3.8/site-packages/airflow/example_dags/example_short_circuit_operator.py for tasks to queue
[2024-03-15T08:18:00.339+0000] {logging_mixin.py:188} INFO - [2024-03-15T08:18:00.339+0000] {dagbag.py:540} INFO - Filling up the DagBag from /home/airflow/.local/lib/python3.8/site-packages/airflow/example_dags/example_short_circuit_operator.py
[2024-03-15T08:18:00.342+0000] {processor.py:840} INFO - DAG(s) 'example_short_circuit_operator' retrieved from /home/airflow/.local/lib/python3.8/site-packages/airflow/example_dags/example_short_circuit_operator.py
[2024-03-15T08:18:00.352+0000] {logging_mixin.py:188} INFO - [2024-03-15T08:18:00.351+0000] {dag.py:3047} INFO - Sync 1 DAGs
[2024-03-15T08:18:00.360+0000] {logging_mixin.py:188} INFO - [2024-03-15T08:18:00.360+0000] {dag.py:3834} INFO - Setting next_dagrun for example_short_circuit_operator to 2024-03-14 00:00:00+00:00, run_after=2024-03-15 00:00:00+00:00
[2024-03-15T08:18:00.367+0000] {processor.py:183} INFO - Processing /home/airflow/.local/lib/python3.8/site-packages/airflow/example_dags/example_short_circuit_operator.py took 0.031 seconds
[2024-03-15T08:18:30.794+0000] {processor.py:161} INFO - Started process (PID=1563) to work on /home/airflow/.local/lib/python3.8/site-packages/airflow/example_dags/example_short_circuit_operator.py
[2024-03-15T08:18:30.795+0000] {processor.py:830} INFO - Processing file /home/airflow/.local/lib/python3.8/site-packages/airflow/example_dags/example_short_circuit_operator.py for tasks to queue
[2024-03-15T08:18:30.796+0000] {logging_mixin.py:188} INFO - [2024-03-15T08:18:30.795+0000] {dagbag.py:540} INFO - Filling up the DagBag from /home/airflow/.local/lib/python3.8/site-packages/airflow/example_dags/example_short_circuit_operator.py
[2024-03-15T08:18:30.799+0000] {processor.py:840} INFO - DAG(s) 'example_short_circuit_operator' retrieved from /home/airflow/.local/lib/python3.8/site-packages/airflow/example_dags/example_short_circuit_operator.py
[2024-03-15T08:18:30.809+0000] {logging_mixin.py:188} INFO - [2024-03-15T08:18:30.809+0000] {dag.py:3047} INFO - Sync 1 DAGs
[2024-03-15T08:18:30.818+0000] {logging_mixin.py:188} INFO - [2024-03-15T08:18:30.817+0000] {dag.py:3834} INFO - Setting next_dagrun for example_short_circuit_operator to 2024-03-14 00:00:00+00:00, run_after=2024-03-15 00:00:00+00:00
[2024-03-15T08:18:30.825+0000] {processor.py:183} INFO - Processing /home/airflow/.local/lib/python3.8/site-packages/airflow/example_dags/example_short_circuit_operator.py took 0.032 seconds
[2024-03-15T08:19:01.117+0000] {processor.py:161} INFO - Started process (PID=1618) to work on /home/airflow/.local/lib/python3.8/site-packages/airflow/example_dags/example_short_circuit_operator.py
[2024-03-15T08:19:01.118+0000] {processor.py:830} INFO - Processing file /home/airflow/.local/lib/python3.8/site-packages/airflow/example_dags/example_short_circuit_operator.py for tasks to queue
[2024-03-15T08:19:01.119+0000] {logging_mixin.py:188} INFO - [2024-03-15T08:19:01.118+0000] {dagbag.py:540} INFO - Filling up the DagBag from /home/airflow/.local/lib/python3.8/site-packages/airflow/example_dags/example_short_circuit_operator.py
[2024-03-15T08:19:01.122+0000] {processor.py:840} INFO - DAG(s) 'example_short_circuit_operator' retrieved from /home/airflow/.local/lib/python3.8/site-packages/airflow/example_dags/example_short_circuit_operator.py
[2024-03-15T08:19:01.131+0000] {logging_mixin.py:188} INFO - [2024-03-15T08:19:01.131+0000] {dag.py:3047} INFO - Sync 1 DAGs
[2024-03-15T08:19:01.140+0000] {logging_mixin.py:188} INFO - [2024-03-15T08:19:01.140+0000] {dag.py:3834} INFO - Setting next_dagrun for example_short_circuit_operator to 2024-03-14 00:00:00+00:00, run_after=2024-03-15 00:00:00+00:00
[2024-03-15T08:19:01.146+0000] {processor.py:183} INFO - Processing /home/airflow/.local/lib/python3.8/site-packages/airflow/example_dags/example_short_circuit_operator.py took 0.030 seconds
[2024-03-15T08:19:31.388+0000] {processor.py:161} INFO - Started process (PID=1673) to work on /home/airflow/.local/lib/python3.8/site-packages/airflow/example_dags/example_short_circuit_operator.py
[2024-03-15T08:19:31.388+0000] {processor.py:830} INFO - Processing file /home/airflow/.local/lib/python3.8/site-packages/airflow/example_dags/example_short_circuit_operator.py for tasks to queue
[2024-03-15T08:19:31.389+0000] {logging_mixin.py:188} INFO - [2024-03-15T08:19:31.389+0000] {dagbag.py:540} INFO - Filling up the DagBag from /home/airflow/.local/lib/python3.8/site-packages/airflow/example_dags/example_short_circuit_operator.py
[2024-03-15T08:19:31.392+0000] {processor.py:840} INFO - DAG(s) 'example_short_circuit_operator' retrieved from /home/airflow/.local/lib/python3.8/site-packages/airflow/example_dags/example_short_circuit_operator.py
[2024-03-15T08:19:31.403+0000] {logging_mixin.py:188} INFO - [2024-03-15T08:19:31.402+0000] {dag.py:3047} INFO - Sync 1 DAGs
[2024-03-15T08:19:31.411+0000] {logging_mixin.py:188} INFO - [2024-03-15T08:19:31.411+0000] {dag.py:3834} INFO - Setting next_dagrun for example_short_circuit_operator to 2024-03-14 00:00:00+00:00, run_after=2024-03-15 00:00:00+00:00
[2024-03-15T08:19:31.418+0000] {processor.py:183} INFO - Processing /home/airflow/.local/lib/python3.8/site-packages/airflow/example_dags/example_short_circuit_operator.py took 0.032 seconds
[2024-03-15T08:20:01.765+0000] {processor.py:161} INFO - Started process (PID=1728) to work on /home/airflow/.local/lib/python3.8/site-packages/airflow/example_dags/example_short_circuit_operator.py
[2024-03-15T08:20:01.765+0000] {processor.py:830} INFO - Processing file /home/airflow/.local/lib/python3.8/site-packages/airflow/example_dags/example_short_circuit_operator.py for tasks to queue
[2024-03-15T08:20:01.766+0000] {logging_mixin.py:188} INFO - [2024-03-15T08:20:01.766+0000] {dagbag.py:540} INFO - Filling up the DagBag from /home/airflow/.local/lib/python3.8/site-packages/airflow/example_dags/example_short_circuit_operator.py
[2024-03-15T08:20:01.770+0000] {processor.py:840} INFO - DAG(s) 'example_short_circuit_operator' retrieved from /home/airflow/.local/lib/python3.8/site-packages/airflow/example_dags/example_short_circuit_operator.py
[2024-03-15T08:20:01.780+0000] {logging_mixin.py:188} INFO - [2024-03-15T08:20:01.780+0000] {dag.py:3047} INFO - Sync 1 DAGs
[2024-03-15T08:20:01.789+0000] {logging_mixin.py:188} INFO - [2024-03-15T08:20:01.788+0000] {dag.py:3834} INFO - Setting next_dagrun for example_short_circuit_operator to 2024-03-14 00:00:00+00:00, run_after=2024-03-15 00:00:00+00:00
[2024-03-15T08:20:01.795+0000] {processor.py:183} INFO - Processing /home/airflow/.local/lib/python3.8/site-packages/airflow/example_dags/example_short_circuit_operator.py took 0.033 seconds
[2024-03-15T08:20:32.099+0000] {processor.py:161} INFO - Started process (PID=1782) to work on /home/airflow/.local/lib/python3.8/site-packages/airflow/example_dags/example_short_circuit_operator.py
[2024-03-15T08:20:32.099+0000] {processor.py:830} INFO - Processing file /home/airflow/.local/lib/python3.8/site-packages/airflow/example_dags/example_short_circuit_operator.py for tasks to queue
[2024-03-15T08:20:32.100+0000] {logging_mixin.py:188} INFO - [2024-03-15T08:20:32.100+0000] {dagbag.py:540} INFO - Filling up the DagBag from /home/airflow/.local/lib/python3.8/site-packages/airflow/example_dags/example_short_circuit_operator.py
[2024-03-15T08:20:32.103+0000] {processor.py:840} INFO - DAG(s) 'example_short_circuit_operator' retrieved from /home/airflow/.local/lib/python3.8/site-packages/airflow/example_dags/example_short_circuit_operator.py
[2024-03-15T08:20:32.112+0000] {logging_mixin.py:188} INFO - [2024-03-15T08:20:32.112+0000] {dag.py:3047} INFO - Sync 1 DAGs
[2024-03-15T08:20:32.120+0000] {logging_mixin.py:188} INFO - [2024-03-15T08:20:32.120+0000] {dag.py:3834} INFO - Setting next_dagrun for example_short_circuit_operator to 2024-03-14 00:00:00+00:00, run_after=2024-03-15 00:00:00+00:00
[2024-03-15T08:20:32.126+0000] {processor.py:183} INFO - Processing /home/airflow/.local/lib/python3.8/site-packages/airflow/example_dags/example_short_circuit_operator.py took 0.028 seconds
[2024-03-15T08:21:02.425+0000] {processor.py:161} INFO - Started process (PID=1837) to work on /home/airflow/.local/lib/python3.8/site-packages/airflow/example_dags/example_short_circuit_operator.py
[2024-03-15T08:21:02.426+0000] {processor.py:830} INFO - Processing file /home/airflow/.local/lib/python3.8/site-packages/airflow/example_dags/example_short_circuit_operator.py for tasks to queue
[2024-03-15T08:21:02.427+0000] {logging_mixin.py:188} INFO - [2024-03-15T08:21:02.427+0000] {dagbag.py:540} INFO - Filling up the DagBag from /home/airflow/.local/lib/python3.8/site-packages/airflow/example_dags/example_short_circuit_operator.py
[2024-03-15T08:21:02.430+0000] {processor.py:840} INFO - DAG(s) 'example_short_circuit_operator' retrieved from /home/airflow/.local/lib/python3.8/site-packages/airflow/example_dags/example_short_circuit_operator.py
[2024-03-15T08:21:02.440+0000] {logging_mixin.py:188} INFO - [2024-03-15T08:21:02.440+0000] {dag.py:3047} INFO - Sync 1 DAGs
[2024-03-15T08:21:02.449+0000] {logging_mixin.py:188} INFO - [2024-03-15T08:21:02.449+0000] {dag.py:3834} INFO - Setting next_dagrun for example_short_circuit_operator to 2024-03-14 00:00:00+00:00, run_after=2024-03-15 00:00:00+00:00
[2024-03-15T08:21:02.456+0000] {processor.py:183} INFO - Processing /home/airflow/.local/lib/python3.8/site-packages/airflow/example_dags/example_short_circuit_operator.py took 0.032 seconds
[2024-03-15T08:21:32.700+0000] {processor.py:161} INFO - Started process (PID=1892) to work on /home/airflow/.local/lib/python3.8/site-packages/airflow/example_dags/example_short_circuit_operator.py
[2024-03-15T08:21:32.700+0000] {processor.py:830} INFO - Processing file /home/airflow/.local/lib/python3.8/site-packages/airflow/example_dags/example_short_circuit_operator.py for tasks to queue
[2024-03-15T08:21:32.701+0000] {logging_mixin.py:188} INFO - [2024-03-15T08:21:32.701+0000] {dagbag.py:540} INFO - Filling up the DagBag from /home/airflow/.local/lib/python3.8/site-packages/airflow/example_dags/example_short_circuit_operator.py
[2024-03-15T08:21:32.704+0000] {processor.py:840} INFO - DAG(s) 'example_short_circuit_operator' retrieved from /home/airflow/.local/lib/python3.8/site-packages/airflow/example_dags/example_short_circuit_operator.py
[2024-03-15T08:21:32.714+0000] {logging_mixin.py:188} INFO - [2024-03-15T08:21:32.714+0000] {dag.py:3047} INFO - Sync 1 DAGs
[2024-03-15T08:21:32.722+0000] {logging_mixin.py:188} INFO - [2024-03-15T08:21:32.722+0000] {dag.py:3834} INFO - Setting next_dagrun for example_short_circuit_operator to 2024-03-14 00:00:00+00:00, run_after=2024-03-15 00:00:00+00:00
[2024-03-15T08:21:32.729+0000] {processor.py:183} INFO - Processing /home/airflow/.local/lib/python3.8/site-packages/airflow/example_dags/example_short_circuit_operator.py took 0.031 seconds
[2024-03-15T08:22:03.023+0000] {processor.py:161} INFO - Started process (PID=1946) to work on /home/airflow/.local/lib/python3.8/site-packages/airflow/example_dags/example_short_circuit_operator.py
[2024-03-15T08:22:03.023+0000] {processor.py:830} INFO - Processing file /home/airflow/.local/lib/python3.8/site-packages/airflow/example_dags/example_short_circuit_operator.py for tasks to queue
[2024-03-15T08:22:03.024+0000] {logging_mixin.py:188} INFO - [2024-03-15T08:22:03.024+0000] {dagbag.py:540} INFO - Filling up the DagBag from /home/airflow/.local/lib/python3.8/site-packages/airflow/example_dags/example_short_circuit_operator.py
[2024-03-15T08:22:03.027+0000] {processor.py:840} INFO - DAG(s) 'example_short_circuit_operator' retrieved from /home/airflow/.local/lib/python3.8/site-packages/airflow/example_dags/example_short_circuit_operator.py
[2024-03-15T08:22:03.036+0000] {logging_mixin.py:188} INFO - [2024-03-15T08:22:03.036+0000] {dag.py:3047} INFO - Sync 1 DAGs
[2024-03-15T08:22:03.044+0000] {logging_mixin.py:188} INFO - [2024-03-15T08:22:03.044+0000] {dag.py:3834} INFO - Setting next_dagrun for example_short_circuit_operator to 2024-03-14 00:00:00+00:00, run_after=2024-03-15 00:00:00+00:00
[2024-03-15T08:22:03.051+0000] {processor.py:183} INFO - Processing /home/airflow/.local/lib/python3.8/site-packages/airflow/example_dags/example_short_circuit_operator.py took 0.030 seconds
[2024-03-15T08:22:33.358+0000] {processor.py:161} INFO - Started process (PID=2001) to work on /home/airflow/.local/lib/python3.8/site-packages/airflow/example_dags/example_short_circuit_operator.py
[2024-03-15T08:22:33.358+0000] {processor.py:830} INFO - Processing file /home/airflow/.local/lib/python3.8/site-packages/airflow/example_dags/example_short_circuit_operator.py for tasks to queue
[2024-03-15T08:22:33.359+0000] {logging_mixin.py:188} INFO - [2024-03-15T08:22:33.359+0000] {dagbag.py:540} INFO - Filling up the DagBag from /home/airflow/.local/lib/python3.8/site-packages/airflow/example_dags/example_short_circuit_operator.py
[2024-03-15T08:22:33.363+0000] {processor.py:840} INFO - DAG(s) 'example_short_circuit_operator' retrieved from /home/airflow/.local/lib/python3.8/site-packages/airflow/example_dags/example_short_circuit_operator.py
[2024-03-15T08:22:33.372+0000] {logging_mixin.py:188} INFO - [2024-03-15T08:22:33.372+0000] {dag.py:3047} INFO - Sync 1 DAGs
[2024-03-15T08:22:33.381+0000] {logging_mixin.py:188} INFO - [2024-03-15T08:22:33.381+0000] {dag.py:3834} INFO - Setting next_dagrun for example_short_circuit_operator to 2024-03-14 00:00:00+00:00, run_after=2024-03-15 00:00:00+00:00
[2024-03-15T08:22:33.388+0000] {processor.py:183} INFO - Processing /home/airflow/.local/lib/python3.8/site-packages/airflow/example_dags/example_short_circuit_operator.py took 0.032 seconds
[2024-03-15T08:23:03.854+0000] {processor.py:161} INFO - Started process (PID=2056) to work on /home/airflow/.local/lib/python3.8/site-packages/airflow/example_dags/example_short_circuit_operator.py
[2024-03-15T08:23:03.854+0000] {processor.py:830} INFO - Processing file /home/airflow/.local/lib/python3.8/site-packages/airflow/example_dags/example_short_circuit_operator.py for tasks to queue
[2024-03-15T08:23:03.855+0000] {logging_mixin.py:188} INFO - [2024-03-15T08:23:03.855+0000] {dagbag.py:540} INFO - Filling up the DagBag from /home/airflow/.local/lib/python3.8/site-packages/airflow/example_dags/example_short_circuit_operator.py
[2024-03-15T08:23:03.859+0000] {processor.py:840} INFO - DAG(s) 'example_short_circuit_operator' retrieved from /home/airflow/.local/lib/python3.8/site-packages/airflow/example_dags/example_short_circuit_operator.py
[2024-03-15T08:23:03.868+0000] {logging_mixin.py:188} INFO - [2024-03-15T08:23:03.868+0000] {dag.py:3047} INFO - Sync 1 DAGs
[2024-03-15T08:23:03.877+0000] {logging_mixin.py:188} INFO - [2024-03-15T08:23:03.877+0000] {dag.py:3834} INFO - Setting next_dagrun for example_short_circuit_operator to 2024-03-14 00:00:00+00:00, run_after=2024-03-15 00:00:00+00:00
[2024-03-15T08:23:03.885+0000] {processor.py:183} INFO - Processing /home/airflow/.local/lib/python3.8/site-packages/airflow/example_dags/example_short_circuit_operator.py took 0.032 seconds
[2024-03-15T08:23:34.425+0000] {processor.py:161} INFO - Started process (PID=2110) to work on /home/airflow/.local/lib/python3.8/site-packages/airflow/example_dags/example_short_circuit_operator.py
[2024-03-15T08:23:34.426+0000] {processor.py:830} INFO - Processing file /home/airflow/.local/lib/python3.8/site-packages/airflow/example_dags/example_short_circuit_operator.py for tasks to queue
[2024-03-15T08:23:34.427+0000] {logging_mixin.py:188} INFO - [2024-03-15T08:23:34.426+0000] {dagbag.py:540} INFO - Filling up the DagBag from /home/airflow/.local/lib/python3.8/site-packages/airflow/example_dags/example_short_circuit_operator.py
[2024-03-15T08:23:34.430+0000] {processor.py:840} INFO - DAG(s) 'example_short_circuit_operator' retrieved from /home/airflow/.local/lib/python3.8/site-packages/airflow/example_dags/example_short_circuit_operator.py
[2024-03-15T08:23:34.440+0000] {logging_mixin.py:188} INFO - [2024-03-15T08:23:34.439+0000] {dag.py:3047} INFO - Sync 1 DAGs
[2024-03-15T08:23:34.448+0000] {logging_mixin.py:188} INFO - [2024-03-15T08:23:34.448+0000] {dag.py:3834} INFO - Setting next_dagrun for example_short_circuit_operator to 2024-03-14 00:00:00+00:00, run_after=2024-03-15 00:00:00+00:00
[2024-03-15T08:23:34.455+0000] {processor.py:183} INFO - Processing /home/airflow/.local/lib/python3.8/site-packages/airflow/example_dags/example_short_circuit_operator.py took 0.032 seconds
