[2024-03-15T08:04:49.406+0000] {processor.py:161} INFO - Started process (PID=74) to work on /home/airflow/.local/lib/python3.8/site-packages/airflow/example_dags/example_python_operator.py
[2024-03-15T08:04:49.406+0000] {processor.py:830} INFO - Processing file /home/airflow/.local/lib/python3.8/site-packages/airflow/example_dags/example_python_operator.py for tasks to queue
[2024-03-15T08:04:49.407+0000] {logging_mixin.py:188} INFO - [2024-03-15T08:04:49.407+0000] {dagbag.py:540} INFO - Filling up the DagBag from /home/airflow/.local/lib/python3.8/site-packages/airflow/example_dags/example_python_operator.py
[2024-03-15T08:04:49.413+0000] {processor.py:840} INFO - DAG(s) 'example_python_operator' retrieved from /home/airflow/.local/lib/python3.8/site-packages/airflow/example_dags/example_python_operator.py
[2024-03-15T08:04:49.420+0000] {logging_mixin.py:188} INFO - [2024-03-15T08:04:49.420+0000] {dag.py:3047} INFO - Sync 1 DAGs
[2024-03-15T08:04:49.428+0000] {logging_mixin.py:188} INFO - [2024-03-15T08:04:49.428+0000] {dag.py:3834} INFO - Setting next_dagrun for example_python_operator to None, run_after=None
[2024-03-15T08:04:49.441+0000] {processor.py:183} INFO - Processing /home/airflow/.local/lib/python3.8/site-packages/airflow/example_dags/example_python_operator.py took 0.037 seconds
[2024-03-15T08:05:20.815+0000] {processor.py:161} INFO - Started process (PID=129) to work on /home/airflow/.local/lib/python3.8/site-packages/airflow/example_dags/example_python_operator.py
[2024-03-15T08:05:20.815+0000] {processor.py:830} INFO - Processing file /home/airflow/.local/lib/python3.8/site-packages/airflow/example_dags/example_python_operator.py for tasks to queue
[2024-03-15T08:05:20.816+0000] {logging_mixin.py:188} INFO - [2024-03-15T08:05:20.816+0000] {dagbag.py:540} INFO - Filling up the DagBag from /home/airflow/.local/lib/python3.8/site-packages/airflow/example_dags/example_python_operator.py
[2024-03-15T08:05:20.821+0000] {processor.py:840} INFO - DAG(s) 'example_python_operator' retrieved from /home/airflow/.local/lib/python3.8/site-packages/airflow/example_dags/example_python_operator.py
[2024-03-15T08:05:20.860+0000] {logging_mixin.py:188} INFO - [2024-03-15T08:05:20.860+0000] {dag.py:3047} INFO - Sync 1 DAGs
[2024-03-15T08:05:20.864+0000] {logging_mixin.py:188} INFO - [2024-03-15T08:05:20.864+0000] {dag.py:3834} INFO - Setting next_dagrun for example_python_operator to None, run_after=None
[2024-03-15T08:05:20.871+0000] {processor.py:183} INFO - Processing /home/airflow/.local/lib/python3.8/site-packages/airflow/example_dags/example_python_operator.py took 0.058 seconds
[2024-03-15T08:05:51.421+0000] {processor.py:161} INFO - Started process (PID=184) to work on /home/airflow/.local/lib/python3.8/site-packages/airflow/example_dags/example_python_operator.py
[2024-03-15T08:05:51.422+0000] {processor.py:830} INFO - Processing file /home/airflow/.local/lib/python3.8/site-packages/airflow/example_dags/example_python_operator.py for tasks to queue
[2024-03-15T08:05:51.423+0000] {logging_mixin.py:188} INFO - [2024-03-15T08:05:51.423+0000] {dagbag.py:540} INFO - Filling up the DagBag from /home/airflow/.local/lib/python3.8/site-packages/airflow/example_dags/example_python_operator.py
[2024-03-15T08:05:51.427+0000] {processor.py:840} INFO - DAG(s) 'example_python_operator' retrieved from /home/airflow/.local/lib/python3.8/site-packages/airflow/example_dags/example_python_operator.py
[2024-03-15T08:05:51.436+0000] {logging_mixin.py:188} INFO - [2024-03-15T08:05:51.436+0000] {dag.py:3047} INFO - Sync 1 DAGs
[2024-03-15T08:05:51.441+0000] {logging_mixin.py:188} INFO - [2024-03-15T08:05:51.441+0000] {dag.py:3834} INFO - Setting next_dagrun for example_python_operator to None, run_after=None
[2024-03-15T08:05:51.448+0000] {processor.py:183} INFO - Processing /home/airflow/.local/lib/python3.8/site-packages/airflow/example_dags/example_python_operator.py took 0.029 seconds
[2024-03-15T08:06:21.705+0000] {processor.py:161} INFO - Started process (PID=239) to work on /home/airflow/.local/lib/python3.8/site-packages/airflow/example_dags/example_python_operator.py
[2024-03-15T08:06:21.706+0000] {processor.py:830} INFO - Processing file /home/airflow/.local/lib/python3.8/site-packages/airflow/example_dags/example_python_operator.py for tasks to queue
[2024-03-15T08:06:21.707+0000] {logging_mixin.py:188} INFO - [2024-03-15T08:06:21.707+0000] {dagbag.py:540} INFO - Filling up the DagBag from /home/airflow/.local/lib/python3.8/site-packages/airflow/example_dags/example_python_operator.py
[2024-03-15T08:06:21.711+0000] {processor.py:840} INFO - DAG(s) 'example_python_operator' retrieved from /home/airflow/.local/lib/python3.8/site-packages/airflow/example_dags/example_python_operator.py
[2024-03-15T08:06:21.720+0000] {logging_mixin.py:188} INFO - [2024-03-15T08:06:21.720+0000] {dag.py:3047} INFO - Sync 1 DAGs
[2024-03-15T08:06:21.725+0000] {logging_mixin.py:188} INFO - [2024-03-15T08:06:21.725+0000] {dag.py:3834} INFO - Setting next_dagrun for example_python_operator to None, run_after=None
[2024-03-15T08:06:21.732+0000] {processor.py:183} INFO - Processing /home/airflow/.local/lib/python3.8/site-packages/airflow/example_dags/example_python_operator.py took 0.028 seconds
[2024-03-15T08:06:52.010+0000] {processor.py:161} INFO - Started process (PID=294) to work on /home/airflow/.local/lib/python3.8/site-packages/airflow/example_dags/example_python_operator.py
[2024-03-15T08:06:52.010+0000] {processor.py:830} INFO - Processing file /home/airflow/.local/lib/python3.8/site-packages/airflow/example_dags/example_python_operator.py for tasks to queue
[2024-03-15T08:06:52.011+0000] {logging_mixin.py:188} INFO - [2024-03-15T08:06:52.011+0000] {dagbag.py:540} INFO - Filling up the DagBag from /home/airflow/.local/lib/python3.8/site-packages/airflow/example_dags/example_python_operator.py
[2024-03-15T08:06:52.016+0000] {processor.py:840} INFO - DAG(s) 'example_python_operator' retrieved from /home/airflow/.local/lib/python3.8/site-packages/airflow/example_dags/example_python_operator.py
[2024-03-15T08:06:52.024+0000] {logging_mixin.py:188} INFO - [2024-03-15T08:06:52.024+0000] {dag.py:3047} INFO - Sync 1 DAGs
[2024-03-15T08:06:52.029+0000] {logging_mixin.py:188} INFO - [2024-03-15T08:06:52.029+0000] {dag.py:3834} INFO - Setting next_dagrun for example_python_operator to None, run_after=None
[2024-03-15T08:06:52.036+0000] {processor.py:183} INFO - Processing /home/airflow/.local/lib/python3.8/site-packages/airflow/example_dags/example_python_operator.py took 0.027 seconds
[2024-03-15T08:07:22.319+0000] {processor.py:161} INFO - Started process (PID=349) to work on /home/airflow/.local/lib/python3.8/site-packages/airflow/example_dags/example_python_operator.py
[2024-03-15T08:07:22.319+0000] {processor.py:830} INFO - Processing file /home/airflow/.local/lib/python3.8/site-packages/airflow/example_dags/example_python_operator.py for tasks to queue
[2024-03-15T08:07:22.320+0000] {logging_mixin.py:188} INFO - [2024-03-15T08:07:22.320+0000] {dagbag.py:540} INFO - Filling up the DagBag from /home/airflow/.local/lib/python3.8/site-packages/airflow/example_dags/example_python_operator.py
[2024-03-15T08:07:22.325+0000] {processor.py:840} INFO - DAG(s) 'example_python_operator' retrieved from /home/airflow/.local/lib/python3.8/site-packages/airflow/example_dags/example_python_operator.py
[2024-03-15T08:07:22.334+0000] {logging_mixin.py:188} INFO - [2024-03-15T08:07:22.334+0000] {dag.py:3047} INFO - Sync 1 DAGs
[2024-03-15T08:07:22.339+0000] {logging_mixin.py:188} INFO - [2024-03-15T08:07:22.339+0000] {dag.py:3834} INFO - Setting next_dagrun for example_python_operator to None, run_after=None
[2024-03-15T08:07:22.345+0000] {processor.py:183} INFO - Processing /home/airflow/.local/lib/python3.8/site-packages/airflow/example_dags/example_python_operator.py took 0.028 seconds
[2024-03-15T08:07:52.592+0000] {processor.py:161} INFO - Started process (PID=404) to work on /home/airflow/.local/lib/python3.8/site-packages/airflow/example_dags/example_python_operator.py
[2024-03-15T08:07:52.593+0000] {processor.py:830} INFO - Processing file /home/airflow/.local/lib/python3.8/site-packages/airflow/example_dags/example_python_operator.py for tasks to queue
[2024-03-15T08:07:52.594+0000] {logging_mixin.py:188} INFO - [2024-03-15T08:07:52.594+0000] {dagbag.py:540} INFO - Filling up the DagBag from /home/airflow/.local/lib/python3.8/site-packages/airflow/example_dags/example_python_operator.py
[2024-03-15T08:07:52.599+0000] {processor.py:840} INFO - DAG(s) 'example_python_operator' retrieved from /home/airflow/.local/lib/python3.8/site-packages/airflow/example_dags/example_python_operator.py
[2024-03-15T08:07:52.609+0000] {logging_mixin.py:188} INFO - [2024-03-15T08:07:52.608+0000] {dag.py:3047} INFO - Sync 1 DAGs
[2024-03-15T08:07:52.614+0000] {logging_mixin.py:188} INFO - [2024-03-15T08:07:52.614+0000] {dag.py:3834} INFO - Setting next_dagrun for example_python_operator to None, run_after=None
[2024-03-15T08:07:52.621+0000] {processor.py:183} INFO - Processing /home/airflow/.local/lib/python3.8/site-packages/airflow/example_dags/example_python_operator.py took 0.031 seconds
[2024-03-15T08:08:23.021+0000] {processor.py:161} INFO - Started process (PID=458) to work on /home/airflow/.local/lib/python3.8/site-packages/airflow/example_dags/example_python_operator.py
[2024-03-15T08:08:23.022+0000] {processor.py:830} INFO - Processing file /home/airflow/.local/lib/python3.8/site-packages/airflow/example_dags/example_python_operator.py for tasks to queue
[2024-03-15T08:08:23.023+0000] {logging_mixin.py:188} INFO - [2024-03-15T08:08:23.023+0000] {dagbag.py:540} INFO - Filling up the DagBag from /home/airflow/.local/lib/python3.8/site-packages/airflow/example_dags/example_python_operator.py
[2024-03-15T08:08:23.028+0000] {processor.py:840} INFO - DAG(s) 'example_python_operator' retrieved from /home/airflow/.local/lib/python3.8/site-packages/airflow/example_dags/example_python_operator.py
[2024-03-15T08:08:23.037+0000] {logging_mixin.py:188} INFO - [2024-03-15T08:08:23.037+0000] {dag.py:3047} INFO - Sync 1 DAGs
[2024-03-15T08:08:23.042+0000] {logging_mixin.py:188} INFO - [2024-03-15T08:08:23.042+0000] {dag.py:3834} INFO - Setting next_dagrun for example_python_operator to None, run_after=None
[2024-03-15T08:08:23.048+0000] {processor.py:183} INFO - Processing /home/airflow/.local/lib/python3.8/site-packages/airflow/example_dags/example_python_operator.py took 0.028 seconds
[2024-03-15T08:08:53.339+0000] {processor.py:161} INFO - Started process (PID=513) to work on /home/airflow/.local/lib/python3.8/site-packages/airflow/example_dags/example_python_operator.py
[2024-03-15T08:08:53.340+0000] {processor.py:830} INFO - Processing file /home/airflow/.local/lib/python3.8/site-packages/airflow/example_dags/example_python_operator.py for tasks to queue
[2024-03-15T08:08:53.340+0000] {logging_mixin.py:188} INFO - [2024-03-15T08:08:53.340+0000] {dagbag.py:540} INFO - Filling up the DagBag from /home/airflow/.local/lib/python3.8/site-packages/airflow/example_dags/example_python_operator.py
[2024-03-15T08:08:53.345+0000] {processor.py:840} INFO - DAG(s) 'example_python_operator' retrieved from /home/airflow/.local/lib/python3.8/site-packages/airflow/example_dags/example_python_operator.py
[2024-03-15T08:08:53.354+0000] {logging_mixin.py:188} INFO - [2024-03-15T08:08:53.354+0000] {dag.py:3047} INFO - Sync 1 DAGs
[2024-03-15T08:08:53.359+0000] {logging_mixin.py:188} INFO - [2024-03-15T08:08:53.359+0000] {dag.py:3834} INFO - Setting next_dagrun for example_python_operator to None, run_after=None
[2024-03-15T08:08:53.365+0000] {processor.py:183} INFO - Processing /home/airflow/.local/lib/python3.8/site-packages/airflow/example_dags/example_python_operator.py took 0.027 seconds
[2024-03-15T08:09:23.674+0000] {processor.py:161} INFO - Started process (PID=568) to work on /home/airflow/.local/lib/python3.8/site-packages/airflow/example_dags/example_python_operator.py
[2024-03-15T08:09:23.674+0000] {processor.py:830} INFO - Processing file /home/airflow/.local/lib/python3.8/site-packages/airflow/example_dags/example_python_operator.py for tasks to queue
[2024-03-15T08:09:23.675+0000] {logging_mixin.py:188} INFO - [2024-03-15T08:09:23.675+0000] {dagbag.py:540} INFO - Filling up the DagBag from /home/airflow/.local/lib/python3.8/site-packages/airflow/example_dags/example_python_operator.py
[2024-03-15T08:09:23.680+0000] {processor.py:840} INFO - DAG(s) 'example_python_operator' retrieved from /home/airflow/.local/lib/python3.8/site-packages/airflow/example_dags/example_python_operator.py
[2024-03-15T08:09:23.688+0000] {logging_mixin.py:188} INFO - [2024-03-15T08:09:23.688+0000] {dag.py:3047} INFO - Sync 1 DAGs
[2024-03-15T08:09:23.693+0000] {logging_mixin.py:188} INFO - [2024-03-15T08:09:23.693+0000] {dag.py:3834} INFO - Setting next_dagrun for example_python_operator to None, run_after=None
[2024-03-15T08:09:23.699+0000] {processor.py:183} INFO - Processing /home/airflow/.local/lib/python3.8/site-packages/airflow/example_dags/example_python_operator.py took 0.027 seconds
[2024-03-15T08:09:54.195+0000] {processor.py:161} INFO - Started process (PID=623) to work on /home/airflow/.local/lib/python3.8/site-packages/airflow/example_dags/example_python_operator.py
[2024-03-15T08:09:54.196+0000] {processor.py:830} INFO - Processing file /home/airflow/.local/lib/python3.8/site-packages/airflow/example_dags/example_python_operator.py for tasks to queue
[2024-03-15T08:09:54.197+0000] {logging_mixin.py:188} INFO - [2024-03-15T08:09:54.197+0000] {dagbag.py:540} INFO - Filling up the DagBag from /home/airflow/.local/lib/python3.8/site-packages/airflow/example_dags/example_python_operator.py
[2024-03-15T08:09:54.202+0000] {processor.py:840} INFO - DAG(s) 'example_python_operator' retrieved from /home/airflow/.local/lib/python3.8/site-packages/airflow/example_dags/example_python_operator.py
[2024-03-15T08:09:54.212+0000] {logging_mixin.py:188} INFO - [2024-03-15T08:09:54.212+0000] {dag.py:3047} INFO - Sync 1 DAGs
[2024-03-15T08:09:54.218+0000] {logging_mixin.py:188} INFO - [2024-03-15T08:09:54.217+0000] {dag.py:3834} INFO - Setting next_dagrun for example_python_operator to None, run_after=None
[2024-03-15T08:09:54.226+0000] {processor.py:183} INFO - Processing /home/airflow/.local/lib/python3.8/site-packages/airflow/example_dags/example_python_operator.py took 0.032 seconds
[2024-03-15T08:10:24.617+0000] {processor.py:161} INFO - Started process (PID=678) to work on /home/airflow/.local/lib/python3.8/site-packages/airflow/example_dags/example_python_operator.py
[2024-03-15T08:10:24.618+0000] {processor.py:830} INFO - Processing file /home/airflow/.local/lib/python3.8/site-packages/airflow/example_dags/example_python_operator.py for tasks to queue
[2024-03-15T08:10:24.619+0000] {logging_mixin.py:188} INFO - [2024-03-15T08:10:24.619+0000] {dagbag.py:540} INFO - Filling up the DagBag from /home/airflow/.local/lib/python3.8/site-packages/airflow/example_dags/example_python_operator.py
[2024-03-15T08:10:24.624+0000] {processor.py:840} INFO - DAG(s) 'example_python_operator' retrieved from /home/airflow/.local/lib/python3.8/site-packages/airflow/example_dags/example_python_operator.py
[2024-03-15T08:10:24.641+0000] {logging_mixin.py:188} INFO - [2024-03-15T08:10:24.641+0000] {dag.py:3047} INFO - Sync 1 DAGs
[2024-03-15T08:10:24.648+0000] {logging_mixin.py:188} INFO - [2024-03-15T08:10:24.648+0000] {dag.py:3834} INFO - Setting next_dagrun for example_python_operator to None, run_after=None
[2024-03-15T08:10:24.656+0000] {processor.py:183} INFO - Processing /home/airflow/.local/lib/python3.8/site-packages/airflow/example_dags/example_python_operator.py took 0.040 seconds
[2024-03-15T08:10:54.888+0000] {processor.py:161} INFO - Started process (PID=733) to work on /home/airflow/.local/lib/python3.8/site-packages/airflow/example_dags/example_python_operator.py
[2024-03-15T08:10:54.889+0000] {processor.py:830} INFO - Processing file /home/airflow/.local/lib/python3.8/site-packages/airflow/example_dags/example_python_operator.py for tasks to queue
[2024-03-15T08:10:54.890+0000] {logging_mixin.py:188} INFO - [2024-03-15T08:10:54.890+0000] {dagbag.py:540} INFO - Filling up the DagBag from /home/airflow/.local/lib/python3.8/site-packages/airflow/example_dags/example_python_operator.py
[2024-03-15T08:10:54.894+0000] {processor.py:840} INFO - DAG(s) 'example_python_operator' retrieved from /home/airflow/.local/lib/python3.8/site-packages/airflow/example_dags/example_python_operator.py
[2024-03-15T08:10:54.903+0000] {logging_mixin.py:188} INFO - [2024-03-15T08:10:54.903+0000] {dag.py:3047} INFO - Sync 1 DAGs
[2024-03-15T08:10:54.907+0000] {logging_mixin.py:188} INFO - [2024-03-15T08:10:54.907+0000] {dag.py:3834} INFO - Setting next_dagrun for example_python_operator to None, run_after=None
[2024-03-15T08:10:54.914+0000] {processor.py:183} INFO - Processing /home/airflow/.local/lib/python3.8/site-packages/airflow/example_dags/example_python_operator.py took 0.027 seconds
[2024-03-15T08:11:25.413+0000] {processor.py:161} INFO - Started process (PID=788) to work on /home/airflow/.local/lib/python3.8/site-packages/airflow/example_dags/example_python_operator.py
[2024-03-15T08:11:25.414+0000] {processor.py:830} INFO - Processing file /home/airflow/.local/lib/python3.8/site-packages/airflow/example_dags/example_python_operator.py for tasks to queue
[2024-03-15T08:11:25.415+0000] {logging_mixin.py:188} INFO - [2024-03-15T08:11:25.414+0000] {dagbag.py:540} INFO - Filling up the DagBag from /home/airflow/.local/lib/python3.8/site-packages/airflow/example_dags/example_python_operator.py
[2024-03-15T08:11:25.419+0000] {processor.py:840} INFO - DAG(s) 'example_python_operator' retrieved from /home/airflow/.local/lib/python3.8/site-packages/airflow/example_dags/example_python_operator.py
[2024-03-15T08:11:25.428+0000] {logging_mixin.py:188} INFO - [2024-03-15T08:11:25.428+0000] {dag.py:3047} INFO - Sync 1 DAGs
[2024-03-15T08:11:25.433+0000] {logging_mixin.py:188} INFO - [2024-03-15T08:11:25.433+0000] {dag.py:3834} INFO - Setting next_dagrun for example_python_operator to None, run_after=None
[2024-03-15T08:11:25.439+0000] {processor.py:183} INFO - Processing /home/airflow/.local/lib/python3.8/site-packages/airflow/example_dags/example_python_operator.py took 0.027 seconds
[2024-03-15T08:11:55.889+0000] {processor.py:161} INFO - Started process (PID=843) to work on /home/airflow/.local/lib/python3.8/site-packages/airflow/example_dags/example_python_operator.py
[2024-03-15T08:11:55.890+0000] {processor.py:830} INFO - Processing file /home/airflow/.local/lib/python3.8/site-packages/airflow/example_dags/example_python_operator.py for tasks to queue
[2024-03-15T08:11:55.890+0000] {logging_mixin.py:188} INFO - [2024-03-15T08:11:55.890+0000] {dagbag.py:540} INFO - Filling up the DagBag from /home/airflow/.local/lib/python3.8/site-packages/airflow/example_dags/example_python_operator.py
[2024-03-15T08:11:55.896+0000] {processor.py:840} INFO - DAG(s) 'example_python_operator' retrieved from /home/airflow/.local/lib/python3.8/site-packages/airflow/example_dags/example_python_operator.py
[2024-03-15T08:11:55.907+0000] {logging_mixin.py:188} INFO - [2024-03-15T08:11:55.907+0000] {dag.py:3047} INFO - Sync 1 DAGs
[2024-03-15T08:11:55.913+0000] {logging_mixin.py:188} INFO - [2024-03-15T08:11:55.913+0000] {dag.py:3834} INFO - Setting next_dagrun for example_python_operator to None, run_after=None
[2024-03-15T08:11:55.922+0000] {processor.py:183} INFO - Processing /home/airflow/.local/lib/python3.8/site-packages/airflow/example_dags/example_python_operator.py took 0.035 seconds
[2024-03-15T08:12:26.455+0000] {processor.py:161} INFO - Started process (PID=898) to work on /home/airflow/.local/lib/python3.8/site-packages/airflow/example_dags/example_python_operator.py
[2024-03-15T08:12:26.456+0000] {processor.py:830} INFO - Processing file /home/airflow/.local/lib/python3.8/site-packages/airflow/example_dags/example_python_operator.py for tasks to queue
[2024-03-15T08:12:26.457+0000] {logging_mixin.py:188} INFO - [2024-03-15T08:12:26.457+0000] {dagbag.py:540} INFO - Filling up the DagBag from /home/airflow/.local/lib/python3.8/site-packages/airflow/example_dags/example_python_operator.py
[2024-03-15T08:12:26.462+0000] {processor.py:840} INFO - DAG(s) 'example_python_operator' retrieved from /home/airflow/.local/lib/python3.8/site-packages/airflow/example_dags/example_python_operator.py
[2024-03-15T08:12:26.472+0000] {logging_mixin.py:188} INFO - [2024-03-15T08:12:26.472+0000] {dag.py:3047} INFO - Sync 1 DAGs
[2024-03-15T08:12:26.477+0000] {logging_mixin.py:188} INFO - [2024-03-15T08:12:26.477+0000] {dag.py:3834} INFO - Setting next_dagrun for example_python_operator to None, run_after=None
[2024-03-15T08:12:26.485+0000] {processor.py:183} INFO - Processing /home/airflow/.local/lib/python3.8/site-packages/airflow/example_dags/example_python_operator.py took 0.031 seconds
[2024-03-15T08:12:56.787+0000] {processor.py:161} INFO - Started process (PID=953) to work on /home/airflow/.local/lib/python3.8/site-packages/airflow/example_dags/example_python_operator.py
[2024-03-15T08:12:56.788+0000] {processor.py:830} INFO - Processing file /home/airflow/.local/lib/python3.8/site-packages/airflow/example_dags/example_python_operator.py for tasks to queue
[2024-03-15T08:12:56.788+0000] {logging_mixin.py:188} INFO - [2024-03-15T08:12:56.788+0000] {dagbag.py:540} INFO - Filling up the DagBag from /home/airflow/.local/lib/python3.8/site-packages/airflow/example_dags/example_python_operator.py
[2024-03-15T08:12:56.793+0000] {processor.py:840} INFO - DAG(s) 'example_python_operator' retrieved from /home/airflow/.local/lib/python3.8/site-packages/airflow/example_dags/example_python_operator.py
[2024-03-15T08:12:56.802+0000] {logging_mixin.py:188} INFO - [2024-03-15T08:12:56.802+0000] {dag.py:3047} INFO - Sync 1 DAGs
[2024-03-15T08:12:56.806+0000] {logging_mixin.py:188} INFO - [2024-03-15T08:12:56.806+0000] {dag.py:3834} INFO - Setting next_dagrun for example_python_operator to None, run_after=None
[2024-03-15T08:12:56.813+0000] {processor.py:183} INFO - Processing /home/airflow/.local/lib/python3.8/site-packages/airflow/example_dags/example_python_operator.py took 0.027 seconds
[2024-03-15T08:13:27.039+0000] {processor.py:161} INFO - Started process (PID=1008) to work on /home/airflow/.local/lib/python3.8/site-packages/airflow/example_dags/example_python_operator.py
[2024-03-15T08:13:27.039+0000] {processor.py:830} INFO - Processing file /home/airflow/.local/lib/python3.8/site-packages/airflow/example_dags/example_python_operator.py for tasks to queue
[2024-03-15T08:13:27.040+0000] {logging_mixin.py:188} INFO - [2024-03-15T08:13:27.040+0000] {dagbag.py:540} INFO - Filling up the DagBag from /home/airflow/.local/lib/python3.8/site-packages/airflow/example_dags/example_python_operator.py
[2024-03-15T08:13:27.045+0000] {processor.py:840} INFO - DAG(s) 'example_python_operator' retrieved from /home/airflow/.local/lib/python3.8/site-packages/airflow/example_dags/example_python_operator.py
[2024-03-15T08:13:27.053+0000] {logging_mixin.py:188} INFO - [2024-03-15T08:13:27.053+0000] {dag.py:3047} INFO - Sync 1 DAGs
[2024-03-15T08:13:27.058+0000] {logging_mixin.py:188} INFO - [2024-03-15T08:13:27.057+0000] {dag.py:3834} INFO - Setting next_dagrun for example_python_operator to None, run_after=None
[2024-03-15T08:13:27.064+0000] {processor.py:183} INFO - Processing /home/airflow/.local/lib/python3.8/site-packages/airflow/example_dags/example_python_operator.py took 0.026 seconds
[2024-03-15T08:13:57.380+0000] {processor.py:161} INFO - Started process (PID=1063) to work on /home/airflow/.local/lib/python3.8/site-packages/airflow/example_dags/example_python_operator.py
[2024-03-15T08:13:57.380+0000] {processor.py:830} INFO - Processing file /home/airflow/.local/lib/python3.8/site-packages/airflow/example_dags/example_python_operator.py for tasks to queue
[2024-03-15T08:13:57.381+0000] {logging_mixin.py:188} INFO - [2024-03-15T08:13:57.381+0000] {dagbag.py:540} INFO - Filling up the DagBag from /home/airflow/.local/lib/python3.8/site-packages/airflow/example_dags/example_python_operator.py
[2024-03-15T08:13:57.385+0000] {processor.py:840} INFO - DAG(s) 'example_python_operator' retrieved from /home/airflow/.local/lib/python3.8/site-packages/airflow/example_dags/example_python_operator.py
[2024-03-15T08:13:57.394+0000] {logging_mixin.py:188} INFO - [2024-03-15T08:13:57.394+0000] {dag.py:3047} INFO - Sync 1 DAGs
[2024-03-15T08:13:57.399+0000] {logging_mixin.py:188} INFO - [2024-03-15T08:13:57.399+0000] {dag.py:3834} INFO - Setting next_dagrun for example_python_operator to None, run_after=None
[2024-03-15T08:13:57.405+0000] {processor.py:183} INFO - Processing /home/airflow/.local/lib/python3.8/site-packages/airflow/example_dags/example_python_operator.py took 0.027 seconds
[2024-03-15T08:14:27.749+0000] {processor.py:161} INFO - Started process (PID=1118) to work on /home/airflow/.local/lib/python3.8/site-packages/airflow/example_dags/example_python_operator.py
[2024-03-15T08:14:27.750+0000] {processor.py:830} INFO - Processing file /home/airflow/.local/lib/python3.8/site-packages/airflow/example_dags/example_python_operator.py for tasks to queue
[2024-03-15T08:14:27.751+0000] {logging_mixin.py:188} INFO - [2024-03-15T08:14:27.751+0000] {dagbag.py:540} INFO - Filling up the DagBag from /home/airflow/.local/lib/python3.8/site-packages/airflow/example_dags/example_python_operator.py
[2024-03-15T08:14:27.755+0000] {processor.py:840} INFO - DAG(s) 'example_python_operator' retrieved from /home/airflow/.local/lib/python3.8/site-packages/airflow/example_dags/example_python_operator.py
[2024-03-15T08:14:27.764+0000] {logging_mixin.py:188} INFO - [2024-03-15T08:14:27.764+0000] {dag.py:3047} INFO - Sync 1 DAGs
[2024-03-15T08:14:27.769+0000] {logging_mixin.py:188} INFO - [2024-03-15T08:14:27.769+0000] {dag.py:3834} INFO - Setting next_dagrun for example_python_operator to None, run_after=None
[2024-03-15T08:14:27.775+0000] {processor.py:183} INFO - Processing /home/airflow/.local/lib/python3.8/site-packages/airflow/example_dags/example_python_operator.py took 0.027 seconds
[2024-03-15T08:14:58.102+0000] {processor.py:161} INFO - Started process (PID=1173) to work on /home/airflow/.local/lib/python3.8/site-packages/airflow/example_dags/example_python_operator.py
[2024-03-15T08:14:58.103+0000] {processor.py:830} INFO - Processing file /home/airflow/.local/lib/python3.8/site-packages/airflow/example_dags/example_python_operator.py for tasks to queue
[2024-03-15T08:14:58.103+0000] {logging_mixin.py:188} INFO - [2024-03-15T08:14:58.103+0000] {dagbag.py:540} INFO - Filling up the DagBag from /home/airflow/.local/lib/python3.8/site-packages/airflow/example_dags/example_python_operator.py
[2024-03-15T08:14:58.108+0000] {processor.py:840} INFO - DAG(s) 'example_python_operator' retrieved from /home/airflow/.local/lib/python3.8/site-packages/airflow/example_dags/example_python_operator.py
[2024-03-15T08:14:58.117+0000] {logging_mixin.py:188} INFO - [2024-03-15T08:14:58.117+0000] {dag.py:3047} INFO - Sync 1 DAGs
[2024-03-15T08:14:58.122+0000] {logging_mixin.py:188} INFO - [2024-03-15T08:14:58.122+0000] {dag.py:3834} INFO - Setting next_dagrun for example_python_operator to None, run_after=None
[2024-03-15T08:14:58.128+0000] {processor.py:183} INFO - Processing /home/airflow/.local/lib/python3.8/site-packages/airflow/example_dags/example_python_operator.py took 0.027 seconds
[2024-03-15T08:15:28.451+0000] {processor.py:161} INFO - Started process (PID=1228) to work on /home/airflow/.local/lib/python3.8/site-packages/airflow/example_dags/example_python_operator.py
[2024-03-15T08:15:28.451+0000] {processor.py:830} INFO - Processing file /home/airflow/.local/lib/python3.8/site-packages/airflow/example_dags/example_python_operator.py for tasks to queue
[2024-03-15T08:15:28.452+0000] {logging_mixin.py:188} INFO - [2024-03-15T08:15:28.452+0000] {dagbag.py:540} INFO - Filling up the DagBag from /home/airflow/.local/lib/python3.8/site-packages/airflow/example_dags/example_python_operator.py
[2024-03-15T08:15:28.457+0000] {processor.py:840} INFO - DAG(s) 'example_python_operator' retrieved from /home/airflow/.local/lib/python3.8/site-packages/airflow/example_dags/example_python_operator.py
[2024-03-15T08:15:28.466+0000] {logging_mixin.py:188} INFO - [2024-03-15T08:15:28.466+0000] {dag.py:3047} INFO - Sync 1 DAGs
[2024-03-15T08:15:28.471+0000] {logging_mixin.py:188} INFO - [2024-03-15T08:15:28.471+0000] {dag.py:3834} INFO - Setting next_dagrun for example_python_operator to None, run_after=None
[2024-03-15T08:15:28.478+0000] {processor.py:183} INFO - Processing /home/airflow/.local/lib/python3.8/site-packages/airflow/example_dags/example_python_operator.py took 0.028 seconds
[2024-03-15T08:15:58.856+0000] {processor.py:161} INFO - Started process (PID=1283) to work on /home/airflow/.local/lib/python3.8/site-packages/airflow/example_dags/example_python_operator.py
[2024-03-15T08:15:58.856+0000] {processor.py:830} INFO - Processing file /home/airflow/.local/lib/python3.8/site-packages/airflow/example_dags/example_python_operator.py for tasks to queue
[2024-03-15T08:15:58.857+0000] {logging_mixin.py:188} INFO - [2024-03-15T08:15:58.857+0000] {dagbag.py:540} INFO - Filling up the DagBag from /home/airflow/.local/lib/python3.8/site-packages/airflow/example_dags/example_python_operator.py
[2024-03-15T08:15:58.862+0000] {processor.py:840} INFO - DAG(s) 'example_python_operator' retrieved from /home/airflow/.local/lib/python3.8/site-packages/airflow/example_dags/example_python_operator.py
[2024-03-15T08:15:58.871+0000] {logging_mixin.py:188} INFO - [2024-03-15T08:15:58.871+0000] {dag.py:3047} INFO - Sync 1 DAGs
[2024-03-15T08:15:58.876+0000] {logging_mixin.py:188} INFO - [2024-03-15T08:15:58.876+0000] {dag.py:3834} INFO - Setting next_dagrun for example_python_operator to None, run_after=None
[2024-03-15T08:15:58.884+0000] {processor.py:183} INFO - Processing /home/airflow/.local/lib/python3.8/site-packages/airflow/example_dags/example_python_operator.py took 0.030 seconds
[2024-03-15T08:16:29.190+0000] {processor.py:161} INFO - Started process (PID=1338) to work on /home/airflow/.local/lib/python3.8/site-packages/airflow/example_dags/example_python_operator.py
[2024-03-15T08:16:29.190+0000] {processor.py:830} INFO - Processing file /home/airflow/.local/lib/python3.8/site-packages/airflow/example_dags/example_python_operator.py for tasks to queue
[2024-03-15T08:16:29.191+0000] {logging_mixin.py:188} INFO - [2024-03-15T08:16:29.191+0000] {dagbag.py:540} INFO - Filling up the DagBag from /home/airflow/.local/lib/python3.8/site-packages/airflow/example_dags/example_python_operator.py
[2024-03-15T08:16:29.195+0000] {processor.py:840} INFO - DAG(s) 'example_python_operator' retrieved from /home/airflow/.local/lib/python3.8/site-packages/airflow/example_dags/example_python_operator.py
[2024-03-15T08:16:29.204+0000] {logging_mixin.py:188} INFO - [2024-03-15T08:16:29.204+0000] {dag.py:3047} INFO - Sync 1 DAGs
[2024-03-15T08:16:29.209+0000] {logging_mixin.py:188} INFO - [2024-03-15T08:16:29.209+0000] {dag.py:3834} INFO - Setting next_dagrun for example_python_operator to None, run_after=None
[2024-03-15T08:16:29.216+0000] {processor.py:183} INFO - Processing /home/airflow/.local/lib/python3.8/site-packages/airflow/example_dags/example_python_operator.py took 0.028 seconds
[2024-03-15T08:16:59.522+0000] {processor.py:161} INFO - Started process (PID=1393) to work on /home/airflow/.local/lib/python3.8/site-packages/airflow/example_dags/example_python_operator.py
[2024-03-15T08:16:59.523+0000] {processor.py:830} INFO - Processing file /home/airflow/.local/lib/python3.8/site-packages/airflow/example_dags/example_python_operator.py for tasks to queue
[2024-03-15T08:16:59.524+0000] {logging_mixin.py:188} INFO - [2024-03-15T08:16:59.523+0000] {dagbag.py:540} INFO - Filling up the DagBag from /home/airflow/.local/lib/python3.8/site-packages/airflow/example_dags/example_python_operator.py
[2024-03-15T08:16:59.529+0000] {processor.py:840} INFO - DAG(s) 'example_python_operator' retrieved from /home/airflow/.local/lib/python3.8/site-packages/airflow/example_dags/example_python_operator.py
[2024-03-15T08:16:59.539+0000] {logging_mixin.py:188} INFO - [2024-03-15T08:16:59.539+0000] {dag.py:3047} INFO - Sync 1 DAGs
[2024-03-15T08:16:59.544+0000] {logging_mixin.py:188} INFO - [2024-03-15T08:16:59.544+0000] {dag.py:3834} INFO - Setting next_dagrun for example_python_operator to None, run_after=None
[2024-03-15T08:16:59.554+0000] {processor.py:183} INFO - Processing /home/airflow/.local/lib/python3.8/site-packages/airflow/example_dags/example_python_operator.py took 0.033 seconds
[2024-03-15T08:17:29.890+0000] {processor.py:161} INFO - Started process (PID=1448) to work on /home/airflow/.local/lib/python3.8/site-packages/airflow/example_dags/example_python_operator.py
[2024-03-15T08:17:29.891+0000] {processor.py:830} INFO - Processing file /home/airflow/.local/lib/python3.8/site-packages/airflow/example_dags/example_python_operator.py for tasks to queue
[2024-03-15T08:17:29.891+0000] {logging_mixin.py:188} INFO - [2024-03-15T08:17:29.891+0000] {dagbag.py:540} INFO - Filling up the DagBag from /home/airflow/.local/lib/python3.8/site-packages/airflow/example_dags/example_python_operator.py
[2024-03-15T08:17:29.896+0000] {processor.py:840} INFO - DAG(s) 'example_python_operator' retrieved from /home/airflow/.local/lib/python3.8/site-packages/airflow/example_dags/example_python_operator.py
[2024-03-15T08:17:29.905+0000] {logging_mixin.py:188} INFO - [2024-03-15T08:17:29.905+0000] {dag.py:3047} INFO - Sync 1 DAGs
[2024-03-15T08:17:29.910+0000] {logging_mixin.py:188} INFO - [2024-03-15T08:17:29.910+0000] {dag.py:3834} INFO - Setting next_dagrun for example_python_operator to None, run_after=None
[2024-03-15T08:17:29.917+0000] {processor.py:183} INFO - Processing /home/airflow/.local/lib/python3.8/site-packages/airflow/example_dags/example_python_operator.py took 0.028 seconds
[2024-03-15T08:18:00.230+0000] {processor.py:161} INFO - Started process (PID=1503) to work on /home/airflow/.local/lib/python3.8/site-packages/airflow/example_dags/example_python_operator.py
[2024-03-15T08:18:00.230+0000] {processor.py:830} INFO - Processing file /home/airflow/.local/lib/python3.8/site-packages/airflow/example_dags/example_python_operator.py for tasks to queue
[2024-03-15T08:18:00.231+0000] {logging_mixin.py:188} INFO - [2024-03-15T08:18:00.231+0000] {dagbag.py:540} INFO - Filling up the DagBag from /home/airflow/.local/lib/python3.8/site-packages/airflow/example_dags/example_python_operator.py
[2024-03-15T08:18:00.236+0000] {processor.py:840} INFO - DAG(s) 'example_python_operator' retrieved from /home/airflow/.local/lib/python3.8/site-packages/airflow/example_dags/example_python_operator.py
[2024-03-15T08:18:00.248+0000] {logging_mixin.py:188} INFO - [2024-03-15T08:18:00.248+0000] {dag.py:3047} INFO - Sync 1 DAGs
[2024-03-15T08:18:00.253+0000] {logging_mixin.py:188} INFO - [2024-03-15T08:18:00.253+0000] {dag.py:3834} INFO - Setting next_dagrun for example_python_operator to None, run_after=None
[2024-03-15T08:18:00.261+0000] {processor.py:183} INFO - Processing /home/airflow/.local/lib/python3.8/site-packages/airflow/example_dags/example_python_operator.py took 0.033 seconds
[2024-03-15T08:18:30.689+0000] {processor.py:161} INFO - Started process (PID=1558) to work on /home/airflow/.local/lib/python3.8/site-packages/airflow/example_dags/example_python_operator.py
[2024-03-15T08:18:30.690+0000] {processor.py:830} INFO - Processing file /home/airflow/.local/lib/python3.8/site-packages/airflow/example_dags/example_python_operator.py for tasks to queue
[2024-03-15T08:18:30.691+0000] {logging_mixin.py:188} INFO - [2024-03-15T08:18:30.691+0000] {dagbag.py:540} INFO - Filling up the DagBag from /home/airflow/.local/lib/python3.8/site-packages/airflow/example_dags/example_python_operator.py
[2024-03-15T08:18:30.696+0000] {processor.py:840} INFO - DAG(s) 'example_python_operator' retrieved from /home/airflow/.local/lib/python3.8/site-packages/airflow/example_dags/example_python_operator.py
[2024-03-15T08:18:30.705+0000] {logging_mixin.py:188} INFO - [2024-03-15T08:18:30.705+0000] {dag.py:3047} INFO - Sync 1 DAGs
[2024-03-15T08:18:30.709+0000] {logging_mixin.py:188} INFO - [2024-03-15T08:18:30.709+0000] {dag.py:3834} INFO - Setting next_dagrun for example_python_operator to None, run_after=None
[2024-03-15T08:18:30.716+0000] {processor.py:183} INFO - Processing /home/airflow/.local/lib/python3.8/site-packages/airflow/example_dags/example_python_operator.py took 0.028 seconds
[2024-03-15T08:19:01.016+0000] {processor.py:161} INFO - Started process (PID=1613) to work on /home/airflow/.local/lib/python3.8/site-packages/airflow/example_dags/example_python_operator.py
[2024-03-15T08:19:01.016+0000] {processor.py:830} INFO - Processing file /home/airflow/.local/lib/python3.8/site-packages/airflow/example_dags/example_python_operator.py for tasks to queue
[2024-03-15T08:19:01.017+0000] {logging_mixin.py:188} INFO - [2024-03-15T08:19:01.017+0000] {dagbag.py:540} INFO - Filling up the DagBag from /home/airflow/.local/lib/python3.8/site-packages/airflow/example_dags/example_python_operator.py
[2024-03-15T08:19:01.022+0000] {processor.py:840} INFO - DAG(s) 'example_python_operator' retrieved from /home/airflow/.local/lib/python3.8/site-packages/airflow/example_dags/example_python_operator.py
[2024-03-15T08:19:01.031+0000] {logging_mixin.py:188} INFO - [2024-03-15T08:19:01.030+0000] {dag.py:3047} INFO - Sync 1 DAGs
[2024-03-15T08:19:01.035+0000] {logging_mixin.py:188} INFO - [2024-03-15T08:19:01.035+0000] {dag.py:3834} INFO - Setting next_dagrun for example_python_operator to None, run_after=None
[2024-03-15T08:19:01.042+0000] {processor.py:183} INFO - Processing /home/airflow/.local/lib/python3.8/site-packages/airflow/example_dags/example_python_operator.py took 0.027 seconds
[2024-03-15T08:19:31.289+0000] {processor.py:161} INFO - Started process (PID=1668) to work on /home/airflow/.local/lib/python3.8/site-packages/airflow/example_dags/example_python_operator.py
[2024-03-15T08:19:31.289+0000] {processor.py:830} INFO - Processing file /home/airflow/.local/lib/python3.8/site-packages/airflow/example_dags/example_python_operator.py for tasks to queue
[2024-03-15T08:19:31.290+0000] {logging_mixin.py:188} INFO - [2024-03-15T08:19:31.290+0000] {dagbag.py:540} INFO - Filling up the DagBag from /home/airflow/.local/lib/python3.8/site-packages/airflow/example_dags/example_python_operator.py
[2024-03-15T08:19:31.295+0000] {processor.py:840} INFO - DAG(s) 'example_python_operator' retrieved from /home/airflow/.local/lib/python3.8/site-packages/airflow/example_dags/example_python_operator.py
[2024-03-15T08:19:31.304+0000] {logging_mixin.py:188} INFO - [2024-03-15T08:19:31.304+0000] {dag.py:3047} INFO - Sync 1 DAGs
[2024-03-15T08:19:31.309+0000] {logging_mixin.py:188} INFO - [2024-03-15T08:19:31.309+0000] {dag.py:3834} INFO - Setting next_dagrun for example_python_operator to None, run_after=None
[2024-03-15T08:19:31.316+0000] {processor.py:183} INFO - Processing /home/airflow/.local/lib/python3.8/site-packages/airflow/example_dags/example_python_operator.py took 0.028 seconds
[2024-03-15T08:20:01.657+0000] {processor.py:161} INFO - Started process (PID=1723) to work on /home/airflow/.local/lib/python3.8/site-packages/airflow/example_dags/example_python_operator.py
[2024-03-15T08:20:01.658+0000] {processor.py:830} INFO - Processing file /home/airflow/.local/lib/python3.8/site-packages/airflow/example_dags/example_python_operator.py for tasks to queue
[2024-03-15T08:20:01.659+0000] {logging_mixin.py:188} INFO - [2024-03-15T08:20:01.659+0000] {dagbag.py:540} INFO - Filling up the DagBag from /home/airflow/.local/lib/python3.8/site-packages/airflow/example_dags/example_python_operator.py
[2024-03-15T08:20:01.663+0000] {processor.py:840} INFO - DAG(s) 'example_python_operator' retrieved from /home/airflow/.local/lib/python3.8/site-packages/airflow/example_dags/example_python_operator.py
[2024-03-15T08:20:01.672+0000] {logging_mixin.py:188} INFO - [2024-03-15T08:20:01.672+0000] {dag.py:3047} INFO - Sync 1 DAGs
[2024-03-15T08:20:01.677+0000] {logging_mixin.py:188} INFO - [2024-03-15T08:20:01.677+0000] {dag.py:3834} INFO - Setting next_dagrun for example_python_operator to None, run_after=None
[2024-03-15T08:20:01.684+0000] {processor.py:183} INFO - Processing /home/airflow/.local/lib/python3.8/site-packages/airflow/example_dags/example_python_operator.py took 0.028 seconds
[2024-03-15T08:20:31.980+0000] {processor.py:161} INFO - Started process (PID=1777) to work on /home/airflow/.local/lib/python3.8/site-packages/airflow/example_dags/example_python_operator.py
[2024-03-15T08:20:31.981+0000] {processor.py:830} INFO - Processing file /home/airflow/.local/lib/python3.8/site-packages/airflow/example_dags/example_python_operator.py for tasks to queue
[2024-03-15T08:20:31.981+0000] {logging_mixin.py:188} INFO - [2024-03-15T08:20:31.981+0000] {dagbag.py:540} INFO - Filling up the DagBag from /home/airflow/.local/lib/python3.8/site-packages/airflow/example_dags/example_python_operator.py
[2024-03-15T08:20:31.986+0000] {processor.py:840} INFO - DAG(s) 'example_python_operator' retrieved from /home/airflow/.local/lib/python3.8/site-packages/airflow/example_dags/example_python_operator.py
[2024-03-15T08:20:31.995+0000] {logging_mixin.py:188} INFO - [2024-03-15T08:20:31.995+0000] {dag.py:3047} INFO - Sync 1 DAGs
[2024-03-15T08:20:32.000+0000] {logging_mixin.py:188} INFO - [2024-03-15T08:20:32.000+0000] {dag.py:3834} INFO - Setting next_dagrun for example_python_operator to None, run_after=None
[2024-03-15T08:20:32.007+0000] {processor.py:183} INFO - Processing /home/airflow/.local/lib/python3.8/site-packages/airflow/example_dags/example_python_operator.py took 0.029 seconds
[2024-03-15T08:21:02.318+0000] {processor.py:161} INFO - Started process (PID=1832) to work on /home/airflow/.local/lib/python3.8/site-packages/airflow/example_dags/example_python_operator.py
[2024-03-15T08:21:02.319+0000] {processor.py:830} INFO - Processing file /home/airflow/.local/lib/python3.8/site-packages/airflow/example_dags/example_python_operator.py for tasks to queue
[2024-03-15T08:21:02.320+0000] {logging_mixin.py:188} INFO - [2024-03-15T08:21:02.320+0000] {dagbag.py:540} INFO - Filling up the DagBag from /home/airflow/.local/lib/python3.8/site-packages/airflow/example_dags/example_python_operator.py
[2024-03-15T08:21:02.324+0000] {processor.py:840} INFO - DAG(s) 'example_python_operator' retrieved from /home/airflow/.local/lib/python3.8/site-packages/airflow/example_dags/example_python_operator.py
[2024-03-15T08:21:02.333+0000] {logging_mixin.py:188} INFO - [2024-03-15T08:21:02.333+0000] {dag.py:3047} INFO - Sync 1 DAGs
[2024-03-15T08:21:02.338+0000] {logging_mixin.py:188} INFO - [2024-03-15T08:21:02.338+0000] {dag.py:3834} INFO - Setting next_dagrun for example_python_operator to None, run_after=None
[2024-03-15T08:21:02.344+0000] {processor.py:183} INFO - Processing /home/airflow/.local/lib/python3.8/site-packages/airflow/example_dags/example_python_operator.py took 0.027 seconds
[2024-03-15T08:21:32.598+0000] {processor.py:161} INFO - Started process (PID=1887) to work on /home/airflow/.local/lib/python3.8/site-packages/airflow/example_dags/example_python_operator.py
[2024-03-15T08:21:32.599+0000] {processor.py:830} INFO - Processing file /home/airflow/.local/lib/python3.8/site-packages/airflow/example_dags/example_python_operator.py for tasks to queue
[2024-03-15T08:21:32.600+0000] {logging_mixin.py:188} INFO - [2024-03-15T08:21:32.599+0000] {dagbag.py:540} INFO - Filling up the DagBag from /home/airflow/.local/lib/python3.8/site-packages/airflow/example_dags/example_python_operator.py
[2024-03-15T08:21:32.604+0000] {processor.py:840} INFO - DAG(s) 'example_python_operator' retrieved from /home/airflow/.local/lib/python3.8/site-packages/airflow/example_dags/example_python_operator.py
[2024-03-15T08:21:32.613+0000] {logging_mixin.py:188} INFO - [2024-03-15T08:21:32.613+0000] {dag.py:3047} INFO - Sync 1 DAGs
[2024-03-15T08:21:32.618+0000] {logging_mixin.py:188} INFO - [2024-03-15T08:21:32.618+0000] {dag.py:3834} INFO - Setting next_dagrun for example_python_operator to None, run_after=None
[2024-03-15T08:21:32.625+0000] {processor.py:183} INFO - Processing /home/airflow/.local/lib/python3.8/site-packages/airflow/example_dags/example_python_operator.py took 0.028 seconds
[2024-03-15T08:22:02.930+0000] {processor.py:161} INFO - Started process (PID=1941) to work on /home/airflow/.local/lib/python3.8/site-packages/airflow/example_dags/example_python_operator.py
[2024-03-15T08:22:02.931+0000] {processor.py:830} INFO - Processing file /home/airflow/.local/lib/python3.8/site-packages/airflow/example_dags/example_python_operator.py for tasks to queue
[2024-03-15T08:22:02.931+0000] {logging_mixin.py:188} INFO - [2024-03-15T08:22:02.931+0000] {dagbag.py:540} INFO - Filling up the DagBag from /home/airflow/.local/lib/python3.8/site-packages/airflow/example_dags/example_python_operator.py
[2024-03-15T08:22:02.936+0000] {processor.py:840} INFO - DAG(s) 'example_python_operator' retrieved from /home/airflow/.local/lib/python3.8/site-packages/airflow/example_dags/example_python_operator.py
[2024-03-15T08:22:02.945+0000] {logging_mixin.py:188} INFO - [2024-03-15T08:22:02.945+0000] {dag.py:3047} INFO - Sync 1 DAGs
[2024-03-15T08:22:02.950+0000] {logging_mixin.py:188} INFO - [2024-03-15T08:22:02.950+0000] {dag.py:3834} INFO - Setting next_dagrun for example_python_operator to None, run_after=None
[2024-03-15T08:22:02.957+0000] {processor.py:183} INFO - Processing /home/airflow/.local/lib/python3.8/site-packages/airflow/example_dags/example_python_operator.py took 0.029 seconds
[2024-03-15T08:22:33.263+0000] {processor.py:161} INFO - Started process (PID=1996) to work on /home/airflow/.local/lib/python3.8/site-packages/airflow/example_dags/example_python_operator.py
[2024-03-15T08:22:33.263+0000] {processor.py:830} INFO - Processing file /home/airflow/.local/lib/python3.8/site-packages/airflow/example_dags/example_python_operator.py for tasks to queue
[2024-03-15T08:22:33.264+0000] {logging_mixin.py:188} INFO - [2024-03-15T08:22:33.264+0000] {dagbag.py:540} INFO - Filling up the DagBag from /home/airflow/.local/lib/python3.8/site-packages/airflow/example_dags/example_python_operator.py
[2024-03-15T08:22:33.269+0000] {processor.py:840} INFO - DAG(s) 'example_python_operator' retrieved from /home/airflow/.local/lib/python3.8/site-packages/airflow/example_dags/example_python_operator.py
[2024-03-15T08:22:33.279+0000] {logging_mixin.py:188} INFO - [2024-03-15T08:22:33.279+0000] {dag.py:3047} INFO - Sync 1 DAGs
[2024-03-15T08:22:33.284+0000] {logging_mixin.py:188} INFO - [2024-03-15T08:22:33.284+0000] {dag.py:3834} INFO - Setting next_dagrun for example_python_operator to None, run_after=None
[2024-03-15T08:22:33.291+0000] {processor.py:183} INFO - Processing /home/airflow/.local/lib/python3.8/site-packages/airflow/example_dags/example_python_operator.py took 0.030 seconds
[2024-03-15T08:23:03.749+0000] {processor.py:161} INFO - Started process (PID=2051) to work on /home/airflow/.local/lib/python3.8/site-packages/airflow/example_dags/example_python_operator.py
[2024-03-15T08:23:03.749+0000] {processor.py:830} INFO - Processing file /home/airflow/.local/lib/python3.8/site-packages/airflow/example_dags/example_python_operator.py for tasks to queue
[2024-03-15T08:23:03.750+0000] {logging_mixin.py:188} INFO - [2024-03-15T08:23:03.750+0000] {dagbag.py:540} INFO - Filling up the DagBag from /home/airflow/.local/lib/python3.8/site-packages/airflow/example_dags/example_python_operator.py
[2024-03-15T08:23:03.755+0000] {processor.py:840} INFO - DAG(s) 'example_python_operator' retrieved from /home/airflow/.local/lib/python3.8/site-packages/airflow/example_dags/example_python_operator.py
[2024-03-15T08:23:03.764+0000] {logging_mixin.py:188} INFO - [2024-03-15T08:23:03.764+0000] {dag.py:3047} INFO - Sync 1 DAGs
[2024-03-15T08:23:03.769+0000] {logging_mixin.py:188} INFO - [2024-03-15T08:23:03.769+0000] {dag.py:3834} INFO - Setting next_dagrun for example_python_operator to None, run_after=None
[2024-03-15T08:23:03.776+0000] {processor.py:183} INFO - Processing /home/airflow/.local/lib/python3.8/site-packages/airflow/example_dags/example_python_operator.py took 0.029 seconds
[2024-03-15T08:23:34.319+0000] {processor.py:161} INFO - Started process (PID=2105) to work on /home/airflow/.local/lib/python3.8/site-packages/airflow/example_dags/example_python_operator.py
[2024-03-15T08:23:34.319+0000] {processor.py:830} INFO - Processing file /home/airflow/.local/lib/python3.8/site-packages/airflow/example_dags/example_python_operator.py for tasks to queue
[2024-03-15T08:23:34.320+0000] {logging_mixin.py:188} INFO - [2024-03-15T08:23:34.320+0000] {dagbag.py:540} INFO - Filling up the DagBag from /home/airflow/.local/lib/python3.8/site-packages/airflow/example_dags/example_python_operator.py
[2024-03-15T08:23:34.325+0000] {processor.py:840} INFO - DAG(s) 'example_python_operator' retrieved from /home/airflow/.local/lib/python3.8/site-packages/airflow/example_dags/example_python_operator.py
[2024-03-15T08:23:34.333+0000] {logging_mixin.py:188} INFO - [2024-03-15T08:23:34.333+0000] {dag.py:3047} INFO - Sync 1 DAGs
[2024-03-15T08:23:34.337+0000] {logging_mixin.py:188} INFO - [2024-03-15T08:23:34.337+0000] {dag.py:3834} INFO - Setting next_dagrun for example_python_operator to None, run_after=None
[2024-03-15T08:23:34.343+0000] {processor.py:183} INFO - Processing /home/airflow/.local/lib/python3.8/site-packages/airflow/example_dags/example_python_operator.py took 0.026 seconds
