[2024-03-15T08:04:48.827+0000] {processor.py:161} INFO - Started process (PID=53) to work on /home/airflow/.local/lib/python3.8/site-packages/airflow/example_dags/example_dag_decorator.py
[2024-03-15T08:04:48.828+0000] {processor.py:830} INFO - Processing file /home/airflow/.local/lib/python3.8/site-packages/airflow/example_dags/example_dag_decorator.py for tasks to queue
[2024-03-15T08:04:48.829+0000] {logging_mixin.py:188} INFO - [2024-03-15T08:04:48.829+0000] {dagbag.py:540} INFO - Filling up the DagBag from /home/airflow/.local/lib/python3.8/site-packages/airflow/example_dags/example_dag_decorator.py
[2024-03-15T08:04:48.924+0000] {processor.py:840} INFO - DAG(s) 'example_dag_decorator' retrieved from /home/airflow/.local/lib/python3.8/site-packages/airflow/example_dags/example_dag_decorator.py
[2024-03-15T08:04:48.931+0000] {logging_mixin.py:188} INFO - [2024-03-15T08:04:48.930+0000] {dag.py:3047} INFO - Sync 1 DAGs
[2024-03-15T08:04:48.937+0000] {logging_mixin.py:188} INFO - [2024-03-15T08:04:48.937+0000] {dag.py:3834} INFO - Setting next_dagrun for example_dag_decorator to None, run_after=None
[2024-03-15T08:04:48.946+0000] {processor.py:183} INFO - Processing /home/airflow/.local/lib/python3.8/site-packages/airflow/example_dags/example_dag_decorator.py took 0.120 seconds
[2024-03-15T08:05:20.059+0000] {processor.py:161} INFO - Started process (PID=108) to work on /home/airflow/.local/lib/python3.8/site-packages/airflow/example_dags/example_dag_decorator.py
[2024-03-15T08:05:20.060+0000] {processor.py:830} INFO - Processing file /home/airflow/.local/lib/python3.8/site-packages/airflow/example_dags/example_dag_decorator.py for tasks to queue
[2024-03-15T08:05:20.060+0000] {logging_mixin.py:188} INFO - [2024-03-15T08:05:20.060+0000] {dagbag.py:540} INFO - Filling up the DagBag from /home/airflow/.local/lib/python3.8/site-packages/airflow/example_dags/example_dag_decorator.py
[2024-03-15T08:05:20.095+0000] {processor.py:840} INFO - DAG(s) 'example_dag_decorator' retrieved from /home/airflow/.local/lib/python3.8/site-packages/airflow/example_dags/example_dag_decorator.py
[2024-03-15T08:05:20.135+0000] {logging_mixin.py:188} INFO - [2024-03-15T08:05:20.134+0000] {dag.py:3047} INFO - Sync 1 DAGs
[2024-03-15T08:05:20.139+0000] {logging_mixin.py:188} INFO - [2024-03-15T08:05:20.138+0000] {dag.py:3834} INFO - Setting next_dagrun for example_dag_decorator to None, run_after=None
[2024-03-15T08:05:20.145+0000] {processor.py:183} INFO - Processing /home/airflow/.local/lib/python3.8/site-packages/airflow/example_dags/example_dag_decorator.py took 0.088 seconds
[2024-03-15T08:05:50.933+0000] {processor.py:161} INFO - Started process (PID=163) to work on /home/airflow/.local/lib/python3.8/site-packages/airflow/example_dags/example_dag_decorator.py
[2024-03-15T08:05:50.934+0000] {processor.py:830} INFO - Processing file /home/airflow/.local/lib/python3.8/site-packages/airflow/example_dags/example_dag_decorator.py for tasks to queue
[2024-03-15T08:05:50.935+0000] {logging_mixin.py:188} INFO - [2024-03-15T08:05:50.935+0000] {dagbag.py:540} INFO - Filling up the DagBag from /home/airflow/.local/lib/python3.8/site-packages/airflow/example_dags/example_dag_decorator.py
[2024-03-15T08:05:50.970+0000] {processor.py:840} INFO - DAG(s) 'example_dag_decorator' retrieved from /home/airflow/.local/lib/python3.8/site-packages/airflow/example_dags/example_dag_decorator.py
[2024-03-15T08:05:51.011+0000] {logging_mixin.py:188} INFO - [2024-03-15T08:05:51.011+0000] {dag.py:3047} INFO - Sync 1 DAGs
[2024-03-15T08:05:51.015+0000] {logging_mixin.py:188} INFO - [2024-03-15T08:05:51.015+0000] {dag.py:3834} INFO - Setting next_dagrun for example_dag_decorator to None, run_after=None
[2024-03-15T08:05:51.022+0000] {processor.py:183} INFO - Processing /home/airflow/.local/lib/python3.8/site-packages/airflow/example_dags/example_dag_decorator.py took 0.091 seconds
[2024-03-15T08:06:21.263+0000] {processor.py:161} INFO - Started process (PID=218) to work on /home/airflow/.local/lib/python3.8/site-packages/airflow/example_dags/example_dag_decorator.py
[2024-03-15T08:06:21.263+0000] {processor.py:830} INFO - Processing file /home/airflow/.local/lib/python3.8/site-packages/airflow/example_dags/example_dag_decorator.py for tasks to queue
[2024-03-15T08:06:21.264+0000] {logging_mixin.py:188} INFO - [2024-03-15T08:06:21.264+0000] {dagbag.py:540} INFO - Filling up the DagBag from /home/airflow/.local/lib/python3.8/site-packages/airflow/example_dags/example_dag_decorator.py
[2024-03-15T08:06:21.298+0000] {processor.py:840} INFO - DAG(s) 'example_dag_decorator' retrieved from /home/airflow/.local/lib/python3.8/site-packages/airflow/example_dags/example_dag_decorator.py
[2024-03-15T08:06:21.337+0000] {logging_mixin.py:188} INFO - [2024-03-15T08:06:21.337+0000] {dag.py:3047} INFO - Sync 1 DAGs
[2024-03-15T08:06:21.341+0000] {logging_mixin.py:188} INFO - [2024-03-15T08:06:21.341+0000] {dag.py:3834} INFO - Setting next_dagrun for example_dag_decorator to None, run_after=None
[2024-03-15T08:06:21.348+0000] {processor.py:183} INFO - Processing /home/airflow/.local/lib/python3.8/site-packages/airflow/example_dags/example_dag_decorator.py took 0.087 seconds
[2024-03-15T08:06:51.561+0000] {processor.py:161} INFO - Started process (PID=273) to work on /home/airflow/.local/lib/python3.8/site-packages/airflow/example_dags/example_dag_decorator.py
[2024-03-15T08:06:51.562+0000] {processor.py:830} INFO - Processing file /home/airflow/.local/lib/python3.8/site-packages/airflow/example_dags/example_dag_decorator.py for tasks to queue
[2024-03-15T08:06:51.563+0000] {logging_mixin.py:188} INFO - [2024-03-15T08:06:51.562+0000] {dagbag.py:540} INFO - Filling up the DagBag from /home/airflow/.local/lib/python3.8/site-packages/airflow/example_dags/example_dag_decorator.py
[2024-03-15T08:06:51.596+0000] {processor.py:840} INFO - DAG(s) 'example_dag_decorator' retrieved from /home/airflow/.local/lib/python3.8/site-packages/airflow/example_dags/example_dag_decorator.py
[2024-03-15T08:06:51.635+0000] {logging_mixin.py:188} INFO - [2024-03-15T08:06:51.635+0000] {dag.py:3047} INFO - Sync 1 DAGs
[2024-03-15T08:06:51.640+0000] {logging_mixin.py:188} INFO - [2024-03-15T08:06:51.640+0000] {dag.py:3834} INFO - Setting next_dagrun for example_dag_decorator to None, run_after=None
[2024-03-15T08:06:51.647+0000] {processor.py:183} INFO - Processing /home/airflow/.local/lib/python3.8/site-packages/airflow/example_dags/example_dag_decorator.py took 0.087 seconds
[2024-03-15T08:07:21.845+0000] {processor.py:161} INFO - Started process (PID=328) to work on /home/airflow/.local/lib/python3.8/site-packages/airflow/example_dags/example_dag_decorator.py
[2024-03-15T08:07:21.845+0000] {processor.py:830} INFO - Processing file /home/airflow/.local/lib/python3.8/site-packages/airflow/example_dags/example_dag_decorator.py for tasks to queue
[2024-03-15T08:07:21.846+0000] {logging_mixin.py:188} INFO - [2024-03-15T08:07:21.846+0000] {dagbag.py:540} INFO - Filling up the DagBag from /home/airflow/.local/lib/python3.8/site-packages/airflow/example_dags/example_dag_decorator.py
[2024-03-15T08:07:21.876+0000] {processor.py:840} INFO - DAG(s) 'example_dag_decorator' retrieved from /home/airflow/.local/lib/python3.8/site-packages/airflow/example_dags/example_dag_decorator.py
[2024-03-15T08:07:21.911+0000] {logging_mixin.py:188} INFO - [2024-03-15T08:07:21.911+0000] {dag.py:3047} INFO - Sync 1 DAGs
[2024-03-15T08:07:21.915+0000] {logging_mixin.py:188} INFO - [2024-03-15T08:07:21.915+0000] {dag.py:3834} INFO - Setting next_dagrun for example_dag_decorator to None, run_after=None
[2024-03-15T08:07:21.922+0000] {processor.py:183} INFO - Processing /home/airflow/.local/lib/python3.8/site-packages/airflow/example_dags/example_dag_decorator.py took 0.078 seconds
[2024-03-15T08:07:52.153+0000] {processor.py:161} INFO - Started process (PID=383) to work on /home/airflow/.local/lib/python3.8/site-packages/airflow/example_dags/example_dag_decorator.py
[2024-03-15T08:07:52.153+0000] {processor.py:830} INFO - Processing file /home/airflow/.local/lib/python3.8/site-packages/airflow/example_dags/example_dag_decorator.py for tasks to queue
[2024-03-15T08:07:52.154+0000] {logging_mixin.py:188} INFO - [2024-03-15T08:07:52.154+0000] {dagbag.py:540} INFO - Filling up the DagBag from /home/airflow/.local/lib/python3.8/site-packages/airflow/example_dags/example_dag_decorator.py
[2024-03-15T08:07:52.188+0000] {processor.py:840} INFO - DAG(s) 'example_dag_decorator' retrieved from /home/airflow/.local/lib/python3.8/site-packages/airflow/example_dags/example_dag_decorator.py
[2024-03-15T08:07:52.227+0000] {logging_mixin.py:188} INFO - [2024-03-15T08:07:52.227+0000] {dag.py:3047} INFO - Sync 1 DAGs
[2024-03-15T08:07:52.234+0000] {logging_mixin.py:188} INFO - [2024-03-15T08:07:52.233+0000] {dag.py:3834} INFO - Setting next_dagrun for example_dag_decorator to None, run_after=None
[2024-03-15T08:07:52.240+0000] {processor.py:183} INFO - Processing /home/airflow/.local/lib/python3.8/site-packages/airflow/example_dags/example_dag_decorator.py took 0.089 seconds
[2024-03-15T08:08:22.565+0000] {processor.py:161} INFO - Started process (PID=437) to work on /home/airflow/.local/lib/python3.8/site-packages/airflow/example_dags/example_dag_decorator.py
[2024-03-15T08:08:22.566+0000] {processor.py:830} INFO - Processing file /home/airflow/.local/lib/python3.8/site-packages/airflow/example_dags/example_dag_decorator.py for tasks to queue
[2024-03-15T08:08:22.567+0000] {logging_mixin.py:188} INFO - [2024-03-15T08:08:22.567+0000] {dagbag.py:540} INFO - Filling up the DagBag from /home/airflow/.local/lib/python3.8/site-packages/airflow/example_dags/example_dag_decorator.py
[2024-03-15T08:08:22.602+0000] {processor.py:840} INFO - DAG(s) 'example_dag_decorator' retrieved from /home/airflow/.local/lib/python3.8/site-packages/airflow/example_dags/example_dag_decorator.py
[2024-03-15T08:08:22.640+0000] {logging_mixin.py:188} INFO - [2024-03-15T08:08:22.640+0000] {dag.py:3047} INFO - Sync 1 DAGs
[2024-03-15T08:08:22.645+0000] {logging_mixin.py:188} INFO - [2024-03-15T08:08:22.645+0000] {dag.py:3834} INFO - Setting next_dagrun for example_dag_decorator to None, run_after=None
[2024-03-15T08:08:22.652+0000] {processor.py:183} INFO - Processing /home/airflow/.local/lib/python3.8/site-packages/airflow/example_dags/example_dag_decorator.py took 0.088 seconds
[2024-03-15T08:08:52.845+0000] {processor.py:161} INFO - Started process (PID=492) to work on /home/airflow/.local/lib/python3.8/site-packages/airflow/example_dags/example_dag_decorator.py
[2024-03-15T08:08:52.845+0000] {processor.py:830} INFO - Processing file /home/airflow/.local/lib/python3.8/site-packages/airflow/example_dags/example_dag_decorator.py for tasks to queue
[2024-03-15T08:08:52.846+0000] {logging_mixin.py:188} INFO - [2024-03-15T08:08:52.846+0000] {dagbag.py:540} INFO - Filling up the DagBag from /home/airflow/.local/lib/python3.8/site-packages/airflow/example_dags/example_dag_decorator.py
[2024-03-15T08:08:52.877+0000] {processor.py:840} INFO - DAG(s) 'example_dag_decorator' retrieved from /home/airflow/.local/lib/python3.8/site-packages/airflow/example_dags/example_dag_decorator.py
[2024-03-15T08:08:52.912+0000] {logging_mixin.py:188} INFO - [2024-03-15T08:08:52.912+0000] {dag.py:3047} INFO - Sync 1 DAGs
[2024-03-15T08:08:52.916+0000] {logging_mixin.py:188} INFO - [2024-03-15T08:08:52.916+0000] {dag.py:3834} INFO - Setting next_dagrun for example_dag_decorator to None, run_after=None
[2024-03-15T08:08:52.923+0000] {processor.py:183} INFO - Processing /home/airflow/.local/lib/python3.8/site-packages/airflow/example_dags/example_dag_decorator.py took 0.080 seconds
[2024-03-15T08:09:23.175+0000] {processor.py:161} INFO - Started process (PID=547) to work on /home/airflow/.local/lib/python3.8/site-packages/airflow/example_dags/example_dag_decorator.py
[2024-03-15T08:09:23.176+0000] {processor.py:830} INFO - Processing file /home/airflow/.local/lib/python3.8/site-packages/airflow/example_dags/example_dag_decorator.py for tasks to queue
[2024-03-15T08:09:23.176+0000] {logging_mixin.py:188} INFO - [2024-03-15T08:09:23.176+0000] {dagbag.py:540} INFO - Filling up the DagBag from /home/airflow/.local/lib/python3.8/site-packages/airflow/example_dags/example_dag_decorator.py
[2024-03-15T08:09:23.207+0000] {processor.py:840} INFO - DAG(s) 'example_dag_decorator' retrieved from /home/airflow/.local/lib/python3.8/site-packages/airflow/example_dags/example_dag_decorator.py
[2024-03-15T08:09:23.242+0000] {logging_mixin.py:188} INFO - [2024-03-15T08:09:23.242+0000] {dag.py:3047} INFO - Sync 1 DAGs
[2024-03-15T08:09:23.245+0000] {logging_mixin.py:188} INFO - [2024-03-15T08:09:23.245+0000] {dag.py:3834} INFO - Setting next_dagrun for example_dag_decorator to None, run_after=None
[2024-03-15T08:09:23.252+0000] {processor.py:183} INFO - Processing /home/airflow/.local/lib/python3.8/site-packages/airflow/example_dags/example_dag_decorator.py took 0.078 seconds
[2024-03-15T08:09:53.724+0000] {processor.py:161} INFO - Started process (PID=602) to work on /home/airflow/.local/lib/python3.8/site-packages/airflow/example_dags/example_dag_decorator.py
[2024-03-15T08:09:53.724+0000] {processor.py:830} INFO - Processing file /home/airflow/.local/lib/python3.8/site-packages/airflow/example_dags/example_dag_decorator.py for tasks to queue
[2024-03-15T08:09:53.725+0000] {logging_mixin.py:188} INFO - [2024-03-15T08:09:53.725+0000] {dagbag.py:540} INFO - Filling up the DagBag from /home/airflow/.local/lib/python3.8/site-packages/airflow/example_dags/example_dag_decorator.py
[2024-03-15T08:09:53.759+0000] {processor.py:840} INFO - DAG(s) 'example_dag_decorator' retrieved from /home/airflow/.local/lib/python3.8/site-packages/airflow/example_dags/example_dag_decorator.py
[2024-03-15T08:09:53.798+0000] {logging_mixin.py:188} INFO - [2024-03-15T08:09:53.798+0000] {dag.py:3047} INFO - Sync 1 DAGs
[2024-03-15T08:09:53.802+0000] {logging_mixin.py:188} INFO - [2024-03-15T08:09:53.802+0000] {dag.py:3834} INFO - Setting next_dagrun for example_dag_decorator to None, run_after=None
[2024-03-15T08:09:53.809+0000] {processor.py:183} INFO - Processing /home/airflow/.local/lib/python3.8/site-packages/airflow/example_dags/example_dag_decorator.py took 0.086 seconds
[2024-03-15T08:10:24.106+0000] {processor.py:161} INFO - Started process (PID=657) to work on /home/airflow/.local/lib/python3.8/site-packages/airflow/example_dags/example_dag_decorator.py
[2024-03-15T08:10:24.107+0000] {processor.py:830} INFO - Processing file /home/airflow/.local/lib/python3.8/site-packages/airflow/example_dags/example_dag_decorator.py for tasks to queue
[2024-03-15T08:10:24.107+0000] {logging_mixin.py:188} INFO - [2024-03-15T08:10:24.107+0000] {dagbag.py:540} INFO - Filling up the DagBag from /home/airflow/.local/lib/python3.8/site-packages/airflow/example_dags/example_dag_decorator.py
[2024-03-15T08:10:24.143+0000] {processor.py:840} INFO - DAG(s) 'example_dag_decorator' retrieved from /home/airflow/.local/lib/python3.8/site-packages/airflow/example_dags/example_dag_decorator.py
[2024-03-15T08:10:24.182+0000] {logging_mixin.py:188} INFO - [2024-03-15T08:10:24.182+0000] {dag.py:3047} INFO - Sync 1 DAGs
[2024-03-15T08:10:24.186+0000] {logging_mixin.py:188} INFO - [2024-03-15T08:10:24.186+0000] {dag.py:3834} INFO - Setting next_dagrun for example_dag_decorator to None, run_after=None
[2024-03-15T08:10:24.193+0000] {processor.py:183} INFO - Processing /home/airflow/.local/lib/python3.8/site-packages/airflow/example_dags/example_dag_decorator.py took 0.088 seconds
[2024-03-15T08:10:54.458+0000] {processor.py:161} INFO - Started process (PID=712) to work on /home/airflow/.local/lib/python3.8/site-packages/airflow/example_dags/example_dag_decorator.py
[2024-03-15T08:10:54.458+0000] {processor.py:830} INFO - Processing file /home/airflow/.local/lib/python3.8/site-packages/airflow/example_dags/example_dag_decorator.py for tasks to queue
[2024-03-15T08:10:54.459+0000] {logging_mixin.py:188} INFO - [2024-03-15T08:10:54.459+0000] {dagbag.py:540} INFO - Filling up the DagBag from /home/airflow/.local/lib/python3.8/site-packages/airflow/example_dags/example_dag_decorator.py
[2024-03-15T08:10:54.492+0000] {processor.py:840} INFO - DAG(s) 'example_dag_decorator' retrieved from /home/airflow/.local/lib/python3.8/site-packages/airflow/example_dags/example_dag_decorator.py
[2024-03-15T08:10:54.531+0000] {logging_mixin.py:188} INFO - [2024-03-15T08:10:54.531+0000] {dag.py:3047} INFO - Sync 1 DAGs
[2024-03-15T08:10:54.535+0000] {logging_mixin.py:188} INFO - [2024-03-15T08:10:54.535+0000] {dag.py:3834} INFO - Setting next_dagrun for example_dag_decorator to None, run_after=None
[2024-03-15T08:10:54.542+0000] {processor.py:183} INFO - Processing /home/airflow/.local/lib/python3.8/site-packages/airflow/example_dags/example_dag_decorator.py took 0.086 seconds
[2024-03-15T08:11:24.899+0000] {processor.py:161} INFO - Started process (PID=767) to work on /home/airflow/.local/lib/python3.8/site-packages/airflow/example_dags/example_dag_decorator.py
[2024-03-15T08:11:24.899+0000] {processor.py:830} INFO - Processing file /home/airflow/.local/lib/python3.8/site-packages/airflow/example_dags/example_dag_decorator.py for tasks to queue
[2024-03-15T08:11:24.901+0000] {logging_mixin.py:188} INFO - [2024-03-15T08:11:24.900+0000] {dagbag.py:540} INFO - Filling up the DagBag from /home/airflow/.local/lib/python3.8/site-packages/airflow/example_dags/example_dag_decorator.py
[2024-03-15T08:11:24.946+0000] {processor.py:840} INFO - DAG(s) 'example_dag_decorator' retrieved from /home/airflow/.local/lib/python3.8/site-packages/airflow/example_dags/example_dag_decorator.py
[2024-03-15T08:11:24.989+0000] {logging_mixin.py:188} INFO - [2024-03-15T08:11:24.989+0000] {dag.py:3047} INFO - Sync 1 DAGs
[2024-03-15T08:11:24.994+0000] {logging_mixin.py:188} INFO - [2024-03-15T08:11:24.994+0000] {dag.py:3834} INFO - Setting next_dagrun for example_dag_decorator to None, run_after=None
[2024-03-15T08:11:25.001+0000] {processor.py:183} INFO - Processing /home/airflow/.local/lib/python3.8/site-packages/airflow/example_dags/example_dag_decorator.py took 0.105 seconds
[2024-03-15T08:11:55.381+0000] {processor.py:161} INFO - Started process (PID=822) to work on /home/airflow/.local/lib/python3.8/site-packages/airflow/example_dags/example_dag_decorator.py
[2024-03-15T08:11:55.382+0000] {processor.py:830} INFO - Processing file /home/airflow/.local/lib/python3.8/site-packages/airflow/example_dags/example_dag_decorator.py for tasks to queue
[2024-03-15T08:11:55.383+0000] {logging_mixin.py:188} INFO - [2024-03-15T08:11:55.382+0000] {dagbag.py:540} INFO - Filling up the DagBag from /home/airflow/.local/lib/python3.8/site-packages/airflow/example_dags/example_dag_decorator.py
[2024-03-15T08:11:55.419+0000] {processor.py:840} INFO - DAG(s) 'example_dag_decorator' retrieved from /home/airflow/.local/lib/python3.8/site-packages/airflow/example_dags/example_dag_decorator.py
[2024-03-15T08:11:55.464+0000] {logging_mixin.py:188} INFO - [2024-03-15T08:11:55.464+0000] {dag.py:3047} INFO - Sync 1 DAGs
[2024-03-15T08:11:55.469+0000] {logging_mixin.py:188} INFO - [2024-03-15T08:11:55.469+0000] {dag.py:3834} INFO - Setting next_dagrun for example_dag_decorator to None, run_after=None
[2024-03-15T08:11:55.477+0000] {processor.py:183} INFO - Processing /home/airflow/.local/lib/python3.8/site-packages/airflow/example_dags/example_dag_decorator.py took 0.097 seconds
[2024-03-15T08:12:25.956+0000] {processor.py:161} INFO - Started process (PID=877) to work on /home/airflow/.local/lib/python3.8/site-packages/airflow/example_dags/example_dag_decorator.py
[2024-03-15T08:12:25.957+0000] {processor.py:830} INFO - Processing file /home/airflow/.local/lib/python3.8/site-packages/airflow/example_dags/example_dag_decorator.py for tasks to queue
[2024-03-15T08:12:25.957+0000] {logging_mixin.py:188} INFO - [2024-03-15T08:12:25.957+0000] {dagbag.py:540} INFO - Filling up the DagBag from /home/airflow/.local/lib/python3.8/site-packages/airflow/example_dags/example_dag_decorator.py
[2024-03-15T08:12:25.994+0000] {processor.py:840} INFO - DAG(s) 'example_dag_decorator' retrieved from /home/airflow/.local/lib/python3.8/site-packages/airflow/example_dags/example_dag_decorator.py
[2024-03-15T08:12:26.039+0000] {logging_mixin.py:188} INFO - [2024-03-15T08:12:26.039+0000] {dag.py:3047} INFO - Sync 1 DAGs
[2024-03-15T08:12:26.044+0000] {logging_mixin.py:188} INFO - [2024-03-15T08:12:26.044+0000] {dag.py:3834} INFO - Setting next_dagrun for example_dag_decorator to None, run_after=None
[2024-03-15T08:12:26.052+0000] {processor.py:183} INFO - Processing /home/airflow/.local/lib/python3.8/site-packages/airflow/example_dags/example_dag_decorator.py took 0.097 seconds
[2024-03-15T08:12:56.341+0000] {processor.py:161} INFO - Started process (PID=932) to work on /home/airflow/.local/lib/python3.8/site-packages/airflow/example_dags/example_dag_decorator.py
[2024-03-15T08:12:56.341+0000] {processor.py:830} INFO - Processing file /home/airflow/.local/lib/python3.8/site-packages/airflow/example_dags/example_dag_decorator.py for tasks to queue
[2024-03-15T08:12:56.342+0000] {logging_mixin.py:188} INFO - [2024-03-15T08:12:56.342+0000] {dagbag.py:540} INFO - Filling up the DagBag from /home/airflow/.local/lib/python3.8/site-packages/airflow/example_dags/example_dag_decorator.py
[2024-03-15T08:12:56.375+0000] {processor.py:840} INFO - DAG(s) 'example_dag_decorator' retrieved from /home/airflow/.local/lib/python3.8/site-packages/airflow/example_dags/example_dag_decorator.py
[2024-03-15T08:12:56.414+0000] {logging_mixin.py:188} INFO - [2024-03-15T08:12:56.414+0000] {dag.py:3047} INFO - Sync 1 DAGs
[2024-03-15T08:12:56.419+0000] {logging_mixin.py:188} INFO - [2024-03-15T08:12:56.419+0000] {dag.py:3834} INFO - Setting next_dagrun for example_dag_decorator to None, run_after=None
[2024-03-15T08:12:56.426+0000] {processor.py:183} INFO - Processing /home/airflow/.local/lib/python3.8/site-packages/airflow/example_dags/example_dag_decorator.py took 0.087 seconds
[2024-03-15T08:13:26.593+0000] {processor.py:161} INFO - Started process (PID=987) to work on /home/airflow/.local/lib/python3.8/site-packages/airflow/example_dags/example_dag_decorator.py
[2024-03-15T08:13:26.593+0000] {processor.py:830} INFO - Processing file /home/airflow/.local/lib/python3.8/site-packages/airflow/example_dags/example_dag_decorator.py for tasks to queue
[2024-03-15T08:13:26.594+0000] {logging_mixin.py:188} INFO - [2024-03-15T08:13:26.594+0000] {dagbag.py:540} INFO - Filling up the DagBag from /home/airflow/.local/lib/python3.8/site-packages/airflow/example_dags/example_dag_decorator.py
[2024-03-15T08:13:26.628+0000] {processor.py:840} INFO - DAG(s) 'example_dag_decorator' retrieved from /home/airflow/.local/lib/python3.8/site-packages/airflow/example_dags/example_dag_decorator.py
[2024-03-15T08:13:26.665+0000] {logging_mixin.py:188} INFO - [2024-03-15T08:13:26.665+0000] {dag.py:3047} INFO - Sync 1 DAGs
[2024-03-15T08:13:26.670+0000] {logging_mixin.py:188} INFO - [2024-03-15T08:13:26.670+0000] {dag.py:3834} INFO - Setting next_dagrun for example_dag_decorator to None, run_after=None
[2024-03-15T08:13:26.678+0000] {processor.py:183} INFO - Processing /home/airflow/.local/lib/python3.8/site-packages/airflow/example_dags/example_dag_decorator.py took 0.086 seconds
[2024-03-15T08:13:56.924+0000] {processor.py:161} INFO - Started process (PID=1042) to work on /home/airflow/.local/lib/python3.8/site-packages/airflow/example_dags/example_dag_decorator.py
[2024-03-15T08:13:56.924+0000] {processor.py:830} INFO - Processing file /home/airflow/.local/lib/python3.8/site-packages/airflow/example_dags/example_dag_decorator.py for tasks to queue
[2024-03-15T08:13:56.925+0000] {logging_mixin.py:188} INFO - [2024-03-15T08:13:56.925+0000] {dagbag.py:540} INFO - Filling up the DagBag from /home/airflow/.local/lib/python3.8/site-packages/airflow/example_dags/example_dag_decorator.py
[2024-03-15T08:13:56.958+0000] {processor.py:840} INFO - DAG(s) 'example_dag_decorator' retrieved from /home/airflow/.local/lib/python3.8/site-packages/airflow/example_dags/example_dag_decorator.py
[2024-03-15T08:13:56.996+0000] {logging_mixin.py:188} INFO - [2024-03-15T08:13:56.996+0000] {dag.py:3047} INFO - Sync 1 DAGs
[2024-03-15T08:13:57.000+0000] {logging_mixin.py:188} INFO - [2024-03-15T08:13:57.000+0000] {dag.py:3834} INFO - Setting next_dagrun for example_dag_decorator to None, run_after=None
[2024-03-15T08:13:57.007+0000] {processor.py:183} INFO - Processing /home/airflow/.local/lib/python3.8/site-packages/airflow/example_dags/example_dag_decorator.py took 0.085 seconds
[2024-03-15T08:14:27.243+0000] {processor.py:161} INFO - Started process (PID=1097) to work on /home/airflow/.local/lib/python3.8/site-packages/airflow/example_dags/example_dag_decorator.py
[2024-03-15T08:14:27.243+0000] {processor.py:830} INFO - Processing file /home/airflow/.local/lib/python3.8/site-packages/airflow/example_dags/example_dag_decorator.py for tasks to queue
[2024-03-15T08:14:27.244+0000] {logging_mixin.py:188} INFO - [2024-03-15T08:14:27.244+0000] {dagbag.py:540} INFO - Filling up the DagBag from /home/airflow/.local/lib/python3.8/site-packages/airflow/example_dags/example_dag_decorator.py
[2024-03-15T08:14:27.279+0000] {processor.py:840} INFO - DAG(s) 'example_dag_decorator' retrieved from /home/airflow/.local/lib/python3.8/site-packages/airflow/example_dags/example_dag_decorator.py
[2024-03-15T08:14:27.315+0000] {logging_mixin.py:188} INFO - [2024-03-15T08:14:27.315+0000] {dag.py:3047} INFO - Sync 1 DAGs
[2024-03-15T08:14:27.318+0000] {logging_mixin.py:188} INFO - [2024-03-15T08:14:27.318+0000] {dag.py:3834} INFO - Setting next_dagrun for example_dag_decorator to None, run_after=None
[2024-03-15T08:14:27.325+0000] {processor.py:183} INFO - Processing /home/airflow/.local/lib/python3.8/site-packages/airflow/example_dags/example_dag_decorator.py took 0.084 seconds
[2024-03-15T08:14:57.592+0000] {processor.py:161} INFO - Started process (PID=1152) to work on /home/airflow/.local/lib/python3.8/site-packages/airflow/example_dags/example_dag_decorator.py
[2024-03-15T08:14:57.592+0000] {processor.py:830} INFO - Processing file /home/airflow/.local/lib/python3.8/site-packages/airflow/example_dags/example_dag_decorator.py for tasks to queue
[2024-03-15T08:14:57.593+0000] {logging_mixin.py:188} INFO - [2024-03-15T08:14:57.593+0000] {dagbag.py:540} INFO - Filling up the DagBag from /home/airflow/.local/lib/python3.8/site-packages/airflow/example_dags/example_dag_decorator.py
[2024-03-15T08:14:57.626+0000] {processor.py:840} INFO - DAG(s) 'example_dag_decorator' retrieved from /home/airflow/.local/lib/python3.8/site-packages/airflow/example_dags/example_dag_decorator.py
[2024-03-15T08:14:57.660+0000] {logging_mixin.py:188} INFO - [2024-03-15T08:14:57.660+0000] {dag.py:3047} INFO - Sync 1 DAGs
[2024-03-15T08:14:57.664+0000] {logging_mixin.py:188} INFO - [2024-03-15T08:14:57.664+0000] {dag.py:3834} INFO - Setting next_dagrun for example_dag_decorator to None, run_after=None
[2024-03-15T08:14:57.671+0000] {processor.py:183} INFO - Processing /home/airflow/.local/lib/python3.8/site-packages/airflow/example_dags/example_dag_decorator.py took 0.080 seconds
[2024-03-15T08:15:27.995+0000] {processor.py:161} INFO - Started process (PID=1207) to work on /home/airflow/.local/lib/python3.8/site-packages/airflow/example_dags/example_dag_decorator.py
[2024-03-15T08:15:27.996+0000] {processor.py:830} INFO - Processing file /home/airflow/.local/lib/python3.8/site-packages/airflow/example_dags/example_dag_decorator.py for tasks to queue
[2024-03-15T08:15:27.996+0000] {logging_mixin.py:188} INFO - [2024-03-15T08:15:27.996+0000] {dagbag.py:540} INFO - Filling up the DagBag from /home/airflow/.local/lib/python3.8/site-packages/airflow/example_dags/example_dag_decorator.py
[2024-03-15T08:15:28.032+0000] {processor.py:840} INFO - DAG(s) 'example_dag_decorator' retrieved from /home/airflow/.local/lib/python3.8/site-packages/airflow/example_dags/example_dag_decorator.py
[2024-03-15T08:15:28.073+0000] {logging_mixin.py:188} INFO - [2024-03-15T08:15:28.072+0000] {dag.py:3047} INFO - Sync 1 DAGs
[2024-03-15T08:15:28.077+0000] {logging_mixin.py:188} INFO - [2024-03-15T08:15:28.077+0000] {dag.py:3834} INFO - Setting next_dagrun for example_dag_decorator to None, run_after=None
[2024-03-15T08:15:28.084+0000] {processor.py:183} INFO - Processing /home/airflow/.local/lib/python3.8/site-packages/airflow/example_dags/example_dag_decorator.py took 0.091 seconds
[2024-03-15T08:15:58.385+0000] {processor.py:161} INFO - Started process (PID=1262) to work on /home/airflow/.local/lib/python3.8/site-packages/airflow/example_dags/example_dag_decorator.py
[2024-03-15T08:15:58.386+0000] {processor.py:830} INFO - Processing file /home/airflow/.local/lib/python3.8/site-packages/airflow/example_dags/example_dag_decorator.py for tasks to queue
[2024-03-15T08:15:58.386+0000] {logging_mixin.py:188} INFO - [2024-03-15T08:15:58.386+0000] {dagbag.py:540} INFO - Filling up the DagBag from /home/airflow/.local/lib/python3.8/site-packages/airflow/example_dags/example_dag_decorator.py
[2024-03-15T08:15:58.423+0000] {processor.py:840} INFO - DAG(s) 'example_dag_decorator' retrieved from /home/airflow/.local/lib/python3.8/site-packages/airflow/example_dags/example_dag_decorator.py
[2024-03-15T08:15:58.462+0000] {logging_mixin.py:188} INFO - [2024-03-15T08:15:58.462+0000] {dag.py:3047} INFO - Sync 1 DAGs
[2024-03-15T08:15:58.467+0000] {logging_mixin.py:188} INFO - [2024-03-15T08:15:58.467+0000] {dag.py:3834} INFO - Setting next_dagrun for example_dag_decorator to None, run_after=None
[2024-03-15T08:15:58.474+0000] {processor.py:183} INFO - Processing /home/airflow/.local/lib/python3.8/site-packages/airflow/example_dags/example_dag_decorator.py took 0.091 seconds
[2024-03-15T08:16:28.734+0000] {processor.py:161} INFO - Started process (PID=1317) to work on /home/airflow/.local/lib/python3.8/site-packages/airflow/example_dags/example_dag_decorator.py
[2024-03-15T08:16:28.734+0000] {processor.py:830} INFO - Processing file /home/airflow/.local/lib/python3.8/site-packages/airflow/example_dags/example_dag_decorator.py for tasks to queue
[2024-03-15T08:16:28.735+0000] {logging_mixin.py:188} INFO - [2024-03-15T08:16:28.735+0000] {dagbag.py:540} INFO - Filling up the DagBag from /home/airflow/.local/lib/python3.8/site-packages/airflow/example_dags/example_dag_decorator.py
[2024-03-15T08:16:28.769+0000] {processor.py:840} INFO - DAG(s) 'example_dag_decorator' retrieved from /home/airflow/.local/lib/python3.8/site-packages/airflow/example_dags/example_dag_decorator.py
[2024-03-15T08:16:28.808+0000] {logging_mixin.py:188} INFO - [2024-03-15T08:16:28.808+0000] {dag.py:3047} INFO - Sync 1 DAGs
[2024-03-15T08:16:28.812+0000] {logging_mixin.py:188} INFO - [2024-03-15T08:16:28.812+0000] {dag.py:3834} INFO - Setting next_dagrun for example_dag_decorator to None, run_after=None
[2024-03-15T08:16:28.819+0000] {processor.py:183} INFO - Processing /home/airflow/.local/lib/python3.8/site-packages/airflow/example_dags/example_dag_decorator.py took 0.087 seconds
[2024-03-15T08:16:59.030+0000] {processor.py:161} INFO - Started process (PID=1372) to work on /home/airflow/.local/lib/python3.8/site-packages/airflow/example_dags/example_dag_decorator.py
[2024-03-15T08:16:59.031+0000] {processor.py:830} INFO - Processing file /home/airflow/.local/lib/python3.8/site-packages/airflow/example_dags/example_dag_decorator.py for tasks to queue
[2024-03-15T08:16:59.031+0000] {logging_mixin.py:188} INFO - [2024-03-15T08:16:59.031+0000] {dagbag.py:540} INFO - Filling up the DagBag from /home/airflow/.local/lib/python3.8/site-packages/airflow/example_dags/example_dag_decorator.py
[2024-03-15T08:16:59.065+0000] {processor.py:840} INFO - DAG(s) 'example_dag_decorator' retrieved from /home/airflow/.local/lib/python3.8/site-packages/airflow/example_dags/example_dag_decorator.py
[2024-03-15T08:16:59.104+0000] {logging_mixin.py:188} INFO - [2024-03-15T08:16:59.104+0000] {dag.py:3047} INFO - Sync 1 DAGs
[2024-03-15T08:16:59.108+0000] {logging_mixin.py:188} INFO - [2024-03-15T08:16:59.108+0000] {dag.py:3834} INFO - Setting next_dagrun for example_dag_decorator to None, run_after=None
[2024-03-15T08:16:59.116+0000] {processor.py:183} INFO - Processing /home/airflow/.local/lib/python3.8/site-packages/airflow/example_dags/example_dag_decorator.py took 0.087 seconds
[2024-03-15T08:17:29.465+0000] {processor.py:161} INFO - Started process (PID=1428) to work on /home/airflow/.local/lib/python3.8/site-packages/airflow/example_dags/example_dag_decorator.py
[2024-03-15T08:17:29.466+0000] {processor.py:830} INFO - Processing file /home/airflow/.local/lib/python3.8/site-packages/airflow/example_dags/example_dag_decorator.py for tasks to queue
[2024-03-15T08:17:29.466+0000] {logging_mixin.py:188} INFO - [2024-03-15T08:17:29.466+0000] {dagbag.py:540} INFO - Filling up the DagBag from /home/airflow/.local/lib/python3.8/site-packages/airflow/example_dags/example_dag_decorator.py
[2024-03-15T08:17:29.500+0000] {processor.py:840} INFO - DAG(s) 'example_dag_decorator' retrieved from /home/airflow/.local/lib/python3.8/site-packages/airflow/example_dags/example_dag_decorator.py
[2024-03-15T08:17:29.510+0000] {logging_mixin.py:188} INFO - [2024-03-15T08:17:29.510+0000] {dag.py:3047} INFO - Sync 1 DAGs
[2024-03-15T08:17:29.515+0000] {logging_mixin.py:188} INFO - [2024-03-15T08:17:29.515+0000] {dag.py:3834} INFO - Setting next_dagrun for example_dag_decorator to None, run_after=None
[2024-03-15T08:17:29.521+0000] {processor.py:183} INFO - Processing /home/airflow/.local/lib/python3.8/site-packages/airflow/example_dags/example_dag_decorator.py took 0.057 seconds
[2024-03-15T08:17:59.769+0000] {processor.py:161} INFO - Started process (PID=1482) to work on /home/airflow/.local/lib/python3.8/site-packages/airflow/example_dags/example_dag_decorator.py
[2024-03-15T08:17:59.772+0000] {processor.py:830} INFO - Processing file /home/airflow/.local/lib/python3.8/site-packages/airflow/example_dags/example_dag_decorator.py for tasks to queue
[2024-03-15T08:17:59.772+0000] {logging_mixin.py:188} INFO - [2024-03-15T08:17:59.772+0000] {dagbag.py:540} INFO - Filling up the DagBag from /home/airflow/.local/lib/python3.8/site-packages/airflow/example_dags/example_dag_decorator.py
[2024-03-15T08:17:59.805+0000] {processor.py:840} INFO - DAG(s) 'example_dag_decorator' retrieved from /home/airflow/.local/lib/python3.8/site-packages/airflow/example_dags/example_dag_decorator.py
[2024-03-15T08:17:59.814+0000] {logging_mixin.py:188} INFO - [2024-03-15T08:17:59.814+0000] {dag.py:3047} INFO - Sync 1 DAGs
[2024-03-15T08:17:59.819+0000] {logging_mixin.py:188} INFO - [2024-03-15T08:17:59.819+0000] {dag.py:3834} INFO - Setting next_dagrun for example_dag_decorator to None, run_after=None
[2024-03-15T08:17:59.825+0000] {processor.py:183} INFO - Processing /home/airflow/.local/lib/python3.8/site-packages/airflow/example_dags/example_dag_decorator.py took 0.057 seconds
[2024-03-15T08:18:30.123+0000] {processor.py:161} INFO - Started process (PID=1537) to work on /home/airflow/.local/lib/python3.8/site-packages/airflow/example_dags/example_dag_decorator.py
[2024-03-15T08:18:30.123+0000] {processor.py:830} INFO - Processing file /home/airflow/.local/lib/python3.8/site-packages/airflow/example_dags/example_dag_decorator.py for tasks to queue
[2024-03-15T08:18:30.124+0000] {logging_mixin.py:188} INFO - [2024-03-15T08:18:30.124+0000] {dagbag.py:540} INFO - Filling up the DagBag from /home/airflow/.local/lib/python3.8/site-packages/airflow/example_dags/example_dag_decorator.py
[2024-03-15T08:18:30.158+0000] {processor.py:840} INFO - DAG(s) 'example_dag_decorator' retrieved from /home/airflow/.local/lib/python3.8/site-packages/airflow/example_dags/example_dag_decorator.py
[2024-03-15T08:18:30.196+0000] {logging_mixin.py:188} INFO - [2024-03-15T08:18:30.196+0000] {dag.py:3047} INFO - Sync 1 DAGs
[2024-03-15T08:18:30.201+0000] {logging_mixin.py:188} INFO - [2024-03-15T08:18:30.201+0000] {dag.py:3834} INFO - Setting next_dagrun for example_dag_decorator to None, run_after=None
[2024-03-15T08:18:30.286+0000] {processor.py:183} INFO - Processing /home/airflow/.local/lib/python3.8/site-packages/airflow/example_dags/example_dag_decorator.py took 0.164 seconds
[2024-03-15T08:19:00.609+0000] {processor.py:161} INFO - Started process (PID=1594) to work on /home/airflow/.local/lib/python3.8/site-packages/airflow/example_dags/example_dag_decorator.py
[2024-03-15T08:19:00.609+0000] {processor.py:830} INFO - Processing file /home/airflow/.local/lib/python3.8/site-packages/airflow/example_dags/example_dag_decorator.py for tasks to queue
[2024-03-15T08:19:00.610+0000] {logging_mixin.py:188} INFO - [2024-03-15T08:19:00.610+0000] {dagbag.py:540} INFO - Filling up the DagBag from /home/airflow/.local/lib/python3.8/site-packages/airflow/example_dags/example_dag_decorator.py
[2024-03-15T08:19:00.644+0000] {processor.py:840} INFO - DAG(s) 'example_dag_decorator' retrieved from /home/airflow/.local/lib/python3.8/site-packages/airflow/example_dags/example_dag_decorator.py
[2024-03-15T08:19:00.683+0000] {logging_mixin.py:188} INFO - [2024-03-15T08:19:00.683+0000] {dag.py:3047} INFO - Sync 1 DAGs
[2024-03-15T08:19:00.687+0000] {logging_mixin.py:188} INFO - [2024-03-15T08:19:00.687+0000] {dag.py:3834} INFO - Setting next_dagrun for example_dag_decorator to None, run_after=None
[2024-03-15T08:19:00.694+0000] {processor.py:183} INFO - Processing /home/airflow/.local/lib/python3.8/site-packages/airflow/example_dags/example_dag_decorator.py took 0.087 seconds
[2024-03-15T08:19:30.831+0000] {processor.py:161} INFO - Started process (PID=1647) to work on /home/airflow/.local/lib/python3.8/site-packages/airflow/example_dags/example_dag_decorator.py
[2024-03-15T08:19:30.832+0000] {processor.py:830} INFO - Processing file /home/airflow/.local/lib/python3.8/site-packages/airflow/example_dags/example_dag_decorator.py for tasks to queue
[2024-03-15T08:19:30.832+0000] {logging_mixin.py:188} INFO - [2024-03-15T08:19:30.832+0000] {dagbag.py:540} INFO - Filling up the DagBag from /home/airflow/.local/lib/python3.8/site-packages/airflow/example_dags/example_dag_decorator.py
[2024-03-15T08:19:30.866+0000] {processor.py:840} INFO - DAG(s) 'example_dag_decorator' retrieved from /home/airflow/.local/lib/python3.8/site-packages/airflow/example_dags/example_dag_decorator.py
[2024-03-15T08:19:30.905+0000] {logging_mixin.py:188} INFO - [2024-03-15T08:19:30.905+0000] {dag.py:3047} INFO - Sync 1 DAGs
[2024-03-15T08:19:30.911+0000] {logging_mixin.py:188} INFO - [2024-03-15T08:19:30.911+0000] {dag.py:3834} INFO - Setting next_dagrun for example_dag_decorator to None, run_after=None
[2024-03-15T08:19:30.918+0000] {processor.py:183} INFO - Processing /home/airflow/.local/lib/python3.8/site-packages/airflow/example_dags/example_dag_decorator.py took 0.088 seconds
[2024-03-15T08:20:01.190+0000] {processor.py:161} INFO - Started process (PID=1702) to work on /home/airflow/.local/lib/python3.8/site-packages/airflow/example_dags/example_dag_decorator.py
[2024-03-15T08:20:01.190+0000] {processor.py:830} INFO - Processing file /home/airflow/.local/lib/python3.8/site-packages/airflow/example_dags/example_dag_decorator.py for tasks to queue
[2024-03-15T08:20:01.191+0000] {logging_mixin.py:188} INFO - [2024-03-15T08:20:01.191+0000] {dagbag.py:540} INFO - Filling up the DagBag from /home/airflow/.local/lib/python3.8/site-packages/airflow/example_dags/example_dag_decorator.py
[2024-03-15T08:20:01.225+0000] {processor.py:840} INFO - DAG(s) 'example_dag_decorator' retrieved from /home/airflow/.local/lib/python3.8/site-packages/airflow/example_dags/example_dag_decorator.py
[2024-03-15T08:20:01.263+0000] {logging_mixin.py:188} INFO - [2024-03-15T08:20:01.263+0000] {dag.py:3047} INFO - Sync 1 DAGs
[2024-03-15T08:20:01.267+0000] {logging_mixin.py:188} INFO - [2024-03-15T08:20:01.267+0000] {dag.py:3834} INFO - Setting next_dagrun for example_dag_decorator to None, run_after=None
[2024-03-15T08:20:01.274+0000] {processor.py:183} INFO - Processing /home/airflow/.local/lib/python3.8/site-packages/airflow/example_dags/example_dag_decorator.py took 0.086 seconds
[2024-03-15T08:20:31.528+0000] {processor.py:161} INFO - Started process (PID=1756) to work on /home/airflow/.local/lib/python3.8/site-packages/airflow/example_dags/example_dag_decorator.py
[2024-03-15T08:20:31.529+0000] {processor.py:830} INFO - Processing file /home/airflow/.local/lib/python3.8/site-packages/airflow/example_dags/example_dag_decorator.py for tasks to queue
[2024-03-15T08:20:31.530+0000] {logging_mixin.py:188} INFO - [2024-03-15T08:20:31.530+0000] {dagbag.py:540} INFO - Filling up the DagBag from /home/airflow/.local/lib/python3.8/site-packages/airflow/example_dags/example_dag_decorator.py
[2024-03-15T08:20:31.564+0000] {processor.py:840} INFO - DAG(s) 'example_dag_decorator' retrieved from /home/airflow/.local/lib/python3.8/site-packages/airflow/example_dags/example_dag_decorator.py
[2024-03-15T08:20:31.602+0000] {logging_mixin.py:188} INFO - [2024-03-15T08:20:31.602+0000] {dag.py:3047} INFO - Sync 1 DAGs
[2024-03-15T08:20:31.606+0000] {logging_mixin.py:188} INFO - [2024-03-15T08:20:31.606+0000] {dag.py:3834} INFO - Setting next_dagrun for example_dag_decorator to None, run_after=None
[2024-03-15T08:20:31.613+0000] {processor.py:183} INFO - Processing /home/airflow/.local/lib/python3.8/site-packages/airflow/example_dags/example_dag_decorator.py took 0.086 seconds
[2024-03-15T08:21:01.858+0000] {processor.py:161} INFO - Started process (PID=1811) to work on /home/airflow/.local/lib/python3.8/site-packages/airflow/example_dags/example_dag_decorator.py
[2024-03-15T08:21:01.858+0000] {processor.py:830} INFO - Processing file /home/airflow/.local/lib/python3.8/site-packages/airflow/example_dags/example_dag_decorator.py for tasks to queue
[2024-03-15T08:21:01.859+0000] {logging_mixin.py:188} INFO - [2024-03-15T08:21:01.859+0000] {dagbag.py:540} INFO - Filling up the DagBag from /home/airflow/.local/lib/python3.8/site-packages/airflow/example_dags/example_dag_decorator.py
[2024-03-15T08:21:01.893+0000] {processor.py:840} INFO - DAG(s) 'example_dag_decorator' retrieved from /home/airflow/.local/lib/python3.8/site-packages/airflow/example_dags/example_dag_decorator.py
[2024-03-15T08:21:01.930+0000] {logging_mixin.py:188} INFO - [2024-03-15T08:21:01.930+0000] {dag.py:3047} INFO - Sync 1 DAGs
[2024-03-15T08:21:01.934+0000] {logging_mixin.py:188} INFO - [2024-03-15T08:21:01.934+0000] {dag.py:3834} INFO - Setting next_dagrun for example_dag_decorator to None, run_after=None
[2024-03-15T08:21:01.941+0000] {processor.py:183} INFO - Processing /home/airflow/.local/lib/python3.8/site-packages/airflow/example_dags/example_dag_decorator.py took 0.085 seconds
[2024-03-15T08:21:32.165+0000] {processor.py:161} INFO - Started process (PID=1866) to work on /home/airflow/.local/lib/python3.8/site-packages/airflow/example_dags/example_dag_decorator.py
[2024-03-15T08:21:32.165+0000] {processor.py:830} INFO - Processing file /home/airflow/.local/lib/python3.8/site-packages/airflow/example_dags/example_dag_decorator.py for tasks to queue
[2024-03-15T08:21:32.166+0000] {logging_mixin.py:188} INFO - [2024-03-15T08:21:32.166+0000] {dagbag.py:540} INFO - Filling up the DagBag from /home/airflow/.local/lib/python3.8/site-packages/airflow/example_dags/example_dag_decorator.py
[2024-03-15T08:21:32.199+0000] {processor.py:840} INFO - DAG(s) 'example_dag_decorator' retrieved from /home/airflow/.local/lib/python3.8/site-packages/airflow/example_dags/example_dag_decorator.py
[2024-03-15T08:21:32.208+0000] {logging_mixin.py:188} INFO - [2024-03-15T08:21:32.208+0000] {dag.py:3047} INFO - Sync 1 DAGs
[2024-03-15T08:21:32.213+0000] {logging_mixin.py:188} INFO - [2024-03-15T08:21:32.213+0000] {dag.py:3834} INFO - Setting next_dagrun for example_dag_decorator to None, run_after=None
[2024-03-15T08:21:32.219+0000] {processor.py:183} INFO - Processing /home/airflow/.local/lib/python3.8/site-packages/airflow/example_dags/example_dag_decorator.py took 0.056 seconds
[2024-03-15T08:22:02.412+0000] {processor.py:161} INFO - Started process (PID=1920) to work on /home/airflow/.local/lib/python3.8/site-packages/airflow/example_dags/example_dag_decorator.py
[2024-03-15T08:22:02.413+0000] {processor.py:830} INFO - Processing file /home/airflow/.local/lib/python3.8/site-packages/airflow/example_dags/example_dag_decorator.py for tasks to queue
[2024-03-15T08:22:02.414+0000] {logging_mixin.py:188} INFO - [2024-03-15T08:22:02.413+0000] {dagbag.py:540} INFO - Filling up the DagBag from /home/airflow/.local/lib/python3.8/site-packages/airflow/example_dags/example_dag_decorator.py
[2024-03-15T08:22:02.447+0000] {processor.py:840} INFO - DAG(s) 'example_dag_decorator' retrieved from /home/airflow/.local/lib/python3.8/site-packages/airflow/example_dags/example_dag_decorator.py
[2024-03-15T08:22:02.551+0000] {logging_mixin.py:188} INFO - [2024-03-15T08:22:02.551+0000] {dag.py:3047} INFO - Sync 1 DAGs
[2024-03-15T08:22:02.555+0000] {logging_mixin.py:188} INFO - [2024-03-15T08:22:02.555+0000] {dag.py:3834} INFO - Setting next_dagrun for example_dag_decorator to None, run_after=None
[2024-03-15T08:22:02.561+0000] {processor.py:183} INFO - Processing /home/airflow/.local/lib/python3.8/site-packages/airflow/example_dags/example_dag_decorator.py took 0.151 seconds
[2024-03-15T08:22:32.786+0000] {processor.py:161} INFO - Started process (PID=1975) to work on /home/airflow/.local/lib/python3.8/site-packages/airflow/example_dags/example_dag_decorator.py
[2024-03-15T08:22:32.787+0000] {processor.py:830} INFO - Processing file /home/airflow/.local/lib/python3.8/site-packages/airflow/example_dags/example_dag_decorator.py for tasks to queue
[2024-03-15T08:22:32.788+0000] {logging_mixin.py:188} INFO - [2024-03-15T08:22:32.788+0000] {dagbag.py:540} INFO - Filling up the DagBag from /home/airflow/.local/lib/python3.8/site-packages/airflow/example_dags/example_dag_decorator.py
[2024-03-15T08:22:32.822+0000] {processor.py:840} INFO - DAG(s) 'example_dag_decorator' retrieved from /home/airflow/.local/lib/python3.8/site-packages/airflow/example_dags/example_dag_decorator.py
[2024-03-15T08:22:32.832+0000] {logging_mixin.py:188} INFO - [2024-03-15T08:22:32.832+0000] {dag.py:3047} INFO - Sync 1 DAGs
[2024-03-15T08:22:32.837+0000] {logging_mixin.py:188} INFO - [2024-03-15T08:22:32.837+0000] {dag.py:3834} INFO - Setting next_dagrun for example_dag_decorator to None, run_after=None
[2024-03-15T08:22:32.843+0000] {processor.py:183} INFO - Processing /home/airflow/.local/lib/python3.8/site-packages/airflow/example_dags/example_dag_decorator.py took 0.059 seconds
[2024-03-15T08:23:03.279+0000] {processor.py:161} INFO - Started process (PID=2030) to work on /home/airflow/.local/lib/python3.8/site-packages/airflow/example_dags/example_dag_decorator.py
[2024-03-15T08:23:03.280+0000] {processor.py:830} INFO - Processing file /home/airflow/.local/lib/python3.8/site-packages/airflow/example_dags/example_dag_decorator.py for tasks to queue
[2024-03-15T08:23:03.281+0000] {logging_mixin.py:188} INFO - [2024-03-15T08:23:03.280+0000] {dagbag.py:540} INFO - Filling up the DagBag from /home/airflow/.local/lib/python3.8/site-packages/airflow/example_dags/example_dag_decorator.py
[2024-03-15T08:23:03.313+0000] {processor.py:840} INFO - DAG(s) 'example_dag_decorator' retrieved from /home/airflow/.local/lib/python3.8/site-packages/airflow/example_dags/example_dag_decorator.py
[2024-03-15T08:23:03.322+0000] {logging_mixin.py:188} INFO - [2024-03-15T08:23:03.322+0000] {dag.py:3047} INFO - Sync 1 DAGs
[2024-03-15T08:23:03.327+0000] {logging_mixin.py:188} INFO - [2024-03-15T08:23:03.327+0000] {dag.py:3834} INFO - Setting next_dagrun for example_dag_decorator to None, run_after=None
[2024-03-15T08:23:03.333+0000] {processor.py:183} INFO - Processing /home/airflow/.local/lib/python3.8/site-packages/airflow/example_dags/example_dag_decorator.py took 0.055 seconds
[2024-03-15T08:23:33.799+0000] {processor.py:161} INFO - Started process (PID=2084) to work on /home/airflow/.local/lib/python3.8/site-packages/airflow/example_dags/example_dag_decorator.py
[2024-03-15T08:23:33.800+0000] {processor.py:830} INFO - Processing file /home/airflow/.local/lib/python3.8/site-packages/airflow/example_dags/example_dag_decorator.py for tasks to queue
[2024-03-15T08:23:33.801+0000] {logging_mixin.py:188} INFO - [2024-03-15T08:23:33.800+0000] {dagbag.py:540} INFO - Filling up the DagBag from /home/airflow/.local/lib/python3.8/site-packages/airflow/example_dags/example_dag_decorator.py
[2024-03-15T08:23:33.832+0000] {processor.py:840} INFO - DAG(s) 'example_dag_decorator' retrieved from /home/airflow/.local/lib/python3.8/site-packages/airflow/example_dags/example_dag_decorator.py
[2024-03-15T08:23:33.840+0000] {logging_mixin.py:188} INFO - [2024-03-15T08:23:33.840+0000] {dag.py:3047} INFO - Sync 1 DAGs
[2024-03-15T08:23:33.845+0000] {logging_mixin.py:188} INFO - [2024-03-15T08:23:33.845+0000] {dag.py:3834} INFO - Setting next_dagrun for example_dag_decorator to None, run_after=None
[2024-03-15T08:23:33.852+0000] {processor.py:183} INFO - Processing /home/airflow/.local/lib/python3.8/site-packages/airflow/example_dags/example_dag_decorator.py took 0.054 seconds
