[2024-03-15T08:04:48.783+0000] {processor.py:161} INFO - Started process (PID=51) to work on /home/airflow/.local/lib/python3.8/site-packages/airflow/example_dags/example_task_group_decorator.py
[2024-03-15T08:04:48.784+0000] {processor.py:830} INFO - Processing file /home/airflow/.local/lib/python3.8/site-packages/airflow/example_dags/example_task_group_decorator.py for tasks to queue
[2024-03-15T08:04:48.784+0000] {logging_mixin.py:188} INFO - [2024-03-15T08:04:48.784+0000] {dagbag.py:540} INFO - Filling up the DagBag from /home/airflow/.local/lib/python3.8/site-packages/airflow/example_dags/example_task_group_decorator.py
[2024-03-15T08:04:48.792+0000] {processor.py:840} INFO - DAG(s) 'example_task_group_decorator' retrieved from /home/airflow/.local/lib/python3.8/site-packages/airflow/example_dags/example_task_group_decorator.py
[2024-03-15T08:04:48.797+0000] {logging_mixin.py:188} INFO - [2024-03-15T08:04:48.797+0000] {dag.py:3047} INFO - Sync 1 DAGs
[2024-03-15T08:04:48.808+0000] {logging_mixin.py:188} INFO - [2024-03-15T08:04:48.808+0000] {dag.py:3834} INFO - Setting next_dagrun for example_task_group_decorator to 2024-03-14 00:00:00+00:00, run_after=2024-03-15 00:00:00+00:00
[2024-03-15T08:04:48.816+0000] {processor.py:183} INFO - Processing /home/airflow/.local/lib/python3.8/site-packages/airflow/example_dags/example_task_group_decorator.py took 0.035 seconds
[2024-03-15T08:05:19.988+0000] {processor.py:161} INFO - Started process (PID=106) to work on /home/airflow/.local/lib/python3.8/site-packages/airflow/example_dags/example_task_group_decorator.py
[2024-03-15T08:05:19.988+0000] {processor.py:830} INFO - Processing file /home/airflow/.local/lib/python3.8/site-packages/airflow/example_dags/example_task_group_decorator.py for tasks to queue
[2024-03-15T08:05:19.989+0000] {logging_mixin.py:188} INFO - [2024-03-15T08:05:19.989+0000] {dagbag.py:540} INFO - Filling up the DagBag from /home/airflow/.local/lib/python3.8/site-packages/airflow/example_dags/example_task_group_decorator.py
[2024-03-15T08:05:19.995+0000] {processor.py:840} INFO - DAG(s) 'example_task_group_decorator' retrieved from /home/airflow/.local/lib/python3.8/site-packages/airflow/example_dags/example_task_group_decorator.py
[2024-03-15T08:05:20.036+0000] {logging_mixin.py:188} INFO - [2024-03-15T08:05:20.035+0000] {dag.py:3047} INFO - Sync 1 DAGs
[2024-03-15T08:05:20.043+0000] {logging_mixin.py:188} INFO - [2024-03-15T08:05:20.043+0000] {dag.py:3834} INFO - Setting next_dagrun for example_task_group_decorator to 2024-03-14 00:00:00+00:00, run_after=2024-03-15 00:00:00+00:00
[2024-03-15T08:05:20.050+0000] {processor.py:183} INFO - Processing /home/airflow/.local/lib/python3.8/site-packages/airflow/example_dags/example_task_group_decorator.py took 0.063 seconds
[2024-03-15T08:05:50.889+0000] {processor.py:161} INFO - Started process (PID=161) to work on /home/airflow/.local/lib/python3.8/site-packages/airflow/example_dags/example_task_group_decorator.py
[2024-03-15T08:05:50.890+0000] {processor.py:830} INFO - Processing file /home/airflow/.local/lib/python3.8/site-packages/airflow/example_dags/example_task_group_decorator.py for tasks to queue
[2024-03-15T08:05:50.890+0000] {logging_mixin.py:188} INFO - [2024-03-15T08:05:50.890+0000] {dagbag.py:540} INFO - Filling up the DagBag from /home/airflow/.local/lib/python3.8/site-packages/airflow/example_dags/example_task_group_decorator.py
[2024-03-15T08:05:50.896+0000] {processor.py:840} INFO - DAG(s) 'example_task_group_decorator' retrieved from /home/airflow/.local/lib/python3.8/site-packages/airflow/example_dags/example_task_group_decorator.py
[2024-03-15T08:05:50.907+0000] {logging_mixin.py:188} INFO - [2024-03-15T08:05:50.907+0000] {dag.py:3047} INFO - Sync 1 DAGs
[2024-03-15T08:05:50.916+0000] {logging_mixin.py:188} INFO - [2024-03-15T08:05:50.916+0000] {dag.py:3834} INFO - Setting next_dagrun for example_task_group_decorator to 2024-03-14 00:00:00+00:00, run_after=2024-03-15 00:00:00+00:00
[2024-03-15T08:05:50.923+0000] {processor.py:183} INFO - Processing /home/airflow/.local/lib/python3.8/site-packages/airflow/example_dags/example_task_group_decorator.py took 0.036 seconds
[2024-03-15T08:06:21.222+0000] {processor.py:161} INFO - Started process (PID=216) to work on /home/airflow/.local/lib/python3.8/site-packages/airflow/example_dags/example_task_group_decorator.py
[2024-03-15T08:06:21.223+0000] {processor.py:830} INFO - Processing file /home/airflow/.local/lib/python3.8/site-packages/airflow/example_dags/example_task_group_decorator.py for tasks to queue
[2024-03-15T08:06:21.224+0000] {logging_mixin.py:188} INFO - [2024-03-15T08:06:21.224+0000] {dagbag.py:540} INFO - Filling up the DagBag from /home/airflow/.local/lib/python3.8/site-packages/airflow/example_dags/example_task_group_decorator.py
[2024-03-15T08:06:21.229+0000] {processor.py:840} INFO - DAG(s) 'example_task_group_decorator' retrieved from /home/airflow/.local/lib/python3.8/site-packages/airflow/example_dags/example_task_group_decorator.py
[2024-03-15T08:06:21.239+0000] {logging_mixin.py:188} INFO - [2024-03-15T08:06:21.239+0000] {dag.py:3047} INFO - Sync 1 DAGs
[2024-03-15T08:06:21.248+0000] {logging_mixin.py:188} INFO - [2024-03-15T08:06:21.247+0000] {dag.py:3834} INFO - Setting next_dagrun for example_task_group_decorator to 2024-03-14 00:00:00+00:00, run_after=2024-03-15 00:00:00+00:00
[2024-03-15T08:06:21.254+0000] {processor.py:183} INFO - Processing /home/airflow/.local/lib/python3.8/site-packages/airflow/example_dags/example_task_group_decorator.py took 0.033 seconds
[2024-03-15T08:06:51.521+0000] {processor.py:161} INFO - Started process (PID=271) to work on /home/airflow/.local/lib/python3.8/site-packages/airflow/example_dags/example_task_group_decorator.py
[2024-03-15T08:06:51.522+0000] {processor.py:830} INFO - Processing file /home/airflow/.local/lib/python3.8/site-packages/airflow/example_dags/example_task_group_decorator.py for tasks to queue
[2024-03-15T08:06:51.523+0000] {logging_mixin.py:188} INFO - [2024-03-15T08:06:51.523+0000] {dagbag.py:540} INFO - Filling up the DagBag from /home/airflow/.local/lib/python3.8/site-packages/airflow/example_dags/example_task_group_decorator.py
[2024-03-15T08:06:51.528+0000] {processor.py:840} INFO - DAG(s) 'example_task_group_decorator' retrieved from /home/airflow/.local/lib/python3.8/site-packages/airflow/example_dags/example_task_group_decorator.py
[2024-03-15T08:06:51.538+0000] {logging_mixin.py:188} INFO - [2024-03-15T08:06:51.538+0000] {dag.py:3047} INFO - Sync 1 DAGs
[2024-03-15T08:06:51.546+0000] {logging_mixin.py:188} INFO - [2024-03-15T08:06:51.546+0000] {dag.py:3834} INFO - Setting next_dagrun for example_task_group_decorator to 2024-03-14 00:00:00+00:00, run_after=2024-03-15 00:00:00+00:00
[2024-03-15T08:06:51.553+0000] {processor.py:183} INFO - Processing /home/airflow/.local/lib/python3.8/site-packages/airflow/example_dags/example_task_group_decorator.py took 0.033 seconds
[2024-03-15T08:07:21.808+0000] {processor.py:161} INFO - Started process (PID=326) to work on /home/airflow/.local/lib/python3.8/site-packages/airflow/example_dags/example_task_group_decorator.py
[2024-03-15T08:07:21.808+0000] {processor.py:830} INFO - Processing file /home/airflow/.local/lib/python3.8/site-packages/airflow/example_dags/example_task_group_decorator.py for tasks to queue
[2024-03-15T08:07:21.809+0000] {logging_mixin.py:188} INFO - [2024-03-15T08:07:21.809+0000] {dagbag.py:540} INFO - Filling up the DagBag from /home/airflow/.local/lib/python3.8/site-packages/airflow/example_dags/example_task_group_decorator.py
[2024-03-15T08:07:21.815+0000] {processor.py:840} INFO - DAG(s) 'example_task_group_decorator' retrieved from /home/airflow/.local/lib/python3.8/site-packages/airflow/example_dags/example_task_group_decorator.py
[2024-03-15T08:07:21.824+0000] {logging_mixin.py:188} INFO - [2024-03-15T08:07:21.824+0000] {dag.py:3047} INFO - Sync 1 DAGs
[2024-03-15T08:07:21.832+0000] {logging_mixin.py:188} INFO - [2024-03-15T08:07:21.832+0000] {dag.py:3834} INFO - Setting next_dagrun for example_task_group_decorator to 2024-03-14 00:00:00+00:00, run_after=2024-03-15 00:00:00+00:00
[2024-03-15T08:07:21.838+0000] {processor.py:183} INFO - Processing /home/airflow/.local/lib/python3.8/site-packages/airflow/example_dags/example_task_group_decorator.py took 0.032 seconds
[2024-03-15T08:07:52.111+0000] {processor.py:161} INFO - Started process (PID=381) to work on /home/airflow/.local/lib/python3.8/site-packages/airflow/example_dags/example_task_group_decorator.py
[2024-03-15T08:07:52.111+0000] {processor.py:830} INFO - Processing file /home/airflow/.local/lib/python3.8/site-packages/airflow/example_dags/example_task_group_decorator.py for tasks to queue
[2024-03-15T08:07:52.114+0000] {logging_mixin.py:188} INFO - [2024-03-15T08:07:52.114+0000] {dagbag.py:540} INFO - Filling up the DagBag from /home/airflow/.local/lib/python3.8/site-packages/airflow/example_dags/example_task_group_decorator.py
[2024-03-15T08:07:52.119+0000] {processor.py:840} INFO - DAG(s) 'example_task_group_decorator' retrieved from /home/airflow/.local/lib/python3.8/site-packages/airflow/example_dags/example_task_group_decorator.py
[2024-03-15T08:07:52.129+0000] {logging_mixin.py:188} INFO - [2024-03-15T08:07:52.129+0000] {dag.py:3047} INFO - Sync 1 DAGs
[2024-03-15T08:07:52.137+0000] {logging_mixin.py:188} INFO - [2024-03-15T08:07:52.137+0000] {dag.py:3834} INFO - Setting next_dagrun for example_task_group_decorator to 2024-03-14 00:00:00+00:00, run_after=2024-03-15 00:00:00+00:00
[2024-03-15T08:07:52.144+0000] {processor.py:183} INFO - Processing /home/airflow/.local/lib/python3.8/site-packages/airflow/example_dags/example_task_group_decorator.py took 0.034 seconds
[2024-03-15T08:08:22.523+0000] {processor.py:161} INFO - Started process (PID=435) to work on /home/airflow/.local/lib/python3.8/site-packages/airflow/example_dags/example_task_group_decorator.py
[2024-03-15T08:08:22.523+0000] {processor.py:830} INFO - Processing file /home/airflow/.local/lib/python3.8/site-packages/airflow/example_dags/example_task_group_decorator.py for tasks to queue
[2024-03-15T08:08:22.524+0000] {logging_mixin.py:188} INFO - [2024-03-15T08:08:22.524+0000] {dagbag.py:540} INFO - Filling up the DagBag from /home/airflow/.local/lib/python3.8/site-packages/airflow/example_dags/example_task_group_decorator.py
[2024-03-15T08:08:22.530+0000] {processor.py:840} INFO - DAG(s) 'example_task_group_decorator' retrieved from /home/airflow/.local/lib/python3.8/site-packages/airflow/example_dags/example_task_group_decorator.py
[2024-03-15T08:08:22.540+0000] {logging_mixin.py:188} INFO - [2024-03-15T08:08:22.540+0000] {dag.py:3047} INFO - Sync 1 DAGs
[2024-03-15T08:08:22.549+0000] {logging_mixin.py:188} INFO - [2024-03-15T08:08:22.549+0000] {dag.py:3834} INFO - Setting next_dagrun for example_task_group_decorator to 2024-03-14 00:00:00+00:00, run_after=2024-03-15 00:00:00+00:00
[2024-03-15T08:08:22.556+0000] {processor.py:183} INFO - Processing /home/airflow/.local/lib/python3.8/site-packages/airflow/example_dags/example_task_group_decorator.py took 0.034 seconds
[2024-03-15T08:08:52.807+0000] {processor.py:161} INFO - Started process (PID=490) to work on /home/airflow/.local/lib/python3.8/site-packages/airflow/example_dags/example_task_group_decorator.py
[2024-03-15T08:08:52.807+0000] {processor.py:830} INFO - Processing file /home/airflow/.local/lib/python3.8/site-packages/airflow/example_dags/example_task_group_decorator.py for tasks to queue
[2024-03-15T08:08:52.808+0000] {logging_mixin.py:188} INFO - [2024-03-15T08:08:52.808+0000] {dagbag.py:540} INFO - Filling up the DagBag from /home/airflow/.local/lib/python3.8/site-packages/airflow/example_dags/example_task_group_decorator.py
[2024-03-15T08:08:52.814+0000] {processor.py:840} INFO - DAG(s) 'example_task_group_decorator' retrieved from /home/airflow/.local/lib/python3.8/site-packages/airflow/example_dags/example_task_group_decorator.py
[2024-03-15T08:08:52.823+0000] {logging_mixin.py:188} INFO - [2024-03-15T08:08:52.823+0000] {dag.py:3047} INFO - Sync 1 DAGs
[2024-03-15T08:08:52.831+0000] {logging_mixin.py:188} INFO - [2024-03-15T08:08:52.831+0000] {dag.py:3834} INFO - Setting next_dagrun for example_task_group_decorator to 2024-03-14 00:00:00+00:00, run_after=2024-03-15 00:00:00+00:00
[2024-03-15T08:08:52.838+0000] {processor.py:183} INFO - Processing /home/airflow/.local/lib/python3.8/site-packages/airflow/example_dags/example_task_group_decorator.py took 0.033 seconds
[2024-03-15T08:09:23.136+0000] {processor.py:161} INFO - Started process (PID=545) to work on /home/airflow/.local/lib/python3.8/site-packages/airflow/example_dags/example_task_group_decorator.py
[2024-03-15T08:09:23.136+0000] {processor.py:830} INFO - Processing file /home/airflow/.local/lib/python3.8/site-packages/airflow/example_dags/example_task_group_decorator.py for tasks to queue
[2024-03-15T08:09:23.137+0000] {logging_mixin.py:188} INFO - [2024-03-15T08:09:23.137+0000] {dagbag.py:540} INFO - Filling up the DagBag from /home/airflow/.local/lib/python3.8/site-packages/airflow/example_dags/example_task_group_decorator.py
[2024-03-15T08:09:23.143+0000] {processor.py:840} INFO - DAG(s) 'example_task_group_decorator' retrieved from /home/airflow/.local/lib/python3.8/site-packages/airflow/example_dags/example_task_group_decorator.py
[2024-03-15T08:09:23.152+0000] {logging_mixin.py:188} INFO - [2024-03-15T08:09:23.152+0000] {dag.py:3047} INFO - Sync 1 DAGs
[2024-03-15T08:09:23.160+0000] {logging_mixin.py:188} INFO - [2024-03-15T08:09:23.160+0000] {dag.py:3834} INFO - Setting next_dagrun for example_task_group_decorator to 2024-03-14 00:00:00+00:00, run_after=2024-03-15 00:00:00+00:00
[2024-03-15T08:09:23.167+0000] {processor.py:183} INFO - Processing /home/airflow/.local/lib/python3.8/site-packages/airflow/example_dags/example_task_group_decorator.py took 0.033 seconds
[2024-03-15T08:09:53.686+0000] {processor.py:161} INFO - Started process (PID=600) to work on /home/airflow/.local/lib/python3.8/site-packages/airflow/example_dags/example_task_group_decorator.py
[2024-03-15T08:09:53.686+0000] {processor.py:830} INFO - Processing file /home/airflow/.local/lib/python3.8/site-packages/airflow/example_dags/example_task_group_decorator.py for tasks to queue
[2024-03-15T08:09:53.687+0000] {logging_mixin.py:188} INFO - [2024-03-15T08:09:53.687+0000] {dagbag.py:540} INFO - Filling up the DagBag from /home/airflow/.local/lib/python3.8/site-packages/airflow/example_dags/example_task_group_decorator.py
[2024-03-15T08:09:53.693+0000] {processor.py:840} INFO - DAG(s) 'example_task_group_decorator' retrieved from /home/airflow/.local/lib/python3.8/site-packages/airflow/example_dags/example_task_group_decorator.py
[2024-03-15T08:09:53.702+0000] {logging_mixin.py:188} INFO - [2024-03-15T08:09:53.702+0000] {dag.py:3047} INFO - Sync 1 DAGs
[2024-03-15T08:09:53.709+0000] {logging_mixin.py:188} INFO - [2024-03-15T08:09:53.709+0000] {dag.py:3834} INFO - Setting next_dagrun for example_task_group_decorator to 2024-03-14 00:00:00+00:00, run_after=2024-03-15 00:00:00+00:00
[2024-03-15T08:09:53.716+0000] {processor.py:183} INFO - Processing /home/airflow/.local/lib/python3.8/site-packages/airflow/example_dags/example_task_group_decorator.py took 0.031 seconds
[2024-03-15T08:10:24.067+0000] {processor.py:161} INFO - Started process (PID=655) to work on /home/airflow/.local/lib/python3.8/site-packages/airflow/example_dags/example_task_group_decorator.py
[2024-03-15T08:10:24.068+0000] {processor.py:830} INFO - Processing file /home/airflow/.local/lib/python3.8/site-packages/airflow/example_dags/example_task_group_decorator.py for tasks to queue
[2024-03-15T08:10:24.069+0000] {logging_mixin.py:188} INFO - [2024-03-15T08:10:24.068+0000] {dagbag.py:540} INFO - Filling up the DagBag from /home/airflow/.local/lib/python3.8/site-packages/airflow/example_dags/example_task_group_decorator.py
[2024-03-15T08:10:24.074+0000] {processor.py:840} INFO - DAG(s) 'example_task_group_decorator' retrieved from /home/airflow/.local/lib/python3.8/site-packages/airflow/example_dags/example_task_group_decorator.py
[2024-03-15T08:10:24.083+0000] {logging_mixin.py:188} INFO - [2024-03-15T08:10:24.083+0000] {dag.py:3047} INFO - Sync 1 DAGs
[2024-03-15T08:10:24.092+0000] {logging_mixin.py:188} INFO - [2024-03-15T08:10:24.091+0000] {dag.py:3834} INFO - Setting next_dagrun for example_task_group_decorator to 2024-03-14 00:00:00+00:00, run_after=2024-03-15 00:00:00+00:00
[2024-03-15T08:10:24.098+0000] {processor.py:183} INFO - Processing /home/airflow/.local/lib/python3.8/site-packages/airflow/example_dags/example_task_group_decorator.py took 0.032 seconds
[2024-03-15T08:10:54.418+0000] {processor.py:161} INFO - Started process (PID=710) to work on /home/airflow/.local/lib/python3.8/site-packages/airflow/example_dags/example_task_group_decorator.py
[2024-03-15T08:10:54.418+0000] {processor.py:830} INFO - Processing file /home/airflow/.local/lib/python3.8/site-packages/airflow/example_dags/example_task_group_decorator.py for tasks to queue
[2024-03-15T08:10:54.419+0000] {logging_mixin.py:188} INFO - [2024-03-15T08:10:54.419+0000] {dagbag.py:540} INFO - Filling up the DagBag from /home/airflow/.local/lib/python3.8/site-packages/airflow/example_dags/example_task_group_decorator.py
[2024-03-15T08:10:54.425+0000] {processor.py:840} INFO - DAG(s) 'example_task_group_decorator' retrieved from /home/airflow/.local/lib/python3.8/site-packages/airflow/example_dags/example_task_group_decorator.py
[2024-03-15T08:10:54.435+0000] {logging_mixin.py:188} INFO - [2024-03-15T08:10:54.435+0000] {dag.py:3047} INFO - Sync 1 DAGs
[2024-03-15T08:10:54.443+0000] {logging_mixin.py:188} INFO - [2024-03-15T08:10:54.443+0000] {dag.py:3834} INFO - Setting next_dagrun for example_task_group_decorator to 2024-03-14 00:00:00+00:00, run_after=2024-03-15 00:00:00+00:00
[2024-03-15T08:10:54.450+0000] {processor.py:183} INFO - Processing /home/airflow/.local/lib/python3.8/site-packages/airflow/example_dags/example_task_group_decorator.py took 0.033 seconds
[2024-03-15T08:11:24.847+0000] {processor.py:161} INFO - Started process (PID=765) to work on /home/airflow/.local/lib/python3.8/site-packages/airflow/example_dags/example_task_group_decorator.py
[2024-03-15T08:11:24.847+0000] {processor.py:830} INFO - Processing file /home/airflow/.local/lib/python3.8/site-packages/airflow/example_dags/example_task_group_decorator.py for tasks to queue
[2024-03-15T08:11:24.848+0000] {logging_mixin.py:188} INFO - [2024-03-15T08:11:24.848+0000] {dagbag.py:540} INFO - Filling up the DagBag from /home/airflow/.local/lib/python3.8/site-packages/airflow/example_dags/example_task_group_decorator.py
[2024-03-15T08:11:24.856+0000] {processor.py:840} INFO - DAG(s) 'example_task_group_decorator' retrieved from /home/airflow/.local/lib/python3.8/site-packages/airflow/example_dags/example_task_group_decorator.py
[2024-03-15T08:11:24.870+0000] {logging_mixin.py:188} INFO - [2024-03-15T08:11:24.870+0000] {dag.py:3047} INFO - Sync 1 DAGs
[2024-03-15T08:11:24.880+0000] {logging_mixin.py:188} INFO - [2024-03-15T08:11:24.880+0000] {dag.py:3834} INFO - Setting next_dagrun for example_task_group_decorator to 2024-03-14 00:00:00+00:00, run_after=2024-03-15 00:00:00+00:00
[2024-03-15T08:11:24.888+0000] {processor.py:183} INFO - Processing /home/airflow/.local/lib/python3.8/site-packages/airflow/example_dags/example_task_group_decorator.py took 0.043 seconds
[2024-03-15T08:11:55.337+0000] {processor.py:161} INFO - Started process (PID=820) to work on /home/airflow/.local/lib/python3.8/site-packages/airflow/example_dags/example_task_group_decorator.py
[2024-03-15T08:11:55.337+0000] {processor.py:830} INFO - Processing file /home/airflow/.local/lib/python3.8/site-packages/airflow/example_dags/example_task_group_decorator.py for tasks to queue
[2024-03-15T08:11:55.338+0000] {logging_mixin.py:188} INFO - [2024-03-15T08:11:55.338+0000] {dagbag.py:540} INFO - Filling up the DagBag from /home/airflow/.local/lib/python3.8/site-packages/airflow/example_dags/example_task_group_decorator.py
[2024-03-15T08:11:55.344+0000] {processor.py:840} INFO - DAG(s) 'example_task_group_decorator' retrieved from /home/airflow/.local/lib/python3.8/site-packages/airflow/example_dags/example_task_group_decorator.py
[2024-03-15T08:11:55.355+0000] {logging_mixin.py:188} INFO - [2024-03-15T08:11:55.355+0000] {dag.py:3047} INFO - Sync 1 DAGs
[2024-03-15T08:11:55.365+0000] {logging_mixin.py:188} INFO - [2024-03-15T08:11:55.365+0000] {dag.py:3834} INFO - Setting next_dagrun for example_task_group_decorator to 2024-03-14 00:00:00+00:00, run_after=2024-03-15 00:00:00+00:00
[2024-03-15T08:11:55.372+0000] {processor.py:183} INFO - Processing /home/airflow/.local/lib/python3.8/site-packages/airflow/example_dags/example_task_group_decorator.py took 0.037 seconds
[2024-03-15T08:12:25.918+0000] {processor.py:161} INFO - Started process (PID=875) to work on /home/airflow/.local/lib/python3.8/site-packages/airflow/example_dags/example_task_group_decorator.py
[2024-03-15T08:12:25.918+0000] {processor.py:830} INFO - Processing file /home/airflow/.local/lib/python3.8/site-packages/airflow/example_dags/example_task_group_decorator.py for tasks to queue
[2024-03-15T08:12:25.919+0000] {logging_mixin.py:188} INFO - [2024-03-15T08:12:25.918+0000] {dagbag.py:540} INFO - Filling up the DagBag from /home/airflow/.local/lib/python3.8/site-packages/airflow/example_dags/example_task_group_decorator.py
[2024-03-15T08:12:25.924+0000] {processor.py:840} INFO - DAG(s) 'example_task_group_decorator' retrieved from /home/airflow/.local/lib/python3.8/site-packages/airflow/example_dags/example_task_group_decorator.py
[2024-03-15T08:12:25.933+0000] {logging_mixin.py:188} INFO - [2024-03-15T08:12:25.933+0000] {dag.py:3047} INFO - Sync 1 DAGs
[2024-03-15T08:12:25.942+0000] {logging_mixin.py:188} INFO - [2024-03-15T08:12:25.942+0000] {dag.py:3834} INFO - Setting next_dagrun for example_task_group_decorator to 2024-03-14 00:00:00+00:00, run_after=2024-03-15 00:00:00+00:00
[2024-03-15T08:12:25.948+0000] {processor.py:183} INFO - Processing /home/airflow/.local/lib/python3.8/site-packages/airflow/example_dags/example_task_group_decorator.py took 0.032 seconds
[2024-03-15T08:12:56.302+0000] {processor.py:161} INFO - Started process (PID=930) to work on /home/airflow/.local/lib/python3.8/site-packages/airflow/example_dags/example_task_group_decorator.py
[2024-03-15T08:12:56.302+0000] {processor.py:830} INFO - Processing file /home/airflow/.local/lib/python3.8/site-packages/airflow/example_dags/example_task_group_decorator.py for tasks to queue
[2024-03-15T08:12:56.303+0000] {logging_mixin.py:188} INFO - [2024-03-15T08:12:56.303+0000] {dagbag.py:540} INFO - Filling up the DagBag from /home/airflow/.local/lib/python3.8/site-packages/airflow/example_dags/example_task_group_decorator.py
[2024-03-15T08:12:56.309+0000] {processor.py:840} INFO - DAG(s) 'example_task_group_decorator' retrieved from /home/airflow/.local/lib/python3.8/site-packages/airflow/example_dags/example_task_group_decorator.py
[2024-03-15T08:12:56.318+0000] {logging_mixin.py:188} INFO - [2024-03-15T08:12:56.318+0000] {dag.py:3047} INFO - Sync 1 DAGs
[2024-03-15T08:12:56.326+0000] {logging_mixin.py:188} INFO - [2024-03-15T08:12:56.326+0000] {dag.py:3834} INFO - Setting next_dagrun for example_task_group_decorator to 2024-03-14 00:00:00+00:00, run_after=2024-03-15 00:00:00+00:00
[2024-03-15T08:12:56.332+0000] {processor.py:183} INFO - Processing /home/airflow/.local/lib/python3.8/site-packages/airflow/example_dags/example_task_group_decorator.py took 0.032 seconds
[2024-03-15T08:13:26.554+0000] {processor.py:161} INFO - Started process (PID=985) to work on /home/airflow/.local/lib/python3.8/site-packages/airflow/example_dags/example_task_group_decorator.py
[2024-03-15T08:13:26.555+0000] {processor.py:830} INFO - Processing file /home/airflow/.local/lib/python3.8/site-packages/airflow/example_dags/example_task_group_decorator.py for tasks to queue
[2024-03-15T08:13:26.555+0000] {logging_mixin.py:188} INFO - [2024-03-15T08:13:26.555+0000] {dagbag.py:540} INFO - Filling up the DagBag from /home/airflow/.local/lib/python3.8/site-packages/airflow/example_dags/example_task_group_decorator.py
[2024-03-15T08:13:26.561+0000] {processor.py:840} INFO - DAG(s) 'example_task_group_decorator' retrieved from /home/airflow/.local/lib/python3.8/site-packages/airflow/example_dags/example_task_group_decorator.py
[2024-03-15T08:13:26.570+0000] {logging_mixin.py:188} INFO - [2024-03-15T08:13:26.570+0000] {dag.py:3047} INFO - Sync 1 DAGs
[2024-03-15T08:13:26.579+0000] {logging_mixin.py:188} INFO - [2024-03-15T08:13:26.578+0000] {dag.py:3834} INFO - Setting next_dagrun for example_task_group_decorator to 2024-03-14 00:00:00+00:00, run_after=2024-03-15 00:00:00+00:00
[2024-03-15T08:13:26.585+0000] {processor.py:183} INFO - Processing /home/airflow/.local/lib/python3.8/site-packages/airflow/example_dags/example_task_group_decorator.py took 0.032 seconds
[2024-03-15T08:13:56.885+0000] {processor.py:161} INFO - Started process (PID=1040) to work on /home/airflow/.local/lib/python3.8/site-packages/airflow/example_dags/example_task_group_decorator.py
[2024-03-15T08:13:56.885+0000] {processor.py:830} INFO - Processing file /home/airflow/.local/lib/python3.8/site-packages/airflow/example_dags/example_task_group_decorator.py for tasks to queue
[2024-03-15T08:13:56.886+0000] {logging_mixin.py:188} INFO - [2024-03-15T08:13:56.886+0000] {dagbag.py:540} INFO - Filling up the DagBag from /home/airflow/.local/lib/python3.8/site-packages/airflow/example_dags/example_task_group_decorator.py
[2024-03-15T08:13:56.892+0000] {processor.py:840} INFO - DAG(s) 'example_task_group_decorator' retrieved from /home/airflow/.local/lib/python3.8/site-packages/airflow/example_dags/example_task_group_decorator.py
[2024-03-15T08:13:56.901+0000] {logging_mixin.py:188} INFO - [2024-03-15T08:13:56.901+0000] {dag.py:3047} INFO - Sync 1 DAGs
[2024-03-15T08:13:56.908+0000] {logging_mixin.py:188} INFO - [2024-03-15T08:13:56.908+0000] {dag.py:3834} INFO - Setting next_dagrun for example_task_group_decorator to 2024-03-14 00:00:00+00:00, run_after=2024-03-15 00:00:00+00:00
[2024-03-15T08:13:56.914+0000] {processor.py:183} INFO - Processing /home/airflow/.local/lib/python3.8/site-packages/airflow/example_dags/example_task_group_decorator.py took 0.031 seconds
[2024-03-15T08:14:27.203+0000] {processor.py:161} INFO - Started process (PID=1095) to work on /home/airflow/.local/lib/python3.8/site-packages/airflow/example_dags/example_task_group_decorator.py
[2024-03-15T08:14:27.204+0000] {processor.py:830} INFO - Processing file /home/airflow/.local/lib/python3.8/site-packages/airflow/example_dags/example_task_group_decorator.py for tasks to queue
[2024-03-15T08:14:27.205+0000] {logging_mixin.py:188} INFO - [2024-03-15T08:14:27.205+0000] {dagbag.py:540} INFO - Filling up the DagBag from /home/airflow/.local/lib/python3.8/site-packages/airflow/example_dags/example_task_group_decorator.py
[2024-03-15T08:14:27.211+0000] {processor.py:840} INFO - DAG(s) 'example_task_group_decorator' retrieved from /home/airflow/.local/lib/python3.8/site-packages/airflow/example_dags/example_task_group_decorator.py
[2024-03-15T08:14:27.220+0000] {logging_mixin.py:188} INFO - [2024-03-15T08:14:27.220+0000] {dag.py:3047} INFO - Sync 1 DAGs
[2024-03-15T08:14:27.228+0000] {logging_mixin.py:188} INFO - [2024-03-15T08:14:27.228+0000] {dag.py:3834} INFO - Setting next_dagrun for example_task_group_decorator to 2024-03-14 00:00:00+00:00, run_after=2024-03-15 00:00:00+00:00
[2024-03-15T08:14:27.235+0000] {processor.py:183} INFO - Processing /home/airflow/.local/lib/python3.8/site-packages/airflow/example_dags/example_task_group_decorator.py took 0.033 seconds
[2024-03-15T08:14:57.541+0000] {processor.py:161} INFO - Started process (PID=1150) to work on /home/airflow/.local/lib/python3.8/site-packages/airflow/example_dags/example_task_group_decorator.py
[2024-03-15T08:14:57.542+0000] {processor.py:830} INFO - Processing file /home/airflow/.local/lib/python3.8/site-packages/airflow/example_dags/example_task_group_decorator.py for tasks to queue
[2024-03-15T08:14:57.543+0000] {logging_mixin.py:188} INFO - [2024-03-15T08:14:57.543+0000] {dagbag.py:540} INFO - Filling up the DagBag from /home/airflow/.local/lib/python3.8/site-packages/airflow/example_dags/example_task_group_decorator.py
[2024-03-15T08:14:57.549+0000] {processor.py:840} INFO - DAG(s) 'example_task_group_decorator' retrieved from /home/airflow/.local/lib/python3.8/site-packages/airflow/example_dags/example_task_group_decorator.py
[2024-03-15T08:14:57.560+0000] {logging_mixin.py:188} INFO - [2024-03-15T08:14:57.560+0000] {dag.py:3047} INFO - Sync 1 DAGs
[2024-03-15T08:14:57.572+0000] {logging_mixin.py:188} INFO - [2024-03-15T08:14:57.572+0000] {dag.py:3834} INFO - Setting next_dagrun for example_task_group_decorator to 2024-03-14 00:00:00+00:00, run_after=2024-03-15 00:00:00+00:00
[2024-03-15T08:14:57.582+0000] {processor.py:183} INFO - Processing /home/airflow/.local/lib/python3.8/site-packages/airflow/example_dags/example_task_group_decorator.py took 0.043 seconds
[2024-03-15T08:15:27.947+0000] {processor.py:161} INFO - Started process (PID=1205) to work on /home/airflow/.local/lib/python3.8/site-packages/airflow/example_dags/example_task_group_decorator.py
[2024-03-15T08:15:27.948+0000] {processor.py:830} INFO - Processing file /home/airflow/.local/lib/python3.8/site-packages/airflow/example_dags/example_task_group_decorator.py for tasks to queue
[2024-03-15T08:15:27.951+0000] {logging_mixin.py:188} INFO - [2024-03-15T08:15:27.950+0000] {dagbag.py:540} INFO - Filling up the DagBag from /home/airflow/.local/lib/python3.8/site-packages/airflow/example_dags/example_task_group_decorator.py
[2024-03-15T08:15:27.958+0000] {processor.py:840} INFO - DAG(s) 'example_task_group_decorator' retrieved from /home/airflow/.local/lib/python3.8/site-packages/airflow/example_dags/example_task_group_decorator.py
[2024-03-15T08:15:27.969+0000] {logging_mixin.py:188} INFO - [2024-03-15T08:15:27.969+0000] {dag.py:3047} INFO - Sync 1 DAGs
[2024-03-15T08:15:27.977+0000] {logging_mixin.py:188} INFO - [2024-03-15T08:15:27.977+0000] {dag.py:3834} INFO - Setting next_dagrun for example_task_group_decorator to 2024-03-14 00:00:00+00:00, run_after=2024-03-15 00:00:00+00:00
[2024-03-15T08:15:27.985+0000] {processor.py:183} INFO - Processing /home/airflow/.local/lib/python3.8/site-packages/airflow/example_dags/example_task_group_decorator.py took 0.040 seconds
[2024-03-15T08:15:58.339+0000] {processor.py:161} INFO - Started process (PID=1260) to work on /home/airflow/.local/lib/python3.8/site-packages/airflow/example_dags/example_task_group_decorator.py
[2024-03-15T08:15:58.339+0000] {processor.py:830} INFO - Processing file /home/airflow/.local/lib/python3.8/site-packages/airflow/example_dags/example_task_group_decorator.py for tasks to queue
[2024-03-15T08:15:58.340+0000] {logging_mixin.py:188} INFO - [2024-03-15T08:15:58.340+0000] {dagbag.py:540} INFO - Filling up the DagBag from /home/airflow/.local/lib/python3.8/site-packages/airflow/example_dags/example_task_group_decorator.py
[2024-03-15T08:15:58.347+0000] {processor.py:840} INFO - DAG(s) 'example_task_group_decorator' retrieved from /home/airflow/.local/lib/python3.8/site-packages/airflow/example_dags/example_task_group_decorator.py
[2024-03-15T08:15:58.358+0000] {logging_mixin.py:188} INFO - [2024-03-15T08:15:58.358+0000] {dag.py:3047} INFO - Sync 1 DAGs
[2024-03-15T08:15:58.368+0000] {logging_mixin.py:188} INFO - [2024-03-15T08:15:58.368+0000] {dag.py:3834} INFO - Setting next_dagrun for example_task_group_decorator to 2024-03-14 00:00:00+00:00, run_after=2024-03-15 00:00:00+00:00
[2024-03-15T08:15:58.375+0000] {processor.py:183} INFO - Processing /home/airflow/.local/lib/python3.8/site-packages/airflow/example_dags/example_task_group_decorator.py took 0.038 seconds
[2024-03-15T08:16:28.694+0000] {processor.py:161} INFO - Started process (PID=1315) to work on /home/airflow/.local/lib/python3.8/site-packages/airflow/example_dags/example_task_group_decorator.py
[2024-03-15T08:16:28.695+0000] {processor.py:830} INFO - Processing file /home/airflow/.local/lib/python3.8/site-packages/airflow/example_dags/example_task_group_decorator.py for tasks to queue
[2024-03-15T08:16:28.696+0000] {logging_mixin.py:188} INFO - [2024-03-15T08:16:28.695+0000] {dagbag.py:540} INFO - Filling up the DagBag from /home/airflow/.local/lib/python3.8/site-packages/airflow/example_dags/example_task_group_decorator.py
[2024-03-15T08:16:28.701+0000] {processor.py:840} INFO - DAG(s) 'example_task_group_decorator' retrieved from /home/airflow/.local/lib/python3.8/site-packages/airflow/example_dags/example_task_group_decorator.py
[2024-03-15T08:16:28.711+0000] {logging_mixin.py:188} INFO - [2024-03-15T08:16:28.711+0000] {dag.py:3047} INFO - Sync 1 DAGs
[2024-03-15T08:16:28.719+0000] {logging_mixin.py:188} INFO - [2024-03-15T08:16:28.719+0000] {dag.py:3834} INFO - Setting next_dagrun for example_task_group_decorator to 2024-03-14 00:00:00+00:00, run_after=2024-03-15 00:00:00+00:00
[2024-03-15T08:16:28.725+0000] {processor.py:183} INFO - Processing /home/airflow/.local/lib/python3.8/site-packages/airflow/example_dags/example_task_group_decorator.py took 0.032 seconds
[2024-03-15T08:16:58.990+0000] {processor.py:161} INFO - Started process (PID=1370) to work on /home/airflow/.local/lib/python3.8/site-packages/airflow/example_dags/example_task_group_decorator.py
[2024-03-15T08:16:58.990+0000] {processor.py:830} INFO - Processing file /home/airflow/.local/lib/python3.8/site-packages/airflow/example_dags/example_task_group_decorator.py for tasks to queue
[2024-03-15T08:16:58.991+0000] {logging_mixin.py:188} INFO - [2024-03-15T08:16:58.991+0000] {dagbag.py:540} INFO - Filling up the DagBag from /home/airflow/.local/lib/python3.8/site-packages/airflow/example_dags/example_task_group_decorator.py
[2024-03-15T08:16:58.997+0000] {processor.py:840} INFO - DAG(s) 'example_task_group_decorator' retrieved from /home/airflow/.local/lib/python3.8/site-packages/airflow/example_dags/example_task_group_decorator.py
[2024-03-15T08:16:59.006+0000] {logging_mixin.py:188} INFO - [2024-03-15T08:16:59.006+0000] {dag.py:3047} INFO - Sync 1 DAGs
[2024-03-15T08:16:59.015+0000] {logging_mixin.py:188} INFO - [2024-03-15T08:16:59.015+0000] {dag.py:3834} INFO - Setting next_dagrun for example_task_group_decorator to 2024-03-14 00:00:00+00:00, run_after=2024-03-15 00:00:00+00:00
[2024-03-15T08:16:59.021+0000] {processor.py:183} INFO - Processing /home/airflow/.local/lib/python3.8/site-packages/airflow/example_dags/example_task_group_decorator.py took 0.033 seconds
[2024-03-15T08:17:29.399+0000] {processor.py:161} INFO - Started process (PID=1425) to work on /home/airflow/.local/lib/python3.8/site-packages/airflow/example_dags/example_task_group_decorator.py
[2024-03-15T08:17:29.399+0000] {processor.py:830} INFO - Processing file /home/airflow/.local/lib/python3.8/site-packages/airflow/example_dags/example_task_group_decorator.py for tasks to queue
[2024-03-15T08:17:29.400+0000] {logging_mixin.py:188} INFO - [2024-03-15T08:17:29.400+0000] {dagbag.py:540} INFO - Filling up the DagBag from /home/airflow/.local/lib/python3.8/site-packages/airflow/example_dags/example_task_group_decorator.py
[2024-03-15T08:17:29.406+0000] {processor.py:840} INFO - DAG(s) 'example_task_group_decorator' retrieved from /home/airflow/.local/lib/python3.8/site-packages/airflow/example_dags/example_task_group_decorator.py
[2024-03-15T08:17:29.415+0000] {logging_mixin.py:188} INFO - [2024-03-15T08:17:29.415+0000] {dag.py:3047} INFO - Sync 1 DAGs
[2024-03-15T08:17:29.423+0000] {logging_mixin.py:188} INFO - [2024-03-15T08:17:29.423+0000] {dag.py:3834} INFO - Setting next_dagrun for example_task_group_decorator to 2024-03-14 00:00:00+00:00, run_after=2024-03-15 00:00:00+00:00
[2024-03-15T08:17:29.430+0000] {processor.py:183} INFO - Processing /home/airflow/.local/lib/python3.8/site-packages/airflow/example_dags/example_task_group_decorator.py took 0.033 seconds
[2024-03-15T08:17:59.729+0000] {processor.py:161} INFO - Started process (PID=1480) to work on /home/airflow/.local/lib/python3.8/site-packages/airflow/example_dags/example_task_group_decorator.py
[2024-03-15T08:17:59.730+0000] {processor.py:830} INFO - Processing file /home/airflow/.local/lib/python3.8/site-packages/airflow/example_dags/example_task_group_decorator.py for tasks to queue
[2024-03-15T08:17:59.730+0000] {logging_mixin.py:188} INFO - [2024-03-15T08:17:59.730+0000] {dagbag.py:540} INFO - Filling up the DagBag from /home/airflow/.local/lib/python3.8/site-packages/airflow/example_dags/example_task_group_decorator.py
[2024-03-15T08:17:59.736+0000] {processor.py:840} INFO - DAG(s) 'example_task_group_decorator' retrieved from /home/airflow/.local/lib/python3.8/site-packages/airflow/example_dags/example_task_group_decorator.py
[2024-03-15T08:17:59.745+0000] {logging_mixin.py:188} INFO - [2024-03-15T08:17:59.745+0000] {dag.py:3047} INFO - Sync 1 DAGs
[2024-03-15T08:17:59.753+0000] {logging_mixin.py:188} INFO - [2024-03-15T08:17:59.753+0000] {dag.py:3834} INFO - Setting next_dagrun for example_task_group_decorator to 2024-03-14 00:00:00+00:00, run_after=2024-03-15 00:00:00+00:00
[2024-03-15T08:17:59.760+0000] {processor.py:183} INFO - Processing /home/airflow/.local/lib/python3.8/site-packages/airflow/example_dags/example_task_group_decorator.py took 0.032 seconds
[2024-03-15T08:18:30.081+0000] {processor.py:161} INFO - Started process (PID=1535) to work on /home/airflow/.local/lib/python3.8/site-packages/airflow/example_dags/example_task_group_decorator.py
[2024-03-15T08:18:30.082+0000] {processor.py:830} INFO - Processing file /home/airflow/.local/lib/python3.8/site-packages/airflow/example_dags/example_task_group_decorator.py for tasks to queue
[2024-03-15T08:18:30.083+0000] {logging_mixin.py:188} INFO - [2024-03-15T08:18:30.083+0000] {dagbag.py:540} INFO - Filling up the DagBag from /home/airflow/.local/lib/python3.8/site-packages/airflow/example_dags/example_task_group_decorator.py
[2024-03-15T08:18:30.089+0000] {processor.py:840} INFO - DAG(s) 'example_task_group_decorator' retrieved from /home/airflow/.local/lib/python3.8/site-packages/airflow/example_dags/example_task_group_decorator.py
[2024-03-15T08:18:30.098+0000] {logging_mixin.py:188} INFO - [2024-03-15T08:18:30.098+0000] {dag.py:3047} INFO - Sync 1 DAGs
[2024-03-15T08:18:30.107+0000] {logging_mixin.py:188} INFO - [2024-03-15T08:18:30.107+0000] {dag.py:3834} INFO - Setting next_dagrun for example_task_group_decorator to 2024-03-14 00:00:00+00:00, run_after=2024-03-15 00:00:00+00:00
[2024-03-15T08:18:30.114+0000] {processor.py:183} INFO - Processing /home/airflow/.local/lib/python3.8/site-packages/airflow/example_dags/example_task_group_decorator.py took 0.034 seconds
[2024-03-15T08:19:00.527+0000] {processor.py:161} INFO - Started process (PID=1590) to work on /home/airflow/.local/lib/python3.8/site-packages/airflow/example_dags/example_task_group_decorator.py
[2024-03-15T08:19:00.527+0000] {processor.py:830} INFO - Processing file /home/airflow/.local/lib/python3.8/site-packages/airflow/example_dags/example_task_group_decorator.py for tasks to queue
[2024-03-15T08:19:00.528+0000] {logging_mixin.py:188} INFO - [2024-03-15T08:19:00.528+0000] {dagbag.py:540} INFO - Filling up the DagBag from /home/airflow/.local/lib/python3.8/site-packages/airflow/example_dags/example_task_group_decorator.py
[2024-03-15T08:19:00.534+0000] {processor.py:840} INFO - DAG(s) 'example_task_group_decorator' retrieved from /home/airflow/.local/lib/python3.8/site-packages/airflow/example_dags/example_task_group_decorator.py
[2024-03-15T08:19:00.543+0000] {logging_mixin.py:188} INFO - [2024-03-15T08:19:00.543+0000] {dag.py:3047} INFO - Sync 1 DAGs
[2024-03-15T08:19:00.551+0000] {logging_mixin.py:188} INFO - [2024-03-15T08:19:00.551+0000] {dag.py:3834} INFO - Setting next_dagrun for example_task_group_decorator to 2024-03-14 00:00:00+00:00, run_after=2024-03-15 00:00:00+00:00
[2024-03-15T08:19:00.558+0000] {processor.py:183} INFO - Processing /home/airflow/.local/lib/python3.8/site-packages/airflow/example_dags/example_task_group_decorator.py took 0.032 seconds
[2024-03-15T08:19:30.792+0000] {processor.py:161} INFO - Started process (PID=1645) to work on /home/airflow/.local/lib/python3.8/site-packages/airflow/example_dags/example_task_group_decorator.py
[2024-03-15T08:19:30.793+0000] {processor.py:830} INFO - Processing file /home/airflow/.local/lib/python3.8/site-packages/airflow/example_dags/example_task_group_decorator.py for tasks to queue
[2024-03-15T08:19:30.793+0000] {logging_mixin.py:188} INFO - [2024-03-15T08:19:30.793+0000] {dagbag.py:540} INFO - Filling up the DagBag from /home/airflow/.local/lib/python3.8/site-packages/airflow/example_dags/example_task_group_decorator.py
[2024-03-15T08:19:30.799+0000] {processor.py:840} INFO - DAG(s) 'example_task_group_decorator' retrieved from /home/airflow/.local/lib/python3.8/site-packages/airflow/example_dags/example_task_group_decorator.py
[2024-03-15T08:19:30.808+0000] {logging_mixin.py:188} INFO - [2024-03-15T08:19:30.808+0000] {dag.py:3047} INFO - Sync 1 DAGs
[2024-03-15T08:19:30.816+0000] {logging_mixin.py:188} INFO - [2024-03-15T08:19:30.816+0000] {dag.py:3834} INFO - Setting next_dagrun for example_task_group_decorator to 2024-03-14 00:00:00+00:00, run_after=2024-03-15 00:00:00+00:00
[2024-03-15T08:19:30.822+0000] {processor.py:183} INFO - Processing /home/airflow/.local/lib/python3.8/site-packages/airflow/example_dags/example_task_group_decorator.py took 0.031 seconds
[2024-03-15T08:20:01.150+0000] {processor.py:161} INFO - Started process (PID=1700) to work on /home/airflow/.local/lib/python3.8/site-packages/airflow/example_dags/example_task_group_decorator.py
[2024-03-15T08:20:01.150+0000] {processor.py:830} INFO - Processing file /home/airflow/.local/lib/python3.8/site-packages/airflow/example_dags/example_task_group_decorator.py for tasks to queue
[2024-03-15T08:20:01.151+0000] {logging_mixin.py:188} INFO - [2024-03-15T08:20:01.151+0000] {dagbag.py:540} INFO - Filling up the DagBag from /home/airflow/.local/lib/python3.8/site-packages/airflow/example_dags/example_task_group_decorator.py
[2024-03-15T08:20:01.156+0000] {processor.py:840} INFO - DAG(s) 'example_task_group_decorator' retrieved from /home/airflow/.local/lib/python3.8/site-packages/airflow/example_dags/example_task_group_decorator.py
[2024-03-15T08:20:01.166+0000] {logging_mixin.py:188} INFO - [2024-03-15T08:20:01.166+0000] {dag.py:3047} INFO - Sync 1 DAGs
[2024-03-15T08:20:01.173+0000] {logging_mixin.py:188} INFO - [2024-03-15T08:20:01.173+0000] {dag.py:3834} INFO - Setting next_dagrun for example_task_group_decorator to 2024-03-14 00:00:00+00:00, run_after=2024-03-15 00:00:00+00:00
[2024-03-15T08:20:01.179+0000] {processor.py:183} INFO - Processing /home/airflow/.local/lib/python3.8/site-packages/airflow/example_dags/example_task_group_decorator.py took 0.030 seconds
[2024-03-15T08:20:31.488+0000] {processor.py:161} INFO - Started process (PID=1754) to work on /home/airflow/.local/lib/python3.8/site-packages/airflow/example_dags/example_task_group_decorator.py
[2024-03-15T08:20:31.488+0000] {processor.py:830} INFO - Processing file /home/airflow/.local/lib/python3.8/site-packages/airflow/example_dags/example_task_group_decorator.py for tasks to queue
[2024-03-15T08:20:31.489+0000] {logging_mixin.py:188} INFO - [2024-03-15T08:20:31.489+0000] {dagbag.py:540} INFO - Filling up the DagBag from /home/airflow/.local/lib/python3.8/site-packages/airflow/example_dags/example_task_group_decorator.py
[2024-03-15T08:20:31.495+0000] {processor.py:840} INFO - DAG(s) 'example_task_group_decorator' retrieved from /home/airflow/.local/lib/python3.8/site-packages/airflow/example_dags/example_task_group_decorator.py
[2024-03-15T08:20:31.504+0000] {logging_mixin.py:188} INFO - [2024-03-15T08:20:31.504+0000] {dag.py:3047} INFO - Sync 1 DAGs
[2024-03-15T08:20:31.513+0000] {logging_mixin.py:188} INFO - [2024-03-15T08:20:31.513+0000] {dag.py:3834} INFO - Setting next_dagrun for example_task_group_decorator to 2024-03-14 00:00:00+00:00, run_after=2024-03-15 00:00:00+00:00
[2024-03-15T08:20:31.520+0000] {processor.py:183} INFO - Processing /home/airflow/.local/lib/python3.8/site-packages/airflow/example_dags/example_task_group_decorator.py took 0.033 seconds
[2024-03-15T08:21:01.819+0000] {processor.py:161} INFO - Started process (PID=1809) to work on /home/airflow/.local/lib/python3.8/site-packages/airflow/example_dags/example_task_group_decorator.py
[2024-03-15T08:21:01.819+0000] {processor.py:830} INFO - Processing file /home/airflow/.local/lib/python3.8/site-packages/airflow/example_dags/example_task_group_decorator.py for tasks to queue
[2024-03-15T08:21:01.820+0000] {logging_mixin.py:188} INFO - [2024-03-15T08:21:01.820+0000] {dagbag.py:540} INFO - Filling up the DagBag from /home/airflow/.local/lib/python3.8/site-packages/airflow/example_dags/example_task_group_decorator.py
[2024-03-15T08:21:01.826+0000] {processor.py:840} INFO - DAG(s) 'example_task_group_decorator' retrieved from /home/airflow/.local/lib/python3.8/site-packages/airflow/example_dags/example_task_group_decorator.py
[2024-03-15T08:21:01.835+0000] {logging_mixin.py:188} INFO - [2024-03-15T08:21:01.835+0000] {dag.py:3047} INFO - Sync 1 DAGs
[2024-03-15T08:21:01.842+0000] {logging_mixin.py:188} INFO - [2024-03-15T08:21:01.842+0000] {dag.py:3834} INFO - Setting next_dagrun for example_task_group_decorator to 2024-03-14 00:00:00+00:00, run_after=2024-03-15 00:00:00+00:00
[2024-03-15T08:21:01.849+0000] {processor.py:183} INFO - Processing /home/airflow/.local/lib/python3.8/site-packages/airflow/example_dags/example_task_group_decorator.py took 0.031 seconds
[2024-03-15T08:21:32.125+0000] {processor.py:161} INFO - Started process (PID=1864) to work on /home/airflow/.local/lib/python3.8/site-packages/airflow/example_dags/example_task_group_decorator.py
[2024-03-15T08:21:32.125+0000] {processor.py:830} INFO - Processing file /home/airflow/.local/lib/python3.8/site-packages/airflow/example_dags/example_task_group_decorator.py for tasks to queue
[2024-03-15T08:21:32.126+0000] {logging_mixin.py:188} INFO - [2024-03-15T08:21:32.126+0000] {dagbag.py:540} INFO - Filling up the DagBag from /home/airflow/.local/lib/python3.8/site-packages/airflow/example_dags/example_task_group_decorator.py
[2024-03-15T08:21:32.132+0000] {processor.py:840} INFO - DAG(s) 'example_task_group_decorator' retrieved from /home/airflow/.local/lib/python3.8/site-packages/airflow/example_dags/example_task_group_decorator.py
[2024-03-15T08:21:32.142+0000] {logging_mixin.py:188} INFO - [2024-03-15T08:21:32.141+0000] {dag.py:3047} INFO - Sync 1 DAGs
[2024-03-15T08:21:32.150+0000] {logging_mixin.py:188} INFO - [2024-03-15T08:21:32.150+0000] {dag.py:3834} INFO - Setting next_dagrun for example_task_group_decorator to 2024-03-14 00:00:00+00:00, run_after=2024-03-15 00:00:00+00:00
[2024-03-15T08:21:32.156+0000] {processor.py:183} INFO - Processing /home/airflow/.local/lib/python3.8/site-packages/airflow/example_dags/example_task_group_decorator.py took 0.032 seconds
[2024-03-15T08:22:02.373+0000] {processor.py:161} INFO - Started process (PID=1918) to work on /home/airflow/.local/lib/python3.8/site-packages/airflow/example_dags/example_task_group_decorator.py
[2024-03-15T08:22:02.374+0000] {processor.py:830} INFO - Processing file /home/airflow/.local/lib/python3.8/site-packages/airflow/example_dags/example_task_group_decorator.py for tasks to queue
[2024-03-15T08:22:02.374+0000] {logging_mixin.py:188} INFO - [2024-03-15T08:22:02.374+0000] {dagbag.py:540} INFO - Filling up the DagBag from /home/airflow/.local/lib/python3.8/site-packages/airflow/example_dags/example_task_group_decorator.py
[2024-03-15T08:22:02.380+0000] {processor.py:840} INFO - DAG(s) 'example_task_group_decorator' retrieved from /home/airflow/.local/lib/python3.8/site-packages/airflow/example_dags/example_task_group_decorator.py
[2024-03-15T08:22:02.390+0000] {logging_mixin.py:188} INFO - [2024-03-15T08:22:02.390+0000] {dag.py:3047} INFO - Sync 1 DAGs
[2024-03-15T08:22:02.398+0000] {logging_mixin.py:188} INFO - [2024-03-15T08:22:02.398+0000] {dag.py:3834} INFO - Setting next_dagrun for example_task_group_decorator to 2024-03-14 00:00:00+00:00, run_after=2024-03-15 00:00:00+00:00
[2024-03-15T08:22:02.404+0000] {processor.py:183} INFO - Processing /home/airflow/.local/lib/python3.8/site-packages/airflow/example_dags/example_task_group_decorator.py took 0.032 seconds
[2024-03-15T08:22:32.742+0000] {processor.py:161} INFO - Started process (PID=1973) to work on /home/airflow/.local/lib/python3.8/site-packages/airflow/example_dags/example_task_group_decorator.py
[2024-03-15T08:22:32.742+0000] {processor.py:830} INFO - Processing file /home/airflow/.local/lib/python3.8/site-packages/airflow/example_dags/example_task_group_decorator.py for tasks to queue
[2024-03-15T08:22:32.743+0000] {logging_mixin.py:188} INFO - [2024-03-15T08:22:32.743+0000] {dagbag.py:540} INFO - Filling up the DagBag from /home/airflow/.local/lib/python3.8/site-packages/airflow/example_dags/example_task_group_decorator.py
[2024-03-15T08:22:32.749+0000] {processor.py:840} INFO - DAG(s) 'example_task_group_decorator' retrieved from /home/airflow/.local/lib/python3.8/site-packages/airflow/example_dags/example_task_group_decorator.py
[2024-03-15T08:22:32.759+0000] {logging_mixin.py:188} INFO - [2024-03-15T08:22:32.759+0000] {dag.py:3047} INFO - Sync 1 DAGs
[2024-03-15T08:22:32.767+0000] {logging_mixin.py:188} INFO - [2024-03-15T08:22:32.767+0000] {dag.py:3834} INFO - Setting next_dagrun for example_task_group_decorator to 2024-03-14 00:00:00+00:00, run_after=2024-03-15 00:00:00+00:00
[2024-03-15T08:22:32.774+0000] {processor.py:183} INFO - Processing /home/airflow/.local/lib/python3.8/site-packages/airflow/example_dags/example_task_group_decorator.py took 0.034 seconds
[2024-03-15T08:23:03.240+0000] {processor.py:161} INFO - Started process (PID=2028) to work on /home/airflow/.local/lib/python3.8/site-packages/airflow/example_dags/example_task_group_decorator.py
[2024-03-15T08:23:03.241+0000] {processor.py:830} INFO - Processing file /home/airflow/.local/lib/python3.8/site-packages/airflow/example_dags/example_task_group_decorator.py for tasks to queue
[2024-03-15T08:23:03.241+0000] {logging_mixin.py:188} INFO - [2024-03-15T08:23:03.241+0000] {dagbag.py:540} INFO - Filling up the DagBag from /home/airflow/.local/lib/python3.8/site-packages/airflow/example_dags/example_task_group_decorator.py
[2024-03-15T08:23:03.247+0000] {processor.py:840} INFO - DAG(s) 'example_task_group_decorator' retrieved from /home/airflow/.local/lib/python3.8/site-packages/airflow/example_dags/example_task_group_decorator.py
[2024-03-15T08:23:03.257+0000] {logging_mixin.py:188} INFO - [2024-03-15T08:23:03.257+0000] {dag.py:3047} INFO - Sync 1 DAGs
[2024-03-15T08:23:03.266+0000] {logging_mixin.py:188} INFO - [2024-03-15T08:23:03.266+0000] {dag.py:3834} INFO - Setting next_dagrun for example_task_group_decorator to 2024-03-14 00:00:00+00:00, run_after=2024-03-15 00:00:00+00:00
[2024-03-15T08:23:03.272+0000] {processor.py:183} INFO - Processing /home/airflow/.local/lib/python3.8/site-packages/airflow/example_dags/example_task_group_decorator.py took 0.034 seconds
[2024-03-15T08:23:33.760+0000] {processor.py:161} INFO - Started process (PID=2082) to work on /home/airflow/.local/lib/python3.8/site-packages/airflow/example_dags/example_task_group_decorator.py
[2024-03-15T08:23:33.760+0000] {processor.py:830} INFO - Processing file /home/airflow/.local/lib/python3.8/site-packages/airflow/example_dags/example_task_group_decorator.py for tasks to queue
[2024-03-15T08:23:33.761+0000] {logging_mixin.py:188} INFO - [2024-03-15T08:23:33.761+0000] {dagbag.py:540} INFO - Filling up the DagBag from /home/airflow/.local/lib/python3.8/site-packages/airflow/example_dags/example_task_group_decorator.py
[2024-03-15T08:23:33.767+0000] {processor.py:840} INFO - DAG(s) 'example_task_group_decorator' retrieved from /home/airflow/.local/lib/python3.8/site-packages/airflow/example_dags/example_task_group_decorator.py
[2024-03-15T08:23:33.777+0000] {logging_mixin.py:188} INFO - [2024-03-15T08:23:33.777+0000] {dag.py:3047} INFO - Sync 1 DAGs
[2024-03-15T08:23:33.785+0000] {logging_mixin.py:188} INFO - [2024-03-15T08:23:33.785+0000] {dag.py:3834} INFO - Setting next_dagrun for example_task_group_decorator to 2024-03-14 00:00:00+00:00, run_after=2024-03-15 00:00:00+00:00
[2024-03-15T08:23:33.792+0000] {processor.py:183} INFO - Processing /home/airflow/.local/lib/python3.8/site-packages/airflow/example_dags/example_task_group_decorator.py took 0.033 seconds
