[2024-03-15T08:04:49.324+0000] {processor.py:161} INFO - Started process (PID=71) to work on /home/airflow/.local/lib/python3.8/site-packages/airflow/example_dags/example_python_decorator.py
[2024-03-15T08:04:49.325+0000] {processor.py:830} INFO - Processing file /home/airflow/.local/lib/python3.8/site-packages/airflow/example_dags/example_python_decorator.py for tasks to queue
[2024-03-15T08:04:49.326+0000] {logging_mixin.py:188} INFO - [2024-03-15T08:04:49.326+0000] {dagbag.py:540} INFO - Filling up the DagBag from /home/airflow/.local/lib/python3.8/site-packages/airflow/example_dags/example_python_decorator.py
[2024-03-15T08:04:49.333+0000] {processor.py:840} INFO - DAG(s) 'example_python_decorator' retrieved from /home/airflow/.local/lib/python3.8/site-packages/airflow/example_dags/example_python_decorator.py
[2024-03-15T08:04:49.341+0000] {logging_mixin.py:188} INFO - [2024-03-15T08:04:49.340+0000] {dag.py:3047} INFO - Sync 1 DAGs
[2024-03-15T08:04:49.347+0000] {logging_mixin.py:188} INFO - [2024-03-15T08:04:49.347+0000] {dag.py:3834} INFO - Setting next_dagrun for example_python_decorator to None, run_after=None
[2024-03-15T08:04:49.358+0000] {processor.py:183} INFO - Processing /home/airflow/.local/lib/python3.8/site-packages/airflow/example_dags/example_python_decorator.py took 0.035 seconds
[2024-03-15T08:05:20.701+0000] {processor.py:161} INFO - Started process (PID=126) to work on /home/airflow/.local/lib/python3.8/site-packages/airflow/example_dags/example_python_decorator.py
[2024-03-15T08:05:20.701+0000] {processor.py:830} INFO - Processing file /home/airflow/.local/lib/python3.8/site-packages/airflow/example_dags/example_python_decorator.py for tasks to queue
[2024-03-15T08:05:20.702+0000] {logging_mixin.py:188} INFO - [2024-03-15T08:05:20.702+0000] {dagbag.py:540} INFO - Filling up the DagBag from /home/airflow/.local/lib/python3.8/site-packages/airflow/example_dags/example_python_decorator.py
[2024-03-15T08:05:20.707+0000] {processor.py:840} INFO - DAG(s) 'example_python_decorator' retrieved from /home/airflow/.local/lib/python3.8/site-packages/airflow/example_dags/example_python_decorator.py
[2024-03-15T08:05:20.746+0000] {logging_mixin.py:188} INFO - [2024-03-15T08:05:20.746+0000] {dag.py:3047} INFO - Sync 1 DAGs
[2024-03-15T08:05:20.750+0000] {logging_mixin.py:188} INFO - [2024-03-15T08:05:20.750+0000] {dag.py:3834} INFO - Setting next_dagrun for example_python_decorator to None, run_after=None
[2024-03-15T08:05:20.757+0000] {processor.py:183} INFO - Processing /home/airflow/.local/lib/python3.8/site-packages/airflow/example_dags/example_python_decorator.py took 0.058 seconds
[2024-03-15T08:05:51.377+0000] {processor.py:161} INFO - Started process (PID=181) to work on /home/airflow/.local/lib/python3.8/site-packages/airflow/example_dags/example_python_decorator.py
[2024-03-15T08:05:51.378+0000] {processor.py:830} INFO - Processing file /home/airflow/.local/lib/python3.8/site-packages/airflow/example_dags/example_python_decorator.py for tasks to queue
[2024-03-15T08:05:51.381+0000] {logging_mixin.py:188} INFO - [2024-03-15T08:05:51.381+0000] {dagbag.py:540} INFO - Filling up the DagBag from /home/airflow/.local/lib/python3.8/site-packages/airflow/example_dags/example_python_decorator.py
[2024-03-15T08:05:51.386+0000] {processor.py:840} INFO - DAG(s) 'example_python_decorator' retrieved from /home/airflow/.local/lib/python3.8/site-packages/airflow/example_dags/example_python_decorator.py
[2024-03-15T08:05:51.395+0000] {logging_mixin.py:188} INFO - [2024-03-15T08:05:51.395+0000] {dag.py:3047} INFO - Sync 1 DAGs
[2024-03-15T08:05:51.400+0000] {logging_mixin.py:188} INFO - [2024-03-15T08:05:51.400+0000] {dag.py:3834} INFO - Setting next_dagrun for example_python_decorator to None, run_after=None
[2024-03-15T08:05:51.407+0000] {processor.py:183} INFO - Processing /home/airflow/.local/lib/python3.8/site-packages/airflow/example_dags/example_python_decorator.py took 0.031 seconds
[2024-03-15T08:06:21.664+0000] {processor.py:161} INFO - Started process (PID=236) to work on /home/airflow/.local/lib/python3.8/site-packages/airflow/example_dags/example_python_decorator.py
[2024-03-15T08:06:21.665+0000] {processor.py:830} INFO - Processing file /home/airflow/.local/lib/python3.8/site-packages/airflow/example_dags/example_python_decorator.py for tasks to queue
[2024-03-15T08:06:21.665+0000] {logging_mixin.py:188} INFO - [2024-03-15T08:06:21.665+0000] {dagbag.py:540} INFO - Filling up the DagBag from /home/airflow/.local/lib/python3.8/site-packages/airflow/example_dags/example_python_decorator.py
[2024-03-15T08:06:21.671+0000] {processor.py:840} INFO - DAG(s) 'example_python_decorator' retrieved from /home/airflow/.local/lib/python3.8/site-packages/airflow/example_dags/example_python_decorator.py
[2024-03-15T08:06:21.680+0000] {logging_mixin.py:188} INFO - [2024-03-15T08:06:21.680+0000] {dag.py:3047} INFO - Sync 1 DAGs
[2024-03-15T08:06:21.685+0000] {logging_mixin.py:188} INFO - [2024-03-15T08:06:21.685+0000] {dag.py:3834} INFO - Setting next_dagrun for example_python_decorator to None, run_after=None
[2024-03-15T08:06:21.691+0000] {processor.py:183} INFO - Processing /home/airflow/.local/lib/python3.8/site-packages/airflow/example_dags/example_python_decorator.py took 0.029 seconds
[2024-03-15T08:06:51.964+0000] {processor.py:161} INFO - Started process (PID=291) to work on /home/airflow/.local/lib/python3.8/site-packages/airflow/example_dags/example_python_decorator.py
[2024-03-15T08:06:51.965+0000] {processor.py:830} INFO - Processing file /home/airflow/.local/lib/python3.8/site-packages/airflow/example_dags/example_python_decorator.py for tasks to queue
[2024-03-15T08:06:51.966+0000] {logging_mixin.py:188} INFO - [2024-03-15T08:06:51.966+0000] {dagbag.py:540} INFO - Filling up the DagBag from /home/airflow/.local/lib/python3.8/site-packages/airflow/example_dags/example_python_decorator.py
[2024-03-15T08:06:51.972+0000] {processor.py:840} INFO - DAG(s) 'example_python_decorator' retrieved from /home/airflow/.local/lib/python3.8/site-packages/airflow/example_dags/example_python_decorator.py
[2024-03-15T08:06:51.981+0000] {logging_mixin.py:188} INFO - [2024-03-15T08:06:51.981+0000] {dag.py:3047} INFO - Sync 1 DAGs
[2024-03-15T08:06:51.986+0000] {logging_mixin.py:188} INFO - [2024-03-15T08:06:51.986+0000] {dag.py:3834} INFO - Setting next_dagrun for example_python_decorator to None, run_after=None
[2024-03-15T08:06:51.993+0000] {processor.py:183} INFO - Processing /home/airflow/.local/lib/python3.8/site-packages/airflow/example_dags/example_python_decorator.py took 0.030 seconds
[2024-03-15T08:07:22.263+0000] {processor.py:161} INFO - Started process (PID=346) to work on /home/airflow/.local/lib/python3.8/site-packages/airflow/example_dags/example_python_decorator.py
[2024-03-15T08:07:22.264+0000] {processor.py:830} INFO - Processing file /home/airflow/.local/lib/python3.8/site-packages/airflow/example_dags/example_python_decorator.py for tasks to queue
[2024-03-15T08:07:22.265+0000] {logging_mixin.py:188} INFO - [2024-03-15T08:07:22.265+0000] {dagbag.py:540} INFO - Filling up the DagBag from /home/airflow/.local/lib/python3.8/site-packages/airflow/example_dags/example_python_decorator.py
[2024-03-15T08:07:22.270+0000] {processor.py:840} INFO - DAG(s) 'example_python_decorator' retrieved from /home/airflow/.local/lib/python3.8/site-packages/airflow/example_dags/example_python_decorator.py
[2024-03-15T08:07:22.279+0000] {logging_mixin.py:188} INFO - [2024-03-15T08:07:22.279+0000] {dag.py:3047} INFO - Sync 1 DAGs
[2024-03-15T08:07:22.284+0000] {logging_mixin.py:188} INFO - [2024-03-15T08:07:22.284+0000] {dag.py:3834} INFO - Setting next_dagrun for example_python_decorator to None, run_after=None
[2024-03-15T08:07:22.291+0000] {processor.py:183} INFO - Processing /home/airflow/.local/lib/python3.8/site-packages/airflow/example_dags/example_python_decorator.py took 0.029 seconds
[2024-03-15T08:07:52.527+0000] {processor.py:161} INFO - Started process (PID=401) to work on /home/airflow/.local/lib/python3.8/site-packages/airflow/example_dags/example_python_decorator.py
[2024-03-15T08:07:52.528+0000] {processor.py:830} INFO - Processing file /home/airflow/.local/lib/python3.8/site-packages/airflow/example_dags/example_python_decorator.py for tasks to queue
[2024-03-15T08:07:52.528+0000] {logging_mixin.py:188} INFO - [2024-03-15T08:07:52.528+0000] {dagbag.py:540} INFO - Filling up the DagBag from /home/airflow/.local/lib/python3.8/site-packages/airflow/example_dags/example_python_decorator.py
[2024-03-15T08:07:52.534+0000] {processor.py:840} INFO - DAG(s) 'example_python_decorator' retrieved from /home/airflow/.local/lib/python3.8/site-packages/airflow/example_dags/example_python_decorator.py
[2024-03-15T08:07:52.543+0000] {logging_mixin.py:188} INFO - [2024-03-15T08:07:52.543+0000] {dag.py:3047} INFO - Sync 1 DAGs
[2024-03-15T08:07:52.548+0000] {logging_mixin.py:188} INFO - [2024-03-15T08:07:52.548+0000] {dag.py:3834} INFO - Setting next_dagrun for example_python_decorator to None, run_after=None
[2024-03-15T08:07:52.555+0000] {processor.py:183} INFO - Processing /home/airflow/.local/lib/python3.8/site-packages/airflow/example_dags/example_python_decorator.py took 0.030 seconds
[2024-03-15T08:08:22.979+0000] {processor.py:161} INFO - Started process (PID=455) to work on /home/airflow/.local/lib/python3.8/site-packages/airflow/example_dags/example_python_decorator.py
[2024-03-15T08:08:22.979+0000] {processor.py:830} INFO - Processing file /home/airflow/.local/lib/python3.8/site-packages/airflow/example_dags/example_python_decorator.py for tasks to queue
[2024-03-15T08:08:22.980+0000] {logging_mixin.py:188} INFO - [2024-03-15T08:08:22.980+0000] {dagbag.py:540} INFO - Filling up the DagBag from /home/airflow/.local/lib/python3.8/site-packages/airflow/example_dags/example_python_decorator.py
[2024-03-15T08:08:22.986+0000] {processor.py:840} INFO - DAG(s) 'example_python_decorator' retrieved from /home/airflow/.local/lib/python3.8/site-packages/airflow/example_dags/example_python_decorator.py
[2024-03-15T08:08:22.995+0000] {logging_mixin.py:188} INFO - [2024-03-15T08:08:22.995+0000] {dag.py:3047} INFO - Sync 1 DAGs
[2024-03-15T08:08:23.000+0000] {logging_mixin.py:188} INFO - [2024-03-15T08:08:23.000+0000] {dag.py:3834} INFO - Setting next_dagrun for example_python_decorator to None, run_after=None
[2024-03-15T08:08:23.006+0000] {processor.py:183} INFO - Processing /home/airflow/.local/lib/python3.8/site-packages/airflow/example_dags/example_python_decorator.py took 0.029 seconds
[2024-03-15T08:08:53.299+0000] {processor.py:161} INFO - Started process (PID=510) to work on /home/airflow/.local/lib/python3.8/site-packages/airflow/example_dags/example_python_decorator.py
[2024-03-15T08:08:53.300+0000] {processor.py:830} INFO - Processing file /home/airflow/.local/lib/python3.8/site-packages/airflow/example_dags/example_python_decorator.py for tasks to queue
[2024-03-15T08:08:53.301+0000] {logging_mixin.py:188} INFO - [2024-03-15T08:08:53.300+0000] {dagbag.py:540} INFO - Filling up the DagBag from /home/airflow/.local/lib/python3.8/site-packages/airflow/example_dags/example_python_decorator.py
[2024-03-15T08:08:53.306+0000] {processor.py:840} INFO - DAG(s) 'example_python_decorator' retrieved from /home/airflow/.local/lib/python3.8/site-packages/airflow/example_dags/example_python_decorator.py
[2024-03-15T08:08:53.315+0000] {logging_mixin.py:188} INFO - [2024-03-15T08:08:53.315+0000] {dag.py:3047} INFO - Sync 1 DAGs
[2024-03-15T08:08:53.320+0000] {logging_mixin.py:188} INFO - [2024-03-15T08:08:53.320+0000] {dag.py:3834} INFO - Setting next_dagrun for example_python_decorator to None, run_after=None
[2024-03-15T08:08:53.326+0000] {processor.py:183} INFO - Processing /home/airflow/.local/lib/python3.8/site-packages/airflow/example_dags/example_python_decorator.py took 0.028 seconds
[2024-03-15T08:09:23.634+0000] {processor.py:161} INFO - Started process (PID=565) to work on /home/airflow/.local/lib/python3.8/site-packages/airflow/example_dags/example_python_decorator.py
[2024-03-15T08:09:23.634+0000] {processor.py:830} INFO - Processing file /home/airflow/.local/lib/python3.8/site-packages/airflow/example_dags/example_python_decorator.py for tasks to queue
[2024-03-15T08:09:23.635+0000] {logging_mixin.py:188} INFO - [2024-03-15T08:09:23.635+0000] {dagbag.py:540} INFO - Filling up the DagBag from /home/airflow/.local/lib/python3.8/site-packages/airflow/example_dags/example_python_decorator.py
[2024-03-15T08:09:23.640+0000] {processor.py:840} INFO - DAG(s) 'example_python_decorator' retrieved from /home/airflow/.local/lib/python3.8/site-packages/airflow/example_dags/example_python_decorator.py
[2024-03-15T08:09:23.648+0000] {logging_mixin.py:188} INFO - [2024-03-15T08:09:23.648+0000] {dag.py:3047} INFO - Sync 1 DAGs
[2024-03-15T08:09:23.653+0000] {logging_mixin.py:188} INFO - [2024-03-15T08:09:23.653+0000] {dag.py:3834} INFO - Setting next_dagrun for example_python_decorator to None, run_after=None
[2024-03-15T08:09:23.660+0000] {processor.py:183} INFO - Processing /home/airflow/.local/lib/python3.8/site-packages/airflow/example_dags/example_python_decorator.py took 0.027 seconds
[2024-03-15T08:09:54.154+0000] {processor.py:161} INFO - Started process (PID=620) to work on /home/airflow/.local/lib/python3.8/site-packages/airflow/example_dags/example_python_decorator.py
[2024-03-15T08:09:54.155+0000] {processor.py:830} INFO - Processing file /home/airflow/.local/lib/python3.8/site-packages/airflow/example_dags/example_python_decorator.py for tasks to queue
[2024-03-15T08:09:54.156+0000] {logging_mixin.py:188} INFO - [2024-03-15T08:09:54.156+0000] {dagbag.py:540} INFO - Filling up the DagBag from /home/airflow/.local/lib/python3.8/site-packages/airflow/example_dags/example_python_decorator.py
[2024-03-15T08:09:54.162+0000] {processor.py:840} INFO - DAG(s) 'example_python_decorator' retrieved from /home/airflow/.local/lib/python3.8/site-packages/airflow/example_dags/example_python_decorator.py
[2024-03-15T08:09:54.170+0000] {logging_mixin.py:188} INFO - [2024-03-15T08:09:54.170+0000] {dag.py:3047} INFO - Sync 1 DAGs
[2024-03-15T08:09:54.175+0000] {logging_mixin.py:188} INFO - [2024-03-15T08:09:54.174+0000] {dag.py:3834} INFO - Setting next_dagrun for example_python_decorator to None, run_after=None
[2024-03-15T08:09:54.182+0000] {processor.py:183} INFO - Processing /home/airflow/.local/lib/python3.8/site-packages/airflow/example_dags/example_python_decorator.py took 0.029 seconds
[2024-03-15T08:10:24.541+0000] {processor.py:161} INFO - Started process (PID=675) to work on /home/airflow/.local/lib/python3.8/site-packages/airflow/example_dags/example_python_decorator.py
[2024-03-15T08:10:24.542+0000] {processor.py:830} INFO - Processing file /home/airflow/.local/lib/python3.8/site-packages/airflow/example_dags/example_python_decorator.py for tasks to queue
[2024-03-15T08:10:24.543+0000] {logging_mixin.py:188} INFO - [2024-03-15T08:10:24.542+0000] {dagbag.py:540} INFO - Filling up the DagBag from /home/airflow/.local/lib/python3.8/site-packages/airflow/example_dags/example_python_decorator.py
[2024-03-15T08:10:24.548+0000] {processor.py:840} INFO - DAG(s) 'example_python_decorator' retrieved from /home/airflow/.local/lib/python3.8/site-packages/airflow/example_dags/example_python_decorator.py
[2024-03-15T08:10:24.557+0000] {logging_mixin.py:188} INFO - [2024-03-15T08:10:24.557+0000] {dag.py:3047} INFO - Sync 1 DAGs
[2024-03-15T08:10:24.561+0000] {logging_mixin.py:188} INFO - [2024-03-15T08:10:24.561+0000] {dag.py:3834} INFO - Setting next_dagrun for example_python_decorator to None, run_after=None
[2024-03-15T08:10:24.567+0000] {processor.py:183} INFO - Processing /home/airflow/.local/lib/python3.8/site-packages/airflow/example_dags/example_python_decorator.py took 0.028 seconds
[2024-03-15T08:10:54.847+0000] {processor.py:161} INFO - Started process (PID=730) to work on /home/airflow/.local/lib/python3.8/site-packages/airflow/example_dags/example_python_decorator.py
[2024-03-15T08:10:54.847+0000] {processor.py:830} INFO - Processing file /home/airflow/.local/lib/python3.8/site-packages/airflow/example_dags/example_python_decorator.py for tasks to queue
[2024-03-15T08:10:54.848+0000] {logging_mixin.py:188} INFO - [2024-03-15T08:10:54.848+0000] {dagbag.py:540} INFO - Filling up the DagBag from /home/airflow/.local/lib/python3.8/site-packages/airflow/example_dags/example_python_decorator.py
[2024-03-15T08:10:54.854+0000] {processor.py:840} INFO - DAG(s) 'example_python_decorator' retrieved from /home/airflow/.local/lib/python3.8/site-packages/airflow/example_dags/example_python_decorator.py
[2024-03-15T08:10:54.862+0000] {logging_mixin.py:188} INFO - [2024-03-15T08:10:54.862+0000] {dag.py:3047} INFO - Sync 1 DAGs
[2024-03-15T08:10:54.867+0000] {logging_mixin.py:188} INFO - [2024-03-15T08:10:54.867+0000] {dag.py:3834} INFO - Setting next_dagrun for example_python_decorator to None, run_after=None
[2024-03-15T08:10:54.874+0000] {processor.py:183} INFO - Processing /home/airflow/.local/lib/python3.8/site-packages/airflow/example_dags/example_python_decorator.py took 0.028 seconds
[2024-03-15T08:11:25.348+0000] {processor.py:161} INFO - Started process (PID=785) to work on /home/airflow/.local/lib/python3.8/site-packages/airflow/example_dags/example_python_decorator.py
[2024-03-15T08:11:25.348+0000] {processor.py:830} INFO - Processing file /home/airflow/.local/lib/python3.8/site-packages/airflow/example_dags/example_python_decorator.py for tasks to queue
[2024-03-15T08:11:25.349+0000] {logging_mixin.py:188} INFO - [2024-03-15T08:11:25.349+0000] {dagbag.py:540} INFO - Filling up the DagBag from /home/airflow/.local/lib/python3.8/site-packages/airflow/example_dags/example_python_decorator.py
[2024-03-15T08:11:25.355+0000] {processor.py:840} INFO - DAG(s) 'example_python_decorator' retrieved from /home/airflow/.local/lib/python3.8/site-packages/airflow/example_dags/example_python_decorator.py
[2024-03-15T08:11:25.364+0000] {logging_mixin.py:188} INFO - [2024-03-15T08:11:25.364+0000] {dag.py:3047} INFO - Sync 1 DAGs
[2024-03-15T08:11:25.369+0000] {logging_mixin.py:188} INFO - [2024-03-15T08:11:25.369+0000] {dag.py:3834} INFO - Setting next_dagrun for example_python_decorator to None, run_after=None
[2024-03-15T08:11:25.376+0000] {processor.py:183} INFO - Processing /home/airflow/.local/lib/python3.8/site-packages/airflow/example_dags/example_python_decorator.py took 0.030 seconds
[2024-03-15T08:11:55.819+0000] {processor.py:161} INFO - Started process (PID=840) to work on /home/airflow/.local/lib/python3.8/site-packages/airflow/example_dags/example_python_decorator.py
[2024-03-15T08:11:55.820+0000] {processor.py:830} INFO - Processing file /home/airflow/.local/lib/python3.8/site-packages/airflow/example_dags/example_python_decorator.py for tasks to queue
[2024-03-15T08:11:55.821+0000] {logging_mixin.py:188} INFO - [2024-03-15T08:11:55.820+0000] {dagbag.py:540} INFO - Filling up the DagBag from /home/airflow/.local/lib/python3.8/site-packages/airflow/example_dags/example_python_decorator.py
[2024-03-15T08:11:55.827+0000] {processor.py:840} INFO - DAG(s) 'example_python_decorator' retrieved from /home/airflow/.local/lib/python3.8/site-packages/airflow/example_dags/example_python_decorator.py
[2024-03-15T08:11:55.839+0000] {logging_mixin.py:188} INFO - [2024-03-15T08:11:55.838+0000] {dag.py:3047} INFO - Sync 1 DAGs
[2024-03-15T08:11:55.845+0000] {logging_mixin.py:188} INFO - [2024-03-15T08:11:55.845+0000] {dag.py:3834} INFO - Setting next_dagrun for example_python_decorator to None, run_after=None
[2024-03-15T08:11:55.854+0000] {processor.py:183} INFO - Processing /home/airflow/.local/lib/python3.8/site-packages/airflow/example_dags/example_python_decorator.py took 0.037 seconds
[2024-03-15T08:12:26.390+0000] {processor.py:161} INFO - Started process (PID=895) to work on /home/airflow/.local/lib/python3.8/site-packages/airflow/example_dags/example_python_decorator.py
[2024-03-15T08:12:26.391+0000] {processor.py:830} INFO - Processing file /home/airflow/.local/lib/python3.8/site-packages/airflow/example_dags/example_python_decorator.py for tasks to queue
[2024-03-15T08:12:26.392+0000] {logging_mixin.py:188} INFO - [2024-03-15T08:12:26.392+0000] {dagbag.py:540} INFO - Filling up the DagBag from /home/airflow/.local/lib/python3.8/site-packages/airflow/example_dags/example_python_decorator.py
[2024-03-15T08:12:26.398+0000] {processor.py:840} INFO - DAG(s) 'example_python_decorator' retrieved from /home/airflow/.local/lib/python3.8/site-packages/airflow/example_dags/example_python_decorator.py
[2024-03-15T08:12:26.407+0000] {logging_mixin.py:188} INFO - [2024-03-15T08:12:26.407+0000] {dag.py:3047} INFO - Sync 1 DAGs
[2024-03-15T08:12:26.413+0000] {logging_mixin.py:188} INFO - [2024-03-15T08:12:26.413+0000] {dag.py:3834} INFO - Setting next_dagrun for example_python_decorator to None, run_after=None
[2024-03-15T08:12:26.421+0000] {processor.py:183} INFO - Processing /home/airflow/.local/lib/python3.8/site-packages/airflow/example_dags/example_python_decorator.py took 0.032 seconds
[2024-03-15T08:12:56.749+0000] {processor.py:161} INFO - Started process (PID=950) to work on /home/airflow/.local/lib/python3.8/site-packages/airflow/example_dags/example_python_decorator.py
[2024-03-15T08:12:56.750+0000] {processor.py:830} INFO - Processing file /home/airflow/.local/lib/python3.8/site-packages/airflow/example_dags/example_python_decorator.py for tasks to queue
[2024-03-15T08:12:56.751+0000] {logging_mixin.py:188} INFO - [2024-03-15T08:12:56.750+0000] {dagbag.py:540} INFO - Filling up the DagBag from /home/airflow/.local/lib/python3.8/site-packages/airflow/example_dags/example_python_decorator.py
[2024-03-15T08:12:56.756+0000] {processor.py:840} INFO - DAG(s) 'example_python_decorator' retrieved from /home/airflow/.local/lib/python3.8/site-packages/airflow/example_dags/example_python_decorator.py
[2024-03-15T08:12:56.764+0000] {logging_mixin.py:188} INFO - [2024-03-15T08:12:56.764+0000] {dag.py:3047} INFO - Sync 1 DAGs
[2024-03-15T08:12:56.768+0000] {logging_mixin.py:188} INFO - [2024-03-15T08:12:56.768+0000] {dag.py:3834} INFO - Setting next_dagrun for example_python_decorator to None, run_after=None
[2024-03-15T08:12:56.775+0000] {processor.py:183} INFO - Processing /home/airflow/.local/lib/python3.8/site-packages/airflow/example_dags/example_python_decorator.py took 0.027 seconds
[2024-03-15T08:13:27.001+0000] {processor.py:161} INFO - Started process (PID=1005) to work on /home/airflow/.local/lib/python3.8/site-packages/airflow/example_dags/example_python_decorator.py
[2024-03-15T08:13:27.001+0000] {processor.py:830} INFO - Processing file /home/airflow/.local/lib/python3.8/site-packages/airflow/example_dags/example_python_decorator.py for tasks to queue
[2024-03-15T08:13:27.002+0000] {logging_mixin.py:188} INFO - [2024-03-15T08:13:27.002+0000] {dagbag.py:540} INFO - Filling up the DagBag from /home/airflow/.local/lib/python3.8/site-packages/airflow/example_dags/example_python_decorator.py
[2024-03-15T08:13:27.007+0000] {processor.py:840} INFO - DAG(s) 'example_python_decorator' retrieved from /home/airflow/.local/lib/python3.8/site-packages/airflow/example_dags/example_python_decorator.py
[2024-03-15T08:13:27.015+0000] {logging_mixin.py:188} INFO - [2024-03-15T08:13:27.015+0000] {dag.py:3047} INFO - Sync 1 DAGs
[2024-03-15T08:13:27.020+0000] {logging_mixin.py:188} INFO - [2024-03-15T08:13:27.019+0000] {dag.py:3834} INFO - Setting next_dagrun for example_python_decorator to None, run_after=None
[2024-03-15T08:13:27.026+0000] {processor.py:183} INFO - Processing /home/airflow/.local/lib/python3.8/site-packages/airflow/example_dags/example_python_decorator.py took 0.027 seconds
[2024-03-15T08:13:57.338+0000] {processor.py:161} INFO - Started process (PID=1060) to work on /home/airflow/.local/lib/python3.8/site-packages/airflow/example_dags/example_python_decorator.py
[2024-03-15T08:13:57.338+0000] {processor.py:830} INFO - Processing file /home/airflow/.local/lib/python3.8/site-packages/airflow/example_dags/example_python_decorator.py for tasks to queue
[2024-03-15T08:13:57.339+0000] {logging_mixin.py:188} INFO - [2024-03-15T08:13:57.339+0000] {dagbag.py:540} INFO - Filling up the DagBag from /home/airflow/.local/lib/python3.8/site-packages/airflow/example_dags/example_python_decorator.py
[2024-03-15T08:13:57.345+0000] {processor.py:840} INFO - DAG(s) 'example_python_decorator' retrieved from /home/airflow/.local/lib/python3.8/site-packages/airflow/example_dags/example_python_decorator.py
[2024-03-15T08:13:57.354+0000] {logging_mixin.py:188} INFO - [2024-03-15T08:13:57.354+0000] {dag.py:3047} INFO - Sync 1 DAGs
[2024-03-15T08:13:57.358+0000] {logging_mixin.py:188} INFO - [2024-03-15T08:13:57.358+0000] {dag.py:3834} INFO - Setting next_dagrun for example_python_decorator to None, run_after=None
[2024-03-15T08:13:57.365+0000] {processor.py:183} INFO - Processing /home/airflow/.local/lib/python3.8/site-packages/airflow/example_dags/example_python_decorator.py took 0.028 seconds
[2024-03-15T08:14:27.707+0000] {processor.py:161} INFO - Started process (PID=1115) to work on /home/airflow/.local/lib/python3.8/site-packages/airflow/example_dags/example_python_decorator.py
[2024-03-15T08:14:27.708+0000] {processor.py:830} INFO - Processing file /home/airflow/.local/lib/python3.8/site-packages/airflow/example_dags/example_python_decorator.py for tasks to queue
[2024-03-15T08:14:27.709+0000] {logging_mixin.py:188} INFO - [2024-03-15T08:14:27.708+0000] {dagbag.py:540} INFO - Filling up the DagBag from /home/airflow/.local/lib/python3.8/site-packages/airflow/example_dags/example_python_decorator.py
[2024-03-15T08:14:27.714+0000] {processor.py:840} INFO - DAG(s) 'example_python_decorator' retrieved from /home/airflow/.local/lib/python3.8/site-packages/airflow/example_dags/example_python_decorator.py
[2024-03-15T08:14:27.723+0000] {logging_mixin.py:188} INFO - [2024-03-15T08:14:27.723+0000] {dag.py:3047} INFO - Sync 1 DAGs
[2024-03-15T08:14:27.728+0000] {logging_mixin.py:188} INFO - [2024-03-15T08:14:27.728+0000] {dag.py:3834} INFO - Setting next_dagrun for example_python_decorator to None, run_after=None
[2024-03-15T08:14:27.735+0000] {processor.py:183} INFO - Processing /home/airflow/.local/lib/python3.8/site-packages/airflow/example_dags/example_python_decorator.py took 0.029 seconds
[2024-03-15T08:14:58.032+0000] {processor.py:161} INFO - Started process (PID=1170) to work on /home/airflow/.local/lib/python3.8/site-packages/airflow/example_dags/example_python_decorator.py
[2024-03-15T08:14:58.032+0000] {processor.py:830} INFO - Processing file /home/airflow/.local/lib/python3.8/site-packages/airflow/example_dags/example_python_decorator.py for tasks to queue
[2024-03-15T08:14:58.033+0000] {logging_mixin.py:188} INFO - [2024-03-15T08:14:58.033+0000] {dagbag.py:540} INFO - Filling up the DagBag from /home/airflow/.local/lib/python3.8/site-packages/airflow/example_dags/example_python_decorator.py
[2024-03-15T08:14:58.039+0000] {processor.py:840} INFO - DAG(s) 'example_python_decorator' retrieved from /home/airflow/.local/lib/python3.8/site-packages/airflow/example_dags/example_python_decorator.py
[2024-03-15T08:14:58.048+0000] {logging_mixin.py:188} INFO - [2024-03-15T08:14:58.048+0000] {dag.py:3047} INFO - Sync 1 DAGs
[2024-03-15T08:14:58.052+0000] {logging_mixin.py:188} INFO - [2024-03-15T08:14:58.052+0000] {dag.py:3834} INFO - Setting next_dagrun for example_python_decorator to None, run_after=None
[2024-03-15T08:14:58.059+0000] {processor.py:183} INFO - Processing /home/airflow/.local/lib/python3.8/site-packages/airflow/example_dags/example_python_decorator.py took 0.028 seconds
[2024-03-15T08:15:28.408+0000] {processor.py:161} INFO - Started process (PID=1225) to work on /home/airflow/.local/lib/python3.8/site-packages/airflow/example_dags/example_python_decorator.py
[2024-03-15T08:15:28.409+0000] {processor.py:830} INFO - Processing file /home/airflow/.local/lib/python3.8/site-packages/airflow/example_dags/example_python_decorator.py for tasks to queue
[2024-03-15T08:15:28.409+0000] {logging_mixin.py:188} INFO - [2024-03-15T08:15:28.409+0000] {dagbag.py:540} INFO - Filling up the DagBag from /home/airflow/.local/lib/python3.8/site-packages/airflow/example_dags/example_python_decorator.py
[2024-03-15T08:15:28.415+0000] {processor.py:840} INFO - DAG(s) 'example_python_decorator' retrieved from /home/airflow/.local/lib/python3.8/site-packages/airflow/example_dags/example_python_decorator.py
[2024-03-15T08:15:28.424+0000] {logging_mixin.py:188} INFO - [2024-03-15T08:15:28.424+0000] {dag.py:3047} INFO - Sync 1 DAGs
[2024-03-15T08:15:28.429+0000] {logging_mixin.py:188} INFO - [2024-03-15T08:15:28.429+0000] {dag.py:3834} INFO - Setting next_dagrun for example_python_decorator to None, run_after=None
[2024-03-15T08:15:28.436+0000] {processor.py:183} INFO - Processing /home/airflow/.local/lib/python3.8/site-packages/airflow/example_dags/example_python_decorator.py took 0.029 seconds
[2024-03-15T08:15:58.796+0000] {processor.py:161} INFO - Started process (PID=1280) to work on /home/airflow/.local/lib/python3.8/site-packages/airflow/example_dags/example_python_decorator.py
[2024-03-15T08:15:58.797+0000] {processor.py:830} INFO - Processing file /home/airflow/.local/lib/python3.8/site-packages/airflow/example_dags/example_python_decorator.py for tasks to queue
[2024-03-15T08:15:58.798+0000] {logging_mixin.py:188} INFO - [2024-03-15T08:15:58.797+0000] {dagbag.py:540} INFO - Filling up the DagBag from /home/airflow/.local/lib/python3.8/site-packages/airflow/example_dags/example_python_decorator.py
[2024-03-15T08:15:58.804+0000] {processor.py:840} INFO - DAG(s) 'example_python_decorator' retrieved from /home/airflow/.local/lib/python3.8/site-packages/airflow/example_dags/example_python_decorator.py
[2024-03-15T08:15:58.814+0000] {logging_mixin.py:188} INFO - [2024-03-15T08:15:58.814+0000] {dag.py:3047} INFO - Sync 1 DAGs
[2024-03-15T08:15:58.820+0000] {logging_mixin.py:188} INFO - [2024-03-15T08:15:58.819+0000] {dag.py:3834} INFO - Setting next_dagrun for example_python_decorator to None, run_after=None
[2024-03-15T08:15:58.827+0000] {processor.py:183} INFO - Processing /home/airflow/.local/lib/python3.8/site-packages/airflow/example_dags/example_python_decorator.py took 0.033 seconds
[2024-03-15T08:16:29.144+0000] {processor.py:161} INFO - Started process (PID=1335) to work on /home/airflow/.local/lib/python3.8/site-packages/airflow/example_dags/example_python_decorator.py
[2024-03-15T08:16:29.145+0000] {processor.py:830} INFO - Processing file /home/airflow/.local/lib/python3.8/site-packages/airflow/example_dags/example_python_decorator.py for tasks to queue
[2024-03-15T08:16:29.145+0000] {logging_mixin.py:188} INFO - [2024-03-15T08:16:29.145+0000] {dagbag.py:540} INFO - Filling up the DagBag from /home/airflow/.local/lib/python3.8/site-packages/airflow/example_dags/example_python_decorator.py
[2024-03-15T08:16:29.152+0000] {processor.py:840} INFO - DAG(s) 'example_python_decorator' retrieved from /home/airflow/.local/lib/python3.8/site-packages/airflow/example_dags/example_python_decorator.py
[2024-03-15T08:16:29.161+0000] {logging_mixin.py:188} INFO - [2024-03-15T08:16:29.161+0000] {dag.py:3047} INFO - Sync 1 DAGs
[2024-03-15T08:16:29.165+0000] {logging_mixin.py:188} INFO - [2024-03-15T08:16:29.165+0000] {dag.py:3834} INFO - Setting next_dagrun for example_python_decorator to None, run_after=None
[2024-03-15T08:16:29.172+0000] {processor.py:183} INFO - Processing /home/airflow/.local/lib/python3.8/site-packages/airflow/example_dags/example_python_decorator.py took 0.029 seconds
[2024-03-15T08:16:59.466+0000] {processor.py:161} INFO - Started process (PID=1390) to work on /home/airflow/.local/lib/python3.8/site-packages/airflow/example_dags/example_python_decorator.py
[2024-03-15T08:16:59.466+0000] {processor.py:830} INFO - Processing file /home/airflow/.local/lib/python3.8/site-packages/airflow/example_dags/example_python_decorator.py for tasks to queue
[2024-03-15T08:16:59.467+0000] {logging_mixin.py:188} INFO - [2024-03-15T08:16:59.467+0000] {dagbag.py:540} INFO - Filling up the DagBag from /home/airflow/.local/lib/python3.8/site-packages/airflow/example_dags/example_python_decorator.py
[2024-03-15T08:16:59.473+0000] {processor.py:840} INFO - DAG(s) 'example_python_decorator' retrieved from /home/airflow/.local/lib/python3.8/site-packages/airflow/example_dags/example_python_decorator.py
[2024-03-15T08:16:59.484+0000] {logging_mixin.py:188} INFO - [2024-03-15T08:16:59.484+0000] {dag.py:3047} INFO - Sync 1 DAGs
[2024-03-15T08:16:59.491+0000] {logging_mixin.py:188} INFO - [2024-03-15T08:16:59.490+0000] {dag.py:3834} INFO - Setting next_dagrun for example_python_decorator to None, run_after=None
[2024-03-15T08:16:59.499+0000] {processor.py:183} INFO - Processing /home/airflow/.local/lib/python3.8/site-packages/airflow/example_dags/example_python_decorator.py took 0.035 seconds
[2024-03-15T08:17:29.836+0000] {processor.py:161} INFO - Started process (PID=1445) to work on /home/airflow/.local/lib/python3.8/site-packages/airflow/example_dags/example_python_decorator.py
[2024-03-15T08:17:29.836+0000] {processor.py:830} INFO - Processing file /home/airflow/.local/lib/python3.8/site-packages/airflow/example_dags/example_python_decorator.py for tasks to queue
[2024-03-15T08:17:29.837+0000] {logging_mixin.py:188} INFO - [2024-03-15T08:17:29.837+0000] {dagbag.py:540} INFO - Filling up the DagBag from /home/airflow/.local/lib/python3.8/site-packages/airflow/example_dags/example_python_decorator.py
[2024-03-15T08:17:29.843+0000] {processor.py:840} INFO - DAG(s) 'example_python_decorator' retrieved from /home/airflow/.local/lib/python3.8/site-packages/airflow/example_dags/example_python_decorator.py
[2024-03-15T08:17:29.852+0000] {logging_mixin.py:188} INFO - [2024-03-15T08:17:29.852+0000] {dag.py:3047} INFO - Sync 1 DAGs
[2024-03-15T08:17:29.857+0000] {logging_mixin.py:188} INFO - [2024-03-15T08:17:29.857+0000] {dag.py:3834} INFO - Setting next_dagrun for example_python_decorator to None, run_after=None
[2024-03-15T08:17:29.863+0000] {processor.py:183} INFO - Processing /home/airflow/.local/lib/python3.8/site-packages/airflow/example_dags/example_python_decorator.py took 0.029 seconds
[2024-03-15T08:18:00.185+0000] {processor.py:161} INFO - Started process (PID=1500) to work on /home/airflow/.local/lib/python3.8/site-packages/airflow/example_dags/example_python_decorator.py
[2024-03-15T08:18:00.186+0000] {processor.py:830} INFO - Processing file /home/airflow/.local/lib/python3.8/site-packages/airflow/example_dags/example_python_decorator.py for tasks to queue
[2024-03-15T08:18:00.186+0000] {logging_mixin.py:188} INFO - [2024-03-15T08:18:00.186+0000] {dagbag.py:540} INFO - Filling up the DagBag from /home/airflow/.local/lib/python3.8/site-packages/airflow/example_dags/example_python_decorator.py
[2024-03-15T08:18:00.192+0000] {processor.py:840} INFO - DAG(s) 'example_python_decorator' retrieved from /home/airflow/.local/lib/python3.8/site-packages/airflow/example_dags/example_python_decorator.py
[2024-03-15T08:18:00.201+0000] {logging_mixin.py:188} INFO - [2024-03-15T08:18:00.201+0000] {dag.py:3047} INFO - Sync 1 DAGs
[2024-03-15T08:18:00.206+0000] {logging_mixin.py:188} INFO - [2024-03-15T08:18:00.206+0000] {dag.py:3834} INFO - Setting next_dagrun for example_python_decorator to None, run_after=None
[2024-03-15T08:18:00.213+0000] {processor.py:183} INFO - Processing /home/airflow/.local/lib/python3.8/site-packages/airflow/example_dags/example_python_decorator.py took 0.030 seconds
[2024-03-15T08:18:30.647+0000] {processor.py:161} INFO - Started process (PID=1555) to work on /home/airflow/.local/lib/python3.8/site-packages/airflow/example_dags/example_python_decorator.py
[2024-03-15T08:18:30.648+0000] {processor.py:830} INFO - Processing file /home/airflow/.local/lib/python3.8/site-packages/airflow/example_dags/example_python_decorator.py for tasks to queue
[2024-03-15T08:18:30.649+0000] {logging_mixin.py:188} INFO - [2024-03-15T08:18:30.648+0000] {dagbag.py:540} INFO - Filling up the DagBag from /home/airflow/.local/lib/python3.8/site-packages/airflow/example_dags/example_python_decorator.py
[2024-03-15T08:18:30.654+0000] {processor.py:840} INFO - DAG(s) 'example_python_decorator' retrieved from /home/airflow/.local/lib/python3.8/site-packages/airflow/example_dags/example_python_decorator.py
[2024-03-15T08:18:30.663+0000] {logging_mixin.py:188} INFO - [2024-03-15T08:18:30.663+0000] {dag.py:3047} INFO - Sync 1 DAGs
[2024-03-15T08:18:30.668+0000] {logging_mixin.py:188} INFO - [2024-03-15T08:18:30.668+0000] {dag.py:3834} INFO - Setting next_dagrun for example_python_decorator to None, run_after=None
[2024-03-15T08:18:30.674+0000] {processor.py:183} INFO - Processing /home/airflow/.local/lib/python3.8/site-packages/airflow/example_dags/example_python_decorator.py took 0.028 seconds
[2024-03-15T08:19:00.974+0000] {processor.py:161} INFO - Started process (PID=1610) to work on /home/airflow/.local/lib/python3.8/site-packages/airflow/example_dags/example_python_decorator.py
[2024-03-15T08:19:00.974+0000] {processor.py:830} INFO - Processing file /home/airflow/.local/lib/python3.8/site-packages/airflow/example_dags/example_python_decorator.py for tasks to queue
[2024-03-15T08:19:00.975+0000] {logging_mixin.py:188} INFO - [2024-03-15T08:19:00.975+0000] {dagbag.py:540} INFO - Filling up the DagBag from /home/airflow/.local/lib/python3.8/site-packages/airflow/example_dags/example_python_decorator.py
[2024-03-15T08:19:00.981+0000] {processor.py:840} INFO - DAG(s) 'example_python_decorator' retrieved from /home/airflow/.local/lib/python3.8/site-packages/airflow/example_dags/example_python_decorator.py
[2024-03-15T08:19:00.989+0000] {logging_mixin.py:188} INFO - [2024-03-15T08:19:00.989+0000] {dag.py:3047} INFO - Sync 1 DAGs
[2024-03-15T08:19:00.994+0000] {logging_mixin.py:188} INFO - [2024-03-15T08:19:00.994+0000] {dag.py:3834} INFO - Setting next_dagrun for example_python_decorator to None, run_after=None
[2024-03-15T08:19:01.001+0000] {processor.py:183} INFO - Processing /home/airflow/.local/lib/python3.8/site-packages/airflow/example_dags/example_python_decorator.py took 0.028 seconds
[2024-03-15T08:19:31.236+0000] {processor.py:161} INFO - Started process (PID=1665) to work on /home/airflow/.local/lib/python3.8/site-packages/airflow/example_dags/example_python_decorator.py
[2024-03-15T08:19:31.237+0000] {processor.py:830} INFO - Processing file /home/airflow/.local/lib/python3.8/site-packages/airflow/example_dags/example_python_decorator.py for tasks to queue
[2024-03-15T08:19:31.238+0000] {logging_mixin.py:188} INFO - [2024-03-15T08:19:31.237+0000] {dagbag.py:540} INFO - Filling up the DagBag from /home/airflow/.local/lib/python3.8/site-packages/airflow/example_dags/example_python_decorator.py
[2024-03-15T08:19:31.244+0000] {processor.py:840} INFO - DAG(s) 'example_python_decorator' retrieved from /home/airflow/.local/lib/python3.8/site-packages/airflow/example_dags/example_python_decorator.py
[2024-03-15T08:19:31.253+0000] {logging_mixin.py:188} INFO - [2024-03-15T08:19:31.253+0000] {dag.py:3047} INFO - Sync 1 DAGs
[2024-03-15T08:19:31.259+0000] {logging_mixin.py:188} INFO - [2024-03-15T08:19:31.259+0000] {dag.py:3834} INFO - Setting next_dagrun for example_python_decorator to None, run_after=None
[2024-03-15T08:19:31.266+0000] {processor.py:183} INFO - Processing /home/airflow/.local/lib/python3.8/site-packages/airflow/example_dags/example_python_decorator.py took 0.031 seconds
[2024-03-15T08:20:01.618+0000] {processor.py:161} INFO - Started process (PID=1720) to work on /home/airflow/.local/lib/python3.8/site-packages/airflow/example_dags/example_python_decorator.py
[2024-03-15T08:20:01.618+0000] {processor.py:830} INFO - Processing file /home/airflow/.local/lib/python3.8/site-packages/airflow/example_dags/example_python_decorator.py for tasks to queue
[2024-03-15T08:20:01.619+0000] {logging_mixin.py:188} INFO - [2024-03-15T08:20:01.619+0000] {dagbag.py:540} INFO - Filling up the DagBag from /home/airflow/.local/lib/python3.8/site-packages/airflow/example_dags/example_python_decorator.py
[2024-03-15T08:20:01.624+0000] {processor.py:840} INFO - DAG(s) 'example_python_decorator' retrieved from /home/airflow/.local/lib/python3.8/site-packages/airflow/example_dags/example_python_decorator.py
[2024-03-15T08:20:01.633+0000] {logging_mixin.py:188} INFO - [2024-03-15T08:20:01.633+0000] {dag.py:3047} INFO - Sync 1 DAGs
[2024-03-15T08:20:01.637+0000] {logging_mixin.py:188} INFO - [2024-03-15T08:20:01.637+0000] {dag.py:3834} INFO - Setting next_dagrun for example_python_decorator to None, run_after=None
[2024-03-15T08:20:01.644+0000] {processor.py:183} INFO - Processing /home/airflow/.local/lib/python3.8/site-packages/airflow/example_dags/example_python_decorator.py took 0.028 seconds
[2024-03-15T08:20:31.916+0000] {processor.py:161} INFO - Started process (PID=1774) to work on /home/airflow/.local/lib/python3.8/site-packages/airflow/example_dags/example_python_decorator.py
[2024-03-15T08:20:31.917+0000] {processor.py:830} INFO - Processing file /home/airflow/.local/lib/python3.8/site-packages/airflow/example_dags/example_python_decorator.py for tasks to queue
[2024-03-15T08:20:31.918+0000] {logging_mixin.py:188} INFO - [2024-03-15T08:20:31.918+0000] {dagbag.py:540} INFO - Filling up the DagBag from /home/airflow/.local/lib/python3.8/site-packages/airflow/example_dags/example_python_decorator.py
[2024-03-15T08:20:31.924+0000] {processor.py:840} INFO - DAG(s) 'example_python_decorator' retrieved from /home/airflow/.local/lib/python3.8/site-packages/airflow/example_dags/example_python_decorator.py
[2024-03-15T08:20:31.933+0000] {logging_mixin.py:188} INFO - [2024-03-15T08:20:31.933+0000] {dag.py:3047} INFO - Sync 1 DAGs
[2024-03-15T08:20:31.940+0000] {logging_mixin.py:188} INFO - [2024-03-15T08:20:31.939+0000] {dag.py:3834} INFO - Setting next_dagrun for example_python_decorator to None, run_after=None
[2024-03-15T08:20:31.946+0000] {processor.py:183} INFO - Processing /home/airflow/.local/lib/python3.8/site-packages/airflow/example_dags/example_python_decorator.py took 0.031 seconds
[2024-03-15T08:21:02.278+0000] {processor.py:161} INFO - Started process (PID=1829) to work on /home/airflow/.local/lib/python3.8/site-packages/airflow/example_dags/example_python_decorator.py
[2024-03-15T08:21:02.278+0000] {processor.py:830} INFO - Processing file /home/airflow/.local/lib/python3.8/site-packages/airflow/example_dags/example_python_decorator.py for tasks to queue
[2024-03-15T08:21:02.279+0000] {logging_mixin.py:188} INFO - [2024-03-15T08:21:02.279+0000] {dagbag.py:540} INFO - Filling up the DagBag from /home/airflow/.local/lib/python3.8/site-packages/airflow/example_dags/example_python_decorator.py
[2024-03-15T08:21:02.284+0000] {processor.py:840} INFO - DAG(s) 'example_python_decorator' retrieved from /home/airflow/.local/lib/python3.8/site-packages/airflow/example_dags/example_python_decorator.py
[2024-03-15T08:21:02.292+0000] {logging_mixin.py:188} INFO - [2024-03-15T08:21:02.292+0000] {dag.py:3047} INFO - Sync 1 DAGs
[2024-03-15T08:21:02.297+0000] {logging_mixin.py:188} INFO - [2024-03-15T08:21:02.297+0000] {dag.py:3834} INFO - Setting next_dagrun for example_python_decorator to None, run_after=None
[2024-03-15T08:21:02.304+0000] {processor.py:183} INFO - Processing /home/airflow/.local/lib/python3.8/site-packages/airflow/example_dags/example_python_decorator.py took 0.028 seconds
[2024-03-15T08:21:32.555+0000] {processor.py:161} INFO - Started process (PID=1884) to work on /home/airflow/.local/lib/python3.8/site-packages/airflow/example_dags/example_python_decorator.py
[2024-03-15T08:21:32.555+0000] {processor.py:830} INFO - Processing file /home/airflow/.local/lib/python3.8/site-packages/airflow/example_dags/example_python_decorator.py for tasks to queue
[2024-03-15T08:21:32.556+0000] {logging_mixin.py:188} INFO - [2024-03-15T08:21:32.556+0000] {dagbag.py:540} INFO - Filling up the DagBag from /home/airflow/.local/lib/python3.8/site-packages/airflow/example_dags/example_python_decorator.py
[2024-03-15T08:21:32.562+0000] {processor.py:840} INFO - DAG(s) 'example_python_decorator' retrieved from /home/airflow/.local/lib/python3.8/site-packages/airflow/example_dags/example_python_decorator.py
[2024-03-15T08:21:32.571+0000] {logging_mixin.py:188} INFO - [2024-03-15T08:21:32.571+0000] {dag.py:3047} INFO - Sync 1 DAGs
[2024-03-15T08:21:32.575+0000] {logging_mixin.py:188} INFO - [2024-03-15T08:21:32.575+0000] {dag.py:3834} INFO - Setting next_dagrun for example_python_decorator to None, run_after=None
[2024-03-15T08:21:32.582+0000] {processor.py:183} INFO - Processing /home/airflow/.local/lib/python3.8/site-packages/airflow/example_dags/example_python_decorator.py took 0.028 seconds
[2024-03-15T08:22:02.869+0000] {processor.py:161} INFO - Started process (PID=1938) to work on /home/airflow/.local/lib/python3.8/site-packages/airflow/example_dags/example_python_decorator.py
[2024-03-15T08:22:02.869+0000] {processor.py:830} INFO - Processing file /home/airflow/.local/lib/python3.8/site-packages/airflow/example_dags/example_python_decorator.py for tasks to queue
[2024-03-15T08:22:02.870+0000] {logging_mixin.py:188} INFO - [2024-03-15T08:22:02.870+0000] {dagbag.py:540} INFO - Filling up the DagBag from /home/airflow/.local/lib/python3.8/site-packages/airflow/example_dags/example_python_decorator.py
[2024-03-15T08:22:02.876+0000] {processor.py:840} INFO - DAG(s) 'example_python_decorator' retrieved from /home/airflow/.local/lib/python3.8/site-packages/airflow/example_dags/example_python_decorator.py
[2024-03-15T08:22:02.885+0000] {logging_mixin.py:188} INFO - [2024-03-15T08:22:02.885+0000] {dag.py:3047} INFO - Sync 1 DAGs
[2024-03-15T08:22:02.890+0000] {logging_mixin.py:188} INFO - [2024-03-15T08:22:02.890+0000] {dag.py:3834} INFO - Setting next_dagrun for example_python_decorator to None, run_after=None
[2024-03-15T08:22:02.896+0000] {processor.py:183} INFO - Processing /home/airflow/.local/lib/python3.8/site-packages/airflow/example_dags/example_python_decorator.py took 0.029 seconds
[2024-03-15T08:22:33.203+0000] {processor.py:161} INFO - Started process (PID=1993) to work on /home/airflow/.local/lib/python3.8/site-packages/airflow/example_dags/example_python_decorator.py
[2024-03-15T08:22:33.204+0000] {processor.py:830} INFO - Processing file /home/airflow/.local/lib/python3.8/site-packages/airflow/example_dags/example_python_decorator.py for tasks to queue
[2024-03-15T08:22:33.205+0000] {logging_mixin.py:188} INFO - [2024-03-15T08:22:33.204+0000] {dagbag.py:540} INFO - Filling up the DagBag from /home/airflow/.local/lib/python3.8/site-packages/airflow/example_dags/example_python_decorator.py
[2024-03-15T08:22:33.211+0000] {processor.py:840} INFO - DAG(s) 'example_python_decorator' retrieved from /home/airflow/.local/lib/python3.8/site-packages/airflow/example_dags/example_python_decorator.py
[2024-03-15T08:22:33.220+0000] {logging_mixin.py:188} INFO - [2024-03-15T08:22:33.220+0000] {dag.py:3047} INFO - Sync 1 DAGs
[2024-03-15T08:22:33.226+0000] {logging_mixin.py:188} INFO - [2024-03-15T08:22:33.226+0000] {dag.py:3834} INFO - Setting next_dagrun for example_python_decorator to None, run_after=None
[2024-03-15T08:22:33.233+0000] {processor.py:183} INFO - Processing /home/airflow/.local/lib/python3.8/site-packages/airflow/example_dags/example_python_decorator.py took 0.032 seconds
[2024-03-15T08:23:03.693+0000] {processor.py:161} INFO - Started process (PID=2048) to work on /home/airflow/.local/lib/python3.8/site-packages/airflow/example_dags/example_python_decorator.py
[2024-03-15T08:23:03.693+0000] {processor.py:830} INFO - Processing file /home/airflow/.local/lib/python3.8/site-packages/airflow/example_dags/example_python_decorator.py for tasks to queue
[2024-03-15T08:23:03.694+0000] {logging_mixin.py:188} INFO - [2024-03-15T08:23:03.694+0000] {dagbag.py:540} INFO - Filling up the DagBag from /home/airflow/.local/lib/python3.8/site-packages/airflow/example_dags/example_python_decorator.py
[2024-03-15T08:23:03.700+0000] {processor.py:840} INFO - DAG(s) 'example_python_decorator' retrieved from /home/airflow/.local/lib/python3.8/site-packages/airflow/example_dags/example_python_decorator.py
[2024-03-15T08:23:03.709+0000] {logging_mixin.py:188} INFO - [2024-03-15T08:23:03.709+0000] {dag.py:3047} INFO - Sync 1 DAGs
[2024-03-15T08:23:03.714+0000] {logging_mixin.py:188} INFO - [2024-03-15T08:23:03.714+0000] {dag.py:3834} INFO - Setting next_dagrun for example_python_decorator to None, run_after=None
[2024-03-15T08:23:03.721+0000] {processor.py:183} INFO - Processing /home/airflow/.local/lib/python3.8/site-packages/airflow/example_dags/example_python_decorator.py took 0.030 seconds
[2024-03-15T08:23:34.248+0000] {processor.py:161} INFO - Started process (PID=2102) to work on /home/airflow/.local/lib/python3.8/site-packages/airflow/example_dags/example_python_decorator.py
[2024-03-15T08:23:34.248+0000] {processor.py:830} INFO - Processing file /home/airflow/.local/lib/python3.8/site-packages/airflow/example_dags/example_python_decorator.py for tasks to queue
[2024-03-15T08:23:34.249+0000] {logging_mixin.py:188} INFO - [2024-03-15T08:23:34.249+0000] {dagbag.py:540} INFO - Filling up the DagBag from /home/airflow/.local/lib/python3.8/site-packages/airflow/example_dags/example_python_decorator.py
[2024-03-15T08:23:34.255+0000] {processor.py:840} INFO - DAG(s) 'example_python_decorator' retrieved from /home/airflow/.local/lib/python3.8/site-packages/airflow/example_dags/example_python_decorator.py
[2024-03-15T08:23:34.264+0000] {logging_mixin.py:188} INFO - [2024-03-15T08:23:34.264+0000] {dag.py:3047} INFO - Sync 1 DAGs
[2024-03-15T08:23:34.269+0000] {logging_mixin.py:188} INFO - [2024-03-15T08:23:34.268+0000] {dag.py:3834} INFO - Setting next_dagrun for example_python_decorator to None, run_after=None
[2024-03-15T08:23:34.275+0000] {processor.py:183} INFO - Processing /home/airflow/.local/lib/python3.8/site-packages/airflow/example_dags/example_python_decorator.py took 0.028 seconds
