[2024-03-15T08:04:49.548+0000] {processor.py:161} INFO - Started process (PID=80) to work on /home/airflow/.local/lib/python3.8/site-packages/airflow/example_dags/example_time_delta_sensor_async.py
[2024-03-15T08:04:49.549+0000] {processor.py:830} INFO - Processing file /home/airflow/.local/lib/python3.8/site-packages/airflow/example_dags/example_time_delta_sensor_async.py for tasks to queue
[2024-03-15T08:04:49.550+0000] {logging_mixin.py:188} INFO - [2024-03-15T08:04:49.550+0000] {dagbag.py:540} INFO - Filling up the DagBag from /home/airflow/.local/lib/python3.8/site-packages/airflow/example_dags/example_time_delta_sensor_async.py
[2024-03-15T08:04:49.552+0000] {processor.py:840} INFO - DAG(s) 'example_time_delta_sensor_async' retrieved from /home/airflow/.local/lib/python3.8/site-packages/airflow/example_dags/example_time_delta_sensor_async.py
[2024-03-15T08:04:49.558+0000] {logging_mixin.py:188} INFO - [2024-03-15T08:04:49.558+0000] {dag.py:3047} INFO - Sync 1 DAGs
[2024-03-15T08:04:49.565+0000] {logging_mixin.py:188} INFO - [2024-03-15T08:04:49.564+0000] {dag.py:3834} INFO - Setting next_dagrun for example_time_delta_sensor_async to None, run_after=None
[2024-03-15T08:04:49.573+0000] {processor.py:183} INFO - Processing /home/airflow/.local/lib/python3.8/site-packages/airflow/example_dags/example_time_delta_sensor_async.py took 0.026 seconds
[2024-03-15T08:05:21.027+0000] {processor.py:161} INFO - Started process (PID=135) to work on /home/airflow/.local/lib/python3.8/site-packages/airflow/example_dags/example_time_delta_sensor_async.py
[2024-03-15T08:05:21.028+0000] {processor.py:830} INFO - Processing file /home/airflow/.local/lib/python3.8/site-packages/airflow/example_dags/example_time_delta_sensor_async.py for tasks to queue
[2024-03-15T08:05:21.028+0000] {logging_mixin.py:188} INFO - [2024-03-15T08:05:21.028+0000] {dagbag.py:540} INFO - Filling up the DagBag from /home/airflow/.local/lib/python3.8/site-packages/airflow/example_dags/example_time_delta_sensor_async.py
[2024-03-15T08:05:21.030+0000] {processor.py:840} INFO - DAG(s) 'example_time_delta_sensor_async' retrieved from /home/airflow/.local/lib/python3.8/site-packages/airflow/example_dags/example_time_delta_sensor_async.py
[2024-03-15T08:05:21.068+0000] {logging_mixin.py:188} INFO - [2024-03-15T08:05:21.068+0000] {dag.py:3047} INFO - Sync 1 DAGs
[2024-03-15T08:05:21.072+0000] {logging_mixin.py:188} INFO - [2024-03-15T08:05:21.072+0000] {dag.py:3834} INFO - Setting next_dagrun for example_time_delta_sensor_async to None, run_after=None
[2024-03-15T08:05:21.079+0000] {processor.py:183} INFO - Processing /home/airflow/.local/lib/python3.8/site-packages/airflow/example_dags/example_time_delta_sensor_async.py took 0.054 seconds
[2024-03-15T08:05:51.546+0000] {processor.py:161} INFO - Started process (PID=190) to work on /home/airflow/.local/lib/python3.8/site-packages/airflow/example_dags/example_time_delta_sensor_async.py
[2024-03-15T08:05:51.546+0000] {processor.py:830} INFO - Processing file /home/airflow/.local/lib/python3.8/site-packages/airflow/example_dags/example_time_delta_sensor_async.py for tasks to queue
[2024-03-15T08:05:51.547+0000] {logging_mixin.py:188} INFO - [2024-03-15T08:05:51.547+0000] {dagbag.py:540} INFO - Filling up the DagBag from /home/airflow/.local/lib/python3.8/site-packages/airflow/example_dags/example_time_delta_sensor_async.py
[2024-03-15T08:05:51.549+0000] {processor.py:840} INFO - DAG(s) 'example_time_delta_sensor_async' retrieved from /home/airflow/.local/lib/python3.8/site-packages/airflow/example_dags/example_time_delta_sensor_async.py
[2024-03-15T08:05:51.558+0000] {logging_mixin.py:188} INFO - [2024-03-15T08:05:51.558+0000] {dag.py:3047} INFO - Sync 1 DAGs
[2024-03-15T08:05:51.563+0000] {logging_mixin.py:188} INFO - [2024-03-15T08:05:51.563+0000] {dag.py:3834} INFO - Setting next_dagrun for example_time_delta_sensor_async to None, run_after=None
[2024-03-15T08:05:51.570+0000] {processor.py:183} INFO - Processing /home/airflow/.local/lib/python3.8/site-packages/airflow/example_dags/example_time_delta_sensor_async.py took 0.026 seconds
[2024-03-15T08:06:21.828+0000] {processor.py:161} INFO - Started process (PID=245) to work on /home/airflow/.local/lib/python3.8/site-packages/airflow/example_dags/example_time_delta_sensor_async.py
[2024-03-15T08:06:21.828+0000] {processor.py:830} INFO - Processing file /home/airflow/.local/lib/python3.8/site-packages/airflow/example_dags/example_time_delta_sensor_async.py for tasks to queue
[2024-03-15T08:06:21.829+0000] {logging_mixin.py:188} INFO - [2024-03-15T08:06:21.829+0000] {dagbag.py:540} INFO - Filling up the DagBag from /home/airflow/.local/lib/python3.8/site-packages/airflow/example_dags/example_time_delta_sensor_async.py
[2024-03-15T08:06:21.832+0000] {processor.py:840} INFO - DAG(s) 'example_time_delta_sensor_async' retrieved from /home/airflow/.local/lib/python3.8/site-packages/airflow/example_dags/example_time_delta_sensor_async.py
[2024-03-15T08:06:21.840+0000] {logging_mixin.py:188} INFO - [2024-03-15T08:06:21.840+0000] {dag.py:3047} INFO - Sync 1 DAGs
[2024-03-15T08:06:21.845+0000] {logging_mixin.py:188} INFO - [2024-03-15T08:06:21.845+0000] {dag.py:3834} INFO - Setting next_dagrun for example_time_delta_sensor_async to None, run_after=None
[2024-03-15T08:06:21.852+0000] {processor.py:183} INFO - Processing /home/airflow/.local/lib/python3.8/site-packages/airflow/example_dags/example_time_delta_sensor_async.py took 0.026 seconds
[2024-03-15T08:06:52.132+0000] {processor.py:161} INFO - Started process (PID=300) to work on /home/airflow/.local/lib/python3.8/site-packages/airflow/example_dags/example_time_delta_sensor_async.py
[2024-03-15T08:06:52.132+0000] {processor.py:830} INFO - Processing file /home/airflow/.local/lib/python3.8/site-packages/airflow/example_dags/example_time_delta_sensor_async.py for tasks to queue
[2024-03-15T08:06:52.133+0000] {logging_mixin.py:188} INFO - [2024-03-15T08:06:52.133+0000] {dagbag.py:540} INFO - Filling up the DagBag from /home/airflow/.local/lib/python3.8/site-packages/airflow/example_dags/example_time_delta_sensor_async.py
[2024-03-15T08:06:52.135+0000] {processor.py:840} INFO - DAG(s) 'example_time_delta_sensor_async' retrieved from /home/airflow/.local/lib/python3.8/site-packages/airflow/example_dags/example_time_delta_sensor_async.py
[2024-03-15T08:06:52.144+0000] {logging_mixin.py:188} INFO - [2024-03-15T08:06:52.144+0000] {dag.py:3047} INFO - Sync 1 DAGs
[2024-03-15T08:06:52.149+0000] {logging_mixin.py:188} INFO - [2024-03-15T08:06:52.149+0000] {dag.py:3834} INFO - Setting next_dagrun for example_time_delta_sensor_async to None, run_after=None
[2024-03-15T08:06:52.156+0000] {processor.py:183} INFO - Processing /home/airflow/.local/lib/python3.8/site-packages/airflow/example_dags/example_time_delta_sensor_async.py took 0.025 seconds
[2024-03-15T08:07:22.436+0000] {processor.py:161} INFO - Started process (PID=355) to work on /home/airflow/.local/lib/python3.8/site-packages/airflow/example_dags/example_time_delta_sensor_async.py
[2024-03-15T08:07:22.436+0000] {processor.py:830} INFO - Processing file /home/airflow/.local/lib/python3.8/site-packages/airflow/example_dags/example_time_delta_sensor_async.py for tasks to queue
[2024-03-15T08:07:22.437+0000] {logging_mixin.py:188} INFO - [2024-03-15T08:07:22.437+0000] {dagbag.py:540} INFO - Filling up the DagBag from /home/airflow/.local/lib/python3.8/site-packages/airflow/example_dags/example_time_delta_sensor_async.py
[2024-03-15T08:07:22.439+0000] {processor.py:840} INFO - DAG(s) 'example_time_delta_sensor_async' retrieved from /home/airflow/.local/lib/python3.8/site-packages/airflow/example_dags/example_time_delta_sensor_async.py
[2024-03-15T08:07:22.447+0000] {logging_mixin.py:188} INFO - [2024-03-15T08:07:22.447+0000] {dag.py:3047} INFO - Sync 1 DAGs
[2024-03-15T08:07:22.452+0000] {logging_mixin.py:188} INFO - [2024-03-15T08:07:22.452+0000] {dag.py:3834} INFO - Setting next_dagrun for example_time_delta_sensor_async to None, run_after=None
[2024-03-15T08:07:22.458+0000] {processor.py:183} INFO - Processing /home/airflow/.local/lib/python3.8/site-packages/airflow/example_dags/example_time_delta_sensor_async.py took 0.024 seconds
[2024-03-15T08:07:52.764+0000] {processor.py:161} INFO - Started process (PID=410) to work on /home/airflow/.local/lib/python3.8/site-packages/airflow/example_dags/example_time_delta_sensor_async.py
[2024-03-15T08:07:52.765+0000] {processor.py:830} INFO - Processing file /home/airflow/.local/lib/python3.8/site-packages/airflow/example_dags/example_time_delta_sensor_async.py for tasks to queue
[2024-03-15T08:07:52.767+0000] {logging_mixin.py:188} INFO - [2024-03-15T08:07:52.766+0000] {dagbag.py:540} INFO - Filling up the DagBag from /home/airflow/.local/lib/python3.8/site-packages/airflow/example_dags/example_time_delta_sensor_async.py
[2024-03-15T08:07:52.770+0000] {processor.py:840} INFO - DAG(s) 'example_time_delta_sensor_async' retrieved from /home/airflow/.local/lib/python3.8/site-packages/airflow/example_dags/example_time_delta_sensor_async.py
[2024-03-15T08:07:52.780+0000] {logging_mixin.py:188} INFO - [2024-03-15T08:07:52.780+0000] {dag.py:3047} INFO - Sync 1 DAGs
[2024-03-15T08:07:52.785+0000] {logging_mixin.py:188} INFO - [2024-03-15T08:07:52.785+0000] {dag.py:3834} INFO - Setting next_dagrun for example_time_delta_sensor_async to None, run_after=None
[2024-03-15T08:07:52.793+0000] {processor.py:183} INFO - Processing /home/airflow/.local/lib/python3.8/site-packages/airflow/example_dags/example_time_delta_sensor_async.py took 0.030 seconds
[2024-03-15T08:08:23.144+0000] {processor.py:161} INFO - Started process (PID=464) to work on /home/airflow/.local/lib/python3.8/site-packages/airflow/example_dags/example_time_delta_sensor_async.py
[2024-03-15T08:08:23.145+0000] {processor.py:830} INFO - Processing file /home/airflow/.local/lib/python3.8/site-packages/airflow/example_dags/example_time_delta_sensor_async.py for tasks to queue
[2024-03-15T08:08:23.146+0000] {logging_mixin.py:188} INFO - [2024-03-15T08:08:23.146+0000] {dagbag.py:540} INFO - Filling up the DagBag from /home/airflow/.local/lib/python3.8/site-packages/airflow/example_dags/example_time_delta_sensor_async.py
[2024-03-15T08:08:23.148+0000] {processor.py:840} INFO - DAG(s) 'example_time_delta_sensor_async' retrieved from /home/airflow/.local/lib/python3.8/site-packages/airflow/example_dags/example_time_delta_sensor_async.py
[2024-03-15T08:08:23.156+0000] {logging_mixin.py:188} INFO - [2024-03-15T08:08:23.156+0000] {dag.py:3047} INFO - Sync 1 DAGs
[2024-03-15T08:08:23.161+0000] {logging_mixin.py:188} INFO - [2024-03-15T08:08:23.161+0000] {dag.py:3834} INFO - Setting next_dagrun for example_time_delta_sensor_async to None, run_after=None
[2024-03-15T08:08:23.168+0000] {processor.py:183} INFO - Processing /home/airflow/.local/lib/python3.8/site-packages/airflow/example_dags/example_time_delta_sensor_async.py took 0.025 seconds
[2024-03-15T08:08:53.459+0000] {processor.py:161} INFO - Started process (PID=519) to work on /home/airflow/.local/lib/python3.8/site-packages/airflow/example_dags/example_time_delta_sensor_async.py
[2024-03-15T08:08:53.459+0000] {processor.py:830} INFO - Processing file /home/airflow/.local/lib/python3.8/site-packages/airflow/example_dags/example_time_delta_sensor_async.py for tasks to queue
[2024-03-15T08:08:53.460+0000] {logging_mixin.py:188} INFO - [2024-03-15T08:08:53.460+0000] {dagbag.py:540} INFO - Filling up the DagBag from /home/airflow/.local/lib/python3.8/site-packages/airflow/example_dags/example_time_delta_sensor_async.py
[2024-03-15T08:08:53.462+0000] {processor.py:840} INFO - DAG(s) 'example_time_delta_sensor_async' retrieved from /home/airflow/.local/lib/python3.8/site-packages/airflow/example_dags/example_time_delta_sensor_async.py
[2024-03-15T08:08:53.470+0000] {logging_mixin.py:188} INFO - [2024-03-15T08:08:53.470+0000] {dag.py:3047} INFO - Sync 1 DAGs
[2024-03-15T08:08:53.475+0000] {logging_mixin.py:188} INFO - [2024-03-15T08:08:53.475+0000] {dag.py:3834} INFO - Setting next_dagrun for example_time_delta_sensor_async to None, run_after=None
[2024-03-15T08:08:53.482+0000] {processor.py:183} INFO - Processing /home/airflow/.local/lib/python3.8/site-packages/airflow/example_dags/example_time_delta_sensor_async.py took 0.024 seconds
[2024-03-15T08:09:23.794+0000] {processor.py:161} INFO - Started process (PID=574) to work on /home/airflow/.local/lib/python3.8/site-packages/airflow/example_dags/example_time_delta_sensor_async.py
[2024-03-15T08:09:23.795+0000] {processor.py:830} INFO - Processing file /home/airflow/.local/lib/python3.8/site-packages/airflow/example_dags/example_time_delta_sensor_async.py for tasks to queue
[2024-03-15T08:09:23.795+0000] {logging_mixin.py:188} INFO - [2024-03-15T08:09:23.795+0000] {dagbag.py:540} INFO - Filling up the DagBag from /home/airflow/.local/lib/python3.8/site-packages/airflow/example_dags/example_time_delta_sensor_async.py
[2024-03-15T08:09:23.798+0000] {processor.py:840} INFO - DAG(s) 'example_time_delta_sensor_async' retrieved from /home/airflow/.local/lib/python3.8/site-packages/airflow/example_dags/example_time_delta_sensor_async.py
[2024-03-15T08:09:23.806+0000] {logging_mixin.py:188} INFO - [2024-03-15T08:09:23.806+0000] {dag.py:3047} INFO - Sync 1 DAGs
[2024-03-15T08:09:23.811+0000] {logging_mixin.py:188} INFO - [2024-03-15T08:09:23.811+0000] {dag.py:3834} INFO - Setting next_dagrun for example_time_delta_sensor_async to None, run_after=None
[2024-03-15T08:09:23.818+0000] {processor.py:183} INFO - Processing /home/airflow/.local/lib/python3.8/site-packages/airflow/example_dags/example_time_delta_sensor_async.py took 0.025 seconds
[2024-03-15T08:09:54.330+0000] {processor.py:161} INFO - Started process (PID=629) to work on /home/airflow/.local/lib/python3.8/site-packages/airflow/example_dags/example_time_delta_sensor_async.py
[2024-03-15T08:09:54.330+0000] {processor.py:830} INFO - Processing file /home/airflow/.local/lib/python3.8/site-packages/airflow/example_dags/example_time_delta_sensor_async.py for tasks to queue
[2024-03-15T08:09:54.331+0000] {logging_mixin.py:188} INFO - [2024-03-15T08:09:54.331+0000] {dagbag.py:540} INFO - Filling up the DagBag from /home/airflow/.local/lib/python3.8/site-packages/airflow/example_dags/example_time_delta_sensor_async.py
[2024-03-15T08:09:54.333+0000] {processor.py:840} INFO - DAG(s) 'example_time_delta_sensor_async' retrieved from /home/airflow/.local/lib/python3.8/site-packages/airflow/example_dags/example_time_delta_sensor_async.py
[2024-03-15T08:09:54.343+0000] {logging_mixin.py:188} INFO - [2024-03-15T08:09:54.342+0000] {dag.py:3047} INFO - Sync 1 DAGs
[2024-03-15T08:09:54.348+0000] {logging_mixin.py:188} INFO - [2024-03-15T08:09:54.348+0000] {dag.py:3834} INFO - Setting next_dagrun for example_time_delta_sensor_async to None, run_after=None
[2024-03-15T08:09:54.356+0000] {processor.py:183} INFO - Processing /home/airflow/.local/lib/python3.8/site-packages/airflow/example_dags/example_time_delta_sensor_async.py took 0.028 seconds
[2024-03-15T08:10:24.762+0000] {processor.py:161} INFO - Started process (PID=684) to work on /home/airflow/.local/lib/python3.8/site-packages/airflow/example_dags/example_time_delta_sensor_async.py
[2024-03-15T08:10:24.763+0000] {processor.py:830} INFO - Processing file /home/airflow/.local/lib/python3.8/site-packages/airflow/example_dags/example_time_delta_sensor_async.py for tasks to queue
[2024-03-15T08:10:24.764+0000] {logging_mixin.py:188} INFO - [2024-03-15T08:10:24.763+0000] {dagbag.py:540} INFO - Filling up the DagBag from /home/airflow/.local/lib/python3.8/site-packages/airflow/example_dags/example_time_delta_sensor_async.py
[2024-03-15T08:10:24.766+0000] {processor.py:840} INFO - DAG(s) 'example_time_delta_sensor_async' retrieved from /home/airflow/.local/lib/python3.8/site-packages/airflow/example_dags/example_time_delta_sensor_async.py
[2024-03-15T08:10:24.776+0000] {logging_mixin.py:188} INFO - [2024-03-15T08:10:24.775+0000] {dag.py:3047} INFO - Sync 1 DAGs
[2024-03-15T08:10:24.781+0000] {logging_mixin.py:188} INFO - [2024-03-15T08:10:24.781+0000] {dag.py:3834} INFO - Setting next_dagrun for example_time_delta_sensor_async to None, run_after=None
[2024-03-15T08:10:24.788+0000] {processor.py:183} INFO - Processing /home/airflow/.local/lib/python3.8/site-packages/airflow/example_dags/example_time_delta_sensor_async.py took 0.027 seconds
[2024-03-15T08:10:55.006+0000] {processor.py:161} INFO - Started process (PID=739) to work on /home/airflow/.local/lib/python3.8/site-packages/airflow/example_dags/example_time_delta_sensor_async.py
[2024-03-15T08:10:55.007+0000] {processor.py:830} INFO - Processing file /home/airflow/.local/lib/python3.8/site-packages/airflow/example_dags/example_time_delta_sensor_async.py for tasks to queue
[2024-03-15T08:10:55.008+0000] {logging_mixin.py:188} INFO - [2024-03-15T08:10:55.007+0000] {dagbag.py:540} INFO - Filling up the DagBag from /home/airflow/.local/lib/python3.8/site-packages/airflow/example_dags/example_time_delta_sensor_async.py
[2024-03-15T08:10:55.010+0000] {processor.py:840} INFO - DAG(s) 'example_time_delta_sensor_async' retrieved from /home/airflow/.local/lib/python3.8/site-packages/airflow/example_dags/example_time_delta_sensor_async.py
[2024-03-15T08:10:55.018+0000] {logging_mixin.py:188} INFO - [2024-03-15T08:10:55.018+0000] {dag.py:3047} INFO - Sync 1 DAGs
[2024-03-15T08:10:55.023+0000] {logging_mixin.py:188} INFO - [2024-03-15T08:10:55.023+0000] {dag.py:3834} INFO - Setting next_dagrun for example_time_delta_sensor_async to None, run_after=None
[2024-03-15T08:10:55.029+0000] {processor.py:183} INFO - Processing /home/airflow/.local/lib/python3.8/site-packages/airflow/example_dags/example_time_delta_sensor_async.py took 0.024 seconds
[2024-03-15T08:11:25.524+0000] {processor.py:161} INFO - Started process (PID=794) to work on /home/airflow/.local/lib/python3.8/site-packages/airflow/example_dags/example_time_delta_sensor_async.py
[2024-03-15T08:11:25.525+0000] {processor.py:830} INFO - Processing file /home/airflow/.local/lib/python3.8/site-packages/airflow/example_dags/example_time_delta_sensor_async.py for tasks to queue
[2024-03-15T08:11:25.526+0000] {logging_mixin.py:188} INFO - [2024-03-15T08:11:25.525+0000] {dagbag.py:540} INFO - Filling up the DagBag from /home/airflow/.local/lib/python3.8/site-packages/airflow/example_dags/example_time_delta_sensor_async.py
[2024-03-15T08:11:25.528+0000] {processor.py:840} INFO - DAG(s) 'example_time_delta_sensor_async' retrieved from /home/airflow/.local/lib/python3.8/site-packages/airflow/example_dags/example_time_delta_sensor_async.py
[2024-03-15T08:11:25.536+0000] {logging_mixin.py:188} INFO - [2024-03-15T08:11:25.536+0000] {dag.py:3047} INFO - Sync 1 DAGs
[2024-03-15T08:11:25.541+0000] {logging_mixin.py:188} INFO - [2024-03-15T08:11:25.541+0000] {dag.py:3834} INFO - Setting next_dagrun for example_time_delta_sensor_async to None, run_after=None
[2024-03-15T08:11:25.547+0000] {processor.py:183} INFO - Processing /home/airflow/.local/lib/python3.8/site-packages/airflow/example_dags/example_time_delta_sensor_async.py took 0.024 seconds
[2024-03-15T08:11:56.031+0000] {processor.py:161} INFO - Started process (PID=849) to work on /home/airflow/.local/lib/python3.8/site-packages/airflow/example_dags/example_time_delta_sensor_async.py
[2024-03-15T08:11:56.032+0000] {processor.py:830} INFO - Processing file /home/airflow/.local/lib/python3.8/site-packages/airflow/example_dags/example_time_delta_sensor_async.py for tasks to queue
[2024-03-15T08:11:56.033+0000] {logging_mixin.py:188} INFO - [2024-03-15T08:11:56.033+0000] {dagbag.py:540} INFO - Filling up the DagBag from /home/airflow/.local/lib/python3.8/site-packages/airflow/example_dags/example_time_delta_sensor_async.py
[2024-03-15T08:11:56.035+0000] {processor.py:840} INFO - DAG(s) 'example_time_delta_sensor_async' retrieved from /home/airflow/.local/lib/python3.8/site-packages/airflow/example_dags/example_time_delta_sensor_async.py
[2024-03-15T08:11:56.043+0000] {logging_mixin.py:188} INFO - [2024-03-15T08:11:56.043+0000] {dag.py:3047} INFO - Sync 1 DAGs
[2024-03-15T08:11:56.048+0000] {logging_mixin.py:188} INFO - [2024-03-15T08:11:56.048+0000] {dag.py:3834} INFO - Setting next_dagrun for example_time_delta_sensor_async to None, run_after=None
[2024-03-15T08:11:56.055+0000] {processor.py:183} INFO - Processing /home/airflow/.local/lib/python3.8/site-packages/airflow/example_dags/example_time_delta_sensor_async.py took 0.025 seconds
[2024-03-15T08:12:26.592+0000] {processor.py:161} INFO - Started process (PID=904) to work on /home/airflow/.local/lib/python3.8/site-packages/airflow/example_dags/example_time_delta_sensor_async.py
[2024-03-15T08:12:26.593+0000] {processor.py:830} INFO - Processing file /home/airflow/.local/lib/python3.8/site-packages/airflow/example_dags/example_time_delta_sensor_async.py for tasks to queue
[2024-03-15T08:12:26.594+0000] {logging_mixin.py:188} INFO - [2024-03-15T08:12:26.593+0000] {dagbag.py:540} INFO - Filling up the DagBag from /home/airflow/.local/lib/python3.8/site-packages/airflow/example_dags/example_time_delta_sensor_async.py
[2024-03-15T08:12:26.596+0000] {processor.py:840} INFO - DAG(s) 'example_time_delta_sensor_async' retrieved from /home/airflow/.local/lib/python3.8/site-packages/airflow/example_dags/example_time_delta_sensor_async.py
[2024-03-15T08:12:26.604+0000] {logging_mixin.py:188} INFO - [2024-03-15T08:12:26.604+0000] {dag.py:3047} INFO - Sync 1 DAGs
[2024-03-15T08:12:26.609+0000] {logging_mixin.py:188} INFO - [2024-03-15T08:12:26.609+0000] {dag.py:3834} INFO - Setting next_dagrun for example_time_delta_sensor_async to None, run_after=None
[2024-03-15T08:12:26.617+0000] {processor.py:183} INFO - Processing /home/airflow/.local/lib/python3.8/site-packages/airflow/example_dags/example_time_delta_sensor_async.py took 0.026 seconds
[2024-03-15T08:12:56.909+0000] {processor.py:161} INFO - Started process (PID=959) to work on /home/airflow/.local/lib/python3.8/site-packages/airflow/example_dags/example_time_delta_sensor_async.py
[2024-03-15T08:12:56.909+0000] {processor.py:830} INFO - Processing file /home/airflow/.local/lib/python3.8/site-packages/airflow/example_dags/example_time_delta_sensor_async.py for tasks to queue
[2024-03-15T08:12:56.910+0000] {logging_mixin.py:188} INFO - [2024-03-15T08:12:56.910+0000] {dagbag.py:540} INFO - Filling up the DagBag from /home/airflow/.local/lib/python3.8/site-packages/airflow/example_dags/example_time_delta_sensor_async.py
[2024-03-15T08:12:56.912+0000] {processor.py:840} INFO - DAG(s) 'example_time_delta_sensor_async' retrieved from /home/airflow/.local/lib/python3.8/site-packages/airflow/example_dags/example_time_delta_sensor_async.py
[2024-03-15T08:12:56.921+0000] {logging_mixin.py:188} INFO - [2024-03-15T08:12:56.921+0000] {dag.py:3047} INFO - Sync 1 DAGs
[2024-03-15T08:12:56.926+0000] {logging_mixin.py:188} INFO - [2024-03-15T08:12:56.925+0000] {dag.py:3834} INFO - Setting next_dagrun for example_time_delta_sensor_async to None, run_after=None
[2024-03-15T08:12:56.932+0000] {processor.py:183} INFO - Processing /home/airflow/.local/lib/python3.8/site-packages/airflow/example_dags/example_time_delta_sensor_async.py took 0.025 seconds
[2024-03-15T08:13:27.175+0000] {processor.py:161} INFO - Started process (PID=1014) to work on /home/airflow/.local/lib/python3.8/site-packages/airflow/example_dags/example_time_delta_sensor_async.py
[2024-03-15T08:13:27.175+0000] {processor.py:830} INFO - Processing file /home/airflow/.local/lib/python3.8/site-packages/airflow/example_dags/example_time_delta_sensor_async.py for tasks to queue
[2024-03-15T08:13:27.176+0000] {logging_mixin.py:188} INFO - [2024-03-15T08:13:27.176+0000] {dagbag.py:540} INFO - Filling up the DagBag from /home/airflow/.local/lib/python3.8/site-packages/airflow/example_dags/example_time_delta_sensor_async.py
[2024-03-15T08:13:27.178+0000] {processor.py:840} INFO - DAG(s) 'example_time_delta_sensor_async' retrieved from /home/airflow/.local/lib/python3.8/site-packages/airflow/example_dags/example_time_delta_sensor_async.py
[2024-03-15T08:13:27.187+0000] {logging_mixin.py:188} INFO - [2024-03-15T08:13:27.187+0000] {dag.py:3047} INFO - Sync 1 DAGs
[2024-03-15T08:13:27.192+0000] {logging_mixin.py:188} INFO - [2024-03-15T08:13:27.191+0000] {dag.py:3834} INFO - Setting next_dagrun for example_time_delta_sensor_async to None, run_after=None
[2024-03-15T08:13:27.198+0000] {processor.py:183} INFO - Processing /home/airflow/.local/lib/python3.8/site-packages/airflow/example_dags/example_time_delta_sensor_async.py took 0.025 seconds
[2024-03-15T08:13:57.501+0000] {processor.py:161} INFO - Started process (PID=1069) to work on /home/airflow/.local/lib/python3.8/site-packages/airflow/example_dags/example_time_delta_sensor_async.py
[2024-03-15T08:13:57.501+0000] {processor.py:830} INFO - Processing file /home/airflow/.local/lib/python3.8/site-packages/airflow/example_dags/example_time_delta_sensor_async.py for tasks to queue
[2024-03-15T08:13:57.502+0000] {logging_mixin.py:188} INFO - [2024-03-15T08:13:57.502+0000] {dagbag.py:540} INFO - Filling up the DagBag from /home/airflow/.local/lib/python3.8/site-packages/airflow/example_dags/example_time_delta_sensor_async.py
[2024-03-15T08:13:57.504+0000] {processor.py:840} INFO - DAG(s) 'example_time_delta_sensor_async' retrieved from /home/airflow/.local/lib/python3.8/site-packages/airflow/example_dags/example_time_delta_sensor_async.py
[2024-03-15T08:13:57.513+0000] {logging_mixin.py:188} INFO - [2024-03-15T08:13:57.513+0000] {dag.py:3047} INFO - Sync 1 DAGs
[2024-03-15T08:13:57.518+0000] {logging_mixin.py:188} INFO - [2024-03-15T08:13:57.518+0000] {dag.py:3834} INFO - Setting next_dagrun for example_time_delta_sensor_async to None, run_after=None
[2024-03-15T08:13:57.525+0000] {processor.py:183} INFO - Processing /home/airflow/.local/lib/python3.8/site-packages/airflow/example_dags/example_time_delta_sensor_async.py took 0.025 seconds
[2024-03-15T08:14:27.870+0000] {processor.py:161} INFO - Started process (PID=1124) to work on /home/airflow/.local/lib/python3.8/site-packages/airflow/example_dags/example_time_delta_sensor_async.py
[2024-03-15T08:14:27.870+0000] {processor.py:830} INFO - Processing file /home/airflow/.local/lib/python3.8/site-packages/airflow/example_dags/example_time_delta_sensor_async.py for tasks to queue
[2024-03-15T08:14:27.871+0000] {logging_mixin.py:188} INFO - [2024-03-15T08:14:27.871+0000] {dagbag.py:540} INFO - Filling up the DagBag from /home/airflow/.local/lib/python3.8/site-packages/airflow/example_dags/example_time_delta_sensor_async.py
[2024-03-15T08:14:27.873+0000] {processor.py:840} INFO - DAG(s) 'example_time_delta_sensor_async' retrieved from /home/airflow/.local/lib/python3.8/site-packages/airflow/example_dags/example_time_delta_sensor_async.py
[2024-03-15T08:14:27.882+0000] {logging_mixin.py:188} INFO - [2024-03-15T08:14:27.882+0000] {dag.py:3047} INFO - Sync 1 DAGs
[2024-03-15T08:14:27.886+0000] {logging_mixin.py:188} INFO - [2024-03-15T08:14:27.886+0000] {dag.py:3834} INFO - Setting next_dagrun for example_time_delta_sensor_async to None, run_after=None
[2024-03-15T08:14:27.893+0000] {processor.py:183} INFO - Processing /home/airflow/.local/lib/python3.8/site-packages/airflow/example_dags/example_time_delta_sensor_async.py took 0.025 seconds
[2024-03-15T08:14:58.226+0000] {processor.py:161} INFO - Started process (PID=1179) to work on /home/airflow/.local/lib/python3.8/site-packages/airflow/example_dags/example_time_delta_sensor_async.py
[2024-03-15T08:14:58.226+0000] {processor.py:830} INFO - Processing file /home/airflow/.local/lib/python3.8/site-packages/airflow/example_dags/example_time_delta_sensor_async.py for tasks to queue
[2024-03-15T08:14:58.227+0000] {logging_mixin.py:188} INFO - [2024-03-15T08:14:58.227+0000] {dagbag.py:540} INFO - Filling up the DagBag from /home/airflow/.local/lib/python3.8/site-packages/airflow/example_dags/example_time_delta_sensor_async.py
[2024-03-15T08:14:58.229+0000] {processor.py:840} INFO - DAG(s) 'example_time_delta_sensor_async' retrieved from /home/airflow/.local/lib/python3.8/site-packages/airflow/example_dags/example_time_delta_sensor_async.py
[2024-03-15T08:14:58.237+0000] {logging_mixin.py:188} INFO - [2024-03-15T08:14:58.237+0000] {dag.py:3047} INFO - Sync 1 DAGs
[2024-03-15T08:14:58.242+0000] {logging_mixin.py:188} INFO - [2024-03-15T08:14:58.242+0000] {dag.py:3834} INFO - Setting next_dagrun for example_time_delta_sensor_async to None, run_after=None
[2024-03-15T08:14:58.249+0000] {processor.py:183} INFO - Processing /home/airflow/.local/lib/python3.8/site-packages/airflow/example_dags/example_time_delta_sensor_async.py took 0.025 seconds
[2024-03-15T08:15:28.574+0000] {processor.py:161} INFO - Started process (PID=1234) to work on /home/airflow/.local/lib/python3.8/site-packages/airflow/example_dags/example_time_delta_sensor_async.py
[2024-03-15T08:15:28.575+0000] {processor.py:830} INFO - Processing file /home/airflow/.local/lib/python3.8/site-packages/airflow/example_dags/example_time_delta_sensor_async.py for tasks to queue
[2024-03-15T08:15:28.576+0000] {logging_mixin.py:188} INFO - [2024-03-15T08:15:28.575+0000] {dagbag.py:540} INFO - Filling up the DagBag from /home/airflow/.local/lib/python3.8/site-packages/airflow/example_dags/example_time_delta_sensor_async.py
[2024-03-15T08:15:28.578+0000] {processor.py:840} INFO - DAG(s) 'example_time_delta_sensor_async' retrieved from /home/airflow/.local/lib/python3.8/site-packages/airflow/example_dags/example_time_delta_sensor_async.py
[2024-03-15T08:15:28.586+0000] {logging_mixin.py:188} INFO - [2024-03-15T08:15:28.586+0000] {dag.py:3047} INFO - Sync 1 DAGs
[2024-03-15T08:15:28.592+0000] {logging_mixin.py:188} INFO - [2024-03-15T08:15:28.592+0000] {dag.py:3834} INFO - Setting next_dagrun for example_time_delta_sensor_async to None, run_after=None
[2024-03-15T08:15:28.600+0000] {processor.py:183} INFO - Processing /home/airflow/.local/lib/python3.8/site-packages/airflow/example_dags/example_time_delta_sensor_async.py took 0.027 seconds
[2024-03-15T08:15:58.980+0000] {processor.py:161} INFO - Started process (PID=1289) to work on /home/airflow/.local/lib/python3.8/site-packages/airflow/example_dags/example_time_delta_sensor_async.py
[2024-03-15T08:15:58.980+0000] {processor.py:830} INFO - Processing file /home/airflow/.local/lib/python3.8/site-packages/airflow/example_dags/example_time_delta_sensor_async.py for tasks to queue
[2024-03-15T08:15:58.981+0000] {logging_mixin.py:188} INFO - [2024-03-15T08:15:58.981+0000] {dagbag.py:540} INFO - Filling up the DagBag from /home/airflow/.local/lib/python3.8/site-packages/airflow/example_dags/example_time_delta_sensor_async.py
[2024-03-15T08:15:58.983+0000] {processor.py:840} INFO - DAG(s) 'example_time_delta_sensor_async' retrieved from /home/airflow/.local/lib/python3.8/site-packages/airflow/example_dags/example_time_delta_sensor_async.py
[2024-03-15T08:15:58.992+0000] {logging_mixin.py:188} INFO - [2024-03-15T08:15:58.992+0000] {dag.py:3047} INFO - Sync 1 DAGs
[2024-03-15T08:15:58.997+0000] {logging_mixin.py:188} INFO - [2024-03-15T08:15:58.997+0000] {dag.py:3834} INFO - Setting next_dagrun for example_time_delta_sensor_async to None, run_after=None
[2024-03-15T08:15:59.004+0000] {processor.py:183} INFO - Processing /home/airflow/.local/lib/python3.8/site-packages/airflow/example_dags/example_time_delta_sensor_async.py took 0.025 seconds
[2024-03-15T08:16:29.313+0000] {processor.py:161} INFO - Started process (PID=1344) to work on /home/airflow/.local/lib/python3.8/site-packages/airflow/example_dags/example_time_delta_sensor_async.py
[2024-03-15T08:16:29.314+0000] {processor.py:830} INFO - Processing file /home/airflow/.local/lib/python3.8/site-packages/airflow/example_dags/example_time_delta_sensor_async.py for tasks to queue
[2024-03-15T08:16:29.315+0000] {logging_mixin.py:188} INFO - [2024-03-15T08:16:29.315+0000] {dagbag.py:540} INFO - Filling up the DagBag from /home/airflow/.local/lib/python3.8/site-packages/airflow/example_dags/example_time_delta_sensor_async.py
[2024-03-15T08:16:29.318+0000] {processor.py:840} INFO - DAG(s) 'example_time_delta_sensor_async' retrieved from /home/airflow/.local/lib/python3.8/site-packages/airflow/example_dags/example_time_delta_sensor_async.py
[2024-03-15T08:16:29.327+0000] {logging_mixin.py:188} INFO - [2024-03-15T08:16:29.327+0000] {dag.py:3047} INFO - Sync 1 DAGs
[2024-03-15T08:16:29.332+0000] {logging_mixin.py:188} INFO - [2024-03-15T08:16:29.332+0000] {dag.py:3834} INFO - Setting next_dagrun for example_time_delta_sensor_async to None, run_after=None
[2024-03-15T08:16:29.338+0000] {processor.py:183} INFO - Processing /home/airflow/.local/lib/python3.8/site-packages/airflow/example_dags/example_time_delta_sensor_async.py took 0.027 seconds
[2024-03-15T08:16:59.665+0000] {processor.py:161} INFO - Started process (PID=1399) to work on /home/airflow/.local/lib/python3.8/site-packages/airflow/example_dags/example_time_delta_sensor_async.py
[2024-03-15T08:16:59.666+0000] {processor.py:830} INFO - Processing file /home/airflow/.local/lib/python3.8/site-packages/airflow/example_dags/example_time_delta_sensor_async.py for tasks to queue
[2024-03-15T08:16:59.666+0000] {logging_mixin.py:188} INFO - [2024-03-15T08:16:59.666+0000] {dagbag.py:540} INFO - Filling up the DagBag from /home/airflow/.local/lib/python3.8/site-packages/airflow/example_dags/example_time_delta_sensor_async.py
[2024-03-15T08:16:59.669+0000] {processor.py:840} INFO - DAG(s) 'example_time_delta_sensor_async' retrieved from /home/airflow/.local/lib/python3.8/site-packages/airflow/example_dags/example_time_delta_sensor_async.py
[2024-03-15T08:16:59.679+0000] {logging_mixin.py:188} INFO - [2024-03-15T08:16:59.679+0000] {dag.py:3047} INFO - Sync 1 DAGs
[2024-03-15T08:16:59.687+0000] {logging_mixin.py:188} INFO - [2024-03-15T08:16:59.687+0000] {dag.py:3834} INFO - Setting next_dagrun for example_time_delta_sensor_async to None, run_after=None
[2024-03-15T08:16:59.696+0000] {processor.py:183} INFO - Processing /home/airflow/.local/lib/python3.8/site-packages/airflow/example_dags/example_time_delta_sensor_async.py took 0.033 seconds
[2024-03-15T08:17:30.010+0000] {processor.py:161} INFO - Started process (PID=1454) to work on /home/airflow/.local/lib/python3.8/site-packages/airflow/example_dags/example_time_delta_sensor_async.py
[2024-03-15T08:17:30.011+0000] {processor.py:830} INFO - Processing file /home/airflow/.local/lib/python3.8/site-packages/airflow/example_dags/example_time_delta_sensor_async.py for tasks to queue
[2024-03-15T08:17:30.011+0000] {logging_mixin.py:188} INFO - [2024-03-15T08:17:30.011+0000] {dagbag.py:540} INFO - Filling up the DagBag from /home/airflow/.local/lib/python3.8/site-packages/airflow/example_dags/example_time_delta_sensor_async.py
[2024-03-15T08:17:30.014+0000] {processor.py:840} INFO - DAG(s) 'example_time_delta_sensor_async' retrieved from /home/airflow/.local/lib/python3.8/site-packages/airflow/example_dags/example_time_delta_sensor_async.py
[2024-03-15T08:17:30.022+0000] {logging_mixin.py:188} INFO - [2024-03-15T08:17:30.022+0000] {dag.py:3047} INFO - Sync 1 DAGs
[2024-03-15T08:17:30.027+0000] {logging_mixin.py:188} INFO - [2024-03-15T08:17:30.027+0000] {dag.py:3834} INFO - Setting next_dagrun for example_time_delta_sensor_async to None, run_after=None
[2024-03-15T08:17:30.033+0000] {processor.py:183} INFO - Processing /home/airflow/.local/lib/python3.8/site-packages/airflow/example_dags/example_time_delta_sensor_async.py took 0.025 seconds
[2024-03-15T08:18:00.355+0000] {processor.py:161} INFO - Started process (PID=1509) to work on /home/airflow/.local/lib/python3.8/site-packages/airflow/example_dags/example_time_delta_sensor_async.py
[2024-03-15T08:18:00.355+0000] {processor.py:830} INFO - Processing file /home/airflow/.local/lib/python3.8/site-packages/airflow/example_dags/example_time_delta_sensor_async.py for tasks to queue
[2024-03-15T08:18:00.356+0000] {logging_mixin.py:188} INFO - [2024-03-15T08:18:00.356+0000] {dagbag.py:540} INFO - Filling up the DagBag from /home/airflow/.local/lib/python3.8/site-packages/airflow/example_dags/example_time_delta_sensor_async.py
[2024-03-15T08:18:00.358+0000] {processor.py:840} INFO - DAG(s) 'example_time_delta_sensor_async' retrieved from /home/airflow/.local/lib/python3.8/site-packages/airflow/example_dags/example_time_delta_sensor_async.py
[2024-03-15T08:18:00.367+0000] {logging_mixin.py:188} INFO - [2024-03-15T08:18:00.366+0000] {dag.py:3047} INFO - Sync 1 DAGs
[2024-03-15T08:18:00.371+0000] {logging_mixin.py:188} INFO - [2024-03-15T08:18:00.371+0000] {dag.py:3834} INFO - Setting next_dagrun for example_time_delta_sensor_async to None, run_after=None
[2024-03-15T08:18:00.378+0000] {processor.py:183} INFO - Processing /home/airflow/.local/lib/python3.8/site-packages/airflow/example_dags/example_time_delta_sensor_async.py took 0.024 seconds
[2024-03-15T08:18:30.813+0000] {processor.py:161} INFO - Started process (PID=1564) to work on /home/airflow/.local/lib/python3.8/site-packages/airflow/example_dags/example_time_delta_sensor_async.py
[2024-03-15T08:18:30.813+0000] {processor.py:830} INFO - Processing file /home/airflow/.local/lib/python3.8/site-packages/airflow/example_dags/example_time_delta_sensor_async.py for tasks to queue
[2024-03-15T08:18:30.814+0000] {logging_mixin.py:188} INFO - [2024-03-15T08:18:30.814+0000] {dagbag.py:540} INFO - Filling up the DagBag from /home/airflow/.local/lib/python3.8/site-packages/airflow/example_dags/example_time_delta_sensor_async.py
[2024-03-15T08:18:30.816+0000] {processor.py:840} INFO - DAG(s) 'example_time_delta_sensor_async' retrieved from /home/airflow/.local/lib/python3.8/site-packages/airflow/example_dags/example_time_delta_sensor_async.py
[2024-03-15T08:18:30.825+0000] {logging_mixin.py:188} INFO - [2024-03-15T08:18:30.825+0000] {dag.py:3047} INFO - Sync 1 DAGs
[2024-03-15T08:18:30.829+0000] {logging_mixin.py:188} INFO - [2024-03-15T08:18:30.829+0000] {dag.py:3834} INFO - Setting next_dagrun for example_time_delta_sensor_async to None, run_after=None
[2024-03-15T08:18:30.836+0000] {processor.py:183} INFO - Processing /home/airflow/.local/lib/python3.8/site-packages/airflow/example_dags/example_time_delta_sensor_async.py took 0.025 seconds
[2024-03-15T08:19:01.136+0000] {processor.py:161} INFO - Started process (PID=1619) to work on /home/airflow/.local/lib/python3.8/site-packages/airflow/example_dags/example_time_delta_sensor_async.py
[2024-03-15T08:19:01.136+0000] {processor.py:830} INFO - Processing file /home/airflow/.local/lib/python3.8/site-packages/airflow/example_dags/example_time_delta_sensor_async.py for tasks to queue
[2024-03-15T08:19:01.137+0000] {logging_mixin.py:188} INFO - [2024-03-15T08:19:01.137+0000] {dagbag.py:540} INFO - Filling up the DagBag from /home/airflow/.local/lib/python3.8/site-packages/airflow/example_dags/example_time_delta_sensor_async.py
[2024-03-15T08:19:01.139+0000] {processor.py:840} INFO - DAG(s) 'example_time_delta_sensor_async' retrieved from /home/airflow/.local/lib/python3.8/site-packages/airflow/example_dags/example_time_delta_sensor_async.py
[2024-03-15T08:19:01.147+0000] {logging_mixin.py:188} INFO - [2024-03-15T08:19:01.147+0000] {dag.py:3047} INFO - Sync 1 DAGs
[2024-03-15T08:19:01.152+0000] {logging_mixin.py:188} INFO - [2024-03-15T08:19:01.152+0000] {dag.py:3834} INFO - Setting next_dagrun for example_time_delta_sensor_async to None, run_after=None
[2024-03-15T08:19:01.158+0000] {processor.py:183} INFO - Processing /home/airflow/.local/lib/python3.8/site-packages/airflow/example_dags/example_time_delta_sensor_async.py took 0.024 seconds
[2024-03-15T08:19:31.412+0000] {processor.py:161} INFO - Started process (PID=1674) to work on /home/airflow/.local/lib/python3.8/site-packages/airflow/example_dags/example_time_delta_sensor_async.py
[2024-03-15T08:19:31.413+0000] {processor.py:830} INFO - Processing file /home/airflow/.local/lib/python3.8/site-packages/airflow/example_dags/example_time_delta_sensor_async.py for tasks to queue
[2024-03-15T08:19:31.414+0000] {logging_mixin.py:188} INFO - [2024-03-15T08:19:31.414+0000] {dagbag.py:540} INFO - Filling up the DagBag from /home/airflow/.local/lib/python3.8/site-packages/airflow/example_dags/example_time_delta_sensor_async.py
[2024-03-15T08:19:31.416+0000] {processor.py:840} INFO - DAG(s) 'example_time_delta_sensor_async' retrieved from /home/airflow/.local/lib/python3.8/site-packages/airflow/example_dags/example_time_delta_sensor_async.py
[2024-03-15T08:19:31.424+0000] {logging_mixin.py:188} INFO - [2024-03-15T08:19:31.424+0000] {dag.py:3047} INFO - Sync 1 DAGs
[2024-03-15T08:19:31.429+0000] {logging_mixin.py:188} INFO - [2024-03-15T08:19:31.429+0000] {dag.py:3834} INFO - Setting next_dagrun for example_time_delta_sensor_async to None, run_after=None
[2024-03-15T08:19:31.436+0000] {processor.py:183} INFO - Processing /home/airflow/.local/lib/python3.8/site-packages/airflow/example_dags/example_time_delta_sensor_async.py took 0.025 seconds
[2024-03-15T08:20:01.782+0000] {processor.py:161} INFO - Started process (PID=1729) to work on /home/airflow/.local/lib/python3.8/site-packages/airflow/example_dags/example_time_delta_sensor_async.py
[2024-03-15T08:20:01.782+0000] {processor.py:830} INFO - Processing file /home/airflow/.local/lib/python3.8/site-packages/airflow/example_dags/example_time_delta_sensor_async.py for tasks to queue
[2024-03-15T08:20:01.783+0000] {logging_mixin.py:188} INFO - [2024-03-15T08:20:01.783+0000] {dagbag.py:540} INFO - Filling up the DagBag from /home/airflow/.local/lib/python3.8/site-packages/airflow/example_dags/example_time_delta_sensor_async.py
[2024-03-15T08:20:01.785+0000] {processor.py:840} INFO - DAG(s) 'example_time_delta_sensor_async' retrieved from /home/airflow/.local/lib/python3.8/site-packages/airflow/example_dags/example_time_delta_sensor_async.py
[2024-03-15T08:20:01.794+0000] {logging_mixin.py:188} INFO - [2024-03-15T08:20:01.794+0000] {dag.py:3047} INFO - Sync 1 DAGs
[2024-03-15T08:20:01.799+0000] {logging_mixin.py:188} INFO - [2024-03-15T08:20:01.799+0000] {dag.py:3834} INFO - Setting next_dagrun for example_time_delta_sensor_async to None, run_after=None
[2024-03-15T08:20:01.806+0000] {processor.py:183} INFO - Processing /home/airflow/.local/lib/python3.8/site-packages/airflow/example_dags/example_time_delta_sensor_async.py took 0.025 seconds
[2024-03-15T08:20:32.135+0000] {processor.py:161} INFO - Started process (PID=1783) to work on /home/airflow/.local/lib/python3.8/site-packages/airflow/example_dags/example_time_delta_sensor_async.py
[2024-03-15T08:20:32.135+0000] {processor.py:830} INFO - Processing file /home/airflow/.local/lib/python3.8/site-packages/airflow/example_dags/example_time_delta_sensor_async.py for tasks to queue
[2024-03-15T08:20:32.136+0000] {logging_mixin.py:188} INFO - [2024-03-15T08:20:32.136+0000] {dagbag.py:540} INFO - Filling up the DagBag from /home/airflow/.local/lib/python3.8/site-packages/airflow/example_dags/example_time_delta_sensor_async.py
[2024-03-15T08:20:32.138+0000] {processor.py:840} INFO - DAG(s) 'example_time_delta_sensor_async' retrieved from /home/airflow/.local/lib/python3.8/site-packages/airflow/example_dags/example_time_delta_sensor_async.py
[2024-03-15T08:20:32.147+0000] {logging_mixin.py:188} INFO - [2024-03-15T08:20:32.147+0000] {dag.py:3047} INFO - Sync 1 DAGs
[2024-03-15T08:20:32.152+0000] {logging_mixin.py:188} INFO - [2024-03-15T08:20:32.152+0000] {dag.py:3834} INFO - Setting next_dagrun for example_time_delta_sensor_async to None, run_after=None
[2024-03-15T08:20:32.158+0000] {processor.py:183} INFO - Processing /home/airflow/.local/lib/python3.8/site-packages/airflow/example_dags/example_time_delta_sensor_async.py took 0.025 seconds
[2024-03-15T08:21:02.441+0000] {processor.py:161} INFO - Started process (PID=1838) to work on /home/airflow/.local/lib/python3.8/site-packages/airflow/example_dags/example_time_delta_sensor_async.py
[2024-03-15T08:21:02.441+0000] {processor.py:830} INFO - Processing file /home/airflow/.local/lib/python3.8/site-packages/airflow/example_dags/example_time_delta_sensor_async.py for tasks to queue
[2024-03-15T08:21:02.442+0000] {logging_mixin.py:188} INFO - [2024-03-15T08:21:02.442+0000] {dagbag.py:540} INFO - Filling up the DagBag from /home/airflow/.local/lib/python3.8/site-packages/airflow/example_dags/example_time_delta_sensor_async.py
[2024-03-15T08:21:02.444+0000] {processor.py:840} INFO - DAG(s) 'example_time_delta_sensor_async' retrieved from /home/airflow/.local/lib/python3.8/site-packages/airflow/example_dags/example_time_delta_sensor_async.py
[2024-03-15T08:21:02.453+0000] {logging_mixin.py:188} INFO - [2024-03-15T08:21:02.453+0000] {dag.py:3047} INFO - Sync 1 DAGs
[2024-03-15T08:21:02.458+0000] {logging_mixin.py:188} INFO - [2024-03-15T08:21:02.458+0000] {dag.py:3834} INFO - Setting next_dagrun for example_time_delta_sensor_async to None, run_after=None
[2024-03-15T08:21:02.464+0000] {processor.py:183} INFO - Processing /home/airflow/.local/lib/python3.8/site-packages/airflow/example_dags/example_time_delta_sensor_async.py took 0.025 seconds
[2024-03-15T08:21:32.720+0000] {processor.py:161} INFO - Started process (PID=1893) to work on /home/airflow/.local/lib/python3.8/site-packages/airflow/example_dags/example_time_delta_sensor_async.py
[2024-03-15T08:21:32.720+0000] {processor.py:830} INFO - Processing file /home/airflow/.local/lib/python3.8/site-packages/airflow/example_dags/example_time_delta_sensor_async.py for tasks to queue
[2024-03-15T08:21:32.721+0000] {logging_mixin.py:188} INFO - [2024-03-15T08:21:32.721+0000] {dagbag.py:540} INFO - Filling up the DagBag from /home/airflow/.local/lib/python3.8/site-packages/airflow/example_dags/example_time_delta_sensor_async.py
[2024-03-15T08:21:32.723+0000] {processor.py:840} INFO - DAG(s) 'example_time_delta_sensor_async' retrieved from /home/airflow/.local/lib/python3.8/site-packages/airflow/example_dags/example_time_delta_sensor_async.py
[2024-03-15T08:21:32.731+0000] {logging_mixin.py:188} INFO - [2024-03-15T08:21:32.731+0000] {dag.py:3047} INFO - Sync 1 DAGs
[2024-03-15T08:21:32.736+0000] {logging_mixin.py:188} INFO - [2024-03-15T08:21:32.736+0000] {dag.py:3834} INFO - Setting next_dagrun for example_time_delta_sensor_async to None, run_after=None
[2024-03-15T08:21:32.743+0000] {processor.py:183} INFO - Processing /home/airflow/.local/lib/python3.8/site-packages/airflow/example_dags/example_time_delta_sensor_async.py took 0.025 seconds
[2024-03-15T08:22:03.052+0000] {processor.py:161} INFO - Started process (PID=1947) to work on /home/airflow/.local/lib/python3.8/site-packages/airflow/example_dags/example_time_delta_sensor_async.py
[2024-03-15T08:22:03.053+0000] {processor.py:830} INFO - Processing file /home/airflow/.local/lib/python3.8/site-packages/airflow/example_dags/example_time_delta_sensor_async.py for tasks to queue
[2024-03-15T08:22:03.053+0000] {logging_mixin.py:188} INFO - [2024-03-15T08:22:03.053+0000] {dagbag.py:540} INFO - Filling up the DagBag from /home/airflow/.local/lib/python3.8/site-packages/airflow/example_dags/example_time_delta_sensor_async.py
[2024-03-15T08:22:03.056+0000] {processor.py:840} INFO - DAG(s) 'example_time_delta_sensor_async' retrieved from /home/airflow/.local/lib/python3.8/site-packages/airflow/example_dags/example_time_delta_sensor_async.py
[2024-03-15T08:22:03.066+0000] {logging_mixin.py:188} INFO - [2024-03-15T08:22:03.066+0000] {dag.py:3047} INFO - Sync 1 DAGs
[2024-03-15T08:22:03.071+0000] {logging_mixin.py:188} INFO - [2024-03-15T08:22:03.071+0000] {dag.py:3834} INFO - Setting next_dagrun for example_time_delta_sensor_async to None, run_after=None
[2024-03-15T08:22:03.078+0000] {processor.py:183} INFO - Processing /home/airflow/.local/lib/python3.8/site-packages/airflow/example_dags/example_time_delta_sensor_async.py took 0.028 seconds
[2024-03-15T08:22:33.388+0000] {processor.py:161} INFO - Started process (PID=2002) to work on /home/airflow/.local/lib/python3.8/site-packages/airflow/example_dags/example_time_delta_sensor_async.py
[2024-03-15T08:22:33.389+0000] {processor.py:830} INFO - Processing file /home/airflow/.local/lib/python3.8/site-packages/airflow/example_dags/example_time_delta_sensor_async.py for tasks to queue
[2024-03-15T08:22:33.389+0000] {logging_mixin.py:188} INFO - [2024-03-15T08:22:33.389+0000] {dagbag.py:540} INFO - Filling up the DagBag from /home/airflow/.local/lib/python3.8/site-packages/airflow/example_dags/example_time_delta_sensor_async.py
[2024-03-15T08:22:33.392+0000] {processor.py:840} INFO - DAG(s) 'example_time_delta_sensor_async' retrieved from /home/airflow/.local/lib/python3.8/site-packages/airflow/example_dags/example_time_delta_sensor_async.py
[2024-03-15T08:22:33.400+0000] {logging_mixin.py:188} INFO - [2024-03-15T08:22:33.400+0000] {dag.py:3047} INFO - Sync 1 DAGs
[2024-03-15T08:22:33.405+0000] {logging_mixin.py:188} INFO - [2024-03-15T08:22:33.405+0000] {dag.py:3834} INFO - Setting next_dagrun for example_time_delta_sensor_async to None, run_after=None
[2024-03-15T08:22:33.412+0000] {processor.py:183} INFO - Processing /home/airflow/.local/lib/python3.8/site-packages/airflow/example_dags/example_time_delta_sensor_async.py took 0.026 seconds
[2024-03-15T08:23:03.884+0000] {processor.py:161} INFO - Started process (PID=2057) to work on /home/airflow/.local/lib/python3.8/site-packages/airflow/example_dags/example_time_delta_sensor_async.py
[2024-03-15T08:23:03.884+0000] {processor.py:830} INFO - Processing file /home/airflow/.local/lib/python3.8/site-packages/airflow/example_dags/example_time_delta_sensor_async.py for tasks to queue
[2024-03-15T08:23:03.885+0000] {logging_mixin.py:188} INFO - [2024-03-15T08:23:03.885+0000] {dagbag.py:540} INFO - Filling up the DagBag from /home/airflow/.local/lib/python3.8/site-packages/airflow/example_dags/example_time_delta_sensor_async.py
[2024-03-15T08:23:03.887+0000] {processor.py:840} INFO - DAG(s) 'example_time_delta_sensor_async' retrieved from /home/airflow/.local/lib/python3.8/site-packages/airflow/example_dags/example_time_delta_sensor_async.py
[2024-03-15T08:23:03.897+0000] {logging_mixin.py:188} INFO - [2024-03-15T08:23:03.897+0000] {dag.py:3047} INFO - Sync 1 DAGs
[2024-03-15T08:23:03.902+0000] {logging_mixin.py:188} INFO - [2024-03-15T08:23:03.902+0000] {dag.py:3834} INFO - Setting next_dagrun for example_time_delta_sensor_async to None, run_after=None
[2024-03-15T08:23:03.909+0000] {processor.py:183} INFO - Processing /home/airflow/.local/lib/python3.8/site-packages/airflow/example_dags/example_time_delta_sensor_async.py took 0.027 seconds
[2024-03-15T08:23:34.439+0000] {processor.py:161} INFO - Started process (PID=2111) to work on /home/airflow/.local/lib/python3.8/site-packages/airflow/example_dags/example_time_delta_sensor_async.py
[2024-03-15T08:23:34.439+0000] {processor.py:830} INFO - Processing file /home/airflow/.local/lib/python3.8/site-packages/airflow/example_dags/example_time_delta_sensor_async.py for tasks to queue
[2024-03-15T08:23:34.440+0000] {logging_mixin.py:188} INFO - [2024-03-15T08:23:34.440+0000] {dagbag.py:540} INFO - Filling up the DagBag from /home/airflow/.local/lib/python3.8/site-packages/airflow/example_dags/example_time_delta_sensor_async.py
[2024-03-15T08:23:34.442+0000] {processor.py:840} INFO - DAG(s) 'example_time_delta_sensor_async' retrieved from /home/airflow/.local/lib/python3.8/site-packages/airflow/example_dags/example_time_delta_sensor_async.py
[2024-03-15T08:23:34.451+0000] {logging_mixin.py:188} INFO - [2024-03-15T08:23:34.450+0000] {dag.py:3047} INFO - Sync 1 DAGs
[2024-03-15T08:23:34.455+0000] {logging_mixin.py:188} INFO - [2024-03-15T08:23:34.455+0000] {dag.py:3834} INFO - Setting next_dagrun for example_time_delta_sensor_async to None, run_after=None
[2024-03-15T08:23:34.462+0000] {processor.py:183} INFO - Processing /home/airflow/.local/lib/python3.8/site-packages/airflow/example_dags/example_time_delta_sensor_async.py took 0.025 seconds
