[2024-03-15T08:04:48.699+0000] {processor.py:161} INFO - Started process (PID=48) to work on /home/airflow/.local/lib/python3.8/site-packages/airflow/example_dags/example_task_group.py
[2024-03-15T08:04:48.706+0000] {processor.py:830} INFO - Processing file /home/airflow/.local/lib/python3.8/site-packages/airflow/example_dags/example_task_group.py for tasks to queue
[2024-03-15T08:04:48.708+0000] {logging_mixin.py:188} INFO - [2024-03-15T08:04:48.708+0000] {dagbag.py:540} INFO - Filling up the DagBag from /home/airflow/.local/lib/python3.8/site-packages/airflow/example_dags/example_task_group.py
[2024-03-15T08:04:48.716+0000] {processor.py:840} INFO - DAG(s) 'example_task_group' retrieved from /home/airflow/.local/lib/python3.8/site-packages/airflow/example_dags/example_task_group.py
[2024-03-15T08:04:48.723+0000] {logging_mixin.py:188} INFO - [2024-03-15T08:04:48.722+0000] {dag.py:3047} INFO - Sync 1 DAGs
[2024-03-15T08:04:48.733+0000] {logging_mixin.py:188} INFO - [2024-03-15T08:04:48.733+0000] {dag.py:3834} INFO - Setting next_dagrun for example_task_group to 2024-03-14 00:00:00+00:00, run_after=2024-03-15 00:00:00+00:00
[2024-03-15T08:04:48.742+0000] {processor.py:183} INFO - Processing /home/airflow/.local/lib/python3.8/site-packages/airflow/example_dags/example_task_group.py took 0.046 seconds
[2024-03-15T08:05:19.897+0000] {processor.py:161} INFO - Started process (PID=103) to work on /home/airflow/.local/lib/python3.8/site-packages/airflow/example_dags/example_task_group.py
[2024-03-15T08:05:19.898+0000] {processor.py:830} INFO - Processing file /home/airflow/.local/lib/python3.8/site-packages/airflow/example_dags/example_task_group.py for tasks to queue
[2024-03-15T08:05:19.899+0000] {logging_mixin.py:188} INFO - [2024-03-15T08:05:19.898+0000] {dagbag.py:540} INFO - Filling up the DagBag from /home/airflow/.local/lib/python3.8/site-packages/airflow/example_dags/example_task_group.py
[2024-03-15T08:05:19.902+0000] {processor.py:840} INFO - DAG(s) 'example_task_group' retrieved from /home/airflow/.local/lib/python3.8/site-packages/airflow/example_dags/example_task_group.py
[2024-03-15T08:05:19.944+0000] {logging_mixin.py:188} INFO - [2024-03-15T08:05:19.944+0000] {dag.py:3047} INFO - Sync 1 DAGs
[2024-03-15T08:05:19.953+0000] {logging_mixin.py:188} INFO - [2024-03-15T08:05:19.953+0000] {dag.py:3834} INFO - Setting next_dagrun for example_task_group to 2024-03-14 00:00:00+00:00, run_after=2024-03-15 00:00:00+00:00
[2024-03-15T08:05:19.964+0000] {processor.py:183} INFO - Processing /home/airflow/.local/lib/python3.8/site-packages/airflow/example_dags/example_task_group.py took 0.068 seconds
[2024-03-15T08:05:50.803+0000] {processor.py:161} INFO - Started process (PID=158) to work on /home/airflow/.local/lib/python3.8/site-packages/airflow/example_dags/example_task_group.py
[2024-03-15T08:05:50.803+0000] {processor.py:830} INFO - Processing file /home/airflow/.local/lib/python3.8/site-packages/airflow/example_dags/example_task_group.py for tasks to queue
[2024-03-15T08:05:50.804+0000] {logging_mixin.py:188} INFO - [2024-03-15T08:05:50.804+0000] {dagbag.py:540} INFO - Filling up the DagBag from /home/airflow/.local/lib/python3.8/site-packages/airflow/example_dags/example_task_group.py
[2024-03-15T08:05:50.808+0000] {processor.py:840} INFO - DAG(s) 'example_task_group' retrieved from /home/airflow/.local/lib/python3.8/site-packages/airflow/example_dags/example_task_group.py
[2024-03-15T08:05:50.816+0000] {logging_mixin.py:188} INFO - [2024-03-15T08:05:50.816+0000] {dag.py:3047} INFO - Sync 1 DAGs
[2024-03-15T08:05:50.826+0000] {logging_mixin.py:188} INFO - [2024-03-15T08:05:50.826+0000] {dag.py:3834} INFO - Setting next_dagrun for example_task_group to 2024-03-14 00:00:00+00:00, run_after=2024-03-15 00:00:00+00:00
[2024-03-15T08:05:50.835+0000] {processor.py:183} INFO - Processing /home/airflow/.local/lib/python3.8/site-packages/airflow/example_dags/example_task_group.py took 0.034 seconds
[2024-03-15T08:06:21.177+0000] {processor.py:161} INFO - Started process (PID=213) to work on /home/airflow/.local/lib/python3.8/site-packages/airflow/example_dags/example_task_group.py
[2024-03-15T08:06:21.178+0000] {processor.py:830} INFO - Processing file /home/airflow/.local/lib/python3.8/site-packages/airflow/example_dags/example_task_group.py for tasks to queue
[2024-03-15T08:06:21.178+0000] {logging_mixin.py:188} INFO - [2024-03-15T08:06:21.178+0000] {dagbag.py:540} INFO - Filling up the DagBag from /home/airflow/.local/lib/python3.8/site-packages/airflow/example_dags/example_task_group.py
[2024-03-15T08:06:21.181+0000] {processor.py:840} INFO - DAG(s) 'example_task_group' retrieved from /home/airflow/.local/lib/python3.8/site-packages/airflow/example_dags/example_task_group.py
[2024-03-15T08:06:21.190+0000] {logging_mixin.py:188} INFO - [2024-03-15T08:06:21.190+0000] {dag.py:3047} INFO - Sync 1 DAGs
[2024-03-15T08:06:21.200+0000] {logging_mixin.py:188} INFO - [2024-03-15T08:06:21.199+0000] {dag.py:3834} INFO - Setting next_dagrun for example_task_group to 2024-03-14 00:00:00+00:00, run_after=2024-03-15 00:00:00+00:00
[2024-03-15T08:06:21.206+0000] {processor.py:183} INFO - Processing /home/airflow/.local/lib/python3.8/site-packages/airflow/example_dags/example_task_group.py took 0.030 seconds
[2024-03-15T08:06:51.480+0000] {processor.py:161} INFO - Started process (PID=268) to work on /home/airflow/.local/lib/python3.8/site-packages/airflow/example_dags/example_task_group.py
[2024-03-15T08:06:51.480+0000] {processor.py:830} INFO - Processing file /home/airflow/.local/lib/python3.8/site-packages/airflow/example_dags/example_task_group.py for tasks to queue
[2024-03-15T08:06:51.481+0000] {logging_mixin.py:188} INFO - [2024-03-15T08:06:51.481+0000] {dagbag.py:540} INFO - Filling up the DagBag from /home/airflow/.local/lib/python3.8/site-packages/airflow/example_dags/example_task_group.py
[2024-03-15T08:06:51.484+0000] {processor.py:840} INFO - DAG(s) 'example_task_group' retrieved from /home/airflow/.local/lib/python3.8/site-packages/airflow/example_dags/example_task_group.py
[2024-03-15T08:06:51.493+0000] {logging_mixin.py:188} INFO - [2024-03-15T08:06:51.493+0000] {dag.py:3047} INFO - Sync 1 DAGs
[2024-03-15T08:06:51.501+0000] {logging_mixin.py:188} INFO - [2024-03-15T08:06:51.501+0000] {dag.py:3834} INFO - Setting next_dagrun for example_task_group to 2024-03-14 00:00:00+00:00, run_after=2024-03-15 00:00:00+00:00
[2024-03-15T08:06:51.508+0000] {processor.py:183} INFO - Processing /home/airflow/.local/lib/python3.8/site-packages/airflow/example_dags/example_task_group.py took 0.029 seconds
[2024-03-15T08:07:21.739+0000] {processor.py:161} INFO - Started process (PID=323) to work on /home/airflow/.local/lib/python3.8/site-packages/airflow/example_dags/example_task_group.py
[2024-03-15T08:07:21.740+0000] {processor.py:830} INFO - Processing file /home/airflow/.local/lib/python3.8/site-packages/airflow/example_dags/example_task_group.py for tasks to queue
[2024-03-15T08:07:21.740+0000] {logging_mixin.py:188} INFO - [2024-03-15T08:07:21.740+0000] {dagbag.py:540} INFO - Filling up the DagBag from /home/airflow/.local/lib/python3.8/site-packages/airflow/example_dags/example_task_group.py
[2024-03-15T08:07:21.744+0000] {processor.py:840} INFO - DAG(s) 'example_task_group' retrieved from /home/airflow/.local/lib/python3.8/site-packages/airflow/example_dags/example_task_group.py
[2024-03-15T08:07:21.752+0000] {logging_mixin.py:188} INFO - [2024-03-15T08:07:21.752+0000] {dag.py:3047} INFO - Sync 1 DAGs
[2024-03-15T08:07:21.760+0000] {logging_mixin.py:188} INFO - [2024-03-15T08:07:21.760+0000] {dag.py:3834} INFO - Setting next_dagrun for example_task_group to 2024-03-14 00:00:00+00:00, run_after=2024-03-15 00:00:00+00:00
[2024-03-15T08:07:21.767+0000] {processor.py:183} INFO - Processing /home/airflow/.local/lib/python3.8/site-packages/airflow/example_dags/example_task_group.py took 0.029 seconds
[2024-03-15T08:07:52.045+0000] {processor.py:161} INFO - Started process (PID=378) to work on /home/airflow/.local/lib/python3.8/site-packages/airflow/example_dags/example_task_group.py
[2024-03-15T08:07:52.045+0000] {processor.py:830} INFO - Processing file /home/airflow/.local/lib/python3.8/site-packages/airflow/example_dags/example_task_group.py for tasks to queue
[2024-03-15T08:07:52.046+0000] {logging_mixin.py:188} INFO - [2024-03-15T08:07:52.046+0000] {dagbag.py:540} INFO - Filling up the DagBag from /home/airflow/.local/lib/python3.8/site-packages/airflow/example_dags/example_task_group.py
[2024-03-15T08:07:52.049+0000] {processor.py:840} INFO - DAG(s) 'example_task_group' retrieved from /home/airflow/.local/lib/python3.8/site-packages/airflow/example_dags/example_task_group.py
[2024-03-15T08:07:52.057+0000] {logging_mixin.py:188} INFO - [2024-03-15T08:07:52.057+0000] {dag.py:3047} INFO - Sync 1 DAGs
[2024-03-15T08:07:52.065+0000] {logging_mixin.py:188} INFO - [2024-03-15T08:07:52.065+0000] {dag.py:3834} INFO - Setting next_dagrun for example_task_group to 2024-03-14 00:00:00+00:00, run_after=2024-03-15 00:00:00+00:00
[2024-03-15T08:07:52.072+0000] {processor.py:183} INFO - Processing /home/airflow/.local/lib/python3.8/site-packages/airflow/example_dags/example_task_group.py took 0.029 seconds
[2024-03-15T08:08:22.474+0000] {processor.py:161} INFO - Started process (PID=432) to work on /home/airflow/.local/lib/python3.8/site-packages/airflow/example_dags/example_task_group.py
[2024-03-15T08:08:22.475+0000] {processor.py:830} INFO - Processing file /home/airflow/.local/lib/python3.8/site-packages/airflow/example_dags/example_task_group.py for tasks to queue
[2024-03-15T08:08:22.476+0000] {logging_mixin.py:188} INFO - [2024-03-15T08:08:22.476+0000] {dagbag.py:540} INFO - Filling up the DagBag from /home/airflow/.local/lib/python3.8/site-packages/airflow/example_dags/example_task_group.py
[2024-03-15T08:08:22.479+0000] {processor.py:840} INFO - DAG(s) 'example_task_group' retrieved from /home/airflow/.local/lib/python3.8/site-packages/airflow/example_dags/example_task_group.py
[2024-03-15T08:08:22.489+0000] {logging_mixin.py:188} INFO - [2024-03-15T08:08:22.489+0000] {dag.py:3047} INFO - Sync 1 DAGs
[2024-03-15T08:08:22.500+0000] {logging_mixin.py:188} INFO - [2024-03-15T08:08:22.499+0000] {dag.py:3834} INFO - Setting next_dagrun for example_task_group to 2024-03-14 00:00:00+00:00, run_after=2024-03-15 00:00:00+00:00
[2024-03-15T08:08:22.507+0000] {processor.py:183} INFO - Processing /home/airflow/.local/lib/python3.8/site-packages/airflow/example_dags/example_task_group.py took 0.035 seconds
[2024-03-15T08:08:52.737+0000] {processor.py:161} INFO - Started process (PID=487) to work on /home/airflow/.local/lib/python3.8/site-packages/airflow/example_dags/example_task_group.py
[2024-03-15T08:08:52.738+0000] {processor.py:830} INFO - Processing file /home/airflow/.local/lib/python3.8/site-packages/airflow/example_dags/example_task_group.py for tasks to queue
[2024-03-15T08:08:52.738+0000] {logging_mixin.py:188} INFO - [2024-03-15T08:08:52.738+0000] {dagbag.py:540} INFO - Filling up the DagBag from /home/airflow/.local/lib/python3.8/site-packages/airflow/example_dags/example_task_group.py
[2024-03-15T08:08:52.742+0000] {processor.py:840} INFO - DAG(s) 'example_task_group' retrieved from /home/airflow/.local/lib/python3.8/site-packages/airflow/example_dags/example_task_group.py
[2024-03-15T08:08:52.750+0000] {logging_mixin.py:188} INFO - [2024-03-15T08:08:52.750+0000] {dag.py:3047} INFO - Sync 1 DAGs
[2024-03-15T08:08:52.758+0000] {logging_mixin.py:188} INFO - [2024-03-15T08:08:52.758+0000] {dag.py:3834} INFO - Setting next_dagrun for example_task_group to 2024-03-14 00:00:00+00:00, run_after=2024-03-15 00:00:00+00:00
[2024-03-15T08:08:52.765+0000] {processor.py:183} INFO - Processing /home/airflow/.local/lib/python3.8/site-packages/airflow/example_dags/example_task_group.py took 0.029 seconds
[2024-03-15T08:09:23.068+0000] {processor.py:161} INFO - Started process (PID=542) to work on /home/airflow/.local/lib/python3.8/site-packages/airflow/example_dags/example_task_group.py
[2024-03-15T08:09:23.069+0000] {processor.py:830} INFO - Processing file /home/airflow/.local/lib/python3.8/site-packages/airflow/example_dags/example_task_group.py for tasks to queue
[2024-03-15T08:09:23.069+0000] {logging_mixin.py:188} INFO - [2024-03-15T08:09:23.069+0000] {dagbag.py:540} INFO - Filling up the DagBag from /home/airflow/.local/lib/python3.8/site-packages/airflow/example_dags/example_task_group.py
[2024-03-15T08:09:23.072+0000] {processor.py:840} INFO - DAG(s) 'example_task_group' retrieved from /home/airflow/.local/lib/python3.8/site-packages/airflow/example_dags/example_task_group.py
[2024-03-15T08:09:23.080+0000] {logging_mixin.py:188} INFO - [2024-03-15T08:09:23.080+0000] {dag.py:3047} INFO - Sync 1 DAGs
[2024-03-15T08:09:23.088+0000] {logging_mixin.py:188} INFO - [2024-03-15T08:09:23.087+0000] {dag.py:3834} INFO - Setting next_dagrun for example_task_group to 2024-03-14 00:00:00+00:00, run_after=2024-03-15 00:00:00+00:00
[2024-03-15T08:09:23.094+0000] {processor.py:183} INFO - Processing /home/airflow/.local/lib/python3.8/site-packages/airflow/example_dags/example_task_group.py took 0.027 seconds
[2024-03-15T08:09:53.613+0000] {processor.py:161} INFO - Started process (PID=597) to work on /home/airflow/.local/lib/python3.8/site-packages/airflow/example_dags/example_task_group.py
[2024-03-15T08:09:53.614+0000] {processor.py:830} INFO - Processing file /home/airflow/.local/lib/python3.8/site-packages/airflow/example_dags/example_task_group.py for tasks to queue
[2024-03-15T08:09:53.614+0000] {logging_mixin.py:188} INFO - [2024-03-15T08:09:53.614+0000] {dagbag.py:540} INFO - Filling up the DagBag from /home/airflow/.local/lib/python3.8/site-packages/airflow/example_dags/example_task_group.py
[2024-03-15T08:09:53.617+0000] {processor.py:840} INFO - DAG(s) 'example_task_group' retrieved from /home/airflow/.local/lib/python3.8/site-packages/airflow/example_dags/example_task_group.py
[2024-03-15T08:09:53.626+0000] {logging_mixin.py:188} INFO - [2024-03-15T08:09:53.626+0000] {dag.py:3047} INFO - Sync 1 DAGs
[2024-03-15T08:09:53.634+0000] {logging_mixin.py:188} INFO - [2024-03-15T08:09:53.634+0000] {dag.py:3834} INFO - Setting next_dagrun for example_task_group to 2024-03-14 00:00:00+00:00, run_after=2024-03-15 00:00:00+00:00
[2024-03-15T08:09:53.641+0000] {processor.py:183} INFO - Processing /home/airflow/.local/lib/python3.8/site-packages/airflow/example_dags/example_task_group.py took 0.029 seconds
[2024-03-15T08:10:24.026+0000] {processor.py:161} INFO - Started process (PID=652) to work on /home/airflow/.local/lib/python3.8/site-packages/airflow/example_dags/example_task_group.py
[2024-03-15T08:10:24.026+0000] {processor.py:830} INFO - Processing file /home/airflow/.local/lib/python3.8/site-packages/airflow/example_dags/example_task_group.py for tasks to queue
[2024-03-15T08:10:24.027+0000] {logging_mixin.py:188} INFO - [2024-03-15T08:10:24.027+0000] {dagbag.py:540} INFO - Filling up the DagBag from /home/airflow/.local/lib/python3.8/site-packages/airflow/example_dags/example_task_group.py
[2024-03-15T08:10:24.030+0000] {processor.py:840} INFO - DAG(s) 'example_task_group' retrieved from /home/airflow/.local/lib/python3.8/site-packages/airflow/example_dags/example_task_group.py
[2024-03-15T08:10:24.039+0000] {logging_mixin.py:188} INFO - [2024-03-15T08:10:24.039+0000] {dag.py:3047} INFO - Sync 1 DAGs
[2024-03-15T08:10:24.047+0000] {logging_mixin.py:188} INFO - [2024-03-15T08:10:24.047+0000] {dag.py:3834} INFO - Setting next_dagrun for example_task_group to 2024-03-14 00:00:00+00:00, run_after=2024-03-15 00:00:00+00:00
[2024-03-15T08:10:24.053+0000] {processor.py:183} INFO - Processing /home/airflow/.local/lib/python3.8/site-packages/airflow/example_dags/example_task_group.py took 0.029 seconds
[2024-03-15T08:10:54.349+0000] {processor.py:161} INFO - Started process (PID=707) to work on /home/airflow/.local/lib/python3.8/site-packages/airflow/example_dags/example_task_group.py
[2024-03-15T08:10:54.350+0000] {processor.py:830} INFO - Processing file /home/airflow/.local/lib/python3.8/site-packages/airflow/example_dags/example_task_group.py for tasks to queue
[2024-03-15T08:10:54.350+0000] {logging_mixin.py:188} INFO - [2024-03-15T08:10:54.350+0000] {dagbag.py:540} INFO - Filling up the DagBag from /home/airflow/.local/lib/python3.8/site-packages/airflow/example_dags/example_task_group.py
[2024-03-15T08:10:54.353+0000] {processor.py:840} INFO - DAG(s) 'example_task_group' retrieved from /home/airflow/.local/lib/python3.8/site-packages/airflow/example_dags/example_task_group.py
[2024-03-15T08:10:54.361+0000] {logging_mixin.py:188} INFO - [2024-03-15T08:10:54.361+0000] {dag.py:3047} INFO - Sync 1 DAGs
[2024-03-15T08:10:54.369+0000] {logging_mixin.py:188} INFO - [2024-03-15T08:10:54.369+0000] {dag.py:3834} INFO - Setting next_dagrun for example_task_group to 2024-03-14 00:00:00+00:00, run_after=2024-03-15 00:00:00+00:00
[2024-03-15T08:10:54.375+0000] {processor.py:183} INFO - Processing /home/airflow/.local/lib/python3.8/site-packages/airflow/example_dags/example_task_group.py took 0.027 seconds
[2024-03-15T08:11:24.723+0000] {processor.py:161} INFO - Started process (PID=762) to work on /home/airflow/.local/lib/python3.8/site-packages/airflow/example_dags/example_task_group.py
[2024-03-15T08:11:24.723+0000] {processor.py:830} INFO - Processing file /home/airflow/.local/lib/python3.8/site-packages/airflow/example_dags/example_task_group.py for tasks to queue
[2024-03-15T08:11:24.725+0000] {logging_mixin.py:188} INFO - [2024-03-15T08:11:24.724+0000] {dagbag.py:540} INFO - Filling up the DagBag from /home/airflow/.local/lib/python3.8/site-packages/airflow/example_dags/example_task_group.py
[2024-03-15T08:11:24.729+0000] {processor.py:840} INFO - DAG(s) 'example_task_group' retrieved from /home/airflow/.local/lib/python3.8/site-packages/airflow/example_dags/example_task_group.py
[2024-03-15T08:11:24.743+0000] {logging_mixin.py:188} INFO - [2024-03-15T08:11:24.742+0000] {dag.py:3047} INFO - Sync 1 DAGs
[2024-03-15T08:11:24.758+0000] {logging_mixin.py:188} INFO - [2024-03-15T08:11:24.758+0000] {dag.py:3834} INFO - Setting next_dagrun for example_task_group to 2024-03-14 00:00:00+00:00, run_after=2024-03-15 00:00:00+00:00
[2024-03-15T08:11:24.770+0000] {processor.py:183} INFO - Processing /home/airflow/.local/lib/python3.8/site-packages/airflow/example_dags/example_task_group.py took 0.049 seconds
[2024-03-15T08:11:55.284+0000] {processor.py:161} INFO - Started process (PID=817) to work on /home/airflow/.local/lib/python3.8/site-packages/airflow/example_dags/example_task_group.py
[2024-03-15T08:11:55.284+0000] {processor.py:830} INFO - Processing file /home/airflow/.local/lib/python3.8/site-packages/airflow/example_dags/example_task_group.py for tasks to queue
[2024-03-15T08:11:55.285+0000] {logging_mixin.py:188} INFO - [2024-03-15T08:11:55.285+0000] {dagbag.py:540} INFO - Filling up the DagBag from /home/airflow/.local/lib/python3.8/site-packages/airflow/example_dags/example_task_group.py
[2024-03-15T08:11:55.289+0000] {processor.py:840} INFO - DAG(s) 'example_task_group' retrieved from /home/airflow/.local/lib/python3.8/site-packages/airflow/example_dags/example_task_group.py
[2024-03-15T08:11:55.298+0000] {logging_mixin.py:188} INFO - [2024-03-15T08:11:55.298+0000] {dag.py:3047} INFO - Sync 1 DAGs
[2024-03-15T08:11:55.308+0000] {logging_mixin.py:188} INFO - [2024-03-15T08:11:55.308+0000] {dag.py:3834} INFO - Setting next_dagrun for example_task_group to 2024-03-14 00:00:00+00:00, run_after=2024-03-15 00:00:00+00:00
[2024-03-15T08:11:55.315+0000] {processor.py:183} INFO - Processing /home/airflow/.local/lib/python3.8/site-packages/airflow/example_dags/example_task_group.py took 0.033 seconds
[2024-03-15T08:12:25.844+0000] {processor.py:161} INFO - Started process (PID=872) to work on /home/airflow/.local/lib/python3.8/site-packages/airflow/example_dags/example_task_group.py
[2024-03-15T08:12:25.845+0000] {processor.py:830} INFO - Processing file /home/airflow/.local/lib/python3.8/site-packages/airflow/example_dags/example_task_group.py for tasks to queue
[2024-03-15T08:12:25.845+0000] {logging_mixin.py:188} INFO - [2024-03-15T08:12:25.845+0000] {dagbag.py:540} INFO - Filling up the DagBag from /home/airflow/.local/lib/python3.8/site-packages/airflow/example_dags/example_task_group.py
[2024-03-15T08:12:25.848+0000] {processor.py:840} INFO - DAG(s) 'example_task_group' retrieved from /home/airflow/.local/lib/python3.8/site-packages/airflow/example_dags/example_task_group.py
[2024-03-15T08:12:25.857+0000] {logging_mixin.py:188} INFO - [2024-03-15T08:12:25.857+0000] {dag.py:3047} INFO - Sync 1 DAGs
[2024-03-15T08:12:25.865+0000] {logging_mixin.py:188} INFO - [2024-03-15T08:12:25.865+0000] {dag.py:3834} INFO - Setting next_dagrun for example_task_group to 2024-03-14 00:00:00+00:00, run_after=2024-03-15 00:00:00+00:00
[2024-03-15T08:12:25.871+0000] {processor.py:183} INFO - Processing /home/airflow/.local/lib/python3.8/site-packages/airflow/example_dags/example_task_group.py took 0.028 seconds
[2024-03-15T08:12:56.260+0000] {processor.py:161} INFO - Started process (PID=927) to work on /home/airflow/.local/lib/python3.8/site-packages/airflow/example_dags/example_task_group.py
[2024-03-15T08:12:56.260+0000] {processor.py:830} INFO - Processing file /home/airflow/.local/lib/python3.8/site-packages/airflow/example_dags/example_task_group.py for tasks to queue
[2024-03-15T08:12:56.261+0000] {logging_mixin.py:188} INFO - [2024-03-15T08:12:56.261+0000] {dagbag.py:540} INFO - Filling up the DagBag from /home/airflow/.local/lib/python3.8/site-packages/airflow/example_dags/example_task_group.py
[2024-03-15T08:12:56.264+0000] {processor.py:840} INFO - DAG(s) 'example_task_group' retrieved from /home/airflow/.local/lib/python3.8/site-packages/airflow/example_dags/example_task_group.py
[2024-03-15T08:12:56.273+0000] {logging_mixin.py:188} INFO - [2024-03-15T08:12:56.273+0000] {dag.py:3047} INFO - Sync 1 DAGs
[2024-03-15T08:12:56.281+0000] {logging_mixin.py:188} INFO - [2024-03-15T08:12:56.281+0000] {dag.py:3834} INFO - Setting next_dagrun for example_task_group to 2024-03-14 00:00:00+00:00, run_after=2024-03-15 00:00:00+00:00
[2024-03-15T08:12:56.288+0000] {processor.py:183} INFO - Processing /home/airflow/.local/lib/python3.8/site-packages/airflow/example_dags/example_task_group.py took 0.030 seconds
[2024-03-15T08:13:26.512+0000] {processor.py:161} INFO - Started process (PID=982) to work on /home/airflow/.local/lib/python3.8/site-packages/airflow/example_dags/example_task_group.py
[2024-03-15T08:13:26.513+0000] {processor.py:830} INFO - Processing file /home/airflow/.local/lib/python3.8/site-packages/airflow/example_dags/example_task_group.py for tasks to queue
[2024-03-15T08:13:26.513+0000] {logging_mixin.py:188} INFO - [2024-03-15T08:13:26.513+0000] {dagbag.py:540} INFO - Filling up the DagBag from /home/airflow/.local/lib/python3.8/site-packages/airflow/example_dags/example_task_group.py
[2024-03-15T08:13:26.516+0000] {processor.py:840} INFO - DAG(s) 'example_task_group' retrieved from /home/airflow/.local/lib/python3.8/site-packages/airflow/example_dags/example_task_group.py
[2024-03-15T08:13:26.525+0000] {logging_mixin.py:188} INFO - [2024-03-15T08:13:26.525+0000] {dag.py:3047} INFO - Sync 1 DAGs
[2024-03-15T08:13:26.534+0000] {logging_mixin.py:188} INFO - [2024-03-15T08:13:26.534+0000] {dag.py:3834} INFO - Setting next_dagrun for example_task_group to 2024-03-14 00:00:00+00:00, run_after=2024-03-15 00:00:00+00:00
[2024-03-15T08:13:26.540+0000] {processor.py:183} INFO - Processing /home/airflow/.local/lib/python3.8/site-packages/airflow/example_dags/example_task_group.py took 0.029 seconds
[2024-03-15T08:13:56.815+0000] {processor.py:161} INFO - Started process (PID=1037) to work on /home/airflow/.local/lib/python3.8/site-packages/airflow/example_dags/example_task_group.py
[2024-03-15T08:13:56.815+0000] {processor.py:830} INFO - Processing file /home/airflow/.local/lib/python3.8/site-packages/airflow/example_dags/example_task_group.py for tasks to queue
[2024-03-15T08:13:56.816+0000] {logging_mixin.py:188} INFO - [2024-03-15T08:13:56.816+0000] {dagbag.py:540} INFO - Filling up the DagBag from /home/airflow/.local/lib/python3.8/site-packages/airflow/example_dags/example_task_group.py
[2024-03-15T08:13:56.819+0000] {processor.py:840} INFO - DAG(s) 'example_task_group' retrieved from /home/airflow/.local/lib/python3.8/site-packages/airflow/example_dags/example_task_group.py
[2024-03-15T08:13:56.827+0000] {logging_mixin.py:188} INFO - [2024-03-15T08:13:56.827+0000] {dag.py:3047} INFO - Sync 1 DAGs
[2024-03-15T08:13:56.836+0000] {logging_mixin.py:188} INFO - [2024-03-15T08:13:56.836+0000] {dag.py:3834} INFO - Setting next_dagrun for example_task_group to 2024-03-14 00:00:00+00:00, run_after=2024-03-15 00:00:00+00:00
[2024-03-15T08:13:56.843+0000] {processor.py:183} INFO - Processing /home/airflow/.local/lib/python3.8/site-packages/airflow/example_dags/example_task_group.py took 0.029 seconds
[2024-03-15T08:14:27.135+0000] {processor.py:161} INFO - Started process (PID=1092) to work on /home/airflow/.local/lib/python3.8/site-packages/airflow/example_dags/example_task_group.py
[2024-03-15T08:14:27.136+0000] {processor.py:830} INFO - Processing file /home/airflow/.local/lib/python3.8/site-packages/airflow/example_dags/example_task_group.py for tasks to queue
[2024-03-15T08:14:27.137+0000] {logging_mixin.py:188} INFO - [2024-03-15T08:14:27.136+0000] {dagbag.py:540} INFO - Filling up the DagBag from /home/airflow/.local/lib/python3.8/site-packages/airflow/example_dags/example_task_group.py
[2024-03-15T08:14:27.139+0000] {processor.py:840} INFO - DAG(s) 'example_task_group' retrieved from /home/airflow/.local/lib/python3.8/site-packages/airflow/example_dags/example_task_group.py
[2024-03-15T08:14:27.147+0000] {logging_mixin.py:188} INFO - [2024-03-15T08:14:27.147+0000] {dag.py:3047} INFO - Sync 1 DAGs
[2024-03-15T08:14:27.155+0000] {logging_mixin.py:188} INFO - [2024-03-15T08:14:27.155+0000] {dag.py:3834} INFO - Setting next_dagrun for example_task_group to 2024-03-14 00:00:00+00:00, run_after=2024-03-15 00:00:00+00:00
[2024-03-15T08:14:27.161+0000] {processor.py:183} INFO - Processing /home/airflow/.local/lib/python3.8/site-packages/airflow/example_dags/example_task_group.py took 0.027 seconds
[2024-03-15T08:14:57.465+0000] {processor.py:161} INFO - Started process (PID=1147) to work on /home/airflow/.local/lib/python3.8/site-packages/airflow/example_dags/example_task_group.py
[2024-03-15T08:14:57.465+0000] {processor.py:830} INFO - Processing file /home/airflow/.local/lib/python3.8/site-packages/airflow/example_dags/example_task_group.py for tasks to queue
[2024-03-15T08:14:57.466+0000] {logging_mixin.py:188} INFO - [2024-03-15T08:14:57.466+0000] {dagbag.py:540} INFO - Filling up the DagBag from /home/airflow/.local/lib/python3.8/site-packages/airflow/example_dags/example_task_group.py
[2024-03-15T08:14:57.469+0000] {processor.py:840} INFO - DAG(s) 'example_task_group' retrieved from /home/airflow/.local/lib/python3.8/site-packages/airflow/example_dags/example_task_group.py
[2024-03-15T08:14:57.478+0000] {logging_mixin.py:188} INFO - [2024-03-15T08:14:57.478+0000] {dag.py:3047} INFO - Sync 1 DAGs
[2024-03-15T08:14:57.486+0000] {logging_mixin.py:188} INFO - [2024-03-15T08:14:57.486+0000] {dag.py:3834} INFO - Setting next_dagrun for example_task_group to 2024-03-14 00:00:00+00:00, run_after=2024-03-15 00:00:00+00:00
[2024-03-15T08:14:57.493+0000] {processor.py:183} INFO - Processing /home/airflow/.local/lib/python3.8/site-packages/airflow/example_dags/example_task_group.py took 0.029 seconds
[2024-03-15T08:15:27.868+0000] {processor.py:161} INFO - Started process (PID=1202) to work on /home/airflow/.local/lib/python3.8/site-packages/airflow/example_dags/example_task_group.py
[2024-03-15T08:15:27.868+0000] {processor.py:830} INFO - Processing file /home/airflow/.local/lib/python3.8/site-packages/airflow/example_dags/example_task_group.py for tasks to queue
[2024-03-15T08:15:27.869+0000] {logging_mixin.py:188} INFO - [2024-03-15T08:15:27.869+0000] {dagbag.py:540} INFO - Filling up the DagBag from /home/airflow/.local/lib/python3.8/site-packages/airflow/example_dags/example_task_group.py
[2024-03-15T08:15:27.872+0000] {processor.py:840} INFO - DAG(s) 'example_task_group' retrieved from /home/airflow/.local/lib/python3.8/site-packages/airflow/example_dags/example_task_group.py
[2024-03-15T08:15:27.882+0000] {logging_mixin.py:188} INFO - [2024-03-15T08:15:27.882+0000] {dag.py:3047} INFO - Sync 1 DAGs
[2024-03-15T08:15:27.892+0000] {logging_mixin.py:188} INFO - [2024-03-15T08:15:27.892+0000] {dag.py:3834} INFO - Setting next_dagrun for example_task_group to 2024-03-14 00:00:00+00:00, run_after=2024-03-15 00:00:00+00:00
[2024-03-15T08:15:27.899+0000] {processor.py:183} INFO - Processing /home/airflow/.local/lib/python3.8/site-packages/airflow/example_dags/example_task_group.py took 0.032 seconds
[2024-03-15T08:15:58.281+0000] {processor.py:161} INFO - Started process (PID=1257) to work on /home/airflow/.local/lib/python3.8/site-packages/airflow/example_dags/example_task_group.py
[2024-03-15T08:15:58.282+0000] {processor.py:830} INFO - Processing file /home/airflow/.local/lib/python3.8/site-packages/airflow/example_dags/example_task_group.py for tasks to queue
[2024-03-15T08:15:58.283+0000] {logging_mixin.py:188} INFO - [2024-03-15T08:15:58.283+0000] {dagbag.py:540} INFO - Filling up the DagBag from /home/airflow/.local/lib/python3.8/site-packages/airflow/example_dags/example_task_group.py
[2024-03-15T08:15:58.287+0000] {processor.py:840} INFO - DAG(s) 'example_task_group' retrieved from /home/airflow/.local/lib/python3.8/site-packages/airflow/example_dags/example_task_group.py
[2024-03-15T08:15:58.299+0000] {logging_mixin.py:188} INFO - [2024-03-15T08:15:58.299+0000] {dag.py:3047} INFO - Sync 1 DAGs
[2024-03-15T08:15:58.309+0000] {logging_mixin.py:188} INFO - [2024-03-15T08:15:58.309+0000] {dag.py:3834} INFO - Setting next_dagrun for example_task_group to 2024-03-14 00:00:00+00:00, run_after=2024-03-15 00:00:00+00:00
[2024-03-15T08:15:58.316+0000] {processor.py:183} INFO - Processing /home/airflow/.local/lib/python3.8/site-packages/airflow/example_dags/example_task_group.py took 0.037 seconds
[2024-03-15T08:16:28.651+0000] {processor.py:161} INFO - Started process (PID=1312) to work on /home/airflow/.local/lib/python3.8/site-packages/airflow/example_dags/example_task_group.py
[2024-03-15T08:16:28.652+0000] {processor.py:830} INFO - Processing file /home/airflow/.local/lib/python3.8/site-packages/airflow/example_dags/example_task_group.py for tasks to queue
[2024-03-15T08:16:28.653+0000] {logging_mixin.py:188} INFO - [2024-03-15T08:16:28.652+0000] {dagbag.py:540} INFO - Filling up the DagBag from /home/airflow/.local/lib/python3.8/site-packages/airflow/example_dags/example_task_group.py
[2024-03-15T08:16:28.656+0000] {processor.py:840} INFO - DAG(s) 'example_task_group' retrieved from /home/airflow/.local/lib/python3.8/site-packages/airflow/example_dags/example_task_group.py
[2024-03-15T08:16:28.665+0000] {logging_mixin.py:188} INFO - [2024-03-15T08:16:28.665+0000] {dag.py:3047} INFO - Sync 1 DAGs
[2024-03-15T08:16:28.674+0000] {logging_mixin.py:188} INFO - [2024-03-15T08:16:28.674+0000] {dag.py:3834} INFO - Setting next_dagrun for example_task_group to 2024-03-14 00:00:00+00:00, run_after=2024-03-15 00:00:00+00:00
[2024-03-15T08:16:28.680+0000] {processor.py:183} INFO - Processing /home/airflow/.local/lib/python3.8/site-packages/airflow/example_dags/example_task_group.py took 0.031 seconds
[2024-03-15T08:16:58.947+0000] {processor.py:161} INFO - Started process (PID=1367) to work on /home/airflow/.local/lib/python3.8/site-packages/airflow/example_dags/example_task_group.py
[2024-03-15T08:16:58.947+0000] {processor.py:830} INFO - Processing file /home/airflow/.local/lib/python3.8/site-packages/airflow/example_dags/example_task_group.py for tasks to queue
[2024-03-15T08:16:58.948+0000] {logging_mixin.py:188} INFO - [2024-03-15T08:16:58.948+0000] {dagbag.py:540} INFO - Filling up the DagBag from /home/airflow/.local/lib/python3.8/site-packages/airflow/example_dags/example_task_group.py
[2024-03-15T08:16:58.951+0000] {processor.py:840} INFO - DAG(s) 'example_task_group' retrieved from /home/airflow/.local/lib/python3.8/site-packages/airflow/example_dags/example_task_group.py
[2024-03-15T08:16:58.960+0000] {logging_mixin.py:188} INFO - [2024-03-15T08:16:58.960+0000] {dag.py:3047} INFO - Sync 1 DAGs
[2024-03-15T08:16:58.968+0000] {logging_mixin.py:188} INFO - [2024-03-15T08:16:58.968+0000] {dag.py:3834} INFO - Setting next_dagrun for example_task_group to 2024-03-14 00:00:00+00:00, run_after=2024-03-15 00:00:00+00:00
[2024-03-15T08:16:58.975+0000] {processor.py:183} INFO - Processing /home/airflow/.local/lib/python3.8/site-packages/airflow/example_dags/example_task_group.py took 0.030 seconds
[2024-03-15T08:17:29.357+0000] {processor.py:161} INFO - Started process (PID=1422) to work on /home/airflow/.local/lib/python3.8/site-packages/airflow/example_dags/example_task_group.py
[2024-03-15T08:17:29.357+0000] {processor.py:830} INFO - Processing file /home/airflow/.local/lib/python3.8/site-packages/airflow/example_dags/example_task_group.py for tasks to queue
[2024-03-15T08:17:29.358+0000] {logging_mixin.py:188} INFO - [2024-03-15T08:17:29.358+0000] {dagbag.py:540} INFO - Filling up the DagBag from /home/airflow/.local/lib/python3.8/site-packages/airflow/example_dags/example_task_group.py
[2024-03-15T08:17:29.361+0000] {processor.py:840} INFO - DAG(s) 'example_task_group' retrieved from /home/airflow/.local/lib/python3.8/site-packages/airflow/example_dags/example_task_group.py
[2024-03-15T08:17:29.370+0000] {logging_mixin.py:188} INFO - [2024-03-15T08:17:29.369+0000] {dag.py:3047} INFO - Sync 1 DAGs
[2024-03-15T08:17:29.378+0000] {logging_mixin.py:188} INFO - [2024-03-15T08:17:29.378+0000] {dag.py:3834} INFO - Setting next_dagrun for example_task_group to 2024-03-14 00:00:00+00:00, run_after=2024-03-15 00:00:00+00:00
[2024-03-15T08:17:29.384+0000] {processor.py:183} INFO - Processing /home/airflow/.local/lib/python3.8/site-packages/airflow/example_dags/example_task_group.py took 0.029 seconds
[2024-03-15T08:17:59.683+0000] {processor.py:161} INFO - Started process (PID=1477) to work on /home/airflow/.local/lib/python3.8/site-packages/airflow/example_dags/example_task_group.py
[2024-03-15T08:17:59.683+0000] {processor.py:830} INFO - Processing file /home/airflow/.local/lib/python3.8/site-packages/airflow/example_dags/example_task_group.py for tasks to queue
[2024-03-15T08:17:59.684+0000] {logging_mixin.py:188} INFO - [2024-03-15T08:17:59.684+0000] {dagbag.py:540} INFO - Filling up the DagBag from /home/airflow/.local/lib/python3.8/site-packages/airflow/example_dags/example_task_group.py
[2024-03-15T08:17:59.687+0000] {processor.py:840} INFO - DAG(s) 'example_task_group' retrieved from /home/airflow/.local/lib/python3.8/site-packages/airflow/example_dags/example_task_group.py
[2024-03-15T08:17:59.697+0000] {logging_mixin.py:188} INFO - [2024-03-15T08:17:59.697+0000] {dag.py:3047} INFO - Sync 1 DAGs
[2024-03-15T08:17:59.707+0000] {logging_mixin.py:188} INFO - [2024-03-15T08:17:59.707+0000] {dag.py:3834} INFO - Setting next_dagrun for example_task_group to 2024-03-14 00:00:00+00:00, run_after=2024-03-15 00:00:00+00:00
[2024-03-15T08:17:59.714+0000] {processor.py:183} INFO - Processing /home/airflow/.local/lib/python3.8/site-packages/airflow/example_dags/example_task_group.py took 0.032 seconds
[2024-03-15T08:18:30.038+0000] {processor.py:161} INFO - Started process (PID=1532) to work on /home/airflow/.local/lib/python3.8/site-packages/airflow/example_dags/example_task_group.py
[2024-03-15T08:18:30.039+0000] {processor.py:830} INFO - Processing file /home/airflow/.local/lib/python3.8/site-packages/airflow/example_dags/example_task_group.py for tasks to queue
[2024-03-15T08:18:30.039+0000] {logging_mixin.py:188} INFO - [2024-03-15T08:18:30.039+0000] {dagbag.py:540} INFO - Filling up the DagBag from /home/airflow/.local/lib/python3.8/site-packages/airflow/example_dags/example_task_group.py
[2024-03-15T08:18:30.043+0000] {processor.py:840} INFO - DAG(s) 'example_task_group' retrieved from /home/airflow/.local/lib/python3.8/site-packages/airflow/example_dags/example_task_group.py
[2024-03-15T08:18:30.052+0000] {logging_mixin.py:188} INFO - [2024-03-15T08:18:30.051+0000] {dag.py:3047} INFO - Sync 1 DAGs
[2024-03-15T08:18:30.060+0000] {logging_mixin.py:188} INFO - [2024-03-15T08:18:30.060+0000] {dag.py:3834} INFO - Setting next_dagrun for example_task_group to 2024-03-14 00:00:00+00:00, run_after=2024-03-15 00:00:00+00:00
[2024-03-15T08:18:30.067+0000] {processor.py:183} INFO - Processing /home/airflow/.local/lib/python3.8/site-packages/airflow/example_dags/example_task_group.py took 0.030 seconds
[2024-03-15T08:19:00.484+0000] {processor.py:161} INFO - Started process (PID=1587) to work on /home/airflow/.local/lib/python3.8/site-packages/airflow/example_dags/example_task_group.py
[2024-03-15T08:19:00.484+0000] {processor.py:830} INFO - Processing file /home/airflow/.local/lib/python3.8/site-packages/airflow/example_dags/example_task_group.py for tasks to queue
[2024-03-15T08:19:00.485+0000] {logging_mixin.py:188} INFO - [2024-03-15T08:19:00.485+0000] {dagbag.py:540} INFO - Filling up the DagBag from /home/airflow/.local/lib/python3.8/site-packages/airflow/example_dags/example_task_group.py
[2024-03-15T08:19:00.488+0000] {processor.py:840} INFO - DAG(s) 'example_task_group' retrieved from /home/airflow/.local/lib/python3.8/site-packages/airflow/example_dags/example_task_group.py
[2024-03-15T08:19:00.497+0000] {logging_mixin.py:188} INFO - [2024-03-15T08:19:00.497+0000] {dag.py:3047} INFO - Sync 1 DAGs
[2024-03-15T08:19:00.506+0000] {logging_mixin.py:188} INFO - [2024-03-15T08:19:00.505+0000] {dag.py:3834} INFO - Setting next_dagrun for example_task_group to 2024-03-14 00:00:00+00:00, run_after=2024-03-15 00:00:00+00:00
[2024-03-15T08:19:00.512+0000] {processor.py:183} INFO - Processing /home/airflow/.local/lib/python3.8/site-packages/airflow/example_dags/example_task_group.py took 0.029 seconds
[2024-03-15T08:19:30.721+0000] {processor.py:161} INFO - Started process (PID=1642) to work on /home/airflow/.local/lib/python3.8/site-packages/airflow/example_dags/example_task_group.py
[2024-03-15T08:19:30.722+0000] {processor.py:830} INFO - Processing file /home/airflow/.local/lib/python3.8/site-packages/airflow/example_dags/example_task_group.py for tasks to queue
[2024-03-15T08:19:30.723+0000] {logging_mixin.py:188} INFO - [2024-03-15T08:19:30.723+0000] {dagbag.py:540} INFO - Filling up the DagBag from /home/airflow/.local/lib/python3.8/site-packages/airflow/example_dags/example_task_group.py
[2024-03-15T08:19:30.726+0000] {processor.py:840} INFO - DAG(s) 'example_task_group' retrieved from /home/airflow/.local/lib/python3.8/site-packages/airflow/example_dags/example_task_group.py
[2024-03-15T08:19:30.735+0000] {logging_mixin.py:188} INFO - [2024-03-15T08:19:30.735+0000] {dag.py:3047} INFO - Sync 1 DAGs
[2024-03-15T08:19:30.743+0000] {logging_mixin.py:188} INFO - [2024-03-15T08:19:30.743+0000] {dag.py:3834} INFO - Setting next_dagrun for example_task_group to 2024-03-14 00:00:00+00:00, run_after=2024-03-15 00:00:00+00:00
[2024-03-15T08:19:30.750+0000] {processor.py:183} INFO - Processing /home/airflow/.local/lib/python3.8/site-packages/airflow/example_dags/example_task_group.py took 0.030 seconds
[2024-03-15T08:20:01.080+0000] {processor.py:161} INFO - Started process (PID=1697) to work on /home/airflow/.local/lib/python3.8/site-packages/airflow/example_dags/example_task_group.py
[2024-03-15T08:20:01.080+0000] {processor.py:830} INFO - Processing file /home/airflow/.local/lib/python3.8/site-packages/airflow/example_dags/example_task_group.py for tasks to queue
[2024-03-15T08:20:01.081+0000] {logging_mixin.py:188} INFO - [2024-03-15T08:20:01.081+0000] {dagbag.py:540} INFO - Filling up the DagBag from /home/airflow/.local/lib/python3.8/site-packages/airflow/example_dags/example_task_group.py
[2024-03-15T08:20:01.084+0000] {processor.py:840} INFO - DAG(s) 'example_task_group' retrieved from /home/airflow/.local/lib/python3.8/site-packages/airflow/example_dags/example_task_group.py
[2024-03-15T08:20:01.093+0000] {logging_mixin.py:188} INFO - [2024-03-15T08:20:01.093+0000] {dag.py:3047} INFO - Sync 1 DAGs
[2024-03-15T08:20:01.101+0000] {logging_mixin.py:188} INFO - [2024-03-15T08:20:01.101+0000] {dag.py:3834} INFO - Setting next_dagrun for example_task_group to 2024-03-14 00:00:00+00:00, run_after=2024-03-15 00:00:00+00:00
[2024-03-15T08:20:01.108+0000] {processor.py:183} INFO - Processing /home/airflow/.local/lib/python3.8/site-packages/airflow/example_dags/example_task_group.py took 0.029 seconds
[2024-03-15T08:20:31.444+0000] {processor.py:161} INFO - Started process (PID=1751) to work on /home/airflow/.local/lib/python3.8/site-packages/airflow/example_dags/example_task_group.py
[2024-03-15T08:20:31.445+0000] {processor.py:830} INFO - Processing file /home/airflow/.local/lib/python3.8/site-packages/airflow/example_dags/example_task_group.py for tasks to queue
[2024-03-15T08:20:31.446+0000] {logging_mixin.py:188} INFO - [2024-03-15T08:20:31.446+0000] {dagbag.py:540} INFO - Filling up the DagBag from /home/airflow/.local/lib/python3.8/site-packages/airflow/example_dags/example_task_group.py
[2024-03-15T08:20:31.449+0000] {processor.py:840} INFO - DAG(s) 'example_task_group' retrieved from /home/airflow/.local/lib/python3.8/site-packages/airflow/example_dags/example_task_group.py
[2024-03-15T08:20:31.457+0000] {logging_mixin.py:188} INFO - [2024-03-15T08:20:31.457+0000] {dag.py:3047} INFO - Sync 1 DAGs
[2024-03-15T08:20:31.466+0000] {logging_mixin.py:188} INFO - [2024-03-15T08:20:31.466+0000] {dag.py:3834} INFO - Setting next_dagrun for example_task_group to 2024-03-14 00:00:00+00:00, run_after=2024-03-15 00:00:00+00:00
[2024-03-15T08:20:31.472+0000] {processor.py:183} INFO - Processing /home/airflow/.local/lib/python3.8/site-packages/airflow/example_dags/example_task_group.py took 0.030 seconds
[2024-03-15T08:21:01.745+0000] {processor.py:161} INFO - Started process (PID=1806) to work on /home/airflow/.local/lib/python3.8/site-packages/airflow/example_dags/example_task_group.py
[2024-03-15T08:21:01.746+0000] {processor.py:830} INFO - Processing file /home/airflow/.local/lib/python3.8/site-packages/airflow/example_dags/example_task_group.py for tasks to queue
[2024-03-15T08:21:01.746+0000] {logging_mixin.py:188} INFO - [2024-03-15T08:21:01.746+0000] {dagbag.py:540} INFO - Filling up the DagBag from /home/airflow/.local/lib/python3.8/site-packages/airflow/example_dags/example_task_group.py
[2024-03-15T08:21:01.749+0000] {processor.py:840} INFO - DAG(s) 'example_task_group' retrieved from /home/airflow/.local/lib/python3.8/site-packages/airflow/example_dags/example_task_group.py
[2024-03-15T08:21:01.757+0000] {logging_mixin.py:188} INFO - [2024-03-15T08:21:01.757+0000] {dag.py:3047} INFO - Sync 1 DAGs
[2024-03-15T08:21:01.765+0000] {logging_mixin.py:188} INFO - [2024-03-15T08:21:01.765+0000] {dag.py:3834} INFO - Setting next_dagrun for example_task_group to 2024-03-14 00:00:00+00:00, run_after=2024-03-15 00:00:00+00:00
[2024-03-15T08:21:01.771+0000] {processor.py:183} INFO - Processing /home/airflow/.local/lib/python3.8/site-packages/airflow/example_dags/example_task_group.py took 0.027 seconds
[2024-03-15T08:21:32.084+0000] {processor.py:161} INFO - Started process (PID=1861) to work on /home/airflow/.local/lib/python3.8/site-packages/airflow/example_dags/example_task_group.py
[2024-03-15T08:21:32.084+0000] {processor.py:830} INFO - Processing file /home/airflow/.local/lib/python3.8/site-packages/airflow/example_dags/example_task_group.py for tasks to queue
[2024-03-15T08:21:32.085+0000] {logging_mixin.py:188} INFO - [2024-03-15T08:21:32.085+0000] {dagbag.py:540} INFO - Filling up the DagBag from /home/airflow/.local/lib/python3.8/site-packages/airflow/example_dags/example_task_group.py
[2024-03-15T08:21:32.088+0000] {processor.py:840} INFO - DAG(s) 'example_task_group' retrieved from /home/airflow/.local/lib/python3.8/site-packages/airflow/example_dags/example_task_group.py
[2024-03-15T08:21:32.097+0000] {logging_mixin.py:188} INFO - [2024-03-15T08:21:32.097+0000] {dag.py:3047} INFO - Sync 1 DAGs
[2024-03-15T08:21:32.105+0000] {logging_mixin.py:188} INFO - [2024-03-15T08:21:32.105+0000] {dag.py:3834} INFO - Setting next_dagrun for example_task_group to 2024-03-14 00:00:00+00:00, run_after=2024-03-15 00:00:00+00:00
[2024-03-15T08:21:32.111+0000] {processor.py:183} INFO - Processing /home/airflow/.local/lib/python3.8/site-packages/airflow/example_dags/example_task_group.py took 0.029 seconds
[2024-03-15T08:22:02.331+0000] {processor.py:161} INFO - Started process (PID=1915) to work on /home/airflow/.local/lib/python3.8/site-packages/airflow/example_dags/example_task_group.py
[2024-03-15T08:22:02.331+0000] {processor.py:830} INFO - Processing file /home/airflow/.local/lib/python3.8/site-packages/airflow/example_dags/example_task_group.py for tasks to queue
[2024-03-15T08:22:02.332+0000] {logging_mixin.py:188} INFO - [2024-03-15T08:22:02.332+0000] {dagbag.py:540} INFO - Filling up the DagBag from /home/airflow/.local/lib/python3.8/site-packages/airflow/example_dags/example_task_group.py
[2024-03-15T08:22:02.335+0000] {processor.py:840} INFO - DAG(s) 'example_task_group' retrieved from /home/airflow/.local/lib/python3.8/site-packages/airflow/example_dags/example_task_group.py
[2024-03-15T08:22:02.344+0000] {logging_mixin.py:188} INFO - [2024-03-15T08:22:02.344+0000] {dag.py:3047} INFO - Sync 1 DAGs
[2024-03-15T08:22:02.352+0000] {logging_mixin.py:188} INFO - [2024-03-15T08:22:02.352+0000] {dag.py:3834} INFO - Setting next_dagrun for example_task_group to 2024-03-14 00:00:00+00:00, run_after=2024-03-15 00:00:00+00:00
[2024-03-15T08:22:02.359+0000] {processor.py:183} INFO - Processing /home/airflow/.local/lib/python3.8/site-packages/airflow/example_dags/example_task_group.py took 0.029 seconds
[2024-03-15T08:22:32.669+0000] {processor.py:161} INFO - Started process (PID=1970) to work on /home/airflow/.local/lib/python3.8/site-packages/airflow/example_dags/example_task_group.py
[2024-03-15T08:22:32.670+0000] {processor.py:830} INFO - Processing file /home/airflow/.local/lib/python3.8/site-packages/airflow/example_dags/example_task_group.py for tasks to queue
[2024-03-15T08:22:32.671+0000] {logging_mixin.py:188} INFO - [2024-03-15T08:22:32.671+0000] {dagbag.py:540} INFO - Filling up the DagBag from /home/airflow/.local/lib/python3.8/site-packages/airflow/example_dags/example_task_group.py
[2024-03-15T08:22:32.674+0000] {processor.py:840} INFO - DAG(s) 'example_task_group' retrieved from /home/airflow/.local/lib/python3.8/site-packages/airflow/example_dags/example_task_group.py
[2024-03-15T08:22:32.683+0000] {logging_mixin.py:188} INFO - [2024-03-15T08:22:32.683+0000] {dag.py:3047} INFO - Sync 1 DAGs
[2024-03-15T08:22:32.693+0000] {logging_mixin.py:188} INFO - [2024-03-15T08:22:32.693+0000] {dag.py:3834} INFO - Setting next_dagrun for example_task_group to 2024-03-14 00:00:00+00:00, run_after=2024-03-15 00:00:00+00:00
[2024-03-15T08:22:32.700+0000] {processor.py:183} INFO - Processing /home/airflow/.local/lib/python3.8/site-packages/airflow/example_dags/example_task_group.py took 0.032 seconds
[2024-03-15T08:23:03.165+0000] {processor.py:161} INFO - Started process (PID=2025) to work on /home/airflow/.local/lib/python3.8/site-packages/airflow/example_dags/example_task_group.py
[2024-03-15T08:23:03.166+0000] {processor.py:830} INFO - Processing file /home/airflow/.local/lib/python3.8/site-packages/airflow/example_dags/example_task_group.py for tasks to queue
[2024-03-15T08:23:03.166+0000] {logging_mixin.py:188} INFO - [2024-03-15T08:23:03.166+0000] {dagbag.py:540} INFO - Filling up the DagBag from /home/airflow/.local/lib/python3.8/site-packages/airflow/example_dags/example_task_group.py
[2024-03-15T08:23:03.170+0000] {processor.py:840} INFO - DAG(s) 'example_task_group' retrieved from /home/airflow/.local/lib/python3.8/site-packages/airflow/example_dags/example_task_group.py
[2024-03-15T08:23:03.179+0000] {logging_mixin.py:188} INFO - [2024-03-15T08:23:03.179+0000] {dag.py:3047} INFO - Sync 1 DAGs
[2024-03-15T08:23:03.188+0000] {logging_mixin.py:188} INFO - [2024-03-15T08:23:03.188+0000] {dag.py:3834} INFO - Setting next_dagrun for example_task_group to 2024-03-14 00:00:00+00:00, run_after=2024-03-15 00:00:00+00:00
[2024-03-15T08:23:03.195+0000] {processor.py:183} INFO - Processing /home/airflow/.local/lib/python3.8/site-packages/airflow/example_dags/example_task_group.py took 0.032 seconds
[2024-03-15T08:23:33.690+0000] {processor.py:161} INFO - Started process (PID=2079) to work on /home/airflow/.local/lib/python3.8/site-packages/airflow/example_dags/example_task_group.py
[2024-03-15T08:23:33.690+0000] {processor.py:830} INFO - Processing file /home/airflow/.local/lib/python3.8/site-packages/airflow/example_dags/example_task_group.py for tasks to queue
[2024-03-15T08:23:33.691+0000] {logging_mixin.py:188} INFO - [2024-03-15T08:23:33.691+0000] {dagbag.py:540} INFO - Filling up the DagBag from /home/airflow/.local/lib/python3.8/site-packages/airflow/example_dags/example_task_group.py
[2024-03-15T08:23:33.694+0000] {processor.py:840} INFO - DAG(s) 'example_task_group' retrieved from /home/airflow/.local/lib/python3.8/site-packages/airflow/example_dags/example_task_group.py
[2024-03-15T08:23:33.703+0000] {logging_mixin.py:188} INFO - [2024-03-15T08:23:33.702+0000] {dag.py:3047} INFO - Sync 1 DAGs
[2024-03-15T08:23:33.711+0000] {logging_mixin.py:188} INFO - [2024-03-15T08:23:33.711+0000] {dag.py:3834} INFO - Setting next_dagrun for example_task_group to 2024-03-14 00:00:00+00:00, run_after=2024-03-15 00:00:00+00:00
[2024-03-15T08:23:33.717+0000] {processor.py:183} INFO - Processing /home/airflow/.local/lib/python3.8/site-packages/airflow/example_dags/example_task_group.py took 0.028 seconds
