[2024-03-15T08:04:48.755+0000] {processor.py:161} INFO - Started process (PID=50) to work on /home/airflow/.local/lib/python3.8/site-packages/airflow/example_dags/example_xcomargs.py
[2024-03-15T08:04:48.756+0000] {processor.py:830} INFO - Processing file /home/airflow/.local/lib/python3.8/site-packages/airflow/example_dags/example_xcomargs.py for tasks to queue
[2024-03-15T08:04:48.757+0000] {logging_mixin.py:188} INFO - [2024-03-15T08:04:48.757+0000] {dagbag.py:540} INFO - Filling up the DagBag from /home/airflow/.local/lib/python3.8/site-packages/airflow/example_dags/example_xcomargs.py
[2024-03-15T08:04:48.762+0000] {processor.py:840} INFO - DAG(s) 'example_xcom_args_with_operators', 'example_xcom_args' retrieved from /home/airflow/.local/lib/python3.8/site-packages/airflow/example_dags/example_xcomargs.py
[2024-03-15T08:04:48.769+0000] {logging_mixin.py:188} INFO - [2024-03-15T08:04:48.769+0000] {dag.py:3047} INFO - Sync 2 DAGs
[2024-03-15T08:04:48.776+0000] {logging_mixin.py:188} INFO - [2024-03-15T08:04:48.776+0000] {dag.py:3834} INFO - Setting next_dagrun for example_xcom_args to None, run_after=None
[2024-03-15T08:04:48.778+0000] {logging_mixin.py:188} INFO - [2024-03-15T08:04:48.778+0000] {dag.py:3834} INFO - Setting next_dagrun for example_xcom_args_with_operators to None, run_after=None
[2024-03-15T08:04:48.785+0000] {processor.py:183} INFO - Processing /home/airflow/.local/lib/python3.8/site-packages/airflow/example_dags/example_xcomargs.py took 0.031 seconds
[2024-03-15T08:05:19.976+0000] {processor.py:161} INFO - Started process (PID=105) to work on /home/airflow/.local/lib/python3.8/site-packages/airflow/example_dags/example_xcomargs.py
[2024-03-15T08:05:19.977+0000] {processor.py:830} INFO - Processing file /home/airflow/.local/lib/python3.8/site-packages/airflow/example_dags/example_xcomargs.py for tasks to queue
[2024-03-15T08:05:19.978+0000] {logging_mixin.py:188} INFO - [2024-03-15T08:05:19.978+0000] {dagbag.py:540} INFO - Filling up the DagBag from /home/airflow/.local/lib/python3.8/site-packages/airflow/example_dags/example_xcomargs.py
[2024-03-15T08:05:19.982+0000] {processor.py:840} INFO - DAG(s) 'example_xcom_args', 'example_xcom_args_with_operators' retrieved from /home/airflow/.local/lib/python3.8/site-packages/airflow/example_dags/example_xcomargs.py
[2024-03-15T08:05:20.026+0000] {logging_mixin.py:188} INFO - [2024-03-15T08:05:20.026+0000] {dag.py:3047} INFO - Sync 2 DAGs
[2024-03-15T08:05:20.030+0000] {logging_mixin.py:188} INFO - [2024-03-15T08:05:20.030+0000] {dag.py:3834} INFO - Setting next_dagrun for example_xcom_args to None, run_after=None
[2024-03-15T08:05:20.031+0000] {logging_mixin.py:188} INFO - [2024-03-15T08:05:20.031+0000] {dag.py:3834} INFO - Setting next_dagrun for example_xcom_args_with_operators to None, run_after=None
[2024-03-15T08:05:20.038+0000] {processor.py:183} INFO - Processing /home/airflow/.local/lib/python3.8/site-packages/airflow/example_dags/example_xcomargs.py took 0.063 seconds
[2024-03-15T08:05:50.887+0000] {processor.py:161} INFO - Started process (PID=160) to work on /home/airflow/.local/lib/python3.8/site-packages/airflow/example_dags/example_xcomargs.py
[2024-03-15T08:05:50.888+0000] {processor.py:830} INFO - Processing file /home/airflow/.local/lib/python3.8/site-packages/airflow/example_dags/example_xcomargs.py for tasks to queue
[2024-03-15T08:05:50.889+0000] {logging_mixin.py:188} INFO - [2024-03-15T08:05:50.889+0000] {dagbag.py:540} INFO - Filling up the DagBag from /home/airflow/.local/lib/python3.8/site-packages/airflow/example_dags/example_xcomargs.py
[2024-03-15T08:05:50.893+0000] {processor.py:840} INFO - DAG(s) 'example_xcom_args', 'example_xcom_args_with_operators' retrieved from /home/airflow/.local/lib/python3.8/site-packages/airflow/example_dags/example_xcomargs.py
[2024-03-15T08:05:50.903+0000] {logging_mixin.py:188} INFO - [2024-03-15T08:05:50.903+0000] {dag.py:3047} INFO - Sync 2 DAGs
[2024-03-15T08:05:50.909+0000] {logging_mixin.py:188} INFO - [2024-03-15T08:05:50.909+0000] {dag.py:3834} INFO - Setting next_dagrun for example_xcom_args to None, run_after=None
[2024-03-15T08:05:50.911+0000] {logging_mixin.py:188} INFO - [2024-03-15T08:05:50.911+0000] {dag.py:3834} INFO - Setting next_dagrun for example_xcom_args_with_operators to None, run_after=None
[2024-03-15T08:05:50.918+0000] {processor.py:183} INFO - Processing /home/airflow/.local/lib/python3.8/site-packages/airflow/example_dags/example_xcomargs.py took 0.032 seconds
[2024-03-15T08:06:21.215+0000] {processor.py:161} INFO - Started process (PID=215) to work on /home/airflow/.local/lib/python3.8/site-packages/airflow/example_dags/example_xcomargs.py
[2024-03-15T08:06:21.215+0000] {processor.py:830} INFO - Processing file /home/airflow/.local/lib/python3.8/site-packages/airflow/example_dags/example_xcomargs.py for tasks to queue
[2024-03-15T08:06:21.216+0000] {logging_mixin.py:188} INFO - [2024-03-15T08:06:21.216+0000] {dagbag.py:540} INFO - Filling up the DagBag from /home/airflow/.local/lib/python3.8/site-packages/airflow/example_dags/example_xcomargs.py
[2024-03-15T08:06:21.221+0000] {processor.py:840} INFO - DAG(s) 'example_xcom_args_with_operators', 'example_xcom_args' retrieved from /home/airflow/.local/lib/python3.8/site-packages/airflow/example_dags/example_xcomargs.py
[2024-03-15T08:06:21.230+0000] {logging_mixin.py:188} INFO - [2024-03-15T08:06:21.230+0000] {dag.py:3047} INFO - Sync 2 DAGs
[2024-03-15T08:06:21.235+0000] {logging_mixin.py:188} INFO - [2024-03-15T08:06:21.235+0000] {dag.py:3834} INFO - Setting next_dagrun for example_xcom_args to None, run_after=None
[2024-03-15T08:06:21.236+0000] {logging_mixin.py:188} INFO - [2024-03-15T08:06:21.236+0000] {dag.py:3834} INFO - Setting next_dagrun for example_xcom_args_with_operators to None, run_after=None
[2024-03-15T08:06:21.242+0000] {processor.py:183} INFO - Processing /home/airflow/.local/lib/python3.8/site-packages/airflow/example_dags/example_xcomargs.py took 0.029 seconds
[2024-03-15T08:06:51.516+0000] {processor.py:161} INFO - Started process (PID=270) to work on /home/airflow/.local/lib/python3.8/site-packages/airflow/example_dags/example_xcomargs.py
[2024-03-15T08:06:51.516+0000] {processor.py:830} INFO - Processing file /home/airflow/.local/lib/python3.8/site-packages/airflow/example_dags/example_xcomargs.py for tasks to queue
[2024-03-15T08:06:51.517+0000] {logging_mixin.py:188} INFO - [2024-03-15T08:06:51.517+0000] {dagbag.py:540} INFO - Filling up the DagBag from /home/airflow/.local/lib/python3.8/site-packages/airflow/example_dags/example_xcomargs.py
[2024-03-15T08:06:51.521+0000] {processor.py:840} INFO - DAG(s) 'example_xcom_args', 'example_xcom_args_with_operators' retrieved from /home/airflow/.local/lib/python3.8/site-packages/airflow/example_dags/example_xcomargs.py
[2024-03-15T08:06:51.530+0000] {logging_mixin.py:188} INFO - [2024-03-15T08:06:51.529+0000] {dag.py:3047} INFO - Sync 2 DAGs
[2024-03-15T08:06:51.535+0000] {logging_mixin.py:188} INFO - [2024-03-15T08:06:51.534+0000] {dag.py:3834} INFO - Setting next_dagrun for example_xcom_args to None, run_after=None
[2024-03-15T08:06:51.536+0000] {logging_mixin.py:188} INFO - [2024-03-15T08:06:51.536+0000] {dag.py:3834} INFO - Setting next_dagrun for example_xcom_args_with_operators to None, run_after=None
[2024-03-15T08:06:51.542+0000] {processor.py:183} INFO - Processing /home/airflow/.local/lib/python3.8/site-packages/airflow/example_dags/example_xcomargs.py took 0.028 seconds
[2024-03-15T08:07:21.775+0000] {processor.py:161} INFO - Started process (PID=325) to work on /home/airflow/.local/lib/python3.8/site-packages/airflow/example_dags/example_xcomargs.py
[2024-03-15T08:07:21.776+0000] {processor.py:830} INFO - Processing file /home/airflow/.local/lib/python3.8/site-packages/airflow/example_dags/example_xcomargs.py for tasks to queue
[2024-03-15T08:07:21.776+0000] {logging_mixin.py:188} INFO - [2024-03-15T08:07:21.776+0000] {dagbag.py:540} INFO - Filling up the DagBag from /home/airflow/.local/lib/python3.8/site-packages/airflow/example_dags/example_xcomargs.py
[2024-03-15T08:07:21.780+0000] {processor.py:840} INFO - DAG(s) 'example_xcom_args_with_operators', 'example_xcom_args' retrieved from /home/airflow/.local/lib/python3.8/site-packages/airflow/example_dags/example_xcomargs.py
[2024-03-15T08:07:21.788+0000] {logging_mixin.py:188} INFO - [2024-03-15T08:07:21.788+0000] {dag.py:3047} INFO - Sync 2 DAGs
[2024-03-15T08:07:21.793+0000] {logging_mixin.py:188} INFO - [2024-03-15T08:07:21.793+0000] {dag.py:3834} INFO - Setting next_dagrun for example_xcom_args to None, run_after=None
[2024-03-15T08:07:21.794+0000] {logging_mixin.py:188} INFO - [2024-03-15T08:07:21.794+0000] {dag.py:3834} INFO - Setting next_dagrun for example_xcom_args_with_operators to None, run_after=None
[2024-03-15T08:07:21.800+0000] {processor.py:183} INFO - Processing /home/airflow/.local/lib/python3.8/site-packages/airflow/example_dags/example_xcomargs.py took 0.027 seconds
[2024-03-15T08:07:52.081+0000] {processor.py:161} INFO - Started process (PID=380) to work on /home/airflow/.local/lib/python3.8/site-packages/airflow/example_dags/example_xcomargs.py
[2024-03-15T08:07:52.081+0000] {processor.py:830} INFO - Processing file /home/airflow/.local/lib/python3.8/site-packages/airflow/example_dags/example_xcomargs.py for tasks to queue
[2024-03-15T08:07:52.082+0000] {logging_mixin.py:188} INFO - [2024-03-15T08:07:52.082+0000] {dagbag.py:540} INFO - Filling up the DagBag from /home/airflow/.local/lib/python3.8/site-packages/airflow/example_dags/example_xcomargs.py
[2024-03-15T08:07:52.086+0000] {processor.py:840} INFO - DAG(s) 'example_xcom_args', 'example_xcom_args_with_operators' retrieved from /home/airflow/.local/lib/python3.8/site-packages/airflow/example_dags/example_xcomargs.py
[2024-03-15T08:07:52.094+0000] {logging_mixin.py:188} INFO - [2024-03-15T08:07:52.094+0000] {dag.py:3047} INFO - Sync 2 DAGs
[2024-03-15T08:07:52.099+0000] {logging_mixin.py:188} INFO - [2024-03-15T08:07:52.099+0000] {dag.py:3834} INFO - Setting next_dagrun for example_xcom_args to None, run_after=None
[2024-03-15T08:07:52.100+0000] {logging_mixin.py:188} INFO - [2024-03-15T08:07:52.100+0000] {dag.py:3834} INFO - Setting next_dagrun for example_xcom_args_with_operators to None, run_after=None
[2024-03-15T08:07:52.107+0000] {processor.py:183} INFO - Processing /home/airflow/.local/lib/python3.8/site-packages/airflow/example_dags/example_xcomargs.py took 0.027 seconds
[2024-03-15T08:08:22.517+0000] {processor.py:161} INFO - Started process (PID=434) to work on /home/airflow/.local/lib/python3.8/site-packages/airflow/example_dags/example_xcomargs.py
[2024-03-15T08:08:22.517+0000] {processor.py:830} INFO - Processing file /home/airflow/.local/lib/python3.8/site-packages/airflow/example_dags/example_xcomargs.py for tasks to queue
[2024-03-15T08:08:22.518+0000] {logging_mixin.py:188} INFO - [2024-03-15T08:08:22.518+0000] {dagbag.py:540} INFO - Filling up the DagBag from /home/airflow/.local/lib/python3.8/site-packages/airflow/example_dags/example_xcomargs.py
[2024-03-15T08:08:22.522+0000] {processor.py:840} INFO - DAG(s) 'example_xcom_args_with_operators', 'example_xcom_args' retrieved from /home/airflow/.local/lib/python3.8/site-packages/airflow/example_dags/example_xcomargs.py
[2024-03-15T08:08:22.531+0000] {logging_mixin.py:188} INFO - [2024-03-15T08:08:22.531+0000] {dag.py:3047} INFO - Sync 2 DAGs
[2024-03-15T08:08:22.536+0000] {logging_mixin.py:188} INFO - [2024-03-15T08:08:22.536+0000] {dag.py:3834} INFO - Setting next_dagrun for example_xcom_args to None, run_after=None
[2024-03-15T08:08:22.538+0000] {logging_mixin.py:188} INFO - [2024-03-15T08:08:22.538+0000] {dag.py:3834} INFO - Setting next_dagrun for example_xcom_args_with_operators to None, run_after=None
[2024-03-15T08:08:22.544+0000] {processor.py:183} INFO - Processing /home/airflow/.local/lib/python3.8/site-packages/airflow/example_dags/example_xcomargs.py took 0.029 seconds
[2024-03-15T08:08:52.773+0000] {processor.py:161} INFO - Started process (PID=489) to work on /home/airflow/.local/lib/python3.8/site-packages/airflow/example_dags/example_xcomargs.py
[2024-03-15T08:08:52.774+0000] {processor.py:830} INFO - Processing file /home/airflow/.local/lib/python3.8/site-packages/airflow/example_dags/example_xcomargs.py for tasks to queue
[2024-03-15T08:08:52.774+0000] {logging_mixin.py:188} INFO - [2024-03-15T08:08:52.774+0000] {dagbag.py:540} INFO - Filling up the DagBag from /home/airflow/.local/lib/python3.8/site-packages/airflow/example_dags/example_xcomargs.py
[2024-03-15T08:08:52.778+0000] {processor.py:840} INFO - DAG(s) 'example_xcom_args_with_operators', 'example_xcom_args' retrieved from /home/airflow/.local/lib/python3.8/site-packages/airflow/example_dags/example_xcomargs.py
[2024-03-15T08:08:52.786+0000] {logging_mixin.py:188} INFO - [2024-03-15T08:08:52.786+0000] {dag.py:3047} INFO - Sync 2 DAGs
[2024-03-15T08:08:52.791+0000] {logging_mixin.py:188} INFO - [2024-03-15T08:08:52.791+0000] {dag.py:3834} INFO - Setting next_dagrun for example_xcom_args to None, run_after=None
[2024-03-15T08:08:52.792+0000] {logging_mixin.py:188} INFO - [2024-03-15T08:08:52.792+0000] {dag.py:3834} INFO - Setting next_dagrun for example_xcom_args_with_operators to None, run_after=None
[2024-03-15T08:08:52.799+0000] {processor.py:183} INFO - Processing /home/airflow/.local/lib/python3.8/site-packages/airflow/example_dags/example_xcomargs.py took 0.027 seconds
[2024-03-15T08:09:23.102+0000] {processor.py:161} INFO - Started process (PID=544) to work on /home/airflow/.local/lib/python3.8/site-packages/airflow/example_dags/example_xcomargs.py
[2024-03-15T08:09:23.102+0000] {processor.py:830} INFO - Processing file /home/airflow/.local/lib/python3.8/site-packages/airflow/example_dags/example_xcomargs.py for tasks to queue
[2024-03-15T08:09:23.103+0000] {logging_mixin.py:188} INFO - [2024-03-15T08:09:23.103+0000] {dagbag.py:540} INFO - Filling up the DagBag from /home/airflow/.local/lib/python3.8/site-packages/airflow/example_dags/example_xcomargs.py
[2024-03-15T08:09:23.106+0000] {processor.py:840} INFO - DAG(s) 'example_xcom_args', 'example_xcom_args_with_operators' retrieved from /home/airflow/.local/lib/python3.8/site-packages/airflow/example_dags/example_xcomargs.py
[2024-03-15T08:09:23.116+0000] {logging_mixin.py:188} INFO - [2024-03-15T08:09:23.116+0000] {dag.py:3047} INFO - Sync 2 DAGs
[2024-03-15T08:09:23.120+0000] {logging_mixin.py:188} INFO - [2024-03-15T08:09:23.120+0000] {dag.py:3834} INFO - Setting next_dagrun for example_xcom_args to None, run_after=None
[2024-03-15T08:09:23.121+0000] {logging_mixin.py:188} INFO - [2024-03-15T08:09:23.121+0000] {dag.py:3834} INFO - Setting next_dagrun for example_xcom_args_with_operators to None, run_after=None
[2024-03-15T08:09:23.128+0000] {processor.py:183} INFO - Processing /home/airflow/.local/lib/python3.8/site-packages/airflow/example_dags/example_xcomargs.py took 0.027 seconds
[2024-03-15T08:09:53.685+0000] {processor.py:161} INFO - Started process (PID=599) to work on /home/airflow/.local/lib/python3.8/site-packages/airflow/example_dags/example_xcomargs.py
[2024-03-15T08:09:53.685+0000] {processor.py:830} INFO - Processing file /home/airflow/.local/lib/python3.8/site-packages/airflow/example_dags/example_xcomargs.py for tasks to queue
[2024-03-15T08:09:53.686+0000] {logging_mixin.py:188} INFO - [2024-03-15T08:09:53.686+0000] {dagbag.py:540} INFO - Filling up the DagBag from /home/airflow/.local/lib/python3.8/site-packages/airflow/example_dags/example_xcomargs.py
[2024-03-15T08:09:53.689+0000] {processor.py:840} INFO - DAG(s) 'example_xcom_args', 'example_xcom_args_with_operators' retrieved from /home/airflow/.local/lib/python3.8/site-packages/airflow/example_dags/example_xcomargs.py
[2024-03-15T08:09:53.699+0000] {logging_mixin.py:188} INFO - [2024-03-15T08:09:53.699+0000] {dag.py:3047} INFO - Sync 2 DAGs
[2024-03-15T08:09:53.704+0000] {logging_mixin.py:188} INFO - [2024-03-15T08:09:53.704+0000] {dag.py:3834} INFO - Setting next_dagrun for example_xcom_args to None, run_after=None
[2024-03-15T08:09:53.705+0000] {logging_mixin.py:188} INFO - [2024-03-15T08:09:53.705+0000] {dag.py:3834} INFO - Setting next_dagrun for example_xcom_args_with_operators to None, run_after=None
[2024-03-15T08:09:53.711+0000] {processor.py:183} INFO - Processing /home/airflow/.local/lib/python3.8/site-packages/airflow/example_dags/example_xcomargs.py took 0.028 seconds
[2024-03-15T08:10:24.062+0000] {processor.py:161} INFO - Started process (PID=654) to work on /home/airflow/.local/lib/python3.8/site-packages/airflow/example_dags/example_xcomargs.py
[2024-03-15T08:10:24.062+0000] {processor.py:830} INFO - Processing file /home/airflow/.local/lib/python3.8/site-packages/airflow/example_dags/example_xcomargs.py for tasks to queue
[2024-03-15T08:10:24.065+0000] {logging_mixin.py:188} INFO - [2024-03-15T08:10:24.064+0000] {dagbag.py:540} INFO - Filling up the DagBag from /home/airflow/.local/lib/python3.8/site-packages/airflow/example_dags/example_xcomargs.py
[2024-03-15T08:10:24.069+0000] {processor.py:840} INFO - DAG(s) 'example_xcom_args', 'example_xcom_args_with_operators' retrieved from /home/airflow/.local/lib/python3.8/site-packages/airflow/example_dags/example_xcomargs.py
[2024-03-15T08:10:24.078+0000] {logging_mixin.py:188} INFO - [2024-03-15T08:10:24.077+0000] {dag.py:3047} INFO - Sync 2 DAGs
[2024-03-15T08:10:24.082+0000] {logging_mixin.py:188} INFO - [2024-03-15T08:10:24.082+0000] {dag.py:3834} INFO - Setting next_dagrun for example_xcom_args to None, run_after=None
[2024-03-15T08:10:24.084+0000] {logging_mixin.py:188} INFO - [2024-03-15T08:10:24.084+0000] {dag.py:3834} INFO - Setting next_dagrun for example_xcom_args_with_operators to None, run_after=None
[2024-03-15T08:10:24.090+0000] {processor.py:183} INFO - Processing /home/airflow/.local/lib/python3.8/site-packages/airflow/example_dags/example_xcomargs.py took 0.029 seconds
[2024-03-15T08:10:54.384+0000] {processor.py:161} INFO - Started process (PID=709) to work on /home/airflow/.local/lib/python3.8/site-packages/airflow/example_dags/example_xcomargs.py
[2024-03-15T08:10:54.385+0000] {processor.py:830} INFO - Processing file /home/airflow/.local/lib/python3.8/site-packages/airflow/example_dags/example_xcomargs.py for tasks to queue
[2024-03-15T08:10:54.385+0000] {logging_mixin.py:188} INFO - [2024-03-15T08:10:54.385+0000] {dagbag.py:540} INFO - Filling up the DagBag from /home/airflow/.local/lib/python3.8/site-packages/airflow/example_dags/example_xcomargs.py
[2024-03-15T08:10:54.388+0000] {processor.py:840} INFO - DAG(s) 'example_xcom_args', 'example_xcom_args_with_operators' retrieved from /home/airflow/.local/lib/python3.8/site-packages/airflow/example_dags/example_xcomargs.py
[2024-03-15T08:10:54.397+0000] {logging_mixin.py:188} INFO - [2024-03-15T08:10:54.397+0000] {dag.py:3047} INFO - Sync 2 DAGs
[2024-03-15T08:10:54.402+0000] {logging_mixin.py:188} INFO - [2024-03-15T08:10:54.402+0000] {dag.py:3834} INFO - Setting next_dagrun for example_xcom_args to None, run_after=None
[2024-03-15T08:10:54.404+0000] {logging_mixin.py:188} INFO - [2024-03-15T08:10:54.404+0000] {dag.py:3834} INFO - Setting next_dagrun for example_xcom_args_with_operators to None, run_after=None
[2024-03-15T08:10:54.409+0000] {processor.py:183} INFO - Processing /home/airflow/.local/lib/python3.8/site-packages/airflow/example_dags/example_xcomargs.py took 0.026 seconds
[2024-03-15T08:11:24.726+0000] {processor.py:161} INFO - Started process (PID=763) to work on /home/airflow/.local/lib/python3.8/site-packages/airflow/example_dags/example_xcomargs.py
[2024-03-15T08:11:24.726+0000] {processor.py:830} INFO - Processing file /home/airflow/.local/lib/python3.8/site-packages/airflow/example_dags/example_xcomargs.py for tasks to queue
[2024-03-15T08:11:24.727+0000] {logging_mixin.py:188} INFO - [2024-03-15T08:11:24.727+0000] {dagbag.py:540} INFO - Filling up the DagBag from /home/airflow/.local/lib/python3.8/site-packages/airflow/example_dags/example_xcomargs.py
[2024-03-15T08:11:24.733+0000] {processor.py:840} INFO - DAG(s) 'example_xcom_args_with_operators', 'example_xcom_args' retrieved from /home/airflow/.local/lib/python3.8/site-packages/airflow/example_dags/example_xcomargs.py
[2024-03-15T08:11:24.748+0000] {logging_mixin.py:188} INFO - [2024-03-15T08:11:24.748+0000] {dag.py:3047} INFO - Sync 2 DAGs
[2024-03-15T08:11:24.757+0000] {logging_mixin.py:188} INFO - [2024-03-15T08:11:24.757+0000] {dag.py:3834} INFO - Setting next_dagrun for example_xcom_args to None, run_after=None
[2024-03-15T08:11:24.760+0000] {logging_mixin.py:188} INFO - [2024-03-15T08:11:24.760+0000] {dag.py:3834} INFO - Setting next_dagrun for example_xcom_args_with_operators to None, run_after=None
[2024-03-15T08:11:24.770+0000] {processor.py:183} INFO - Processing /home/airflow/.local/lib/python3.8/site-packages/airflow/example_dags/example_xcomargs.py took 0.047 seconds
[2024-03-15T08:11:55.324+0000] {processor.py:161} INFO - Started process (PID=819) to work on /home/airflow/.local/lib/python3.8/site-packages/airflow/example_dags/example_xcomargs.py
[2024-03-15T08:11:55.325+0000] {processor.py:830} INFO - Processing file /home/airflow/.local/lib/python3.8/site-packages/airflow/example_dags/example_xcomargs.py for tasks to queue
[2024-03-15T08:11:55.326+0000] {logging_mixin.py:188} INFO - [2024-03-15T08:11:55.325+0000] {dagbag.py:540} INFO - Filling up the DagBag from /home/airflow/.local/lib/python3.8/site-packages/airflow/example_dags/example_xcomargs.py
[2024-03-15T08:11:55.329+0000] {processor.py:840} INFO - DAG(s) 'example_xcom_args', 'example_xcom_args_with_operators' retrieved from /home/airflow/.local/lib/python3.8/site-packages/airflow/example_dags/example_xcomargs.py
[2024-03-15T08:11:55.340+0000] {logging_mixin.py:188} INFO - [2024-03-15T08:11:55.340+0000] {dag.py:3047} INFO - Sync 2 DAGs
[2024-03-15T08:11:55.346+0000] {logging_mixin.py:188} INFO - [2024-03-15T08:11:55.346+0000] {dag.py:3834} INFO - Setting next_dagrun for example_xcom_args to None, run_after=None
[2024-03-15T08:11:55.348+0000] {logging_mixin.py:188} INFO - [2024-03-15T08:11:55.348+0000] {dag.py:3834} INFO - Setting next_dagrun for example_xcom_args_with_operators to None, run_after=None
[2024-03-15T08:11:55.355+0000] {processor.py:183} INFO - Processing /home/airflow/.local/lib/python3.8/site-packages/airflow/example_dags/example_xcomargs.py took 0.032 seconds
[2024-03-15T08:12:25.917+0000] {processor.py:161} INFO - Started process (PID=874) to work on /home/airflow/.local/lib/python3.8/site-packages/airflow/example_dags/example_xcomargs.py
[2024-03-15T08:12:25.918+0000] {processor.py:830} INFO - Processing file /home/airflow/.local/lib/python3.8/site-packages/airflow/example_dags/example_xcomargs.py for tasks to queue
[2024-03-15T08:12:25.918+0000] {logging_mixin.py:188} INFO - [2024-03-15T08:12:25.918+0000] {dagbag.py:540} INFO - Filling up the DagBag from /home/airflow/.local/lib/python3.8/site-packages/airflow/example_dags/example_xcomargs.py
[2024-03-15T08:12:25.922+0000] {processor.py:840} INFO - DAG(s) 'example_xcom_args_with_operators', 'example_xcom_args' retrieved from /home/airflow/.local/lib/python3.8/site-packages/airflow/example_dags/example_xcomargs.py
[2024-03-15T08:12:25.931+0000] {logging_mixin.py:188} INFO - [2024-03-15T08:12:25.931+0000] {dag.py:3047} INFO - Sync 2 DAGs
[2024-03-15T08:12:25.936+0000] {logging_mixin.py:188} INFO - [2024-03-15T08:12:25.936+0000] {dag.py:3834} INFO - Setting next_dagrun for example_xcom_args to None, run_after=None
[2024-03-15T08:12:25.937+0000] {logging_mixin.py:188} INFO - [2024-03-15T08:12:25.937+0000] {dag.py:3834} INFO - Setting next_dagrun for example_xcom_args_with_operators to None, run_after=None
[2024-03-15T08:12:25.943+0000] {processor.py:183} INFO - Processing /home/airflow/.local/lib/python3.8/site-packages/airflow/example_dags/example_xcomargs.py took 0.027 seconds
[2024-03-15T08:12:56.296+0000] {processor.py:161} INFO - Started process (PID=929) to work on /home/airflow/.local/lib/python3.8/site-packages/airflow/example_dags/example_xcomargs.py
[2024-03-15T08:12:56.297+0000] {processor.py:830} INFO - Processing file /home/airflow/.local/lib/python3.8/site-packages/airflow/example_dags/example_xcomargs.py for tasks to queue
[2024-03-15T08:12:56.297+0000] {logging_mixin.py:188} INFO - [2024-03-15T08:12:56.297+0000] {dagbag.py:540} INFO - Filling up the DagBag from /home/airflow/.local/lib/python3.8/site-packages/airflow/example_dags/example_xcomargs.py
[2024-03-15T08:12:56.301+0000] {processor.py:840} INFO - DAG(s) 'example_xcom_args_with_operators', 'example_xcom_args' retrieved from /home/airflow/.local/lib/python3.8/site-packages/airflow/example_dags/example_xcomargs.py
[2024-03-15T08:12:56.310+0000] {logging_mixin.py:188} INFO - [2024-03-15T08:12:56.309+0000] {dag.py:3047} INFO - Sync 2 DAGs
[2024-03-15T08:12:56.315+0000] {logging_mixin.py:188} INFO - [2024-03-15T08:12:56.315+0000] {dag.py:3834} INFO - Setting next_dagrun for example_xcom_args to None, run_after=None
[2024-03-15T08:12:56.316+0000] {logging_mixin.py:188} INFO - [2024-03-15T08:12:56.316+0000] {dag.py:3834} INFO - Setting next_dagrun for example_xcom_args_with_operators to None, run_after=None
[2024-03-15T08:12:56.322+0000] {processor.py:183} INFO - Processing /home/airflow/.local/lib/python3.8/site-packages/airflow/example_dags/example_xcomargs.py took 0.027 seconds
[2024-03-15T08:13:26.549+0000] {processor.py:161} INFO - Started process (PID=984) to work on /home/airflow/.local/lib/python3.8/site-packages/airflow/example_dags/example_xcomargs.py
[2024-03-15T08:13:26.549+0000] {processor.py:830} INFO - Processing file /home/airflow/.local/lib/python3.8/site-packages/airflow/example_dags/example_xcomargs.py for tasks to queue
[2024-03-15T08:13:26.552+0000] {logging_mixin.py:188} INFO - [2024-03-15T08:13:26.552+0000] {dagbag.py:540} INFO - Filling up the DagBag from /home/airflow/.local/lib/python3.8/site-packages/airflow/example_dags/example_xcomargs.py
[2024-03-15T08:13:26.555+0000] {processor.py:840} INFO - DAG(s) 'example_xcom_args_with_operators', 'example_xcom_args' retrieved from /home/airflow/.local/lib/python3.8/site-packages/airflow/example_dags/example_xcomargs.py
[2024-03-15T08:13:26.564+0000] {logging_mixin.py:188} INFO - [2024-03-15T08:13:26.564+0000] {dag.py:3047} INFO - Sync 2 DAGs
[2024-03-15T08:13:26.569+0000] {logging_mixin.py:188} INFO - [2024-03-15T08:13:26.569+0000] {dag.py:3834} INFO - Setting next_dagrun for example_xcom_args to None, run_after=None
[2024-03-15T08:13:26.571+0000] {logging_mixin.py:188} INFO - [2024-03-15T08:13:26.571+0000] {dag.py:3834} INFO - Setting next_dagrun for example_xcom_args_with_operators to None, run_after=None
[2024-03-15T08:13:26.577+0000] {processor.py:183} INFO - Processing /home/airflow/.local/lib/python3.8/site-packages/airflow/example_dags/example_xcomargs.py took 0.030 seconds
[2024-03-15T08:13:56.851+0000] {processor.py:161} INFO - Started process (PID=1039) to work on /home/airflow/.local/lib/python3.8/site-packages/airflow/example_dags/example_xcomargs.py
[2024-03-15T08:13:56.851+0000] {processor.py:830} INFO - Processing file /home/airflow/.local/lib/python3.8/site-packages/airflow/example_dags/example_xcomargs.py for tasks to queue
[2024-03-15T08:13:56.852+0000] {logging_mixin.py:188} INFO - [2024-03-15T08:13:56.852+0000] {dagbag.py:540} INFO - Filling up the DagBag from /home/airflow/.local/lib/python3.8/site-packages/airflow/example_dags/example_xcomargs.py
[2024-03-15T08:13:56.856+0000] {processor.py:840} INFO - DAG(s) 'example_xcom_args_with_operators', 'example_xcom_args' retrieved from /home/airflow/.local/lib/python3.8/site-packages/airflow/example_dags/example_xcomargs.py
[2024-03-15T08:13:56.864+0000] {logging_mixin.py:188} INFO - [2024-03-15T08:13:56.864+0000] {dag.py:3047} INFO - Sync 2 DAGs
[2024-03-15T08:13:56.869+0000] {logging_mixin.py:188} INFO - [2024-03-15T08:13:56.869+0000] {dag.py:3834} INFO - Setting next_dagrun for example_xcom_args to None, run_after=None
[2024-03-15T08:13:56.870+0000] {logging_mixin.py:188} INFO - [2024-03-15T08:13:56.870+0000] {dag.py:3834} INFO - Setting next_dagrun for example_xcom_args_with_operators to None, run_after=None
[2024-03-15T08:13:56.877+0000] {processor.py:183} INFO - Processing /home/airflow/.local/lib/python3.8/site-packages/airflow/example_dags/example_xcomargs.py took 0.027 seconds
[2024-03-15T08:14:27.170+0000] {processor.py:161} INFO - Started process (PID=1094) to work on /home/airflow/.local/lib/python3.8/site-packages/airflow/example_dags/example_xcomargs.py
[2024-03-15T08:14:27.171+0000] {processor.py:830} INFO - Processing file /home/airflow/.local/lib/python3.8/site-packages/airflow/example_dags/example_xcomargs.py for tasks to queue
[2024-03-15T08:14:27.171+0000] {logging_mixin.py:188} INFO - [2024-03-15T08:14:27.171+0000] {dagbag.py:540} INFO - Filling up the DagBag from /home/airflow/.local/lib/python3.8/site-packages/airflow/example_dags/example_xcomargs.py
[2024-03-15T08:14:27.175+0000] {processor.py:840} INFO - DAG(s) 'example_xcom_args', 'example_xcom_args_with_operators' retrieved from /home/airflow/.local/lib/python3.8/site-packages/airflow/example_dags/example_xcomargs.py
[2024-03-15T08:14:27.183+0000] {logging_mixin.py:188} INFO - [2024-03-15T08:14:27.183+0000] {dag.py:3047} INFO - Sync 2 DAGs
[2024-03-15T08:14:27.188+0000] {logging_mixin.py:188} INFO - [2024-03-15T08:14:27.188+0000] {dag.py:3834} INFO - Setting next_dagrun for example_xcom_args to None, run_after=None
[2024-03-15T08:14:27.190+0000] {logging_mixin.py:188} INFO - [2024-03-15T08:14:27.189+0000] {dag.py:3834} INFO - Setting next_dagrun for example_xcom_args_with_operators to None, run_after=None
[2024-03-15T08:14:27.195+0000] {processor.py:183} INFO - Processing /home/airflow/.local/lib/python3.8/site-packages/airflow/example_dags/example_xcomargs.py took 0.026 seconds
[2024-03-15T08:14:57.503+0000] {processor.py:161} INFO - Started process (PID=1149) to work on /home/airflow/.local/lib/python3.8/site-packages/airflow/example_dags/example_xcomargs.py
[2024-03-15T08:14:57.504+0000] {processor.py:830} INFO - Processing file /home/airflow/.local/lib/python3.8/site-packages/airflow/example_dags/example_xcomargs.py for tasks to queue
[2024-03-15T08:14:57.505+0000] {logging_mixin.py:188} INFO - [2024-03-15T08:14:57.504+0000] {dagbag.py:540} INFO - Filling up the DagBag from /home/airflow/.local/lib/python3.8/site-packages/airflow/example_dags/example_xcomargs.py
[2024-03-15T08:14:57.508+0000] {processor.py:840} INFO - DAG(s) 'example_xcom_args', 'example_xcom_args_with_operators' retrieved from /home/airflow/.local/lib/python3.8/site-packages/airflow/example_dags/example_xcomargs.py
[2024-03-15T08:14:57.518+0000] {logging_mixin.py:188} INFO - [2024-03-15T08:14:57.518+0000] {dag.py:3047} INFO - Sync 2 DAGs
[2024-03-15T08:14:57.524+0000] {logging_mixin.py:188} INFO - [2024-03-15T08:14:57.524+0000] {dag.py:3834} INFO - Setting next_dagrun for example_xcom_args to None, run_after=None
[2024-03-15T08:14:57.526+0000] {logging_mixin.py:188} INFO - [2024-03-15T08:14:57.526+0000] {dag.py:3834} INFO - Setting next_dagrun for example_xcom_args_with_operators to None, run_after=None
[2024-03-15T08:14:57.532+0000] {processor.py:183} INFO - Processing /home/airflow/.local/lib/python3.8/site-packages/airflow/example_dags/example_xcomargs.py took 0.030 seconds
[2024-03-15T08:15:27.909+0000] {processor.py:161} INFO - Started process (PID=1204) to work on /home/airflow/.local/lib/python3.8/site-packages/airflow/example_dags/example_xcomargs.py
[2024-03-15T08:15:27.909+0000] {processor.py:830} INFO - Processing file /home/airflow/.local/lib/python3.8/site-packages/airflow/example_dags/example_xcomargs.py for tasks to queue
[2024-03-15T08:15:27.910+0000] {logging_mixin.py:188} INFO - [2024-03-15T08:15:27.910+0000] {dagbag.py:540} INFO - Filling up the DagBag from /home/airflow/.local/lib/python3.8/site-packages/airflow/example_dags/example_xcomargs.py
[2024-03-15T08:15:27.914+0000] {processor.py:840} INFO - DAG(s) 'example_xcom_args', 'example_xcom_args_with_operators' retrieved from /home/airflow/.local/lib/python3.8/site-packages/airflow/example_dags/example_xcomargs.py
[2024-03-15T08:15:27.924+0000] {logging_mixin.py:188} INFO - [2024-03-15T08:15:27.924+0000] {dag.py:3047} INFO - Sync 2 DAGs
[2024-03-15T08:15:27.929+0000] {logging_mixin.py:188} INFO - [2024-03-15T08:15:27.929+0000] {dag.py:3834} INFO - Setting next_dagrun for example_xcom_args to None, run_after=None
[2024-03-15T08:15:27.930+0000] {logging_mixin.py:188} INFO - [2024-03-15T08:15:27.930+0000] {dag.py:3834} INFO - Setting next_dagrun for example_xcom_args_with_operators to None, run_after=None
[2024-03-15T08:15:27.937+0000] {processor.py:183} INFO - Processing /home/airflow/.local/lib/python3.8/site-packages/airflow/example_dags/example_xcomargs.py took 0.029 seconds
[2024-03-15T08:15:58.326+0000] {processor.py:161} INFO - Started process (PID=1259) to work on /home/airflow/.local/lib/python3.8/site-packages/airflow/example_dags/example_xcomargs.py
[2024-03-15T08:15:58.327+0000] {processor.py:830} INFO - Processing file /home/airflow/.local/lib/python3.8/site-packages/airflow/example_dags/example_xcomargs.py for tasks to queue
[2024-03-15T08:15:58.328+0000] {logging_mixin.py:188} INFO - [2024-03-15T08:15:58.328+0000] {dagbag.py:540} INFO - Filling up the DagBag from /home/airflow/.local/lib/python3.8/site-packages/airflow/example_dags/example_xcomargs.py
[2024-03-15T08:15:58.333+0000] {processor.py:840} INFO - DAG(s) 'example_xcom_args_with_operators', 'example_xcom_args' retrieved from /home/airflow/.local/lib/python3.8/site-packages/airflow/example_dags/example_xcomargs.py
[2024-03-15T08:15:58.344+0000] {logging_mixin.py:188} INFO - [2024-03-15T08:15:58.344+0000] {dag.py:3047} INFO - Sync 2 DAGs
[2024-03-15T08:15:58.349+0000] {logging_mixin.py:188} INFO - [2024-03-15T08:15:58.349+0000] {dag.py:3834} INFO - Setting next_dagrun for example_xcom_args to None, run_after=None
[2024-03-15T08:15:58.351+0000] {logging_mixin.py:188} INFO - [2024-03-15T08:15:58.351+0000] {dag.py:3834} INFO - Setting next_dagrun for example_xcom_args_with_operators to None, run_after=None
[2024-03-15T08:15:58.358+0000] {processor.py:183} INFO - Processing /home/airflow/.local/lib/python3.8/site-packages/airflow/example_dags/example_xcomargs.py took 0.033 seconds
[2024-03-15T08:16:28.689+0000] {processor.py:161} INFO - Started process (PID=1314) to work on /home/airflow/.local/lib/python3.8/site-packages/airflow/example_dags/example_xcomargs.py
[2024-03-15T08:16:28.689+0000] {processor.py:830} INFO - Processing file /home/airflow/.local/lib/python3.8/site-packages/airflow/example_dags/example_xcomargs.py for tasks to queue
[2024-03-15T08:16:28.690+0000] {logging_mixin.py:188} INFO - [2024-03-15T08:16:28.690+0000] {dagbag.py:540} INFO - Filling up the DagBag from /home/airflow/.local/lib/python3.8/site-packages/airflow/example_dags/example_xcomargs.py
[2024-03-15T08:16:28.693+0000] {processor.py:840} INFO - DAG(s) 'example_xcom_args_with_operators', 'example_xcom_args' retrieved from /home/airflow/.local/lib/python3.8/site-packages/airflow/example_dags/example_xcomargs.py
[2024-03-15T08:16:28.702+0000] {logging_mixin.py:188} INFO - [2024-03-15T08:16:28.702+0000] {dag.py:3047} INFO - Sync 2 DAGs
[2024-03-15T08:16:28.707+0000] {logging_mixin.py:188} INFO - [2024-03-15T08:16:28.707+0000] {dag.py:3834} INFO - Setting next_dagrun for example_xcom_args to None, run_after=None
[2024-03-15T08:16:28.709+0000] {logging_mixin.py:188} INFO - [2024-03-15T08:16:28.709+0000] {dag.py:3834} INFO - Setting next_dagrun for example_xcom_args_with_operators to None, run_after=None
[2024-03-15T08:16:28.714+0000] {processor.py:183} INFO - Processing /home/airflow/.local/lib/python3.8/site-packages/airflow/example_dags/example_xcomargs.py took 0.027 seconds
[2024-03-15T08:16:58.984+0000] {processor.py:161} INFO - Started process (PID=1369) to work on /home/airflow/.local/lib/python3.8/site-packages/airflow/example_dags/example_xcomargs.py
[2024-03-15T08:16:58.984+0000] {processor.py:830} INFO - Processing file /home/airflow/.local/lib/python3.8/site-packages/airflow/example_dags/example_xcomargs.py for tasks to queue
[2024-03-15T08:16:58.985+0000] {logging_mixin.py:188} INFO - [2024-03-15T08:16:58.985+0000] {dagbag.py:540} INFO - Filling up the DagBag from /home/airflow/.local/lib/python3.8/site-packages/airflow/example_dags/example_xcomargs.py
[2024-03-15T08:16:58.988+0000] {processor.py:840} INFO - DAG(s) 'example_xcom_args_with_operators', 'example_xcom_args' retrieved from /home/airflow/.local/lib/python3.8/site-packages/airflow/example_dags/example_xcomargs.py
[2024-03-15T08:16:58.998+0000] {logging_mixin.py:188} INFO - [2024-03-15T08:16:58.997+0000] {dag.py:3047} INFO - Sync 2 DAGs
[2024-03-15T08:16:59.003+0000] {logging_mixin.py:188} INFO - [2024-03-15T08:16:59.002+0000] {dag.py:3834} INFO - Setting next_dagrun for example_xcom_args to None, run_after=None
[2024-03-15T08:16:59.004+0000] {logging_mixin.py:188} INFO - [2024-03-15T08:16:59.004+0000] {dag.py:3834} INFO - Setting next_dagrun for example_xcom_args_with_operators to None, run_after=None
[2024-03-15T08:16:59.010+0000] {processor.py:183} INFO - Processing /home/airflow/.local/lib/python3.8/site-packages/airflow/example_dags/example_xcomargs.py took 0.028 seconds
[2024-03-15T08:17:29.393+0000] {processor.py:161} INFO - Started process (PID=1424) to work on /home/airflow/.local/lib/python3.8/site-packages/airflow/example_dags/example_xcomargs.py
[2024-03-15T08:17:29.393+0000] {processor.py:830} INFO - Processing file /home/airflow/.local/lib/python3.8/site-packages/airflow/example_dags/example_xcomargs.py for tasks to queue
[2024-03-15T08:17:29.394+0000] {logging_mixin.py:188} INFO - [2024-03-15T08:17:29.394+0000] {dagbag.py:540} INFO - Filling up the DagBag from /home/airflow/.local/lib/python3.8/site-packages/airflow/example_dags/example_xcomargs.py
[2024-03-15T08:17:29.397+0000] {processor.py:840} INFO - DAG(s) 'example_xcom_args_with_operators', 'example_xcom_args' retrieved from /home/airflow/.local/lib/python3.8/site-packages/airflow/example_dags/example_xcomargs.py
[2024-03-15T08:17:29.407+0000] {logging_mixin.py:188} INFO - [2024-03-15T08:17:29.406+0000] {dag.py:3047} INFO - Sync 2 DAGs
[2024-03-15T08:17:29.412+0000] {logging_mixin.py:188} INFO - [2024-03-15T08:17:29.412+0000] {dag.py:3834} INFO - Setting next_dagrun for example_xcom_args to None, run_after=None
[2024-03-15T08:17:29.413+0000] {logging_mixin.py:188} INFO - [2024-03-15T08:17:29.413+0000] {dag.py:3834} INFO - Setting next_dagrun for example_xcom_args_with_operators to None, run_after=None
[2024-03-15T08:17:29.419+0000] {processor.py:183} INFO - Processing /home/airflow/.local/lib/python3.8/site-packages/airflow/example_dags/example_xcomargs.py took 0.028 seconds
[2024-03-15T08:17:59.722+0000] {processor.py:161} INFO - Started process (PID=1479) to work on /home/airflow/.local/lib/python3.8/site-packages/airflow/example_dags/example_xcomargs.py
[2024-03-15T08:17:59.723+0000] {processor.py:830} INFO - Processing file /home/airflow/.local/lib/python3.8/site-packages/airflow/example_dags/example_xcomargs.py for tasks to queue
[2024-03-15T08:17:59.723+0000] {logging_mixin.py:188} INFO - [2024-03-15T08:17:59.723+0000] {dagbag.py:540} INFO - Filling up the DagBag from /home/airflow/.local/lib/python3.8/site-packages/airflow/example_dags/example_xcomargs.py
[2024-03-15T08:17:59.727+0000] {processor.py:840} INFO - DAG(s) 'example_xcom_args_with_operators', 'example_xcom_args' retrieved from /home/airflow/.local/lib/python3.8/site-packages/airflow/example_dags/example_xcomargs.py
[2024-03-15T08:17:59.736+0000] {logging_mixin.py:188} INFO - [2024-03-15T08:17:59.736+0000] {dag.py:3047} INFO - Sync 2 DAGs
[2024-03-15T08:17:59.741+0000] {logging_mixin.py:188} INFO - [2024-03-15T08:17:59.741+0000] {dag.py:3834} INFO - Setting next_dagrun for example_xcom_args to None, run_after=None
[2024-03-15T08:17:59.742+0000] {logging_mixin.py:188} INFO - [2024-03-15T08:17:59.742+0000] {dag.py:3834} INFO - Setting next_dagrun for example_xcom_args_with_operators to None, run_after=None
[2024-03-15T08:17:59.749+0000] {processor.py:183} INFO - Processing /home/airflow/.local/lib/python3.8/site-packages/airflow/example_dags/example_xcomargs.py took 0.028 seconds
[2024-03-15T08:18:30.075+0000] {processor.py:161} INFO - Started process (PID=1534) to work on /home/airflow/.local/lib/python3.8/site-packages/airflow/example_dags/example_xcomargs.py
[2024-03-15T08:18:30.076+0000] {processor.py:830} INFO - Processing file /home/airflow/.local/lib/python3.8/site-packages/airflow/example_dags/example_xcomargs.py for tasks to queue
[2024-03-15T08:18:30.076+0000] {logging_mixin.py:188} INFO - [2024-03-15T08:18:30.076+0000] {dagbag.py:540} INFO - Filling up the DagBag from /home/airflow/.local/lib/python3.8/site-packages/airflow/example_dags/example_xcomargs.py
[2024-03-15T08:18:30.080+0000] {processor.py:840} INFO - DAG(s) 'example_xcom_args', 'example_xcom_args_with_operators' retrieved from /home/airflow/.local/lib/python3.8/site-packages/airflow/example_dags/example_xcomargs.py
[2024-03-15T08:18:30.089+0000] {logging_mixin.py:188} INFO - [2024-03-15T08:18:30.089+0000] {dag.py:3047} INFO - Sync 2 DAGs
[2024-03-15T08:18:30.095+0000] {logging_mixin.py:188} INFO - [2024-03-15T08:18:30.094+0000] {dag.py:3834} INFO - Setting next_dagrun for example_xcom_args to None, run_after=None
[2024-03-15T08:18:30.096+0000] {logging_mixin.py:188} INFO - [2024-03-15T08:18:30.096+0000] {dag.py:3834} INFO - Setting next_dagrun for example_xcom_args_with_operators to None, run_after=None
[2024-03-15T08:18:30.102+0000] {processor.py:183} INFO - Processing /home/airflow/.local/lib/python3.8/site-packages/airflow/example_dags/example_xcomargs.py took 0.029 seconds
[2024-03-15T08:19:00.520+0000] {processor.py:161} INFO - Started process (PID=1589) to work on /home/airflow/.local/lib/python3.8/site-packages/airflow/example_dags/example_xcomargs.py
[2024-03-15T08:19:00.521+0000] {processor.py:830} INFO - Processing file /home/airflow/.local/lib/python3.8/site-packages/airflow/example_dags/example_xcomargs.py for tasks to queue
[2024-03-15T08:19:00.521+0000] {logging_mixin.py:188} INFO - [2024-03-15T08:19:00.521+0000] {dagbag.py:540} INFO - Filling up the DagBag from /home/airflow/.local/lib/python3.8/site-packages/airflow/example_dags/example_xcomargs.py
[2024-03-15T08:19:00.525+0000] {processor.py:840} INFO - DAG(s) 'example_xcom_args_with_operators', 'example_xcom_args' retrieved from /home/airflow/.local/lib/python3.8/site-packages/airflow/example_dags/example_xcomargs.py
[2024-03-15T08:19:00.534+0000] {logging_mixin.py:188} INFO - [2024-03-15T08:19:00.534+0000] {dag.py:3047} INFO - Sync 2 DAGs
[2024-03-15T08:19:00.539+0000] {logging_mixin.py:188} INFO - [2024-03-15T08:19:00.539+0000] {dag.py:3834} INFO - Setting next_dagrun for example_xcom_args to None, run_after=None
[2024-03-15T08:19:00.540+0000] {logging_mixin.py:188} INFO - [2024-03-15T08:19:00.540+0000] {dag.py:3834} INFO - Setting next_dagrun for example_xcom_args_with_operators to None, run_after=None
[2024-03-15T08:19:00.546+0000] {processor.py:183} INFO - Processing /home/airflow/.local/lib/python3.8/site-packages/airflow/example_dags/example_xcomargs.py took 0.027 seconds
[2024-03-15T08:19:30.758+0000] {processor.py:161} INFO - Started process (PID=1644) to work on /home/airflow/.local/lib/python3.8/site-packages/airflow/example_dags/example_xcomargs.py
[2024-03-15T08:19:30.758+0000] {processor.py:830} INFO - Processing file /home/airflow/.local/lib/python3.8/site-packages/airflow/example_dags/example_xcomargs.py for tasks to queue
[2024-03-15T08:19:30.759+0000] {logging_mixin.py:188} INFO - [2024-03-15T08:19:30.759+0000] {dagbag.py:540} INFO - Filling up the DagBag from /home/airflow/.local/lib/python3.8/site-packages/airflow/example_dags/example_xcomargs.py
[2024-03-15T08:19:30.763+0000] {processor.py:840} INFO - DAG(s) 'example_xcom_args_with_operators', 'example_xcom_args' retrieved from /home/airflow/.local/lib/python3.8/site-packages/airflow/example_dags/example_xcomargs.py
[2024-03-15T08:19:30.772+0000] {logging_mixin.py:188} INFO - [2024-03-15T08:19:30.772+0000] {dag.py:3047} INFO - Sync 2 DAGs
[2024-03-15T08:19:30.777+0000] {logging_mixin.py:188} INFO - [2024-03-15T08:19:30.777+0000] {dag.py:3834} INFO - Setting next_dagrun for example_xcom_args to None, run_after=None
[2024-03-15T08:19:30.778+0000] {logging_mixin.py:188} INFO - [2024-03-15T08:19:30.778+0000] {dag.py:3834} INFO - Setting next_dagrun for example_xcom_args_with_operators to None, run_after=None
[2024-03-15T08:19:30.784+0000] {processor.py:183} INFO - Processing /home/airflow/.local/lib/python3.8/site-packages/airflow/example_dags/example_xcomargs.py took 0.027 seconds
[2024-03-15T08:20:01.116+0000] {processor.py:161} INFO - Started process (PID=1699) to work on /home/airflow/.local/lib/python3.8/site-packages/airflow/example_dags/example_xcomargs.py
[2024-03-15T08:20:01.116+0000] {processor.py:830} INFO - Processing file /home/airflow/.local/lib/python3.8/site-packages/airflow/example_dags/example_xcomargs.py for tasks to queue
[2024-03-15T08:20:01.117+0000] {logging_mixin.py:188} INFO - [2024-03-15T08:20:01.117+0000] {dagbag.py:540} INFO - Filling up the DagBag from /home/airflow/.local/lib/python3.8/site-packages/airflow/example_dags/example_xcomargs.py
[2024-03-15T08:20:01.121+0000] {processor.py:840} INFO - DAG(s) 'example_xcom_args', 'example_xcom_args_with_operators' retrieved from /home/airflow/.local/lib/python3.8/site-packages/airflow/example_dags/example_xcomargs.py
[2024-03-15T08:20:01.129+0000] {logging_mixin.py:188} INFO - [2024-03-15T08:20:01.129+0000] {dag.py:3047} INFO - Sync 2 DAGs
[2024-03-15T08:20:01.134+0000] {logging_mixin.py:188} INFO - [2024-03-15T08:20:01.134+0000] {dag.py:3834} INFO - Setting next_dagrun for example_xcom_args to None, run_after=None
[2024-03-15T08:20:01.135+0000] {logging_mixin.py:188} INFO - [2024-03-15T08:20:01.135+0000] {dag.py:3834} INFO - Setting next_dagrun for example_xcom_args_with_operators to None, run_after=None
[2024-03-15T08:20:01.142+0000] {processor.py:183} INFO - Processing /home/airflow/.local/lib/python3.8/site-packages/airflow/example_dags/example_xcomargs.py took 0.027 seconds
[2024-03-15T08:20:31.481+0000] {processor.py:161} INFO - Started process (PID=1753) to work on /home/airflow/.local/lib/python3.8/site-packages/airflow/example_dags/example_xcomargs.py
[2024-03-15T08:20:31.482+0000] {processor.py:830} INFO - Processing file /home/airflow/.local/lib/python3.8/site-packages/airflow/example_dags/example_xcomargs.py for tasks to queue
[2024-03-15T08:20:31.482+0000] {logging_mixin.py:188} INFO - [2024-03-15T08:20:31.482+0000] {dagbag.py:540} INFO - Filling up the DagBag from /home/airflow/.local/lib/python3.8/site-packages/airflow/example_dags/example_xcomargs.py
[2024-03-15T08:20:31.486+0000] {processor.py:840} INFO - DAG(s) 'example_xcom_args', 'example_xcom_args_with_operators' retrieved from /home/airflow/.local/lib/python3.8/site-packages/airflow/example_dags/example_xcomargs.py
[2024-03-15T08:20:31.495+0000] {logging_mixin.py:188} INFO - [2024-03-15T08:20:31.495+0000] {dag.py:3047} INFO - Sync 2 DAGs
[2024-03-15T08:20:31.500+0000] {logging_mixin.py:188} INFO - [2024-03-15T08:20:31.500+0000] {dag.py:3834} INFO - Setting next_dagrun for example_xcom_args to None, run_after=None
[2024-03-15T08:20:31.501+0000] {logging_mixin.py:188} INFO - [2024-03-15T08:20:31.501+0000] {dag.py:3834} INFO - Setting next_dagrun for example_xcom_args_with_operators to None, run_after=None
[2024-03-15T08:20:31.507+0000] {processor.py:183} INFO - Processing /home/airflow/.local/lib/python3.8/site-packages/airflow/example_dags/example_xcomargs.py took 0.028 seconds
[2024-03-15T08:21:01.817+0000] {processor.py:161} INFO - Started process (PID=1808) to work on /home/airflow/.local/lib/python3.8/site-packages/airflow/example_dags/example_xcomargs.py
[2024-03-15T08:21:01.818+0000] {processor.py:830} INFO - Processing file /home/airflow/.local/lib/python3.8/site-packages/airflow/example_dags/example_xcomargs.py for tasks to queue
[2024-03-15T08:21:01.818+0000] {logging_mixin.py:188} INFO - [2024-03-15T08:21:01.818+0000] {dagbag.py:540} INFO - Filling up the DagBag from /home/airflow/.local/lib/python3.8/site-packages/airflow/example_dags/example_xcomargs.py
[2024-03-15T08:21:01.822+0000] {processor.py:840} INFO - DAG(s) 'example_xcom_args', 'example_xcom_args_with_operators' retrieved from /home/airflow/.local/lib/python3.8/site-packages/airflow/example_dags/example_xcomargs.py
[2024-03-15T08:21:01.832+0000] {logging_mixin.py:188} INFO - [2024-03-15T08:21:01.832+0000] {dag.py:3047} INFO - Sync 2 DAGs
[2024-03-15T08:21:01.836+0000] {logging_mixin.py:188} INFO - [2024-03-15T08:21:01.836+0000] {dag.py:3834} INFO - Setting next_dagrun for example_xcom_args to None, run_after=None
[2024-03-15T08:21:01.838+0000] {logging_mixin.py:188} INFO - [2024-03-15T08:21:01.838+0000] {dag.py:3834} INFO - Setting next_dagrun for example_xcom_args_with_operators to None, run_after=None
[2024-03-15T08:21:01.844+0000] {processor.py:183} INFO - Processing /home/airflow/.local/lib/python3.8/site-packages/airflow/example_dags/example_xcomargs.py took 0.028 seconds
[2024-03-15T08:21:32.120+0000] {processor.py:161} INFO - Started process (PID=1863) to work on /home/airflow/.local/lib/python3.8/site-packages/airflow/example_dags/example_xcomargs.py
[2024-03-15T08:21:32.120+0000] {processor.py:830} INFO - Processing file /home/airflow/.local/lib/python3.8/site-packages/airflow/example_dags/example_xcomargs.py for tasks to queue
[2024-03-15T08:21:32.121+0000] {logging_mixin.py:188} INFO - [2024-03-15T08:21:32.121+0000] {dagbag.py:540} INFO - Filling up the DagBag from /home/airflow/.local/lib/python3.8/site-packages/airflow/example_dags/example_xcomargs.py
[2024-03-15T08:21:32.124+0000] {processor.py:840} INFO - DAG(s) 'example_xcom_args_with_operators', 'example_xcom_args' retrieved from /home/airflow/.local/lib/python3.8/site-packages/airflow/example_dags/example_xcomargs.py
[2024-03-15T08:21:32.133+0000] {logging_mixin.py:188} INFO - [2024-03-15T08:21:32.133+0000] {dag.py:3047} INFO - Sync 2 DAGs
[2024-03-15T08:21:32.138+0000] {logging_mixin.py:188} INFO - [2024-03-15T08:21:32.138+0000] {dag.py:3834} INFO - Setting next_dagrun for example_xcom_args to None, run_after=None
[2024-03-15T08:21:32.140+0000] {logging_mixin.py:188} INFO - [2024-03-15T08:21:32.140+0000] {dag.py:3834} INFO - Setting next_dagrun for example_xcom_args_with_operators to None, run_after=None
[2024-03-15T08:21:32.146+0000] {processor.py:183} INFO - Processing /home/airflow/.local/lib/python3.8/site-packages/airflow/example_dags/example_xcomargs.py took 0.027 seconds
[2024-03-15T08:22:02.367+0000] {processor.py:161} INFO - Started process (PID=1917) to work on /home/airflow/.local/lib/python3.8/site-packages/airflow/example_dags/example_xcomargs.py
[2024-03-15T08:22:02.367+0000] {processor.py:830} INFO - Processing file /home/airflow/.local/lib/python3.8/site-packages/airflow/example_dags/example_xcomargs.py for tasks to queue
[2024-03-15T08:22:02.368+0000] {logging_mixin.py:188} INFO - [2024-03-15T08:22:02.368+0000] {dagbag.py:540} INFO - Filling up the DagBag from /home/airflow/.local/lib/python3.8/site-packages/airflow/example_dags/example_xcomargs.py
[2024-03-15T08:22:02.371+0000] {processor.py:840} INFO - DAG(s) 'example_xcom_args_with_operators', 'example_xcom_args' retrieved from /home/airflow/.local/lib/python3.8/site-packages/airflow/example_dags/example_xcomargs.py
[2024-03-15T08:22:02.381+0000] {logging_mixin.py:188} INFO - [2024-03-15T08:22:02.380+0000] {dag.py:3047} INFO - Sync 2 DAGs
[2024-03-15T08:22:02.385+0000] {logging_mixin.py:188} INFO - [2024-03-15T08:22:02.385+0000] {dag.py:3834} INFO - Setting next_dagrun for example_xcom_args to None, run_after=None
[2024-03-15T08:22:02.387+0000] {logging_mixin.py:188} INFO - [2024-03-15T08:22:02.387+0000] {dag.py:3834} INFO - Setting next_dagrun for example_xcom_args_with_operators to None, run_after=None
[2024-03-15T08:22:02.393+0000] {processor.py:183} INFO - Processing /home/airflow/.local/lib/python3.8/site-packages/airflow/example_dags/example_xcomargs.py took 0.027 seconds
[2024-03-15T08:22:32.709+0000] {processor.py:161} INFO - Started process (PID=1972) to work on /home/airflow/.local/lib/python3.8/site-packages/airflow/example_dags/example_xcomargs.py
[2024-03-15T08:22:32.710+0000] {processor.py:830} INFO - Processing file /home/airflow/.local/lib/python3.8/site-packages/airflow/example_dags/example_xcomargs.py for tasks to queue
[2024-03-15T08:22:32.710+0000] {logging_mixin.py:188} INFO - [2024-03-15T08:22:32.710+0000] {dagbag.py:540} INFO - Filling up the DagBag from /home/airflow/.local/lib/python3.8/site-packages/airflow/example_dags/example_xcomargs.py
[2024-03-15T08:22:32.714+0000] {processor.py:840} INFO - DAG(s) 'example_xcom_args', 'example_xcom_args_with_operators' retrieved from /home/airflow/.local/lib/python3.8/site-packages/airflow/example_dags/example_xcomargs.py
[2024-03-15T08:22:32.724+0000] {logging_mixin.py:188} INFO - [2024-03-15T08:22:32.724+0000] {dag.py:3047} INFO - Sync 2 DAGs
[2024-03-15T08:22:32.729+0000] {logging_mixin.py:188} INFO - [2024-03-15T08:22:32.729+0000] {dag.py:3834} INFO - Setting next_dagrun for example_xcom_args to None, run_after=None
[2024-03-15T08:22:32.730+0000] {logging_mixin.py:188} INFO - [2024-03-15T08:22:32.730+0000] {dag.py:3834} INFO - Setting next_dagrun for example_xcom_args_with_operators to None, run_after=None
[2024-03-15T08:22:32.737+0000] {processor.py:183} INFO - Processing /home/airflow/.local/lib/python3.8/site-packages/airflow/example_dags/example_xcomargs.py took 0.029 seconds
[2024-03-15T08:23:03.204+0000] {processor.py:161} INFO - Started process (PID=2027) to work on /home/airflow/.local/lib/python3.8/site-packages/airflow/example_dags/example_xcomargs.py
[2024-03-15T08:23:03.205+0000] {processor.py:830} INFO - Processing file /home/airflow/.local/lib/python3.8/site-packages/airflow/example_dags/example_xcomargs.py for tasks to queue
[2024-03-15T08:23:03.206+0000] {logging_mixin.py:188} INFO - [2024-03-15T08:23:03.206+0000] {dagbag.py:540} INFO - Filling up the DagBag from /home/airflow/.local/lib/python3.8/site-packages/airflow/example_dags/example_xcomargs.py
[2024-03-15T08:23:03.209+0000] {processor.py:840} INFO - DAG(s) 'example_xcom_args_with_operators', 'example_xcom_args' retrieved from /home/airflow/.local/lib/python3.8/site-packages/airflow/example_dags/example_xcomargs.py
[2024-03-15T08:23:03.218+0000] {logging_mixin.py:188} INFO - [2024-03-15T08:23:03.218+0000] {dag.py:3047} INFO - Sync 2 DAGs
[2024-03-15T08:23:03.224+0000] {logging_mixin.py:188} INFO - [2024-03-15T08:23:03.224+0000] {dag.py:3834} INFO - Setting next_dagrun for example_xcom_args to None, run_after=None
[2024-03-15T08:23:03.225+0000] {logging_mixin.py:188} INFO - [2024-03-15T08:23:03.225+0000] {dag.py:3834} INFO - Setting next_dagrun for example_xcom_args_with_operators to None, run_after=None
[2024-03-15T08:23:03.232+0000] {processor.py:183} INFO - Processing /home/airflow/.local/lib/python3.8/site-packages/airflow/example_dags/example_xcomargs.py took 0.029 seconds
[2024-03-15T08:23:33.725+0000] {processor.py:161} INFO - Started process (PID=2081) to work on /home/airflow/.local/lib/python3.8/site-packages/airflow/example_dags/example_xcomargs.py
[2024-03-15T08:23:33.726+0000] {processor.py:830} INFO - Processing file /home/airflow/.local/lib/python3.8/site-packages/airflow/example_dags/example_xcomargs.py for tasks to queue
[2024-03-15T08:23:33.726+0000] {logging_mixin.py:188} INFO - [2024-03-15T08:23:33.726+0000] {dagbag.py:540} INFO - Filling up the DagBag from /home/airflow/.local/lib/python3.8/site-packages/airflow/example_dags/example_xcomargs.py
[2024-03-15T08:23:33.730+0000] {processor.py:840} INFO - DAG(s) 'example_xcom_args', 'example_xcom_args_with_operators' retrieved from /home/airflow/.local/lib/python3.8/site-packages/airflow/example_dags/example_xcomargs.py
[2024-03-15T08:23:33.738+0000] {logging_mixin.py:188} INFO - [2024-03-15T08:23:33.738+0000] {dag.py:3047} INFO - Sync 2 DAGs
[2024-03-15T08:23:33.743+0000] {logging_mixin.py:188} INFO - [2024-03-15T08:23:33.743+0000] {dag.py:3834} INFO - Setting next_dagrun for example_xcom_args to None, run_after=None
[2024-03-15T08:23:33.745+0000] {logging_mixin.py:188} INFO - [2024-03-15T08:23:33.744+0000] {dag.py:3834} INFO - Setting next_dagrun for example_xcom_args_with_operators to None, run_after=None
[2024-03-15T08:23:33.751+0000] {processor.py:183} INFO - Processing /home/airflow/.local/lib/python3.8/site-packages/airflow/example_dags/example_xcomargs.py took 0.027 seconds
