[2024-03-15T08:04:48.433+0000] {processor.py:161} INFO - Started process (PID=38) to work on /home/airflow/.local/lib/python3.8/site-packages/airflow/example_dags/example_nested_branch_dag.py
[2024-03-15T08:04:48.434+0000] {processor.py:830} INFO - Processing file /home/airflow/.local/lib/python3.8/site-packages/airflow/example_dags/example_nested_branch_dag.py for tasks to queue
[2024-03-15T08:04:48.435+0000] {logging_mixin.py:188} INFO - [2024-03-15T08:04:48.435+0000] {dagbag.py:540} INFO - Filling up the DagBag from /home/airflow/.local/lib/python3.8/site-packages/airflow/example_dags/example_nested_branch_dag.py
[2024-03-15T08:04:48.444+0000] {processor.py:840} INFO - DAG(s) 'example_nested_branch_dag' retrieved from /home/airflow/.local/lib/python3.8/site-packages/airflow/example_dags/example_nested_branch_dag.py
[2024-03-15T08:04:48.462+0000] {logging_mixin.py:188} INFO - [2024-03-15T08:04:48.462+0000] {dag.py:3047} INFO - Sync 1 DAGs
[2024-03-15T08:04:48.475+0000] {logging_mixin.py:188} INFO - [2024-03-15T08:04:48.475+0000] {dag.py:3834} INFO - Setting next_dagrun for example_nested_branch_dag to 2024-03-14 00:00:00+00:00, run_after=2024-03-15 00:00:00+00:00
[2024-03-15T08:04:48.483+0000] {processor.py:183} INFO - Processing /home/airflow/.local/lib/python3.8/site-packages/airflow/example_dags/example_nested_branch_dag.py took 0.052 seconds
[2024-03-15T08:05:19.415+0000] {processor.py:161} INFO - Started process (PID=93) to work on /home/airflow/.local/lib/python3.8/site-packages/airflow/example_dags/example_nested_branch_dag.py
[2024-03-15T08:05:19.417+0000] {processor.py:830} INFO - Processing file /home/airflow/.local/lib/python3.8/site-packages/airflow/example_dags/example_nested_branch_dag.py for tasks to queue
[2024-03-15T08:05:19.419+0000] {logging_mixin.py:188} INFO - [2024-03-15T08:05:19.419+0000] {dagbag.py:540} INFO - Filling up the DagBag from /home/airflow/.local/lib/python3.8/site-packages/airflow/example_dags/example_nested_branch_dag.py
[2024-03-15T08:05:19.431+0000] {processor.py:840} INFO - DAG(s) 'example_nested_branch_dag' retrieved from /home/airflow/.local/lib/python3.8/site-packages/airflow/example_dags/example_nested_branch_dag.py
[2024-03-15T08:05:19.519+0000] {logging_mixin.py:188} INFO - [2024-03-15T08:05:19.519+0000] {dag.py:3047} INFO - Sync 1 DAGs
[2024-03-15T08:05:19.528+0000] {logging_mixin.py:188} INFO - [2024-03-15T08:05:19.527+0000] {dag.py:3834} INFO - Setting next_dagrun for example_nested_branch_dag to 2024-03-14 00:00:00+00:00, run_after=2024-03-15 00:00:00+00:00
[2024-03-15T08:05:19.535+0000] {processor.py:183} INFO - Processing /home/airflow/.local/lib/python3.8/site-packages/airflow/example_dags/example_nested_branch_dag.py took 0.124 seconds
[2024-03-15T08:05:50.540+0000] {processor.py:161} INFO - Started process (PID=148) to work on /home/airflow/.local/lib/python3.8/site-packages/airflow/example_dags/example_nested_branch_dag.py
[2024-03-15T08:05:50.542+0000] {processor.py:830} INFO - Processing file /home/airflow/.local/lib/python3.8/site-packages/airflow/example_dags/example_nested_branch_dag.py for tasks to queue
[2024-03-15T08:05:50.545+0000] {logging_mixin.py:188} INFO - [2024-03-15T08:05:50.545+0000] {dagbag.py:540} INFO - Filling up the DagBag from /home/airflow/.local/lib/python3.8/site-packages/airflow/example_dags/example_nested_branch_dag.py
[2024-03-15T08:05:50.557+0000] {processor.py:840} INFO - DAG(s) 'example_nested_branch_dag' retrieved from /home/airflow/.local/lib/python3.8/site-packages/airflow/example_dags/example_nested_branch_dag.py
[2024-03-15T08:05:50.575+0000] {logging_mixin.py:188} INFO - [2024-03-15T08:05:50.575+0000] {dag.py:3047} INFO - Sync 1 DAGs
[2024-03-15T08:05:50.589+0000] {logging_mixin.py:188} INFO - [2024-03-15T08:05:50.589+0000] {dag.py:3834} INFO - Setting next_dagrun for example_nested_branch_dag to 2024-03-14 00:00:00+00:00, run_after=2024-03-15 00:00:00+00:00
[2024-03-15T08:05:50.600+0000] {processor.py:183} INFO - Processing /home/airflow/.local/lib/python3.8/site-packages/airflow/example_dags/example_nested_branch_dag.py took 0.065 seconds
[2024-03-15T08:06:20.944+0000] {processor.py:161} INFO - Started process (PID=203) to work on /home/airflow/.local/lib/python3.8/site-packages/airflow/example_dags/example_nested_branch_dag.py
[2024-03-15T08:06:20.946+0000] {processor.py:830} INFO - Processing file /home/airflow/.local/lib/python3.8/site-packages/airflow/example_dags/example_nested_branch_dag.py for tasks to queue
[2024-03-15T08:06:20.950+0000] {logging_mixin.py:188} INFO - [2024-03-15T08:06:20.949+0000] {dagbag.py:540} INFO - Filling up the DagBag from /home/airflow/.local/lib/python3.8/site-packages/airflow/example_dags/example_nested_branch_dag.py
[2024-03-15T08:06:20.959+0000] {processor.py:840} INFO - DAG(s) 'example_nested_branch_dag' retrieved from /home/airflow/.local/lib/python3.8/site-packages/airflow/example_dags/example_nested_branch_dag.py
[2024-03-15T08:06:20.972+0000] {logging_mixin.py:188} INFO - [2024-03-15T08:06:20.972+0000] {dag.py:3047} INFO - Sync 1 DAGs
[2024-03-15T08:06:20.984+0000] {logging_mixin.py:188} INFO - [2024-03-15T08:06:20.984+0000] {dag.py:3834} INFO - Setting next_dagrun for example_nested_branch_dag to 2024-03-14 00:00:00+00:00, run_after=2024-03-15 00:00:00+00:00
[2024-03-15T08:06:20.993+0000] {processor.py:183} INFO - Processing /home/airflow/.local/lib/python3.8/site-packages/airflow/example_dags/example_nested_branch_dag.py took 0.053 seconds
[2024-03-15T08:06:51.239+0000] {processor.py:161} INFO - Started process (PID=258) to work on /home/airflow/.local/lib/python3.8/site-packages/airflow/example_dags/example_nested_branch_dag.py
[2024-03-15T08:06:51.241+0000] {processor.py:830} INFO - Processing file /home/airflow/.local/lib/python3.8/site-packages/airflow/example_dags/example_nested_branch_dag.py for tasks to queue
[2024-03-15T08:06:51.244+0000] {logging_mixin.py:188} INFO - [2024-03-15T08:06:51.243+0000] {dagbag.py:540} INFO - Filling up the DagBag from /home/airflow/.local/lib/python3.8/site-packages/airflow/example_dags/example_nested_branch_dag.py
[2024-03-15T08:06:51.256+0000] {processor.py:840} INFO - DAG(s) 'example_nested_branch_dag' retrieved from /home/airflow/.local/lib/python3.8/site-packages/airflow/example_dags/example_nested_branch_dag.py
[2024-03-15T08:06:51.275+0000] {logging_mixin.py:188} INFO - [2024-03-15T08:06:51.275+0000] {dag.py:3047} INFO - Sync 1 DAGs
[2024-03-15T08:06:51.288+0000] {logging_mixin.py:188} INFO - [2024-03-15T08:06:51.288+0000] {dag.py:3834} INFO - Setting next_dagrun for example_nested_branch_dag to 2024-03-14 00:00:00+00:00, run_after=2024-03-15 00:00:00+00:00
[2024-03-15T08:06:51.297+0000] {processor.py:183} INFO - Processing /home/airflow/.local/lib/python3.8/site-packages/airflow/example_dags/example_nested_branch_dag.py took 0.063 seconds
[2024-03-15T08:07:21.531+0000] {processor.py:161} INFO - Started process (PID=313) to work on /home/airflow/.local/lib/python3.8/site-packages/airflow/example_dags/example_nested_branch_dag.py
[2024-03-15T08:07:21.533+0000] {processor.py:830} INFO - Processing file /home/airflow/.local/lib/python3.8/site-packages/airflow/example_dags/example_nested_branch_dag.py for tasks to queue
[2024-03-15T08:07:21.536+0000] {logging_mixin.py:188} INFO - [2024-03-15T08:07:21.535+0000] {dagbag.py:540} INFO - Filling up the DagBag from /home/airflow/.local/lib/python3.8/site-packages/airflow/example_dags/example_nested_branch_dag.py
[2024-03-15T08:07:21.548+0000] {processor.py:840} INFO - DAG(s) 'example_nested_branch_dag' retrieved from /home/airflow/.local/lib/python3.8/site-packages/airflow/example_dags/example_nested_branch_dag.py
[2024-03-15T08:07:21.563+0000] {logging_mixin.py:188} INFO - [2024-03-15T08:07:21.563+0000] {dag.py:3047} INFO - Sync 1 DAGs
[2024-03-15T08:07:21.575+0000] {logging_mixin.py:188} INFO - [2024-03-15T08:07:21.575+0000] {dag.py:3834} INFO - Setting next_dagrun for example_nested_branch_dag to 2024-03-14 00:00:00+00:00, run_after=2024-03-15 00:00:00+00:00
[2024-03-15T08:07:21.584+0000] {processor.py:183} INFO - Processing /home/airflow/.local/lib/python3.8/site-packages/airflow/example_dags/example_nested_branch_dag.py took 0.057 seconds
[2024-03-15T08:07:51.829+0000] {processor.py:161} INFO - Started process (PID=368) to work on /home/airflow/.local/lib/python3.8/site-packages/airflow/example_dags/example_nested_branch_dag.py
[2024-03-15T08:07:51.830+0000] {processor.py:830} INFO - Processing file /home/airflow/.local/lib/python3.8/site-packages/airflow/example_dags/example_nested_branch_dag.py for tasks to queue
[2024-03-15T08:07:51.833+0000] {logging_mixin.py:188} INFO - [2024-03-15T08:07:51.832+0000] {dagbag.py:540} INFO - Filling up the DagBag from /home/airflow/.local/lib/python3.8/site-packages/airflow/example_dags/example_nested_branch_dag.py
[2024-03-15T08:07:51.843+0000] {processor.py:840} INFO - DAG(s) 'example_nested_branch_dag' retrieved from /home/airflow/.local/lib/python3.8/site-packages/airflow/example_dags/example_nested_branch_dag.py
[2024-03-15T08:07:51.859+0000] {logging_mixin.py:188} INFO - [2024-03-15T08:07:51.859+0000] {dag.py:3047} INFO - Sync 1 DAGs
[2024-03-15T08:07:51.872+0000] {logging_mixin.py:188} INFO - [2024-03-15T08:07:51.872+0000] {dag.py:3834} INFO - Setting next_dagrun for example_nested_branch_dag to 2024-03-14 00:00:00+00:00, run_after=2024-03-15 00:00:00+00:00
[2024-03-15T08:07:51.881+0000] {processor.py:183} INFO - Processing /home/airflow/.local/lib/python3.8/site-packages/airflow/example_dags/example_nested_branch_dag.py took 0.056 seconds
[2024-03-15T08:08:22.176+0000] {processor.py:161} INFO - Started process (PID=422) to work on /home/airflow/.local/lib/python3.8/site-packages/airflow/example_dags/example_nested_branch_dag.py
[2024-03-15T08:08:22.177+0000] {processor.py:830} INFO - Processing file /home/airflow/.local/lib/python3.8/site-packages/airflow/example_dags/example_nested_branch_dag.py for tasks to queue
[2024-03-15T08:08:22.180+0000] {logging_mixin.py:188} INFO - [2024-03-15T08:08:22.180+0000] {dagbag.py:540} INFO - Filling up the DagBag from /home/airflow/.local/lib/python3.8/site-packages/airflow/example_dags/example_nested_branch_dag.py
[2024-03-15T08:08:22.193+0000] {processor.py:840} INFO - DAG(s) 'example_nested_branch_dag' retrieved from /home/airflow/.local/lib/python3.8/site-packages/airflow/example_dags/example_nested_branch_dag.py
[2024-03-15T08:08:22.214+0000] {logging_mixin.py:188} INFO - [2024-03-15T08:08:22.213+0000] {dag.py:3047} INFO - Sync 1 DAGs
[2024-03-15T08:08:22.229+0000] {logging_mixin.py:188} INFO - [2024-03-15T08:08:22.229+0000] {dag.py:3834} INFO - Setting next_dagrun for example_nested_branch_dag to 2024-03-14 00:00:00+00:00, run_after=2024-03-15 00:00:00+00:00
[2024-03-15T08:08:22.240+0000] {processor.py:183} INFO - Processing /home/airflow/.local/lib/python3.8/site-packages/airflow/example_dags/example_nested_branch_dag.py took 0.068 seconds
[2024-03-15T08:08:52.540+0000] {processor.py:161} INFO - Started process (PID=477) to work on /home/airflow/.local/lib/python3.8/site-packages/airflow/example_dags/example_nested_branch_dag.py
[2024-03-15T08:08:52.541+0000] {processor.py:830} INFO - Processing file /home/airflow/.local/lib/python3.8/site-packages/airflow/example_dags/example_nested_branch_dag.py for tasks to queue
[2024-03-15T08:08:52.543+0000] {logging_mixin.py:188} INFO - [2024-03-15T08:08:52.543+0000] {dagbag.py:540} INFO - Filling up the DagBag from /home/airflow/.local/lib/python3.8/site-packages/airflow/example_dags/example_nested_branch_dag.py
[2024-03-15T08:08:52.552+0000] {processor.py:840} INFO - DAG(s) 'example_nested_branch_dag' retrieved from /home/airflow/.local/lib/python3.8/site-packages/airflow/example_dags/example_nested_branch_dag.py
[2024-03-15T08:08:52.565+0000] {logging_mixin.py:188} INFO - [2024-03-15T08:08:52.565+0000] {dag.py:3047} INFO - Sync 1 DAGs
[2024-03-15T08:08:52.576+0000] {logging_mixin.py:188} INFO - [2024-03-15T08:08:52.576+0000] {dag.py:3834} INFO - Setting next_dagrun for example_nested_branch_dag to 2024-03-14 00:00:00+00:00, run_after=2024-03-15 00:00:00+00:00
[2024-03-15T08:08:52.584+0000] {processor.py:183} INFO - Processing /home/airflow/.local/lib/python3.8/site-packages/airflow/example_dags/example_nested_branch_dag.py took 0.049 seconds
[2024-03-15T08:09:22.863+0000] {processor.py:161} INFO - Started process (PID=532) to work on /home/airflow/.local/lib/python3.8/site-packages/airflow/example_dags/example_nested_branch_dag.py
[2024-03-15T08:09:22.865+0000] {processor.py:830} INFO - Processing file /home/airflow/.local/lib/python3.8/site-packages/airflow/example_dags/example_nested_branch_dag.py for tasks to queue
[2024-03-15T08:09:22.868+0000] {logging_mixin.py:188} INFO - [2024-03-15T08:09:22.868+0000] {dagbag.py:540} INFO - Filling up the DagBag from /home/airflow/.local/lib/python3.8/site-packages/airflow/example_dags/example_nested_branch_dag.py
[2024-03-15T08:09:22.879+0000] {processor.py:840} INFO - DAG(s) 'example_nested_branch_dag' retrieved from /home/airflow/.local/lib/python3.8/site-packages/airflow/example_dags/example_nested_branch_dag.py
[2024-03-15T08:09:22.894+0000] {logging_mixin.py:188} INFO - [2024-03-15T08:09:22.894+0000] {dag.py:3047} INFO - Sync 1 DAGs
[2024-03-15T08:09:22.906+0000] {logging_mixin.py:188} INFO - [2024-03-15T08:09:22.906+0000] {dag.py:3834} INFO - Setting next_dagrun for example_nested_branch_dag to 2024-03-14 00:00:00+00:00, run_after=2024-03-15 00:00:00+00:00
[2024-03-15T08:09:22.914+0000] {processor.py:183} INFO - Processing /home/airflow/.local/lib/python3.8/site-packages/airflow/example_dags/example_nested_branch_dag.py took 0.055 seconds
[2024-03-15T08:09:53.364+0000] {processor.py:161} INFO - Started process (PID=587) to work on /home/airflow/.local/lib/python3.8/site-packages/airflow/example_dags/example_nested_branch_dag.py
[2024-03-15T08:09:53.366+0000] {processor.py:830} INFO - Processing file /home/airflow/.local/lib/python3.8/site-packages/airflow/example_dags/example_nested_branch_dag.py for tasks to queue
[2024-03-15T08:09:53.368+0000] {logging_mixin.py:188} INFO - [2024-03-15T08:09:53.368+0000] {dagbag.py:540} INFO - Filling up the DagBag from /home/airflow/.local/lib/python3.8/site-packages/airflow/example_dags/example_nested_branch_dag.py
[2024-03-15T08:09:53.378+0000] {processor.py:840} INFO - DAG(s) 'example_nested_branch_dag' retrieved from /home/airflow/.local/lib/python3.8/site-packages/airflow/example_dags/example_nested_branch_dag.py
[2024-03-15T08:09:53.396+0000] {logging_mixin.py:188} INFO - [2024-03-15T08:09:53.396+0000] {dag.py:3047} INFO - Sync 1 DAGs
[2024-03-15T08:09:53.411+0000] {logging_mixin.py:188} INFO - [2024-03-15T08:09:53.411+0000] {dag.py:3834} INFO - Setting next_dagrun for example_nested_branch_dag to 2024-03-14 00:00:00+00:00, run_after=2024-03-15 00:00:00+00:00
[2024-03-15T08:09:53.421+0000] {processor.py:183} INFO - Processing /home/airflow/.local/lib/python3.8/site-packages/airflow/example_dags/example_nested_branch_dag.py took 0.062 seconds
[2024-03-15T08:10:23.749+0000] {processor.py:161} INFO - Started process (PID=642) to work on /home/airflow/.local/lib/python3.8/site-packages/airflow/example_dags/example_nested_branch_dag.py
[2024-03-15T08:10:23.750+0000] {processor.py:830} INFO - Processing file /home/airflow/.local/lib/python3.8/site-packages/airflow/example_dags/example_nested_branch_dag.py for tasks to queue
[2024-03-15T08:10:23.752+0000] {logging_mixin.py:188} INFO - [2024-03-15T08:10:23.752+0000] {dagbag.py:540} INFO - Filling up the DagBag from /home/airflow/.local/lib/python3.8/site-packages/airflow/example_dags/example_nested_branch_dag.py
[2024-03-15T08:10:23.761+0000] {processor.py:840} INFO - DAG(s) 'example_nested_branch_dag' retrieved from /home/airflow/.local/lib/python3.8/site-packages/airflow/example_dags/example_nested_branch_dag.py
[2024-03-15T08:10:23.778+0000] {logging_mixin.py:188} INFO - [2024-03-15T08:10:23.778+0000] {dag.py:3047} INFO - Sync 1 DAGs
[2024-03-15T08:10:23.793+0000] {logging_mixin.py:188} INFO - [2024-03-15T08:10:23.793+0000] {dag.py:3834} INFO - Setting next_dagrun for example_nested_branch_dag to 2024-03-14 00:00:00+00:00, run_after=2024-03-15 00:00:00+00:00
[2024-03-15T08:10:23.802+0000] {processor.py:183} INFO - Processing /home/airflow/.local/lib/python3.8/site-packages/airflow/example_dags/example_nested_branch_dag.py took 0.056 seconds
[2024-03-15T08:10:54.149+0000] {processor.py:161} INFO - Started process (PID=697) to work on /home/airflow/.local/lib/python3.8/site-packages/airflow/example_dags/example_nested_branch_dag.py
[2024-03-15T08:10:54.151+0000] {processor.py:830} INFO - Processing file /home/airflow/.local/lib/python3.8/site-packages/airflow/example_dags/example_nested_branch_dag.py for tasks to queue
[2024-03-15T08:10:54.153+0000] {logging_mixin.py:188} INFO - [2024-03-15T08:10:54.153+0000] {dagbag.py:540} INFO - Filling up the DagBag from /home/airflow/.local/lib/python3.8/site-packages/airflow/example_dags/example_nested_branch_dag.py
[2024-03-15T08:10:54.164+0000] {processor.py:840} INFO - DAG(s) 'example_nested_branch_dag' retrieved from /home/airflow/.local/lib/python3.8/site-packages/airflow/example_dags/example_nested_branch_dag.py
[2024-03-15T08:10:54.178+0000] {logging_mixin.py:188} INFO - [2024-03-15T08:10:54.178+0000] {dag.py:3047} INFO - Sync 1 DAGs
[2024-03-15T08:10:54.190+0000] {logging_mixin.py:188} INFO - [2024-03-15T08:10:54.190+0000] {dag.py:3834} INFO - Setting next_dagrun for example_nested_branch_dag to 2024-03-14 00:00:00+00:00, run_after=2024-03-15 00:00:00+00:00
[2024-03-15T08:10:54.198+0000] {processor.py:183} INFO - Processing /home/airflow/.local/lib/python3.8/site-packages/airflow/example_dags/example_nested_branch_dag.py took 0.053 seconds
[2024-03-15T08:11:24.422+0000] {processor.py:161} INFO - Started process (PID=752) to work on /home/airflow/.local/lib/python3.8/site-packages/airflow/example_dags/example_nested_branch_dag.py
[2024-03-15T08:11:24.422+0000] {processor.py:830} INFO - Processing file /home/airflow/.local/lib/python3.8/site-packages/airflow/example_dags/example_nested_branch_dag.py for tasks to queue
[2024-03-15T08:11:24.423+0000] {logging_mixin.py:188} INFO - [2024-03-15T08:11:24.423+0000] {dagbag.py:540} INFO - Filling up the DagBag from /home/airflow/.local/lib/python3.8/site-packages/airflow/example_dags/example_nested_branch_dag.py
[2024-03-15T08:11:24.428+0000] {processor.py:840} INFO - DAG(s) 'example_nested_branch_dag' retrieved from /home/airflow/.local/lib/python3.8/site-packages/airflow/example_dags/example_nested_branch_dag.py
[2024-03-15T08:11:24.440+0000] {logging_mixin.py:188} INFO - [2024-03-15T08:11:24.440+0000] {dag.py:3047} INFO - Sync 1 DAGs
[2024-03-15T08:11:24.458+0000] {logging_mixin.py:188} INFO - [2024-03-15T08:11:24.457+0000] {dag.py:3834} INFO - Setting next_dagrun for example_nested_branch_dag to 2024-03-14 00:00:00+00:00, run_after=2024-03-15 00:00:00+00:00
[2024-03-15T08:11:24.469+0000] {processor.py:183} INFO - Processing /home/airflow/.local/lib/python3.8/site-packages/airflow/example_dags/example_nested_branch_dag.py took 0.049 seconds
[2024-03-15T08:11:55.082+0000] {processor.py:161} INFO - Started process (PID=807) to work on /home/airflow/.local/lib/python3.8/site-packages/airflow/example_dags/example_nested_branch_dag.py
[2024-03-15T08:11:55.082+0000] {processor.py:830} INFO - Processing file /home/airflow/.local/lib/python3.8/site-packages/airflow/example_dags/example_nested_branch_dag.py for tasks to queue
[2024-03-15T08:11:55.083+0000] {logging_mixin.py:188} INFO - [2024-03-15T08:11:55.083+0000] {dagbag.py:540} INFO - Filling up the DagBag from /home/airflow/.local/lib/python3.8/site-packages/airflow/example_dags/example_nested_branch_dag.py
[2024-03-15T08:11:55.088+0000] {processor.py:840} INFO - DAG(s) 'example_nested_branch_dag' retrieved from /home/airflow/.local/lib/python3.8/site-packages/airflow/example_dags/example_nested_branch_dag.py
[2024-03-15T08:11:55.098+0000] {logging_mixin.py:188} INFO - [2024-03-15T08:11:55.098+0000] {dag.py:3047} INFO - Sync 1 DAGs
[2024-03-15T08:11:55.107+0000] {logging_mixin.py:188} INFO - [2024-03-15T08:11:55.107+0000] {dag.py:3834} INFO - Setting next_dagrun for example_nested_branch_dag to 2024-03-14 00:00:00+00:00, run_after=2024-03-15 00:00:00+00:00
[2024-03-15T08:11:55.116+0000] {processor.py:183} INFO - Processing /home/airflow/.local/lib/python3.8/site-packages/airflow/example_dags/example_nested_branch_dag.py took 0.035 seconds
[2024-03-15T08:12:25.604+0000] {processor.py:161} INFO - Started process (PID=862) to work on /home/airflow/.local/lib/python3.8/site-packages/airflow/example_dags/example_nested_branch_dag.py
[2024-03-15T08:12:25.606+0000] {processor.py:830} INFO - Processing file /home/airflow/.local/lib/python3.8/site-packages/airflow/example_dags/example_nested_branch_dag.py for tasks to queue
[2024-03-15T08:12:25.609+0000] {logging_mixin.py:188} INFO - [2024-03-15T08:12:25.608+0000] {dagbag.py:540} INFO - Filling up the DagBag from /home/airflow/.local/lib/python3.8/site-packages/airflow/example_dags/example_nested_branch_dag.py
[2024-03-15T08:12:25.621+0000] {processor.py:840} INFO - DAG(s) 'example_nested_branch_dag' retrieved from /home/airflow/.local/lib/python3.8/site-packages/airflow/example_dags/example_nested_branch_dag.py
[2024-03-15T08:12:25.639+0000] {logging_mixin.py:188} INFO - [2024-03-15T08:12:25.638+0000] {dag.py:3047} INFO - Sync 1 DAGs
[2024-03-15T08:12:25.652+0000] {logging_mixin.py:188} INFO - [2024-03-15T08:12:25.652+0000] {dag.py:3834} INFO - Setting next_dagrun for example_nested_branch_dag to 2024-03-14 00:00:00+00:00, run_after=2024-03-15 00:00:00+00:00
[2024-03-15T08:12:25.662+0000] {processor.py:183} INFO - Processing /home/airflow/.local/lib/python3.8/site-packages/airflow/example_dags/example_nested_branch_dag.py took 0.061 seconds
[2024-03-15T08:12:56.026+0000] {processor.py:161} INFO - Started process (PID=917) to work on /home/airflow/.local/lib/python3.8/site-packages/airflow/example_dags/example_nested_branch_dag.py
[2024-03-15T08:12:56.028+0000] {processor.py:830} INFO - Processing file /home/airflow/.local/lib/python3.8/site-packages/airflow/example_dags/example_nested_branch_dag.py for tasks to queue
[2024-03-15T08:12:56.031+0000] {logging_mixin.py:188} INFO - [2024-03-15T08:12:56.030+0000] {dagbag.py:540} INFO - Filling up the DagBag from /home/airflow/.local/lib/python3.8/site-packages/airflow/example_dags/example_nested_branch_dag.py
[2024-03-15T08:12:56.042+0000] {processor.py:840} INFO - DAG(s) 'example_nested_branch_dag' retrieved from /home/airflow/.local/lib/python3.8/site-packages/airflow/example_dags/example_nested_branch_dag.py
[2024-03-15T08:12:56.057+0000] {logging_mixin.py:188} INFO - [2024-03-15T08:12:56.057+0000] {dag.py:3047} INFO - Sync 1 DAGs
[2024-03-15T08:12:56.070+0000] {logging_mixin.py:188} INFO - [2024-03-15T08:12:56.070+0000] {dag.py:3834} INFO - Setting next_dagrun for example_nested_branch_dag to 2024-03-14 00:00:00+00:00, run_after=2024-03-15 00:00:00+00:00
[2024-03-15T08:12:56.078+0000] {processor.py:183} INFO - Processing /home/airflow/.local/lib/python3.8/site-packages/airflow/example_dags/example_nested_branch_dag.py took 0.056 seconds
[2024-03-15T08:13:26.287+0000] {processor.py:161} INFO - Started process (PID=972) to work on /home/airflow/.local/lib/python3.8/site-packages/airflow/example_dags/example_nested_branch_dag.py
[2024-03-15T08:13:26.289+0000] {processor.py:830} INFO - Processing file /home/airflow/.local/lib/python3.8/site-packages/airflow/example_dags/example_nested_branch_dag.py for tasks to queue
[2024-03-15T08:13:26.291+0000] {logging_mixin.py:188} INFO - [2024-03-15T08:13:26.291+0000] {dagbag.py:540} INFO - Filling up the DagBag from /home/airflow/.local/lib/python3.8/site-packages/airflow/example_dags/example_nested_branch_dag.py
[2024-03-15T08:13:26.301+0000] {processor.py:840} INFO - DAG(s) 'example_nested_branch_dag' retrieved from /home/airflow/.local/lib/python3.8/site-packages/airflow/example_dags/example_nested_branch_dag.py
[2024-03-15T08:13:26.316+0000] {logging_mixin.py:188} INFO - [2024-03-15T08:13:26.316+0000] {dag.py:3047} INFO - Sync 1 DAGs
[2024-03-15T08:13:26.328+0000] {logging_mixin.py:188} INFO - [2024-03-15T08:13:26.328+0000] {dag.py:3834} INFO - Setting next_dagrun for example_nested_branch_dag to 2024-03-14 00:00:00+00:00, run_after=2024-03-15 00:00:00+00:00
[2024-03-15T08:13:26.337+0000] {processor.py:183} INFO - Processing /home/airflow/.local/lib/python3.8/site-packages/airflow/example_dags/example_nested_branch_dag.py took 0.054 seconds
[2024-03-15T08:13:56.607+0000] {processor.py:161} INFO - Started process (PID=1027) to work on /home/airflow/.local/lib/python3.8/site-packages/airflow/example_dags/example_nested_branch_dag.py
[2024-03-15T08:13:56.608+0000] {processor.py:830} INFO - Processing file /home/airflow/.local/lib/python3.8/site-packages/airflow/example_dags/example_nested_branch_dag.py for tasks to queue
[2024-03-15T08:13:56.611+0000] {logging_mixin.py:188} INFO - [2024-03-15T08:13:56.611+0000] {dagbag.py:540} INFO - Filling up the DagBag from /home/airflow/.local/lib/python3.8/site-packages/airflow/example_dags/example_nested_branch_dag.py
[2024-03-15T08:13:56.623+0000] {processor.py:840} INFO - DAG(s) 'example_nested_branch_dag' retrieved from /home/airflow/.local/lib/python3.8/site-packages/airflow/example_dags/example_nested_branch_dag.py
[2024-03-15T08:13:56.638+0000] {logging_mixin.py:188} INFO - [2024-03-15T08:13:56.638+0000] {dag.py:3047} INFO - Sync 1 DAGs
[2024-03-15T08:13:56.650+0000] {logging_mixin.py:188} INFO - [2024-03-15T08:13:56.650+0000] {dag.py:3834} INFO - Setting next_dagrun for example_nested_branch_dag to 2024-03-14 00:00:00+00:00, run_after=2024-03-15 00:00:00+00:00
[2024-03-15T08:13:56.659+0000] {processor.py:183} INFO - Processing /home/airflow/.local/lib/python3.8/site-packages/airflow/example_dags/example_nested_branch_dag.py took 0.057 seconds
[2024-03-15T08:14:26.895+0000] {processor.py:161} INFO - Started process (PID=1082) to work on /home/airflow/.local/lib/python3.8/site-packages/airflow/example_dags/example_nested_branch_dag.py
[2024-03-15T08:14:26.897+0000] {processor.py:830} INFO - Processing file /home/airflow/.local/lib/python3.8/site-packages/airflow/example_dags/example_nested_branch_dag.py for tasks to queue
[2024-03-15T08:14:26.901+0000] {logging_mixin.py:188} INFO - [2024-03-15T08:14:26.900+0000] {dagbag.py:540} INFO - Filling up the DagBag from /home/airflow/.local/lib/python3.8/site-packages/airflow/example_dags/example_nested_branch_dag.py
[2024-03-15T08:14:26.914+0000] {processor.py:840} INFO - DAG(s) 'example_nested_branch_dag' retrieved from /home/airflow/.local/lib/python3.8/site-packages/airflow/example_dags/example_nested_branch_dag.py
[2024-03-15T08:14:26.929+0000] {logging_mixin.py:188} INFO - [2024-03-15T08:14:26.929+0000] {dag.py:3047} INFO - Sync 1 DAGs
[2024-03-15T08:14:26.942+0000] {logging_mixin.py:188} INFO - [2024-03-15T08:14:26.942+0000] {dag.py:3834} INFO - Setting next_dagrun for example_nested_branch_dag to 2024-03-14 00:00:00+00:00, run_after=2024-03-15 00:00:00+00:00
[2024-03-15T08:14:26.950+0000] {processor.py:183} INFO - Processing /home/airflow/.local/lib/python3.8/site-packages/airflow/example_dags/example_nested_branch_dag.py took 0.064 seconds
[2024-03-15T08:14:57.265+0000] {processor.py:161} INFO - Started process (PID=1137) to work on /home/airflow/.local/lib/python3.8/site-packages/airflow/example_dags/example_nested_branch_dag.py
[2024-03-15T08:14:57.266+0000] {processor.py:830} INFO - Processing file /home/airflow/.local/lib/python3.8/site-packages/airflow/example_dags/example_nested_branch_dag.py for tasks to queue
[2024-03-15T08:14:57.268+0000] {logging_mixin.py:188} INFO - [2024-03-15T08:14:57.267+0000] {dagbag.py:540} INFO - Filling up the DagBag from /home/airflow/.local/lib/python3.8/site-packages/airflow/example_dags/example_nested_branch_dag.py
[2024-03-15T08:14:57.274+0000] {processor.py:840} INFO - DAG(s) 'example_nested_branch_dag' retrieved from /home/airflow/.local/lib/python3.8/site-packages/airflow/example_dags/example_nested_branch_dag.py
[2024-03-15T08:14:57.284+0000] {logging_mixin.py:188} INFO - [2024-03-15T08:14:57.284+0000] {dag.py:3047} INFO - Sync 1 DAGs
[2024-03-15T08:14:57.294+0000] {logging_mixin.py:188} INFO - [2024-03-15T08:14:57.293+0000] {dag.py:3834} INFO - Setting next_dagrun for example_nested_branch_dag to 2024-03-14 00:00:00+00:00, run_after=2024-03-15 00:00:00+00:00
[2024-03-15T08:14:57.301+0000] {processor.py:183} INFO - Processing /home/airflow/.local/lib/python3.8/site-packages/airflow/example_dags/example_nested_branch_dag.py took 0.040 seconds
[2024-03-15T08:15:27.635+0000] {processor.py:161} INFO - Started process (PID=1192) to work on /home/airflow/.local/lib/python3.8/site-packages/airflow/example_dags/example_nested_branch_dag.py
[2024-03-15T08:15:27.636+0000] {processor.py:830} INFO - Processing file /home/airflow/.local/lib/python3.8/site-packages/airflow/example_dags/example_nested_branch_dag.py for tasks to queue
[2024-03-15T08:15:27.637+0000] {logging_mixin.py:188} INFO - [2024-03-15T08:15:27.637+0000] {dagbag.py:540} INFO - Filling up the DagBag from /home/airflow/.local/lib/python3.8/site-packages/airflow/example_dags/example_nested_branch_dag.py
[2024-03-15T08:15:27.642+0000] {processor.py:840} INFO - DAG(s) 'example_nested_branch_dag' retrieved from /home/airflow/.local/lib/python3.8/site-packages/airflow/example_dags/example_nested_branch_dag.py
[2024-03-15T08:15:27.653+0000] {logging_mixin.py:188} INFO - [2024-03-15T08:15:27.653+0000] {dag.py:3047} INFO - Sync 1 DAGs
[2024-03-15T08:15:27.664+0000] {logging_mixin.py:188} INFO - [2024-03-15T08:15:27.664+0000] {dag.py:3834} INFO - Setting next_dagrun for example_nested_branch_dag to 2024-03-14 00:00:00+00:00, run_after=2024-03-15 00:00:00+00:00
[2024-03-15T08:15:27.672+0000] {processor.py:183} INFO - Processing /home/airflow/.local/lib/python3.8/site-packages/airflow/example_dags/example_nested_branch_dag.py took 0.039 seconds
[2024-03-15T08:15:57.999+0000] {processor.py:161} INFO - Started process (PID=1247) to work on /home/airflow/.local/lib/python3.8/site-packages/airflow/example_dags/example_nested_branch_dag.py
[2024-03-15T08:15:58.000+0000] {processor.py:830} INFO - Processing file /home/airflow/.local/lib/python3.8/site-packages/airflow/example_dags/example_nested_branch_dag.py for tasks to queue
[2024-03-15T08:15:58.002+0000] {logging_mixin.py:188} INFO - [2024-03-15T08:15:58.002+0000] {dagbag.py:540} INFO - Filling up the DagBag from /home/airflow/.local/lib/python3.8/site-packages/airflow/example_dags/example_nested_branch_dag.py
[2024-03-15T08:15:58.014+0000] {processor.py:840} INFO - DAG(s) 'example_nested_branch_dag' retrieved from /home/airflow/.local/lib/python3.8/site-packages/airflow/example_dags/example_nested_branch_dag.py
[2024-03-15T08:15:58.032+0000] {logging_mixin.py:188} INFO - [2024-03-15T08:15:58.032+0000] {dag.py:3047} INFO - Sync 1 DAGs
[2024-03-15T08:15:58.047+0000] {logging_mixin.py:188} INFO - [2024-03-15T08:15:58.047+0000] {dag.py:3834} INFO - Setting next_dagrun for example_nested_branch_dag to 2024-03-14 00:00:00+00:00, run_after=2024-03-15 00:00:00+00:00
[2024-03-15T08:15:58.058+0000] {processor.py:183} INFO - Processing /home/airflow/.local/lib/python3.8/site-packages/airflow/example_dags/example_nested_branch_dag.py took 0.065 seconds
[2024-03-15T08:16:28.418+0000] {processor.py:161} INFO - Started process (PID=1302) to work on /home/airflow/.local/lib/python3.8/site-packages/airflow/example_dags/example_nested_branch_dag.py
[2024-03-15T08:16:28.419+0000] {processor.py:830} INFO - Processing file /home/airflow/.local/lib/python3.8/site-packages/airflow/example_dags/example_nested_branch_dag.py for tasks to queue
[2024-03-15T08:16:28.422+0000] {logging_mixin.py:188} INFO - [2024-03-15T08:16:28.421+0000] {dagbag.py:540} INFO - Filling up the DagBag from /home/airflow/.local/lib/python3.8/site-packages/airflow/example_dags/example_nested_branch_dag.py
[2024-03-15T08:16:28.433+0000] {processor.py:840} INFO - DAG(s) 'example_nested_branch_dag' retrieved from /home/airflow/.local/lib/python3.8/site-packages/airflow/example_dags/example_nested_branch_dag.py
[2024-03-15T08:16:28.448+0000] {logging_mixin.py:188} INFO - [2024-03-15T08:16:28.447+0000] {dag.py:3047} INFO - Sync 1 DAGs
[2024-03-15T08:16:28.459+0000] {logging_mixin.py:188} INFO - [2024-03-15T08:16:28.459+0000] {dag.py:3834} INFO - Setting next_dagrun for example_nested_branch_dag to 2024-03-14 00:00:00+00:00, run_after=2024-03-15 00:00:00+00:00
[2024-03-15T08:16:28.468+0000] {processor.py:183} INFO - Processing /home/airflow/.local/lib/python3.8/site-packages/airflow/example_dags/example_nested_branch_dag.py took 0.055 seconds
[2024-03-15T08:16:58.719+0000] {processor.py:161} INFO - Started process (PID=1357) to work on /home/airflow/.local/lib/python3.8/site-packages/airflow/example_dags/example_nested_branch_dag.py
[2024-03-15T08:16:58.720+0000] {processor.py:830} INFO - Processing file /home/airflow/.local/lib/python3.8/site-packages/airflow/example_dags/example_nested_branch_dag.py for tasks to queue
[2024-03-15T08:16:58.722+0000] {logging_mixin.py:188} INFO - [2024-03-15T08:16:58.721+0000] {dagbag.py:540} INFO - Filling up the DagBag from /home/airflow/.local/lib/python3.8/site-packages/airflow/example_dags/example_nested_branch_dag.py
[2024-03-15T08:16:58.731+0000] {processor.py:840} INFO - DAG(s) 'example_nested_branch_dag' retrieved from /home/airflow/.local/lib/python3.8/site-packages/airflow/example_dags/example_nested_branch_dag.py
[2024-03-15T08:16:58.745+0000] {logging_mixin.py:188} INFO - [2024-03-15T08:16:58.745+0000] {dag.py:3047} INFO - Sync 1 DAGs
[2024-03-15T08:16:58.756+0000] {logging_mixin.py:188} INFO - [2024-03-15T08:16:58.756+0000] {dag.py:3834} INFO - Setting next_dagrun for example_nested_branch_dag to 2024-03-14 00:00:00+00:00, run_after=2024-03-15 00:00:00+00:00
[2024-03-15T08:16:58.764+0000] {processor.py:183} INFO - Processing /home/airflow/.local/lib/python3.8/site-packages/airflow/example_dags/example_nested_branch_dag.py took 0.050 seconds
[2024-03-15T08:17:29.129+0000] {processor.py:161} INFO - Started process (PID=1412) to work on /home/airflow/.local/lib/python3.8/site-packages/airflow/example_dags/example_nested_branch_dag.py
[2024-03-15T08:17:29.130+0000] {processor.py:830} INFO - Processing file /home/airflow/.local/lib/python3.8/site-packages/airflow/example_dags/example_nested_branch_dag.py for tasks to queue
[2024-03-15T08:17:29.133+0000] {logging_mixin.py:188} INFO - [2024-03-15T08:17:29.133+0000] {dagbag.py:540} INFO - Filling up the DagBag from /home/airflow/.local/lib/python3.8/site-packages/airflow/example_dags/example_nested_branch_dag.py
[2024-03-15T08:17:29.144+0000] {processor.py:840} INFO - DAG(s) 'example_nested_branch_dag' retrieved from /home/airflow/.local/lib/python3.8/site-packages/airflow/example_dags/example_nested_branch_dag.py
[2024-03-15T08:17:29.160+0000] {logging_mixin.py:188} INFO - [2024-03-15T08:17:29.159+0000] {dag.py:3047} INFO - Sync 1 DAGs
[2024-03-15T08:17:29.171+0000] {logging_mixin.py:188} INFO - [2024-03-15T08:17:29.171+0000] {dag.py:3834} INFO - Setting next_dagrun for example_nested_branch_dag to 2024-03-14 00:00:00+00:00, run_after=2024-03-15 00:00:00+00:00
[2024-03-15T08:17:29.180+0000] {processor.py:183} INFO - Processing /home/airflow/.local/lib/python3.8/site-packages/airflow/example_dags/example_nested_branch_dag.py took 0.055 seconds
[2024-03-15T08:17:59.447+0000] {processor.py:161} INFO - Started process (PID=1467) to work on /home/airflow/.local/lib/python3.8/site-packages/airflow/example_dags/example_nested_branch_dag.py
[2024-03-15T08:17:59.449+0000] {processor.py:830} INFO - Processing file /home/airflow/.local/lib/python3.8/site-packages/airflow/example_dags/example_nested_branch_dag.py for tasks to queue
[2024-03-15T08:17:59.452+0000] {logging_mixin.py:188} INFO - [2024-03-15T08:17:59.451+0000] {dagbag.py:540} INFO - Filling up the DagBag from /home/airflow/.local/lib/python3.8/site-packages/airflow/example_dags/example_nested_branch_dag.py
[2024-03-15T08:17:59.462+0000] {processor.py:840} INFO - DAG(s) 'example_nested_branch_dag' retrieved from /home/airflow/.local/lib/python3.8/site-packages/airflow/example_dags/example_nested_branch_dag.py
[2024-03-15T08:17:59.477+0000] {logging_mixin.py:188} INFO - [2024-03-15T08:17:59.477+0000] {dag.py:3047} INFO - Sync 1 DAGs
[2024-03-15T08:17:59.489+0000] {logging_mixin.py:188} INFO - [2024-03-15T08:17:59.489+0000] {dag.py:3834} INFO - Setting next_dagrun for example_nested_branch_dag to 2024-03-14 00:00:00+00:00, run_after=2024-03-15 00:00:00+00:00
[2024-03-15T08:17:59.497+0000] {processor.py:183} INFO - Processing /home/airflow/.local/lib/python3.8/site-packages/airflow/example_dags/example_nested_branch_dag.py took 0.055 seconds
[2024-03-15T08:18:29.786+0000] {processor.py:161} INFO - Started process (PID=1522) to work on /home/airflow/.local/lib/python3.8/site-packages/airflow/example_dags/example_nested_branch_dag.py
[2024-03-15T08:18:29.788+0000] {processor.py:830} INFO - Processing file /home/airflow/.local/lib/python3.8/site-packages/airflow/example_dags/example_nested_branch_dag.py for tasks to queue
[2024-03-15T08:18:29.790+0000] {logging_mixin.py:188} INFO - [2024-03-15T08:18:29.790+0000] {dagbag.py:540} INFO - Filling up the DagBag from /home/airflow/.local/lib/python3.8/site-packages/airflow/example_dags/example_nested_branch_dag.py
[2024-03-15T08:18:29.802+0000] {processor.py:840} INFO - DAG(s) 'example_nested_branch_dag' retrieved from /home/airflow/.local/lib/python3.8/site-packages/airflow/example_dags/example_nested_branch_dag.py
[2024-03-15T08:18:29.818+0000] {logging_mixin.py:188} INFO - [2024-03-15T08:18:29.818+0000] {dag.py:3047} INFO - Sync 1 DAGs
[2024-03-15T08:18:29.831+0000] {logging_mixin.py:188} INFO - [2024-03-15T08:18:29.831+0000] {dag.py:3834} INFO - Setting next_dagrun for example_nested_branch_dag to 2024-03-14 00:00:00+00:00, run_after=2024-03-15 00:00:00+00:00
[2024-03-15T08:18:29.841+0000] {processor.py:183} INFO - Processing /home/airflow/.local/lib/python3.8/site-packages/airflow/example_dags/example_nested_branch_dag.py took 0.059 seconds
[2024-03-15T08:19:00.253+0000] {processor.py:161} INFO - Started process (PID=1577) to work on /home/airflow/.local/lib/python3.8/site-packages/airflow/example_dags/example_nested_branch_dag.py
[2024-03-15T08:19:00.254+0000] {processor.py:830} INFO - Processing file /home/airflow/.local/lib/python3.8/site-packages/airflow/example_dags/example_nested_branch_dag.py for tasks to queue
[2024-03-15T08:19:00.257+0000] {logging_mixin.py:188} INFO - [2024-03-15T08:19:00.256+0000] {dagbag.py:540} INFO - Filling up the DagBag from /home/airflow/.local/lib/python3.8/site-packages/airflow/example_dags/example_nested_branch_dag.py
[2024-03-15T08:19:00.266+0000] {processor.py:840} INFO - DAG(s) 'example_nested_branch_dag' retrieved from /home/airflow/.local/lib/python3.8/site-packages/airflow/example_dags/example_nested_branch_dag.py
[2024-03-15T08:19:00.281+0000] {logging_mixin.py:188} INFO - [2024-03-15T08:19:00.281+0000] {dag.py:3047} INFO - Sync 1 DAGs
[2024-03-15T08:19:00.295+0000] {logging_mixin.py:188} INFO - [2024-03-15T08:19:00.295+0000] {dag.py:3834} INFO - Setting next_dagrun for example_nested_branch_dag to 2024-03-14 00:00:00+00:00, run_after=2024-03-15 00:00:00+00:00
[2024-03-15T08:19:00.305+0000] {processor.py:183} INFO - Processing /home/airflow/.local/lib/python3.8/site-packages/airflow/example_dags/example_nested_branch_dag.py took 0.057 seconds
[2024-03-15T08:19:30.519+0000] {processor.py:161} INFO - Started process (PID=1632) to work on /home/airflow/.local/lib/python3.8/site-packages/airflow/example_dags/example_nested_branch_dag.py
[2024-03-15T08:19:30.520+0000] {processor.py:830} INFO - Processing file /home/airflow/.local/lib/python3.8/site-packages/airflow/example_dags/example_nested_branch_dag.py for tasks to queue
[2024-03-15T08:19:30.522+0000] {logging_mixin.py:188} INFO - [2024-03-15T08:19:30.522+0000] {dagbag.py:540} INFO - Filling up the DagBag from /home/airflow/.local/lib/python3.8/site-packages/airflow/example_dags/example_nested_branch_dag.py
[2024-03-15T08:19:30.530+0000] {processor.py:840} INFO - DAG(s) 'example_nested_branch_dag' retrieved from /home/airflow/.local/lib/python3.8/site-packages/airflow/example_dags/example_nested_branch_dag.py
[2024-03-15T08:19:30.543+0000] {logging_mixin.py:188} INFO - [2024-03-15T08:19:30.543+0000] {dag.py:3047} INFO - Sync 1 DAGs
[2024-03-15T08:19:30.554+0000] {logging_mixin.py:188} INFO - [2024-03-15T08:19:30.554+0000] {dag.py:3834} INFO - Setting next_dagrun for example_nested_branch_dag to 2024-03-14 00:00:00+00:00, run_after=2024-03-15 00:00:00+00:00
[2024-03-15T08:19:30.563+0000] {processor.py:183} INFO - Processing /home/airflow/.local/lib/python3.8/site-packages/airflow/example_dags/example_nested_branch_dag.py took 0.047 seconds
[2024-03-15T08:20:00.874+0000] {processor.py:161} INFO - Started process (PID=1687) to work on /home/airflow/.local/lib/python3.8/site-packages/airflow/example_dags/example_nested_branch_dag.py
[2024-03-15T08:20:00.875+0000] {processor.py:830} INFO - Processing file /home/airflow/.local/lib/python3.8/site-packages/airflow/example_dags/example_nested_branch_dag.py for tasks to queue
[2024-03-15T08:20:00.878+0000] {logging_mixin.py:188} INFO - [2024-03-15T08:20:00.877+0000] {dagbag.py:540} INFO - Filling up the DagBag from /home/airflow/.local/lib/python3.8/site-packages/airflow/example_dags/example_nested_branch_dag.py
[2024-03-15T08:20:00.888+0000] {processor.py:840} INFO - DAG(s) 'example_nested_branch_dag' retrieved from /home/airflow/.local/lib/python3.8/site-packages/airflow/example_dags/example_nested_branch_dag.py
[2024-03-15T08:20:00.903+0000] {logging_mixin.py:188} INFO - [2024-03-15T08:20:00.903+0000] {dag.py:3047} INFO - Sync 1 DAGs
[2024-03-15T08:20:00.915+0000] {logging_mixin.py:188} INFO - [2024-03-15T08:20:00.915+0000] {dag.py:3834} INFO - Setting next_dagrun for example_nested_branch_dag to 2024-03-14 00:00:00+00:00, run_after=2024-03-15 00:00:00+00:00
[2024-03-15T08:20:00.923+0000] {processor.py:183} INFO - Processing /home/airflow/.local/lib/python3.8/site-packages/airflow/example_dags/example_nested_branch_dag.py took 0.054 seconds
[2024-03-15T08:20:31.210+0000] {processor.py:161} INFO - Started process (PID=1741) to work on /home/airflow/.local/lib/python3.8/site-packages/airflow/example_dags/example_nested_branch_dag.py
[2024-03-15T08:20:31.212+0000] {processor.py:830} INFO - Processing file /home/airflow/.local/lib/python3.8/site-packages/airflow/example_dags/example_nested_branch_dag.py for tasks to queue
[2024-03-15T08:20:31.215+0000] {logging_mixin.py:188} INFO - [2024-03-15T08:20:31.214+0000] {dagbag.py:540} INFO - Filling up the DagBag from /home/airflow/.local/lib/python3.8/site-packages/airflow/example_dags/example_nested_branch_dag.py
[2024-03-15T08:20:31.226+0000] {processor.py:840} INFO - DAG(s) 'example_nested_branch_dag' retrieved from /home/airflow/.local/lib/python3.8/site-packages/airflow/example_dags/example_nested_branch_dag.py
[2024-03-15T08:20:31.242+0000] {logging_mixin.py:188} INFO - [2024-03-15T08:20:31.242+0000] {dag.py:3047} INFO - Sync 1 DAGs
[2024-03-15T08:20:31.253+0000] {logging_mixin.py:188} INFO - [2024-03-15T08:20:31.253+0000] {dag.py:3834} INFO - Setting next_dagrun for example_nested_branch_dag to 2024-03-14 00:00:00+00:00, run_after=2024-03-15 00:00:00+00:00
[2024-03-15T08:20:31.262+0000] {processor.py:183} INFO - Processing /home/airflow/.local/lib/python3.8/site-packages/airflow/example_dags/example_nested_branch_dag.py took 0.057 seconds
[2024-03-15T08:21:01.509+0000] {processor.py:161} INFO - Started process (PID=1796) to work on /home/airflow/.local/lib/python3.8/site-packages/airflow/example_dags/example_nested_branch_dag.py
[2024-03-15T08:21:01.510+0000] {processor.py:830} INFO - Processing file /home/airflow/.local/lib/python3.8/site-packages/airflow/example_dags/example_nested_branch_dag.py for tasks to queue
[2024-03-15T08:21:01.513+0000] {logging_mixin.py:188} INFO - [2024-03-15T08:21:01.512+0000] {dagbag.py:540} INFO - Filling up the DagBag from /home/airflow/.local/lib/python3.8/site-packages/airflow/example_dags/example_nested_branch_dag.py
[2024-03-15T08:21:01.523+0000] {processor.py:840} INFO - DAG(s) 'example_nested_branch_dag' retrieved from /home/airflow/.local/lib/python3.8/site-packages/airflow/example_dags/example_nested_branch_dag.py
[2024-03-15T08:21:01.538+0000] {logging_mixin.py:188} INFO - [2024-03-15T08:21:01.538+0000] {dag.py:3047} INFO - Sync 1 DAGs
[2024-03-15T08:21:01.550+0000] {logging_mixin.py:188} INFO - [2024-03-15T08:21:01.550+0000] {dag.py:3834} INFO - Setting next_dagrun for example_nested_branch_dag to 2024-03-14 00:00:00+00:00, run_after=2024-03-15 00:00:00+00:00
[2024-03-15T08:21:01.559+0000] {processor.py:183} INFO - Processing /home/airflow/.local/lib/python3.8/site-packages/airflow/example_dags/example_nested_branch_dag.py took 0.054 seconds
[2024-03-15T08:21:31.851+0000] {processor.py:161} INFO - Started process (PID=1851) to work on /home/airflow/.local/lib/python3.8/site-packages/airflow/example_dags/example_nested_branch_dag.py
[2024-03-15T08:21:31.853+0000] {processor.py:830} INFO - Processing file /home/airflow/.local/lib/python3.8/site-packages/airflow/example_dags/example_nested_branch_dag.py for tasks to queue
[2024-03-15T08:21:31.855+0000] {logging_mixin.py:188} INFO - [2024-03-15T08:21:31.855+0000] {dagbag.py:540} INFO - Filling up the DagBag from /home/airflow/.local/lib/python3.8/site-packages/airflow/example_dags/example_nested_branch_dag.py
[2024-03-15T08:21:31.867+0000] {processor.py:840} INFO - DAG(s) 'example_nested_branch_dag' retrieved from /home/airflow/.local/lib/python3.8/site-packages/airflow/example_dags/example_nested_branch_dag.py
[2024-03-15T08:21:31.882+0000] {logging_mixin.py:188} INFO - [2024-03-15T08:21:31.882+0000] {dag.py:3047} INFO - Sync 1 DAGs
[2024-03-15T08:21:31.894+0000] {logging_mixin.py:188} INFO - [2024-03-15T08:21:31.894+0000] {dag.py:3834} INFO - Setting next_dagrun for example_nested_branch_dag to 2024-03-14 00:00:00+00:00, run_after=2024-03-15 00:00:00+00:00
[2024-03-15T08:21:31.902+0000] {processor.py:183} INFO - Processing /home/airflow/.local/lib/python3.8/site-packages/airflow/example_dags/example_nested_branch_dag.py took 0.057 seconds
[2024-03-15T08:22:02.100+0000] {processor.py:161} INFO - Started process (PID=1905) to work on /home/airflow/.local/lib/python3.8/site-packages/airflow/example_dags/example_nested_branch_dag.py
[2024-03-15T08:22:02.103+0000] {processor.py:830} INFO - Processing file /home/airflow/.local/lib/python3.8/site-packages/airflow/example_dags/example_nested_branch_dag.py for tasks to queue
[2024-03-15T08:22:02.105+0000] {logging_mixin.py:188} INFO - [2024-03-15T08:22:02.105+0000] {dagbag.py:540} INFO - Filling up the DagBag from /home/airflow/.local/lib/python3.8/site-packages/airflow/example_dags/example_nested_branch_dag.py
[2024-03-15T08:22:02.116+0000] {processor.py:840} INFO - DAG(s) 'example_nested_branch_dag' retrieved from /home/airflow/.local/lib/python3.8/site-packages/airflow/example_dags/example_nested_branch_dag.py
[2024-03-15T08:22:02.132+0000] {logging_mixin.py:188} INFO - [2024-03-15T08:22:02.132+0000] {dag.py:3047} INFO - Sync 1 DAGs
[2024-03-15T08:22:02.144+0000] {logging_mixin.py:188} INFO - [2024-03-15T08:22:02.143+0000] {dag.py:3834} INFO - Setting next_dagrun for example_nested_branch_dag to 2024-03-14 00:00:00+00:00, run_after=2024-03-15 00:00:00+00:00
[2024-03-15T08:22:02.151+0000] {processor.py:183} INFO - Processing /home/airflow/.local/lib/python3.8/site-packages/airflow/example_dags/example_nested_branch_dag.py took 0.056 seconds
[2024-03-15T08:22:32.428+0000] {processor.py:161} INFO - Started process (PID=1960) to work on /home/airflow/.local/lib/python3.8/site-packages/airflow/example_dags/example_nested_branch_dag.py
[2024-03-15T08:22:32.430+0000] {processor.py:830} INFO - Processing file /home/airflow/.local/lib/python3.8/site-packages/airflow/example_dags/example_nested_branch_dag.py for tasks to queue
[2024-03-15T08:22:32.433+0000] {logging_mixin.py:188} INFO - [2024-03-15T08:22:32.432+0000] {dagbag.py:540} INFO - Filling up the DagBag from /home/airflow/.local/lib/python3.8/site-packages/airflow/example_dags/example_nested_branch_dag.py
[2024-03-15T08:22:32.443+0000] {processor.py:840} INFO - DAG(s) 'example_nested_branch_dag' retrieved from /home/airflow/.local/lib/python3.8/site-packages/airflow/example_dags/example_nested_branch_dag.py
[2024-03-15T08:22:32.458+0000] {logging_mixin.py:188} INFO - [2024-03-15T08:22:32.458+0000] {dag.py:3047} INFO - Sync 1 DAGs
[2024-03-15T08:22:32.471+0000] {logging_mixin.py:188} INFO - [2024-03-15T08:22:32.471+0000] {dag.py:3834} INFO - Setting next_dagrun for example_nested_branch_dag to 2024-03-14 00:00:00+00:00, run_after=2024-03-15 00:00:00+00:00
[2024-03-15T08:22:32.479+0000] {processor.py:183} INFO - Processing /home/airflow/.local/lib/python3.8/site-packages/airflow/example_dags/example_nested_branch_dag.py took 0.056 seconds
[2024-03-15T08:23:02.947+0000] {processor.py:161} INFO - Started process (PID=2015) to work on /home/airflow/.local/lib/python3.8/site-packages/airflow/example_dags/example_nested_branch_dag.py
[2024-03-15T08:23:02.949+0000] {processor.py:830} INFO - Processing file /home/airflow/.local/lib/python3.8/site-packages/airflow/example_dags/example_nested_branch_dag.py for tasks to queue
[2024-03-15T08:23:02.952+0000] {logging_mixin.py:188} INFO - [2024-03-15T08:23:02.952+0000] {dagbag.py:540} INFO - Filling up the DagBag from /home/airflow/.local/lib/python3.8/site-packages/airflow/example_dags/example_nested_branch_dag.py
[2024-03-15T08:23:02.963+0000] {processor.py:840} INFO - DAG(s) 'example_nested_branch_dag' retrieved from /home/airflow/.local/lib/python3.8/site-packages/airflow/example_dags/example_nested_branch_dag.py
[2024-03-15T08:23:02.979+0000] {logging_mixin.py:188} INFO - [2024-03-15T08:23:02.979+0000] {dag.py:3047} INFO - Sync 1 DAGs
[2024-03-15T08:23:02.991+0000] {logging_mixin.py:188} INFO - [2024-03-15T08:23:02.991+0000] {dag.py:3834} INFO - Setting next_dagrun for example_nested_branch_dag to 2024-03-14 00:00:00+00:00, run_after=2024-03-15 00:00:00+00:00
[2024-03-15T08:23:02.999+0000] {processor.py:183} INFO - Processing /home/airflow/.local/lib/python3.8/site-packages/airflow/example_dags/example_nested_branch_dag.py took 0.056 seconds
[2024-03-15T08:23:33.475+0000] {processor.py:161} INFO - Started process (PID=2069) to work on /home/airflow/.local/lib/python3.8/site-packages/airflow/example_dags/example_nested_branch_dag.py
[2024-03-15T08:23:33.476+0000] {processor.py:830} INFO - Processing file /home/airflow/.local/lib/python3.8/site-packages/airflow/example_dags/example_nested_branch_dag.py for tasks to queue
[2024-03-15T08:23:33.479+0000] {logging_mixin.py:188} INFO - [2024-03-15T08:23:33.479+0000] {dagbag.py:540} INFO - Filling up the DagBag from /home/airflow/.local/lib/python3.8/site-packages/airflow/example_dags/example_nested_branch_dag.py
[2024-03-15T08:23:33.490+0000] {processor.py:840} INFO - DAG(s) 'example_nested_branch_dag' retrieved from /home/airflow/.local/lib/python3.8/site-packages/airflow/example_dags/example_nested_branch_dag.py
[2024-03-15T08:23:33.504+0000] {logging_mixin.py:188} INFO - [2024-03-15T08:23:33.504+0000] {dag.py:3047} INFO - Sync 1 DAGs
[2024-03-15T08:23:33.517+0000] {logging_mixin.py:188} INFO - [2024-03-15T08:23:33.517+0000] {dag.py:3834} INFO - Setting next_dagrun for example_nested_branch_dag to 2024-03-14 00:00:00+00:00, run_after=2024-03-15 00:00:00+00:00
[2024-03-15T08:23:33.526+0000] {processor.py:183} INFO - Processing /home/airflow/.local/lib/python3.8/site-packages/airflow/example_dags/example_nested_branch_dag.py took 0.055 seconds
