[2024-03-15T08:04:49.570+0000] {processor.py:161} INFO - Started process (PID=81) to work on /home/airflow/.local/lib/python3.8/site-packages/airflow/example_dags/example_xcom.py
[2024-03-15T08:04:49.570+0000] {processor.py:830} INFO - Processing file /home/airflow/.local/lib/python3.8/site-packages/airflow/example_dags/example_xcom.py for tasks to queue
[2024-03-15T08:04:49.571+0000] {logging_mixin.py:188} INFO - [2024-03-15T08:04:49.571+0000] {dagbag.py:540} INFO - Filling up the DagBag from /home/airflow/.local/lib/python3.8/site-packages/airflow/example_dags/example_xcom.py
[2024-03-15T08:04:49.575+0000] {processor.py:840} INFO - DAG(s) 'example_xcom' retrieved from /home/airflow/.local/lib/python3.8/site-packages/airflow/example_dags/example_xcom.py
[2024-03-15T08:04:49.581+0000] {logging_mixin.py:188} INFO - [2024-03-15T08:04:49.581+0000] {dag.py:3047} INFO - Sync 1 DAGs
[2024-03-15T08:04:49.594+0000] {logging_mixin.py:188} INFO - [2024-03-15T08:04:49.594+0000] {dag.py:3834} INFO - Setting next_dagrun for example_xcom to 2021-01-01 00:00:00+00:00, run_after=2021-01-01 00:00:00+00:00
[2024-03-15T08:04:49.604+0000] {processor.py:183} INFO - Processing /home/airflow/.local/lib/python3.8/site-packages/airflow/example_dags/example_xcom.py took 0.036 seconds
[2024-03-15T08:05:21.088+0000] {processor.py:161} INFO - Started process (PID=136) to work on /home/airflow/.local/lib/python3.8/site-packages/airflow/example_dags/example_xcom.py
[2024-03-15T08:05:21.088+0000] {processor.py:830} INFO - Processing file /home/airflow/.local/lib/python3.8/site-packages/airflow/example_dags/example_xcom.py for tasks to queue
[2024-03-15T08:05:21.089+0000] {logging_mixin.py:188} INFO - [2024-03-15T08:05:21.089+0000] {dagbag.py:540} INFO - Filling up the DagBag from /home/airflow/.local/lib/python3.8/site-packages/airflow/example_dags/example_xcom.py
[2024-03-15T08:05:21.092+0000] {processor.py:840} INFO - DAG(s) 'example_xcom' retrieved from /home/airflow/.local/lib/python3.8/site-packages/airflow/example_dags/example_xcom.py
[2024-03-15T08:05:21.128+0000] {logging_mixin.py:188} INFO - [2024-03-15T08:05:21.127+0000] {dag.py:3047} INFO - Sync 1 DAGs
[2024-03-15T08:05:21.134+0000] {logging_mixin.py:188} INFO - [2024-03-15T08:05:21.134+0000] {dag.py:3834} INFO - Setting next_dagrun for example_xcom to 2021-01-01 00:00:00+00:00, run_after=2021-01-01 00:00:00+00:00
[2024-03-15T08:05:21.141+0000] {processor.py:183} INFO - Processing /home/airflow/.local/lib/python3.8/site-packages/airflow/example_dags/example_xcom.py took 0.055 seconds
[2024-03-15T08:05:51.565+0000] {processor.py:161} INFO - Started process (PID=191) to work on /home/airflow/.local/lib/python3.8/site-packages/airflow/example_dags/example_xcom.py
[2024-03-15T08:05:51.566+0000] {processor.py:830} INFO - Processing file /home/airflow/.local/lib/python3.8/site-packages/airflow/example_dags/example_xcom.py for tasks to queue
[2024-03-15T08:05:51.567+0000] {logging_mixin.py:188} INFO - [2024-03-15T08:05:51.566+0000] {dagbag.py:540} INFO - Filling up the DagBag from /home/airflow/.local/lib/python3.8/site-packages/airflow/example_dags/example_xcom.py
[2024-03-15T08:05:51.570+0000] {processor.py:840} INFO - DAG(s) 'example_xcom' retrieved from /home/airflow/.local/lib/python3.8/site-packages/airflow/example_dags/example_xcom.py
[2024-03-15T08:05:51.579+0000] {logging_mixin.py:188} INFO - [2024-03-15T08:05:51.579+0000] {dag.py:3047} INFO - Sync 1 DAGs
[2024-03-15T08:05:51.587+0000] {logging_mixin.py:188} INFO - [2024-03-15T08:05:51.587+0000] {dag.py:3834} INFO - Setting next_dagrun for example_xcom to 2021-01-01 00:00:00+00:00, run_after=2021-01-01 00:00:00+00:00
[2024-03-15T08:05:51.594+0000] {processor.py:183} INFO - Processing /home/airflow/.local/lib/python3.8/site-packages/airflow/example_dags/example_xcom.py took 0.030 seconds
[2024-03-15T08:06:21.846+0000] {processor.py:161} INFO - Started process (PID=246) to work on /home/airflow/.local/lib/python3.8/site-packages/airflow/example_dags/example_xcom.py
[2024-03-15T08:06:21.847+0000] {processor.py:830} INFO - Processing file /home/airflow/.local/lib/python3.8/site-packages/airflow/example_dags/example_xcom.py for tasks to queue
[2024-03-15T08:06:21.848+0000] {logging_mixin.py:188} INFO - [2024-03-15T08:06:21.847+0000] {dagbag.py:540} INFO - Filling up the DagBag from /home/airflow/.local/lib/python3.8/site-packages/airflow/example_dags/example_xcom.py
[2024-03-15T08:06:21.851+0000] {processor.py:840} INFO - DAG(s) 'example_xcom' retrieved from /home/airflow/.local/lib/python3.8/site-packages/airflow/example_dags/example_xcom.py
[2024-03-15T08:06:21.860+0000] {logging_mixin.py:188} INFO - [2024-03-15T08:06:21.860+0000] {dag.py:3047} INFO - Sync 1 DAGs
[2024-03-15T08:06:21.869+0000] {logging_mixin.py:188} INFO - [2024-03-15T08:06:21.868+0000] {dag.py:3834} INFO - Setting next_dagrun for example_xcom to 2021-01-01 00:00:00+00:00, run_after=2021-01-01 00:00:00+00:00
[2024-03-15T08:06:21.875+0000] {processor.py:183} INFO - Processing /home/airflow/.local/lib/python3.8/site-packages/airflow/example_dags/example_xcom.py took 0.030 seconds
[2024-03-15T08:06:52.148+0000] {processor.py:161} INFO - Started process (PID=301) to work on /home/airflow/.local/lib/python3.8/site-packages/airflow/example_dags/example_xcom.py
[2024-03-15T08:06:52.148+0000] {processor.py:830} INFO - Processing file /home/airflow/.local/lib/python3.8/site-packages/airflow/example_dags/example_xcom.py for tasks to queue
[2024-03-15T08:06:52.149+0000] {logging_mixin.py:188} INFO - [2024-03-15T08:06:52.149+0000] {dagbag.py:540} INFO - Filling up the DagBag from /home/airflow/.local/lib/python3.8/site-packages/airflow/example_dags/example_xcom.py
[2024-03-15T08:06:52.153+0000] {processor.py:840} INFO - DAG(s) 'example_xcom' retrieved from /home/airflow/.local/lib/python3.8/site-packages/airflow/example_dags/example_xcom.py
[2024-03-15T08:06:52.162+0000] {logging_mixin.py:188} INFO - [2024-03-15T08:06:52.161+0000] {dag.py:3047} INFO - Sync 1 DAGs
[2024-03-15T08:06:52.170+0000] {logging_mixin.py:188} INFO - [2024-03-15T08:06:52.170+0000] {dag.py:3834} INFO - Setting next_dagrun for example_xcom to 2021-01-01 00:00:00+00:00, run_after=2021-01-01 00:00:00+00:00
[2024-03-15T08:06:52.177+0000] {processor.py:183} INFO - Processing /home/airflow/.local/lib/python3.8/site-packages/airflow/example_dags/example_xcom.py took 0.031 seconds
[2024-03-15T08:07:22.467+0000] {processor.py:161} INFO - Started process (PID=356) to work on /home/airflow/.local/lib/python3.8/site-packages/airflow/example_dags/example_xcom.py
[2024-03-15T08:07:22.467+0000] {processor.py:830} INFO - Processing file /home/airflow/.local/lib/python3.8/site-packages/airflow/example_dags/example_xcom.py for tasks to queue
[2024-03-15T08:07:22.468+0000] {logging_mixin.py:188} INFO - [2024-03-15T08:07:22.468+0000] {dagbag.py:540} INFO - Filling up the DagBag from /home/airflow/.local/lib/python3.8/site-packages/airflow/example_dags/example_xcom.py
[2024-03-15T08:07:22.471+0000] {processor.py:840} INFO - DAG(s) 'example_xcom' retrieved from /home/airflow/.local/lib/python3.8/site-packages/airflow/example_dags/example_xcom.py
[2024-03-15T08:07:22.480+0000] {logging_mixin.py:188} INFO - [2024-03-15T08:07:22.480+0000] {dag.py:3047} INFO - Sync 1 DAGs
[2024-03-15T08:07:22.488+0000] {logging_mixin.py:188} INFO - [2024-03-15T08:07:22.488+0000] {dag.py:3834} INFO - Setting next_dagrun for example_xcom to 2021-01-01 00:00:00+00:00, run_after=2021-01-01 00:00:00+00:00
[2024-03-15T08:07:22.495+0000] {processor.py:183} INFO - Processing /home/airflow/.local/lib/python3.8/site-packages/airflow/example_dags/example_xcom.py took 0.030 seconds
[2024-03-15T08:07:52.776+0000] {processor.py:161} INFO - Started process (PID=411) to work on /home/airflow/.local/lib/python3.8/site-packages/airflow/example_dags/example_xcom.py
[2024-03-15T08:07:52.777+0000] {processor.py:830} INFO - Processing file /home/airflow/.local/lib/python3.8/site-packages/airflow/example_dags/example_xcom.py for tasks to queue
[2024-03-15T08:07:52.778+0000] {logging_mixin.py:188} INFO - [2024-03-15T08:07:52.778+0000] {dagbag.py:540} INFO - Filling up the DagBag from /home/airflow/.local/lib/python3.8/site-packages/airflow/example_dags/example_xcom.py
[2024-03-15T08:07:52.781+0000] {processor.py:840} INFO - DAG(s) 'example_xcom' retrieved from /home/airflow/.local/lib/python3.8/site-packages/airflow/example_dags/example_xcom.py
[2024-03-15T08:07:52.791+0000] {logging_mixin.py:188} INFO - [2024-03-15T08:07:52.790+0000] {dag.py:3047} INFO - Sync 1 DAGs
[2024-03-15T08:07:52.799+0000] {logging_mixin.py:188} INFO - [2024-03-15T08:07:52.799+0000] {dag.py:3834} INFO - Setting next_dagrun for example_xcom to 2021-01-01 00:00:00+00:00, run_after=2021-01-01 00:00:00+00:00
[2024-03-15T08:07:52.806+0000] {processor.py:183} INFO - Processing /home/airflow/.local/lib/python3.8/site-packages/airflow/example_dags/example_xcom.py took 0.032 seconds
[2024-03-15T08:08:23.164+0000] {processor.py:161} INFO - Started process (PID=465) to work on /home/airflow/.local/lib/python3.8/site-packages/airflow/example_dags/example_xcom.py
[2024-03-15T08:08:23.165+0000] {processor.py:830} INFO - Processing file /home/airflow/.local/lib/python3.8/site-packages/airflow/example_dags/example_xcom.py for tasks to queue
[2024-03-15T08:08:23.166+0000] {logging_mixin.py:188} INFO - [2024-03-15T08:08:23.166+0000] {dagbag.py:540} INFO - Filling up the DagBag from /home/airflow/.local/lib/python3.8/site-packages/airflow/example_dags/example_xcom.py
[2024-03-15T08:08:23.169+0000] {processor.py:840} INFO - DAG(s) 'example_xcom' retrieved from /home/airflow/.local/lib/python3.8/site-packages/airflow/example_dags/example_xcom.py
[2024-03-15T08:08:23.178+0000] {logging_mixin.py:188} INFO - [2024-03-15T08:08:23.178+0000] {dag.py:3047} INFO - Sync 1 DAGs
[2024-03-15T08:08:23.187+0000] {logging_mixin.py:188} INFO - [2024-03-15T08:08:23.187+0000] {dag.py:3834} INFO - Setting next_dagrun for example_xcom to 2021-01-01 00:00:00+00:00, run_after=2021-01-01 00:00:00+00:00
[2024-03-15T08:08:23.194+0000] {processor.py:183} INFO - Processing /home/airflow/.local/lib/python3.8/site-packages/airflow/example_dags/example_xcom.py took 0.031 seconds
[2024-03-15T08:08:53.482+0000] {processor.py:161} INFO - Started process (PID=520) to work on /home/airflow/.local/lib/python3.8/site-packages/airflow/example_dags/example_xcom.py
[2024-03-15T08:08:53.483+0000] {processor.py:830} INFO - Processing file /home/airflow/.local/lib/python3.8/site-packages/airflow/example_dags/example_xcom.py for tasks to queue
[2024-03-15T08:08:53.484+0000] {logging_mixin.py:188} INFO - [2024-03-15T08:08:53.483+0000] {dagbag.py:540} INFO - Filling up the DagBag from /home/airflow/.local/lib/python3.8/site-packages/airflow/example_dags/example_xcom.py
[2024-03-15T08:08:53.487+0000] {processor.py:840} INFO - DAG(s) 'example_xcom' retrieved from /home/airflow/.local/lib/python3.8/site-packages/airflow/example_dags/example_xcom.py
[2024-03-15T08:08:53.496+0000] {logging_mixin.py:188} INFO - [2024-03-15T08:08:53.496+0000] {dag.py:3047} INFO - Sync 1 DAGs
[2024-03-15T08:08:53.504+0000] {logging_mixin.py:188} INFO - [2024-03-15T08:08:53.504+0000] {dag.py:3834} INFO - Setting next_dagrun for example_xcom to 2021-01-01 00:00:00+00:00, run_after=2021-01-01 00:00:00+00:00
[2024-03-15T08:08:53.511+0000] {processor.py:183} INFO - Processing /home/airflow/.local/lib/python3.8/site-packages/airflow/example_dags/example_xcom.py took 0.030 seconds
[2024-03-15T08:09:23.816+0000] {processor.py:161} INFO - Started process (PID=575) to work on /home/airflow/.local/lib/python3.8/site-packages/airflow/example_dags/example_xcom.py
[2024-03-15T08:09:23.817+0000] {processor.py:830} INFO - Processing file /home/airflow/.local/lib/python3.8/site-packages/airflow/example_dags/example_xcom.py for tasks to queue
[2024-03-15T08:09:23.817+0000] {logging_mixin.py:188} INFO - [2024-03-15T08:09:23.817+0000] {dagbag.py:540} INFO - Filling up the DagBag from /home/airflow/.local/lib/python3.8/site-packages/airflow/example_dags/example_xcom.py
[2024-03-15T08:09:23.821+0000] {processor.py:840} INFO - DAG(s) 'example_xcom' retrieved from /home/airflow/.local/lib/python3.8/site-packages/airflow/example_dags/example_xcom.py
[2024-03-15T08:09:23.829+0000] {logging_mixin.py:188} INFO - [2024-03-15T08:09:23.829+0000] {dag.py:3047} INFO - Sync 1 DAGs
[2024-03-15T08:09:23.837+0000] {logging_mixin.py:188} INFO - [2024-03-15T08:09:23.837+0000] {dag.py:3834} INFO - Setting next_dagrun for example_xcom to 2021-01-01 00:00:00+00:00, run_after=2021-01-01 00:00:00+00:00
[2024-03-15T08:09:23.843+0000] {processor.py:183} INFO - Processing /home/airflow/.local/lib/python3.8/site-packages/airflow/example_dags/example_xcom.py took 0.029 seconds
[2024-03-15T08:09:54.354+0000] {processor.py:161} INFO - Started process (PID=630) to work on /home/airflow/.local/lib/python3.8/site-packages/airflow/example_dags/example_xcom.py
[2024-03-15T08:09:54.355+0000] {processor.py:830} INFO - Processing file /home/airflow/.local/lib/python3.8/site-packages/airflow/example_dags/example_xcom.py for tasks to queue
[2024-03-15T08:09:54.356+0000] {logging_mixin.py:188} INFO - [2024-03-15T08:09:54.355+0000] {dagbag.py:540} INFO - Filling up the DagBag from /home/airflow/.local/lib/python3.8/site-packages/airflow/example_dags/example_xcom.py
[2024-03-15T08:09:54.359+0000] {processor.py:840} INFO - DAG(s) 'example_xcom' retrieved from /home/airflow/.local/lib/python3.8/site-packages/airflow/example_dags/example_xcom.py
[2024-03-15T08:09:54.369+0000] {logging_mixin.py:188} INFO - [2024-03-15T08:09:54.369+0000] {dag.py:3047} INFO - Sync 1 DAGs
[2024-03-15T08:09:54.379+0000] {logging_mixin.py:188} INFO - [2024-03-15T08:09:54.378+0000] {dag.py:3834} INFO - Setting next_dagrun for example_xcom to 2021-01-01 00:00:00+00:00, run_after=2021-01-01 00:00:00+00:00
[2024-03-15T08:09:54.388+0000] {processor.py:183} INFO - Processing /home/airflow/.local/lib/python3.8/site-packages/airflow/example_dags/example_xcom.py took 0.035 seconds
[2024-03-15T08:10:24.788+0000] {processor.py:161} INFO - Started process (PID=685) to work on /home/airflow/.local/lib/python3.8/site-packages/airflow/example_dags/example_xcom.py
[2024-03-15T08:10:24.789+0000] {processor.py:830} INFO - Processing file /home/airflow/.local/lib/python3.8/site-packages/airflow/example_dags/example_xcom.py for tasks to queue
[2024-03-15T08:10:24.790+0000] {logging_mixin.py:188} INFO - [2024-03-15T08:10:24.790+0000] {dagbag.py:540} INFO - Filling up the DagBag from /home/airflow/.local/lib/python3.8/site-packages/airflow/example_dags/example_xcom.py
[2024-03-15T08:10:24.794+0000] {processor.py:840} INFO - DAG(s) 'example_xcom' retrieved from /home/airflow/.local/lib/python3.8/site-packages/airflow/example_dags/example_xcom.py
[2024-03-15T08:10:24.802+0000] {logging_mixin.py:188} INFO - [2024-03-15T08:10:24.802+0000] {dag.py:3047} INFO - Sync 1 DAGs
[2024-03-15T08:10:24.811+0000] {logging_mixin.py:188} INFO - [2024-03-15T08:10:24.811+0000] {dag.py:3834} INFO - Setting next_dagrun for example_xcom to 2021-01-01 00:00:00+00:00, run_after=2021-01-01 00:00:00+00:00
[2024-03-15T08:10:24.818+0000] {processor.py:183} INFO - Processing /home/airflow/.local/lib/python3.8/site-packages/airflow/example_dags/example_xcom.py took 0.031 seconds
[2024-03-15T08:10:55.025+0000] {processor.py:161} INFO - Started process (PID=740) to work on /home/airflow/.local/lib/python3.8/site-packages/airflow/example_dags/example_xcom.py
[2024-03-15T08:10:55.025+0000] {processor.py:830} INFO - Processing file /home/airflow/.local/lib/python3.8/site-packages/airflow/example_dags/example_xcom.py for tasks to queue
[2024-03-15T08:10:55.026+0000] {logging_mixin.py:188} INFO - [2024-03-15T08:10:55.026+0000] {dagbag.py:540} INFO - Filling up the DagBag from /home/airflow/.local/lib/python3.8/site-packages/airflow/example_dags/example_xcom.py
[2024-03-15T08:10:55.029+0000] {processor.py:840} INFO - DAG(s) 'example_xcom' retrieved from /home/airflow/.local/lib/python3.8/site-packages/airflow/example_dags/example_xcom.py
[2024-03-15T08:10:55.038+0000] {logging_mixin.py:188} INFO - [2024-03-15T08:10:55.038+0000] {dag.py:3047} INFO - Sync 1 DAGs
[2024-03-15T08:10:55.047+0000] {logging_mixin.py:188} INFO - [2024-03-15T08:10:55.047+0000] {dag.py:3834} INFO - Setting next_dagrun for example_xcom to 2021-01-01 00:00:00+00:00, run_after=2021-01-01 00:00:00+00:00
[2024-03-15T08:10:55.054+0000] {processor.py:183} INFO - Processing /home/airflow/.local/lib/python3.8/site-packages/airflow/example_dags/example_xcom.py took 0.030 seconds
[2024-03-15T08:11:25.532+0000] {processor.py:161} INFO - Started process (PID=795) to work on /home/airflow/.local/lib/python3.8/site-packages/airflow/example_dags/example_xcom.py
[2024-03-15T08:11:25.532+0000] {processor.py:830} INFO - Processing file /home/airflow/.local/lib/python3.8/site-packages/airflow/example_dags/example_xcom.py for tasks to queue
[2024-03-15T08:11:25.533+0000] {logging_mixin.py:188} INFO - [2024-03-15T08:11:25.533+0000] {dagbag.py:540} INFO - Filling up the DagBag from /home/airflow/.local/lib/python3.8/site-packages/airflow/example_dags/example_xcom.py
[2024-03-15T08:11:25.536+0000] {processor.py:840} INFO - DAG(s) 'example_xcom' retrieved from /home/airflow/.local/lib/python3.8/site-packages/airflow/example_dags/example_xcom.py
[2024-03-15T08:11:25.544+0000] {logging_mixin.py:188} INFO - [2024-03-15T08:11:25.544+0000] {dag.py:3047} INFO - Sync 1 DAGs
[2024-03-15T08:11:25.552+0000] {logging_mixin.py:188} INFO - [2024-03-15T08:11:25.552+0000] {dag.py:3834} INFO - Setting next_dagrun for example_xcom to 2021-01-01 00:00:00+00:00, run_after=2021-01-01 00:00:00+00:00
[2024-03-15T08:11:25.559+0000] {processor.py:183} INFO - Processing /home/airflow/.local/lib/python3.8/site-packages/airflow/example_dags/example_xcom.py took 0.028 seconds
[2024-03-15T08:11:56.043+0000] {processor.py:161} INFO - Started process (PID=850) to work on /home/airflow/.local/lib/python3.8/site-packages/airflow/example_dags/example_xcom.py
[2024-03-15T08:11:56.043+0000] {processor.py:830} INFO - Processing file /home/airflow/.local/lib/python3.8/site-packages/airflow/example_dags/example_xcom.py for tasks to queue
[2024-03-15T08:11:56.044+0000] {logging_mixin.py:188} INFO - [2024-03-15T08:11:56.044+0000] {dagbag.py:540} INFO - Filling up the DagBag from /home/airflow/.local/lib/python3.8/site-packages/airflow/example_dags/example_xcom.py
[2024-03-15T08:11:56.047+0000] {processor.py:840} INFO - DAG(s) 'example_xcom' retrieved from /home/airflow/.local/lib/python3.8/site-packages/airflow/example_dags/example_xcom.py
[2024-03-15T08:11:56.056+0000] {logging_mixin.py:188} INFO - [2024-03-15T08:11:56.056+0000] {dag.py:3047} INFO - Sync 1 DAGs
[2024-03-15T08:11:56.065+0000] {logging_mixin.py:188} INFO - [2024-03-15T08:11:56.064+0000] {dag.py:3834} INFO - Setting next_dagrun for example_xcom to 2021-01-01 00:00:00+00:00, run_after=2021-01-01 00:00:00+00:00
[2024-03-15T08:11:56.071+0000] {processor.py:183} INFO - Processing /home/airflow/.local/lib/python3.8/site-packages/airflow/example_dags/example_xcom.py took 0.030 seconds
[2024-03-15T08:12:26.625+0000] {processor.py:161} INFO - Started process (PID=905) to work on /home/airflow/.local/lib/python3.8/site-packages/airflow/example_dags/example_xcom.py
[2024-03-15T08:12:26.626+0000] {processor.py:830} INFO - Processing file /home/airflow/.local/lib/python3.8/site-packages/airflow/example_dags/example_xcom.py for tasks to queue
[2024-03-15T08:12:26.626+0000] {logging_mixin.py:188} INFO - [2024-03-15T08:12:26.626+0000] {dagbag.py:540} INFO - Filling up the DagBag from /home/airflow/.local/lib/python3.8/site-packages/airflow/example_dags/example_xcom.py
[2024-03-15T08:12:26.630+0000] {processor.py:840} INFO - DAG(s) 'example_xcom' retrieved from /home/airflow/.local/lib/python3.8/site-packages/airflow/example_dags/example_xcom.py
[2024-03-15T08:12:26.640+0000] {logging_mixin.py:188} INFO - [2024-03-15T08:12:26.639+0000] {dag.py:3047} INFO - Sync 1 DAGs
[2024-03-15T08:12:26.649+0000] {logging_mixin.py:188} INFO - [2024-03-15T08:12:26.648+0000] {dag.py:3834} INFO - Setting next_dagrun for example_xcom to 2021-01-01 00:00:00+00:00, run_after=2021-01-01 00:00:00+00:00
[2024-03-15T08:12:26.656+0000] {processor.py:183} INFO - Processing /home/airflow/.local/lib/python3.8/site-packages/airflow/example_dags/example_xcom.py took 0.033 seconds
[2024-03-15T08:12:56.929+0000] {processor.py:161} INFO - Started process (PID=960) to work on /home/airflow/.local/lib/python3.8/site-packages/airflow/example_dags/example_xcom.py
[2024-03-15T08:12:56.929+0000] {processor.py:830} INFO - Processing file /home/airflow/.local/lib/python3.8/site-packages/airflow/example_dags/example_xcom.py for tasks to queue
[2024-03-15T08:12:56.930+0000] {logging_mixin.py:188} INFO - [2024-03-15T08:12:56.930+0000] {dagbag.py:540} INFO - Filling up the DagBag from /home/airflow/.local/lib/python3.8/site-packages/airflow/example_dags/example_xcom.py
[2024-03-15T08:12:56.933+0000] {processor.py:840} INFO - DAG(s) 'example_xcom' retrieved from /home/airflow/.local/lib/python3.8/site-packages/airflow/example_dags/example_xcom.py
[2024-03-15T08:12:56.942+0000] {logging_mixin.py:188} INFO - [2024-03-15T08:12:56.942+0000] {dag.py:3047} INFO - Sync 1 DAGs
[2024-03-15T08:12:56.950+0000] {logging_mixin.py:188} INFO - [2024-03-15T08:12:56.950+0000] {dag.py:3834} INFO - Setting next_dagrun for example_xcom to 2021-01-01 00:00:00+00:00, run_after=2021-01-01 00:00:00+00:00
[2024-03-15T08:12:56.957+0000] {processor.py:183} INFO - Processing /home/airflow/.local/lib/python3.8/site-packages/airflow/example_dags/example_xcom.py took 0.030 seconds
[2024-03-15T08:13:27.201+0000] {processor.py:161} INFO - Started process (PID=1016) to work on /home/airflow/.local/lib/python3.8/site-packages/airflow/example_dags/example_xcom.py
[2024-03-15T08:13:27.202+0000] {processor.py:830} INFO - Processing file /home/airflow/.local/lib/python3.8/site-packages/airflow/example_dags/example_xcom.py for tasks to queue
[2024-03-15T08:13:27.203+0000] {logging_mixin.py:188} INFO - [2024-03-15T08:13:27.203+0000] {dagbag.py:540} INFO - Filling up the DagBag from /home/airflow/.local/lib/python3.8/site-packages/airflow/example_dags/example_xcom.py
[2024-03-15T08:13:27.206+0000] {processor.py:840} INFO - DAG(s) 'example_xcom' retrieved from /home/airflow/.local/lib/python3.8/site-packages/airflow/example_dags/example_xcom.py
[2024-03-15T08:13:27.214+0000] {logging_mixin.py:188} INFO - [2024-03-15T08:13:27.214+0000] {dag.py:3047} INFO - Sync 1 DAGs
[2024-03-15T08:13:27.222+0000] {logging_mixin.py:188} INFO - [2024-03-15T08:13:27.222+0000] {dag.py:3834} INFO - Setting next_dagrun for example_xcom to 2021-01-01 00:00:00+00:00, run_after=2021-01-01 00:00:00+00:00
[2024-03-15T08:13:27.228+0000] {processor.py:183} INFO - Processing /home/airflow/.local/lib/python3.8/site-packages/airflow/example_dags/example_xcom.py took 0.028 seconds
[2024-03-15T08:13:57.533+0000] {processor.py:161} INFO - Started process (PID=1071) to work on /home/airflow/.local/lib/python3.8/site-packages/airflow/example_dags/example_xcom.py
[2024-03-15T08:13:57.534+0000] {processor.py:830} INFO - Processing file /home/airflow/.local/lib/python3.8/site-packages/airflow/example_dags/example_xcom.py for tasks to queue
[2024-03-15T08:13:57.535+0000] {logging_mixin.py:188} INFO - [2024-03-15T08:13:57.535+0000] {dagbag.py:540} INFO - Filling up the DagBag from /home/airflow/.local/lib/python3.8/site-packages/airflow/example_dags/example_xcom.py
[2024-03-15T08:13:57.538+0000] {processor.py:840} INFO - DAG(s) 'example_xcom' retrieved from /home/airflow/.local/lib/python3.8/site-packages/airflow/example_dags/example_xcom.py
[2024-03-15T08:13:57.547+0000] {logging_mixin.py:188} INFO - [2024-03-15T08:13:57.547+0000] {dag.py:3047} INFO - Sync 1 DAGs
[2024-03-15T08:13:57.558+0000] {logging_mixin.py:188} INFO - [2024-03-15T08:13:57.558+0000] {dag.py:3834} INFO - Setting next_dagrun for example_xcom to 2021-01-01 00:00:00+00:00, run_after=2021-01-01 00:00:00+00:00
[2024-03-15T08:13:57.566+0000] {processor.py:183} INFO - Processing /home/airflow/.local/lib/python3.8/site-packages/airflow/example_dags/example_xcom.py took 0.034 seconds
[2024-03-15T08:14:27.889+0000] {processor.py:161} INFO - Started process (PID=1125) to work on /home/airflow/.local/lib/python3.8/site-packages/airflow/example_dags/example_xcom.py
[2024-03-15T08:14:27.889+0000] {processor.py:830} INFO - Processing file /home/airflow/.local/lib/python3.8/site-packages/airflow/example_dags/example_xcom.py for tasks to queue
[2024-03-15T08:14:27.890+0000] {logging_mixin.py:188} INFO - [2024-03-15T08:14:27.890+0000] {dagbag.py:540} INFO - Filling up the DagBag from /home/airflow/.local/lib/python3.8/site-packages/airflow/example_dags/example_xcom.py
[2024-03-15T08:14:27.894+0000] {processor.py:840} INFO - DAG(s) 'example_xcom' retrieved from /home/airflow/.local/lib/python3.8/site-packages/airflow/example_dags/example_xcom.py
[2024-03-15T08:14:27.902+0000] {logging_mixin.py:188} INFO - [2024-03-15T08:14:27.902+0000] {dag.py:3047} INFO - Sync 1 DAGs
[2024-03-15T08:14:27.911+0000] {logging_mixin.py:188} INFO - [2024-03-15T08:14:27.911+0000] {dag.py:3834} INFO - Setting next_dagrun for example_xcom to 2021-01-01 00:00:00+00:00, run_after=2021-01-01 00:00:00+00:00
[2024-03-15T08:14:27.918+0000] {processor.py:183} INFO - Processing /home/airflow/.local/lib/python3.8/site-packages/airflow/example_dags/example_xcom.py took 0.030 seconds
[2024-03-15T08:14:58.251+0000] {processor.py:161} INFO - Started process (PID=1180) to work on /home/airflow/.local/lib/python3.8/site-packages/airflow/example_dags/example_xcom.py
[2024-03-15T08:14:58.252+0000] {processor.py:830} INFO - Processing file /home/airflow/.local/lib/python3.8/site-packages/airflow/example_dags/example_xcom.py for tasks to queue
[2024-03-15T08:14:58.253+0000] {logging_mixin.py:188} INFO - [2024-03-15T08:14:58.252+0000] {dagbag.py:540} INFO - Filling up the DagBag from /home/airflow/.local/lib/python3.8/site-packages/airflow/example_dags/example_xcom.py
[2024-03-15T08:14:58.256+0000] {processor.py:840} INFO - DAG(s) 'example_xcom' retrieved from /home/airflow/.local/lib/python3.8/site-packages/airflow/example_dags/example_xcom.py
[2024-03-15T08:14:58.265+0000] {logging_mixin.py:188} INFO - [2024-03-15T08:14:58.265+0000] {dag.py:3047} INFO - Sync 1 DAGs
[2024-03-15T08:14:58.274+0000] {logging_mixin.py:188} INFO - [2024-03-15T08:14:58.274+0000] {dag.py:3834} INFO - Setting next_dagrun for example_xcom to 2021-01-01 00:00:00+00:00, run_after=2021-01-01 00:00:00+00:00
[2024-03-15T08:14:58.283+0000] {processor.py:183} INFO - Processing /home/airflow/.local/lib/python3.8/site-packages/airflow/example_dags/example_xcom.py took 0.033 seconds
[2024-03-15T08:15:28.594+0000] {processor.py:161} INFO - Started process (PID=1235) to work on /home/airflow/.local/lib/python3.8/site-packages/airflow/example_dags/example_xcom.py
[2024-03-15T08:15:28.594+0000] {processor.py:830} INFO - Processing file /home/airflow/.local/lib/python3.8/site-packages/airflow/example_dags/example_xcom.py for tasks to queue
[2024-03-15T08:15:28.595+0000] {logging_mixin.py:188} INFO - [2024-03-15T08:15:28.595+0000] {dagbag.py:540} INFO - Filling up the DagBag from /home/airflow/.local/lib/python3.8/site-packages/airflow/example_dags/example_xcom.py
[2024-03-15T08:15:28.599+0000] {processor.py:840} INFO - DAG(s) 'example_xcom' retrieved from /home/airflow/.local/lib/python3.8/site-packages/airflow/example_dags/example_xcom.py
[2024-03-15T08:15:28.608+0000] {logging_mixin.py:188} INFO - [2024-03-15T08:15:28.608+0000] {dag.py:3047} INFO - Sync 1 DAGs
[2024-03-15T08:15:28.617+0000] {logging_mixin.py:188} INFO - [2024-03-15T08:15:28.617+0000] {dag.py:3834} INFO - Setting next_dagrun for example_xcom to 2021-01-01 00:00:00+00:00, run_after=2021-01-01 00:00:00+00:00
[2024-03-15T08:15:28.624+0000] {processor.py:183} INFO - Processing /home/airflow/.local/lib/python3.8/site-packages/airflow/example_dags/example_xcom.py took 0.033 seconds
[2024-03-15T08:15:58.989+0000] {processor.py:161} INFO - Started process (PID=1290) to work on /home/airflow/.local/lib/python3.8/site-packages/airflow/example_dags/example_xcom.py
[2024-03-15T08:15:58.989+0000] {processor.py:830} INFO - Processing file /home/airflow/.local/lib/python3.8/site-packages/airflow/example_dags/example_xcom.py for tasks to queue
[2024-03-15T08:15:58.990+0000] {logging_mixin.py:188} INFO - [2024-03-15T08:15:58.990+0000] {dagbag.py:540} INFO - Filling up the DagBag from /home/airflow/.local/lib/python3.8/site-packages/airflow/example_dags/example_xcom.py
[2024-03-15T08:15:58.993+0000] {processor.py:840} INFO - DAG(s) 'example_xcom' retrieved from /home/airflow/.local/lib/python3.8/site-packages/airflow/example_dags/example_xcom.py
[2024-03-15T08:15:59.002+0000] {logging_mixin.py:188} INFO - [2024-03-15T08:15:59.002+0000] {dag.py:3047} INFO - Sync 1 DAGs
[2024-03-15T08:15:59.011+0000] {logging_mixin.py:188} INFO - [2024-03-15T08:15:59.011+0000] {dag.py:3834} INFO - Setting next_dagrun for example_xcom to 2021-01-01 00:00:00+00:00, run_after=2021-01-01 00:00:00+00:00
[2024-03-15T08:15:59.018+0000] {processor.py:183} INFO - Processing /home/airflow/.local/lib/python3.8/site-packages/airflow/example_dags/example_xcom.py took 0.030 seconds
[2024-03-15T08:16:29.335+0000] {processor.py:161} INFO - Started process (PID=1345) to work on /home/airflow/.local/lib/python3.8/site-packages/airflow/example_dags/example_xcom.py
[2024-03-15T08:16:29.335+0000] {processor.py:830} INFO - Processing file /home/airflow/.local/lib/python3.8/site-packages/airflow/example_dags/example_xcom.py for tasks to queue
[2024-03-15T08:16:29.336+0000] {logging_mixin.py:188} INFO - [2024-03-15T08:16:29.336+0000] {dagbag.py:540} INFO - Filling up the DagBag from /home/airflow/.local/lib/python3.8/site-packages/airflow/example_dags/example_xcom.py
[2024-03-15T08:16:29.340+0000] {processor.py:840} INFO - DAG(s) 'example_xcom' retrieved from /home/airflow/.local/lib/python3.8/site-packages/airflow/example_dags/example_xcom.py
[2024-03-15T08:16:29.348+0000] {logging_mixin.py:188} INFO - [2024-03-15T08:16:29.348+0000] {dag.py:3047} INFO - Sync 1 DAGs
[2024-03-15T08:16:29.357+0000] {logging_mixin.py:188} INFO - [2024-03-15T08:16:29.357+0000] {dag.py:3834} INFO - Setting next_dagrun for example_xcom to 2021-01-01 00:00:00+00:00, run_after=2021-01-01 00:00:00+00:00
[2024-03-15T08:16:29.364+0000] {processor.py:183} INFO - Processing /home/airflow/.local/lib/python3.8/site-packages/airflow/example_dags/example_xcom.py took 0.031 seconds
[2024-03-15T08:16:59.690+0000] {processor.py:161} INFO - Started process (PID=1400) to work on /home/airflow/.local/lib/python3.8/site-packages/airflow/example_dags/example_xcom.py
[2024-03-15T08:16:59.690+0000] {processor.py:830} INFO - Processing file /home/airflow/.local/lib/python3.8/site-packages/airflow/example_dags/example_xcom.py for tasks to queue
[2024-03-15T08:16:59.691+0000] {logging_mixin.py:188} INFO - [2024-03-15T08:16:59.691+0000] {dagbag.py:540} INFO - Filling up the DagBag from /home/airflow/.local/lib/python3.8/site-packages/airflow/example_dags/example_xcom.py
[2024-03-15T08:16:59.695+0000] {processor.py:840} INFO - DAG(s) 'example_xcom' retrieved from /home/airflow/.local/lib/python3.8/site-packages/airflow/example_dags/example_xcom.py
[2024-03-15T08:16:59.705+0000] {logging_mixin.py:188} INFO - [2024-03-15T08:16:59.705+0000] {dag.py:3047} INFO - Sync 1 DAGs
[2024-03-15T08:16:59.715+0000] {logging_mixin.py:188} INFO - [2024-03-15T08:16:59.715+0000] {dag.py:3834} INFO - Setting next_dagrun for example_xcom to 2021-01-01 00:00:00+00:00, run_after=2021-01-01 00:00:00+00:00
[2024-03-15T08:16:59.723+0000] {processor.py:183} INFO - Processing /home/airflow/.local/lib/python3.8/site-packages/airflow/example_dags/example_xcom.py took 0.035 seconds
[2024-03-15T08:17:30.016+0000] {processor.py:161} INFO - Started process (PID=1455) to work on /home/airflow/.local/lib/python3.8/site-packages/airflow/example_dags/example_xcom.py
[2024-03-15T08:17:30.017+0000] {processor.py:830} INFO - Processing file /home/airflow/.local/lib/python3.8/site-packages/airflow/example_dags/example_xcom.py for tasks to queue
[2024-03-15T08:17:30.018+0000] {logging_mixin.py:188} INFO - [2024-03-15T08:17:30.017+0000] {dagbag.py:540} INFO - Filling up the DagBag from /home/airflow/.local/lib/python3.8/site-packages/airflow/example_dags/example_xcom.py
[2024-03-15T08:17:30.021+0000] {processor.py:840} INFO - DAG(s) 'example_xcom' retrieved from /home/airflow/.local/lib/python3.8/site-packages/airflow/example_dags/example_xcom.py
[2024-03-15T08:17:30.029+0000] {logging_mixin.py:188} INFO - [2024-03-15T08:17:30.029+0000] {dag.py:3047} INFO - Sync 1 DAGs
[2024-03-15T08:17:30.037+0000] {logging_mixin.py:188} INFO - [2024-03-15T08:17:30.037+0000] {dag.py:3834} INFO - Setting next_dagrun for example_xcom to 2021-01-01 00:00:00+00:00, run_after=2021-01-01 00:00:00+00:00
[2024-03-15T08:17:30.044+0000] {processor.py:183} INFO - Processing /home/airflow/.local/lib/python3.8/site-packages/airflow/example_dags/example_xcom.py took 0.029 seconds
[2024-03-15T08:18:00.375+0000] {processor.py:161} INFO - Started process (PID=1510) to work on /home/airflow/.local/lib/python3.8/site-packages/airflow/example_dags/example_xcom.py
[2024-03-15T08:18:00.376+0000] {processor.py:830} INFO - Processing file /home/airflow/.local/lib/python3.8/site-packages/airflow/example_dags/example_xcom.py for tasks to queue
[2024-03-15T08:18:00.377+0000] {logging_mixin.py:188} INFO - [2024-03-15T08:18:00.376+0000] {dagbag.py:540} INFO - Filling up the DagBag from /home/airflow/.local/lib/python3.8/site-packages/airflow/example_dags/example_xcom.py
[2024-03-15T08:18:00.380+0000] {processor.py:840} INFO - DAG(s) 'example_xcom' retrieved from /home/airflow/.local/lib/python3.8/site-packages/airflow/example_dags/example_xcom.py
[2024-03-15T08:18:00.388+0000] {logging_mixin.py:188} INFO - [2024-03-15T08:18:00.388+0000] {dag.py:3047} INFO - Sync 1 DAGs
[2024-03-15T08:18:00.396+0000] {logging_mixin.py:188} INFO - [2024-03-15T08:18:00.396+0000] {dag.py:3834} INFO - Setting next_dagrun for example_xcom to 2021-01-01 00:00:00+00:00, run_after=2021-01-01 00:00:00+00:00
[2024-03-15T08:18:00.403+0000] {processor.py:183} INFO - Processing /home/airflow/.local/lib/python3.8/site-packages/airflow/example_dags/example_xcom.py took 0.029 seconds
[2024-03-15T08:18:30.833+0000] {processor.py:161} INFO - Started process (PID=1565) to work on /home/airflow/.local/lib/python3.8/site-packages/airflow/example_dags/example_xcom.py
[2024-03-15T08:18:30.834+0000] {processor.py:830} INFO - Processing file /home/airflow/.local/lib/python3.8/site-packages/airflow/example_dags/example_xcom.py for tasks to queue
[2024-03-15T08:18:30.835+0000] {logging_mixin.py:188} INFO - [2024-03-15T08:18:30.834+0000] {dagbag.py:540} INFO - Filling up the DagBag from /home/airflow/.local/lib/python3.8/site-packages/airflow/example_dags/example_xcom.py
[2024-03-15T08:18:30.838+0000] {processor.py:840} INFO - DAG(s) 'example_xcom' retrieved from /home/airflow/.local/lib/python3.8/site-packages/airflow/example_dags/example_xcom.py
[2024-03-15T08:18:30.847+0000] {logging_mixin.py:188} INFO - [2024-03-15T08:18:30.847+0000] {dag.py:3047} INFO - Sync 1 DAGs
[2024-03-15T08:18:30.856+0000] {logging_mixin.py:188} INFO - [2024-03-15T08:18:30.856+0000] {dag.py:3834} INFO - Setting next_dagrun for example_xcom to 2021-01-01 00:00:00+00:00, run_after=2021-01-01 00:00:00+00:00
[2024-03-15T08:18:30.863+0000] {processor.py:183} INFO - Processing /home/airflow/.local/lib/python3.8/site-packages/airflow/example_dags/example_xcom.py took 0.031 seconds
[2024-03-15T08:19:01.155+0000] {processor.py:161} INFO - Started process (PID=1620) to work on /home/airflow/.local/lib/python3.8/site-packages/airflow/example_dags/example_xcom.py
[2024-03-15T08:19:01.155+0000] {processor.py:830} INFO - Processing file /home/airflow/.local/lib/python3.8/site-packages/airflow/example_dags/example_xcom.py for tasks to queue
[2024-03-15T08:19:01.156+0000] {logging_mixin.py:188} INFO - [2024-03-15T08:19:01.156+0000] {dagbag.py:540} INFO - Filling up the DagBag from /home/airflow/.local/lib/python3.8/site-packages/airflow/example_dags/example_xcom.py
[2024-03-15T08:19:01.159+0000] {processor.py:840} INFO - DAG(s) 'example_xcom' retrieved from /home/airflow/.local/lib/python3.8/site-packages/airflow/example_dags/example_xcom.py
[2024-03-15T08:19:01.168+0000] {logging_mixin.py:188} INFO - [2024-03-15T08:19:01.168+0000] {dag.py:3047} INFO - Sync 1 DAGs
[2024-03-15T08:19:01.176+0000] {logging_mixin.py:188} INFO - [2024-03-15T08:19:01.176+0000] {dag.py:3834} INFO - Setting next_dagrun for example_xcom to 2021-01-01 00:00:00+00:00, run_after=2021-01-01 00:00:00+00:00
[2024-03-15T08:19:01.183+0000] {processor.py:183} INFO - Processing /home/airflow/.local/lib/python3.8/site-packages/airflow/example_dags/example_xcom.py took 0.030 seconds
[2024-03-15T08:19:31.443+0000] {processor.py:161} INFO - Started process (PID=1676) to work on /home/airflow/.local/lib/python3.8/site-packages/airflow/example_dags/example_xcom.py
[2024-03-15T08:19:31.443+0000] {processor.py:830} INFO - Processing file /home/airflow/.local/lib/python3.8/site-packages/airflow/example_dags/example_xcom.py for tasks to queue
[2024-03-15T08:19:31.444+0000] {logging_mixin.py:188} INFO - [2024-03-15T08:19:31.444+0000] {dagbag.py:540} INFO - Filling up the DagBag from /home/airflow/.local/lib/python3.8/site-packages/airflow/example_dags/example_xcom.py
[2024-03-15T08:19:31.447+0000] {processor.py:840} INFO - DAG(s) 'example_xcom' retrieved from /home/airflow/.local/lib/python3.8/site-packages/airflow/example_dags/example_xcom.py
[2024-03-15T08:19:31.456+0000] {logging_mixin.py:188} INFO - [2024-03-15T08:19:31.456+0000] {dag.py:3047} INFO - Sync 1 DAGs
[2024-03-15T08:19:31.463+0000] {logging_mixin.py:188} INFO - [2024-03-15T08:19:31.463+0000] {dag.py:3834} INFO - Setting next_dagrun for example_xcom to 2021-01-01 00:00:00+00:00, run_after=2021-01-01 00:00:00+00:00
[2024-03-15T08:19:31.469+0000] {processor.py:183} INFO - Processing /home/airflow/.local/lib/python3.8/site-packages/airflow/example_dags/example_xcom.py took 0.028 seconds
[2024-03-15T08:20:01.804+0000] {processor.py:161} INFO - Started process (PID=1730) to work on /home/airflow/.local/lib/python3.8/site-packages/airflow/example_dags/example_xcom.py
[2024-03-15T08:20:01.805+0000] {processor.py:830} INFO - Processing file /home/airflow/.local/lib/python3.8/site-packages/airflow/example_dags/example_xcom.py for tasks to queue
[2024-03-15T08:20:01.806+0000] {logging_mixin.py:188} INFO - [2024-03-15T08:20:01.806+0000] {dagbag.py:540} INFO - Filling up the DagBag from /home/airflow/.local/lib/python3.8/site-packages/airflow/example_dags/example_xcom.py
[2024-03-15T08:20:01.809+0000] {processor.py:840} INFO - DAG(s) 'example_xcom' retrieved from /home/airflow/.local/lib/python3.8/site-packages/airflow/example_dags/example_xcom.py
[2024-03-15T08:20:01.818+0000] {logging_mixin.py:188} INFO - [2024-03-15T08:20:01.818+0000] {dag.py:3047} INFO - Sync 1 DAGs
[2024-03-15T08:20:01.827+0000] {logging_mixin.py:188} INFO - [2024-03-15T08:20:01.826+0000] {dag.py:3834} INFO - Setting next_dagrun for example_xcom to 2021-01-01 00:00:00+00:00, run_after=2021-01-01 00:00:00+00:00
[2024-03-15T08:20:01.833+0000] {processor.py:183} INFO - Processing /home/airflow/.local/lib/python3.8/site-packages/airflow/example_dags/example_xcom.py took 0.030 seconds
[2024-03-15T08:20:32.135+0000] {processor.py:161} INFO - Started process (PID=1784) to work on /home/airflow/.local/lib/python3.8/site-packages/airflow/example_dags/example_xcom.py
[2024-03-15T08:20:32.136+0000] {processor.py:830} INFO - Processing file /home/airflow/.local/lib/python3.8/site-packages/airflow/example_dags/example_xcom.py for tasks to queue
[2024-03-15T08:20:32.137+0000] {logging_mixin.py:188} INFO - [2024-03-15T08:20:32.136+0000] {dagbag.py:540} INFO - Filling up the DagBag from /home/airflow/.local/lib/python3.8/site-packages/airflow/example_dags/example_xcom.py
[2024-03-15T08:20:32.140+0000] {processor.py:840} INFO - DAG(s) 'example_xcom' retrieved from /home/airflow/.local/lib/python3.8/site-packages/airflow/example_dags/example_xcom.py
[2024-03-15T08:20:32.147+0000] {logging_mixin.py:188} INFO - [2024-03-15T08:20:32.147+0000] {dag.py:3047} INFO - Sync 1 DAGs
[2024-03-15T08:20:32.158+0000] {logging_mixin.py:188} INFO - [2024-03-15T08:20:32.158+0000] {dag.py:3834} INFO - Setting next_dagrun for example_xcom to 2021-01-01 00:00:00+00:00, run_after=2021-01-01 00:00:00+00:00
[2024-03-15T08:20:32.165+0000] {processor.py:183} INFO - Processing /home/airflow/.local/lib/python3.8/site-packages/airflow/example_dags/example_xcom.py took 0.031 seconds
[2024-03-15T08:21:02.465+0000] {processor.py:161} INFO - Started process (PID=1839) to work on /home/airflow/.local/lib/python3.8/site-packages/airflow/example_dags/example_xcom.py
[2024-03-15T08:21:02.465+0000] {processor.py:830} INFO - Processing file /home/airflow/.local/lib/python3.8/site-packages/airflow/example_dags/example_xcom.py for tasks to queue
[2024-03-15T08:21:02.466+0000] {logging_mixin.py:188} INFO - [2024-03-15T08:21:02.466+0000] {dagbag.py:540} INFO - Filling up the DagBag from /home/airflow/.local/lib/python3.8/site-packages/airflow/example_dags/example_xcom.py
[2024-03-15T08:21:02.469+0000] {processor.py:840} INFO - DAG(s) 'example_xcom' retrieved from /home/airflow/.local/lib/python3.8/site-packages/airflow/example_dags/example_xcom.py
[2024-03-15T08:21:02.478+0000] {logging_mixin.py:188} INFO - [2024-03-15T08:21:02.478+0000] {dag.py:3047} INFO - Sync 1 DAGs
[2024-03-15T08:21:02.487+0000] {logging_mixin.py:188} INFO - [2024-03-15T08:21:02.486+0000] {dag.py:3834} INFO - Setting next_dagrun for example_xcom to 2021-01-01 00:00:00+00:00, run_after=2021-01-01 00:00:00+00:00
[2024-03-15T08:21:02.494+0000] {processor.py:183} INFO - Processing /home/airflow/.local/lib/python3.8/site-packages/airflow/example_dags/example_xcom.py took 0.030 seconds
[2024-03-15T08:21:32.738+0000] {processor.py:161} INFO - Started process (PID=1894) to work on /home/airflow/.local/lib/python3.8/site-packages/airflow/example_dags/example_xcom.py
[2024-03-15T08:21:32.738+0000] {processor.py:830} INFO - Processing file /home/airflow/.local/lib/python3.8/site-packages/airflow/example_dags/example_xcom.py for tasks to queue
[2024-03-15T08:21:32.739+0000] {logging_mixin.py:188} INFO - [2024-03-15T08:21:32.739+0000] {dagbag.py:540} INFO - Filling up the DagBag from /home/airflow/.local/lib/python3.8/site-packages/airflow/example_dags/example_xcom.py
[2024-03-15T08:21:32.743+0000] {processor.py:840} INFO - DAG(s) 'example_xcom' retrieved from /home/airflow/.local/lib/python3.8/site-packages/airflow/example_dags/example_xcom.py
[2024-03-15T08:21:32.752+0000] {logging_mixin.py:188} INFO - [2024-03-15T08:21:32.752+0000] {dag.py:3047} INFO - Sync 1 DAGs
[2024-03-15T08:21:32.760+0000] {logging_mixin.py:188} INFO - [2024-03-15T08:21:32.760+0000] {dag.py:3834} INFO - Setting next_dagrun for example_xcom to 2021-01-01 00:00:00+00:00, run_after=2021-01-01 00:00:00+00:00
[2024-03-15T08:21:32.768+0000] {processor.py:183} INFO - Processing /home/airflow/.local/lib/python3.8/site-packages/airflow/example_dags/example_xcom.py took 0.031 seconds
[2024-03-15T08:22:03.060+0000] {processor.py:161} INFO - Started process (PID=1948) to work on /home/airflow/.local/lib/python3.8/site-packages/airflow/example_dags/example_xcom.py
[2024-03-15T08:22:03.061+0000] {processor.py:830} INFO - Processing file /home/airflow/.local/lib/python3.8/site-packages/airflow/example_dags/example_xcom.py for tasks to queue
[2024-03-15T08:22:03.062+0000] {logging_mixin.py:188} INFO - [2024-03-15T08:22:03.062+0000] {dagbag.py:540} INFO - Filling up the DagBag from /home/airflow/.local/lib/python3.8/site-packages/airflow/example_dags/example_xcom.py
[2024-03-15T08:22:03.065+0000] {processor.py:840} INFO - DAG(s) 'example_xcom' retrieved from /home/airflow/.local/lib/python3.8/site-packages/airflow/example_dags/example_xcom.py
[2024-03-15T08:22:03.074+0000] {logging_mixin.py:188} INFO - [2024-03-15T08:22:03.074+0000] {dag.py:3047} INFO - Sync 1 DAGs
[2024-03-15T08:22:03.083+0000] {logging_mixin.py:188} INFO - [2024-03-15T08:22:03.083+0000] {dag.py:3834} INFO - Setting next_dagrun for example_xcom to 2021-01-01 00:00:00+00:00, run_after=2021-01-01 00:00:00+00:00
[2024-03-15T08:22:03.092+0000] {processor.py:183} INFO - Processing /home/airflow/.local/lib/python3.8/site-packages/airflow/example_dags/example_xcom.py took 0.033 seconds
[2024-03-15T08:22:33.397+0000] {processor.py:161} INFO - Started process (PID=2003) to work on /home/airflow/.local/lib/python3.8/site-packages/airflow/example_dags/example_xcom.py
[2024-03-15T08:22:33.398+0000] {processor.py:830} INFO - Processing file /home/airflow/.local/lib/python3.8/site-packages/airflow/example_dags/example_xcom.py for tasks to queue
[2024-03-15T08:22:33.399+0000] {logging_mixin.py:188} INFO - [2024-03-15T08:22:33.399+0000] {dagbag.py:540} INFO - Filling up the DagBag from /home/airflow/.local/lib/python3.8/site-packages/airflow/example_dags/example_xcom.py
[2024-03-15T08:22:33.402+0000] {processor.py:840} INFO - DAG(s) 'example_xcom' retrieved from /home/airflow/.local/lib/python3.8/site-packages/airflow/example_dags/example_xcom.py
[2024-03-15T08:22:33.411+0000] {logging_mixin.py:188} INFO - [2024-03-15T08:22:33.410+0000] {dag.py:3047} INFO - Sync 1 DAGs
[2024-03-15T08:22:33.419+0000] {logging_mixin.py:188} INFO - [2024-03-15T08:22:33.419+0000] {dag.py:3834} INFO - Setting next_dagrun for example_xcom to 2021-01-01 00:00:00+00:00, run_after=2021-01-01 00:00:00+00:00
[2024-03-15T08:22:33.427+0000] {processor.py:183} INFO - Processing /home/airflow/.local/lib/python3.8/site-packages/airflow/example_dags/example_xcom.py took 0.031 seconds
[2024-03-15T08:23:03.896+0000] {processor.py:161} INFO - Started process (PID=2058) to work on /home/airflow/.local/lib/python3.8/site-packages/airflow/example_dags/example_xcom.py
[2024-03-15T08:23:03.897+0000] {processor.py:830} INFO - Processing file /home/airflow/.local/lib/python3.8/site-packages/airflow/example_dags/example_xcom.py for tasks to queue
[2024-03-15T08:23:03.897+0000] {logging_mixin.py:188} INFO - [2024-03-15T08:23:03.897+0000] {dagbag.py:540} INFO - Filling up the DagBag from /home/airflow/.local/lib/python3.8/site-packages/airflow/example_dags/example_xcom.py
[2024-03-15T08:23:03.901+0000] {processor.py:840} INFO - DAG(s) 'example_xcom' retrieved from /home/airflow/.local/lib/python3.8/site-packages/airflow/example_dags/example_xcom.py
[2024-03-15T08:23:03.910+0000] {logging_mixin.py:188} INFO - [2024-03-15T08:23:03.910+0000] {dag.py:3047} INFO - Sync 1 DAGs
[2024-03-15T08:23:03.918+0000] {logging_mixin.py:188} INFO - [2024-03-15T08:23:03.918+0000] {dag.py:3834} INFO - Setting next_dagrun for example_xcom to 2021-01-01 00:00:00+00:00, run_after=2021-01-01 00:00:00+00:00
[2024-03-15T08:23:03.926+0000] {processor.py:183} INFO - Processing /home/airflow/.local/lib/python3.8/site-packages/airflow/example_dags/example_xcom.py took 0.032 seconds
[2024-03-15T08:23:34.464+0000] {processor.py:161} INFO - Started process (PID=2112) to work on /home/airflow/.local/lib/python3.8/site-packages/airflow/example_dags/example_xcom.py
[2024-03-15T08:23:34.464+0000] {processor.py:830} INFO - Processing file /home/airflow/.local/lib/python3.8/site-packages/airflow/example_dags/example_xcom.py for tasks to queue
[2024-03-15T08:23:34.465+0000] {logging_mixin.py:188} INFO - [2024-03-15T08:23:34.465+0000] {dagbag.py:540} INFO - Filling up the DagBag from /home/airflow/.local/lib/python3.8/site-packages/airflow/example_dags/example_xcom.py
[2024-03-15T08:23:34.469+0000] {processor.py:840} INFO - DAG(s) 'example_xcom' retrieved from /home/airflow/.local/lib/python3.8/site-packages/airflow/example_dags/example_xcom.py
[2024-03-15T08:23:34.477+0000] {logging_mixin.py:188} INFO - [2024-03-15T08:23:34.477+0000] {dag.py:3047} INFO - Sync 1 DAGs
[2024-03-15T08:23:34.486+0000] {logging_mixin.py:188} INFO - [2024-03-15T08:23:34.486+0000] {dag.py:3834} INFO - Setting next_dagrun for example_xcom to 2021-01-01 00:00:00+00:00, run_after=2021-01-01 00:00:00+00:00
[2024-03-15T08:23:34.492+0000] {processor.py:183} INFO - Processing /home/airflow/.local/lib/python3.8/site-packages/airflow/example_dags/example_xcom.py took 0.030 seconds
