[2024-03-15T08:04:49.021+0000] {processor.py:161} INFO - Started process (PID=60) to work on /home/airflow/.local/lib/python3.8/site-packages/airflow/example_dags/tutorial_dag.py
[2024-03-15T08:04:49.022+0000] {processor.py:830} INFO - Processing file /home/airflow/.local/lib/python3.8/site-packages/airflow/example_dags/tutorial_dag.py for tasks to queue
[2024-03-15T08:04:49.027+0000] {logging_mixin.py:188} INFO - [2024-03-15T08:04:49.027+0000] {dagbag.py:540} INFO - Filling up the DagBag from /home/airflow/.local/lib/python3.8/site-packages/airflow/example_dags/tutorial_dag.py
[2024-03-15T08:04:49.032+0000] {processor.py:840} INFO - DAG(s) 'tutorial_dag' retrieved from /home/airflow/.local/lib/python3.8/site-packages/airflow/example_dags/tutorial_dag.py
[2024-03-15T08:04:49.040+0000] {logging_mixin.py:188} INFO - [2024-03-15T08:04:49.040+0000] {dag.py:3047} INFO - Sync 1 DAGs
[2024-03-15T08:04:49.048+0000] {logging_mixin.py:188} INFO - [2024-03-15T08:04:49.048+0000] {dag.py:3834} INFO - Setting next_dagrun for tutorial_dag to None, run_after=None
[2024-03-15T08:04:49.057+0000] {processor.py:183} INFO - Processing /home/airflow/.local/lib/python3.8/site-packages/airflow/example_dags/tutorial_dag.py took 0.037 seconds
[2024-03-15T08:05:20.322+0000] {processor.py:161} INFO - Started process (PID=115) to work on /home/airflow/.local/lib/python3.8/site-packages/airflow/example_dags/tutorial_dag.py
[2024-03-15T08:05:20.323+0000] {processor.py:830} INFO - Processing file /home/airflow/.local/lib/python3.8/site-packages/airflow/example_dags/tutorial_dag.py for tasks to queue
[2024-03-15T08:05:20.323+0000] {logging_mixin.py:188} INFO - [2024-03-15T08:05:20.323+0000] {dagbag.py:540} INFO - Filling up the DagBag from /home/airflow/.local/lib/python3.8/site-packages/airflow/example_dags/tutorial_dag.py
[2024-03-15T08:05:20.326+0000] {processor.py:840} INFO - DAG(s) 'tutorial_dag' retrieved from /home/airflow/.local/lib/python3.8/site-packages/airflow/example_dags/tutorial_dag.py
[2024-03-15T08:05:20.364+0000] {logging_mixin.py:188} INFO - [2024-03-15T08:05:20.364+0000] {dag.py:3047} INFO - Sync 1 DAGs
[2024-03-15T08:05:20.369+0000] {logging_mixin.py:188} INFO - [2024-03-15T08:05:20.368+0000] {dag.py:3834} INFO - Setting next_dagrun for tutorial_dag to None, run_after=None
[2024-03-15T08:05:20.376+0000] {processor.py:183} INFO - Processing /home/airflow/.local/lib/python3.8/site-packages/airflow/example_dags/tutorial_dag.py took 0.055 seconds
[2024-03-15T08:05:51.127+0000] {processor.py:161} INFO - Started process (PID=170) to work on /home/airflow/.local/lib/python3.8/site-packages/airflow/example_dags/tutorial_dag.py
[2024-03-15T08:05:51.128+0000] {processor.py:830} INFO - Processing file /home/airflow/.local/lib/python3.8/site-packages/airflow/example_dags/tutorial_dag.py for tasks to queue
[2024-03-15T08:05:51.128+0000] {logging_mixin.py:188} INFO - [2024-03-15T08:05:51.128+0000] {dagbag.py:540} INFO - Filling up the DagBag from /home/airflow/.local/lib/python3.8/site-packages/airflow/example_dags/tutorial_dag.py
[2024-03-15T08:05:51.131+0000] {processor.py:840} INFO - DAG(s) 'tutorial_dag' retrieved from /home/airflow/.local/lib/python3.8/site-packages/airflow/example_dags/tutorial_dag.py
[2024-03-15T08:05:51.139+0000] {logging_mixin.py:188} INFO - [2024-03-15T08:05:51.139+0000] {dag.py:3047} INFO - Sync 1 DAGs
[2024-03-15T08:05:51.144+0000] {logging_mixin.py:188} INFO - [2024-03-15T08:05:51.144+0000] {dag.py:3834} INFO - Setting next_dagrun for tutorial_dag to None, run_after=None
[2024-03-15T08:05:51.150+0000] {processor.py:183} INFO - Processing /home/airflow/.local/lib/python3.8/site-packages/airflow/example_dags/tutorial_dag.py took 0.025 seconds
[2024-03-15T08:06:21.433+0000] {processor.py:161} INFO - Started process (PID=225) to work on /home/airflow/.local/lib/python3.8/site-packages/airflow/example_dags/tutorial_dag.py
[2024-03-15T08:06:21.433+0000] {processor.py:830} INFO - Processing file /home/airflow/.local/lib/python3.8/site-packages/airflow/example_dags/tutorial_dag.py for tasks to queue
[2024-03-15T08:06:21.434+0000] {logging_mixin.py:188} INFO - [2024-03-15T08:06:21.434+0000] {dagbag.py:540} INFO - Filling up the DagBag from /home/airflow/.local/lib/python3.8/site-packages/airflow/example_dags/tutorial_dag.py
[2024-03-15T08:06:21.437+0000] {processor.py:840} INFO - DAG(s) 'tutorial_dag' retrieved from /home/airflow/.local/lib/python3.8/site-packages/airflow/example_dags/tutorial_dag.py
[2024-03-15T08:06:21.445+0000] {logging_mixin.py:188} INFO - [2024-03-15T08:06:21.445+0000] {dag.py:3047} INFO - Sync 1 DAGs
[2024-03-15T08:06:21.450+0000] {logging_mixin.py:188} INFO - [2024-03-15T08:06:21.450+0000] {dag.py:3834} INFO - Setting next_dagrun for tutorial_dag to None, run_after=None
[2024-03-15T08:06:21.457+0000] {processor.py:183} INFO - Processing /home/airflow/.local/lib/python3.8/site-packages/airflow/example_dags/tutorial_dag.py took 0.025 seconds
[2024-03-15T08:06:51.733+0000] {processor.py:161} INFO - Started process (PID=280) to work on /home/airflow/.local/lib/python3.8/site-packages/airflow/example_dags/tutorial_dag.py
[2024-03-15T08:06:51.733+0000] {processor.py:830} INFO - Processing file /home/airflow/.local/lib/python3.8/site-packages/airflow/example_dags/tutorial_dag.py for tasks to queue
[2024-03-15T08:06:51.734+0000] {logging_mixin.py:188} INFO - [2024-03-15T08:06:51.734+0000] {dagbag.py:540} INFO - Filling up the DagBag from /home/airflow/.local/lib/python3.8/site-packages/airflow/example_dags/tutorial_dag.py
[2024-03-15T08:06:51.737+0000] {processor.py:840} INFO - DAG(s) 'tutorial_dag' retrieved from /home/airflow/.local/lib/python3.8/site-packages/airflow/example_dags/tutorial_dag.py
[2024-03-15T08:06:51.745+0000] {logging_mixin.py:188} INFO - [2024-03-15T08:06:51.745+0000] {dag.py:3047} INFO - Sync 1 DAGs
[2024-03-15T08:06:51.750+0000] {logging_mixin.py:188} INFO - [2024-03-15T08:06:51.750+0000] {dag.py:3834} INFO - Setting next_dagrun for tutorial_dag to None, run_after=None
[2024-03-15T08:06:51.757+0000] {processor.py:183} INFO - Processing /home/airflow/.local/lib/python3.8/site-packages/airflow/example_dags/tutorial_dag.py took 0.025 seconds
[2024-03-15T08:07:22.049+0000] {processor.py:161} INFO - Started process (PID=335) to work on /home/airflow/.local/lib/python3.8/site-packages/airflow/example_dags/tutorial_dag.py
[2024-03-15T08:07:22.050+0000] {processor.py:830} INFO - Processing file /home/airflow/.local/lib/python3.8/site-packages/airflow/example_dags/tutorial_dag.py for tasks to queue
[2024-03-15T08:07:22.051+0000] {logging_mixin.py:188} INFO - [2024-03-15T08:07:22.051+0000] {dagbag.py:540} INFO - Filling up the DagBag from /home/airflow/.local/lib/python3.8/site-packages/airflow/example_dags/tutorial_dag.py
[2024-03-15T08:07:22.054+0000] {processor.py:840} INFO - DAG(s) 'tutorial_dag' retrieved from /home/airflow/.local/lib/python3.8/site-packages/airflow/example_dags/tutorial_dag.py
[2024-03-15T08:07:22.062+0000] {logging_mixin.py:188} INFO - [2024-03-15T08:07:22.062+0000] {dag.py:3047} INFO - Sync 1 DAGs
[2024-03-15T08:07:22.067+0000] {logging_mixin.py:188} INFO - [2024-03-15T08:07:22.067+0000] {dag.py:3834} INFO - Setting next_dagrun for tutorial_dag to None, run_after=None
[2024-03-15T08:07:22.073+0000] {processor.py:183} INFO - Processing /home/airflow/.local/lib/python3.8/site-packages/airflow/example_dags/tutorial_dag.py took 0.026 seconds
[2024-03-15T08:07:52.308+0000] {processor.py:161} INFO - Started process (PID=390) to work on /home/airflow/.local/lib/python3.8/site-packages/airflow/example_dags/tutorial_dag.py
[2024-03-15T08:07:52.308+0000] {processor.py:830} INFO - Processing file /home/airflow/.local/lib/python3.8/site-packages/airflow/example_dags/tutorial_dag.py for tasks to queue
[2024-03-15T08:07:52.309+0000] {logging_mixin.py:188} INFO - [2024-03-15T08:07:52.309+0000] {dagbag.py:540} INFO - Filling up the DagBag from /home/airflow/.local/lib/python3.8/site-packages/airflow/example_dags/tutorial_dag.py
[2024-03-15T08:07:52.311+0000] {processor.py:840} INFO - DAG(s) 'tutorial_dag' retrieved from /home/airflow/.local/lib/python3.8/site-packages/airflow/example_dags/tutorial_dag.py
[2024-03-15T08:07:52.320+0000] {logging_mixin.py:188} INFO - [2024-03-15T08:07:52.320+0000] {dag.py:3047} INFO - Sync 1 DAGs
[2024-03-15T08:07:52.325+0000] {logging_mixin.py:188} INFO - [2024-03-15T08:07:52.325+0000] {dag.py:3834} INFO - Setting next_dagrun for tutorial_dag to None, run_after=None
[2024-03-15T08:07:52.332+0000] {processor.py:183} INFO - Processing /home/airflow/.local/lib/python3.8/site-packages/airflow/example_dags/tutorial_dag.py took 0.025 seconds
[2024-03-15T08:08:22.738+0000] {processor.py:161} INFO - Started process (PID=444) to work on /home/airflow/.local/lib/python3.8/site-packages/airflow/example_dags/tutorial_dag.py
[2024-03-15T08:08:22.738+0000] {processor.py:830} INFO - Processing file /home/airflow/.local/lib/python3.8/site-packages/airflow/example_dags/tutorial_dag.py for tasks to queue
[2024-03-15T08:08:22.739+0000] {logging_mixin.py:188} INFO - [2024-03-15T08:08:22.739+0000] {dagbag.py:540} INFO - Filling up the DagBag from /home/airflow/.local/lib/python3.8/site-packages/airflow/example_dags/tutorial_dag.py
[2024-03-15T08:08:22.741+0000] {processor.py:840} INFO - DAG(s) 'tutorial_dag' retrieved from /home/airflow/.local/lib/python3.8/site-packages/airflow/example_dags/tutorial_dag.py
[2024-03-15T08:08:22.750+0000] {logging_mixin.py:188} INFO - [2024-03-15T08:08:22.750+0000] {dag.py:3047} INFO - Sync 1 DAGs
[2024-03-15T08:08:22.755+0000] {logging_mixin.py:188} INFO - [2024-03-15T08:08:22.754+0000] {dag.py:3834} INFO - Setting next_dagrun for tutorial_dag to None, run_after=None
[2024-03-15T08:08:22.761+0000] {processor.py:183} INFO - Processing /home/airflow/.local/lib/python3.8/site-packages/airflow/example_dags/tutorial_dag.py took 0.025 seconds
[2024-03-15T08:08:53.052+0000] {processor.py:161} INFO - Started process (PID=499) to work on /home/airflow/.local/lib/python3.8/site-packages/airflow/example_dags/tutorial_dag.py
[2024-03-15T08:08:53.052+0000] {processor.py:830} INFO - Processing file /home/airflow/.local/lib/python3.8/site-packages/airflow/example_dags/tutorial_dag.py for tasks to queue
[2024-03-15T08:08:53.053+0000] {logging_mixin.py:188} INFO - [2024-03-15T08:08:53.053+0000] {dagbag.py:540} INFO - Filling up the DagBag from /home/airflow/.local/lib/python3.8/site-packages/airflow/example_dags/tutorial_dag.py
[2024-03-15T08:08:53.055+0000] {processor.py:840} INFO - DAG(s) 'tutorial_dag' retrieved from /home/airflow/.local/lib/python3.8/site-packages/airflow/example_dags/tutorial_dag.py
[2024-03-15T08:08:53.063+0000] {logging_mixin.py:188} INFO - [2024-03-15T08:08:53.063+0000] {dag.py:3047} INFO - Sync 1 DAGs
[2024-03-15T08:08:53.068+0000] {logging_mixin.py:188} INFO - [2024-03-15T08:08:53.068+0000] {dag.py:3834} INFO - Setting next_dagrun for tutorial_dag to None, run_after=None
[2024-03-15T08:08:53.075+0000] {processor.py:183} INFO - Processing /home/airflow/.local/lib/python3.8/site-packages/airflow/example_dags/tutorial_dag.py took 0.024 seconds
[2024-03-15T08:09:23.383+0000] {processor.py:161} INFO - Started process (PID=554) to work on /home/airflow/.local/lib/python3.8/site-packages/airflow/example_dags/tutorial_dag.py
[2024-03-15T08:09:23.383+0000] {processor.py:830} INFO - Processing file /home/airflow/.local/lib/python3.8/site-packages/airflow/example_dags/tutorial_dag.py for tasks to queue
[2024-03-15T08:09:23.384+0000] {logging_mixin.py:188} INFO - [2024-03-15T08:09:23.384+0000] {dagbag.py:540} INFO - Filling up the DagBag from /home/airflow/.local/lib/python3.8/site-packages/airflow/example_dags/tutorial_dag.py
[2024-03-15T08:09:23.386+0000] {processor.py:840} INFO - DAG(s) 'tutorial_dag' retrieved from /home/airflow/.local/lib/python3.8/site-packages/airflow/example_dags/tutorial_dag.py
[2024-03-15T08:09:23.394+0000] {logging_mixin.py:188} INFO - [2024-03-15T08:09:23.394+0000] {dag.py:3047} INFO - Sync 1 DAGs
[2024-03-15T08:09:23.399+0000] {logging_mixin.py:188} INFO - [2024-03-15T08:09:23.399+0000] {dag.py:3834} INFO - Setting next_dagrun for tutorial_dag to None, run_after=None
[2024-03-15T08:09:23.405+0000] {processor.py:183} INFO - Processing /home/airflow/.local/lib/python3.8/site-packages/airflow/example_dags/tutorial_dag.py took 0.024 seconds
[2024-03-15T08:09:53.897+0000] {processor.py:161} INFO - Started process (PID=609) to work on /home/airflow/.local/lib/python3.8/site-packages/airflow/example_dags/tutorial_dag.py
[2024-03-15T08:09:53.897+0000] {processor.py:830} INFO - Processing file /home/airflow/.local/lib/python3.8/site-packages/airflow/example_dags/tutorial_dag.py for tasks to queue
[2024-03-15T08:09:53.898+0000] {logging_mixin.py:188} INFO - [2024-03-15T08:09:53.898+0000] {dagbag.py:540} INFO - Filling up the DagBag from /home/airflow/.local/lib/python3.8/site-packages/airflow/example_dags/tutorial_dag.py
[2024-03-15T08:09:53.900+0000] {processor.py:840} INFO - DAG(s) 'tutorial_dag' retrieved from /home/airflow/.local/lib/python3.8/site-packages/airflow/example_dags/tutorial_dag.py
[2024-03-15T08:09:53.908+0000] {logging_mixin.py:188} INFO - [2024-03-15T08:09:53.908+0000] {dag.py:3047} INFO - Sync 1 DAGs
[2024-03-15T08:09:53.913+0000] {logging_mixin.py:188} INFO - [2024-03-15T08:09:53.913+0000] {dag.py:3834} INFO - Setting next_dagrun for tutorial_dag to None, run_after=None
[2024-03-15T08:09:53.920+0000] {processor.py:183} INFO - Processing /home/airflow/.local/lib/python3.8/site-packages/airflow/example_dags/tutorial_dag.py took 0.025 seconds
[2024-03-15T08:10:24.277+0000] {processor.py:161} INFO - Started process (PID=664) to work on /home/airflow/.local/lib/python3.8/site-packages/airflow/example_dags/tutorial_dag.py
[2024-03-15T08:10:24.277+0000] {processor.py:830} INFO - Processing file /home/airflow/.local/lib/python3.8/site-packages/airflow/example_dags/tutorial_dag.py for tasks to queue
[2024-03-15T08:10:24.278+0000] {logging_mixin.py:188} INFO - [2024-03-15T08:10:24.278+0000] {dagbag.py:540} INFO - Filling up the DagBag from /home/airflow/.local/lib/python3.8/site-packages/airflow/example_dags/tutorial_dag.py
[2024-03-15T08:10:24.280+0000] {processor.py:840} INFO - DAG(s) 'tutorial_dag' retrieved from /home/airflow/.local/lib/python3.8/site-packages/airflow/example_dags/tutorial_dag.py
[2024-03-15T08:10:24.288+0000] {logging_mixin.py:188} INFO - [2024-03-15T08:10:24.288+0000] {dag.py:3047} INFO - Sync 1 DAGs
[2024-03-15T08:10:24.293+0000] {logging_mixin.py:188} INFO - [2024-03-15T08:10:24.293+0000] {dag.py:3834} INFO - Setting next_dagrun for tutorial_dag to None, run_after=None
[2024-03-15T08:10:24.300+0000] {processor.py:183} INFO - Processing /home/airflow/.local/lib/python3.8/site-packages/airflow/example_dags/tutorial_dag.py took 0.026 seconds
[2024-03-15T08:10:54.615+0000] {processor.py:161} INFO - Started process (PID=719) to work on /home/airflow/.local/lib/python3.8/site-packages/airflow/example_dags/tutorial_dag.py
[2024-03-15T08:10:54.616+0000] {processor.py:830} INFO - Processing file /home/airflow/.local/lib/python3.8/site-packages/airflow/example_dags/tutorial_dag.py for tasks to queue
[2024-03-15T08:10:54.616+0000] {logging_mixin.py:188} INFO - [2024-03-15T08:10:54.616+0000] {dagbag.py:540} INFO - Filling up the DagBag from /home/airflow/.local/lib/python3.8/site-packages/airflow/example_dags/tutorial_dag.py
[2024-03-15T08:10:54.619+0000] {processor.py:840} INFO - DAG(s) 'tutorial_dag' retrieved from /home/airflow/.local/lib/python3.8/site-packages/airflow/example_dags/tutorial_dag.py
[2024-03-15T08:10:54.627+0000] {logging_mixin.py:188} INFO - [2024-03-15T08:10:54.627+0000] {dag.py:3047} INFO - Sync 1 DAGs
[2024-03-15T08:10:54.632+0000] {logging_mixin.py:188} INFO - [2024-03-15T08:10:54.632+0000] {dag.py:3834} INFO - Setting next_dagrun for tutorial_dag to None, run_after=None
[2024-03-15T08:10:54.638+0000] {processor.py:183} INFO - Processing /home/airflow/.local/lib/python3.8/site-packages/airflow/example_dags/tutorial_dag.py took 0.025 seconds
[2024-03-15T08:11:25.082+0000] {processor.py:161} INFO - Started process (PID=774) to work on /home/airflow/.local/lib/python3.8/site-packages/airflow/example_dags/tutorial_dag.py
[2024-03-15T08:11:25.083+0000] {processor.py:830} INFO - Processing file /home/airflow/.local/lib/python3.8/site-packages/airflow/example_dags/tutorial_dag.py for tasks to queue
[2024-03-15T08:11:25.083+0000] {logging_mixin.py:188} INFO - [2024-03-15T08:11:25.083+0000] {dagbag.py:540} INFO - Filling up the DagBag from /home/airflow/.local/lib/python3.8/site-packages/airflow/example_dags/tutorial_dag.py
[2024-03-15T08:11:25.086+0000] {processor.py:840} INFO - DAG(s) 'tutorial_dag' retrieved from /home/airflow/.local/lib/python3.8/site-packages/airflow/example_dags/tutorial_dag.py
[2024-03-15T08:11:25.095+0000] {logging_mixin.py:188} INFO - [2024-03-15T08:11:25.095+0000] {dag.py:3047} INFO - Sync 1 DAGs
[2024-03-15T08:11:25.101+0000] {logging_mixin.py:188} INFO - [2024-03-15T08:11:25.101+0000] {dag.py:3834} INFO - Setting next_dagrun for tutorial_dag to None, run_after=None
[2024-03-15T08:11:25.108+0000] {processor.py:183} INFO - Processing /home/airflow/.local/lib/python3.8/site-packages/airflow/example_dags/tutorial_dag.py took 0.027 seconds
[2024-03-15T08:11:55.571+0000] {processor.py:161} INFO - Started process (PID=829) to work on /home/airflow/.local/lib/python3.8/site-packages/airflow/example_dags/tutorial_dag.py
[2024-03-15T08:11:55.571+0000] {processor.py:830} INFO - Processing file /home/airflow/.local/lib/python3.8/site-packages/airflow/example_dags/tutorial_dag.py for tasks to queue
[2024-03-15T08:11:55.572+0000] {logging_mixin.py:188} INFO - [2024-03-15T08:11:55.572+0000] {dagbag.py:540} INFO - Filling up the DagBag from /home/airflow/.local/lib/python3.8/site-packages/airflow/example_dags/tutorial_dag.py
[2024-03-15T08:11:55.575+0000] {processor.py:840} INFO - DAG(s) 'tutorial_dag' retrieved from /home/airflow/.local/lib/python3.8/site-packages/airflow/example_dags/tutorial_dag.py
[2024-03-15T08:11:55.584+0000] {logging_mixin.py:188} INFO - [2024-03-15T08:11:55.583+0000] {dag.py:3047} INFO - Sync 1 DAGs
[2024-03-15T08:11:55.589+0000] {logging_mixin.py:188} INFO - [2024-03-15T08:11:55.589+0000] {dag.py:3834} INFO - Setting next_dagrun for tutorial_dag to None, run_after=None
[2024-03-15T08:11:55.597+0000] {processor.py:183} INFO - Processing /home/airflow/.local/lib/python3.8/site-packages/airflow/example_dags/tutorial_dag.py took 0.027 seconds
[2024-03-15T08:12:26.144+0000] {processor.py:161} INFO - Started process (PID=884) to work on /home/airflow/.local/lib/python3.8/site-packages/airflow/example_dags/tutorial_dag.py
[2024-03-15T08:12:26.144+0000] {processor.py:830} INFO - Processing file /home/airflow/.local/lib/python3.8/site-packages/airflow/example_dags/tutorial_dag.py for tasks to queue
[2024-03-15T08:12:26.145+0000] {logging_mixin.py:188} INFO - [2024-03-15T08:12:26.145+0000] {dagbag.py:540} INFO - Filling up the DagBag from /home/airflow/.local/lib/python3.8/site-packages/airflow/example_dags/tutorial_dag.py
[2024-03-15T08:12:26.148+0000] {processor.py:840} INFO - DAG(s) 'tutorial_dag' retrieved from /home/airflow/.local/lib/python3.8/site-packages/airflow/example_dags/tutorial_dag.py
[2024-03-15T08:12:26.157+0000] {logging_mixin.py:188} INFO - [2024-03-15T08:12:26.157+0000] {dag.py:3047} INFO - Sync 1 DAGs
[2024-03-15T08:12:26.163+0000] {logging_mixin.py:188} INFO - [2024-03-15T08:12:26.163+0000] {dag.py:3834} INFO - Setting next_dagrun for tutorial_dag to None, run_after=None
[2024-03-15T08:12:26.171+0000] {processor.py:183} INFO - Processing /home/airflow/.local/lib/python3.8/site-packages/airflow/example_dags/tutorial_dag.py took 0.029 seconds
[2024-03-15T08:12:56.509+0000] {processor.py:161} INFO - Started process (PID=939) to work on /home/airflow/.local/lib/python3.8/site-packages/airflow/example_dags/tutorial_dag.py
[2024-03-15T08:12:56.510+0000] {processor.py:830} INFO - Processing file /home/airflow/.local/lib/python3.8/site-packages/airflow/example_dags/tutorial_dag.py for tasks to queue
[2024-03-15T08:12:56.511+0000] {logging_mixin.py:188} INFO - [2024-03-15T08:12:56.511+0000] {dagbag.py:540} INFO - Filling up the DagBag from /home/airflow/.local/lib/python3.8/site-packages/airflow/example_dags/tutorial_dag.py
[2024-03-15T08:12:56.513+0000] {processor.py:840} INFO - DAG(s) 'tutorial_dag' retrieved from /home/airflow/.local/lib/python3.8/site-packages/airflow/example_dags/tutorial_dag.py
[2024-03-15T08:12:56.522+0000] {logging_mixin.py:188} INFO - [2024-03-15T08:12:56.521+0000] {dag.py:3047} INFO - Sync 1 DAGs
[2024-03-15T08:12:56.527+0000] {logging_mixin.py:188} INFO - [2024-03-15T08:12:56.527+0000] {dag.py:3834} INFO - Setting next_dagrun for tutorial_dag to None, run_after=None
[2024-03-15T08:12:56.533+0000] {processor.py:183} INFO - Processing /home/airflow/.local/lib/python3.8/site-packages/airflow/example_dags/tutorial_dag.py took 0.026 seconds
[2024-03-15T08:13:26.765+0000] {processor.py:161} INFO - Started process (PID=994) to work on /home/airflow/.local/lib/python3.8/site-packages/airflow/example_dags/tutorial_dag.py
[2024-03-15T08:13:26.766+0000] {processor.py:830} INFO - Processing file /home/airflow/.local/lib/python3.8/site-packages/airflow/example_dags/tutorial_dag.py for tasks to queue
[2024-03-15T08:13:26.767+0000] {logging_mixin.py:188} INFO - [2024-03-15T08:13:26.766+0000] {dagbag.py:540} INFO - Filling up the DagBag from /home/airflow/.local/lib/python3.8/site-packages/airflow/example_dags/tutorial_dag.py
[2024-03-15T08:13:26.769+0000] {processor.py:840} INFO - DAG(s) 'tutorial_dag' retrieved from /home/airflow/.local/lib/python3.8/site-packages/airflow/example_dags/tutorial_dag.py
[2024-03-15T08:13:26.777+0000] {logging_mixin.py:188} INFO - [2024-03-15T08:13:26.777+0000] {dag.py:3047} INFO - Sync 1 DAGs
[2024-03-15T08:13:26.782+0000] {logging_mixin.py:188} INFO - [2024-03-15T08:13:26.782+0000] {dag.py:3834} INFO - Setting next_dagrun for tutorial_dag to None, run_after=None
[2024-03-15T08:13:26.789+0000] {processor.py:183} INFO - Processing /home/airflow/.local/lib/python3.8/site-packages/airflow/example_dags/tutorial_dag.py took 0.025 seconds
[2024-03-15T08:13:57.091+0000] {processor.py:161} INFO - Started process (PID=1049) to work on /home/airflow/.local/lib/python3.8/site-packages/airflow/example_dags/tutorial_dag.py
[2024-03-15T08:13:57.091+0000] {processor.py:830} INFO - Processing file /home/airflow/.local/lib/python3.8/site-packages/airflow/example_dags/tutorial_dag.py for tasks to queue
[2024-03-15T08:13:57.092+0000] {logging_mixin.py:188} INFO - [2024-03-15T08:13:57.092+0000] {dagbag.py:540} INFO - Filling up the DagBag from /home/airflow/.local/lib/python3.8/site-packages/airflow/example_dags/tutorial_dag.py
[2024-03-15T08:13:57.095+0000] {processor.py:840} INFO - DAG(s) 'tutorial_dag' retrieved from /home/airflow/.local/lib/python3.8/site-packages/airflow/example_dags/tutorial_dag.py
[2024-03-15T08:13:57.103+0000] {logging_mixin.py:188} INFO - [2024-03-15T08:13:57.102+0000] {dag.py:3047} INFO - Sync 1 DAGs
[2024-03-15T08:13:57.107+0000] {logging_mixin.py:188} INFO - [2024-03-15T08:13:57.107+0000] {dag.py:3834} INFO - Setting next_dagrun for tutorial_dag to None, run_after=None
[2024-03-15T08:13:57.114+0000] {processor.py:183} INFO - Processing /home/airflow/.local/lib/python3.8/site-packages/airflow/example_dags/tutorial_dag.py took 0.025 seconds
[2024-03-15T08:14:27.455+0000] {processor.py:161} INFO - Started process (PID=1104) to work on /home/airflow/.local/lib/python3.8/site-packages/airflow/example_dags/tutorial_dag.py
[2024-03-15T08:14:27.456+0000] {processor.py:830} INFO - Processing file /home/airflow/.local/lib/python3.8/site-packages/airflow/example_dags/tutorial_dag.py for tasks to queue
[2024-03-15T08:14:27.457+0000] {logging_mixin.py:188} INFO - [2024-03-15T08:14:27.457+0000] {dagbag.py:540} INFO - Filling up the DagBag from /home/airflow/.local/lib/python3.8/site-packages/airflow/example_dags/tutorial_dag.py
[2024-03-15T08:14:27.459+0000] {processor.py:840} INFO - DAG(s) 'tutorial_dag' retrieved from /home/airflow/.local/lib/python3.8/site-packages/airflow/example_dags/tutorial_dag.py
[2024-03-15T08:14:27.467+0000] {logging_mixin.py:188} INFO - [2024-03-15T08:14:27.467+0000] {dag.py:3047} INFO - Sync 1 DAGs
[2024-03-15T08:14:27.472+0000] {logging_mixin.py:188} INFO - [2024-03-15T08:14:27.472+0000] {dag.py:3834} INFO - Setting next_dagrun for tutorial_dag to None, run_after=None
[2024-03-15T08:14:27.479+0000] {processor.py:183} INFO - Processing /home/airflow/.local/lib/python3.8/site-packages/airflow/example_dags/tutorial_dag.py took 0.025 seconds
[2024-03-15T08:14:57.802+0000] {processor.py:161} INFO - Started process (PID=1159) to work on /home/airflow/.local/lib/python3.8/site-packages/airflow/example_dags/tutorial_dag.py
[2024-03-15T08:14:57.802+0000] {processor.py:830} INFO - Processing file /home/airflow/.local/lib/python3.8/site-packages/airflow/example_dags/tutorial_dag.py for tasks to queue
[2024-03-15T08:14:57.803+0000] {logging_mixin.py:188} INFO - [2024-03-15T08:14:57.803+0000] {dagbag.py:540} INFO - Filling up the DagBag from /home/airflow/.local/lib/python3.8/site-packages/airflow/example_dags/tutorial_dag.py
[2024-03-15T08:14:57.806+0000] {processor.py:840} INFO - DAG(s) 'tutorial_dag' retrieved from /home/airflow/.local/lib/python3.8/site-packages/airflow/example_dags/tutorial_dag.py
[2024-03-15T08:14:57.814+0000] {logging_mixin.py:188} INFO - [2024-03-15T08:14:57.814+0000] {dag.py:3047} INFO - Sync 1 DAGs
[2024-03-15T08:14:57.818+0000] {logging_mixin.py:188} INFO - [2024-03-15T08:14:57.818+0000] {dag.py:3834} INFO - Setting next_dagrun for tutorial_dag to None, run_after=None
[2024-03-15T08:14:57.825+0000] {processor.py:183} INFO - Processing /home/airflow/.local/lib/python3.8/site-packages/airflow/example_dags/tutorial_dag.py took 0.025 seconds
[2024-03-15T08:15:28.167+0000] {processor.py:161} INFO - Started process (PID=1214) to work on /home/airflow/.local/lib/python3.8/site-packages/airflow/example_dags/tutorial_dag.py
[2024-03-15T08:15:28.167+0000] {processor.py:830} INFO - Processing file /home/airflow/.local/lib/python3.8/site-packages/airflow/example_dags/tutorial_dag.py for tasks to queue
[2024-03-15T08:15:28.168+0000] {logging_mixin.py:188} INFO - [2024-03-15T08:15:28.168+0000] {dagbag.py:540} INFO - Filling up the DagBag from /home/airflow/.local/lib/python3.8/site-packages/airflow/example_dags/tutorial_dag.py
[2024-03-15T08:15:28.170+0000] {processor.py:840} INFO - DAG(s) 'tutorial_dag' retrieved from /home/airflow/.local/lib/python3.8/site-packages/airflow/example_dags/tutorial_dag.py
[2024-03-15T08:15:28.180+0000] {logging_mixin.py:188} INFO - [2024-03-15T08:15:28.180+0000] {dag.py:3047} INFO - Sync 1 DAGs
[2024-03-15T08:15:28.185+0000] {logging_mixin.py:188} INFO - [2024-03-15T08:15:28.185+0000] {dag.py:3834} INFO - Setting next_dagrun for tutorial_dag to None, run_after=None
[2024-03-15T08:15:28.193+0000] {processor.py:183} INFO - Processing /home/airflow/.local/lib/python3.8/site-packages/airflow/example_dags/tutorial_dag.py took 0.027 seconds
[2024-03-15T08:15:58.564+0000] {processor.py:161} INFO - Started process (PID=1269) to work on /home/airflow/.local/lib/python3.8/site-packages/airflow/example_dags/tutorial_dag.py
[2024-03-15T08:15:58.564+0000] {processor.py:830} INFO - Processing file /home/airflow/.local/lib/python3.8/site-packages/airflow/example_dags/tutorial_dag.py for tasks to queue
[2024-03-15T08:15:58.565+0000] {logging_mixin.py:188} INFO - [2024-03-15T08:15:58.565+0000] {dagbag.py:540} INFO - Filling up the DagBag from /home/airflow/.local/lib/python3.8/site-packages/airflow/example_dags/tutorial_dag.py
[2024-03-15T08:15:58.568+0000] {processor.py:840} INFO - DAG(s) 'tutorial_dag' retrieved from /home/airflow/.local/lib/python3.8/site-packages/airflow/example_dags/tutorial_dag.py
[2024-03-15T08:15:58.577+0000] {logging_mixin.py:188} INFO - [2024-03-15T08:15:58.577+0000] {dag.py:3047} INFO - Sync 1 DAGs
[2024-03-15T08:15:58.582+0000] {logging_mixin.py:188} INFO - [2024-03-15T08:15:58.582+0000] {dag.py:3834} INFO - Setting next_dagrun for tutorial_dag to None, run_after=None
[2024-03-15T08:15:58.589+0000] {processor.py:183} INFO - Processing /home/airflow/.local/lib/python3.8/site-packages/airflow/example_dags/tutorial_dag.py took 0.027 seconds
[2024-03-15T08:16:28.905+0000] {processor.py:161} INFO - Started process (PID=1324) to work on /home/airflow/.local/lib/python3.8/site-packages/airflow/example_dags/tutorial_dag.py
[2024-03-15T08:16:28.906+0000] {processor.py:830} INFO - Processing file /home/airflow/.local/lib/python3.8/site-packages/airflow/example_dags/tutorial_dag.py for tasks to queue
[2024-03-15T08:16:28.907+0000] {logging_mixin.py:188} INFO - [2024-03-15T08:16:28.907+0000] {dagbag.py:540} INFO - Filling up the DagBag from /home/airflow/.local/lib/python3.8/site-packages/airflow/example_dags/tutorial_dag.py
[2024-03-15T08:16:28.909+0000] {processor.py:840} INFO - DAG(s) 'tutorial_dag' retrieved from /home/airflow/.local/lib/python3.8/site-packages/airflow/example_dags/tutorial_dag.py
[2024-03-15T08:16:28.918+0000] {logging_mixin.py:188} INFO - [2024-03-15T08:16:28.917+0000] {dag.py:3047} INFO - Sync 1 DAGs
[2024-03-15T08:16:28.923+0000] {logging_mixin.py:188} INFO - [2024-03-15T08:16:28.922+0000] {dag.py:3834} INFO - Setting next_dagrun for tutorial_dag to None, run_after=None
[2024-03-15T08:16:28.930+0000] {processor.py:183} INFO - Processing /home/airflow/.local/lib/python3.8/site-packages/airflow/example_dags/tutorial_dag.py took 0.026 seconds
[2024-03-15T08:16:59.216+0000] {processor.py:161} INFO - Started process (PID=1379) to work on /home/airflow/.local/lib/python3.8/site-packages/airflow/example_dags/tutorial_dag.py
[2024-03-15T08:16:59.217+0000] {processor.py:830} INFO - Processing file /home/airflow/.local/lib/python3.8/site-packages/airflow/example_dags/tutorial_dag.py for tasks to queue
[2024-03-15T08:16:59.217+0000] {logging_mixin.py:188} INFO - [2024-03-15T08:16:59.217+0000] {dagbag.py:540} INFO - Filling up the DagBag from /home/airflow/.local/lib/python3.8/site-packages/airflow/example_dags/tutorial_dag.py
[2024-03-15T08:16:59.220+0000] {processor.py:840} INFO - DAG(s) 'tutorial_dag' retrieved from /home/airflow/.local/lib/python3.8/site-packages/airflow/example_dags/tutorial_dag.py
[2024-03-15T08:16:59.229+0000] {logging_mixin.py:188} INFO - [2024-03-15T08:16:59.229+0000] {dag.py:3047} INFO - Sync 1 DAGs
[2024-03-15T08:16:59.234+0000] {logging_mixin.py:188} INFO - [2024-03-15T08:16:59.234+0000] {dag.py:3834} INFO - Setting next_dagrun for tutorial_dag to None, run_after=None
[2024-03-15T08:16:59.241+0000] {processor.py:183} INFO - Processing /home/airflow/.local/lib/python3.8/site-packages/airflow/example_dags/tutorial_dag.py took 0.027 seconds
[2024-03-15T08:17:29.596+0000] {processor.py:161} INFO - Started process (PID=1434) to work on /home/airflow/.local/lib/python3.8/site-packages/airflow/example_dags/tutorial_dag.py
[2024-03-15T08:17:29.596+0000] {processor.py:830} INFO - Processing file /home/airflow/.local/lib/python3.8/site-packages/airflow/example_dags/tutorial_dag.py for tasks to queue
[2024-03-15T08:17:29.597+0000] {logging_mixin.py:188} INFO - [2024-03-15T08:17:29.597+0000] {dagbag.py:540} INFO - Filling up the DagBag from /home/airflow/.local/lib/python3.8/site-packages/airflow/example_dags/tutorial_dag.py
[2024-03-15T08:17:29.600+0000] {processor.py:840} INFO - DAG(s) 'tutorial_dag' retrieved from /home/airflow/.local/lib/python3.8/site-packages/airflow/example_dags/tutorial_dag.py
[2024-03-15T08:17:29.608+0000] {logging_mixin.py:188} INFO - [2024-03-15T08:17:29.608+0000] {dag.py:3047} INFO - Sync 1 DAGs
[2024-03-15T08:17:29.613+0000] {logging_mixin.py:188} INFO - [2024-03-15T08:17:29.613+0000] {dag.py:3834} INFO - Setting next_dagrun for tutorial_dag to None, run_after=None
[2024-03-15T08:17:29.620+0000] {processor.py:183} INFO - Processing /home/airflow/.local/lib/python3.8/site-packages/airflow/example_dags/tutorial_dag.py took 0.026 seconds
[2024-03-15T08:17:59.945+0000] {processor.py:161} INFO - Started process (PID=1489) to work on /home/airflow/.local/lib/python3.8/site-packages/airflow/example_dags/tutorial_dag.py
[2024-03-15T08:17:59.945+0000] {processor.py:830} INFO - Processing file /home/airflow/.local/lib/python3.8/site-packages/airflow/example_dags/tutorial_dag.py for tasks to queue
[2024-03-15T08:17:59.946+0000] {logging_mixin.py:188} INFO - [2024-03-15T08:17:59.946+0000] {dagbag.py:540} INFO - Filling up the DagBag from /home/airflow/.local/lib/python3.8/site-packages/airflow/example_dags/tutorial_dag.py
[2024-03-15T08:17:59.948+0000] {processor.py:840} INFO - DAG(s) 'tutorial_dag' retrieved from /home/airflow/.local/lib/python3.8/site-packages/airflow/example_dags/tutorial_dag.py
[2024-03-15T08:17:59.956+0000] {logging_mixin.py:188} INFO - [2024-03-15T08:17:59.956+0000] {dag.py:3047} INFO - Sync 1 DAGs
[2024-03-15T08:17:59.960+0000] {logging_mixin.py:188} INFO - [2024-03-15T08:17:59.960+0000] {dag.py:3834} INFO - Setting next_dagrun for tutorial_dag to None, run_after=None
[2024-03-15T08:17:59.966+0000] {processor.py:183} INFO - Processing /home/airflow/.local/lib/python3.8/site-packages/airflow/example_dags/tutorial_dag.py took 0.022 seconds
[2024-03-15T08:18:30.394+0000] {processor.py:161} INFO - Started process (PID=1544) to work on /home/airflow/.local/lib/python3.8/site-packages/airflow/example_dags/tutorial_dag.py
[2024-03-15T08:18:30.395+0000] {processor.py:830} INFO - Processing file /home/airflow/.local/lib/python3.8/site-packages/airflow/example_dags/tutorial_dag.py for tasks to queue
[2024-03-15T08:18:30.396+0000] {logging_mixin.py:188} INFO - [2024-03-15T08:18:30.396+0000] {dagbag.py:540} INFO - Filling up the DagBag from /home/airflow/.local/lib/python3.8/site-packages/airflow/example_dags/tutorial_dag.py
[2024-03-15T08:18:30.398+0000] {processor.py:840} INFO - DAG(s) 'tutorial_dag' retrieved from /home/airflow/.local/lib/python3.8/site-packages/airflow/example_dags/tutorial_dag.py
[2024-03-15T08:18:30.406+0000] {logging_mixin.py:188} INFO - [2024-03-15T08:18:30.406+0000] {dag.py:3047} INFO - Sync 1 DAGs
[2024-03-15T08:18:30.411+0000] {logging_mixin.py:188} INFO - [2024-03-15T08:18:30.411+0000] {dag.py:3834} INFO - Setting next_dagrun for tutorial_dag to None, run_after=None
[2024-03-15T08:18:30.418+0000] {processor.py:183} INFO - Processing /home/airflow/.local/lib/python3.8/site-packages/airflow/example_dags/tutorial_dag.py took 0.025 seconds
[2024-03-15T08:19:00.739+0000] {processor.py:161} INFO - Started process (PID=1599) to work on /home/airflow/.local/lib/python3.8/site-packages/airflow/example_dags/tutorial_dag.py
[2024-03-15T08:19:00.740+0000] {processor.py:830} INFO - Processing file /home/airflow/.local/lib/python3.8/site-packages/airflow/example_dags/tutorial_dag.py for tasks to queue
[2024-03-15T08:19:00.741+0000] {logging_mixin.py:188} INFO - [2024-03-15T08:19:00.741+0000] {dagbag.py:540} INFO - Filling up the DagBag from /home/airflow/.local/lib/python3.8/site-packages/airflow/example_dags/tutorial_dag.py
[2024-03-15T08:19:00.743+0000] {processor.py:840} INFO - DAG(s) 'tutorial_dag' retrieved from /home/airflow/.local/lib/python3.8/site-packages/airflow/example_dags/tutorial_dag.py
[2024-03-15T08:19:00.751+0000] {logging_mixin.py:188} INFO - [2024-03-15T08:19:00.751+0000] {dag.py:3047} INFO - Sync 1 DAGs
[2024-03-15T08:19:00.756+0000] {logging_mixin.py:188} INFO - [2024-03-15T08:19:00.756+0000] {dag.py:3834} INFO - Setting next_dagrun for tutorial_dag to None, run_after=None
[2024-03-15T08:19:00.764+0000] {processor.py:183} INFO - Processing /home/airflow/.local/lib/python3.8/site-packages/airflow/example_dags/tutorial_dag.py took 0.026 seconds
[2024-03-15T08:19:31.005+0000] {processor.py:161} INFO - Started process (PID=1654) to work on /home/airflow/.local/lib/python3.8/site-packages/airflow/example_dags/tutorial_dag.py
[2024-03-15T08:19:31.006+0000] {processor.py:830} INFO - Processing file /home/airflow/.local/lib/python3.8/site-packages/airflow/example_dags/tutorial_dag.py for tasks to queue
[2024-03-15T08:19:31.007+0000] {logging_mixin.py:188} INFO - [2024-03-15T08:19:31.006+0000] {dagbag.py:540} INFO - Filling up the DagBag from /home/airflow/.local/lib/python3.8/site-packages/airflow/example_dags/tutorial_dag.py
[2024-03-15T08:19:31.009+0000] {processor.py:840} INFO - DAG(s) 'tutorial_dag' retrieved from /home/airflow/.local/lib/python3.8/site-packages/airflow/example_dags/tutorial_dag.py
[2024-03-15T08:19:31.017+0000] {logging_mixin.py:188} INFO - [2024-03-15T08:19:31.017+0000] {dag.py:3047} INFO - Sync 1 DAGs
[2024-03-15T08:19:31.022+0000] {logging_mixin.py:188} INFO - [2024-03-15T08:19:31.022+0000] {dag.py:3834} INFO - Setting next_dagrun for tutorial_dag to None, run_after=None
[2024-03-15T08:19:31.033+0000] {processor.py:183} INFO - Processing /home/airflow/.local/lib/python3.8/site-packages/airflow/example_dags/tutorial_dag.py took 0.029 seconds
[2024-03-15T08:20:01.361+0000] {processor.py:161} INFO - Started process (PID=1709) to work on /home/airflow/.local/lib/python3.8/site-packages/airflow/example_dags/tutorial_dag.py
[2024-03-15T08:20:01.362+0000] {processor.py:830} INFO - Processing file /home/airflow/.local/lib/python3.8/site-packages/airflow/example_dags/tutorial_dag.py for tasks to queue
[2024-03-15T08:20:01.362+0000] {logging_mixin.py:188} INFO - [2024-03-15T08:20:01.362+0000] {dagbag.py:540} INFO - Filling up the DagBag from /home/airflow/.local/lib/python3.8/site-packages/airflow/example_dags/tutorial_dag.py
[2024-03-15T08:20:01.365+0000] {processor.py:840} INFO - DAG(s) 'tutorial_dag' retrieved from /home/airflow/.local/lib/python3.8/site-packages/airflow/example_dags/tutorial_dag.py
[2024-03-15T08:20:01.373+0000] {logging_mixin.py:188} INFO - [2024-03-15T08:20:01.373+0000] {dag.py:3047} INFO - Sync 1 DAGs
[2024-03-15T08:20:01.378+0000] {logging_mixin.py:188} INFO - [2024-03-15T08:20:01.378+0000] {dag.py:3834} INFO - Setting next_dagrun for tutorial_dag to None, run_after=None
[2024-03-15T08:20:01.384+0000] {processor.py:183} INFO - Processing /home/airflow/.local/lib/python3.8/site-packages/airflow/example_dags/tutorial_dag.py took 0.025 seconds
[2024-03-15T08:20:31.699+0000] {processor.py:161} INFO - Started process (PID=1763) to work on /home/airflow/.local/lib/python3.8/site-packages/airflow/example_dags/tutorial_dag.py
[2024-03-15T08:20:31.700+0000] {processor.py:830} INFO - Processing file /home/airflow/.local/lib/python3.8/site-packages/airflow/example_dags/tutorial_dag.py for tasks to queue
[2024-03-15T08:20:31.700+0000] {logging_mixin.py:188} INFO - [2024-03-15T08:20:31.700+0000] {dagbag.py:540} INFO - Filling up the DagBag from /home/airflow/.local/lib/python3.8/site-packages/airflow/example_dags/tutorial_dag.py
[2024-03-15T08:20:31.703+0000] {processor.py:840} INFO - DAG(s) 'tutorial_dag' retrieved from /home/airflow/.local/lib/python3.8/site-packages/airflow/example_dags/tutorial_dag.py
[2024-03-15T08:20:31.711+0000] {logging_mixin.py:188} INFO - [2024-03-15T08:20:31.711+0000] {dag.py:3047} INFO - Sync 1 DAGs
[2024-03-15T08:20:31.716+0000] {logging_mixin.py:188} INFO - [2024-03-15T08:20:31.716+0000] {dag.py:3834} INFO - Setting next_dagrun for tutorial_dag to None, run_after=None
[2024-03-15T08:20:31.723+0000] {processor.py:183} INFO - Processing /home/airflow/.local/lib/python3.8/site-packages/airflow/example_dags/tutorial_dag.py took 0.025 seconds
[2024-03-15T08:21:02.025+0000] {processor.py:161} INFO - Started process (PID=1818) to work on /home/airflow/.local/lib/python3.8/site-packages/airflow/example_dags/tutorial_dag.py
[2024-03-15T08:21:02.026+0000] {processor.py:830} INFO - Processing file /home/airflow/.local/lib/python3.8/site-packages/airflow/example_dags/tutorial_dag.py for tasks to queue
[2024-03-15T08:21:02.027+0000] {logging_mixin.py:188} INFO - [2024-03-15T08:21:02.026+0000] {dagbag.py:540} INFO - Filling up the DagBag from /home/airflow/.local/lib/python3.8/site-packages/airflow/example_dags/tutorial_dag.py
[2024-03-15T08:21:02.029+0000] {processor.py:840} INFO - DAG(s) 'tutorial_dag' retrieved from /home/airflow/.local/lib/python3.8/site-packages/airflow/example_dags/tutorial_dag.py
[2024-03-15T08:21:02.037+0000] {logging_mixin.py:188} INFO - [2024-03-15T08:21:02.037+0000] {dag.py:3047} INFO - Sync 1 DAGs
[2024-03-15T08:21:02.041+0000] {logging_mixin.py:188} INFO - [2024-03-15T08:21:02.041+0000] {dag.py:3834} INFO - Setting next_dagrun for tutorial_dag to None, run_after=None
[2024-03-15T08:21:02.048+0000] {processor.py:183} INFO - Processing /home/airflow/.local/lib/python3.8/site-packages/airflow/example_dags/tutorial_dag.py took 0.024 seconds
[2024-03-15T08:21:32.309+0000] {processor.py:161} INFO - Started process (PID=1873) to work on /home/airflow/.local/lib/python3.8/site-packages/airflow/example_dags/tutorial_dag.py
[2024-03-15T08:21:32.310+0000] {processor.py:830} INFO - Processing file /home/airflow/.local/lib/python3.8/site-packages/airflow/example_dags/tutorial_dag.py for tasks to queue
[2024-03-15T08:21:32.311+0000] {logging_mixin.py:188} INFO - [2024-03-15T08:21:32.311+0000] {dagbag.py:540} INFO - Filling up the DagBag from /home/airflow/.local/lib/python3.8/site-packages/airflow/example_dags/tutorial_dag.py
[2024-03-15T08:21:32.313+0000] {processor.py:840} INFO - DAG(s) 'tutorial_dag' retrieved from /home/airflow/.local/lib/python3.8/site-packages/airflow/example_dags/tutorial_dag.py
[2024-03-15T08:21:32.321+0000] {logging_mixin.py:188} INFO - [2024-03-15T08:21:32.321+0000] {dag.py:3047} INFO - Sync 1 DAGs
[2024-03-15T08:21:32.325+0000] {logging_mixin.py:188} INFO - [2024-03-15T08:21:32.325+0000] {dag.py:3834} INFO - Setting next_dagrun for tutorial_dag to None, run_after=None
[2024-03-15T08:21:32.332+0000] {processor.py:183} INFO - Processing /home/airflow/.local/lib/python3.8/site-packages/airflow/example_dags/tutorial_dag.py took 0.024 seconds
[2024-03-15T08:22:02.641+0000] {processor.py:161} INFO - Started process (PID=1927) to work on /home/airflow/.local/lib/python3.8/site-packages/airflow/example_dags/tutorial_dag.py
[2024-03-15T08:22:02.642+0000] {processor.py:830} INFO - Processing file /home/airflow/.local/lib/python3.8/site-packages/airflow/example_dags/tutorial_dag.py for tasks to queue
[2024-03-15T08:22:02.643+0000] {logging_mixin.py:188} INFO - [2024-03-15T08:22:02.642+0000] {dagbag.py:540} INFO - Filling up the DagBag from /home/airflow/.local/lib/python3.8/site-packages/airflow/example_dags/tutorial_dag.py
[2024-03-15T08:22:02.645+0000] {processor.py:840} INFO - DAG(s) 'tutorial_dag' retrieved from /home/airflow/.local/lib/python3.8/site-packages/airflow/example_dags/tutorial_dag.py
[2024-03-15T08:22:02.653+0000] {logging_mixin.py:188} INFO - [2024-03-15T08:22:02.653+0000] {dag.py:3047} INFO - Sync 1 DAGs
[2024-03-15T08:22:02.658+0000] {logging_mixin.py:188} INFO - [2024-03-15T08:22:02.658+0000] {dag.py:3834} INFO - Setting next_dagrun for tutorial_dag to None, run_after=None
[2024-03-15T08:22:02.665+0000] {processor.py:183} INFO - Processing /home/airflow/.local/lib/python3.8/site-packages/airflow/example_dags/tutorial_dag.py took 0.025 seconds
[2024-03-15T08:22:32.973+0000] {processor.py:161} INFO - Started process (PID=1982) to work on /home/airflow/.local/lib/python3.8/site-packages/airflow/example_dags/tutorial_dag.py
[2024-03-15T08:22:32.974+0000] {processor.py:830} INFO - Processing file /home/airflow/.local/lib/python3.8/site-packages/airflow/example_dags/tutorial_dag.py for tasks to queue
[2024-03-15T08:22:32.974+0000] {logging_mixin.py:188} INFO - [2024-03-15T08:22:32.974+0000] {dagbag.py:540} INFO - Filling up the DagBag from /home/airflow/.local/lib/python3.8/site-packages/airflow/example_dags/tutorial_dag.py
[2024-03-15T08:22:32.977+0000] {processor.py:840} INFO - DAG(s) 'tutorial_dag' retrieved from /home/airflow/.local/lib/python3.8/site-packages/airflow/example_dags/tutorial_dag.py
[2024-03-15T08:22:32.985+0000] {logging_mixin.py:188} INFO - [2024-03-15T08:22:32.985+0000] {dag.py:3047} INFO - Sync 1 DAGs
[2024-03-15T08:22:32.990+0000] {logging_mixin.py:188} INFO - [2024-03-15T08:22:32.990+0000] {dag.py:3834} INFO - Setting next_dagrun for tutorial_dag to None, run_after=None
[2024-03-15T08:22:32.997+0000] {processor.py:183} INFO - Processing /home/airflow/.local/lib/python3.8/site-packages/airflow/example_dags/tutorial_dag.py took 0.025 seconds
[2024-03-15T08:23:03.467+0000] {processor.py:161} INFO - Started process (PID=2037) to work on /home/airflow/.local/lib/python3.8/site-packages/airflow/example_dags/tutorial_dag.py
[2024-03-15T08:23:03.467+0000] {processor.py:830} INFO - Processing file /home/airflow/.local/lib/python3.8/site-packages/airflow/example_dags/tutorial_dag.py for tasks to queue
[2024-03-15T08:23:03.468+0000] {logging_mixin.py:188} INFO - [2024-03-15T08:23:03.468+0000] {dagbag.py:540} INFO - Filling up the DagBag from /home/airflow/.local/lib/python3.8/site-packages/airflow/example_dags/tutorial_dag.py
[2024-03-15T08:23:03.470+0000] {processor.py:840} INFO - DAG(s) 'tutorial_dag' retrieved from /home/airflow/.local/lib/python3.8/site-packages/airflow/example_dags/tutorial_dag.py
[2024-03-15T08:23:03.478+0000] {logging_mixin.py:188} INFO - [2024-03-15T08:23:03.478+0000] {dag.py:3047} INFO - Sync 1 DAGs
[2024-03-15T08:23:03.483+0000] {logging_mixin.py:188} INFO - [2024-03-15T08:23:03.483+0000] {dag.py:3834} INFO - Setting next_dagrun for tutorial_dag to None, run_after=None
[2024-03-15T08:23:03.490+0000] {processor.py:183} INFO - Processing /home/airflow/.local/lib/python3.8/site-packages/airflow/example_dags/tutorial_dag.py took 0.025 seconds
[2024-03-15T08:23:34.018+0000] {processor.py:161} INFO - Started process (PID=2091) to work on /home/airflow/.local/lib/python3.8/site-packages/airflow/example_dags/tutorial_dag.py
[2024-03-15T08:23:34.018+0000] {processor.py:830} INFO - Processing file /home/airflow/.local/lib/python3.8/site-packages/airflow/example_dags/tutorial_dag.py for tasks to queue
[2024-03-15T08:23:34.019+0000] {logging_mixin.py:188} INFO - [2024-03-15T08:23:34.019+0000] {dagbag.py:540} INFO - Filling up the DagBag from /home/airflow/.local/lib/python3.8/site-packages/airflow/example_dags/tutorial_dag.py
[2024-03-15T08:23:34.022+0000] {processor.py:840} INFO - DAG(s) 'tutorial_dag' retrieved from /home/airflow/.local/lib/python3.8/site-packages/airflow/example_dags/tutorial_dag.py
[2024-03-15T08:23:34.030+0000] {logging_mixin.py:188} INFO - [2024-03-15T08:23:34.030+0000] {dag.py:3047} INFO - Sync 1 DAGs
[2024-03-15T08:23:34.035+0000] {logging_mixin.py:188} INFO - [2024-03-15T08:23:34.035+0000] {dag.py:3834} INFO - Setting next_dagrun for tutorial_dag to None, run_after=None
[2024-03-15T08:23:34.042+0000] {processor.py:183} INFO - Processing /home/airflow/.local/lib/python3.8/site-packages/airflow/example_dags/tutorial_dag.py took 0.025 seconds
