[2024-03-15T08:04:49.308+0000] {processor.py:161} INFO - Started process (PID=70) to work on /home/airflow/.local/lib/python3.8/site-packages/airflow/example_dags/tutorial.py
[2024-03-15T08:04:49.309+0000] {processor.py:830} INFO - Processing file /home/airflow/.local/lib/python3.8/site-packages/airflow/example_dags/tutorial.py for tasks to queue
[2024-03-15T08:04:49.310+0000] {logging_mixin.py:188} INFO - [2024-03-15T08:04:49.310+0000] {dagbag.py:540} INFO - Filling up the DagBag from /home/airflow/.local/lib/python3.8/site-packages/airflow/example_dags/tutorial.py
[2024-03-15T08:04:49.314+0000] {processor.py:840} INFO - DAG(s) 'tutorial' retrieved from /home/airflow/.local/lib/python3.8/site-packages/airflow/example_dags/tutorial.py
[2024-03-15T08:04:49.320+0000] {logging_mixin.py:188} INFO - [2024-03-15T08:04:49.320+0000] {dag.py:3047} INFO - Sync 1 DAGs
[2024-03-15T08:04:49.331+0000] {logging_mixin.py:188} INFO - [2024-03-15T08:04:49.331+0000] {dag.py:3834} INFO - Setting next_dagrun for tutorial to 2024-03-14 00:00:00+00:00, run_after=2024-03-15 00:00:00+00:00
[2024-03-15T08:04:49.341+0000] {processor.py:183} INFO - Processing /home/airflow/.local/lib/python3.8/site-packages/airflow/example_dags/tutorial.py took 0.034 seconds
[2024-03-15T08:05:20.681+0000] {processor.py:161} INFO - Started process (PID=125) to work on /home/airflow/.local/lib/python3.8/site-packages/airflow/example_dags/tutorial.py
[2024-03-15T08:05:20.681+0000] {processor.py:830} INFO - Processing file /home/airflow/.local/lib/python3.8/site-packages/airflow/example_dags/tutorial.py for tasks to queue
[2024-03-15T08:05:20.682+0000] {logging_mixin.py:188} INFO - [2024-03-15T08:05:20.682+0000] {dagbag.py:540} INFO - Filling up the DagBag from /home/airflow/.local/lib/python3.8/site-packages/airflow/example_dags/tutorial.py
[2024-03-15T08:05:20.685+0000] {processor.py:840} INFO - DAG(s) 'tutorial' retrieved from /home/airflow/.local/lib/python3.8/site-packages/airflow/example_dags/tutorial.py
[2024-03-15T08:05:20.724+0000] {logging_mixin.py:188} INFO - [2024-03-15T08:05:20.724+0000] {dag.py:3047} INFO - Sync 1 DAGs
[2024-03-15T08:05:20.732+0000] {logging_mixin.py:188} INFO - [2024-03-15T08:05:20.732+0000] {dag.py:3834} INFO - Setting next_dagrun for tutorial to 2024-03-14 00:00:00+00:00, run_after=2024-03-15 00:00:00+00:00
[2024-03-15T08:05:20.738+0000] {processor.py:183} INFO - Processing /home/airflow/.local/lib/python3.8/site-packages/airflow/example_dags/tutorial.py took 0.059 seconds
[2024-03-15T08:05:51.341+0000] {processor.py:161} INFO - Started process (PID=180) to work on /home/airflow/.local/lib/python3.8/site-packages/airflow/example_dags/tutorial.py
[2024-03-15T08:05:51.342+0000] {processor.py:830} INFO - Processing file /home/airflow/.local/lib/python3.8/site-packages/airflow/example_dags/tutorial.py for tasks to queue
[2024-03-15T08:05:51.342+0000] {logging_mixin.py:188} INFO - [2024-03-15T08:05:51.342+0000] {dagbag.py:540} INFO - Filling up the DagBag from /home/airflow/.local/lib/python3.8/site-packages/airflow/example_dags/tutorial.py
[2024-03-15T08:05:51.345+0000] {processor.py:840} INFO - DAG(s) 'tutorial' retrieved from /home/airflow/.local/lib/python3.8/site-packages/airflow/example_dags/tutorial.py
[2024-03-15T08:05:51.353+0000] {logging_mixin.py:188} INFO - [2024-03-15T08:05:51.353+0000] {dag.py:3047} INFO - Sync 1 DAGs
[2024-03-15T08:05:51.362+0000] {logging_mixin.py:188} INFO - [2024-03-15T08:05:51.362+0000] {dag.py:3834} INFO - Setting next_dagrun for tutorial to 2024-03-14 00:00:00+00:00, run_after=2024-03-15 00:00:00+00:00
[2024-03-15T08:05:51.368+0000] {processor.py:183} INFO - Processing /home/airflow/.local/lib/python3.8/site-packages/airflow/example_dags/tutorial.py took 0.028 seconds
[2024-03-15T08:06:21.628+0000] {processor.py:161} INFO - Started process (PID=235) to work on /home/airflow/.local/lib/python3.8/site-packages/airflow/example_dags/tutorial.py
[2024-03-15T08:06:21.629+0000] {processor.py:830} INFO - Processing file /home/airflow/.local/lib/python3.8/site-packages/airflow/example_dags/tutorial.py for tasks to queue
[2024-03-15T08:06:21.630+0000] {logging_mixin.py:188} INFO - [2024-03-15T08:06:21.629+0000] {dagbag.py:540} INFO - Filling up the DagBag from /home/airflow/.local/lib/python3.8/site-packages/airflow/example_dags/tutorial.py
[2024-03-15T08:06:21.632+0000] {processor.py:840} INFO - DAG(s) 'tutorial' retrieved from /home/airflow/.local/lib/python3.8/site-packages/airflow/example_dags/tutorial.py
[2024-03-15T08:06:21.640+0000] {logging_mixin.py:188} INFO - [2024-03-15T08:06:21.640+0000] {dag.py:3047} INFO - Sync 1 DAGs
[2024-03-15T08:06:21.648+0000] {logging_mixin.py:188} INFO - [2024-03-15T08:06:21.648+0000] {dag.py:3834} INFO - Setting next_dagrun for tutorial to 2024-03-14 00:00:00+00:00, run_after=2024-03-15 00:00:00+00:00
[2024-03-15T08:06:21.655+0000] {processor.py:183} INFO - Processing /home/airflow/.local/lib/python3.8/site-packages/airflow/example_dags/tutorial.py took 0.027 seconds
[2024-03-15T08:06:51.929+0000] {processor.py:161} INFO - Started process (PID=290) to work on /home/airflow/.local/lib/python3.8/site-packages/airflow/example_dags/tutorial.py
[2024-03-15T08:06:51.930+0000] {processor.py:830} INFO - Processing file /home/airflow/.local/lib/python3.8/site-packages/airflow/example_dags/tutorial.py for tasks to queue
[2024-03-15T08:06:51.930+0000] {logging_mixin.py:188} INFO - [2024-03-15T08:06:51.930+0000] {dagbag.py:540} INFO - Filling up the DagBag from /home/airflow/.local/lib/python3.8/site-packages/airflow/example_dags/tutorial.py
[2024-03-15T08:06:51.933+0000] {processor.py:840} INFO - DAG(s) 'tutorial' retrieved from /home/airflow/.local/lib/python3.8/site-packages/airflow/example_dags/tutorial.py
[2024-03-15T08:06:51.941+0000] {logging_mixin.py:188} INFO - [2024-03-15T08:06:51.941+0000] {dag.py:3047} INFO - Sync 1 DAGs
[2024-03-15T08:06:51.949+0000] {logging_mixin.py:188} INFO - [2024-03-15T08:06:51.949+0000] {dag.py:3834} INFO - Setting next_dagrun for tutorial to 2024-03-14 00:00:00+00:00, run_after=2024-03-15 00:00:00+00:00
[2024-03-15T08:06:51.956+0000] {processor.py:183} INFO - Processing /home/airflow/.local/lib/python3.8/site-packages/airflow/example_dags/tutorial.py took 0.028 seconds
[2024-03-15T08:07:22.246+0000] {processor.py:161} INFO - Started process (PID=345) to work on /home/airflow/.local/lib/python3.8/site-packages/airflow/example_dags/tutorial.py
[2024-03-15T08:07:22.246+0000] {processor.py:830} INFO - Processing file /home/airflow/.local/lib/python3.8/site-packages/airflow/example_dags/tutorial.py for tasks to queue
[2024-03-15T08:07:22.247+0000] {logging_mixin.py:188} INFO - [2024-03-15T08:07:22.247+0000] {dagbag.py:540} INFO - Filling up the DagBag from /home/airflow/.local/lib/python3.8/site-packages/airflow/example_dags/tutorial.py
[2024-03-15T08:07:22.249+0000] {processor.py:840} INFO - DAG(s) 'tutorial' retrieved from /home/airflow/.local/lib/python3.8/site-packages/airflow/example_dags/tutorial.py
[2024-03-15T08:07:22.258+0000] {logging_mixin.py:188} INFO - [2024-03-15T08:07:22.257+0000] {dag.py:3047} INFO - Sync 1 DAGs
[2024-03-15T08:07:22.266+0000] {logging_mixin.py:188} INFO - [2024-03-15T08:07:22.266+0000] {dag.py:3834} INFO - Setting next_dagrun for tutorial to 2024-03-14 00:00:00+00:00, run_after=2024-03-15 00:00:00+00:00
[2024-03-15T08:07:22.273+0000] {processor.py:183} INFO - Processing /home/airflow/.local/lib/python3.8/site-packages/airflow/example_dags/tutorial.py took 0.028 seconds
[2024-03-15T08:07:52.511+0000] {processor.py:161} INFO - Started process (PID=400) to work on /home/airflow/.local/lib/python3.8/site-packages/airflow/example_dags/tutorial.py
[2024-03-15T08:07:52.512+0000] {processor.py:830} INFO - Processing file /home/airflow/.local/lib/python3.8/site-packages/airflow/example_dags/tutorial.py for tasks to queue
[2024-03-15T08:07:52.512+0000] {logging_mixin.py:188} INFO - [2024-03-15T08:07:52.512+0000] {dagbag.py:540} INFO - Filling up the DagBag from /home/airflow/.local/lib/python3.8/site-packages/airflow/example_dags/tutorial.py
[2024-03-15T08:07:52.515+0000] {processor.py:840} INFO - DAG(s) 'tutorial' retrieved from /home/airflow/.local/lib/python3.8/site-packages/airflow/example_dags/tutorial.py
[2024-03-15T08:07:52.524+0000] {logging_mixin.py:188} INFO - [2024-03-15T08:07:52.524+0000] {dag.py:3047} INFO - Sync 1 DAGs
[2024-03-15T08:07:52.533+0000] {logging_mixin.py:188} INFO - [2024-03-15T08:07:52.533+0000] {dag.py:3834} INFO - Setting next_dagrun for tutorial to 2024-03-14 00:00:00+00:00, run_after=2024-03-15 00:00:00+00:00
[2024-03-15T08:07:52.540+0000] {processor.py:183} INFO - Processing /home/airflow/.local/lib/python3.8/site-packages/airflow/example_dags/tutorial.py took 0.030 seconds
[2024-03-15T08:08:22.944+0000] {processor.py:161} INFO - Started process (PID=454) to work on /home/airflow/.local/lib/python3.8/site-packages/airflow/example_dags/tutorial.py
[2024-03-15T08:08:22.944+0000] {processor.py:830} INFO - Processing file /home/airflow/.local/lib/python3.8/site-packages/airflow/example_dags/tutorial.py for tasks to queue
[2024-03-15T08:08:22.945+0000] {logging_mixin.py:188} INFO - [2024-03-15T08:08:22.945+0000] {dagbag.py:540} INFO - Filling up the DagBag from /home/airflow/.local/lib/python3.8/site-packages/airflow/example_dags/tutorial.py
[2024-03-15T08:08:22.947+0000] {processor.py:840} INFO - DAG(s) 'tutorial' retrieved from /home/airflow/.local/lib/python3.8/site-packages/airflow/example_dags/tutorial.py
[2024-03-15T08:08:22.956+0000] {logging_mixin.py:188} INFO - [2024-03-15T08:08:22.956+0000] {dag.py:3047} INFO - Sync 1 DAGs
[2024-03-15T08:08:22.964+0000] {logging_mixin.py:188} INFO - [2024-03-15T08:08:22.964+0000] {dag.py:3834} INFO - Setting next_dagrun for tutorial to 2024-03-14 00:00:00+00:00, run_after=2024-03-15 00:00:00+00:00
[2024-03-15T08:08:22.971+0000] {processor.py:183} INFO - Processing /home/airflow/.local/lib/python3.8/site-packages/airflow/example_dags/tutorial.py took 0.028 seconds
[2024-03-15T08:08:53.263+0000] {processor.py:161} INFO - Started process (PID=509) to work on /home/airflow/.local/lib/python3.8/site-packages/airflow/example_dags/tutorial.py
[2024-03-15T08:08:53.263+0000] {processor.py:830} INFO - Processing file /home/airflow/.local/lib/python3.8/site-packages/airflow/example_dags/tutorial.py for tasks to queue
[2024-03-15T08:08:53.264+0000] {logging_mixin.py:188} INFO - [2024-03-15T08:08:53.264+0000] {dagbag.py:540} INFO - Filling up the DagBag from /home/airflow/.local/lib/python3.8/site-packages/airflow/example_dags/tutorial.py
[2024-03-15T08:08:53.266+0000] {processor.py:840} INFO - DAG(s) 'tutorial' retrieved from /home/airflow/.local/lib/python3.8/site-packages/airflow/example_dags/tutorial.py
[2024-03-15T08:08:53.275+0000] {logging_mixin.py:188} INFO - [2024-03-15T08:08:53.274+0000] {dag.py:3047} INFO - Sync 1 DAGs
[2024-03-15T08:08:53.283+0000] {logging_mixin.py:188} INFO - [2024-03-15T08:08:53.283+0000] {dag.py:3834} INFO - Setting next_dagrun for tutorial to 2024-03-14 00:00:00+00:00, run_after=2024-03-15 00:00:00+00:00
[2024-03-15T08:08:53.289+0000] {processor.py:183} INFO - Processing /home/airflow/.local/lib/python3.8/site-packages/airflow/example_dags/tutorial.py took 0.028 seconds
[2024-03-15T08:09:23.599+0000] {processor.py:161} INFO - Started process (PID=564) to work on /home/airflow/.local/lib/python3.8/site-packages/airflow/example_dags/tutorial.py
[2024-03-15T08:09:23.599+0000] {processor.py:830} INFO - Processing file /home/airflow/.local/lib/python3.8/site-packages/airflow/example_dags/tutorial.py for tasks to queue
[2024-03-15T08:09:23.600+0000] {logging_mixin.py:188} INFO - [2024-03-15T08:09:23.600+0000] {dagbag.py:540} INFO - Filling up the DagBag from /home/airflow/.local/lib/python3.8/site-packages/airflow/example_dags/tutorial.py
[2024-03-15T08:09:23.603+0000] {processor.py:840} INFO - DAG(s) 'tutorial' retrieved from /home/airflow/.local/lib/python3.8/site-packages/airflow/example_dags/tutorial.py
[2024-03-15T08:09:23.611+0000] {logging_mixin.py:188} INFO - [2024-03-15T08:09:23.611+0000] {dag.py:3047} INFO - Sync 1 DAGs
[2024-03-15T08:09:23.619+0000] {logging_mixin.py:188} INFO - [2024-03-15T08:09:23.619+0000] {dag.py:3834} INFO - Setting next_dagrun for tutorial to 2024-03-14 00:00:00+00:00, run_after=2024-03-15 00:00:00+00:00
[2024-03-15T08:09:23.626+0000] {processor.py:183} INFO - Processing /home/airflow/.local/lib/python3.8/site-packages/airflow/example_dags/tutorial.py took 0.028 seconds
[2024-03-15T08:09:54.119+0000] {processor.py:161} INFO - Started process (PID=619) to work on /home/airflow/.local/lib/python3.8/site-packages/airflow/example_dags/tutorial.py
[2024-03-15T08:09:54.119+0000] {processor.py:830} INFO - Processing file /home/airflow/.local/lib/python3.8/site-packages/airflow/example_dags/tutorial.py for tasks to queue
[2024-03-15T08:09:54.120+0000] {logging_mixin.py:188} INFO - [2024-03-15T08:09:54.120+0000] {dagbag.py:540} INFO - Filling up the DagBag from /home/airflow/.local/lib/python3.8/site-packages/airflow/example_dags/tutorial.py
[2024-03-15T08:09:54.123+0000] {processor.py:840} INFO - DAG(s) 'tutorial' retrieved from /home/airflow/.local/lib/python3.8/site-packages/airflow/example_dags/tutorial.py
[2024-03-15T08:09:54.130+0000] {logging_mixin.py:188} INFO - [2024-03-15T08:09:54.130+0000] {dag.py:3047} INFO - Sync 1 DAGs
[2024-03-15T08:09:54.138+0000] {logging_mixin.py:188} INFO - [2024-03-15T08:09:54.138+0000] {dag.py:3834} INFO - Setting next_dagrun for tutorial to 2024-03-14 00:00:00+00:00, run_after=2024-03-15 00:00:00+00:00
[2024-03-15T08:09:54.145+0000] {processor.py:183} INFO - Processing /home/airflow/.local/lib/python3.8/site-packages/airflow/example_dags/tutorial.py took 0.028 seconds
[2024-03-15T08:10:24.509+0000] {processor.py:161} INFO - Started process (PID=674) to work on /home/airflow/.local/lib/python3.8/site-packages/airflow/example_dags/tutorial.py
[2024-03-15T08:10:24.510+0000] {processor.py:830} INFO - Processing file /home/airflow/.local/lib/python3.8/site-packages/airflow/example_dags/tutorial.py for tasks to queue
[2024-03-15T08:10:24.510+0000] {logging_mixin.py:188} INFO - [2024-03-15T08:10:24.510+0000] {dagbag.py:540} INFO - Filling up the DagBag from /home/airflow/.local/lib/python3.8/site-packages/airflow/example_dags/tutorial.py
[2024-03-15T08:10:24.513+0000] {processor.py:840} INFO - DAG(s) 'tutorial' retrieved from /home/airflow/.local/lib/python3.8/site-packages/airflow/example_dags/tutorial.py
[2024-03-15T08:10:24.521+0000] {logging_mixin.py:188} INFO - [2024-03-15T08:10:24.521+0000] {dag.py:3047} INFO - Sync 1 DAGs
[2024-03-15T08:10:24.529+0000] {logging_mixin.py:188} INFO - [2024-03-15T08:10:24.529+0000] {dag.py:3834} INFO - Setting next_dagrun for tutorial to 2024-03-14 00:00:00+00:00, run_after=2024-03-15 00:00:00+00:00
[2024-03-15T08:10:24.536+0000] {processor.py:183} INFO - Processing /home/airflow/.local/lib/python3.8/site-packages/airflow/example_dags/tutorial.py took 0.029 seconds
[2024-03-15T08:10:54.811+0000] {processor.py:161} INFO - Started process (PID=729) to work on /home/airflow/.local/lib/python3.8/site-packages/airflow/example_dags/tutorial.py
[2024-03-15T08:10:54.811+0000] {processor.py:830} INFO - Processing file /home/airflow/.local/lib/python3.8/site-packages/airflow/example_dags/tutorial.py for tasks to queue
[2024-03-15T08:10:54.812+0000] {logging_mixin.py:188} INFO - [2024-03-15T08:10:54.812+0000] {dagbag.py:540} INFO - Filling up the DagBag from /home/airflow/.local/lib/python3.8/site-packages/airflow/example_dags/tutorial.py
[2024-03-15T08:10:54.814+0000] {processor.py:840} INFO - DAG(s) 'tutorial' retrieved from /home/airflow/.local/lib/python3.8/site-packages/airflow/example_dags/tutorial.py
[2024-03-15T08:10:54.823+0000] {logging_mixin.py:188} INFO - [2024-03-15T08:10:54.823+0000] {dag.py:3047} INFO - Sync 1 DAGs
[2024-03-15T08:10:54.832+0000] {logging_mixin.py:188} INFO - [2024-03-15T08:10:54.832+0000] {dag.py:3834} INFO - Setting next_dagrun for tutorial to 2024-03-14 00:00:00+00:00, run_after=2024-03-15 00:00:00+00:00
[2024-03-15T08:10:54.838+0000] {processor.py:183} INFO - Processing /home/airflow/.local/lib/python3.8/site-packages/airflow/example_dags/tutorial.py took 0.029 seconds
[2024-03-15T08:11:25.337+0000] {processor.py:161} INFO - Started process (PID=784) to work on /home/airflow/.local/lib/python3.8/site-packages/airflow/example_dags/tutorial.py
[2024-03-15T08:11:25.337+0000] {processor.py:830} INFO - Processing file /home/airflow/.local/lib/python3.8/site-packages/airflow/example_dags/tutorial.py for tasks to queue
[2024-03-15T08:11:25.338+0000] {logging_mixin.py:188} INFO - [2024-03-15T08:11:25.338+0000] {dagbag.py:540} INFO - Filling up the DagBag from /home/airflow/.local/lib/python3.8/site-packages/airflow/example_dags/tutorial.py
[2024-03-15T08:11:25.341+0000] {processor.py:840} INFO - DAG(s) 'tutorial' retrieved from /home/airflow/.local/lib/python3.8/site-packages/airflow/example_dags/tutorial.py
[2024-03-15T08:11:25.350+0000] {logging_mixin.py:188} INFO - [2024-03-15T08:11:25.350+0000] {dag.py:3047} INFO - Sync 1 DAGs
[2024-03-15T08:11:25.359+0000] {logging_mixin.py:188} INFO - [2024-03-15T08:11:25.359+0000] {dag.py:3834} INFO - Setting next_dagrun for tutorial to 2024-03-14 00:00:00+00:00, run_after=2024-03-15 00:00:00+00:00
[2024-03-15T08:11:25.366+0000] {processor.py:183} INFO - Processing /home/airflow/.local/lib/python3.8/site-packages/airflow/example_dags/tutorial.py took 0.031 seconds
[2024-03-15T08:11:55.795+0000] {processor.py:161} INFO - Started process (PID=839) to work on /home/airflow/.local/lib/python3.8/site-packages/airflow/example_dags/tutorial.py
[2024-03-15T08:11:55.795+0000] {processor.py:830} INFO - Processing file /home/airflow/.local/lib/python3.8/site-packages/airflow/example_dags/tutorial.py for tasks to queue
[2024-03-15T08:11:55.796+0000] {logging_mixin.py:188} INFO - [2024-03-15T08:11:55.796+0000] {dagbag.py:540} INFO - Filling up the DagBag from /home/airflow/.local/lib/python3.8/site-packages/airflow/example_dags/tutorial.py
[2024-03-15T08:11:55.800+0000] {processor.py:840} INFO - DAG(s) 'tutorial' retrieved from /home/airflow/.local/lib/python3.8/site-packages/airflow/example_dags/tutorial.py
[2024-03-15T08:11:55.811+0000] {logging_mixin.py:188} INFO - [2024-03-15T08:11:55.811+0000] {dag.py:3047} INFO - Sync 1 DAGs
[2024-03-15T08:11:55.822+0000] {logging_mixin.py:188} INFO - [2024-03-15T08:11:55.822+0000] {dag.py:3834} INFO - Setting next_dagrun for tutorial to 2024-03-14 00:00:00+00:00, run_after=2024-03-15 00:00:00+00:00
[2024-03-15T08:11:55.831+0000] {processor.py:183} INFO - Processing /home/airflow/.local/lib/python3.8/site-packages/airflow/example_dags/tutorial.py took 0.038 seconds
[2024-03-15T08:12:26.370+0000] {processor.py:161} INFO - Started process (PID=894) to work on /home/airflow/.local/lib/python3.8/site-packages/airflow/example_dags/tutorial.py
[2024-03-15T08:12:26.371+0000] {processor.py:830} INFO - Processing file /home/airflow/.local/lib/python3.8/site-packages/airflow/example_dags/tutorial.py for tasks to queue
[2024-03-15T08:12:26.372+0000] {logging_mixin.py:188} INFO - [2024-03-15T08:12:26.372+0000] {dagbag.py:540} INFO - Filling up the DagBag from /home/airflow/.local/lib/python3.8/site-packages/airflow/example_dags/tutorial.py
[2024-03-15T08:12:26.376+0000] {processor.py:840} INFO - DAG(s) 'tutorial' retrieved from /home/airflow/.local/lib/python3.8/site-packages/airflow/example_dags/tutorial.py
[2024-03-15T08:12:26.385+0000] {logging_mixin.py:188} INFO - [2024-03-15T08:12:26.385+0000] {dag.py:3047} INFO - Sync 1 DAGs
[2024-03-15T08:12:26.397+0000] {logging_mixin.py:188} INFO - [2024-03-15T08:12:26.397+0000] {dag.py:3834} INFO - Setting next_dagrun for tutorial to 2024-03-14 00:00:00+00:00, run_after=2024-03-15 00:00:00+00:00
[2024-03-15T08:12:26.404+0000] {processor.py:183} INFO - Processing /home/airflow/.local/lib/python3.8/site-packages/airflow/example_dags/tutorial.py took 0.036 seconds
[2024-03-15T08:12:56.709+0000] {processor.py:161} INFO - Started process (PID=949) to work on /home/airflow/.local/lib/python3.8/site-packages/airflow/example_dags/tutorial.py
[2024-03-15T08:12:56.710+0000] {processor.py:830} INFO - Processing file /home/airflow/.local/lib/python3.8/site-packages/airflow/example_dags/tutorial.py for tasks to queue
[2024-03-15T08:12:56.711+0000] {logging_mixin.py:188} INFO - [2024-03-15T08:12:56.710+0000] {dagbag.py:540} INFO - Filling up the DagBag from /home/airflow/.local/lib/python3.8/site-packages/airflow/example_dags/tutorial.py
[2024-03-15T08:12:56.713+0000] {processor.py:840} INFO - DAG(s) 'tutorial' retrieved from /home/airflow/.local/lib/python3.8/site-packages/airflow/example_dags/tutorial.py
[2024-03-15T08:12:56.722+0000] {logging_mixin.py:188} INFO - [2024-03-15T08:12:56.722+0000] {dag.py:3047} INFO - Sync 1 DAGs
[2024-03-15T08:12:56.733+0000] {logging_mixin.py:188} INFO - [2024-03-15T08:12:56.733+0000] {dag.py:3834} INFO - Setting next_dagrun for tutorial to 2024-03-14 00:00:00+00:00, run_after=2024-03-15 00:00:00+00:00
[2024-03-15T08:12:56.740+0000] {processor.py:183} INFO - Processing /home/airflow/.local/lib/python3.8/site-packages/airflow/example_dags/tutorial.py took 0.032 seconds
[2024-03-15T08:13:26.967+0000] {processor.py:161} INFO - Started process (PID=1004) to work on /home/airflow/.local/lib/python3.8/site-packages/airflow/example_dags/tutorial.py
[2024-03-15T08:13:26.967+0000] {processor.py:830} INFO - Processing file /home/airflow/.local/lib/python3.8/site-packages/airflow/example_dags/tutorial.py for tasks to queue
[2024-03-15T08:13:26.968+0000] {logging_mixin.py:188} INFO - [2024-03-15T08:13:26.968+0000] {dagbag.py:540} INFO - Filling up the DagBag from /home/airflow/.local/lib/python3.8/site-packages/airflow/example_dags/tutorial.py
[2024-03-15T08:13:26.971+0000] {processor.py:840} INFO - DAG(s) 'tutorial' retrieved from /home/airflow/.local/lib/python3.8/site-packages/airflow/example_dags/tutorial.py
[2024-03-15T08:13:26.978+0000] {logging_mixin.py:188} INFO - [2024-03-15T08:13:26.978+0000] {dag.py:3047} INFO - Sync 1 DAGs
[2024-03-15T08:13:26.986+0000] {logging_mixin.py:188} INFO - [2024-03-15T08:13:26.986+0000] {dag.py:3834} INFO - Setting next_dagrun for tutorial to 2024-03-14 00:00:00+00:00, run_after=2024-03-15 00:00:00+00:00
[2024-03-15T08:13:26.992+0000] {processor.py:183} INFO - Processing /home/airflow/.local/lib/python3.8/site-packages/airflow/example_dags/tutorial.py took 0.027 seconds
[2024-03-15T08:13:57.303+0000] {processor.py:161} INFO - Started process (PID=1059) to work on /home/airflow/.local/lib/python3.8/site-packages/airflow/example_dags/tutorial.py
[2024-03-15T08:13:57.303+0000] {processor.py:830} INFO - Processing file /home/airflow/.local/lib/python3.8/site-packages/airflow/example_dags/tutorial.py for tasks to queue
[2024-03-15T08:13:57.304+0000] {logging_mixin.py:188} INFO - [2024-03-15T08:13:57.304+0000] {dagbag.py:540} INFO - Filling up the DagBag from /home/airflow/.local/lib/python3.8/site-packages/airflow/example_dags/tutorial.py
[2024-03-15T08:13:57.306+0000] {processor.py:840} INFO - DAG(s) 'tutorial' retrieved from /home/airflow/.local/lib/python3.8/site-packages/airflow/example_dags/tutorial.py
[2024-03-15T08:13:57.315+0000] {logging_mixin.py:188} INFO - [2024-03-15T08:13:57.315+0000] {dag.py:3047} INFO - Sync 1 DAGs
[2024-03-15T08:13:57.323+0000] {logging_mixin.py:188} INFO - [2024-03-15T08:13:57.323+0000] {dag.py:3834} INFO - Setting next_dagrun for tutorial to 2024-03-14 00:00:00+00:00, run_after=2024-03-15 00:00:00+00:00
[2024-03-15T08:13:57.329+0000] {processor.py:183} INFO - Processing /home/airflow/.local/lib/python3.8/site-packages/airflow/example_dags/tutorial.py took 0.028 seconds
[2024-03-15T08:14:27.673+0000] {processor.py:161} INFO - Started process (PID=1114) to work on /home/airflow/.local/lib/python3.8/site-packages/airflow/example_dags/tutorial.py
[2024-03-15T08:14:27.673+0000] {processor.py:830} INFO - Processing file /home/airflow/.local/lib/python3.8/site-packages/airflow/example_dags/tutorial.py for tasks to queue
[2024-03-15T08:14:27.674+0000] {logging_mixin.py:188} INFO - [2024-03-15T08:14:27.674+0000] {dagbag.py:540} INFO - Filling up the DagBag from /home/airflow/.local/lib/python3.8/site-packages/airflow/example_dags/tutorial.py
[2024-03-15T08:14:27.676+0000] {processor.py:840} INFO - DAG(s) 'tutorial' retrieved from /home/airflow/.local/lib/python3.8/site-packages/airflow/example_dags/tutorial.py
[2024-03-15T08:14:27.684+0000] {logging_mixin.py:188} INFO - [2024-03-15T08:14:27.684+0000] {dag.py:3047} INFO - Sync 1 DAGs
[2024-03-15T08:14:27.692+0000] {logging_mixin.py:188} INFO - [2024-03-15T08:14:27.692+0000] {dag.py:3834} INFO - Setting next_dagrun for tutorial to 2024-03-14 00:00:00+00:00, run_after=2024-03-15 00:00:00+00:00
[2024-03-15T08:14:27.699+0000] {processor.py:183} INFO - Processing /home/airflow/.local/lib/python3.8/site-packages/airflow/example_dags/tutorial.py took 0.027 seconds
[2024-03-15T08:14:58.030+0000] {processor.py:161} INFO - Started process (PID=1169) to work on /home/airflow/.local/lib/python3.8/site-packages/airflow/example_dags/tutorial.py
[2024-03-15T08:14:58.030+0000] {processor.py:830} INFO - Processing file /home/airflow/.local/lib/python3.8/site-packages/airflow/example_dags/tutorial.py for tasks to queue
[2024-03-15T08:14:58.031+0000] {logging_mixin.py:188} INFO - [2024-03-15T08:14:58.031+0000] {dagbag.py:540} INFO - Filling up the DagBag from /home/airflow/.local/lib/python3.8/site-packages/airflow/example_dags/tutorial.py
[2024-03-15T08:14:58.034+0000] {processor.py:840} INFO - DAG(s) 'tutorial' retrieved from /home/airflow/.local/lib/python3.8/site-packages/airflow/example_dags/tutorial.py
[2024-03-15T08:14:58.043+0000] {logging_mixin.py:188} INFO - [2024-03-15T08:14:58.043+0000] {dag.py:3047} INFO - Sync 1 DAGs
[2024-03-15T08:14:58.051+0000] {logging_mixin.py:188} INFO - [2024-03-15T08:14:58.051+0000] {dag.py:3834} INFO - Setting next_dagrun for tutorial to 2024-03-14 00:00:00+00:00, run_after=2024-03-15 00:00:00+00:00
[2024-03-15T08:14:58.058+0000] {processor.py:183} INFO - Processing /home/airflow/.local/lib/python3.8/site-packages/airflow/example_dags/tutorial.py took 0.030 seconds
[2024-03-15T08:15:28.372+0000] {processor.py:161} INFO - Started process (PID=1224) to work on /home/airflow/.local/lib/python3.8/site-packages/airflow/example_dags/tutorial.py
[2024-03-15T08:15:28.373+0000] {processor.py:830} INFO - Processing file /home/airflow/.local/lib/python3.8/site-packages/airflow/example_dags/tutorial.py for tasks to queue
[2024-03-15T08:15:28.373+0000] {logging_mixin.py:188} INFO - [2024-03-15T08:15:28.373+0000] {dagbag.py:540} INFO - Filling up the DagBag from /home/airflow/.local/lib/python3.8/site-packages/airflow/example_dags/tutorial.py
[2024-03-15T08:15:28.376+0000] {processor.py:840} INFO - DAG(s) 'tutorial' retrieved from /home/airflow/.local/lib/python3.8/site-packages/airflow/example_dags/tutorial.py
[2024-03-15T08:15:28.384+0000] {logging_mixin.py:188} INFO - [2024-03-15T08:15:28.384+0000] {dag.py:3047} INFO - Sync 1 DAGs
[2024-03-15T08:15:28.392+0000] {logging_mixin.py:188} INFO - [2024-03-15T08:15:28.392+0000] {dag.py:3834} INFO - Setting next_dagrun for tutorial to 2024-03-14 00:00:00+00:00, run_after=2024-03-15 00:00:00+00:00
[2024-03-15T08:15:28.399+0000] {processor.py:183} INFO - Processing /home/airflow/.local/lib/python3.8/site-packages/airflow/example_dags/tutorial.py took 0.029 seconds
[2024-03-15T08:15:58.772+0000] {processor.py:161} INFO - Started process (PID=1279) to work on /home/airflow/.local/lib/python3.8/site-packages/airflow/example_dags/tutorial.py
[2024-03-15T08:15:58.773+0000] {processor.py:830} INFO - Processing file /home/airflow/.local/lib/python3.8/site-packages/airflow/example_dags/tutorial.py for tasks to queue
[2024-03-15T08:15:58.774+0000] {logging_mixin.py:188} INFO - [2024-03-15T08:15:58.774+0000] {dagbag.py:540} INFO - Filling up the DagBag from /home/airflow/.local/lib/python3.8/site-packages/airflow/example_dags/tutorial.py
[2024-03-15T08:15:58.776+0000] {processor.py:840} INFO - DAG(s) 'tutorial' retrieved from /home/airflow/.local/lib/python3.8/site-packages/airflow/example_dags/tutorial.py
[2024-03-15T08:15:58.786+0000] {logging_mixin.py:188} INFO - [2024-03-15T08:15:58.786+0000] {dag.py:3047} INFO - Sync 1 DAGs
[2024-03-15T08:15:58.796+0000] {logging_mixin.py:188} INFO - [2024-03-15T08:15:58.795+0000] {dag.py:3834} INFO - Setting next_dagrun for tutorial to 2024-03-14 00:00:00+00:00, run_after=2024-03-15 00:00:00+00:00
[2024-03-15T08:15:58.803+0000] {processor.py:183} INFO - Processing /home/airflow/.local/lib/python3.8/site-packages/airflow/example_dags/tutorial.py took 0.032 seconds
[2024-03-15T08:16:29.109+0000] {processor.py:161} INFO - Started process (PID=1334) to work on /home/airflow/.local/lib/python3.8/site-packages/airflow/example_dags/tutorial.py
[2024-03-15T08:16:29.109+0000] {processor.py:830} INFO - Processing file /home/airflow/.local/lib/python3.8/site-packages/airflow/example_dags/tutorial.py for tasks to queue
[2024-03-15T08:16:29.110+0000] {logging_mixin.py:188} INFO - [2024-03-15T08:16:29.110+0000] {dagbag.py:540} INFO - Filling up the DagBag from /home/airflow/.local/lib/python3.8/site-packages/airflow/example_dags/tutorial.py
[2024-03-15T08:16:29.112+0000] {processor.py:840} INFO - DAG(s) 'tutorial' retrieved from /home/airflow/.local/lib/python3.8/site-packages/airflow/example_dags/tutorial.py
[2024-03-15T08:16:29.121+0000] {logging_mixin.py:188} INFO - [2024-03-15T08:16:29.121+0000] {dag.py:3047} INFO - Sync 1 DAGs
[2024-03-15T08:16:29.129+0000] {logging_mixin.py:188} INFO - [2024-03-15T08:16:29.129+0000] {dag.py:3834} INFO - Setting next_dagrun for tutorial to 2024-03-14 00:00:00+00:00, run_after=2024-03-15 00:00:00+00:00
[2024-03-15T08:16:29.136+0000] {processor.py:183} INFO - Processing /home/airflow/.local/lib/python3.8/site-packages/airflow/example_dags/tutorial.py took 0.028 seconds
[2024-03-15T08:16:59.425+0000] {processor.py:161} INFO - Started process (PID=1389) to work on /home/airflow/.local/lib/python3.8/site-packages/airflow/example_dags/tutorial.py
[2024-03-15T08:16:59.426+0000] {processor.py:830} INFO - Processing file /home/airflow/.local/lib/python3.8/site-packages/airflow/example_dags/tutorial.py for tasks to queue
[2024-03-15T08:16:59.427+0000] {logging_mixin.py:188} INFO - [2024-03-15T08:16:59.427+0000] {dagbag.py:540} INFO - Filling up the DagBag from /home/airflow/.local/lib/python3.8/site-packages/airflow/example_dags/tutorial.py
[2024-03-15T08:16:59.430+0000] {processor.py:840} INFO - DAG(s) 'tutorial' retrieved from /home/airflow/.local/lib/python3.8/site-packages/airflow/example_dags/tutorial.py
[2024-03-15T08:16:59.439+0000] {logging_mixin.py:188} INFO - [2024-03-15T08:16:59.439+0000] {dag.py:3047} INFO - Sync 1 DAGs
[2024-03-15T08:16:59.448+0000] {logging_mixin.py:188} INFO - [2024-03-15T08:16:59.448+0000] {dag.py:3834} INFO - Setting next_dagrun for tutorial to 2024-03-14 00:00:00+00:00, run_after=2024-03-15 00:00:00+00:00
[2024-03-15T08:16:59.455+0000] {processor.py:183} INFO - Processing /home/airflow/.local/lib/python3.8/site-packages/airflow/example_dags/tutorial.py took 0.031 seconds
[2024-03-15T08:17:29.800+0000] {processor.py:161} INFO - Started process (PID=1443) to work on /home/airflow/.local/lib/python3.8/site-packages/airflow/example_dags/tutorial.py
[2024-03-15T08:17:29.801+0000] {processor.py:830} INFO - Processing file /home/airflow/.local/lib/python3.8/site-packages/airflow/example_dags/tutorial.py for tasks to queue
[2024-03-15T08:17:29.802+0000] {logging_mixin.py:188} INFO - [2024-03-15T08:17:29.801+0000] {dagbag.py:540} INFO - Filling up the DagBag from /home/airflow/.local/lib/python3.8/site-packages/airflow/example_dags/tutorial.py
[2024-03-15T08:17:29.804+0000] {processor.py:840} INFO - DAG(s) 'tutorial' retrieved from /home/airflow/.local/lib/python3.8/site-packages/airflow/example_dags/tutorial.py
[2024-03-15T08:17:29.813+0000] {logging_mixin.py:188} INFO - [2024-03-15T08:17:29.812+0000] {dag.py:3047} INFO - Sync 1 DAGs
[2024-03-15T08:17:29.821+0000] {logging_mixin.py:188} INFO - [2024-03-15T08:17:29.821+0000] {dag.py:3834} INFO - Setting next_dagrun for tutorial to 2024-03-14 00:00:00+00:00, run_after=2024-03-15 00:00:00+00:00
[2024-03-15T08:17:29.827+0000] {processor.py:183} INFO - Processing /home/airflow/.local/lib/python3.8/site-packages/airflow/example_dags/tutorial.py took 0.028 seconds
[2024-03-15T08:18:00.151+0000] {processor.py:161} INFO - Started process (PID=1499) to work on /home/airflow/.local/lib/python3.8/site-packages/airflow/example_dags/tutorial.py
[2024-03-15T08:18:00.151+0000] {processor.py:830} INFO - Processing file /home/airflow/.local/lib/python3.8/site-packages/airflow/example_dags/tutorial.py for tasks to queue
[2024-03-15T08:18:00.152+0000] {logging_mixin.py:188} INFO - [2024-03-15T08:18:00.152+0000] {dagbag.py:540} INFO - Filling up the DagBag from /home/airflow/.local/lib/python3.8/site-packages/airflow/example_dags/tutorial.py
[2024-03-15T08:18:00.154+0000] {processor.py:840} INFO - DAG(s) 'tutorial' retrieved from /home/airflow/.local/lib/python3.8/site-packages/airflow/example_dags/tutorial.py
[2024-03-15T08:18:00.162+0000] {logging_mixin.py:188} INFO - [2024-03-15T08:18:00.162+0000] {dag.py:3047} INFO - Sync 1 DAGs
[2024-03-15T08:18:00.170+0000] {logging_mixin.py:188} INFO - [2024-03-15T08:18:00.170+0000] {dag.py:3834} INFO - Setting next_dagrun for tutorial to 2024-03-14 00:00:00+00:00, run_after=2024-03-15 00:00:00+00:00
[2024-03-15T08:18:00.177+0000] {processor.py:183} INFO - Processing /home/airflow/.local/lib/python3.8/site-packages/airflow/example_dags/tutorial.py took 0.027 seconds
[2024-03-15T08:18:30.611+0000] {processor.py:161} INFO - Started process (PID=1554) to work on /home/airflow/.local/lib/python3.8/site-packages/airflow/example_dags/tutorial.py
[2024-03-15T08:18:30.612+0000] {processor.py:830} INFO - Processing file /home/airflow/.local/lib/python3.8/site-packages/airflow/example_dags/tutorial.py for tasks to queue
[2024-03-15T08:18:30.613+0000] {logging_mixin.py:188} INFO - [2024-03-15T08:18:30.613+0000] {dagbag.py:540} INFO - Filling up the DagBag from /home/airflow/.local/lib/python3.8/site-packages/airflow/example_dags/tutorial.py
[2024-03-15T08:18:30.615+0000] {processor.py:840} INFO - DAG(s) 'tutorial' retrieved from /home/airflow/.local/lib/python3.8/site-packages/airflow/example_dags/tutorial.py
[2024-03-15T08:18:30.624+0000] {logging_mixin.py:188} INFO - [2024-03-15T08:18:30.624+0000] {dag.py:3047} INFO - Sync 1 DAGs
[2024-03-15T08:18:30.632+0000] {logging_mixin.py:188} INFO - [2024-03-15T08:18:30.632+0000] {dag.py:3834} INFO - Setting next_dagrun for tutorial to 2024-03-14 00:00:00+00:00, run_after=2024-03-15 00:00:00+00:00
[2024-03-15T08:18:30.639+0000] {processor.py:183} INFO - Processing /home/airflow/.local/lib/python3.8/site-packages/airflow/example_dags/tutorial.py took 0.029 seconds
[2024-03-15T08:19:00.939+0000] {processor.py:161} INFO - Started process (PID=1609) to work on /home/airflow/.local/lib/python3.8/site-packages/airflow/example_dags/tutorial.py
[2024-03-15T08:19:00.939+0000] {processor.py:830} INFO - Processing file /home/airflow/.local/lib/python3.8/site-packages/airflow/example_dags/tutorial.py for tasks to queue
[2024-03-15T08:19:00.940+0000] {logging_mixin.py:188} INFO - [2024-03-15T08:19:00.940+0000] {dagbag.py:540} INFO - Filling up the DagBag from /home/airflow/.local/lib/python3.8/site-packages/airflow/example_dags/tutorial.py
[2024-03-15T08:19:00.942+0000] {processor.py:840} INFO - DAG(s) 'tutorial' retrieved from /home/airflow/.local/lib/python3.8/site-packages/airflow/example_dags/tutorial.py
[2024-03-15T08:19:00.951+0000] {logging_mixin.py:188} INFO - [2024-03-15T08:19:00.951+0000] {dag.py:3047} INFO - Sync 1 DAGs
[2024-03-15T08:19:00.959+0000] {logging_mixin.py:188} INFO - [2024-03-15T08:19:00.959+0000] {dag.py:3834} INFO - Setting next_dagrun for tutorial to 2024-03-14 00:00:00+00:00, run_after=2024-03-15 00:00:00+00:00
[2024-03-15T08:19:00.965+0000] {processor.py:183} INFO - Processing /home/airflow/.local/lib/python3.8/site-packages/airflow/example_dags/tutorial.py took 0.027 seconds
[2024-03-15T08:19:31.213+0000] {processor.py:161} INFO - Started process (PID=1664) to work on /home/airflow/.local/lib/python3.8/site-packages/airflow/example_dags/tutorial.py
[2024-03-15T08:19:31.213+0000] {processor.py:830} INFO - Processing file /home/airflow/.local/lib/python3.8/site-packages/airflow/example_dags/tutorial.py for tasks to queue
[2024-03-15T08:19:31.214+0000] {logging_mixin.py:188} INFO - [2024-03-15T08:19:31.214+0000] {dagbag.py:540} INFO - Filling up the DagBag from /home/airflow/.local/lib/python3.8/site-packages/airflow/example_dags/tutorial.py
[2024-03-15T08:19:31.217+0000] {processor.py:840} INFO - DAG(s) 'tutorial' retrieved from /home/airflow/.local/lib/python3.8/site-packages/airflow/example_dags/tutorial.py
[2024-03-15T08:19:31.225+0000] {logging_mixin.py:188} INFO - [2024-03-15T08:19:31.225+0000] {dag.py:3047} INFO - Sync 1 DAGs
[2024-03-15T08:19:31.234+0000] {logging_mixin.py:188} INFO - [2024-03-15T08:19:31.234+0000] {dag.py:3834} INFO - Setting next_dagrun for tutorial to 2024-03-14 00:00:00+00:00, run_after=2024-03-15 00:00:00+00:00
[2024-03-15T08:19:31.241+0000] {processor.py:183} INFO - Processing /home/airflow/.local/lib/python3.8/site-packages/airflow/example_dags/tutorial.py took 0.030 seconds
[2024-03-15T08:20:01.577+0000] {processor.py:161} INFO - Started process (PID=1719) to work on /home/airflow/.local/lib/python3.8/site-packages/airflow/example_dags/tutorial.py
[2024-03-15T08:20:01.577+0000] {processor.py:830} INFO - Processing file /home/airflow/.local/lib/python3.8/site-packages/airflow/example_dags/tutorial.py for tasks to queue
[2024-03-15T08:20:01.578+0000] {logging_mixin.py:188} INFO - [2024-03-15T08:20:01.578+0000] {dagbag.py:540} INFO - Filling up the DagBag from /home/airflow/.local/lib/python3.8/site-packages/airflow/example_dags/tutorial.py
[2024-03-15T08:20:01.580+0000] {processor.py:840} INFO - DAG(s) 'tutorial' retrieved from /home/airflow/.local/lib/python3.8/site-packages/airflow/example_dags/tutorial.py
[2024-03-15T08:20:01.589+0000] {logging_mixin.py:188} INFO - [2024-03-15T08:20:01.589+0000] {dag.py:3047} INFO - Sync 1 DAGs
[2024-03-15T08:20:01.601+0000] {logging_mixin.py:188} INFO - [2024-03-15T08:20:01.600+0000] {dag.py:3834} INFO - Setting next_dagrun for tutorial to 2024-03-14 00:00:00+00:00, run_after=2024-03-15 00:00:00+00:00
[2024-03-15T08:20:01.608+0000] {processor.py:183} INFO - Processing /home/airflow/.local/lib/python3.8/site-packages/airflow/example_dags/tutorial.py took 0.032 seconds
[2024-03-15T08:20:31.903+0000] {processor.py:161} INFO - Started process (PID=1773) to work on /home/airflow/.local/lib/python3.8/site-packages/airflow/example_dags/tutorial.py
[2024-03-15T08:20:31.903+0000] {processor.py:830} INFO - Processing file /home/airflow/.local/lib/python3.8/site-packages/airflow/example_dags/tutorial.py for tasks to queue
[2024-03-15T08:20:31.904+0000] {logging_mixin.py:188} INFO - [2024-03-15T08:20:31.904+0000] {dagbag.py:540} INFO - Filling up the DagBag from /home/airflow/.local/lib/python3.8/site-packages/airflow/example_dags/tutorial.py
[2024-03-15T08:20:31.907+0000] {processor.py:840} INFO - DAG(s) 'tutorial' retrieved from /home/airflow/.local/lib/python3.8/site-packages/airflow/example_dags/tutorial.py
[2024-03-15T08:20:31.916+0000] {logging_mixin.py:188} INFO - [2024-03-15T08:20:31.916+0000] {dag.py:3047} INFO - Sync 1 DAGs
[2024-03-15T08:20:31.926+0000] {logging_mixin.py:188} INFO - [2024-03-15T08:20:31.926+0000] {dag.py:3834} INFO - Setting next_dagrun for tutorial to 2024-03-14 00:00:00+00:00, run_after=2024-03-15 00:00:00+00:00
[2024-03-15T08:20:31.932+0000] {processor.py:183} INFO - Processing /home/airflow/.local/lib/python3.8/site-packages/airflow/example_dags/tutorial.py took 0.031 seconds
[2024-03-15T08:21:02.243+0000] {processor.py:161} INFO - Started process (PID=1828) to work on /home/airflow/.local/lib/python3.8/site-packages/airflow/example_dags/tutorial.py
[2024-03-15T08:21:02.244+0000] {processor.py:830} INFO - Processing file /home/airflow/.local/lib/python3.8/site-packages/airflow/example_dags/tutorial.py for tasks to queue
[2024-03-15T08:21:02.245+0000] {logging_mixin.py:188} INFO - [2024-03-15T08:21:02.245+0000] {dagbag.py:540} INFO - Filling up the DagBag from /home/airflow/.local/lib/python3.8/site-packages/airflow/example_dags/tutorial.py
[2024-03-15T08:21:02.247+0000] {processor.py:840} INFO - DAG(s) 'tutorial' retrieved from /home/airflow/.local/lib/python3.8/site-packages/airflow/example_dags/tutorial.py
[2024-03-15T08:21:02.255+0000] {logging_mixin.py:188} INFO - [2024-03-15T08:21:02.255+0000] {dag.py:3047} INFO - Sync 1 DAGs
[2024-03-15T08:21:02.263+0000] {logging_mixin.py:188} INFO - [2024-03-15T08:21:02.263+0000] {dag.py:3834} INFO - Setting next_dagrun for tutorial to 2024-03-14 00:00:00+00:00, run_after=2024-03-15 00:00:00+00:00
[2024-03-15T08:21:02.270+0000] {processor.py:183} INFO - Processing /home/airflow/.local/lib/python3.8/site-packages/airflow/example_dags/tutorial.py took 0.028 seconds
[2024-03-15T08:21:32.520+0000] {processor.py:161} INFO - Started process (PID=1883) to work on /home/airflow/.local/lib/python3.8/site-packages/airflow/example_dags/tutorial.py
[2024-03-15T08:21:32.520+0000] {processor.py:830} INFO - Processing file /home/airflow/.local/lib/python3.8/site-packages/airflow/example_dags/tutorial.py for tasks to queue
[2024-03-15T08:21:32.521+0000] {logging_mixin.py:188} INFO - [2024-03-15T08:21:32.521+0000] {dagbag.py:540} INFO - Filling up the DagBag from /home/airflow/.local/lib/python3.8/site-packages/airflow/example_dags/tutorial.py
[2024-03-15T08:21:32.523+0000] {processor.py:840} INFO - DAG(s) 'tutorial' retrieved from /home/airflow/.local/lib/python3.8/site-packages/airflow/example_dags/tutorial.py
[2024-03-15T08:21:32.532+0000] {logging_mixin.py:188} INFO - [2024-03-15T08:21:32.531+0000] {dag.py:3047} INFO - Sync 1 DAGs
[2024-03-15T08:21:32.540+0000] {logging_mixin.py:188} INFO - [2024-03-15T08:21:32.539+0000] {dag.py:3834} INFO - Setting next_dagrun for tutorial to 2024-03-14 00:00:00+00:00, run_after=2024-03-15 00:00:00+00:00
[2024-03-15T08:21:32.546+0000] {processor.py:183} INFO - Processing /home/airflow/.local/lib/python3.8/site-packages/airflow/example_dags/tutorial.py took 0.028 seconds
[2024-03-15T08:22:02.856+0000] {processor.py:161} INFO - Started process (PID=1937) to work on /home/airflow/.local/lib/python3.8/site-packages/airflow/example_dags/tutorial.py
[2024-03-15T08:22:02.857+0000] {processor.py:830} INFO - Processing file /home/airflow/.local/lib/python3.8/site-packages/airflow/example_dags/tutorial.py for tasks to queue
[2024-03-15T08:22:02.858+0000] {logging_mixin.py:188} INFO - [2024-03-15T08:22:02.857+0000] {dagbag.py:540} INFO - Filling up the DagBag from /home/airflow/.local/lib/python3.8/site-packages/airflow/example_dags/tutorial.py
[2024-03-15T08:22:02.860+0000] {processor.py:840} INFO - DAG(s) 'tutorial' retrieved from /home/airflow/.local/lib/python3.8/site-packages/airflow/example_dags/tutorial.py
[2024-03-15T08:22:02.869+0000] {logging_mixin.py:188} INFO - [2024-03-15T08:22:02.868+0000] {dag.py:3047} INFO - Sync 1 DAGs
[2024-03-15T08:22:02.877+0000] {logging_mixin.py:188} INFO - [2024-03-15T08:22:02.877+0000] {dag.py:3834} INFO - Setting next_dagrun for tutorial to 2024-03-14 00:00:00+00:00, run_after=2024-03-15 00:00:00+00:00
[2024-03-15T08:22:02.884+0000] {processor.py:183} INFO - Processing /home/airflow/.local/lib/python3.8/site-packages/airflow/example_dags/tutorial.py took 0.029 seconds
[2024-03-15T08:22:33.179+0000] {processor.py:161} INFO - Started process (PID=1992) to work on /home/airflow/.local/lib/python3.8/site-packages/airflow/example_dags/tutorial.py
[2024-03-15T08:22:33.180+0000] {processor.py:830} INFO - Processing file /home/airflow/.local/lib/python3.8/site-packages/airflow/example_dags/tutorial.py for tasks to queue
[2024-03-15T08:22:33.181+0000] {logging_mixin.py:188} INFO - [2024-03-15T08:22:33.181+0000] {dagbag.py:540} INFO - Filling up the DagBag from /home/airflow/.local/lib/python3.8/site-packages/airflow/example_dags/tutorial.py
[2024-03-15T08:22:33.184+0000] {processor.py:840} INFO - DAG(s) 'tutorial' retrieved from /home/airflow/.local/lib/python3.8/site-packages/airflow/example_dags/tutorial.py
[2024-03-15T08:22:33.194+0000] {logging_mixin.py:188} INFO - [2024-03-15T08:22:33.194+0000] {dag.py:3047} INFO - Sync 1 DAGs
[2024-03-15T08:22:33.204+0000] {logging_mixin.py:188} INFO - [2024-03-15T08:22:33.204+0000] {dag.py:3834} INFO - Setting next_dagrun for tutorial to 2024-03-14 00:00:00+00:00, run_after=2024-03-15 00:00:00+00:00
[2024-03-15T08:22:33.211+0000] {processor.py:183} INFO - Processing /home/airflow/.local/lib/python3.8/site-packages/airflow/example_dags/tutorial.py took 0.033 seconds
[2024-03-15T08:23:03.670+0000] {processor.py:161} INFO - Started process (PID=2047) to work on /home/airflow/.local/lib/python3.8/site-packages/airflow/example_dags/tutorial.py
[2024-03-15T08:23:03.671+0000] {processor.py:830} INFO - Processing file /home/airflow/.local/lib/python3.8/site-packages/airflow/example_dags/tutorial.py for tasks to queue
[2024-03-15T08:23:03.672+0000] {logging_mixin.py:188} INFO - [2024-03-15T08:23:03.671+0000] {dagbag.py:540} INFO - Filling up the DagBag from /home/airflow/.local/lib/python3.8/site-packages/airflow/example_dags/tutorial.py
[2024-03-15T08:23:03.674+0000] {processor.py:840} INFO - DAG(s) 'tutorial' retrieved from /home/airflow/.local/lib/python3.8/site-packages/airflow/example_dags/tutorial.py
[2024-03-15T08:23:03.683+0000] {logging_mixin.py:188} INFO - [2024-03-15T08:23:03.683+0000] {dag.py:3047} INFO - Sync 1 DAGs
[2024-03-15T08:23:03.692+0000] {logging_mixin.py:188} INFO - [2024-03-15T08:23:03.692+0000] {dag.py:3834} INFO - Setting next_dagrun for tutorial to 2024-03-14 00:00:00+00:00, run_after=2024-03-15 00:00:00+00:00
[2024-03-15T08:23:03.699+0000] {processor.py:183} INFO - Processing /home/airflow/.local/lib/python3.8/site-packages/airflow/example_dags/tutorial.py took 0.030 seconds
[2024-03-15T08:23:34.213+0000] {processor.py:161} INFO - Started process (PID=2101) to work on /home/airflow/.local/lib/python3.8/site-packages/airflow/example_dags/tutorial.py
[2024-03-15T08:23:34.214+0000] {processor.py:830} INFO - Processing file /home/airflow/.local/lib/python3.8/site-packages/airflow/example_dags/tutorial.py for tasks to queue
[2024-03-15T08:23:34.215+0000] {logging_mixin.py:188} INFO - [2024-03-15T08:23:34.215+0000] {dagbag.py:540} INFO - Filling up the DagBag from /home/airflow/.local/lib/python3.8/site-packages/airflow/example_dags/tutorial.py
[2024-03-15T08:23:34.217+0000] {processor.py:840} INFO - DAG(s) 'tutorial' retrieved from /home/airflow/.local/lib/python3.8/site-packages/airflow/example_dags/tutorial.py
[2024-03-15T08:23:34.225+0000] {logging_mixin.py:188} INFO - [2024-03-15T08:23:34.225+0000] {dag.py:3047} INFO - Sync 1 DAGs
[2024-03-15T08:23:34.233+0000] {logging_mixin.py:188} INFO - [2024-03-15T08:23:34.233+0000] {dag.py:3834} INFO - Setting next_dagrun for tutorial to 2024-03-14 00:00:00+00:00, run_after=2024-03-15 00:00:00+00:00
[2024-03-15T08:23:34.240+0000] {processor.py:183} INFO - Processing /home/airflow/.local/lib/python3.8/site-packages/airflow/example_dags/tutorial.py took 0.028 seconds
