[2024-03-15T08:04:49.129+0000] {processor.py:161} INFO - Started process (PID=63) to work on /home/airflow/.local/lib/python3.8/site-packages/airflow/example_dags/tutorial_objectstorage.py
[2024-03-15T08:04:49.130+0000] {processor.py:830} INFO - Processing file /home/airflow/.local/lib/python3.8/site-packages/airflow/example_dags/tutorial_objectstorage.py for tasks to queue
[2024-03-15T08:04:49.131+0000] {logging_mixin.py:188} INFO - [2024-03-15T08:04:49.131+0000] {dagbag.py:540} INFO - Filling up the DagBag from /home/airflow/.local/lib/python3.8/site-packages/airflow/example_dags/tutorial_objectstorage.py
[2024-03-15T08:04:49.136+0000] {processor.py:840} INFO - DAG(s) 'tutorial_objectstorage' retrieved from /home/airflow/.local/lib/python3.8/site-packages/airflow/example_dags/tutorial_objectstorage.py
[2024-03-15T08:04:49.143+0000] {logging_mixin.py:188} INFO - [2024-03-15T08:04:49.143+0000] {dag.py:3047} INFO - Sync 1 DAGs
[2024-03-15T08:04:49.150+0000] {logging_mixin.py:188} INFO - [2024-03-15T08:04:49.150+0000] {dag.py:3834} INFO - Setting next_dagrun for tutorial_objectstorage to None, run_after=None
[2024-03-15T08:04:49.158+0000] {processor.py:183} INFO - Processing /home/airflow/.local/lib/python3.8/site-packages/airflow/example_dags/tutorial_objectstorage.py took 0.032 seconds
[2024-03-15T08:05:20.424+0000] {processor.py:161} INFO - Started process (PID=118) to work on /home/airflow/.local/lib/python3.8/site-packages/airflow/example_dags/tutorial_objectstorage.py
[2024-03-15T08:05:20.425+0000] {processor.py:830} INFO - Processing file /home/airflow/.local/lib/python3.8/site-packages/airflow/example_dags/tutorial_objectstorage.py for tasks to queue
[2024-03-15T08:05:20.425+0000] {logging_mixin.py:188} INFO - [2024-03-15T08:05:20.425+0000] {dagbag.py:540} INFO - Filling up the DagBag from /home/airflow/.local/lib/python3.8/site-packages/airflow/example_dags/tutorial_objectstorage.py
[2024-03-15T08:05:20.429+0000] {processor.py:840} INFO - DAG(s) 'tutorial_objectstorage' retrieved from /home/airflow/.local/lib/python3.8/site-packages/airflow/example_dags/tutorial_objectstorage.py
[2024-03-15T08:05:20.468+0000] {logging_mixin.py:188} INFO - [2024-03-15T08:05:20.468+0000] {dag.py:3047} INFO - Sync 1 DAGs
[2024-03-15T08:05:20.472+0000] {logging_mixin.py:188} INFO - [2024-03-15T08:05:20.472+0000] {dag.py:3834} INFO - Setting next_dagrun for tutorial_objectstorage to None, run_after=None
[2024-03-15T08:05:20.479+0000] {processor.py:183} INFO - Processing /home/airflow/.local/lib/python3.8/site-packages/airflow/example_dags/tutorial_objectstorage.py took 0.056 seconds
[2024-03-15T08:05:51.187+0000] {processor.py:161} INFO - Started process (PID=173) to work on /home/airflow/.local/lib/python3.8/site-packages/airflow/example_dags/tutorial_objectstorage.py
[2024-03-15T08:05:51.187+0000] {processor.py:830} INFO - Processing file /home/airflow/.local/lib/python3.8/site-packages/airflow/example_dags/tutorial_objectstorage.py for tasks to queue
[2024-03-15T08:05:51.188+0000] {logging_mixin.py:188} INFO - [2024-03-15T08:05:51.188+0000] {dagbag.py:540} INFO - Filling up the DagBag from /home/airflow/.local/lib/python3.8/site-packages/airflow/example_dags/tutorial_objectstorage.py
[2024-03-15T08:05:51.191+0000] {processor.py:840} INFO - DAG(s) 'tutorial_objectstorage' retrieved from /home/airflow/.local/lib/python3.8/site-packages/airflow/example_dags/tutorial_objectstorage.py
[2024-03-15T08:05:51.198+0000] {logging_mixin.py:188} INFO - [2024-03-15T08:05:51.198+0000] {dag.py:3047} INFO - Sync 1 DAGs
[2024-03-15T08:05:51.203+0000] {logging_mixin.py:188} INFO - [2024-03-15T08:05:51.203+0000] {dag.py:3834} INFO - Setting next_dagrun for tutorial_objectstorage to None, run_after=None
[2024-03-15T08:05:51.210+0000] {processor.py:183} INFO - Processing /home/airflow/.local/lib/python3.8/site-packages/airflow/example_dags/tutorial_objectstorage.py took 0.024 seconds
[2024-03-15T08:06:21.485+0000] {processor.py:161} INFO - Started process (PID=228) to work on /home/airflow/.local/lib/python3.8/site-packages/airflow/example_dags/tutorial_objectstorage.py
[2024-03-15T08:06:21.486+0000] {processor.py:830} INFO - Processing file /home/airflow/.local/lib/python3.8/site-packages/airflow/example_dags/tutorial_objectstorage.py for tasks to queue
[2024-03-15T08:06:21.486+0000] {logging_mixin.py:188} INFO - [2024-03-15T08:06:21.486+0000] {dagbag.py:540} INFO - Filling up the DagBag from /home/airflow/.local/lib/python3.8/site-packages/airflow/example_dags/tutorial_objectstorage.py
[2024-03-15T08:06:21.489+0000] {processor.py:840} INFO - DAG(s) 'tutorial_objectstorage' retrieved from /home/airflow/.local/lib/python3.8/site-packages/airflow/example_dags/tutorial_objectstorage.py
[2024-03-15T08:06:21.498+0000] {logging_mixin.py:188} INFO - [2024-03-15T08:06:21.498+0000] {dag.py:3047} INFO - Sync 1 DAGs
[2024-03-15T08:06:21.503+0000] {logging_mixin.py:188} INFO - [2024-03-15T08:06:21.503+0000] {dag.py:3834} INFO - Setting next_dagrun for tutorial_objectstorage to None, run_after=None
[2024-03-15T08:06:21.510+0000] {processor.py:183} INFO - Processing /home/airflow/.local/lib/python3.8/site-packages/airflow/example_dags/tutorial_objectstorage.py took 0.026 seconds
[2024-03-15T08:06:51.788+0000] {processor.py:161} INFO - Started process (PID=283) to work on /home/airflow/.local/lib/python3.8/site-packages/airflow/example_dags/tutorial_objectstorage.py
[2024-03-15T08:06:51.788+0000] {processor.py:830} INFO - Processing file /home/airflow/.local/lib/python3.8/site-packages/airflow/example_dags/tutorial_objectstorage.py for tasks to queue
[2024-03-15T08:06:51.789+0000] {logging_mixin.py:188} INFO - [2024-03-15T08:06:51.789+0000] {dagbag.py:540} INFO - Filling up the DagBag from /home/airflow/.local/lib/python3.8/site-packages/airflow/example_dags/tutorial_objectstorage.py
[2024-03-15T08:06:51.792+0000] {processor.py:840} INFO - DAG(s) 'tutorial_objectstorage' retrieved from /home/airflow/.local/lib/python3.8/site-packages/airflow/example_dags/tutorial_objectstorage.py
[2024-03-15T08:06:51.800+0000] {logging_mixin.py:188} INFO - [2024-03-15T08:06:51.800+0000] {dag.py:3047} INFO - Sync 1 DAGs
[2024-03-15T08:06:51.805+0000] {logging_mixin.py:188} INFO - [2024-03-15T08:06:51.805+0000] {dag.py:3834} INFO - Setting next_dagrun for tutorial_objectstorage to None, run_after=None
[2024-03-15T08:06:51.812+0000] {processor.py:183} INFO - Processing /home/airflow/.local/lib/python3.8/site-packages/airflow/example_dags/tutorial_objectstorage.py took 0.026 seconds
[2024-03-15T08:07:22.108+0000] {processor.py:161} INFO - Started process (PID=338) to work on /home/airflow/.local/lib/python3.8/site-packages/airflow/example_dags/tutorial_objectstorage.py
[2024-03-15T08:07:22.109+0000] {processor.py:830} INFO - Processing file /home/airflow/.local/lib/python3.8/site-packages/airflow/example_dags/tutorial_objectstorage.py for tasks to queue
[2024-03-15T08:07:22.110+0000] {logging_mixin.py:188} INFO - [2024-03-15T08:07:22.110+0000] {dagbag.py:540} INFO - Filling up the DagBag from /home/airflow/.local/lib/python3.8/site-packages/airflow/example_dags/tutorial_objectstorage.py
[2024-03-15T08:07:22.113+0000] {processor.py:840} INFO - DAG(s) 'tutorial_objectstorage' retrieved from /home/airflow/.local/lib/python3.8/site-packages/airflow/example_dags/tutorial_objectstorage.py
[2024-03-15T08:07:22.121+0000] {logging_mixin.py:188} INFO - [2024-03-15T08:07:22.121+0000] {dag.py:3047} INFO - Sync 1 DAGs
[2024-03-15T08:07:22.126+0000] {logging_mixin.py:188} INFO - [2024-03-15T08:07:22.126+0000] {dag.py:3834} INFO - Setting next_dagrun for tutorial_objectstorage to None, run_after=None
[2024-03-15T08:07:22.132+0000] {processor.py:183} INFO - Processing /home/airflow/.local/lib/python3.8/site-packages/airflow/example_dags/tutorial_objectstorage.py took 0.025 seconds
[2024-03-15T08:07:52.365+0000] {processor.py:161} INFO - Started process (PID=393) to work on /home/airflow/.local/lib/python3.8/site-packages/airflow/example_dags/tutorial_objectstorage.py
[2024-03-15T08:07:52.365+0000] {processor.py:830} INFO - Processing file /home/airflow/.local/lib/python3.8/site-packages/airflow/example_dags/tutorial_objectstorage.py for tasks to queue
[2024-03-15T08:07:52.366+0000] {logging_mixin.py:188} INFO - [2024-03-15T08:07:52.366+0000] {dagbag.py:540} INFO - Filling up the DagBag from /home/airflow/.local/lib/python3.8/site-packages/airflow/example_dags/tutorial_objectstorage.py
[2024-03-15T08:07:52.370+0000] {processor.py:840} INFO - DAG(s) 'tutorial_objectstorage' retrieved from /home/airflow/.local/lib/python3.8/site-packages/airflow/example_dags/tutorial_objectstorage.py
[2024-03-15T08:07:52.378+0000] {logging_mixin.py:188} INFO - [2024-03-15T08:07:52.378+0000] {dag.py:3047} INFO - Sync 1 DAGs
[2024-03-15T08:07:52.383+0000] {logging_mixin.py:188} INFO - [2024-03-15T08:07:52.383+0000] {dag.py:3834} INFO - Setting next_dagrun for tutorial_objectstorage to None, run_after=None
[2024-03-15T08:07:52.389+0000] {processor.py:183} INFO - Processing /home/airflow/.local/lib/python3.8/site-packages/airflow/example_dags/tutorial_objectstorage.py took 0.026 seconds
[2024-03-15T08:08:22.791+0000] {processor.py:161} INFO - Started process (PID=447) to work on /home/airflow/.local/lib/python3.8/site-packages/airflow/example_dags/tutorial_objectstorage.py
[2024-03-15T08:08:22.791+0000] {processor.py:830} INFO - Processing file /home/airflow/.local/lib/python3.8/site-packages/airflow/example_dags/tutorial_objectstorage.py for tasks to queue
[2024-03-15T08:08:22.792+0000] {logging_mixin.py:188} INFO - [2024-03-15T08:08:22.792+0000] {dagbag.py:540} INFO - Filling up the DagBag from /home/airflow/.local/lib/python3.8/site-packages/airflow/example_dags/tutorial_objectstorage.py
[2024-03-15T08:08:22.795+0000] {processor.py:840} INFO - DAG(s) 'tutorial_objectstorage' retrieved from /home/airflow/.local/lib/python3.8/site-packages/airflow/example_dags/tutorial_objectstorage.py
[2024-03-15T08:08:22.804+0000] {logging_mixin.py:188} INFO - [2024-03-15T08:08:22.804+0000] {dag.py:3047} INFO - Sync 1 DAGs
[2024-03-15T08:08:22.809+0000] {logging_mixin.py:188} INFO - [2024-03-15T08:08:22.809+0000] {dag.py:3834} INFO - Setting next_dagrun for tutorial_objectstorage to None, run_after=None
[2024-03-15T08:08:22.816+0000] {processor.py:183} INFO - Processing /home/airflow/.local/lib/python3.8/site-packages/airflow/example_dags/tutorial_objectstorage.py took 0.027 seconds
[2024-03-15T08:08:53.112+0000] {processor.py:161} INFO - Started process (PID=502) to work on /home/airflow/.local/lib/python3.8/site-packages/airflow/example_dags/tutorial_objectstorage.py
[2024-03-15T08:08:53.112+0000] {processor.py:830} INFO - Processing file /home/airflow/.local/lib/python3.8/site-packages/airflow/example_dags/tutorial_objectstorage.py for tasks to queue
[2024-03-15T08:08:53.113+0000] {logging_mixin.py:188} INFO - [2024-03-15T08:08:53.113+0000] {dagbag.py:540} INFO - Filling up the DagBag from /home/airflow/.local/lib/python3.8/site-packages/airflow/example_dags/tutorial_objectstorage.py
[2024-03-15T08:08:53.116+0000] {processor.py:840} INFO - DAG(s) 'tutorial_objectstorage' retrieved from /home/airflow/.local/lib/python3.8/site-packages/airflow/example_dags/tutorial_objectstorage.py
[2024-03-15T08:08:53.123+0000] {logging_mixin.py:188} INFO - [2024-03-15T08:08:53.123+0000] {dag.py:3047} INFO - Sync 1 DAGs
[2024-03-15T08:08:53.131+0000] {logging_mixin.py:188} INFO - [2024-03-15T08:08:53.131+0000] {dag.py:3834} INFO - Setting next_dagrun for tutorial_objectstorage to None, run_after=None
[2024-03-15T08:08:53.137+0000] {processor.py:183} INFO - Processing /home/airflow/.local/lib/python3.8/site-packages/airflow/example_dags/tutorial_objectstorage.py took 0.027 seconds
[2024-03-15T08:09:23.442+0000] {processor.py:161} INFO - Started process (PID=557) to work on /home/airflow/.local/lib/python3.8/site-packages/airflow/example_dags/tutorial_objectstorage.py
[2024-03-15T08:09:23.443+0000] {processor.py:830} INFO - Processing file /home/airflow/.local/lib/python3.8/site-packages/airflow/example_dags/tutorial_objectstorage.py for tasks to queue
[2024-03-15T08:09:23.443+0000] {logging_mixin.py:188} INFO - [2024-03-15T08:09:23.443+0000] {dagbag.py:540} INFO - Filling up the DagBag from /home/airflow/.local/lib/python3.8/site-packages/airflow/example_dags/tutorial_objectstorage.py
[2024-03-15T08:09:23.447+0000] {processor.py:840} INFO - DAG(s) 'tutorial_objectstorage' retrieved from /home/airflow/.local/lib/python3.8/site-packages/airflow/example_dags/tutorial_objectstorage.py
[2024-03-15T08:09:23.454+0000] {logging_mixin.py:188} INFO - [2024-03-15T08:09:23.454+0000] {dag.py:3047} INFO - Sync 1 DAGs
[2024-03-15T08:09:23.459+0000] {logging_mixin.py:188} INFO - [2024-03-15T08:09:23.459+0000] {dag.py:3834} INFO - Setting next_dagrun for tutorial_objectstorage to None, run_after=None
[2024-03-15T08:09:23.466+0000] {processor.py:183} INFO - Processing /home/airflow/.local/lib/python3.8/site-packages/airflow/example_dags/tutorial_objectstorage.py took 0.026 seconds
[2024-03-15T08:09:53.957+0000] {processor.py:161} INFO - Started process (PID=612) to work on /home/airflow/.local/lib/python3.8/site-packages/airflow/example_dags/tutorial_objectstorage.py
[2024-03-15T08:09:53.957+0000] {processor.py:830} INFO - Processing file /home/airflow/.local/lib/python3.8/site-packages/airflow/example_dags/tutorial_objectstorage.py for tasks to queue
[2024-03-15T08:09:53.958+0000] {logging_mixin.py:188} INFO - [2024-03-15T08:09:53.958+0000] {dagbag.py:540} INFO - Filling up the DagBag from /home/airflow/.local/lib/python3.8/site-packages/airflow/example_dags/tutorial_objectstorage.py
[2024-03-15T08:09:53.961+0000] {processor.py:840} INFO - DAG(s) 'tutorial_objectstorage' retrieved from /home/airflow/.local/lib/python3.8/site-packages/airflow/example_dags/tutorial_objectstorage.py
[2024-03-15T08:09:53.968+0000] {logging_mixin.py:188} INFO - [2024-03-15T08:09:53.968+0000] {dag.py:3047} INFO - Sync 1 DAGs
[2024-03-15T08:09:53.973+0000] {logging_mixin.py:188} INFO - [2024-03-15T08:09:53.973+0000] {dag.py:3834} INFO - Setting next_dagrun for tutorial_objectstorage to None, run_after=None
[2024-03-15T08:09:53.980+0000] {processor.py:183} INFO - Processing /home/airflow/.local/lib/python3.8/site-packages/airflow/example_dags/tutorial_objectstorage.py took 0.024 seconds
[2024-03-15T08:10:24.344+0000] {processor.py:161} INFO - Started process (PID=667) to work on /home/airflow/.local/lib/python3.8/site-packages/airflow/example_dags/tutorial_objectstorage.py
[2024-03-15T08:10:24.345+0000] {processor.py:830} INFO - Processing file /home/airflow/.local/lib/python3.8/site-packages/airflow/example_dags/tutorial_objectstorage.py for tasks to queue
[2024-03-15T08:10:24.345+0000] {logging_mixin.py:188} INFO - [2024-03-15T08:10:24.345+0000] {dagbag.py:540} INFO - Filling up the DagBag from /home/airflow/.local/lib/python3.8/site-packages/airflow/example_dags/tutorial_objectstorage.py
[2024-03-15T08:10:24.349+0000] {processor.py:840} INFO - DAG(s) 'tutorial_objectstorage' retrieved from /home/airflow/.local/lib/python3.8/site-packages/airflow/example_dags/tutorial_objectstorage.py
[2024-03-15T08:10:24.356+0000] {logging_mixin.py:188} INFO - [2024-03-15T08:10:24.356+0000] {dag.py:3047} INFO - Sync 1 DAGs
[2024-03-15T08:10:24.360+0000] {logging_mixin.py:188} INFO - [2024-03-15T08:10:24.360+0000] {dag.py:3834} INFO - Setting next_dagrun for tutorial_objectstorage to None, run_after=None
[2024-03-15T08:10:24.367+0000] {processor.py:183} INFO - Processing /home/airflow/.local/lib/python3.8/site-packages/airflow/example_dags/tutorial_objectstorage.py took 0.025 seconds
[2024-03-15T08:10:54.668+0000] {processor.py:161} INFO - Started process (PID=722) to work on /home/airflow/.local/lib/python3.8/site-packages/airflow/example_dags/tutorial_objectstorage.py
[2024-03-15T08:10:54.668+0000] {processor.py:830} INFO - Processing file /home/airflow/.local/lib/python3.8/site-packages/airflow/example_dags/tutorial_objectstorage.py for tasks to queue
[2024-03-15T08:10:54.669+0000] {logging_mixin.py:188} INFO - [2024-03-15T08:10:54.669+0000] {dagbag.py:540} INFO - Filling up the DagBag from /home/airflow/.local/lib/python3.8/site-packages/airflow/example_dags/tutorial_objectstorage.py
[2024-03-15T08:10:54.672+0000] {processor.py:840} INFO - DAG(s) 'tutorial_objectstorage' retrieved from /home/airflow/.local/lib/python3.8/site-packages/airflow/example_dags/tutorial_objectstorage.py
[2024-03-15T08:10:54.680+0000] {logging_mixin.py:188} INFO - [2024-03-15T08:10:54.680+0000] {dag.py:3047} INFO - Sync 1 DAGs
[2024-03-15T08:10:54.685+0000] {logging_mixin.py:188} INFO - [2024-03-15T08:10:54.685+0000] {dag.py:3834} INFO - Setting next_dagrun for tutorial_objectstorage to None, run_after=None
[2024-03-15T08:10:54.692+0000] {processor.py:183} INFO - Processing /home/airflow/.local/lib/python3.8/site-packages/airflow/example_dags/tutorial_objectstorage.py took 0.025 seconds
[2024-03-15T08:11:25.132+0000] {processor.py:161} INFO - Started process (PID=777) to work on /home/airflow/.local/lib/python3.8/site-packages/airflow/example_dags/tutorial_objectstorage.py
[2024-03-15T08:11:25.132+0000] {processor.py:830} INFO - Processing file /home/airflow/.local/lib/python3.8/site-packages/airflow/example_dags/tutorial_objectstorage.py for tasks to queue
[2024-03-15T08:11:25.133+0000] {logging_mixin.py:188} INFO - [2024-03-15T08:11:25.133+0000] {dagbag.py:540} INFO - Filling up the DagBag from /home/airflow/.local/lib/python3.8/site-packages/airflow/example_dags/tutorial_objectstorage.py
[2024-03-15T08:11:25.136+0000] {processor.py:840} INFO - DAG(s) 'tutorial_objectstorage' retrieved from /home/airflow/.local/lib/python3.8/site-packages/airflow/example_dags/tutorial_objectstorage.py
[2024-03-15T08:11:25.145+0000] {logging_mixin.py:188} INFO - [2024-03-15T08:11:25.145+0000] {dag.py:3047} INFO - Sync 1 DAGs
[2024-03-15T08:11:25.150+0000] {logging_mixin.py:188} INFO - [2024-03-15T08:11:25.150+0000] {dag.py:3834} INFO - Setting next_dagrun for tutorial_objectstorage to None, run_after=None
[2024-03-15T08:11:25.157+0000] {processor.py:183} INFO - Processing /home/airflow/.local/lib/python3.8/site-packages/airflow/example_dags/tutorial_objectstorage.py took 0.027 seconds
[2024-03-15T08:11:55.636+0000] {processor.py:161} INFO - Started process (PID=832) to work on /home/airflow/.local/lib/python3.8/site-packages/airflow/example_dags/tutorial_objectstorage.py
[2024-03-15T08:11:55.637+0000] {processor.py:830} INFO - Processing file /home/airflow/.local/lib/python3.8/site-packages/airflow/example_dags/tutorial_objectstorage.py for tasks to queue
[2024-03-15T08:11:55.638+0000] {logging_mixin.py:188} INFO - [2024-03-15T08:11:55.638+0000] {dagbag.py:540} INFO - Filling up the DagBag from /home/airflow/.local/lib/python3.8/site-packages/airflow/example_dags/tutorial_objectstorage.py
[2024-03-15T08:11:55.641+0000] {processor.py:840} INFO - DAG(s) 'tutorial_objectstorage' retrieved from /home/airflow/.local/lib/python3.8/site-packages/airflow/example_dags/tutorial_objectstorage.py
[2024-03-15T08:11:55.650+0000] {logging_mixin.py:188} INFO - [2024-03-15T08:11:55.650+0000] {dag.py:3047} INFO - Sync 1 DAGs
[2024-03-15T08:11:55.656+0000] {logging_mixin.py:188} INFO - [2024-03-15T08:11:55.655+0000] {dag.py:3834} INFO - Setting next_dagrun for tutorial_objectstorage to None, run_after=None
[2024-03-15T08:11:55.664+0000] {processor.py:183} INFO - Processing /home/airflow/.local/lib/python3.8/site-packages/airflow/example_dags/tutorial_objectstorage.py took 0.029 seconds
[2024-03-15T08:12:26.213+0000] {processor.py:161} INFO - Started process (PID=887) to work on /home/airflow/.local/lib/python3.8/site-packages/airflow/example_dags/tutorial_objectstorage.py
[2024-03-15T08:12:26.214+0000] {processor.py:830} INFO - Processing file /home/airflow/.local/lib/python3.8/site-packages/airflow/example_dags/tutorial_objectstorage.py for tasks to queue
[2024-03-15T08:12:26.215+0000] {logging_mixin.py:188} INFO - [2024-03-15T08:12:26.215+0000] {dagbag.py:540} INFO - Filling up the DagBag from /home/airflow/.local/lib/python3.8/site-packages/airflow/example_dags/tutorial_objectstorage.py
[2024-03-15T08:12:26.219+0000] {processor.py:840} INFO - DAG(s) 'tutorial_objectstorage' retrieved from /home/airflow/.local/lib/python3.8/site-packages/airflow/example_dags/tutorial_objectstorage.py
[2024-03-15T08:12:26.228+0000] {logging_mixin.py:188} INFO - [2024-03-15T08:12:26.228+0000] {dag.py:3047} INFO - Sync 1 DAGs
[2024-03-15T08:12:26.234+0000] {logging_mixin.py:188} INFO - [2024-03-15T08:12:26.234+0000] {dag.py:3834} INFO - Setting next_dagrun for tutorial_objectstorage to None, run_after=None
[2024-03-15T08:12:26.241+0000] {processor.py:183} INFO - Processing /home/airflow/.local/lib/python3.8/site-packages/airflow/example_dags/tutorial_objectstorage.py took 0.029 seconds
[2024-03-15T08:12:56.567+0000] {processor.py:161} INFO - Started process (PID=942) to work on /home/airflow/.local/lib/python3.8/site-packages/airflow/example_dags/tutorial_objectstorage.py
[2024-03-15T08:12:56.567+0000] {processor.py:830} INFO - Processing file /home/airflow/.local/lib/python3.8/site-packages/airflow/example_dags/tutorial_objectstorage.py for tasks to queue
[2024-03-15T08:12:56.568+0000] {logging_mixin.py:188} INFO - [2024-03-15T08:12:56.568+0000] {dagbag.py:540} INFO - Filling up the DagBag from /home/airflow/.local/lib/python3.8/site-packages/airflow/example_dags/tutorial_objectstorage.py
[2024-03-15T08:12:56.571+0000] {processor.py:840} INFO - DAG(s) 'tutorial_objectstorage' retrieved from /home/airflow/.local/lib/python3.8/site-packages/airflow/example_dags/tutorial_objectstorage.py
[2024-03-15T08:12:56.580+0000] {logging_mixin.py:188} INFO - [2024-03-15T08:12:56.580+0000] {dag.py:3047} INFO - Sync 1 DAGs
[2024-03-15T08:12:56.585+0000] {logging_mixin.py:188} INFO - [2024-03-15T08:12:56.584+0000] {dag.py:3834} INFO - Setting next_dagrun for tutorial_objectstorage to None, run_after=None
[2024-03-15T08:12:56.591+0000] {processor.py:183} INFO - Processing /home/airflow/.local/lib/python3.8/site-packages/airflow/example_dags/tutorial_objectstorage.py took 0.026 seconds
[2024-03-15T08:13:26.815+0000] {processor.py:161} INFO - Started process (PID=997) to work on /home/airflow/.local/lib/python3.8/site-packages/airflow/example_dags/tutorial_objectstorage.py
[2024-03-15T08:13:26.816+0000] {processor.py:830} INFO - Processing file /home/airflow/.local/lib/python3.8/site-packages/airflow/example_dags/tutorial_objectstorage.py for tasks to queue
[2024-03-15T08:13:26.816+0000] {logging_mixin.py:188} INFO - [2024-03-15T08:13:26.816+0000] {dagbag.py:540} INFO - Filling up the DagBag from /home/airflow/.local/lib/python3.8/site-packages/airflow/example_dags/tutorial_objectstorage.py
[2024-03-15T08:13:26.819+0000] {processor.py:840} INFO - DAG(s) 'tutorial_objectstorage' retrieved from /home/airflow/.local/lib/python3.8/site-packages/airflow/example_dags/tutorial_objectstorage.py
[2024-03-15T08:13:26.828+0000] {logging_mixin.py:188} INFO - [2024-03-15T08:13:26.828+0000] {dag.py:3047} INFO - Sync 1 DAGs
[2024-03-15T08:13:26.833+0000] {logging_mixin.py:188} INFO - [2024-03-15T08:13:26.833+0000] {dag.py:3834} INFO - Setting next_dagrun for tutorial_objectstorage to None, run_after=None
[2024-03-15T08:13:26.840+0000] {processor.py:183} INFO - Processing /home/airflow/.local/lib/python3.8/site-packages/airflow/example_dags/tutorial_objectstorage.py took 0.026 seconds
[2024-03-15T08:13:57.154+0000] {processor.py:161} INFO - Started process (PID=1052) to work on /home/airflow/.local/lib/python3.8/site-packages/airflow/example_dags/tutorial_objectstorage.py
[2024-03-15T08:13:57.155+0000] {processor.py:830} INFO - Processing file /home/airflow/.local/lib/python3.8/site-packages/airflow/example_dags/tutorial_objectstorage.py for tasks to queue
[2024-03-15T08:13:57.156+0000] {logging_mixin.py:188} INFO - [2024-03-15T08:13:57.156+0000] {dagbag.py:540} INFO - Filling up the DagBag from /home/airflow/.local/lib/python3.8/site-packages/airflow/example_dags/tutorial_objectstorage.py
[2024-03-15T08:13:57.159+0000] {processor.py:840} INFO - DAG(s) 'tutorial_objectstorage' retrieved from /home/airflow/.local/lib/python3.8/site-packages/airflow/example_dags/tutorial_objectstorage.py
[2024-03-15T08:13:57.166+0000] {logging_mixin.py:188} INFO - [2024-03-15T08:13:57.166+0000] {dag.py:3047} INFO - Sync 1 DAGs
[2024-03-15T08:13:57.170+0000] {logging_mixin.py:188} INFO - [2024-03-15T08:13:57.170+0000] {dag.py:3834} INFO - Setting next_dagrun for tutorial_objectstorage to None, run_after=None
[2024-03-15T08:13:57.176+0000] {processor.py:183} INFO - Processing /home/airflow/.local/lib/python3.8/site-packages/airflow/example_dags/tutorial_objectstorage.py took 0.023 seconds
[2024-03-15T08:14:27.520+0000] {processor.py:161} INFO - Started process (PID=1107) to work on /home/airflow/.local/lib/python3.8/site-packages/airflow/example_dags/tutorial_objectstorage.py
[2024-03-15T08:14:27.520+0000] {processor.py:830} INFO - Processing file /home/airflow/.local/lib/python3.8/site-packages/airflow/example_dags/tutorial_objectstorage.py for tasks to queue
[2024-03-15T08:14:27.521+0000] {logging_mixin.py:188} INFO - [2024-03-15T08:14:27.521+0000] {dagbag.py:540} INFO - Filling up the DagBag from /home/airflow/.local/lib/python3.8/site-packages/airflow/example_dags/tutorial_objectstorage.py
[2024-03-15T08:14:27.523+0000] {processor.py:840} INFO - DAG(s) 'tutorial_objectstorage' retrieved from /home/airflow/.local/lib/python3.8/site-packages/airflow/example_dags/tutorial_objectstorage.py
[2024-03-15T08:14:27.531+0000] {logging_mixin.py:188} INFO - [2024-03-15T08:14:27.531+0000] {dag.py:3047} INFO - Sync 1 DAGs
[2024-03-15T08:14:27.535+0000] {logging_mixin.py:188} INFO - [2024-03-15T08:14:27.535+0000] {dag.py:3834} INFO - Setting next_dagrun for tutorial_objectstorage to None, run_after=None
[2024-03-15T08:14:27.541+0000] {processor.py:183} INFO - Processing /home/airflow/.local/lib/python3.8/site-packages/airflow/example_dags/tutorial_objectstorage.py took 0.023 seconds
[2024-03-15T08:14:57.862+0000] {processor.py:161} INFO - Started process (PID=1162) to work on /home/airflow/.local/lib/python3.8/site-packages/airflow/example_dags/tutorial_objectstorage.py
[2024-03-15T08:14:57.863+0000] {processor.py:830} INFO - Processing file /home/airflow/.local/lib/python3.8/site-packages/airflow/example_dags/tutorial_objectstorage.py for tasks to queue
[2024-03-15T08:14:57.863+0000] {logging_mixin.py:188} INFO - [2024-03-15T08:14:57.863+0000] {dagbag.py:540} INFO - Filling up the DagBag from /home/airflow/.local/lib/python3.8/site-packages/airflow/example_dags/tutorial_objectstorage.py
[2024-03-15T08:14:57.867+0000] {processor.py:840} INFO - DAG(s) 'tutorial_objectstorage' retrieved from /home/airflow/.local/lib/python3.8/site-packages/airflow/example_dags/tutorial_objectstorage.py
[2024-03-15T08:14:57.874+0000] {logging_mixin.py:188} INFO - [2024-03-15T08:14:57.874+0000] {dag.py:3047} INFO - Sync 1 DAGs
[2024-03-15T08:14:57.879+0000] {logging_mixin.py:188} INFO - [2024-03-15T08:14:57.879+0000] {dag.py:3834} INFO - Setting next_dagrun for tutorial_objectstorage to None, run_after=None
[2024-03-15T08:14:57.886+0000] {processor.py:183} INFO - Processing /home/airflow/.local/lib/python3.8/site-packages/airflow/example_dags/tutorial_objectstorage.py took 0.026 seconds
[2024-03-15T08:15:28.222+0000] {processor.py:161} INFO - Started process (PID=1217) to work on /home/airflow/.local/lib/python3.8/site-packages/airflow/example_dags/tutorial_objectstorage.py
[2024-03-15T08:15:28.223+0000] {processor.py:830} INFO - Processing file /home/airflow/.local/lib/python3.8/site-packages/airflow/example_dags/tutorial_objectstorage.py for tasks to queue
[2024-03-15T08:15:28.224+0000] {logging_mixin.py:188} INFO - [2024-03-15T08:15:28.224+0000] {dagbag.py:540} INFO - Filling up the DagBag from /home/airflow/.local/lib/python3.8/site-packages/airflow/example_dags/tutorial_objectstorage.py
[2024-03-15T08:15:28.227+0000] {processor.py:840} INFO - DAG(s) 'tutorial_objectstorage' retrieved from /home/airflow/.local/lib/python3.8/site-packages/airflow/example_dags/tutorial_objectstorage.py
[2024-03-15T08:15:28.235+0000] {logging_mixin.py:188} INFO - [2024-03-15T08:15:28.235+0000] {dag.py:3047} INFO - Sync 1 DAGs
[2024-03-15T08:15:28.240+0000] {logging_mixin.py:188} INFO - [2024-03-15T08:15:28.240+0000] {dag.py:3834} INFO - Setting next_dagrun for tutorial_objectstorage to None, run_after=None
[2024-03-15T08:15:28.247+0000] {processor.py:183} INFO - Processing /home/airflow/.local/lib/python3.8/site-packages/airflow/example_dags/tutorial_objectstorage.py took 0.027 seconds
[2024-03-15T08:15:58.621+0000] {processor.py:161} INFO - Started process (PID=1272) to work on /home/airflow/.local/lib/python3.8/site-packages/airflow/example_dags/tutorial_objectstorage.py
[2024-03-15T08:15:58.621+0000] {processor.py:830} INFO - Processing file /home/airflow/.local/lib/python3.8/site-packages/airflow/example_dags/tutorial_objectstorage.py for tasks to queue
[2024-03-15T08:15:58.622+0000] {logging_mixin.py:188} INFO - [2024-03-15T08:15:58.622+0000] {dagbag.py:540} INFO - Filling up the DagBag from /home/airflow/.local/lib/python3.8/site-packages/airflow/example_dags/tutorial_objectstorage.py
[2024-03-15T08:15:58.625+0000] {processor.py:840} INFO - DAG(s) 'tutorial_objectstorage' retrieved from /home/airflow/.local/lib/python3.8/site-packages/airflow/example_dags/tutorial_objectstorage.py
[2024-03-15T08:15:58.634+0000] {logging_mixin.py:188} INFO - [2024-03-15T08:15:58.634+0000] {dag.py:3047} INFO - Sync 1 DAGs
[2024-03-15T08:15:58.640+0000] {logging_mixin.py:188} INFO - [2024-03-15T08:15:58.640+0000] {dag.py:3834} INFO - Setting next_dagrun for tutorial_objectstorage to None, run_after=None
[2024-03-15T08:15:58.649+0000] {processor.py:183} INFO - Processing /home/airflow/.local/lib/python3.8/site-packages/airflow/example_dags/tutorial_objectstorage.py took 0.030 seconds
[2024-03-15T08:16:28.960+0000] {processor.py:161} INFO - Started process (PID=1327) to work on /home/airflow/.local/lib/python3.8/site-packages/airflow/example_dags/tutorial_objectstorage.py
[2024-03-15T08:16:28.960+0000] {processor.py:830} INFO - Processing file /home/airflow/.local/lib/python3.8/site-packages/airflow/example_dags/tutorial_objectstorage.py for tasks to queue
[2024-03-15T08:16:28.961+0000] {logging_mixin.py:188} INFO - [2024-03-15T08:16:28.961+0000] {dagbag.py:540} INFO - Filling up the DagBag from /home/airflow/.local/lib/python3.8/site-packages/airflow/example_dags/tutorial_objectstorage.py
[2024-03-15T08:16:28.964+0000] {processor.py:840} INFO - DAG(s) 'tutorial_objectstorage' retrieved from /home/airflow/.local/lib/python3.8/site-packages/airflow/example_dags/tutorial_objectstorage.py
[2024-03-15T08:16:28.972+0000] {logging_mixin.py:188} INFO - [2024-03-15T08:16:28.972+0000] {dag.py:3047} INFO - Sync 1 DAGs
[2024-03-15T08:16:28.977+0000] {logging_mixin.py:188} INFO - [2024-03-15T08:16:28.977+0000] {dag.py:3834} INFO - Setting next_dagrun for tutorial_objectstorage to None, run_after=None
[2024-03-15T08:16:28.983+0000] {processor.py:183} INFO - Processing /home/airflow/.local/lib/python3.8/site-packages/airflow/example_dags/tutorial_objectstorage.py took 0.025 seconds
[2024-03-15T08:16:59.271+0000] {processor.py:161} INFO - Started process (PID=1382) to work on /home/airflow/.local/lib/python3.8/site-packages/airflow/example_dags/tutorial_objectstorage.py
[2024-03-15T08:16:59.271+0000] {processor.py:830} INFO - Processing file /home/airflow/.local/lib/python3.8/site-packages/airflow/example_dags/tutorial_objectstorage.py for tasks to queue
[2024-03-15T08:16:59.272+0000] {logging_mixin.py:188} INFO - [2024-03-15T08:16:59.272+0000] {dagbag.py:540} INFO - Filling up the DagBag from /home/airflow/.local/lib/python3.8/site-packages/airflow/example_dags/tutorial_objectstorage.py
[2024-03-15T08:16:59.275+0000] {processor.py:840} INFO - DAG(s) 'tutorial_objectstorage' retrieved from /home/airflow/.local/lib/python3.8/site-packages/airflow/example_dags/tutorial_objectstorage.py
[2024-03-15T08:16:59.283+0000] {logging_mixin.py:188} INFO - [2024-03-15T08:16:59.283+0000] {dag.py:3047} INFO - Sync 1 DAGs
[2024-03-15T08:16:59.288+0000] {logging_mixin.py:188} INFO - [2024-03-15T08:16:59.288+0000] {dag.py:3834} INFO - Setting next_dagrun for tutorial_objectstorage to None, run_after=None
[2024-03-15T08:16:59.295+0000] {processor.py:183} INFO - Processing /home/airflow/.local/lib/python3.8/site-packages/airflow/example_dags/tutorial_objectstorage.py took 0.025 seconds
[2024-03-15T08:17:29.648+0000] {processor.py:161} INFO - Started process (PID=1437) to work on /home/airflow/.local/lib/python3.8/site-packages/airflow/example_dags/tutorial_objectstorage.py
[2024-03-15T08:17:29.649+0000] {processor.py:830} INFO - Processing file /home/airflow/.local/lib/python3.8/site-packages/airflow/example_dags/tutorial_objectstorage.py for tasks to queue
[2024-03-15T08:17:29.649+0000] {logging_mixin.py:188} INFO - [2024-03-15T08:17:29.649+0000] {dagbag.py:540} INFO - Filling up the DagBag from /home/airflow/.local/lib/python3.8/site-packages/airflow/example_dags/tutorial_objectstorage.py
[2024-03-15T08:17:29.652+0000] {processor.py:840} INFO - DAG(s) 'tutorial_objectstorage' retrieved from /home/airflow/.local/lib/python3.8/site-packages/airflow/example_dags/tutorial_objectstorage.py
[2024-03-15T08:17:29.661+0000] {logging_mixin.py:188} INFO - [2024-03-15T08:17:29.661+0000] {dag.py:3047} INFO - Sync 1 DAGs
[2024-03-15T08:17:29.667+0000] {logging_mixin.py:188} INFO - [2024-03-15T08:17:29.667+0000] {dag.py:3834} INFO - Setting next_dagrun for tutorial_objectstorage to None, run_after=None
[2024-03-15T08:17:29.673+0000] {processor.py:183} INFO - Processing /home/airflow/.local/lib/python3.8/site-packages/airflow/example_dags/tutorial_objectstorage.py took 0.027 seconds
[2024-03-15T08:18:00.007+0000] {processor.py:161} INFO - Started process (PID=1492) to work on /home/airflow/.local/lib/python3.8/site-packages/airflow/example_dags/tutorial_objectstorage.py
[2024-03-15T08:18:00.007+0000] {processor.py:830} INFO - Processing file /home/airflow/.local/lib/python3.8/site-packages/airflow/example_dags/tutorial_objectstorage.py for tasks to queue
[2024-03-15T08:18:00.008+0000] {logging_mixin.py:188} INFO - [2024-03-15T08:18:00.008+0000] {dagbag.py:540} INFO - Filling up the DagBag from /home/airflow/.local/lib/python3.8/site-packages/airflow/example_dags/tutorial_objectstorage.py
[2024-03-15T08:18:00.010+0000] {processor.py:840} INFO - DAG(s) 'tutorial_objectstorage' retrieved from /home/airflow/.local/lib/python3.8/site-packages/airflow/example_dags/tutorial_objectstorage.py
[2024-03-15T08:18:00.018+0000] {logging_mixin.py:188} INFO - [2024-03-15T08:18:00.018+0000] {dag.py:3047} INFO - Sync 1 DAGs
[2024-03-15T08:18:00.022+0000] {logging_mixin.py:188} INFO - [2024-03-15T08:18:00.022+0000] {dag.py:3834} INFO - Setting next_dagrun for tutorial_objectstorage to None, run_after=None
[2024-03-15T08:18:00.028+0000] {processor.py:183} INFO - Processing /home/airflow/.local/lib/python3.8/site-packages/airflow/example_dags/tutorial_objectstorage.py took 0.023 seconds
[2024-03-15T08:18:30.460+0000] {processor.py:161} INFO - Started process (PID=1547) to work on /home/airflow/.local/lib/python3.8/site-packages/airflow/example_dags/tutorial_objectstorage.py
[2024-03-15T08:18:30.460+0000] {processor.py:830} INFO - Processing file /home/airflow/.local/lib/python3.8/site-packages/airflow/example_dags/tutorial_objectstorage.py for tasks to queue
[2024-03-15T08:18:30.461+0000] {logging_mixin.py:188} INFO - [2024-03-15T08:18:30.461+0000] {dagbag.py:540} INFO - Filling up the DagBag from /home/airflow/.local/lib/python3.8/site-packages/airflow/example_dags/tutorial_objectstorage.py
[2024-03-15T08:18:30.464+0000] {processor.py:840} INFO - DAG(s) 'tutorial_objectstorage' retrieved from /home/airflow/.local/lib/python3.8/site-packages/airflow/example_dags/tutorial_objectstorage.py
[2024-03-15T08:18:30.471+0000] {logging_mixin.py:188} INFO - [2024-03-15T08:18:30.471+0000] {dag.py:3047} INFO - Sync 1 DAGs
[2024-03-15T08:18:30.476+0000] {logging_mixin.py:188} INFO - [2024-03-15T08:18:30.476+0000] {dag.py:3834} INFO - Setting next_dagrun for tutorial_objectstorage to None, run_after=None
[2024-03-15T08:18:30.482+0000] {processor.py:183} INFO - Processing /home/airflow/.local/lib/python3.8/site-packages/airflow/example_dags/tutorial_objectstorage.py took 0.023 seconds
[2024-03-15T08:19:00.787+0000] {processor.py:161} INFO - Started process (PID=1602) to work on /home/airflow/.local/lib/python3.8/site-packages/airflow/example_dags/tutorial_objectstorage.py
[2024-03-15T08:19:00.788+0000] {processor.py:830} INFO - Processing file /home/airflow/.local/lib/python3.8/site-packages/airflow/example_dags/tutorial_objectstorage.py for tasks to queue
[2024-03-15T08:19:00.792+0000] {logging_mixin.py:188} INFO - [2024-03-15T08:19:00.792+0000] {dagbag.py:540} INFO - Filling up the DagBag from /home/airflow/.local/lib/python3.8/site-packages/airflow/example_dags/tutorial_objectstorage.py
[2024-03-15T08:19:00.796+0000] {processor.py:840} INFO - DAG(s) 'tutorial_objectstorage' retrieved from /home/airflow/.local/lib/python3.8/site-packages/airflow/example_dags/tutorial_objectstorage.py
[2024-03-15T08:19:00.804+0000] {logging_mixin.py:188} INFO - [2024-03-15T08:19:00.804+0000] {dag.py:3047} INFO - Sync 1 DAGs
[2024-03-15T08:19:00.809+0000] {logging_mixin.py:188} INFO - [2024-03-15T08:19:00.809+0000] {dag.py:3834} INFO - Setting next_dagrun for tutorial_objectstorage to None, run_after=None
[2024-03-15T08:19:00.816+0000] {processor.py:183} INFO - Processing /home/airflow/.local/lib/python3.8/site-packages/airflow/example_dags/tutorial_objectstorage.py took 0.031 seconds
[2024-03-15T08:19:31.072+0000] {processor.py:161} INFO - Started process (PID=1657) to work on /home/airflow/.local/lib/python3.8/site-packages/airflow/example_dags/tutorial_objectstorage.py
[2024-03-15T08:19:31.072+0000] {processor.py:830} INFO - Processing file /home/airflow/.local/lib/python3.8/site-packages/airflow/example_dags/tutorial_objectstorage.py for tasks to queue
[2024-03-15T08:19:31.073+0000] {logging_mixin.py:188} INFO - [2024-03-15T08:19:31.073+0000] {dagbag.py:540} INFO - Filling up the DagBag from /home/airflow/.local/lib/python3.8/site-packages/airflow/example_dags/tutorial_objectstorage.py
[2024-03-15T08:19:31.076+0000] {processor.py:840} INFO - DAG(s) 'tutorial_objectstorage' retrieved from /home/airflow/.local/lib/python3.8/site-packages/airflow/example_dags/tutorial_objectstorage.py
[2024-03-15T08:19:31.086+0000] {logging_mixin.py:188} INFO - [2024-03-15T08:19:31.086+0000] {dag.py:3047} INFO - Sync 1 DAGs
[2024-03-15T08:19:31.091+0000] {logging_mixin.py:188} INFO - [2024-03-15T08:19:31.091+0000] {dag.py:3834} INFO - Setting next_dagrun for tutorial_objectstorage to None, run_after=None
[2024-03-15T08:19:31.098+0000] {processor.py:183} INFO - Processing /home/airflow/.local/lib/python3.8/site-packages/airflow/example_dags/tutorial_objectstorage.py took 0.028 seconds
[2024-03-15T08:20:01.425+0000] {processor.py:161} INFO - Started process (PID=1712) to work on /home/airflow/.local/lib/python3.8/site-packages/airflow/example_dags/tutorial_objectstorage.py
[2024-03-15T08:20:01.425+0000] {processor.py:830} INFO - Processing file /home/airflow/.local/lib/python3.8/site-packages/airflow/example_dags/tutorial_objectstorage.py for tasks to queue
[2024-03-15T08:20:01.426+0000] {logging_mixin.py:188} INFO - [2024-03-15T08:20:01.426+0000] {dagbag.py:540} INFO - Filling up the DagBag from /home/airflow/.local/lib/python3.8/site-packages/airflow/example_dags/tutorial_objectstorage.py
[2024-03-15T08:20:01.430+0000] {processor.py:840} INFO - DAG(s) 'tutorial_objectstorage' retrieved from /home/airflow/.local/lib/python3.8/site-packages/airflow/example_dags/tutorial_objectstorage.py
[2024-03-15T08:20:01.437+0000] {logging_mixin.py:188} INFO - [2024-03-15T08:20:01.437+0000] {dag.py:3047} INFO - Sync 1 DAGs
[2024-03-15T08:20:01.442+0000] {logging_mixin.py:188} INFO - [2024-03-15T08:20:01.442+0000] {dag.py:3834} INFO - Setting next_dagrun for tutorial_objectstorage to None, run_after=None
[2024-03-15T08:20:01.448+0000] {processor.py:183} INFO - Processing /home/airflow/.local/lib/python3.8/site-packages/airflow/example_dags/tutorial_objectstorage.py took 0.025 seconds
[2024-03-15T08:20:31.755+0000] {processor.py:161} INFO - Started process (PID=1766) to work on /home/airflow/.local/lib/python3.8/site-packages/airflow/example_dags/tutorial_objectstorage.py
[2024-03-15T08:20:31.756+0000] {processor.py:830} INFO - Processing file /home/airflow/.local/lib/python3.8/site-packages/airflow/example_dags/tutorial_objectstorage.py for tasks to queue
[2024-03-15T08:20:31.757+0000] {logging_mixin.py:188} INFO - [2024-03-15T08:20:31.757+0000] {dagbag.py:540} INFO - Filling up the DagBag from /home/airflow/.local/lib/python3.8/site-packages/airflow/example_dags/tutorial_objectstorage.py
[2024-03-15T08:20:31.760+0000] {processor.py:840} INFO - DAG(s) 'tutorial_objectstorage' retrieved from /home/airflow/.local/lib/python3.8/site-packages/airflow/example_dags/tutorial_objectstorage.py
[2024-03-15T08:20:31.769+0000] {logging_mixin.py:188} INFO - [2024-03-15T08:20:31.768+0000] {dag.py:3047} INFO - Sync 1 DAGs
[2024-03-15T08:20:31.773+0000] {logging_mixin.py:188} INFO - [2024-03-15T08:20:31.773+0000] {dag.py:3834} INFO - Setting next_dagrun for tutorial_objectstorage to None, run_after=None
[2024-03-15T08:20:31.781+0000] {processor.py:183} INFO - Processing /home/airflow/.local/lib/python3.8/site-packages/airflow/example_dags/tutorial_objectstorage.py took 0.027 seconds
[2024-03-15T08:21:02.086+0000] {processor.py:161} INFO - Started process (PID=1821) to work on /home/airflow/.local/lib/python3.8/site-packages/airflow/example_dags/tutorial_objectstorage.py
[2024-03-15T08:21:02.087+0000] {processor.py:830} INFO - Processing file /home/airflow/.local/lib/python3.8/site-packages/airflow/example_dags/tutorial_objectstorage.py for tasks to queue
[2024-03-15T08:21:02.087+0000] {logging_mixin.py:188} INFO - [2024-03-15T08:21:02.087+0000] {dagbag.py:540} INFO - Filling up the DagBag from /home/airflow/.local/lib/python3.8/site-packages/airflow/example_dags/tutorial_objectstorage.py
[2024-03-15T08:21:02.091+0000] {processor.py:840} INFO - DAG(s) 'tutorial_objectstorage' retrieved from /home/airflow/.local/lib/python3.8/site-packages/airflow/example_dags/tutorial_objectstorage.py
[2024-03-15T08:21:02.098+0000] {logging_mixin.py:188} INFO - [2024-03-15T08:21:02.098+0000] {dag.py:3047} INFO - Sync 1 DAGs
[2024-03-15T08:21:02.102+0000] {logging_mixin.py:188} INFO - [2024-03-15T08:21:02.102+0000] {dag.py:3834} INFO - Setting next_dagrun for tutorial_objectstorage to None, run_after=None
[2024-03-15T08:21:02.109+0000] {processor.py:183} INFO - Processing /home/airflow/.local/lib/python3.8/site-packages/airflow/example_dags/tutorial_objectstorage.py took 0.024 seconds
[2024-03-15T08:21:32.372+0000] {processor.py:161} INFO - Started process (PID=1876) to work on /home/airflow/.local/lib/python3.8/site-packages/airflow/example_dags/tutorial_objectstorage.py
[2024-03-15T08:21:32.372+0000] {processor.py:830} INFO - Processing file /home/airflow/.local/lib/python3.8/site-packages/airflow/example_dags/tutorial_objectstorage.py for tasks to queue
[2024-03-15T08:21:32.373+0000] {logging_mixin.py:188} INFO - [2024-03-15T08:21:32.373+0000] {dagbag.py:540} INFO - Filling up the DagBag from /home/airflow/.local/lib/python3.8/site-packages/airflow/example_dags/tutorial_objectstorage.py
[2024-03-15T08:21:32.376+0000] {processor.py:840} INFO - DAG(s) 'tutorial_objectstorage' retrieved from /home/airflow/.local/lib/python3.8/site-packages/airflow/example_dags/tutorial_objectstorage.py
[2024-03-15T08:21:32.384+0000] {logging_mixin.py:188} INFO - [2024-03-15T08:21:32.384+0000] {dag.py:3047} INFO - Sync 1 DAGs
[2024-03-15T08:21:32.388+0000] {logging_mixin.py:188} INFO - [2024-03-15T08:21:32.388+0000] {dag.py:3834} INFO - Setting next_dagrun for tutorial_objectstorage to None, run_after=None
[2024-03-15T08:21:32.394+0000] {processor.py:183} INFO - Processing /home/airflow/.local/lib/python3.8/site-packages/airflow/example_dags/tutorial_objectstorage.py took 0.024 seconds
[2024-03-15T08:22:02.707+0000] {processor.py:161} INFO - Started process (PID=1930) to work on /home/airflow/.local/lib/python3.8/site-packages/airflow/example_dags/tutorial_objectstorage.py
[2024-03-15T08:22:02.708+0000] {processor.py:830} INFO - Processing file /home/airflow/.local/lib/python3.8/site-packages/airflow/example_dags/tutorial_objectstorage.py for tasks to queue
[2024-03-15T08:22:02.708+0000] {logging_mixin.py:188} INFO - [2024-03-15T08:22:02.708+0000] {dagbag.py:540} INFO - Filling up the DagBag from /home/airflow/.local/lib/python3.8/site-packages/airflow/example_dags/tutorial_objectstorage.py
[2024-03-15T08:22:02.711+0000] {processor.py:840} INFO - DAG(s) 'tutorial_objectstorage' retrieved from /home/airflow/.local/lib/python3.8/site-packages/airflow/example_dags/tutorial_objectstorage.py
[2024-03-15T08:22:02.720+0000] {logging_mixin.py:188} INFO - [2024-03-15T08:22:02.720+0000] {dag.py:3047} INFO - Sync 1 DAGs
[2024-03-15T08:22:02.726+0000] {logging_mixin.py:188} INFO - [2024-03-15T08:22:02.726+0000] {dag.py:3834} INFO - Setting next_dagrun for tutorial_objectstorage to None, run_after=None
[2024-03-15T08:22:02.735+0000] {processor.py:183} INFO - Processing /home/airflow/.local/lib/python3.8/site-packages/airflow/example_dags/tutorial_objectstorage.py took 0.029 seconds
[2024-03-15T08:22:33.034+0000] {processor.py:161} INFO - Started process (PID=1985) to work on /home/airflow/.local/lib/python3.8/site-packages/airflow/example_dags/tutorial_objectstorage.py
[2024-03-15T08:22:33.035+0000] {processor.py:830} INFO - Processing file /home/airflow/.local/lib/python3.8/site-packages/airflow/example_dags/tutorial_objectstorage.py for tasks to queue
[2024-03-15T08:22:33.036+0000] {logging_mixin.py:188} INFO - [2024-03-15T08:22:33.035+0000] {dagbag.py:540} INFO - Filling up the DagBag from /home/airflow/.local/lib/python3.8/site-packages/airflow/example_dags/tutorial_objectstorage.py
[2024-03-15T08:22:33.039+0000] {processor.py:840} INFO - DAG(s) 'tutorial_objectstorage' retrieved from /home/airflow/.local/lib/python3.8/site-packages/airflow/example_dags/tutorial_objectstorage.py
[2024-03-15T08:22:33.046+0000] {logging_mixin.py:188} INFO - [2024-03-15T08:22:33.046+0000] {dag.py:3047} INFO - Sync 1 DAGs
[2024-03-15T08:22:33.052+0000] {logging_mixin.py:188} INFO - [2024-03-15T08:22:33.052+0000] {dag.py:3834} INFO - Setting next_dagrun for tutorial_objectstorage to None, run_after=None
[2024-03-15T08:22:33.058+0000] {processor.py:183} INFO - Processing /home/airflow/.local/lib/python3.8/site-packages/airflow/example_dags/tutorial_objectstorage.py took 0.026 seconds
[2024-03-15T08:23:03.528+0000] {processor.py:161} INFO - Started process (PID=2040) to work on /home/airflow/.local/lib/python3.8/site-packages/airflow/example_dags/tutorial_objectstorage.py
[2024-03-15T08:23:03.529+0000] {processor.py:830} INFO - Processing file /home/airflow/.local/lib/python3.8/site-packages/airflow/example_dags/tutorial_objectstorage.py for tasks to queue
[2024-03-15T08:23:03.529+0000] {logging_mixin.py:188} INFO - [2024-03-15T08:23:03.529+0000] {dagbag.py:540} INFO - Filling up the DagBag from /home/airflow/.local/lib/python3.8/site-packages/airflow/example_dags/tutorial_objectstorage.py
[2024-03-15T08:23:03.533+0000] {processor.py:840} INFO - DAG(s) 'tutorial_objectstorage' retrieved from /home/airflow/.local/lib/python3.8/site-packages/airflow/example_dags/tutorial_objectstorage.py
[2024-03-15T08:23:03.541+0000] {logging_mixin.py:188} INFO - [2024-03-15T08:23:03.541+0000] {dag.py:3047} INFO - Sync 1 DAGs
[2024-03-15T08:23:03.546+0000] {logging_mixin.py:188} INFO - [2024-03-15T08:23:03.546+0000] {dag.py:3834} INFO - Setting next_dagrun for tutorial_objectstorage to None, run_after=None
[2024-03-15T08:23:03.553+0000] {processor.py:183} INFO - Processing /home/airflow/.local/lib/python3.8/site-packages/airflow/example_dags/tutorial_objectstorage.py took 0.027 seconds
[2024-03-15T08:23:34.056+0000] {processor.py:161} INFO - Started process (PID=2094) to work on /home/airflow/.local/lib/python3.8/site-packages/airflow/example_dags/tutorial_objectstorage.py
[2024-03-15T08:23:34.057+0000] {processor.py:830} INFO - Processing file /home/airflow/.local/lib/python3.8/site-packages/airflow/example_dags/tutorial_objectstorage.py for tasks to queue
[2024-03-15T08:23:34.057+0000] {logging_mixin.py:188} INFO - [2024-03-15T08:23:34.057+0000] {dagbag.py:540} INFO - Filling up the DagBag from /home/airflow/.local/lib/python3.8/site-packages/airflow/example_dags/tutorial_objectstorage.py
[2024-03-15T08:23:34.060+0000] {processor.py:840} INFO - DAG(s) 'tutorial_objectstorage' retrieved from /home/airflow/.local/lib/python3.8/site-packages/airflow/example_dags/tutorial_objectstorage.py
[2024-03-15T08:23:34.068+0000] {logging_mixin.py:188} INFO - [2024-03-15T08:23:34.068+0000] {dag.py:3047} INFO - Sync 1 DAGs
[2024-03-15T08:23:34.073+0000] {logging_mixin.py:188} INFO - [2024-03-15T08:23:34.073+0000] {dag.py:3834} INFO - Setting next_dagrun for tutorial_objectstorage to None, run_after=None
[2024-03-15T08:23:34.079+0000] {processor.py:183} INFO - Processing /home/airflow/.local/lib/python3.8/site-packages/airflow/example_dags/tutorial_objectstorage.py took 0.025 seconds
